[00:03:22] << AntiCheat: [26]Nick_Vitale - Jármû teleport: 510 (vehDist: 74, pla2veh: 2) - 1x >>
[00:33:40] << AntiCheat: Jármûbe beteleportálás: [17]Mike_O_Neill - 0mp >>
[02:29:12] << AntiCheat bejelentés - [17]Marcell_O_Neill - cheat: CarFlood - 1x >>
[06:19:38] << AntiCheat bejelentés - [9]Atsuya_D_Freeman - cheat: CarFlood - 1x >>
[06:19:45] << AntiCheat bejelentés - [9]Atsuya_D_Freeman - cheat: CarFlood - 1x >>
[09:13:05] << AntiCheat: Jármûbe beteleportálás: [37]Gaspar_David - 0mp >>
[09:17:02] << AntiCheat bejelentés - [37]Gaspar_David - cheat: CarFlood - 1x >>
[09:37:28] << AntiCheat bejelentés - [49]Chris_S_Black - cheat: CarFlood - 1x >>
[10:17:51] << AntiCheat bejelentés - [51]Kazuyoshi_Akira - cheat: CarFlood - 1x >>
[10:17:55] << AntiCheat bejelentés - [51]Kazuyoshi_Akira - cheat: CarFlood - 1x >>
[10:29:18] << AntiCheat bejelentés - [28]Krist_Roscoe - cheat: CarFlood - 1x >>
[10:40:58] << AntiCheat bejelentés - [52]John_Lawrence - cheat: CarFlood - 1x >>
[10:55:47] << AntiCheat: Jármûbe beteleportálás: [34]Strong_D_Black - 0mp >>
[11:08:59] << AntiCheat bejelentés - [19]Carlos_D_Surenos - cheat: CarFlood - 1x >>
[11:09:08] << AntiCheat: Jármûbe beteleportálás: [56]Blake_Browns - 0mp >>
[11:11:47] << AntiCheat bejelentés - [40]Nelson_Washington - cheat: CarFlood - 1x >>
[11:19:22] << AntiCheat: [40]Nelson_Washington - Jármû teleport: 56 (vehDist: 71, pla2veh: 1) - 1x >>
[11:19:22] << AntiCheat: [40]Nelson_Washington - Jármû teleport: 56 (vehDist: 71, pla2veh: 1) - 2x >>
[11:19:49] << AntiCheat: Jármûbe beteleportálás: [29]Costa_Miles - 0mp >>
[11:22:58] << Nem vett elõ fegyvert, mégis van nála: [25]Cristofer_Francesko - AK47[232] >>
[11:23:44] << Nem vett elõ fegyvert, mégis van nála: [35]Denny_Toretto - M4[200] >>
[11:25:31] << AntiCheat bejelentés - [34]Keny_Da_Silva - cheat: CarFlood - 1x >>
[11:25:34] << AntiCheat bejelentés - [34]Keny_Da_Silva - cheat: CarFlood - 1x >>
[11:27:12] << AntiCheat: Jármûbe beteleportálás: [19]Norbert_N_Ortega - 5mp >>
[11:31:16] << AntiCheat: Jármûbe beteleportálás: [34]Marcel_B_Hollywood - 5mp >>
[11:40:16] << AntiCheat bejelentés - [18]Nadasi_Gyorgy - cheat: CarFlood - 1x >>
[12:07:35] << Nem vett elõ fegyvert, mégis van nála: [44]Nelson_Washington - MP5[200] >>
[12:10:23] << AntiCheat: Jármûbe beteleportálás: [53]William_Leroy - 0mp >>
[12:34:12] << AntiCheat: [30]Dave_Stinson - Jármû teleport: 321 (vehDist: 18, pla2veh: 4) - 1x >>
[12:45:58] << AntiCheat bejelentés - [35]Akos_B_Gates - cheat: CarFlood - 1x >>
[12:47:18] << AntiCheat bejelentés - [35]Akos_B_Gates - cheat: CarFlood - 1x >>
[12:50:31] << AntiCheat bejelentés - [42]Calvin_C_Broadus - cheat: CarFlood - 1x >>
[12:52:16] << AntiCheat: Jármûbe beteleportálás: [48]Adele_Scaletta - 3mp >>
[13:01:27] << AntiCheat bejelentés - [50]Diaz_Freeman - cheat: CarFlood - 1x >>
[13:02:11] << AntiCheat: Jármûbe beteleportálás: [9]Bruce_Inferno - 5mp >>
[13:12:00] << AntiCheat bejelentés - [56]Antonn_Fedorov - cheat: CarFlood - 1x >>
[13:12:03] << AntiCheat bejelentés - [56]Antonn_Fedorov - cheat: CarFlood - 1x >>
[13:12:07] << AntiCheat bejelentés - [56]Antonn_Fedorov - cheat: CarFlood - 1x >>
[13:12:16] << AntiCheat bejelentés - [56]Antonn_Fedorov - cheat: CarFlood - 1x >>
[13:12:19] << AntiCheat bejelentés - [56]Antonn_Fedorov - cheat: CarFlood - 1x >>
[13:27:10] << AntiCheat bejelentés - [19]Tom_Torres - cheat: CarFlood - 1x >>
[13:35:47] << AntiCheat: Jármûbe beteleportálás: [19]Tom_Torres - 4mp >>
[13:36:31] << AntiCheat bejelentés - [38]Diaz_Freeman - cheat: CarFlood - 1x >>
[13:53:21] << Joypad: [70]Tom_Mulex >>
[13:56:08] << AntiCheat bejelentés - [79]Lorand_Vincenzo - cheat: CarFlood - 1x >>
[13:58:32] << AntiCheat bejelentés - [21]Steve_Aoki - cheat: CarFlood - 1x >>
[14:03:48] << AntiCheat bejelentés - [19]Wolczyk_T_Sorrentino - cheat: CarFlood - 1x >>
[14:04:06] << AntiCheat: Jármûbe beteleportálás: [39]Patrik_O_Neill - 0mp >>
[14:04:06] << AntiCheat bejelentés - [39]Patrik_O_Neill - cheat: CarFlood - 1x >>
[14:16:05] << AntiCheat bejelentés - [24]Ernesto_Surenos - cheat: CarFlood - 1x >>
[14:16:58] << AntiCheat: [30]Joshue_White - Jármû teleport: 234 (vehDist: 68, pla2veh: 3) - 1x >>
[14:26:35] << Joypad: [70]Hanzon_Soprano >>
[14:29:38] << AntiCheat: Jármûbe beteleportálás: [39]Patrik_O_Neill - 0mp >>
[14:29:38] << AntiCheat bejelentés - [39]Patrik_O_Neill - cheat: CarFlood - 1x >>
[14:31:16] << AntiCheat: [35]Chris_S_Black - Jármû teleport: 223 (vehDist: 15, pla2veh: 1) - 1x >>
[14:31:30] << AntiCheat: Jármûbe beteleportálás: [58]Dom_Wheeler - 0mp >>
[14:39:27] << AntiCheat bejelentés - [64]Niki_Freeman - cheat: CarFlood - 1x >>
[14:39:51] << AntiCheat bejelentés - [57]Ernesto_Surenos - cheat: CarFlood - 1x >>
[14:48:19] << AntiCheat: Jármûbe beteleportálás: [39]Patrik_O_Neill - 0mp >>
[14:48:19] << AntiCheat bejelentés - [39]Patrik_O_Neill - cheat: CarFlood - 1x >>
[14:50:59] << AntiCheat bejelentés - [52]Ventura_Zecchin - cheat: CarFlood - 1x >>
[15:06:04] << AntiCheat bejelentés - [58]Gabor_Johnson - cheat: CarFlood - 1x >>
[15:06:10] << AntiCheat: Jármûbe beteleportálás: [55]Cseh_Adam - 0mp >>
[15:09:32] << AntiCheat bejelentés - [53]Freddie_B_Scaletta - cheat: CarFlood - 1x >>
[15:15:34] << AntiCheat bejelentés - [84]Wolczyk_T_Sorrentino - cheat: CarFlood - 1x >>
[15:15:38] << AntiCheat bejelentés - [84]Wolczyk_T_Sorrentino - cheat: CarFlood - 1x >>
[15:26:32] << AntiCheat: [86]Blake_B_Salvatore - Jármû teleport: 1062 (vehDist: 74, pla2veh: 1) - 1x >>
[15:54:23] << AntiCheat bejelentés - [43]Sergei_B_Dueno - cheat: CarFlood - 1x >>
[15:59:46] << AntiCheat: Jármûbe beteleportálás: [64]Wolczyk_T_Sorrentino - 5mp >>
[16:22:46] << AntiCheat: Jármûbe beteleportálás: [60]Henrik_Sedin - 4mp >>
[16:24:26] << AntiCheat bejelentés - [55]Ryan_B_Mike - cheat: CarFlood - 1x >>
[16:27:14] << AntiCheat bejelentés - [66]Johny_Morales - cheat: CarFlood - 1x >>
[16:32:29] << Több lõszere van a kelleténél: [44]George_B_Hollywood - Baseball: kellene: 0, van: 1 >>
[16:36:03] << AntiCheat bejelentés - [80]Chris_Harris - cheat: CarFlood - 1x >>
[16:41:45] << AntiCheat bejelentés - [43]Markus_D_Zecchin - cheat: CarFlood - 1x >>
[16:41:51] << Joypad: [81]Tom_Mulex >>
[16:45:48] << AntiCheat bejelentés - [36]Sergei_B_Dueno - cheat: CarFlood - 1x >>
[16:50:35] << AntiCheat bejelentés - [74]Denny_Toretto - cheat: CarFlood - 1x >>
[16:51:33] << AntiCheat: Jármûbe beteleportálás: [20]Dan_B_Hollywood - 0mp >>
[16:55:38] << AntiCheat bejelentés - [75]Ernesto_Surenos - cheat: CarFlood - 1x >>
[16:55:54] << AntiCheat: Jármûbe beteleportálás: [73]Vito_D_Brasco - 0mp >>
[16:55:54] << AntiCheat: Jármûbe beteleportálás: [73]Vito_D_Brasco - 0mp >>
[16:55:59] << AntiCheat: Jármûbe beteleportálás: [73]Vito_D_Brasco - 0mp >>
[16:56:09] << AntiCheat: Jármûbe beteleportálás: [73]Vito_D_Brasco - 0mp >>
[16:57:15] << AntiCheat: Jármûbe beteleportálás: [73]Vito_D_Brasco - 0mp >>
[16:57:20] << AntiCheat: Jármûbe beteleportálás: [73]Vito_D_Brasco - 0mp >>
[17:12:06] << AntiCheat: Jármûbe beteleportálás: [42]Mark_B_Hollywood - 3mp >>
[17:29:12] << AntiCheat bejelentés - [34]Lesley_Antony - cheat: CarFlood - 1x >>
[17:52:34] << AntiCheat bejelentés - [66]Mike_Scaletta - cheat: CarFlood - 1x >>
[17:52:39] << AntiCheat bejelentés - [66]Mike_Scaletta - cheat: CarFlood - 1x >>
[17:55:23] << AntiCheat: Jármûbe beteleportálás: [28]Pekano_S_Barett - 0mp >>
[17:57:20] << AntiCheat: Jármûbe beteleportálás: [43]Joe_Wheeler - 0mp >>
[18:07:26] << AntiCheat bejelentés - [34]Lesley_Antony - cheat: CarFlood - 1x >>
[18:17:53] << AntiCheat bejelentés - [86]Santos_O_Neill - cheat: CarFlood - 1x >>
[18:23:06] << AntiCheat bejelentés - [26]Jason_Aciano - cheat: CarFlood - 1x >>
[18:23:08] << AntiCheat bejelentés - [26]Jason_Aciano - cheat: CarFlood - 1x >>
[18:23:58] << AntiCheat: Jármûbe beteleportálás: [45]Ralf_S_Tomasso - 4mp >>
[18:44:42] << AntiCheat: [28]Tyler_Gregory - Jármû teleport: 159 (vehDist: 18, pla2veh: 4) - 1x >>
[18:49:03] << AntiCheat: [75]Krisztofer_Vincenzo - Jármû teleport: 123 (vehDist: 18, pla2veh: 2) - 1x >>
[18:56:42] << AntiCheat: Jármûbe beteleportálás: [45]Johan_B_Black - 0mp >>
[18:58:21] << AntiCheat: Jármûbe beteleportálás: [34]Lesley_Antony - 0mp >>
[19:00:25] << AntiCheat: Jármûbe beteleportálás: [19]Mate_Richard - 0mp >>
[19:00:25] << AntiCheat bejelentés - [19]Mate_Richard - cheat: CarFlood - 1x >>
[19:00:26] << AntiCheat: Jármûbe beteleportálás: [19]Mate_Richard - 0mp >>
[19:00:31] << AntiCheat: Jármûbe beteleportálás: [50]Leone_S_Tomasso - 0mp >>
[19:01:41] << AntiCheat: Jármûbe beteleportálás: [19]Mate_Richard - 0mp >>
[19:01:41] << AntiCheat bejelentés - [19]Mate_Richard - cheat: CarFlood - 1x >>
[19:05:47] << AntiCheat bejelentés - [58]Ryan_B_Mike - cheat: CarFlood - 1x >>
[19:08:56] << AntiCheat bejelentés - [84]Steve_Aoki - cheat: CarFlood - 1x >>
[19:09:28] << AntiCheat bejelentés - [45]Mate_Richard - cheat: CarFlood - 1x >>
[19:10:31] << AntiCheat: Jármûbe beteleportálás: [87]Tom_Zecchin - 0mp >>
[19:22:24] << AntiCheat bejelentés - [56]Wolczyk_T_Sorrentino - cheat: CarFlood - 1x >>
[19:22:28] << AntiCheat bejelentés - [56]Wolczyk_T_Sorrentino - cheat: CarFlood - 1x >>
[19:22:28] << AntiCheat bejelentés - [17]Ryan_B_Mike - cheat: CarFlood - 1x >>
[19:22:32] << AntiCheat bejelentés - [17]Ryan_B_Mike - cheat: CarFlood - 1x >>
[19:22:41] << AntiCheat bejelentés - [17]Ryan_B_Mike - cheat: CarFlood - 1x >>
[19:32:33] << AntiCheat: Jármûbe beteleportálás: [33]Nelson_Washington - 0mp >>
[19:36:24] << AntiCheat bejelentés - [46]Bruce_Inferno - cheat: CarFlood - 1x >>
[19:36:40] << AntiCheat bejelentés - [74]Connor_O_Neill - cheat: CarFlood - 1x >>
[19:37:38] << AntiCheat bejelentés - [41]James_Creed - cheat: CarFlood - 1x >>
[19:53:27] << AntiCheat bejelentés - [26]Gaspar_David - cheat: CarFlood - 1x >>
[20:19:51] << AntiCheat bejelentés - [34]Lesley_Antony - cheat: CarFlood - 1x >>
[20:40:07] << AntiCheat: Jármûbe beteleportálás: [45]Mate_Richard - 5mp >>
[20:45:34] << AntiCheat bejelentés - [47]Max_D_Freeman - cheat: CarFlood - 1x >>
[20:49:11] << AntiCheat bejelentés - [101]Doboska_Endre - cheat: CarFlood - 1x >>
[20:49:20] << AntiCheat bejelentés - [101]Doboska_Endre - cheat: CarFlood - 1x >>
[20:49:46] << AntiCheat bejelentés - [33]Kristaly_Zoltan - cheat: CarFlood - 1x >>
[20:56:45] << AntiCheat bejelentés - [103]Steve_Connor - cheat: CarFlood - 1x >>
[20:58:25] << AntiCheat: Jármûbe beteleportálás: [33]Wolczyk_T_Sorrentino - 3mp >>
[21:14:38] << AntiCheat bejelentés - [22]Charlie_Leanders - cheat: CarFlood - 1x >>
[21:17:45] << AntiCheat bejelentés - [80]Markus_D_Zecchin - cheat: CarFlood - 1x >>
[21:19:53] << AntiCheat bejelentés - [36]Cseh_Adam - cheat: CarFlood - 1x >>
[21:29:25] << AntiCheat bejelentés - [90]Oze_Roland - cheat: CarFlood - 1x >>
[21:29:29] << AntiCheat bejelentés - [90]Oze_Roland - cheat: CarFlood - 1x >>
[21:31:14] << AntiCheat bejelentés - [32]Emma_Stone - cheat: CarFlood - 1x >>
[21:31:36] << AntiCheat bejelentés - [32]Emma_Stone - cheat: CarFlood - 1x >>
[21:35:37] << AntiCheat bejelentés - [76]Bent_Washington - cheat: CarFlood - 1x >>
[21:38:36] << AntiCheat bejelentés - [43]Johny_Morales - cheat: CarFlood - 1x >>
[21:40:26] << AntiCheat bejelentés - [86]Ventura_Zecchin - cheat: CarFlood - 1x >>
[21:46:11] << AntiCheat bejelentés - [55]Kazuyoshi_Akira - cheat: CarFlood - 1x >>
[21:52:04] << AntiCheat: [21]Zero_Hopkins - Jármû teleport: 159 (vehDist: 16, pla2veh: 4) - 1x >>
[21:52:45] << Több lõszere van a kelleténél: [60]Jim_Handerson - Fire: kellene: 6015, van: 6042 >>
[22:02:21] << AntiCheat: [93]Johan_B_Black - Jármû teleport: 219 (vehDist: 26, pla2veh: 3) - 1x >>
[22:10:00] << AntiCheat bejelentés - [30]Bruce_Inferno - cheat: CarFlood - 1x >>
[22:12:22] << AntiCheat bejelentés - [30]Bruce_Inferno - cheat: CarFlood - 1x >>
[22:12:43] << Több lõszere van a kelleténél: [54]Jim_Handerson - Fire: kellene: 3716, van: 3732 >>
[22:15:44] << AntiCheat: Jármûbe beteleportálás: [30]Bruce_Inferno - 4mp >>
[22:31:17] << AntiCheat: [22]Charlie_Leanders - Jármû teleport: 316 (vehDist: 15, pla2veh: 4) - 1x >>
[22:31:17] << AntiCheat: [22]Charlie_Leanders - Jármû teleport: 316 (vehDist: 24, pla2veh: 4) - 2x >>
[22:38:03] << AntiCheat: [40]Connor_O_Neill - Jármû teleport: 146 (vehDist: 32, pla2veh: 2) - 1x >>
[22:43:43] << AntiCheat: Jármûbe beteleportálás: [88]Ralf_S_Tomasso - 2mp >>
[22:44:56] << AntiCheat bejelentés - [21]Zero_Hopkins - cheat: CarFlood - 1x >>
[22:48:10] << AntiCheat: Jármûbe beteleportálás: [21]Zero_Hopkins - 0mp >>
[22:52:18] << AntiCheat bejelentés - [27]Don_Sorrentino - cheat: CarFlood - 1x >>
[22:52:18] << AntiCheat bejelentés - [78]Daniel_Scaletta - cheat: CarFlood - 1x >>
[23:20:01] << AntiCheat bejelentés - [17]Akos_White - cheat: CarFlood - 1x >>
[23:42:38] << AntiCheat: Jármûbe beteleportálás: [33]Adele_Scaletta - 5mp >>
[23:46:43] << AntiCheat: Jármûbe beteleportálás: [47]Phil_Stinson - 4mp >>
