[00:12:43] << AntiCheat bejelentés - [24]Levy_B_Hollywood - cheat: CarFlood - 1x >>
[00:26:02] << AntiCheat bejelentés - [27]Marcell_O_Neill - cheat: CarFlood - 1x >>
[00:27:47] << AntiCheat bejelentés - [27]Marcell_O_Neill - cheat: CarFlood - 1x >>
[00:52:02] << AntiCheat bejelentés - [34]Yamato_Bosco - cheat: CarFlood - 1x >>
[00:52:05] << AntiCheat bejelentés - [34]Yamato_Bosco - cheat: CarFlood - 1x >>
[00:58:16] << AntiCheat bejelentés - [27]Marcell_O_Neill - cheat: CarFlood - 1x >>
[02:25:35] << AntiCheat: Jármûbe beteleportálás: [9]Connor_O_Neill - 0mp >>
[06:05:40] << AntiCheat bejelentés - [9]Paul_D_Cortez - cheat: CarFlood - 1x >>
[08:04:26] << AntiCheat: Jármûbe beteleportálás: [9]Akos_B_Gates - 0mp >>
[09:12:49] << AntiCheat bejelentés - [32]Ryan_B_Mike - cheat: CarFlood - 1x >>
[09:12:53] << AntiCheat bejelentés - [32]Ryan_B_Mike - cheat: CarFlood - 1x >>
[09:13:02] << AntiCheat bejelentés - [32]Ryan_B_Mike - cheat: CarFlood - 1x >>
[09:38:34] << AntiCheat: Jármûbe beteleportálás: [42]Harold_G_Freeman - 5mp >>
[10:05:40] << Joypad: [19]Tom_Mulex >>
[10:34:51] << AntiCheat bejelentés - [39]Jason_Aciano - cheat: CarFlood - 1x >>
[10:59:39] << AntiCheat bejelentés - [22]Johny_Morales - cheat: CarFlood - 1x >>
[11:11:34] << Joypad: [55]Tom_Mulex >>
[11:23:06] << AntiCheat: [48]Csaki_Gergo - Jármû teleport: 190 (vehDist: 27, pla2veh: 2) - 1x >>
[11:43:00] << AntiCheat: [41]Denny_Toretto - Jármû teleport: 299 (vehDist: 144, pla2veh: 3) - 1x >>
[11:43:26] << AntiCheat bejelentés - [22]Johny_Morales - cheat: CarFlood - 1x >>
[11:44:57] << AntiCheat bejelentés - [69]Terno_Tommys - cheat: CarFlood - 1x >>
[11:49:05] << Joypad: [61]Hanzon_Soprano >>
[11:52:52] << AntiCheat: Jármûbe beteleportálás: [36]Kevin_S_Tomasso - 0mp >>
[12:41:02] << AntiCheat bejelentés - [22]John_Kelin - cheat: CarFlood - 1x >>
[12:48:59] << Joypad: [41]Tom_Mulex >>
[13:48:00] << AntiCheat: Jármûbe beteleportálás: [27]Don_Sorrentino - 5mp >>
[13:52:47] << AntiCheat bejelentés - [61]Fekete_Erik - cheat: CarFlood - 1x >>
[13:57:44] << AntiCheat bejelentés - [22]John_Kelin - cheat: CarFlood - 1x >>
[14:16:35] << AntiCheat bejelentés - [49]Diego_Aciano - cheat: CarFlood - 1x >>
[14:18:08] << AntiCheat: Jármûbe beteleportálás: [27]Don_Sorrentino - 3mp >>
[14:33:29] << AntiCheat: [41]Matt_Creed - Jármû teleport: 798 (vehDist: 28, pla2veh: 1) - 1x >>
[14:45:39] << AntiCheat bejelentés - [61]Kiraly_Hunor - cheat: CarFlood - 1x >>
[14:45:57] << AntiCheat: Jármûbe beteleportálás: [44]Thomas_Berzerk - 0mp >>
[14:57:59] << AntiCheat bejelentés - [61]Kiraly_Hunor - cheat: CarFlood - 1x >>
[15:14:47] << AntiCheat bejelentés - [61]Kiraly_Hunor - cheat: CarFlood - 1x >>
[15:15:15] << AntiCheat bejelentés - [19]Lesley_Antony - cheat: CarFlood - 1x >>
[15:25:55] << AntiCheat: [44]Max_Sorrentino - Jármû teleport: 503 (vehDist: 19, pla2veh: 2) - 1x >>
[15:28:48] << AntiCheat: Jármûbe beteleportálás: [60]Daniel_Davis - 0mp >>
[15:44:35] << AntiCheat: Jármûbe beteleportálás: [73]Pekano_S_Barett - 5mp >>
[15:49:56] << AntiCheat: Jármûbe beteleportálás: [26]Thomas_Berzerk - 5mp >>
[15:54:26] << AntiCheat bejelentés - [70]Joker_Surenos - cheat: CarFlood - 1x >>
[15:58:52] << Joypad: [79]Jason_O_Neill >>
[16:25:49] << AntiCheat: [61]Kazuyoshi_Akira - Jármû teleport: 765 (vehDist: 21, pla2veh: 2) - 1x >>
[16:41:49] << AntiCheat bejelentés - [22]Ryan_Lennox - cheat: CarFlood - 1x >>
[16:43:39] << AntiCheat: Jármûbe beteleportálás: [43]Costa_Miles - 0mp >>
[16:47:58] << AntiCheat: Jármûbe beteleportálás: [47]Max_D_Freeman - 0mp >>
[16:49:04] << AntiCheat: Jármûbe beteleportálás: [54]Brandon_Toretto - 0mp >>
[17:07:49] << AntiCheat bejelentés - [39]Max_Sorrentino - cheat: CarFlood - 1x >>
[17:09:47] << Joypad: [28]Tom_Mulex >>
[17:27:48] << AntiCheat: Jármûbe beteleportálás: [49]Nagy_Richard - 0mp >>
[17:31:22] << AntiCheat: Jármûbe beteleportálás: [48]Connor_O_Neill - 0mp >>
[17:31:22] << AntiCheat bejelentés - [48]Connor_O_Neill - cheat: CarFlood - 1x >>
[17:40:30] << Joypad: [18]Tom_Mulex >>
[17:42:03] << AntiCheat bejelentés - [51]James_Creed - cheat: CarFlood - 1x >>
[17:42:14] << AntiCheat: Jármûbe beteleportálás: [79]Bryan_B_Hollywood - 5mp >>
[17:54:18] << AntiCheat: Jármûbe beteleportálás: [83]Nagy_Richard - 0mp >>
[17:56:10] << AntiCheat: Jármûbe beteleportálás: [83]Nagy_Richard - 0mp >>
[17:59:52] << AntiCheat: Jármûbe beteleportálás: [53]Valor_Colin - 0mp >>
[18:02:48] << AntiCheat: Jármûbe beteleportálás: [83]Nagy_Richard - 0mp >>
[18:09:39] << AntiCheat: Jármûbe beteleportálás: [56]Ernesto_Surenos - 0mp >>
[18:12:52] << Joypad: [77]Tom_Mulex >>
[18:22:59] << AntiCheat bejelentés - [26]Sergei_B_Dueno - cheat: CarFlood - 1x >>
[18:23:37] << AntiCheat bejelentés - [61]Kazuyoshi_Akira - cheat: CarFlood - 1x >>
[18:30:19] << AntiCheat bejelentés - [18]Akos_Vincenzo - cheat: CarFlood - 1x >>
[18:36:04] << AntiCheat bejelentés - [46]Szekely_Klara - cheat: CarFlood - 1x >>
[18:45:10] << AntiCheat: Jármûbe beteleportálás: [54]Harold_G_Freeman - 0mp >>
[18:47:59] << AntiCheat: Jármûbe beteleportálás: [54]Harold_G_Freeman - 0mp >>
[19:08:32] << AntiCheat bejelentés - [48]Daniel_Scaletta - cheat: CarFlood - 1x >>
[19:26:07] << AntiCheat: [19]Damien_Creed - Jármû teleport: 623 (vehDist: 16, pla2veh: 1) - 1x >>
[19:31:52] << AntiCheat: Jármûbe beteleportálás: [81]Ernesto_Surenos - 0mp >>
[19:34:45] << AntiCheat: Jármûbe beteleportálás: [66]Dan_B_Hollywood - 0mp >>
[19:36:52] << AntiCheat: Jármûbe beteleportálás: [26]Yamato_Bosco - 0mp >>
[19:48:34] << AntiCheat: Jármûbe beteleportálás: [24]Bryan_B_Hollywood - 0mp >>
[19:50:47] << AntiCheat bejelentés - [17]Mike_Scaletta - cheat: CarFlood - 1x >>
[19:52:05] << AntiCheat: Jármûbe beteleportálás: [66]Dan_B_Hollywood - 0mp >>
[19:54:45] << AntiCheat: Jármûbe beteleportálás: [37]Matt_Creed - 3mp >>
[20:10:35] << AntiCheat: [51]Steve_Aoki - Jármû teleport: 180 (vehDist: 15, pla2veh: 1) - 1x >>
[20:11:36] << AntiCheat: Jármûbe beteleportálás: [37]Nelson_Washington - 0mp >>
[20:13:18] << AntiCheat: Jármûbe beteleportálás: [78]Don_Sorrentino - 0mp >>
[20:20:07] << AntiCheat: Jármûbe beteleportálás: [30]Sergei_B_Dueno - 1mp >>
[20:34:09] << AntiCheat: Jármûbe beteleportálás: [18]Max_Sorrentino - 4mp >>
[20:50:29] << AntiCheat bejelentés - [45]Lesley_Antony - cheat: CarFlood - 1x >>
[20:52:34] << Joypad: [23]Tom_Mulex >>
[21:06:02] << Joypad: [61]Tom_Mulex >>
[21:07:27] << AntiCheat bejelentés - [42]Henry_Tomasino - cheat: CarFlood - 1x >>
[21:13:02] << AntiCheat: Jármûbe beteleportálás: [24]Dominic_Vincenzo - 0mp >>
[21:15:26] << AntiCheat: Jármûbe beteleportálás: [70]Darius_N_Ortega - 0mp >>
[21:15:39] << Lehetséges FakeKill: [48]Steve_Aoki - reason: 49 (0) - shoot: 0mp - death: 5292mp - x >>
[23:48:37] << AntiCheat: Jármûbe beteleportálás: [29]Darius_N_Ortega - 0mp >>
[23:58:28] << AntiCheat bejelentés - [45]Kevin_L_Saltzman - cheat: CarFlood - 1x >>
