[00:19:56] << Több lõszere van a kelleténél: [24]Jim_Handerson - Fire: kellene: 1752, van: 1759 >>
[00:21:04] << Több lõszere van a kelleténél: [24]Jim_Handerson - Fire: kellene: 3914, van: 3927 >>
[00:34:07] << AntiCheat: Jármûbe beteleportálás: [32]Marcel_B_Hollywood - 0mp >>
[00:35:34] << Több lõszere van a kelleténél: [29]Jim_Handerson - Fire: kellene: 2203, van: 2209 >>
[00:46:16] << Több lõszere van a kelleténél: [35]Jim_Handerson - Fire: kellene: 4850, van: 4864 >>
[01:10:39] << AntiCheat: [23]Jim_Handerson - Jármû teleport: 149 (vehDist: 24, pla2veh: 4) - 1x >>
[01:13:57] << AntiCheat: Jármûbe beteleportálás: [19]Connor_O_Neill - 0mp >>
[07:08:15] << AntiCheat: Jármûbe beteleportálás: [18]Charlie_Leanders - 0mp >>
[07:22:25] << AntiCheat: [17]Atsuya_D_Freeman - Jármû teleport: 106 (vehDist: 26, pla2veh: 0) - 1x >>
[07:46:33] << AntiCheat: Jármûbe beteleportálás: [24]Harold_G_Freeman - 4mp >>
[08:53:08] << AntiCheat bejelentés - [27]Keny_Da_Silva - cheat: CarFlood - 1x >>
[08:53:14] << AntiCheat bejelentés - [27]Keny_Da_Silva - cheat: CarFlood - 1x >>
[08:53:18] << AntiCheat bejelentés - [27]Keny_Da_Silva - cheat: CarFlood - 1x >>
[09:02:28] << AntiCheat: Jármûbe beteleportálás: [18]Atsuya_D_Freeman - 0mp >>
[09:06:14] << AntiCheat: Jármûbe beteleportálás: [18]Atsuya_D_Freeman - 0mp >>
[09:31:46] << AntiCheat: Jármûbe beteleportálás: [19]Nick_R_Wilson - 0mp >>
[09:42:56] << AntiCheat bejelentés - [28]John_Kelin - cheat: CarFlood - 1x >>
[09:49:39] << AntiCheat: [25]Darius_N_Ortega - Jármû teleport: 640 (vehDist: 34, pla2veh: 1) - 1x >>
[10:02:17] << AntiCheat: Jármûbe beteleportálás: [43]Lucio_Zecchin - 0mp >>
[10:04:32] << AntiCheat: Jármûbe beteleportálás: [41]Paul_Escobar - 0mp >>
[10:13:58] << AntiCheat: [29]John_Kelin - Jármû teleport: 1030 (vehDist: 40, pla2veh: 3) - 1x >>
[10:25:42] << AntiCheat: Jármûbe beteleportálás: [25]Keny_Da_Silva - 0mp >>
[10:33:42] << Joypad: [44]Tom_Mulex >>
[10:41:59] << AntiCheat: [24]Darius_N_Ortega - Jármû teleport: 199 (vehDist: 166, pla2veh: 1) - 1x >>
[10:50:03] << AntiCheat: Jármûbe beteleportálás: [36]Alan_Black - 1mp >>
[10:51:37] << AntiCheat: Jármûbe beteleportálás: [36]Alan_Black - 3mp >>
[10:55:19] << AntiCheat: Jármûbe beteleportálás: [25]Diaz_Freeman - 3mp >>
[10:55:39] << AntiCheat bejelentés - [33]Patrick_Zecchin - cheat: CarFlood - 1x >>
[10:56:31] << AntiCheat: Jármûbe beteleportálás: [24]Kitty_Soprano - 4mp >>
[11:18:35] << AntiCheat: Jármûbe beteleportálás: [33]Patrick_Zecchin - 0mp >>
[11:26:50] << AntiCheat bejelentés - [27]Stefan_D_Zecchin - cheat: CarFlood - 1x >>
[11:29:16] << AntiCheat bejelentés - [45]Georg_B_Hollywood - cheat: CarFlood - 1x >>
[11:31:27] << AntiCheat bejelentés - [27]Nelson_Washington - cheat: CarFlood - 1x >>
[11:43:11] << AntiCheat: [38]Keny_Da_Silva - Jármû teleport: 687 (vehDist: 45, pla2veh: 2) - 1x >>
[12:16:50] << AntiCheat bejelentés - [24]Nick_R_Wilson - cheat: CarFlood - 1x >>
[12:20:51] << AntiCheat bejelentés - [36]Loope_Aciano - cheat: CarFlood - 1x >>
[12:45:13] << AntiCheat bejelentés - [65]Zsori_Sandor - cheat: CarFlood - 1x >>
[12:53:11] << AntiCheat: Jármûbe beteleportálás: [52]Lesley_Antony - 0mp >>
[12:54:07] << AntiCheat: Jármûbe beteleportálás: [36]Patrik_O_Neill - 0mp >>
[12:54:07] << AntiCheat bejelentés - [36]Patrik_O_Neill - cheat: CarFlood - 1x >>
[12:54:40] << AntiCheat bejelentés - [42]Ralf_S_Tomasso - cheat: CarFlood - 1x >>
[13:02:47] << AntiCheat: Jármûbe beteleportálás: [46]Jason_Aciano - 5mp >>
[13:09:32] << AntiCheat: Jármûbe beteleportálás: [40]Dave_R_Vincenzo - 0mp >>
[13:10:59] << AntiCheat: Jármûbe beteleportálás: [47]Costa_Miles - 1mp >>
[13:11:07] << AntiCheat: Jármûbe beteleportálás: [54]Nelson_Washington - 1mp >>
[13:11:24] << AntiCheat: Jármûbe beteleportálás: [40]Dave_R_Vincenzo - 0mp >>
[13:11:31] << AntiCheat: Jármûbe beteleportálás: [40]Dave_R_Vincenzo - 0mp >>
[13:30:51] << AntiCheat: Jármûbe beteleportálás: [71]Jimmy_Doherty - 0mp >>
[13:54:17] << AntiCheat bejelentés - [59]Mark_Bishop - cheat: CarFlood - 1x >>
[13:59:42] << AntiCheat bejelentés - [27]Krist_Roscoe - cheat: CarFlood - 1x >>
[14:06:00] << AntiCheat bejelentés - [38]Krist_Roscoe - cheat: CarFlood - 1x >>
[14:24:14] << AntiCheat: Jármûbe beteleportálás: [32]Sidney_Tribiani - 0mp >>
[14:27:09] << AntiCheat: [44]Darius_N_Ortega - Jármû teleport: 736 (vehDist: 66, pla2veh: 2) - 1x >>
[14:28:08] << AntiCheat bejelentés - [20]Don_Sorrentino - cheat: CarFlood - 1x >>
[14:28:11] << AntiCheat bejelentés - [20]Don_Sorrentino - cheat: CarFlood - 1x >>
[14:28:41] << AntiCheat bejelentés - [20]Don_Sorrentino - cheat: CarFlood - 1x >>
[14:28:58] << AntiCheat bejelentés - [20]Don_Sorrentino - cheat: CarFlood - 1x >>
[14:29:00] << AntiCheat bejelentés - [20]Don_Sorrentino - cheat: CarFlood - 1x >>
[14:40:24] << AntiCheat bejelentés - [72]Johannes_Johnson - cheat: CarFlood - 1x >>
[14:40:30] << AntiCheat bejelentés - [41]Johannes_Manfred - cheat: CarFlood - 1x >>
[14:46:45] << AntiCheat: Jármûbe beteleportálás: [53]Nelson_Washington - 0mp >>
[14:49:02] << AntiCheat bejelentés - [61]Kristaly_Istvan - cheat: CarFlood - 1x >>
[14:54:13] << Nem vett elõ fegyvert, mégis van nála: [31]Lucio_Zecchin - MP5[446] >>
[15:11:13] << AntiCheat: Jármûbe beteleportálás: [46]Connor_O_Neill - 4mp >>
[15:20:24] << AntiCheat bejelentés - [46]Peter_O_Martinez - cheat: CarFlood - 1x >>
[15:23:38] << AntiCheat bejelentés - [54]Kristaly_Istvan - cheat: CarFlood - 1x >>
[15:48:15] << AntiCheat: [53]Max_Sorrentino - Jármû teleport: 499 (vehDist: 59, pla2veh: 1) - 1x >>
[15:50:12] << AntiCheat: Jármûbe beteleportálás: [16]Doboska_Endre - 5mp >>
[15:56:31] << AntiCheat: [16]Henry_Tomasino - Jármû teleport: 90 (vehDist: 98, pla2veh: 0) - 1x >>
[16:04:57] << AntiCheat: [51]Darius_N_Ortega - Jármû teleport: 950 (vehDist: 66, pla2veh: 3) - 1x >>
[16:06:13] << AntiCheat bejelentés - [47]Hizusu_Zisiku - cheat: CarFlood - 1x >>
[16:08:47] << AntiCheat bejelentés - [32]Thomas_Berzerk - cheat: CarFlood - 1x >>
[16:10:05] << AntiCheat bejelentés - [32]Thomas_Berzerk - cheat: CarFlood - 1x >>
[16:12:28] << AntiCheat: [72]Earl_Fooster - Jármû teleport: 211 (vehDist: 40, pla2veh: 3) - 1x >>
[16:22:04] << AntiCheat: Jármûbe beteleportálás: [59]Paul_D_Cortez - 0mp >>
[16:22:42] << AntiCheat: [16]Henry_Tomasino - Jármû teleport: 230 (vehDist: 28, pla2veh: 1) - 1x >>
[16:34:58] << AntiCheat: Jármûbe beteleportálás: [47]Dan_B_Hollywood - 0mp >>
[16:35:50] << AntiCheat bejelentés - [47]Dan_B_Hollywood - cheat: CarFlood - 1x >>
[16:50:47] << AntiCheat: [22]Lily_Miles - Jármû teleport: 451 (vehDist: 19, pla2veh: 3) - 1x >>
[16:50:51] << AntiCheat bejelentés - [35]Kitty_Soprano - cheat: CarFlood - 1x >>
[16:56:59] << AntiCheat bejelentés - [52]Diaz_Freeman - cheat: CarFlood - 1x >>
[16:59:38] << AntiCheat: Jármûbe beteleportálás: [51]Drake_Rifaz - 0mp >>
[17:00:15] << AntiCheat: Jármûbe beteleportálás: [41]Connor_O_Neill - 0mp >>
[17:02:48] << AntiCheat: Jármûbe beteleportálás: [67]Kiraly_Viktor - 0mp >>
[17:13:45] << AntiCheat: Jármûbe beteleportálás: [39]Mate_Richard - 5mp >>
[17:20:58] << Több lõszere van a kelleténél: [45]Jim_Handerson - Fire: kellene: 4612, van: 4616 >>
[17:34:30] << Több lõszere van a kelleténél: [45]Jim_Handerson - Fire: kellene: 3019, van: 3030 >>
[17:35:58] << Több lõszere van a kelleténél: [71]Jim_Handerson - Fire: kellene: 1898, van: 1903 >>
[17:47:25] << Több lõszere van a kelleténél: [43]Jim_Handerson - Fire: kellene: 649, van: 674 >>
[17:47:47] << AntiCheat: Jármûbe beteleportálás: [39]Mate_Richard - 0mp >>
[17:48:38] << Több lõszere van a kelleténél: [74]Jim_Handerson - Fire: kellene: 4683, van: 4688 >>
[17:50:39] << Több lõszere van a kelleténél: [55]Jim_Handerson - Fire: kellene: 2840, van: 2845 >>
[18:03:03] << AntiCheat: Jármûbe beteleportálás: [62]Mate_Richard - 4mp >>
[18:03:28] << AntiCheat: Jármûbe beteleportálás: [27]Edie_Morra - 0mp >>
[18:04:03] << Több lõszere van a kelleténél: [55]Jim_Handerson - Fire: kellene: 3605, van: 3622 >>
[18:07:09] << Több lõszere van a kelleténél: [55]Jim_Handerson - Fire: kellene: 6107, van: 6112 >>
[18:10:59] << AntiCheat bejelentés - [47]David_Sorrentino - cheat: CarFlood - 1x >>
[18:13:09] << AntiCheat bejelentés - [74]Hegedus_Bence - cheat: CarFlood - 1x >>
[18:13:11] << AntiCheat bejelentés - [74]Hegedus_Bence - cheat: CarFlood - 2x >>
[18:13:20] << AntiCheat bejelentés - [74]Hegedus_Bence - cheat: CarFlood - 1x >>
[18:13:30] << AntiCheat bejelentés - [74]Hegedus_Bence - cheat: CarFlood - 1x >>
[18:17:21] << Több lõszere van a kelleténél: [55]Jim_Handerson - Fire: kellene: 4521, van: 4526 >>
[18:19:01] << Több lõszere van a kelleténél: [55]Jim_Handerson - Fire: kellene: 6953, van: 6970 >>
[18:54:40] << AntiCheat bejelentés - [33]Edie_Morra - cheat: CarFlood - 1x >>
[18:57:20] << AntiCheat: Jármûbe beteleportálás: [23]Betty_O_Neill - 0mp >>
[18:59:03] << AntiCheat bejelentés - [33]Edie_Morra - cheat: CarFlood - 1x >>
[18:59:48] << AntiCheat: Jármûbe beteleportálás: [83]Tom_Zecchin - 3mp >>
[19:00:15] << AntiCheat bejelentés - [33]Edie_Morra - cheat: CarFlood - 1x >>
[19:36:02] << AntiCheat bejelentés - [21]Norbert_N_Ortega - cheat: CarFlood - 1x >>
[19:39:52] << AntiCheat bejelentés - [21]Norbert_N_Ortega - cheat: CarFlood - 1x >>
[19:39:55] << AntiCheat bejelentés - [21]Norbert_N_Ortega - cheat: CarFlood - 1x >>
[19:47:12] << AntiCheat: Jármûbe beteleportálás: [50]Nelson_Washington - 1mp >>
[19:50:44] << AntiCheat bejelentés - [74]Akos_White - cheat: CarFlood - 1x >>
[19:51:25] << AntiCheat: Jármûbe beteleportálás: [50]Nelson_Washington - 0mp >>
[20:07:21] << AntiCheat: Jármûbe beteleportálás: [17]Zack_B_Zecchin - 0mp >>
[20:10:52] << AntiCheat bejelentés - [29]Kristaly_Istvan - cheat: CarFlood - 1x >>
[20:10:56] << AntiCheat bejelentés - [29]Kristaly_Istvan - cheat: CarFlood - 1x >>
[20:10:57] << AntiCheat bejelentés - [55]Kiraly_Hunor - cheat: CarFlood - 1x >>
[20:26:20] << AntiCheat bejelentés - [67]Zsori_Sandor - cheat: CarFlood - 1x >>
[20:53:35] << AntiCheat bejelentés - [88]Joe_Wheeler - cheat: CarFlood - 1x >>
[20:57:20] << AntiCheat: Jármûbe beteleportálás: [36]Max_Sorrentino - 5mp >>
[20:59:41] << AntiCheat: Jármûbe beteleportálás: [36]Max_Sorrentino - 0mp >>
[21:51:37] << AntiCheat bejelentés - [26]Zsori_Sandor - cheat: CarFlood - 1x >>
[21:57:32] << AntiCheat bejelentés - [62]Wolczyk_T_Sorrentino - cheat: CarFlood - 1x >>
[21:59:36] << AntiCheat: Jármûbe beteleportálás: [33]Adele_Scaletta - 3mp >>
[22:02:45] << AntiCheat bejelentés - [45]Akos_White - cheat: CarFlood - 1x >>
[22:15:55] << AntiCheat: Jármûbe beteleportálás: [18]Adele_Scaletta - 4mp >>
[22:17:10] << AntiCheat: Jármûbe beteleportálás: [62]Wolczyk_T_Sorrentino - 4mp >>
[22:26:28] << AntiCheat: Jármûbe beteleportálás: [33]Harold_G_Freeman - 0mp >>
[22:31:27] << AntiCheat bejelentés - [42]Nadasi_Gyorgy - cheat: CarFlood - 1x >>
[22:40:33] << AntiCheat: Jármûbe beteleportálás: [59]Hizusu_Weedman - 0mp >>
[23:00:47] << AntiCheat: Jármûbe beteleportálás: [33]Harold_G_Freeman - 0mp >>
[23:07:59] << AntiCheat bejelentés - [26]Zsori_Sandor - cheat: CarFlood - 1x >>
[23:13:18] << AntiCheat: Jármûbe beteleportálás: [66]Sidney_Tribiani - 3mp >>
[23:53:01] << AntiCheat: [20]Torres_Butler - Jármû teleport: 128 (vehDist: 20, pla2veh: 2) - 1x >>
