[13:59:31] << AntiCheat bejelentés - [50]Blake_Browns - cheat: CarFlood - 1x >>
[14:07:23] << AntiCheat: [17]Robert_Scaletta - Jármû teleport: 277 (vehDist: 29, pla2veh: 3) - 1x >>
[14:20:42] << AntiCheat: Jármûbe beteleportálás: [49]Norbert_N_Ortega - 0mp >>
[14:20:43] << AntiCheat: Jármûbe beteleportálás: [39]Yamato_Bosco - 0mp >>
[14:36:59] << AntiCheat bejelentés - [56]Damien_Creed - cheat: CarFlood - 1x >>
[14:39:09] << AntiCheat bejelentés - [45]Usate_Krukenberg - cheat: CarFlood - 1x >>
[14:45:39] << AntiCheat bejelentés - [55]Michael_Faraday - cheat: CarFlood - 1x >>
[14:45:49] << AntiCheat: Jármûbe beteleportálás: [76]Torres_Butler - 1mp >>
[14:47:00] << Több lõszere van a kelleténél: [60]Sergei_B_Dueno - MP5: kellene: 481, van: 9996 >>
[14:47:52] << AntiCheat: Jármûbe beteleportálás: [31]Marcel_B_Hollywood - 0mp >>
[14:48:28] << Több lõszere van a kelleténél: [60]Sergei_B_Dueno - M4: kellene: 491, van: 10489 >>
[14:54:44] << AntiCheat: Jármûbe beteleportálás: [41]Lucio_Zecchin - 0mp >>
[14:58:56] << AntiCheat: Jármûbe beteleportálás: [53]Betty_O_Neill - 5mp >>
[15:02:06] << Nem vett elõ fegyvert, mégis van nála: [33]Nelson_Washington - M4[352] >>
[15:23:51] << AntiCheat bejelentés - [29]Victor_Jr_Zecchin - cheat: CarFlood - 1x >>
[15:28:15] << AntiCheat: Jármûbe beteleportálás: [71]Robert_Scaletta - 0mp >>
[15:31:32] << AntiCheat: Jármûbe beteleportálás: [22]Charlie_Leanders - 0mp >>
[16:18:30] << AntiCheat: [19]Jin_Sorrentino - Jármû teleport: 937 (vehDist: 22, pla2veh: 3) - 1x >>
[16:32:14] << AntiCheat: Jármûbe beteleportálás: [43]Oberth_Andras - 0mp >>
[16:32:21] << AntiCheat: Jármûbe beteleportálás: [43]Oberth_Andras - 0mp >>
[16:34:23] << AntiCheat: Jármûbe beteleportálás: [43]Oberth_Andras - 0mp >>
[16:35:20] << AntiCheat: Jármûbe beteleportálás: [43]Oberth_Andras - 0mp >>
[16:37:45] << AntiCheat: Jármûbe beteleportálás: [43]Oberth_Andras - 0mp >>
[16:37:53] << AntiCheat: Jármûbe beteleportálás: [43]Oberth_Andras - 0mp >>
[16:47:28] << AntiCheat: Jármûbe beteleportálás: [50]Nelson_Washington - 0mp >>
[18:44:52] << AntiCheat: Jármûbe beteleportálás: [27]Don_Sorrentino - 0mp >>
[18:48:51] << AntiCheat: Jármûbe beteleportálás: [25]Kevin_L_Saltzman - 4mp >>
