[00:05:51] << AntiCheat: Jármûbe beteleportálás: [43]Philip_Skipper - 0mp >>
[00:05:57] << AntiCheat: Jármûbe beteleportálás: [43]Philip_Skipper - 0mp >>
[00:08:48] << AntiCheat: Jármûbe beteleportálás: [43]Philip_Skipper - 0mp >>
[00:10:36] << Több lõszere van a kelleténél: [25]Jim_Handerson - Fire: kellene: 3805, van: 3810 >>
[00:11:29] << Több lõszere van a kelleténél: [21]Jim_Handerson - Fire: kellene: 3363, van: 3373 >>
[00:12:37] << AntiCheat: [73]Jason_Aciano - Jármû teleport: 841 (vehDist: 20, pla2veh: 4) - 1x >>
[00:13:12] << Több lõszere van a kelleténél: [21]Jim_Handerson - Fire: kellene: 2988, van: 3011 >>
[00:16:19] << Nem vett elõ fegyvert, mégis van nála: [34]Krisztina_Angelo - Deagle[200] >>
[00:39:20] << AntiCheat bejelentés - [37]Levy_B_Hollywood - cheat: CarFlood - 1x >>
[00:53:40] << AntiCheat: Jármûbe beteleportálás: [74]Albert_Kesselring - 0mp >>
[01:04:57] << AntiCheat: [2]Phil_Stinson - Jármû teleport: 505 (vehDist: 19, pla2veh: 1) - 1x >>
[01:46:14] << AntiCheat bejelentés - [0]Zsori_Sandor - cheat: CarFlood - 1x >>
[03:49:56] << AntiCheat: [20]Javier_B_Hollywood - Jármû teleport: 1065 (vehDist: 22, pla2veh: 0) - 1x >>
[06:54:06] << AntiCheat: Jármûbe beteleportálás: [0]Tyler_Wish - 4mp >>
[09:32:28] << AntiCheat bejelentés - [19]Horvath_Adrian - cheat: CarFlood - 1x >>
[10:15:13] << AntiCheat bejelentés - [36]Zack_B_Zecchin - cheat: CarFlood - 1x >>
[10:26:32] << AntiCheat bejelentés - [3]Kevin_S_Tomasso - cheat: CarFlood - 1x >>
[10:26:36] << AntiCheat bejelentés - [3]Kevin_S_Tomasso - cheat: CarFlood - 1x >>
[10:28:59] << AntiCheat: Jármûbe beteleportálás: [32]Elwood_JR_Sorrentino - 0mp >>
[10:34:03] << AntiCheat bejelentés - [37]Donald_Stacks - cheat: CarFlood - 1x >>
[10:36:14] << AntiCheat bejelentés - [31]Emanuel_Garcia - cheat: CarFlood - 1x >>
[10:36:18] << AntiCheat bejelentés - [31]Emanuel_Garcia - cheat: CarFlood - 1x >>
[10:54:37] << AntiCheat bejelentés - [27]Keny_Eastwood - cheat: CarFlood - 1x >>
[10:55:47] << AntiCheat bejelentés - [26]Pekano_S_Barett - cheat: CarFlood - 1x >>
[11:03:17] << AntiCheat bejelentés - [27]Keny_Eastwood - cheat: CarFlood - 1x >>
[11:05:49] << AntiCheat: Jármûbe beteleportálás: [34]Lesley_Antony - 0mp >>
[11:13:53] << AntiCheat: Jármûbe beteleportálás: [35]Mate_Richard - 0mp >>
[11:29:14] << AntiCheat: Jármûbe beteleportálás: [0]Doboska_Endre - 3mp >>
[11:34:01] << AntiCheat: Jármûbe beteleportálás: [47]Szabo_Balazs - 0mp >>
[11:34:42] << AntiCheat: Jármûbe beteleportálás: [47]Szabo_Balazs - 4mp >>
[11:35:43] << AntiCheat: Jármûbe beteleportálás: [47]Szabo_Balazs - 0mp >>
[11:42:54] << AntiCheat bejelentés - [36]Charlie_Leanders - cheat: CarFlood - 1x >>
[12:01:54] << AntiCheat: Jármûbe beteleportálás: [2]Jimmy_Doherty - 0mp >>
[12:09:39] << AntiCheat: [27]Keny_Da_Silva - Jármû teleport: 505 (vehDist: 16, pla2veh: 1) - 1x >>
[13:13:50] << AntiCheat bejelentés - [35]Keny_Eastwood - cheat: CarFlood - 1x >>
[13:25:00] << AntiCheat bejelentés - [47]Niki_Freeman - cheat: CarFlood - 1x >>
[13:25:52] << AntiCheat bejelentés - [35]Keny_Eastwood - cheat: CarFlood - 1x >>
[13:31:40] << AntiCheat: Jármûbe beteleportálás: [30]Keny_Da_Silva - 5mp >>
[13:32:46] << AntiCheat bejelentés - [69]Mikhail_Bratislav - cheat: CarFlood - 1x >>
[13:32:47] << AntiCheat bejelentés - [2]Pablo_S_Carcassone - cheat: CarFlood - 1x >>
[13:32:47] << AntiCheat bejelentés - [57]Michael_W_Rumolov - cheat: CarFlood - 1x >>
[13:32:49] << Több lõszere van a kelleténél: [29]Jhonny_Carlos_Tapia - Deagle: kellene: 384, van: 385 >>
[13:32:49] << AntiCheat bejelentés - [3]Damien_Q_Carcassone - cheat: CarFlood - 1x >>
[13:50:00] << AntiCheat bejelentés - [35]Keny_Eastwood - cheat: CarFlood - 1x >>
[13:52:45] << AntiCheat: Jármûbe beteleportálás: [21]Ventura_Zecchin - 0mp >>
[13:53:19] << AntiCheat bejelentés - [35]Keny_Eastwood - cheat: CarFlood - 1x >>
[13:53:20] << AntiCheat: Jármûbe beteleportálás: [38]Jhonny_Carlos_Tapia - 0mp >>
[14:01:27] << AntiCheat: Jármûbe beteleportálás: [27]Harold_Gates - 0mp >>
[14:05:02] << AntiCheat: Jármûbe beteleportálás: [51]Bart_S_Tomasso - 0mp >>
[14:11:55] << AntiCheat bejelentés - [41]Randy_Brasco - cheat: CarFlood - 1x >>
[14:13:55] << AntiCheat bejelentés - [24]Thomas_Davis - cheat: CarFlood - 1x >>
[14:13:58] << AntiCheat bejelentés - [24]Thomas_Davis - cheat: CarFlood - 1x >>
[14:19:35] << AntiCheat bejelentés - [3]Zsori_Sandor - cheat: CarFlood - 1x >>
[14:25:28] << AntiCheat bejelentés - [2]Ellstag_Scaletta - cheat: CarFlood - 1x >>
[14:27:38] << AntiCheat bejelentés - [20]Henry_Thomasino - cheat: CarFlood - 1x >>
[14:33:57] << AntiCheat bejelentés - [43]Zsori_Sandor - cheat: CarFlood - 1x >>
[15:15:25] << AntiCheat bejelentés - [64]Jason_B_Hollywood - cheat: CarFlood - 1x >>
[15:35:07] << AntiCheat bejelentés - [25]Henry_Thomasino - cheat: CarFlood - 1x >>
[16:20:19] << AntiCheat bejelentés - [78]James_Aciano - cheat: CarFlood - 1x >>
[16:22:38] << AntiCheat bejelentés - [25]Henry_Thomasino - cheat: CarFlood - 1x >>
[16:27:02] << AntiCheat: Jármûbe beteleportálás: [26]Lesley_Antony - 0mp >>
[16:28:16] << AntiCheat bejelentés - [57]Henry_Thomasino - cheat: CarFlood - 1x >>
[16:28:21] << AntiCheat bejelentés - [57]Henry_Thomasino - cheat: CarFlood - 1x >>
[16:38:10] << AntiCheat: Jármûbe beteleportálás: [20]Emanuel_Garcia - 5mp >>
[16:46:18] << AntiCheat bejelentés - [78]James_Aciano - cheat: CarFlood - 1x >>
[16:46:23] << AntiCheat bejelentés - [78]James_Aciano - cheat: CarFlood - 1x >>
[16:46:25] << AntiCheat bejelentés - [78]James_Aciano - cheat: CarFlood - 1x >>
[16:51:39] << AntiCheat: [43]Carlos_D_Surenos - Jármû teleport: 134 (vehDist: 21, pla2veh: 2) - 1x >>
[17:00:55] << AntiCheat bejelentés - [59]Darius_N_Ortega - cheat: CarFlood - 1x >>
[17:06:11] << AntiCheat bejelentés - [68]Jack_Thomson - cheat: CarFlood - 1x >>
[17:10:50] << AntiCheat bejelentés - [52]Johny_Morales - cheat: CarFlood - 1x >>
[17:16:37] << Több lõszere van a kelleténél: [63]Jim_Handerson - Fire: kellene: 6523, van: 6536 >>
[17:17:48] << Több lõszere van a kelleténél: [63]Jim_Handerson - Fire: kellene: 5629, van: 5638 >>
[17:18:16] << AntiCheat: Jármûbe beteleportálás: [45]Dan_B_Hollywood - 4mp >>
[17:21:30] << Több lõszere van a kelleténél: [63]Jim_Handerson - Fire: kellene: 4514, van: 4518 >>
[17:22:58] << Több lõszere van a kelleténél: [63]Jim_Handerson - Fire: kellene: 3049, van: 3062 >>
[17:24:03] << Több lõszere van a kelleténél: [63]Jim_Handerson - Fire: kellene: 2513, van: 2520 >>
[17:25:06] << AntiCheat bejelentés - [70]Szabo_Balazs - cheat: CarFlood - 1x >>
[17:25:34] << AntiCheat bejelentés - [68]Jack_Thomson - cheat: CarFlood - 1x >>
[17:28:05] << AntiCheat bejelentés - [24]Kiraly_Hunor - cheat: CarFlood - 1x >>
[17:29:27] << AntiCheat bejelentés - [68]Jack_Thomson - cheat: CarFlood - 1x >>
[17:37:28] << AntiCheat bejelentés - [45]Tom_Torres - cheat: CarFlood - 1x >>
[17:41:59] << AntiCheat bejelentés - [19]William_Cortez - cheat: CarFlood - 1x >>
[17:42:21] << AntiCheat bejelentés - [36]Carl_Benz - cheat: CarFlood - 1x >>
[17:49:34] << AntiCheat bejelentés - [34]Jack_Thomson - cheat: CarFlood - 1x >>
[17:54:17] << AntiCheat bejelentés - [69]Nick_R_Wilson - cheat: CarFlood - 1x >>
[17:56:59] << AntiCheat bejelentés - [42]Norbert_N_Ortega - cheat: CarFlood - 1x >>
[18:05:53] << AntiCheat: Jármûbe beteleportálás: [75]Yamato_Bosco - 0mp >>
[18:07:56] << Nem vett elõ fegyvert, mégis van nála: [71]Damien_Q_Carcassone - Ököl[1] >>
[18:12:19] << AntiCheat: Jármûbe beteleportálás: [44]Siska_Finuccsi - 0mp >>
[18:20:32] << AntiCheat: [41]Mikhail_Bratislav - Jármû teleport: 308 (vehDist: 24, pla2veh: 4) - 1x >>
[18:22:21] << AntiCheat bejelentés - [63]Jackob_Shirton - cheat: CarFlood - 1x >>
[18:24:57] << Nem vett elõ fegyvert, mégis van nála: [0]Carlos_D_Garcia - M4[158] >>
[18:30:34] << AntiCheat bejelentés - [44]Horvath_Adrian - cheat: CarFlood - 1x >>
[18:40:48] << AntiCheat bejelentés - [56]Tyler_Wish - cheat: CarFlood - 1x >>
[18:48:25] << AntiCheat: Jármûbe beteleportálás: [42]Norbert_N_Ortega - 4mp >>
[18:52:33] << AntiCheat bejelentés - [69]Dukai_Roland - cheat: CarFlood - 1x >>
[18:59:51] << AntiCheat bejelentés - [30]Kiraly_Viktor - cheat: CarFlood - 1x >>
[18:59:54] << AntiCheat bejelentés - [30]Kiraly_Viktor - cheat: CarFlood - 1x >>
[19:06:37] << AntiCheat bejelentés - [74]Mark_Bishop - cheat: CarFlood - 1x >>
[19:07:13] << AntiCheat bejelentés - [37]Henry_Thomasino - cheat: CarFlood - 1x >>
[19:12:14] << AntiCheat bejelentés - [19]Stefan_Aciano - cheat: CarFlood - 1x >>
[19:35:24] << Nem vett elõ fegyvert, mégis van nála: [81]Huano_Rodriguez - Colt45[200] >>
[19:45:44] << AntiCheat: Jármûbe beteleportálás: [36]Hizusu_Zisiku - 0mp >>
[19:48:28] << AntiCheat: Jármûbe beteleportálás: [54]Elwood_JR_Sorrentino - 0mp >>
[19:49:34] << AntiCheat: Jármûbe beteleportálás: [54]Elwood_JR_Sorrentino - 0mp >>
[20:02:54] << AntiCheat: Jármûbe beteleportálás: [75]Stefan_D_Zecchin - 1mp >>
[20:12:03] << AntiCheat bejelentés - [25]Patrik_O_Neill - cheat: CarFlood - 1x >>
[20:24:57] << AntiCheat bejelentés - [67]Kristaly_Zoltan - cheat: CarFlood - 1x >>
[20:29:49] << AntiCheat bejelentés - [59]James_Creed - cheat: CarFlood - 1x >>
[20:34:41] << AntiCheat bejelentés - [61]James_Aciano - cheat: CarFlood - 1x >>
[20:35:41] << AntiCheat bejelentés - [100]Jackob_Shirton - cheat: CarFlood - 1x >>
[20:35:58] << AntiCheat bejelentés - [2]Szabo_Balazs - cheat: CarFlood - 1x >>
[20:37:17] << AntiCheat: Jármûbe beteleportálás: [87]Rick_Aciano - 0mp >>
[20:49:44] << Nem vett elõ fegyvert, mégis van nála: [104]Johny_Morales - M4[9999] >>
[20:56:54] << AntiCheat: Jármûbe beteleportálás: [104]James_D_Freeman - 0mp >>
[21:05:49] << AntiCheat bejelentés - [84]Nadasi_Gyorgy - cheat: CarFlood - 1x >>
[21:07:18] << AntiCheat: Jármûbe beteleportálás: [105]Steve_J_Sorrentino - 0mp >>
[21:14:18] << AntiCheat bejelentés - [84]Nadasi_Gyorgy - cheat: CarFlood - 1x >>
[21:17:08] << AntiCheat bejelentés - [62]Frank_Cadillac - cheat: CarFlood - 1x >>
[21:18:38] << AntiCheat: Jármûbe beteleportálás: [24]Nelson_Washington - 0mp >>
[21:29:07] << AntiCheat bejelentés - [66]Siska_Finuccsi - cheat: CarFlood - 1x >>
[21:32:53] << AntiCheat: Jármûbe beteleportálás: [27]Banyanszki_Martin - 0mp >>
[21:35:05] << AntiCheat: Jármûbe beteleportálás: [79]Sergei_B_Dueno - 4mp >>
[21:40:45] << AntiCheat bejelentés - [104]James_D_Freeman - cheat: CarFlood - 1x >>
[21:53:26] << AntiCheat bejelentés - [62]Frank_Cadillac - cheat: CarFlood - 1x >>
[21:59:40] << AntiCheat: Jármûbe beteleportálás: [52]Emanuel_Garcia - 0mp >>
[22:14:28] << AntiCheat bejelentés - [58]Kiraly_Hunor - cheat: CarFlood - 1x >>
[22:26:22] << AntiCheat bejelentés - [26]Kiraly_Tamas - cheat: CarFlood - 1x >>
[22:26:30] << AntiCheat bejelentés - [26]Kiraly_Tamas - cheat: CarFlood - 1x >>
[22:34:54] << AntiCheat bejelentés - [26]Kiraly_Tamas - cheat: CarFlood - 1x >>
[22:35:59] << AntiCheat: Jármûbe beteleportálás: [49]Stefan_D_Zecchin - 0mp >>
[22:46:41] << AntiCheat: Jármûbe beteleportálás: [65]Jeff_Jefferson - 0mp >>
[23:37:31] << AntiCheat: Jármûbe beteleportálás: [64]Keny_Eastwood - 1mp >>
[23:59:05] << AntiCheat: Jármûbe beteleportálás: [2]Mateusz_M_Walker - 0mp >>
