[00:47:42] << AntiCheat bejelentés - [19]Ralf_S_Tomasso - cheat: CarFlood - 1x >>
[01:16:10] << AntiCheat bejelentés - [23]Ryan_Brasco - cheat: CarFlood - 1x >>
[01:18:44] << AntiCheat bejelentés - [23]Ryan_Brasco - cheat: CarFlood - 1x >>
[01:22:03] << AntiCheat: [23]Ryan_Brasco - Jármû teleport: 1062 (vehDist: 19, pla2veh: 1) - 1x >>
[01:22:43] << AntiCheat bejelentés - [36]Steve_Aoki - cheat: CarFlood - 1x >>
[01:32:12] << AntiCheat bejelentés - [36]Steve_Aoki - cheat: CarFlood - 1x >>
[01:39:15] << AntiCheat: [20]Milinte_Brasco - Jármû teleport: 1063 (vehDist: 16, pla2veh: 4) - 1x >>
[01:44:27] << AntiCheat: Jármûbe beteleportálás: [23]Ryan_Brasco - 0mp >>
[01:44:28] << AntiCheat bejelentés - [23]Ryan_Brasco - cheat: CarFlood - 1x >>
[02:33:18] << AntiCheat: Jármûbe beteleportálás: [33]Connor_O_Neill - 0mp >>
[09:13:37] << Lehetséges FakeKill: [23]Thomas_Blackwell - reason: 49 (0) - shoot: 0mp - death: 30mp - x >>
[09:35:52] << AntiCheat bejelentés - [22]Paul_Escobar - cheat: CarFlood - 1x >>
[10:08:51] << AntiCheat: [51]Ryan_B_Mike - Jármû teleport: 794 (vehDist: 48, pla2veh: 2) - 1x >>
[10:10:09] << AntiCheat bejelentés - [23]Kitty_Soprano - cheat: CarFlood - 1x >>
[10:37:38] << AntiCheat bejelentés - [37]Zack_B_Zecchin - cheat: CarFlood - 1x >>
[10:37:41] << AntiCheat bejelentés - [37]Zack_B_Zecchin - cheat: CarFlood - 1x >>
[10:39:48] << AntiCheat bejelentés - [52]Joe_Wheeler - cheat: CarFlood - 1x >>
[10:43:03] << AntiCheat: Jármûbe beteleportálás: [36]Lucio_Zecchin - 1mp >>
[10:49:42] << AntiCheat bejelentés - [72]Jason_Gravano - cheat: CarFlood - 1x >>
[10:51:05] << AntiCheat bejelentés - [65]Daryl_Aciano - cheat: CarFlood - 1x >>
[11:02:09] << AntiCheat bejelentés - [20]Bryan_B_Hollywood - cheat: CarFlood - 1x >>
[11:05:22] << AntiCheat: [32]Emanuel_Garcia - Jármû teleport: 587 (vehDist: 49, pla2veh: 3) - 1x >>
[11:18:50] << AntiCheat: Jármûbe beteleportálás: [35]Oliver_Aciano - 2mp >>
[11:39:53] << AntiCheat bejelentés - [32]Emanuel_Garcia - cheat: CarFlood - 1x >>
[11:47:36] << AntiCheat bejelentés - [57]George_B_Hollywood - cheat: CarFlood - 1x >>
[11:51:26] << AntiCheat bejelentés - [81]Ventura_Zecchin - cheat: CarFlood - 1x >>
[12:15:54] << Joypad: [76]Tom_Mulex >>
[12:26:04] << AntiCheat bejelentés - [48]Denny_Toretto - cheat: CarFlood - 1x >>
[12:47:53] << AntiCheat: [26]Carlos_D_Surenos - Jármû teleport: 993 (vehDist: 48, pla2veh: 1) - 1x >>
[12:47:54] << AntiCheat: [26]Carlos_D_Surenos - Jármû teleport: 993 (vehDist: 48, pla2veh: 0) - 2x >>
[12:47:54] << AntiCheat: [26]Carlos_D_Surenos - Jármû teleport: 993 (vehDist: 48, pla2veh: 1) - 3x >>
[12:47:54] << AntiCheat: [26]Carlos_D_Surenos - Jármû teleport: 993 (vehDist: 48, pla2veh: 1) - 4x >>
[12:47:54] << AntiCheat: [26]Carlos_D_Surenos - Jármû teleport: 993 (vehDist: 48, pla2veh: 1) - 5x >>
[12:47:55] << AntiCheat: [26]Carlos_D_Surenos - Jármû teleport: 993 (vehDist: 48, pla2veh: 1) - 6x >>
[12:51:57] << AntiCheat: Jármûbe beteleportálás: [41]Lionel_P_Cortez - 0mp >>
[13:08:34] << AntiCheat: [43]Carlos_D_Surenos - Jármû teleport: 525 (vehDist: 18, pla2veh: 1) - 1x >>
[13:16:02] << AntiCheat bejelentés - [51]Niki_Freeman - cheat: CarFlood - 1x >>
[13:20:15] << AntiCheat bejelentés - [76]Nadasi_Gyorgy - cheat: CarFlood - 1x >>
[13:26:06] << AntiCheat bejelentés - [22]Nick_Vitale - cheat: CarFlood - 1x >>
[13:26:10] << AntiCheat bejelentés - [79]Antonn_Fedorov - cheat: CarFlood - 1x >>
[13:26:23] << AntiCheat bejelentés - [79]Antonn_Fedorov - cheat: CarFlood - 1x >>
[13:26:27] << AntiCheat bejelentés - [79]Antonn_Fedorov - cheat: CarFlood - 1x >>
[13:26:30] << AntiCheat bejelentés - [79]Antonn_Fedorov - cheat: CarFlood - 1x >>
[13:26:35] << AntiCheat bejelentés - [79]Antonn_Fedorov - cheat: CarFlood - 1x >>
[13:26:39] << AntiCheat bejelentés - [79]Antonn_Fedorov - cheat: CarFlood - 1x >>
[13:26:42] << AntiCheat bejelentés - [79]Antonn_Fedorov - cheat: CarFlood - 1x >>
[13:26:46] << AntiCheat bejelentés - [79]Antonn_Fedorov - cheat: CarFlood - 1x >>
[13:29:58] << AntiCheat: [69]Rick_Aciano - Jármû teleport: 500 (vehDist: 35, pla2veh: 2) - 1x >>
[13:32:45] << AntiCheat bejelentés - [41]Akos_White - cheat: CarFlood - 1x >>
[13:33:39] << AntiCheat bejelentés - [76]Nadasi_Gyorgy - cheat: CarFlood - 1x >>
[13:39:50] << AntiCheat: [55]Sidney_Tribiani - Jármû teleport: 167 (vehDist: 28, pla2veh: 2) - 1x >>
[13:39:50] << AntiCheat: [55]Sidney_Tribiani - Jármû teleport: 167 (vehDist: 28, pla2veh: 2) - 2x >>
[13:40:02] << AntiCheat: [43]Carlos_D_Surenos - Jármû teleport: 43 (vehDist: 34, pla2veh: 3) - 1x >>
[13:40:05] << AntiCheat: [72]Dom_Wheeler - Jármû teleport: 43 (vehDist: 88, pla2veh: 4) - 1x >>
[13:40:11] << AntiCheat bejelentés - [71]Rick_Aciano - cheat: CarFlood - 1x >>
[13:44:44] << AntiCheat bejelentés - [62]Paul_D_Cortez - cheat: CarFlood - 1x >>
[13:45:21] << AntiCheat: [37]Joker_Creed - Jármû teleport: 1017 (vehDist: 61, pla2veh: 1) - 1x >>
[14:01:51] << AntiCheat: Jármûbe beteleportálás: [44]Ernesto_Surenos - 0mp >>
[14:14:34] << AntiCheat bejelentés - [19]Norbert_N_Ortega - cheat: CarFlood - 1x >>
[14:23:43] << AntiCheat: Jármûbe beteleportálás: [74]Keny_Da_Silva - 0mp >>
[14:32:09] << AntiCheat: Jármûbe beteleportálás: [56]Mate_Richard - 5mp >>
[14:36:16] << AntiCheat bejelentés - [45]Jason_Aciano - cheat: CarFlood - 1x >>
[14:43:43] << AntiCheat bejelentés - [83]Kiraly_Hunor - cheat: CarFlood - 1x >>
[14:56:55] << AntiCheat bejelentés - [53]Zsori_Sandor - cheat: CarFlood - 1x >>
[15:04:37] << AntiCheat: Jármûbe beteleportálás: [68]Nelson_Washington - 5mp >>
[15:06:24] << AntiCheat bejelentés - [54]Kiraly_Viktor - cheat: CarFlood - 1x >>
[15:06:24] << AntiCheat bejelentés - [83]Kiraly_Hunor - cheat: CarFlood - 1x >>
[15:11:21] << AntiCheat bejelentés - [68]Wolczyk_T_Sorrentino - cheat: CarFlood - 1x >>
[15:12:25] << AntiCheat: Jármûbe beteleportálás: [74]Keny_Da_Silva - 4mp >>
[15:20:21] << Több lõszere van a kelleténél: [34]Jim_Handerson - Fire: kellene: 8272, van: 8282 >>
[15:21:13] << AntiCheat: Jármûbe beteleportálás: [34]Thomas_Davis - 3mp >>
[15:31:33] << AntiCheat: [62]Javier_B_Hollywood - Jármû teleport: 36 (vehDist: 76, pla2veh: 2) - 1x >>
[15:31:33] << AntiCheat: [62]Javier_B_Hollywood - Jármû teleport: 36 (vehDist: 75, pla2veh: 1) - 2x >>
[15:45:40] << AntiCheat bejelentés - [2]Lance_Sweets - cheat: CarFlood - 1x >>
[15:50:40] << AntiCheat bejelentés - [71]Mikhail_Bratislav - cheat: CarFlood - 1x >>
[15:52:51] << AntiCheat: Jármûbe beteleportálás: [43]Lesley_Antony - 1mp >>
[15:55:07] << AntiCheat: [64]Oliver_Hizrics - Jármû teleport: 426 (vehDist: 48, pla2veh: 1) - 1x >>
[15:55:48] << AntiCheat bejelentés - [32]Pablo_S_Carcassone - cheat: CarFlood - 1x >>
[15:57:18] << AntiCheat: Jármûbe beteleportálás: [43]Lesley_Antony - 0mp >>
[15:58:46] << AntiCheat bejelentés - [85]Charlie_Harper - cheat: CarFlood - 1x >>
[16:00:04] << AntiCheat bejelentés - [36]Max_R_Black - cheat: CarFlood - 1x >>
[16:00:46] << Több lõszere van a kelleténél: [95]Jim_Handerson - Fire: kellene: 7506, van: 7509 >>
[16:02:09] << Több lõszere van a kelleténél: [95]Jim_Handerson - Fire: kellene: 6365, van: 6373 >>
[16:02:41] << AntiCheat bejelentés - [85]Charlie_Harper - cheat: CarFlood - 1x >>
[16:02:45] << AntiCheat bejelentés - [94]Michael_W_Rumolov - cheat: CarFlood - 1x >>
[16:03:10] << AntiCheat: Jármûbe beteleportálás: [89]Daniel_Davis - 5mp >>
[16:03:38] << AntiCheat bejelentés - [85]Charlie_Harper - cheat: CarFlood - 1x >>
[16:04:37] << Több lõszere van a kelleténél: [54]Jim_Handerson - Fire: kellene: 6154, van: 6173 >>
[16:05:39] << Több lõszere van a kelleténél: [93]Jim_Handerson - Fire: kellene: 5840, van: 5891 >>
[16:08:10] << AntiCheat: [37]Bryan_B_Hollywood - Jármû teleport: 95 (vehDist: 28, pla2veh: 1) - 1x >>
[16:13:15] << AntiCheat: [48]Ralf_S_Tomasso - Jármû teleport: 845 (vehDist: 19, pla2veh: 2) - 1x >>
[16:20:07] << AntiCheat: Jármûbe beteleportálás: [76]Max_Sorrentino - 2mp >>
[16:27:49] << AntiCheat bejelentés - [97]Mester_Csaba - cheat: CarFlood - 1x >>
[16:29:17] << AntiCheat bejelentés - [61]Horvath_Adrian - cheat: CarFlood - 1x >>
[16:32:12] << AntiCheat bejelentés - [95]Stevy_Camorra - cheat: CarFlood - 1x >>
[16:39:43] << AntiCheat bejelentés - [39]Szekely_Klara - cheat: CarFlood - 1x >>
[16:49:11] << AntiCheat bejelentés - [0]Patrick_Zecchin - cheat: CarFlood - 1x >>
[17:38:56] << AntiCheat: Jármûbe beteleportálás: [60]Ventura_Zecchin - 0mp >>
[17:59:18] << AntiCheat bejelentés - [25]Bryan_B_Hollywood - cheat: CarFlood - 1x >>
[18:07:51] << AntiCheat: Jármûbe beteleportálás: [67]Jimmy_Doherty - 0mp >>
[18:33:51] << AntiCheat bejelentés - [46]Ryan_B_Mike - cheat: CarFlood - 1x >>
[18:44:00] << AntiCheat: Jármûbe beteleportálás: [55]Kitty_Soprano - 0mp >>
[18:50:46] << AntiCheat: Jármûbe beteleportálás: [63]Ernesto_Surenos - 3mp >>
[19:04:37] << AntiCheat: Jármûbe beteleportálás: [85]Phil_Stinson - 0mp >>
[19:16:16] << AntiCheat bejelentés - [28]Damien_Q_Carcassone - cheat: CarFlood - 1x >>
[19:37:49] << AntiCheat bejelentés - [99]Dom_Wheeler - cheat: CarFlood - 1x >>
[19:40:00] << AntiCheat bejelentés - [36]Bryan_B_Hollywood - cheat: CarFlood - 1x >>
[19:47:39] << AntiCheat bejelentés - [74]Marcel_B_Hollywood - cheat: CarFlood - 1x >>
[19:49:04] << AntiCheat bejelentés - [33]Mester_Csaba - cheat: CarFlood - 1x >>
[20:05:18] << AntiCheat: Jármûbe beteleportálás: [75]Erno_S_Tomasso - 2mp >>
[20:05:41] << AntiCheat bejelentés - [63]Henry_Tomasino - cheat: CarFlood - 1x >>
[20:06:53] << AntiCheat: Jármûbe beteleportálás: [46]Dave_Stone - 0mp >>
[20:07:11] << AntiCheat: [67]Earl_Wheeler - Jármû teleport: 40 (vehDist: 15, pla2veh: 1) - 1x >>
[20:07:13] << AntiCheat bejelentés - [67]Earl_Wheeler - cheat: CarFlood - 1x >>
[20:10:46] << AntiCheat bejelentés - [84]Henry_Tomasino - cheat: CarFlood - 1x >>
[20:11:02] << AntiCheat bejelentés - [47]Akos_White - cheat: CarFlood - 1x >>
[20:11:27] << Több lõszere van a kelleténél: [50]Patrick_Zecchin - Parachute: kellene: 0, van: 2 >>
[20:12:46] << AntiCheat: Jármûbe beteleportálás: [39]Keny_Da_Silva - 0mp >>
[20:24:23] << AntiCheat bejelentés - [71]Gyorgy_Boyka - cheat: CarFlood - 1x >>
[20:34:22] << AntiCheat: Jármûbe beteleportálás: [2]Blake_B_Salvatore - 0mp >>
[20:35:52] << Nem vett elõ fegyvert, mégis van nála: [0]Carlos_D_Surenos - MP5[345] >>
[20:38:53] << AntiCheat bejelentés - [93]Tom_Torres - cheat: CarFlood - 1x >>
[20:40:23] << AntiCheat bejelentés - [2]Zero_Hopkins - cheat: CarFlood - 1x >>
[21:07:01] << AntiCheat bejelentés - [61]Ryan_Lennox - cheat: CarFlood - 1x >>
[21:20:47] << AntiCheat bejelentés - [80]Mike_Scaletta - cheat: CarFlood - 1x >>
[21:34:35] << AntiCheat: [84]Tom_Zecchin - Jármû teleport: 232 (vehDist: 23, pla2veh: 4) - 1x >>
[21:39:13] << AntiCheat bejelentés - [77]Milinte_Brasco - cheat: CarFlood - 1x >>
[21:44:54] << AntiCheat: [103]Steve_Aoki - Jármû teleport: 221 (vehDist: 18, pla2veh: 1) - 1x >>
[21:57:35] << AntiCheat bejelentés - [54]Johny_Morales - cheat: CarFlood - 1x >>
[21:57:41] << AntiCheat bejelentés - [54]Johny_Morales - cheat: CarFlood - 1x >>
[22:02:29] << AntiCheat: Jármûbe beteleportálás: [64]Hizusu_Weedman - 0mp >>
[22:05:12] << AntiCheat: Jármûbe beteleportálás: [76]Damien_Q_Carcassone - 3mp >>
[22:23:24] << AntiCheat: Jármûbe beteleportálás: [79]Phil_Stinson - 3mp >>
[22:39:32] << AntiCheat bejelentés - [63]Zsori_Sandor - cheat: CarFlood - 1x >>
[22:40:23] << AntiCheat: Jármûbe beteleportálás: [43]Dave_Stone - 0mp >>
[22:51:28] << AntiCheat bejelentés - [80]Jackob_Shirton - cheat: CarFlood - 1x >>
[22:55:39] << AntiCheat: Jármûbe beteleportálás: [43]Cristofer_Francesko - 0mp >>
[23:08:22] << AntiCheat bejelentés - [75]Mikhail_Bratislav - cheat: CarFlood - 1x >>
[23:26:48] << Nem vett elõ fegyvert, mégis van nála: [75]Daffy_Stacks - Deagle[1] >>
[23:31:18] << AntiCheat: Jármûbe beteleportálás: [43]Matthew_Queen - 0mp >>
[23:40:12] << AntiCheat: Jármûbe beteleportálás: [42]Rick_Aciano - 0mp >>
[23:54:12] << Több lõszere van a kelleténél: [46]Jim_Handerson - Fire: kellene: 7771, van: 7776 >>
[23:56:43] << Több lõszere van a kelleténél: [46]Jim_Handerson - Fire: kellene: 5679, van: 5689 >>
[23:57:57] << AntiCheat: Jármûbe beteleportálás: [22]Drew_B_Dueno - 5mp >>
