[02:25:36] << AntiCheat: [21]Krisztofer_Vincenzo - Jármû teleport: 945 (vehDist: 28, pla2veh: 4) - 1x >>
[02:47:21] << AntiCheat bejelentés - [1]Tom_Torres - cheat: CarFlood - 1x >>
[03:11:14] << AntiCheat bejelentés - [1]Tom_Torres - cheat: CarFlood - 1x >>
[09:50:06] << AntiCheat: [21]Emma_Stone - Jármû teleport: 729 (vehDist: 19, pla2veh: 3) - 1x >>
[10:22:54] << AntiCheat bejelentés - [41]Terno_Tommys - cheat: CarFlood - 1x >>
[10:34:50] << AntiCheat bejelentés - [17]Ralf_S_Tomasso - cheat: CarFlood - 1x >>
[11:01:41] << AntiCheat: Jármûbe beteleportálás: [32]Atsuya_D_Freeman - 4mp >>
[11:06:25] << AntiCheat: Jármûbe beteleportálás: [23]Nelson_Washington - 0mp >>
[11:43:16] << AntiCheat bejelentés - [25]Jizzy_Mc_Deguchi - cheat: CarFlood - 1x >>
[12:11:09] << AntiCheat: [17]Zero_Hopkins - Jármû teleport: 417 (vehDist: 87, pla2veh: 4) - 1x >>
[12:13:02] << AntiCheat: [24]Atsuya_D_Freeman - Jármû teleport: 668 (vehDist: 19, pla2veh: 4) - 1x >>
[12:28:09] << AntiCheat bejelentés - [46]Lucio_Zecchin - cheat: CarFlood - 1x >>
[12:40:59] << AntiCheat bejelentés - [0]Joe_Gates - cheat: CarFlood - 1x >>
[12:40:59] << AntiCheat bejelentés - [27]Ralf_S_Tomasso - cheat: CarFlood - 1x >>
[12:49:04] << AntiCheat bejelentés - [24]Atsuya_D_Freeman - cheat: CarFlood - 1x >>
[12:50:35] << AntiCheat: Jármûbe beteleportálás: [19]Kevin_L_Saltzman - 5mp >>
[13:02:39] << Nem vett elõ fegyvert, mégis van nála: [45]Lance_Sanchez - M4[250] >>
[13:40:19] << AntiCheat: Jármûbe beteleportálás: [43]Patrik_O_Neill - 0mp >>
[13:40:19] << AntiCheat bejelentés - [43]Patrik_O_Neill - cheat: CarFlood - 1x >>
[13:42:08] << AntiCheat: Jármûbe beteleportálás: [73]Vlad_D_Dueno - 0mp >>
[13:52:16] << AntiCheat bejelentés - [39]Nelson_Washington - cheat: CarFlood - 1x >>
[14:17:32] << AntiCheat bejelentés - [34]Stefan_Berger - cheat: CarFlood - 1x >>
[14:18:00] << AntiCheat bejelentés - [34]Stefan_Berger - cheat: CarFlood - 1x >>
[14:21:13] << AntiCheat bejelentés - [50]Betty_O_Neill - cheat: CarFlood - 1x >>
[14:21:13] << AntiCheat bejelentés - [59]Antonn_Fedorov - cheat: CarFlood - 1x >>
[14:23:25] << AntiCheat: Jármûbe beteleportálás: [29]Dan_B_Hollywood - 0mp >>
[14:31:45] << AntiCheat: Jármûbe beteleportálás: [0]Oliver_Aciano - 1mp >>
[14:37:51] << AntiCheat: Jármûbe beteleportálás: [55]Bent_Washington - 0mp >>
[14:40:24] << AntiCheat: [41]Tyler_Wish - Jármû teleport: 967 (vehDist: 19, pla2veh: 3) - 1x >>
[14:40:24] << AntiCheat: [41]Tyler_Wish - Jármû teleport: 967 (vehDist: 19, pla2veh: 3) - 2x >>
[14:40:24] << AntiCheat: [41]Tyler_Wish - Jármû teleport: 967 (vehDist: 19, pla2veh: 3) - 3x >>
[14:40:25] << AntiCheat: [41]Tyler_Wish - Jármû teleport: 967 (vehDist: 19, pla2veh: 3) - 4x >>
[14:40:25] << AntiCheat: [41]Tyler_Wish - Jármû teleport: 967 (vehDist: 19, pla2veh: 3) - 5x >>
[14:40:37] << Nem vett elõ fegyvert, mégis van nála: [66]Tom_Torres - M4[200] >>
[14:41:39] << Nem vett elõ fegyvert, mégis van nála: [61]Dave_R_Vincenzo - M4[108] >>
[14:41:53] << Nem vett elõ fegyvert, mégis van nála: [26]Ray_Washington - MP5[149] >>
[14:41:56] << Több lõszere van a kelleténél: [50]Lucio_Zecchin - M4: kellene: 179, van: 234 >>
[14:47:42] << AntiCheat: Jármûbe beteleportálás: [44]Chris_S_Black - 0mp >>
[15:08:15] << AntiCheat bejelentés - [42]Georg_B_Hollywood - cheat: CarFlood - 1x >>
[15:08:37] << AntiCheat bejelentés - [44]Chris_S_Black - cheat: CarFlood - 1x >>
[15:25:51] << AntiCheat: Jármûbe beteleportálás: [27]Jefferson_B_Black - 0mp >>
[15:54:00] << AntiCheat bejelentés - [20]Dave_Stinson - cheat: CarFlood - 1x >>
[15:55:04] << Joypad: [32]Bent_Washington >>
[16:07:51] << Joypad: [41]Bent_Washington >>
[16:15:51] << AntiCheat bejelentés - [43]Chris_D_Black - cheat: CarFlood - 1x >>
[17:09:19] << AntiCheat: Jármûbe beteleportálás: [32]Akos_B_Gates - 0mp >>
[17:22:35] << AntiCheat: Jármûbe beteleportálás: [26]Nelson_Washington - 0mp >>
[17:29:17] << AntiCheat bejelentés - [21]Earl_Fooster - cheat: CarFlood - 1x >>
[17:29:40] << AntiCheat bejelentés - [43]Blake_Browns - cheat: CarFlood - 1x >>
[17:46:38] << AntiCheat: Jármûbe beteleportálás: [54]Don_Sorrentino - 4mp >>
[18:22:58] << AntiCheat bejelentés - [60]Yamato_Bosco - cheat: CarFlood - 1x >>
[18:23:04] << AntiCheat bejelentés - [60]Yamato_Bosco - cheat: CarFlood - 1x >>
[18:23:07] << AntiCheat bejelentés - [60]Yamato_Bosco - cheat: CarFlood - 1x >>
[18:23:11] << AntiCheat bejelentés - [60]Yamato_Bosco - cheat: CarFlood - 1x >>
[18:23:14] << AntiCheat bejelentés - [60]Yamato_Bosco - cheat: CarFlood - 1x >>
[18:36:08] << AntiCheat bejelentés - [61]Rick_Aciano - cheat: CarFlood - 1x >>
[18:36:25] << AntiCheat: [58]Jason_Toretto - Jármû teleport: 2 (vehDist: 180, pla2veh: 1) - 1x >>
[18:41:18] << AntiCheat bejelentés - [66]Blake_Browns - cheat: CarFlood - 1x >>
[18:54:31] << AntiCheat: Jármûbe beteleportálás: [49]Henrik_T_Scaletta - 0mp >>
[18:54:52] << AntiCheat bejelentés - [68]Mark_Bishop - cheat: CarFlood - 1x >>
[19:11:48] << AntiCheat: Jármûbe beteleportálás: [57]Nelson_Washington - 0mp >>
[19:29:28] << AntiCheat: Jármûbe beteleportálás: [22]Oliver_Aciano - 0mp >>
[19:39:15] << AntiCheat: Jármûbe beteleportálás: [36]Jin_Sorrentino - 0mp >>
[19:40:26] << AntiCheat: [73]Bryan_B_Hollywood - Jármû teleport: 2 (vehDist: 15, pla2veh: 4) - 1x >>
[20:07:01] << AntiCheat bejelentés - [36]James_Creed - cheat: CarFlood - 1x >>
[20:37:10] << AntiCheat: Jármûbe beteleportálás: [18]Zero_Hopkins - 5mp >>
[20:57:49] << AntiCheat bejelentés - [46]Nadasi_Gyorgy - cheat: CarFlood - 1x >>
[20:59:09] << AntiCheat: [51]Joshue_White - Jármû teleport: 325 (vehDist: 34, pla2veh: 1) - 1x >>
[21:31:17] << AntiCheat: Jármûbe beteleportálás: [63]Carlos_D_Surenos - 0mp >>
[21:32:46] << AntiCheat: Jármûbe beteleportálás: [52]Nelson_Washington - 4mp >>
[21:32:50] << AntiCheat: Jármûbe beteleportálás: [89]Kevin_L_Saltzman - 0mp >>
[21:33:12] << AntiCheat: Jármûbe beteleportálás: [27]Zero_Hopkins - 0mp >>
[21:36:47] << AntiCheat: [71]Dave_R_Vincenzo - Jármû teleport: 404 (vehDist: 15, pla2veh: 2) - 1x >>
[21:40:01] << AntiCheat bejelentés - [50]Markus_D_Zecchin - cheat: CarFlood - 1x >>
[21:40:01] << AntiCheat bejelentés - [55]Aldo_B_Dueno - cheat: CarFlood - 1x >>
[21:44:00] << AntiCheat bejelentés - [26]Cristofer_Francesko - cheat: CarFlood - 1x >>
[21:44:24] << AntiCheat bejelentés - [41]Lucio_Zecchin - cheat: CarFlood - 1x >>
[21:44:24] << AntiCheat bejelentés - [66]Tom_Zecchin - cheat: CarFlood - 1x >>
[21:50:38] << AntiCheat: Jármûbe beteleportálás: [60]Cody_Aciano - 0mp >>
[22:07:48] << AntiCheat: [69]Dukai_Roland - Jármû teleport: 843 (vehDist: 17, pla2veh: 3) - 1x >>
[22:14:31] << AntiCheat: Jármûbe beteleportálás: [55]Mate_Richard - 0mp >>
[22:27:21] << AntiCheat: Jármûbe beteleportálás: [65]Krist_Roscoe - 5mp >>
[22:28:29] << AntiCheat: Jármûbe beteleportálás: [41]Costa_Miles - 3mp >>
[22:56:19] << AntiCheat: Jármûbe beteleportálás: [22]Harold_G_Freeman - 1mp >>
[23:02:48] << AntiCheat bejelentés - [21]Usate_Krukenberg - cheat: CarFlood - 1x >>
[23:08:25] << AntiCheat bejelentés - [45]Sam_Vinewood - cheat: CarFlood - 1x >>
[23:48:58] << AntiCheat: [34]Don_Sorrentino - Jármû teleport: 216 (vehDist: 65, pla2veh: 4) - 1x >>
