[00:01:24] << AntiCheat: Jármûbe beteleportálás: [39]Yamato_Bosco - 5mp >>
[00:08:21] << AntiCheat bejelentés - [35]Johan_B_Black - cheat: CarFlood - 1x >>
[00:08:25] << AntiCheat bejelentés - [35]Johan_B_Black - cheat: CarFlood - 1x >>
[00:13:44] << AntiCheat: Jármûbe beteleportálás: [36]Jason_Toretto - 0mp >>
[00:13:44] << AntiCheat bejelentés - [36]Jason_Toretto - cheat: CarFlood - 1x >>
[00:16:45] << AntiCheat: Jármûbe beteleportálás: [36]Jason_Toretto - 5mp >>
[08:13:16] << AntiCheat bejelentés - [0]Max_D_Freeman - cheat: CarFlood - 1x >>
[08:13:19] << AntiCheat bejelentés - [0]Max_D_Freeman - cheat: CarFlood - 1x >>
[08:44:25] << AntiCheat bejelentés - [26]Jerry_Hooward - cheat: CarFlood - 1x >>
[09:29:31] << AntiCheat: Jármûbe beteleportálás: [18]Atsuya_D_Freeman - 0mp >>
[09:31:00] << AntiCheat: [22]Darius_N_Ortega - Jármû teleport: 226 (vehDist: 103, pla2veh: 1) - 1x >>
[09:54:37] << AntiCheat bejelentés - [25]Valor_Colin - cheat: CarFlood - 1x >>
[10:09:37] << AntiCheat bejelentés - [37]Kevin_R_Sorrentino - cheat: CarFlood - 1x >>
[11:01:17] << AntiCheat: Jármûbe beteleportálás: [21]Vito_D_Brasco - 0mp >>
[11:21:22] << AntiCheat bejelentés - [60]Strong_D_Black - cheat: CarFlood - 1x >>
[11:31:29] << AntiCheat: Jármûbe beteleportálás: [46]Marcel_B_Hollywood - 0mp >>
[11:34:10] << AntiCheat bejelentés - [56]Nelson_Washington - cheat: CarFlood - 1x >>
[11:34:14] << AntiCheat bejelentés - [56]Nelson_Washington - cheat: CarFlood - 1x >>
[11:34:17] << AntiCheat bejelentés - [56]Nelson_Washington - cheat: CarFlood - 1x >>
[11:35:02] << AntiCheat bejelentés - [52]Patrick_Zecchin - cheat: CarFlood - 1x >>
[11:49:14] << AntiCheat bejelentés - [43]Ryder_T_Zecchin - cheat: CarFlood - 1x >>
[11:49:18] << AntiCheat bejelentés - [43]Ryder_T_Zecchin - cheat: CarFlood - 1x >>
[11:49:21] << AntiCheat bejelentés - [43]Ryder_T_Zecchin - cheat: CarFlood - 1x >>
[11:54:09] << AntiCheat bejelentés - [60]James_D_Ryan - cheat: CarFlood - 1x >>
[11:55:30] << AntiCheat bejelentés - [34]Kazuyoshi_Akira - cheat: CarFlood - 1x >>
[12:02:44] << AntiCheat: Jármûbe beteleportálás: [72]Strong_D_Black - 4mp >>
[12:05:56] << AntiCheat bejelentés - [41]Markus_D_Zecchin - cheat: CarFlood - 1x >>
[12:13:30] << AntiCheat: Jármûbe beteleportálás: [28]Harold_G_Freeman - 0mp >>
[12:37:09] << AntiCheat: [28]William_Washington - Jármû teleport: 973 (vehDist: 27, pla2veh: 3) - 1x >>
[12:42:04] << AntiCheat: Jármûbe beteleportálás: [53]Thomas_Berzerk - 3mp >>
[12:49:44] << Nem vett elõ fegyvert, mégis van nála: [55]Sergei_B_Dueno - MP5[9999] >>
[12:59:19] << Nem vett elõ fegyvert, mégis van nála: [66]Michael_Faraday - MP5[500] >>
[13:01:37] << AntiCheat bejelentés - [25]Valor_Colin - cheat: CarFlood - 1x >>
[13:16:57] << AntiCheat bejelentés - [44]Kazuyoshi_Akira - cheat: CarFlood - 1x >>
[13:16:59] << AntiCheat bejelentés - [44]Kazuyoshi_Akira - cheat: CarFlood - 1x >>
[13:17:07] << AntiCheat bejelentés - [44]Kazuyoshi_Akira - cheat: CarFlood - 1x >>
[13:17:10] << AntiCheat bejelentés - [61]Sergei_B_Dueno - cheat: CarFlood - 1x >>
[13:17:26] << AntiCheat bejelentés - [32]Dave_Stone - cheat: CarFlood - 1x >>
[13:23:59] << AntiCheat: Jármûbe beteleportálás: [81]Dwight_Teedog - 0mp >>
[13:24:00] << AntiCheat bejelentés - [81]Dwight_Teedog - cheat: CarFlood - 1x >>
[13:34:22] << AntiCheat: [29]Oberth_Andras - Jármû teleport: 139 (vehDist: 15, pla2veh: 2) - 1x >>
[14:16:29] << AntiCheat: [36]Antonn_Fedorov - Jármû teleport: 664 (vehDist: 66, pla2veh: 3) - 1x >>
[14:16:37] << Nem vett elõ fegyvert, mégis van nála: [25]Ryan_B_Mike - Ököl[121] >>
[14:18:04] << Nem vett elõ fegyvert, mégis van nála: [18]Ryan_B_Mike - Ököl[192] >>
[14:21:14] << AntiCheat: Jármûbe beteleportálás: [54]Doboska_Endre - 3mp >>
[14:28:42] << AntiCheat bejelentés - [55]Joshue_White - cheat: CarFlood - 1x >>
[14:58:01] << Nem vett elõ fegyvert, mégis van nála: [61]Johan_B_Black - MP5[150] >>
[15:04:50] << AntiCheat: Jármûbe beteleportálás: [72]Chris_S_Black - 4mp >>
[15:31:40] << AntiCheat: Jármûbe beteleportálás: [17]Jason_Toretto - 0mp >>
[15:33:00] << AntiCheat bejelentés - [44]Marcell_O_Neill - cheat: CarFlood - 1x >>
[15:35:50] << AntiCheat bejelentés - [21]Usate_Krukenberg - cheat: CarFlood - 1x >>
[15:44:51] << AntiCheat: [51]Mark_B_Hollywood - Jármû teleport: 992 (vehDist: 17, pla2veh: 1) - 1x >>
[16:05:02] << AntiCheat bejelentés - [64]Valor_Colin - cheat: CarFlood - 1x >>
[16:05:18] << AntiCheat bejelentés - [64]Valor_Colin - cheat: CarFlood - 1x >>
[16:46:51] << AntiCheat bejelentés - [31]Connor_O_Neill - cheat: CarFlood - 1x >>
[17:00:52] << AntiCheat bejelentés - [53]David_Toretto - cheat: CarFlood - 1x >>
[17:07:02] << AntiCheat bejelentés - [39]Mark_Bishop - cheat: CarFlood - 1x >>
[17:07:06] << AntiCheat bejelentés - [72]Ryder_T_Zecchin - cheat: CarFlood - 1x >>
[17:07:14] << AntiCheat bejelentés - [72]Ryder_T_Zecchin - cheat: CarFlood - 1x >>
[17:07:19] << AntiCheat bejelentés - [72]Ryder_T_Zecchin - cheat: CarFlood - 1x >>
[17:20:33] << AntiCheat: Jármûbe beteleportálás: [43]Gyorgy_Boyka - 0mp >>
[17:23:57] << AntiCheat bejelentés - [39]Mark_Bishop - cheat: CarFlood - 1x >>
[17:26:22] << AntiCheat: Jármûbe beteleportálás: [74]Zero_Hopkins - 1mp >>
[17:29:34] << AntiCheat: [33]Nick_R_Wilson - Jármû teleport: 525 (vehDist: 183, pla2veh: 3) - 1x >>
[17:29:34] << AntiCheat: [33]Nick_R_Wilson - Jármû teleport: 525 (vehDist: 183, pla2veh: 3) - 2x >>
[17:29:35] << AntiCheat: [33]Nick_R_Wilson - Jármû teleport: 525 (vehDist: 184, pla2veh: 3) - 3x >>
[17:29:35] << AntiCheat: [33]Nick_R_Wilson - Jármû teleport: 525 (vehDist: 184, pla2veh: 3) - 4x >>
[17:32:01] << AntiCheat: Jármûbe beteleportálás: [34]Tom_Torres - 3mp >>
[17:32:29] << AntiCheat: Jármûbe beteleportálás: [78]Don_Sorrentino - 0mp >>
[17:44:05] << Több lõszere van a kelleténél: [24]Sergei_B_Dueno - M4: kellene: 28, van: 10027 >>
[17:54:00] << AntiCheat: Jármûbe beteleportálás: [25]Krisztofer_Vincenzo - 1mp >>
[18:02:33] << AntiCheat bejelentés - [67]Doboska_Endre - cheat: CarFlood - 1x >>
[18:06:35] << Joypad: [31]Tom_Torres >>
[18:07:12] << AntiCheat bejelentés - [42]James_D_Ryan - cheat: CarFlood - 1x >>
[18:07:15] << AntiCheat bejelentés - [42]James_D_Ryan - cheat: CarFlood - 1x >>
[18:08:41] << AntiCheat: Jármûbe beteleportálás: [51]Don_Sorrentino - 0mp >>
[18:13:10] << AntiCheat: Jármûbe beteleportálás: [24]Sidney_Tribiani - 0mp >>
[18:15:36] << AntiCheat bejelentés - [45]Kazuyoshi_Akira - cheat: CarFlood - 1x >>
[18:18:44] << AntiCheat: Jármûbe beteleportálás: [27]Norbert_N_Ortega - 1mp >>
[18:27:10] << AntiCheat bejelentés - [46]Zero_Hopkins - cheat: CarFlood - 1x >>
[18:48:29] << AntiCheat bejelentés - [0]Jasen_T_Asad - cheat: CarFlood - 1x >>
[19:11:51] << AntiCheat: Jármûbe beteleportálás: [45]Zero_Hopkins - 0mp >>
[19:34:54] << AntiCheat bejelentés - [45]Ryder_T_Zecchin - cheat: CarFlood - 1x >>
[19:37:48] << AntiCheat: Jármûbe beteleportálás: [46]Jasen_T_Asad - 0mp >>
[19:37:53] << AntiCheat: Jármûbe beteleportálás: [46]Jasen_T_Asad - 0mp >>
[19:47:17] << AntiCheat: Jármûbe beteleportálás: [23]Harold_G_Freeman - 5mp >>
[19:56:52] << AntiCheat: Jármûbe beteleportálás: [58]Steve_J_Sorrentino - 0mp >>
[20:15:04] << AntiCheat: Jármûbe beteleportálás: [27]Torres_Butler - 5mp >>
[20:26:10] << AntiCheat: [32]Stefan_Berger - Jármû teleport: 1031 (vehDist: 24, pla2veh: 2) - 1x >>
[20:26:10] << AntiCheat: [32]Stefan_Berger - Jármû teleport: 1031 (vehDist: 25, pla2veh: 3) - 2x >>
[20:26:10] << AntiCheat: [32]Stefan_Berger - Jármû teleport: 1031 (vehDist: 25, pla2veh: 4) - 3x >>
[20:33:12] << AntiCheat bejelentés - [82]Ryder_T_Zecchin - cheat: CarFlood - 1x >>
[20:34:53] << AntiCheat: Jármûbe beteleportálás: [61]John_Kelin - 4mp >>
[20:43:12] << AntiCheat: Jármûbe beteleportálás: [21]Patrick_Zecchin - 0mp >>
[20:48:52] << AntiCheat: Jármûbe beteleportálás: [69]Costa_Miles - 0mp >>
[20:54:48] << AntiCheat: Jármûbe beteleportálás: [61]John_Kelin - 0mp >>
[20:57:15] << AntiCheat bejelentés - [29]Drew_B_Dueno - cheat: CarFlood - 1x >>
[21:11:15] << AntiCheat: Jármûbe beteleportálás: [22]Mate_Richard - 3mp >>
[21:15:15] << AntiCheat: Jármûbe beteleportálás: [24]Patrik_O_Neill - 0mp >>
[21:15:15] << AntiCheat bejelentés - [24]Patrik_O_Neill - cheat: CarFlood - 1x >>
[21:18:51] << AntiCheat bejelentés - [72]Stefan_Berger - cheat: CarFlood - 1x >>
[21:23:31] << AntiCheat bejelentés - [25]Jin_Sorrentino - cheat: CarFlood - 1x >>
[21:23:34] << AntiCheat bejelentés - [25]Jin_Sorrentino - cheat: CarFlood - 1x >>
[21:23:38] << AntiCheat bejelentés - [25]Jin_Sorrentino - cheat: CarFlood - 1x >>
[21:28:34] << AntiCheat: Jármûbe beteleportálás: [61]Chris_S_Black - 4mp >>
[21:37:19] << AntiCheat: [28]Doboska_Endre - Jármû teleport: 236 (vehDist: 93, pla2veh: 2) - 1x >>
[21:40:56] << AntiCheat: Jármûbe beteleportálás: [63]Valor_Colin - 2mp >>
[21:44:29] << AntiCheat bejelentés - [60]Thomas_Davis - cheat: CarFlood - 1x >>
[22:15:34] << AntiCheat bejelentés - [39]Max_D_Freeman - cheat: CarFlood - 1x >>
[22:17:46] << AntiCheat: Jármûbe beteleportálás: [26]Santos_O_Neill - 0mp >>
[22:28:17] << AntiCheat bejelentés - [24]Patrik_O_Neill - cheat: CarFlood - 1x >>
[22:39:04] << Lehetséges FakeKill: [33]Akos_B_Gates - reason: 49 (0) - shoot: 0mp - death: 1500mp - x >>
[22:46:58] << AntiCheat bejelentés - [35]Doboska_Endre - cheat: CarFlood - 1x >>
[22:51:49] << AntiCheat: Jármûbe beteleportálás: [47]Zero_Hopkins - 0mp >>
[23:00:52] << AntiCheat: Jármûbe beteleportálás: [69]Mike_O_Neill - 3mp >>
[23:17:52] << AntiCheat: Jármûbe beteleportálás: [29]Don_Sorrentino - 3mp >>
[23:49:31] << AntiCheat: [26]Costa_Miles - Jármû teleport: 398 (vehDist: 29, pla2veh: 1) - 1x >>
