[00:11:22] << Joypad: [23]Dom_Aciano >>
[00:12:43] << Nem vett elõ fegyvert, mégis van nála: [29]Aldo_B_Dueno - M4[500] >>
[00:39:51] << AntiCheat bejelentés - [34]Connor_O_Neill - cheat: CarFlood - 1x >>
[00:45:58] << AntiCheat bejelentés - [29]Algernon_Youngmay - cheat: CarFlood - 1x >>
[01:17:10] << AntiCheat bejelentés - [19]Diego_Aciano - cheat: CarFlood - 1x >>
[01:26:01] << AntiCheat: Jármûbe beteleportálás: [39]Mike_O_Neill - 0mp >>
[01:32:59] << AntiCheat bejelentés - [23]Connor_O_Neill - cheat: CarFlood - 1x >>
[02:10:09] << AntiCheat bejelentés - [16]Oliver_Aciano - cheat: CarFlood - 1x >>
[07:26:56] << AntiCheat bejelentés - [22]Bryan_Dawson - cheat: CarFlood - 1x >>
[09:36:46] << AntiCheat: Jármûbe beteleportálás: [19]Peter_D_Wayne - 3mp >>
[10:02:25] << AntiCheat: Jármûbe beteleportálás: [25]Elwood_JR_Sorrentino - 5mp >>
[10:19:10] << AntiCheat: Jármûbe beteleportálás: [21]Peter_D_Wayne - 0mp >>
[11:20:11] << AntiCheat: Jármûbe beteleportálás: [45]Krisztofer_Vincenzo - 5mp >>
[11:59:33] << AntiCheat: [42]Elwood_JR_Sorrentino - Jármû teleport: 325 (vehDist: 18, pla2veh: 4) - 1x >>
[12:16:32] << AntiCheat: Jármûbe beteleportálás: [43]Oliver_Aciano - 0mp >>
[12:40:24] << AntiCheat: Jármûbe beteleportálás: [30]Daniella_Inferno - 0mp >>
[13:33:48] << Joypad: [34]Bence_S_Kennedy >>
[14:28:34] << Nem vett elõ fegyvert, mégis van nála: [25]Tom_Torres - AK47[500] >>
[14:34:07] << AntiCheat: Jármûbe beteleportálás: [29]Torres_Butler - 4mp >>
[14:36:52] << AntiCheat: Jármûbe beteleportálás: [27]Algernon_Youngmay - 0mp >>
[15:21:25] << AntiCheat bejelentés - [45]John_Emerson - cheat: CarFlood - 1x >>
[15:32:22] << AntiCheat: Jármûbe beteleportálás: [54]Patrik_O_Neill - 0mp >>
[15:32:22] << AntiCheat bejelentés - [54]Patrik_O_Neill - cheat: CarFlood - 1x >>
[15:52:37] << AntiCheat: [54]Patrik_O_Neill - Jármû teleport: 555 (vehDist: 37, pla2veh: 3) - 1x >>
[15:53:25] << AntiCheat: Jármûbe beteleportálás: [32]Nelson_Washington - 0mp >>
[16:14:35] << AntiCheat: [22]Henrik_T_Scaletta - Jármû teleport: 552 (vehDist: 20, pla2veh: 4) - 1x >>
[16:23:53] << AntiCheat: Jármûbe beteleportálás: [38]Denaro_Brasco - 0mp >>
[17:05:54] << AntiCheat: Jármûbe beteleportálás: [36]Elwood_JR_Sorrentino - 0mp >>
[17:14:02] << AntiCheat: Jármûbe beteleportálás: [22]Henrik_T_Scaletta - 0mp >>
[17:29:22] << AntiCheat: Jármûbe beteleportálás: [60]Bence_S_Kennedy - 0mp >>
[17:31:53] << AntiCheat: Jármûbe beteleportálás: [63]Steve_J_Sorrentino - 0mp >>
[19:16:20] << AntiCheat: Jármûbe beteleportálás: [22]Marcell_O_Neill - 0mp >>
[19:16:51] << AntiCheat: Jármûbe beteleportálás: [22]Marcell_O_Neill - 0mp >>
[19:17:15] << AntiCheat: Jármûbe beteleportálás: [22]Marcell_O_Neill - 0mp >>
[19:17:35] << AntiCheat: Jármûbe beteleportálás: [22]Marcell_O_Neill - 0mp >>
[19:18:59] << AntiCheat: Jármûbe beteleportálás: [22]Marcell_O_Neill - 0mp >>
[19:23:39] << AntiCheat: Jármûbe beteleportálás: [22]Marcell_O_Neill - 0mp >>
[19:29:09] << AntiCheat: Jármûbe beteleportálás: [22]Marcell_O_Neill - 0mp >>
[19:29:32] << AntiCheat: Jármûbe beteleportálás: [22]Marcell_O_Neill - 0mp >>
[19:52:37] << AntiCheat: Jármûbe beteleportálás: [76]Kevin_R_Sorrentino - 0mp >>
[19:58:14] << AntiCheat: Jármûbe beteleportálás: [40]Elwood_JR_Sorrentino - 0mp >>
[20:01:42] << AntiCheat: [44]Algernon_Youngmay - Jármû teleport: 527 (vehDist: 17, pla2veh: 0) - 1x >>
[20:04:27] << AntiCheat: Jármûbe beteleportálás: [48]Fekete_Erik - 4mp >>
[20:05:03] << AntiCheat: Jármûbe beteleportálás: [75]Pablo_Scaletta - 5mp >>
[20:21:44] << AntiCheat: Jármûbe beteleportálás: [31]James_D_Freeman - 0mp >>
[22:39:31] << Több lõszere van a kelleténél: [24]Jim_Handerson - Fire: kellene: 8620, van: 8625 >>
[22:48:50] << Több lõszere van a kelleténél: [24]Jim_Handerson - Fire: kellene: 7611, van: 7632 >>
[22:49:58] << Több lõszere van a kelleténél: [20]Jim_Handerson - Fire: kellene: 7267, van: 7287 >>
[22:51:03] << Több lõszere van a kelleténél: [20]Jim_Handerson - Fire: kellene: 7105, van: 7146 >>
[22:54:56] << Több lõszere van a kelleténél: [20]Jim_Handerson - Fire: kellene: 8866, van: 8871 >>
[22:58:05] << Több lõszere van a kelleténél: [20]Jim_Handerson - Fire: kellene: 7212, van: 7232 >>
[23:44:35] << AntiCheat bejelentés - [18]Vlad_D_Dueno - cheat: CarFlood - 1x >>
