[02:46:06] << AntiCheat bejelentés - [20]Marcell_O_Neill - cheat: CarFlood - 1x >>
[03:02:22] << AntiCheat: [0]Tom_Torres - Jármû teleport: 1029 (vehDist: 78, pla2veh: 2) - 1x >>
[03:12:13] << AntiCheat: Jármûbe beteleportálás: [20]Don_Sorrentino - 1mp >>
[03:14:24] << AntiCheat: Jármûbe beteleportálás: [18]Marcell_O_Neill - 0mp >>
[03:45:03] << AntiCheat: Jármûbe beteleportálás: [0]Tom_Torres - 0mp >>
[06:52:40] << AntiCheat bejelentés - [0]James_D_Ryan - cheat: CarFlood - 1x >>
[06:52:43] << AntiCheat bejelentés - [0]James_D_Ryan - cheat: CarFlood - 1x >>
[08:19:20] << AntiCheat: Jármûbe beteleportálás: [24]Kiraly_Viktor - 0mp >>
[08:41:12] << AntiCheat: Jármûbe beteleportálás: [17]Kiraly_Viktor - 0mp >>
[09:18:13] << AntiCheat bejelentés - [0]James_D_Ryan - cheat: CarFlood - 1x >>
[09:35:15] << AntiCheat: Jármûbe beteleportálás: [17]Pekano_S_Barett - 5mp >>
[09:43:48] << AntiCheat bejelentés - [21]Kevin_L_Saltzman - cheat: CarFlood - 1x >>
[09:59:59] << AntiCheat: Jármûbe beteleportálás: [21]Darius_N_Ortega - 0mp >>
[10:58:41] << AntiCheat: [47]Joker_Creed - Jármû teleport: 869 (vehDist: 58, pla2veh: 1) - 1x >>
[11:09:10] << AntiCheat: [32]Steve_J_Sorrentino - Jármû teleport: 657 (vehDist: 32, pla2veh: 1) - 1x >>
[11:22:34] << AntiCheat: Jármûbe beteleportálás: [51]Max_D_Freeman - 4mp >>
[11:23:43] << AntiCheat: Jármûbe beteleportálás: [54]Toth_Martin - 2mp >>
[11:45:39] << AntiCheat: [19]Edie_Morra - Jármû teleport: 1029 (vehDist: 27, pla2veh: 1) - 1x >>
[11:54:19] << AntiCheat: Jármûbe beteleportálás: [26]Norbert_N_Ortega - 4mp >>
[12:13:26] << AntiCheat bejelentés - [51]Zack_B_Zecchin - cheat: CarFlood - 1x >>
[12:17:35] << AntiCheat: Jármûbe beteleportálás: [52]Valor_Colin - 4mp >>
[12:38:34] << AntiCheat bejelentés - [34]Natalia_Inferno - cheat: CarFlood - 1x >>
[12:44:11] << AntiCheat bejelentés - [57]Joe_Walker - cheat: CarFlood - 1x >>
[12:44:14] << AntiCheat bejelentés - [57]Joe_Walker - cheat: CarFlood - 1x >>
[13:01:32] << AntiCheat: Jármûbe beteleportálás: [39]Steve_Aoki - 0mp >>
[13:07:55] << AntiCheat bejelentés - [48]James_D_Ryan - cheat: CarFlood - 1x >>
[13:47:03] << AntiCheat bejelentés - [27]Steve_Aoki - cheat: CarFlood - 1x >>
[13:47:09] << AntiCheat bejelentés - [27]Steve_Aoki - cheat: CarFlood - 1x >>
[13:47:11] << AntiCheat bejelentés - [27]Steve_Aoki - cheat: CarFlood - 1x >>
[13:47:16] << AntiCheat bejelentés - [27]Steve_Aoki - cheat: CarFlood - 1x >>
[13:47:21] << AntiCheat bejelentés - [27]Steve_Aoki - cheat: CarFlood - 1x >>
[13:48:53] << AntiCheat bejelentés - [67]Envy_Corleone - cheat: CarFlood - 1x >>
[14:29:46] << Lehetséges FakeKill: [58]Mate_Richard - reason: 49 (0) - shoot: 0mp - death: 2796mp - x >>
[14:47:32] << AntiCheat bejelentés - [20]Zero_Hopkins - cheat: CarFlood - 1x >>
[15:10:40] << AntiCheat bejelentés - [44]Henry_Tomasino - cheat: CarFlood - 1x >>
[15:10:57] << AntiCheat: [21]Dave_R_Vincenzo - Jármû teleport: 393 (vehDist: 18, pla2veh: 3) - 1x >>
[15:10:57] << AntiCheat: [21]Dave_R_Vincenzo - Jármû teleport: 393 (vehDist: 17, pla2veh: 3) - 2x >>
[15:15:56] << AntiCheat: Jármûbe beteleportálás: [23]Joshue_White - 5mp >>
[15:24:18] << AntiCheat: [55]Jimmy_Doherty - Jármû teleport: 854 (vehDist: 50, pla2veh: 1) - 1x >>
[15:24:18] << AntiCheat: [55]Jimmy_Doherty - Jármû teleport: 854 (vehDist: 50, pla2veh: 1) - 2x >>
[15:26:44] << AntiCheat: Jármûbe beteleportálás: [65]Bryan_B_Hollywood - 0mp >>
[15:31:25] << AntiCheat: Jármûbe beteleportálás: [52]Blake_B_Salvatore - 0mp >>
[15:31:29] << AntiCheat: Jármûbe beteleportálás: [52]Blake_B_Salvatore - 0mp >>
[15:31:32] << AntiCheat: Jármûbe beteleportálás: [52]Blake_B_Salvatore - 0mp >>
[15:31:34] << AntiCheat: Jármûbe beteleportálás: [52]Blake_B_Salvatore - 0mp >>
[15:32:13] << AntiCheat: Jármûbe beteleportálás: [52]Blake_B_Salvatore - 0mp >>
[15:32:25] << AntiCheat: Jármûbe beteleportálás: [52]Blake_B_Salvatore - 0mp >>
[15:32:33] << AntiCheat: Jármûbe beteleportálás: [52]Blake_B_Salvatore - 0mp >>
[15:32:37] << AntiCheat: Jármûbe beteleportálás: [52]Blake_B_Salvatore - 0mp >>
[15:32:42] << AntiCheat: Jármûbe beteleportálás: [52]Blake_B_Salvatore - 0mp >>
[15:32:51] << AntiCheat: [78]Henry_Tomasino - Jármû teleport: 399 (vehDist: 52, pla2veh: 2) - 1x >>
[15:36:52] << AntiCheat bejelentés - [25]David_Statham - cheat: CarFlood - 1x >>
[15:53:08] << AntiCheat: Jármûbe beteleportálás: [30]Mate_Richard - 3mp >>
[15:57:41] << AntiCheat: [46]Blake_Browns - Jármû teleport: 1 (vehDist: 32, pla2veh: 1) - 1x >>
[15:59:06] << AntiCheat: Jármûbe beteleportálás: [33]Dominic_Vincenzo - 4mp >>
[16:01:18] << AntiCheat: [37]Jason_Aciano - Jármû teleport: 1053 (vehDist: 15, pla2veh: 0) - 1x >>
[16:19:06] << AntiCheat bejelentés - [51]Don_Sorrentino - cheat: CarFlood - 1x >>
[16:19:10] << AntiCheat bejelentés - [51]Don_Sorrentino - cheat: CarFlood - 1x >>
[16:19:15] << AntiCheat bejelentés - [52]Mike_S_Surenos - cheat: CarFlood - 1x >>
[16:19:20] << AntiCheat bejelentés - [51]Don_Sorrentino - cheat: CarFlood - 1x >>
[16:23:14] << AntiCheat bejelentés - [61]Ryan_B_Mike - cheat: CarFlood - 1x >>
[16:23:19] << AntiCheat bejelentés - [61]Ryan_B_Mike - cheat: CarFlood - 1x >>
[16:23:20] << AntiCheat bejelentés - [61]Ryan_B_Mike - cheat: CarFlood - 1x >>
[16:24:39] << AntiCheat: Jármûbe beteleportálás: [28]Kiraly_Viktor - 0mp >>
[16:27:36] << AntiCheat: [19]Sidney_Tribiani - Jármû teleport: 1017 (vehDist: 21, pla2veh: 2) - 1x >>
[16:35:05] << AntiCheat: Jármûbe beteleportálás: [65]Finuccsi_Zecchin - 0mp >>
[16:42:27] << AntiCheat: [40]Brandon_Toretto - Jármû teleport: 1050 (vehDist: 24, pla2veh: 2) - 1x >>
[16:42:27] << AntiCheat: [40]Brandon_Toretto - Jármû teleport: 1050 (vehDist: 24, pla2veh: 2) - 2x >>
[16:48:13] << AntiCheat: Jármûbe beteleportálás: [0]Mate_Richard - 0mp >>
[16:50:13] << AntiCheat bejelentés - [58]Strong_D_Black - cheat: CarFlood - 1x >>
[16:51:38] << AntiCheat bejelentés - [58]Strong_D_Black - cheat: CarFlood - 1x >>
[17:06:48] << AntiCheat bejelentés - [50]Jerry_Hooward - cheat: CarFlood - 1x >>
[17:06:52] << AntiCheat bejelentés - [50]Jerry_Hooward - cheat: CarFlood - 1x >>
[17:07:35] << AntiCheat bejelentés - [70]Henry_Tomasino - cheat: CarFlood - 1x >>
[17:11:21] << AntiCheat: Jármûbe beteleportálás: [21]Denny_Toretto - 0mp >>
[17:14:57] << AntiCheat: Jármûbe beteleportálás: [21]Denny_Toretto - 0mp >>
[17:14:58] << AntiCheat: Jármûbe beteleportálás: [21]Denny_Toretto - 0mp >>
[17:15:04] << AntiCheat: Jármûbe beteleportálás: [21]Denny_Toretto - 0mp >>
[17:17:19] << AntiCheat: [41]Blake_B_Salvatore - Jármû teleport: 396 (vehDist: 23, pla2veh: 3) - 1x >>
[17:17:19] << AntiCheat: [41]Blake_B_Salvatore - Jármû teleport: 396 (vehDist: 29, pla2veh: 1) - 2x >>
[17:17:19] << AntiCheat: [41]Blake_B_Salvatore - Jármû teleport: 396 (vehDist: 39, pla2veh: 3) - 3x >>
[17:22:37] << AntiCheat: [68]Kiraly_Hunor - Jármû teleport: 389 (vehDist: 91, pla2veh: 4) - 1x >>
[17:41:39] << Több lõszere van a kelleténél: [81]Jason_Toretto - Parachute: kellene: 0, van: 2 >>
[17:52:41] << AntiCheat: Jármûbe beteleportálás: [21]Daniel_Scaletta - 0mp >>
[17:53:54] << AntiCheat: [50]Jerry_Hooward - Jármû teleport: 983 (vehDist: 15, pla2veh: 2) - 1x >>
[17:58:40] << AntiCheat: [34]Henry_Tomasino - Jármû teleport: 405 (vehDist: 183, pla2veh: 2) - 1x >>
[18:00:34] << AntiCheat: Jármûbe beteleportálás: [47]Mark_Bishop - 5mp >>
[18:09:45] << AntiCheat: Jármûbe beteleportálás: [97]Vito_D_Brasco - 0mp >>
[18:15:38] << AntiCheat: Jármûbe beteleportálás: [31]Nelson_Washington - 0mp >>
[18:25:37] << AntiCheat bejelentés - [19]Blake_Browns - cheat: CarFlood - 1x >>
[18:25:40] << AntiCheat bejelentés - [19]Blake_Browns - cheat: CarFlood - 1x >>
[18:25:44] << AntiCheat bejelentés - [19]Blake_Browns - cheat: CarFlood - 1x >>
[18:25:51] << AntiCheat bejelentés - [19]Blake_Browns - cheat: CarFlood - 1x >>
[18:28:24] << AntiCheat: Jármûbe beteleportálás: [30]Krist_Roscoe - 4mp >>
[18:29:04] << AntiCheat: [42]Markus_D_Zecchin - Jármû teleport: 691 (vehDist: 20, pla2veh: 0) - 1x >>
[18:36:58] << AntiCheat: Jármûbe beteleportálás: [61]Mate_Richard - 4mp >>
[18:38:54] << AntiCheat bejelentés - [52]Steve_Aoki - cheat: CarFlood - 1x >>
[18:39:35] << Több lõszere van a kelleténél: [81]Jason_Toretto - Parachute: kellene: 0, van: 2 >>
[18:39:55] << AntiCheat bejelentés - [19]Blake_Browns - cheat: CarFlood - 1x >>
[18:40:02] << AntiCheat bejelentés - [19]Blake_Browns - cheat: CarFlood - 1x >>
[18:40:29] << Több lõszere van a kelleténél: [68]Patrick_Zecchin - Parachute: kellene: 0, van: 2 >>
[18:41:47] << Több lõszere van a kelleténél: [81]Jason_Toretto - Parachute: kellene: 0, van: 2 >>
[18:42:57] << Több lõszere van a kelleténél: [84]Costa_Miles - Parachute: kellene: 0, van: 2 >>
[18:46:07] << Több lõszere van a kelleténél: [51]Ryan_Lennox - Parachute: kellene: 0, van: 2 >>
[18:46:09] << Több lõszere van a kelleténél: [33]Matt_Creed - Parachute: kellene: 0, van: 2 >>
[18:47:28] << AntiCheat bejelentés - [70]Mester_Csaba - cheat: CarFlood - 1x >>
[18:47:32] << AntiCheat bejelentés - [70]Mester_Csaba - cheat: CarFlood - 1x >>
[18:49:15] << AntiCheat: Jármûbe beteleportálás: [46]Charlie_Harper - 0mp >>
[18:49:56] << AntiCheat bejelentés - [57]Kiraly_Hunor - cheat: CarFlood - 1x >>
[18:50:11] << Több lõszere van a kelleténél: [33]Matt_Creed - Parachute: kellene: 0, van: 2 >>
[18:54:23] << Több lõszere van a kelleténél: [33]Matt_Creed - Parachute: kellene: 0, van: 2 >>
[19:14:16] << AntiCheat bejelentés - [34]Freddie_B_Scaletta - cheat: CarFlood - 1x >>
[19:16:45] << AntiCheat: [65]Jason_Toretto - Jármû teleport: 381 (vehDist: 23, pla2veh: 4) - 1x >>
[19:48:45] << AntiCheat: Jármûbe beteleportálás: [57]Earl_Fooster - 0mp >>
[19:51:08] << AntiCheat: Jármûbe beteleportálás: [57]Earl_Fooster - 0mp >>
[19:52:32] << AntiCheat bejelentés - [83]Pekano_S_Barett - cheat: CarFlood - 1x >>
[19:52:32] << AntiCheat bejelentés - [83]Pekano_S_Barett - cheat: CarFlood - 2x >>
[19:52:53] << AntiCheat: Jármûbe beteleportálás: [57]Earl_Fooster - 0mp >>
[20:36:43] << AntiCheat: [28]Krist_Roscoe - Jármû teleport: 501 (vehDist: 23, pla2veh: 3) - 1x >>
[20:45:30] << AntiCheat: Jármûbe beteleportálás: [33]Joe_Gates - 0mp >>
[20:59:19] << AntiCheat bejelentés - [33]Joe_Gates - cheat: CarFlood - 1x >>
[21:01:29] << AntiCheat bejelentés - [45]Harold_G_Freeman - cheat: CarFlood - 1x >>
[21:05:49] << AntiCheat: [29]Mark_Bishop - Jármû teleport: 231 (vehDist: 18, pla2veh: 2) - 1x >>
[21:05:59] << AntiCheat: [29]Mark_Bishop - Jármû teleport: 232 (vehDist: 26, pla2veh: 2) - 1x >>
[21:10:51] << AntiCheat bejelentés - [45]Harold_G_Freeman - cheat: CarFlood - 1x >>
[21:37:50] << AntiCheat bejelentés - [83]Charlie_Harper - cheat: CarFlood - 1x >>
[21:38:02] << AntiCheat bejelentés - [83]Charlie_Harper - cheat: CarFlood - 1x >>
[21:39:50] << Joypad: [86]Tom_Mulex >>
[21:40:37] << AntiCheat bejelentés - [29]James_Harris - cheat: CarFlood - 1x >>
[21:46:38] << AntiCheat bejelentés - [79]Nagy_Richard - cheat: CarFlood - 1x >>
[21:49:09] << AntiCheat: Jármûbe beteleportálás: [29]Nick_Vitale - 0mp >>
[21:51:46] << AntiCheat bejelentés - [83]Charlie_Harper - cheat: CarFlood - 1x >>
[22:11:22] << AntiCheat: Jármûbe beteleportálás: [39]Georg_B_Hollywood - 0mp >>
[23:16:23] << AntiCheat bejelentés - [33]Johny_Morales - cheat: CarFlood - 1x >>
[23:16:27] << AntiCheat bejelentés - [33]Johny_Morales - cheat: CarFlood - 1x >>
[23:16:30] << AntiCheat bejelentés - [33]Johny_Morales - cheat: CarFlood - 1x >>
[23:20:46] << Joypad: [46]Tom_Mulex >>
[23:36:12] << AntiCheat: [25]Mark_Bishop - Jármû teleport: 502 (vehDist: 21, pla2veh: 0) - 1x >>
[23:53:25] << AntiCheat bejelentés - [36]Steve_Aoki - cheat: CarFlood - 1x >>
[23:54:55] << AntiCheat: Jármûbe beteleportálás: [51]Georg_B_Hollywood - 0mp >>
[23:59:08] << AntiCheat bejelentés - [36]Steve_Aoki - cheat: CarFlood - 1x >>
