[00:03:00] << AntiCheat bejelentés - [38]Marcell_O_Neill - cheat: CarFlood - 1x >>
[00:04:04] << Joypad: [12]Darthy_M_Stillenacht >>
[00:19:33] << AntiCheat: Jármûbe beteleportálás: [42]Sidney_Tribiani - 0mp >>
[00:29:31] << AntiCheat: Jármûbe beteleportálás: [38]Matt_Creed - 4mp >>
[00:45:16] << AntiCheat: Jármûbe beteleportálás: [35]John_Kelin - 0mp >>
[01:24:56] << AntiCheat bejelentés - [27]Steve_Aoki - cheat: CarFlood - 1x >>
[01:43:16] << AntiCheat bejelentés - [30]Marcell_O_Neill - cheat: CarFlood - 1x >>
[02:10:27] << AntiCheat: [12]Valor_Colin - Jármû teleport: 157 (vehDist: 105, pla2veh: 3) - 1x >>
[03:17:33] << AntiCheat: Jármûbe beteleportálás: [12]Tom_Torres - 0mp >>
[03:23:15] << AntiCheat bejelentés - [0]Don_Sorrentino - cheat: CarFlood - 1x >>
[08:15:09] << AntiCheat: Jármûbe beteleportálás: [0]Atsuya_D_Freeman - 0mp >>
[09:12:24] << AntiCheat: [11]Frank_Cobain - Jármû teleport: 319 (vehDist: 17, pla2veh: 4) - 1x >>
[09:18:04] << AntiCheat: Jármûbe beteleportálás: [11]Bruce_Inferno - 5mp >>
[10:03:56] << AntiCheat: Jármûbe beteleportálás: [21]Akos_B_Gates - 4mp >>
[10:15:47] << AntiCheat: Jármûbe beteleportálás: [26]Tom_Strike - 0mp >>
[10:50:38] << AntiCheat: Jármûbe beteleportálás: [34]Bryan_B_Hollywood - 5mp >>
[10:54:32] << AntiCheat: Jármûbe beteleportálás: [40]Georg_B_Hollywood - 0mp >>
[11:07:52] << AntiCheat: Jármûbe beteleportálás: [1]Dave_R_Vincenzo - 0mp >>
[11:21:47] << AntiCheat bejelentés - [23]Cody_Aciano - cheat: CarFlood - 1x >>
[11:34:56] << AntiCheat: Jármûbe beteleportálás: [23]Cody_Aciano - 4mp >>
[11:41:51] << AntiCheat bejelentés - [36]Bryan_B_Hollywood - cheat: CarFlood - 1x >>
[11:58:11] << AntiCheat bejelentés - [26]Cristofer_Francesko - cheat: CarFlood - 1x >>
[12:01:22] << AntiCheat: [26]Cristofer_Francesko - Jármû teleport: 122 (vehDist: 27, pla2veh: 1) - 1x >>
[12:01:25] << AntiCheat: [26]Cristofer_Francesko - Jármû teleport: 127 (vehDist: 20, pla2veh: 1) - 1x >>
[12:04:21] << AntiCheat: [47]Kevin_S_Tomasso - Jármû teleport: 56 (vehDist: 28, pla2veh: 3) - 1x >>
[12:18:29] << AntiCheat bejelentés - [39]Johny_Morales - cheat: CarFlood - 1x >>
[12:25:38] << AntiCheat bejelentés - [0]James_Creed - cheat: CarFlood - 1x >>
[12:32:33] << AntiCheat bejelentés - [42]Jimmy_Doherty - cheat: CarFlood - 1x >>
[12:36:32] << AntiCheat bejelentés - [12]Atsuya_D_Freeman - cheat: CarFlood - 1x >>
[12:36:33] << AntiCheat bejelentés - [21]Tyler_Wish - cheat: CarFlood - 1x >>
[12:40:17] << AntiCheat: Jármûbe beteleportálás: [26]Elwood_JR_Sorrentino - 0mp >>
[12:40:54] << AntiCheat bejelentés - [40]Greg_S_Sureyya - cheat: CarFlood - 1x >>
[12:55:11] << AntiCheat bejelentés - [11]Steve_Aoki - cheat: CarFlood - 1x >>
[12:55:15] << AntiCheat bejelentés - [11]Steve_Aoki - cheat: CarFlood - 1x >>
[12:55:17] << AntiCheat bejelentés - [11]Steve_Aoki - cheat: CarFlood - 1x >>
[12:55:20] << AntiCheat bejelentés - [11]Steve_Aoki - cheat: CarFlood - 1x >>
[12:58:43] << AntiCheat bejelentés - [1]Charlie_Harper - cheat: CarFlood - 1x >>
[13:00:00] << AntiCheat bejelentés - [24]Matthew_Carter - cheat: CarFlood - 1x >>
[13:19:38] << Joypad: [0]Alfonso_Nervo >>
[13:22:19] << AntiCheat bejelentés - [12]Akos_B_Gates - cheat: CarFlood - 1x >>
[13:28:52] << AntiCheat bejelentés - [43]Ryder_T_Zecchin - cheat: CarFlood - 1x >>
[13:28:58] << AntiCheat bejelentés - [43]Ryder_T_Zecchin - cheat: CarFlood - 1x >>
[13:29:29] << AntiCheat bejelentés - [43]Ryder_T_Zecchin - cheat: CarFlood - 1x >>
[13:30:10] << AntiCheat: Jármûbe beteleportálás: [34]Kazuyoshi_Akira - 5mp >>
[13:31:25] << AntiCheat bejelentés - [57]William_Cortez - cheat: CarFlood - 1x >>
[13:35:41] << AntiCheat bejelentés - [32]Jasen_T_Asad - cheat: CarFlood - 1x >>
[13:36:58] << AntiCheat bejelentés - [43]Ryder_T_Zecchin - cheat: CarFlood - 1x >>
[13:53:51] << Joypad: [46]Tom_Mulex >>
[14:01:58] << AntiCheat bejelentés - [37]Levy_B_Hollywood - cheat: CarFlood - 1x >>
[14:13:10] << AntiCheat bejelentés - [57]Steve_Aoki - cheat: CarFlood - 1x >>
[14:13:12] << AntiCheat bejelentés - [57]Steve_Aoki - cheat: CarFlood - 1x >>
[14:13:26] << AntiCheat bejelentés - [57]Steve_Aoki - cheat: CarFlood - 1x >>
[14:13:27] << AntiCheat bejelentés - [57]Steve_Aoki - cheat: CarFlood - 1x >>
[14:14:44] << AntiCheat bejelentés - [57]Steve_Aoki - cheat: CarFlood - 1x >>
[14:14:45] << AntiCheat bejelentés - [57]Steve_Aoki - cheat: CarFlood - 1x >>
[14:21:43] << AntiCheat: Jármûbe beteleportálás: [37]Adele_Scaletta - 4mp >>
[14:25:19] << AntiCheat: Jármûbe beteleportálás: [1]Bryan_B_Hollywood - 0mp >>
[14:30:21] << AntiCheat: Jármûbe beteleportálás: [27]Adele_Scaletta - 5mp >>
[14:33:07] << AntiCheat bejelentés - [1]Ryder_T_Zecchin - cheat: CarFlood - 1x >>
[14:33:15] << AntiCheat bejelentés - [1]Ryder_T_Zecchin - cheat: CarFlood - 1x >>
[14:34:00] << AntiCheat: Jármûbe beteleportálás: [37]Adele_Scaletta - 5mp >>
[14:50:00] << AntiCheat: Jármûbe beteleportálás: [28]Ryan_Brasco - 0mp >>
[14:53:45] << AntiCheat: [55]Mark_Bishop - Jármû teleport: 521 (vehDist: 103, pla2veh: 1) - 1x >>
[14:53:45] << AntiCheat: [55]Mark_Bishop - Jármû teleport: 521 (vehDist: 103, pla2veh: 1) - 2x >>
[14:55:29] << AntiCheat bejelentés - [1]Ryder_T_Zecchin - cheat: CarFlood - 1x >>
[14:55:37] << AntiCheat: Jármûbe beteleportálás: [28]Ryan_Brasco - 0mp >>
[14:56:25] << AntiCheat: Jármûbe beteleportálás: [29]Patrik_O_Neill - 0mp >>
[14:56:25] << AntiCheat bejelentés - [29]Patrik_O_Neill - cheat: CarFlood - 1x >>
[14:57:38] << AntiCheat: Jármûbe beteleportálás: [28]Ryan_Brasco - 0mp >>
[14:58:51] << AntiCheat: Jármûbe beteleportálás: [28]Ryan_Brasco - 0mp >>
[14:59:55] << AntiCheat: [27]Blake_B_Salvatore - Jármû teleport: 590 (vehDist: 27, pla2veh: 1) - 1x >>
[14:59:55] << AntiCheat: [27]Blake_B_Salvatore - Jármû teleport: 590 (vehDist: 27, pla2veh: 1) - 2x >>
[14:59:55] << AntiCheat: [27]Blake_B_Salvatore - Jármû teleport: 590 (vehDist: 27, pla2veh: 1) - 3x >>
[14:59:55] << AntiCheat: [27]Blake_B_Salvatore - Jármû teleport: 590 (vehDist: 27, pla2veh: 2) - 4x >>
[14:59:56] << AntiCheat: [27]Blake_B_Salvatore - Jármû teleport: 590 (vehDist: 27, pla2veh: 2) - 5x >>
[14:59:56] << AntiCheat: [27]Blake_B_Salvatore - Jármû teleport: 590 (vehDist: 27, pla2veh: 2) - 6x >>
[14:59:56] << AntiCheat: [27]Blake_B_Salvatore - Jármû teleport: 590 (vehDist: 27, pla2veh: 2) - 7x >>
[14:59:56] << AntiCheat: [27]Blake_B_Salvatore - Jármû teleport: 590 (vehDist: 27, pla2veh: 2) - 8x >>
[15:03:07] << AntiCheat: Jármûbe beteleportálás: [28]Ryan_Brasco - 0mp >>
[15:03:51] << AntiCheat: Jármûbe beteleportálás: [29]Patrik_O_Neill - 0mp >>
[15:03:51] << AntiCheat bejelentés - [29]Patrik_O_Neill - cheat: CarFlood - 1x >>
[15:08:30] << AntiCheat bejelentés - [53]George_B_Hollywood - cheat: CarFlood - 1x >>
[15:08:31] << AntiCheat: [34]Mike_Scaletta - Jármû teleport: 25 (vehDist: 17, pla2veh: 2) - 1x >>
[15:13:04] << AntiCheat bejelentés - [28]Ryan_Brasco - cheat: CarFlood - 1x >>
[15:17:12] << AntiCheat: Jármûbe beteleportálás: [28]Ryan_Brasco - 0mp >>
[15:29:00] << AntiCheat bejelentés - [49]Sergei_B_Dueno - cheat: CarFlood - 1x >>
[15:29:24] << AntiCheat bejelentés - [45]Freddy_Walker - cheat: CarFlood - 1x >>
[15:36:46] << Joypad: [57]Tom_Mulex >>
[15:48:04] << AntiCheat bejelentés - [42]Marcell_O_Neill - cheat: CarFlood - 1x >>
[15:51:20] << AntiCheat bejelentés - [48]Jason_Toretto - cheat: CarFlood - 1x >>
[15:51:23] << AntiCheat bejelentés - [48]Jason_Toretto - cheat: CarFlood - 1x >>
[15:55:49] << AntiCheat: Jármûbe beteleportálás: [36]Dom_Wheeler - 0mp >>
[16:04:45] << AntiCheat: Jármûbe beteleportálás: [68]Ryan_Brasco - 0mp >>
[16:09:31] << AntiCheat: Jármûbe beteleportálás: [68]Ryan_Brasco - 5mp >>
[16:39:03] << AntiCheat bejelentés - [60]Jason_B_Hollywood - cheat: CarFlood - 1x >>
[16:41:03] << AntiCheat bejelentés - [46]Levy_B_Hollywood - cheat: CarFlood - 1x >>
[15:42:04] << AntiCheat bejelentés - [46]Levy_B_Hollywood - cheat: CarFlood - 1x >>
[15:42:16] << AntiCheat bejelentés - [12]Daniel_Sedin - cheat: CarFlood - 1x >>
[16:10:22] << AntiCheat bejelentés - [20]Don_Sorrentino - cheat: CarFlood - 1x >>
[16:11:23] << AntiCheat bejelentés - [28]Dom_Wheeler - cheat: CarFlood - 1x >>
[16:12:28] << AntiCheat: Jármûbe beteleportálás: [56]Dave_S_Tomasso - 3mp >>
[16:24:09] << AntiCheat: Jármûbe beteleportálás: [28]Don_Sorrentino - 0mp >>
[16:25:12] << AntiCheat: Jármûbe beteleportálás: [42]Albert_Einstein - 0mp >>
[16:27:00] << AntiCheat bejelentés - [9]Oliver_Aciano - cheat: CarFlood - 1x >>
[16:30:18] << AntiCheat bejelentés - [32]Jin_Sorrentino - cheat: CarFlood - 1x >>
[16:30:22] << AntiCheat bejelentés - [32]Jin_Sorrentino - cheat: CarFlood - 1x >>
[16:30:27] << AntiCheat bejelentés - [32]Jin_Sorrentino - cheat: CarFlood - 1x >>
[16:33:06] << AntiCheat bejelentés - [65]Kiraly_Hunor - cheat: CarFlood - 1x >>
[16:34:59] << AntiCheat bejelentés - [71]Doboska_Endre - cheat: CarFlood - 1x >>
[16:47:32] << AntiCheat: [51]Nagato_Brasco - Jármû teleport: 808 (vehDist: 728, pla2veh: 1) - 1x >>
[16:47:32] << AntiCheat: [51]Nagato_Brasco - Jármû teleport: 808 (vehDist: 728, pla2veh: 1) - 2x >>
[16:47:32] << AntiCheat: [51]Nagato_Brasco - Jármû teleport: 808 (vehDist: 728, pla2veh: 1) - 3x >>
[16:47:32] << AntiCheat: [51]Nagato_Brasco - Jármû teleport: 808 (vehDist: 728, pla2veh: 1) - 4x >>
[16:47:33] << AntiCheat: [51]Nagato_Brasco - Jármû teleport: 808 (vehDist: 728, pla2veh: 1) - 5x >>
[16:47:33] << AntiCheat: [51]Nagato_Brasco - Jármû teleport: 808 (vehDist: 728, pla2veh: 1) - 6x >>
[16:47:33] << AntiCheat: [51]Nagato_Brasco - Jármû teleport: 808 (vehDist: 728, pla2veh: 1) - 7x >>
[16:47:33] << AntiCheat: [51]Nagato_Brasco - Jármû teleport: 808 (vehDist: 728, pla2veh: 1) - 8x >>
[16:47:33] << AntiCheat: [51]Nagato_Brasco - Jármû teleport: 808 (vehDist: 728, pla2veh: 1) - 9x >>
[16:47:34] << AntiCheat: [51]Nagato_Brasco - Jármû teleport: 808 (vehDist: 728, pla2veh: 1) - 10x >>
[16:47:34] << AntiCheat: [51]Nagato_Brasco - Jármû teleport: 808 (vehDist: 728, pla2veh: 1) - 11x >>
[16:47:34] << AntiCheat: [51]Nagato_Brasco - Jármû teleport: 808 (vehDist: 728, pla2veh: 1) - 12x >>
[16:47:34] << AntiCheat: [51]Nagato_Brasco - Jármû teleport: 808 (vehDist: 728, pla2veh: 1) - 13x >>
[16:47:34] << AntiCheat: [51]Nagato_Brasco - Jármû teleport: 808 (vehDist: 728, pla2veh: 1) - 14x >>
[16:47:35] << AntiCheat: [51]Nagato_Brasco - Jármû teleport: 808 (vehDist: 728, pla2veh: 1) - 15x >>
[16:47:35] << AntiCheat: [51]Nagato_Brasco - Jármû teleport: 808 (vehDist: 728, pla2veh: 1) - 16x >>
[16:47:35] << AntiCheat: [51]Nagato_Brasco - Jármû teleport: 808 (vehDist: 728, pla2veh: 1) - 17x >>
[16:47:35] << AntiCheat: [51]Nagato_Brasco - Jármû teleport: 808 (vehDist: 728, pla2veh: 2) - 18x >>
[16:47:35] << AntiCheat: [51]Nagato_Brasco - Jármû teleport: 808 (vehDist: 728, pla2veh: 2) - 19x >>
[16:47:36] << AntiCheat: [51]Nagato_Brasco - Jármû teleport: 808 (vehDist: 728, pla2veh: 1) - 20x >>
[16:47:36] << AntiCheat: [51]Nagato_Brasco - Jármû teleport: 808 (vehDist: 728, pla2veh: 2) - 21x >>
[16:47:36] << AntiCheat: [51]Nagato_Brasco - Jármû teleport: 808 (vehDist: 728, pla2veh: 2) - 22x >>
[16:47:36] << AntiCheat: [51]Nagato_Brasco - Jármû teleport: 808 (vehDist: 728, pla2veh: 2) - 23x >>
[16:47:36] << AntiCheat: [51]Nagato_Brasco - Jármû teleport: 808 (vehDist: 728, pla2veh: 2) - 24x >>
[16:47:37] << AntiCheat: [51]Nagato_Brasco - Jármû teleport: 808 (vehDist: 728, pla2veh: 2) - 25x >>
[16:47:37] << AntiCheat: [51]Nagato_Brasco - Jármû teleport: 808 (vehDist: 728, pla2veh: 2) - 26x >>
[16:47:37] << AntiCheat: [51]Nagato_Brasco - Jármû teleport: 808 (vehDist: 728, pla2veh: 2) - 27x >>
[16:47:37] << AntiCheat: [51]Nagato_Brasco - Jármû teleport: 808 (vehDist: 728, pla2veh: 2) - 28x >>
[16:47:37] << AntiCheat: [51]Nagato_Brasco - Jármû teleport: 808 (vehDist: 728, pla2veh: 2) - 29x >>
[16:47:38] << AntiCheat: [51]Nagato_Brasco - Jármû teleport: 808 (vehDist: 728, pla2veh: 3) - 30x >>
[16:47:38] << AntiCheat: [51]Nagato_Brasco - Jármû teleport: 808 (vehDist: 728, pla2veh: 3) - 31x >>
[16:47:38] << AntiCheat: [51]Nagato_Brasco - Jármû teleport: 808 (vehDist: 728, pla2veh: 4) - 32x >>
[16:48:04] << AntiCheat bejelentés - [63]Johny_Morales - cheat: CarFlood - 1x >>
[16:48:26] << AntiCheat bejelentés - [63]Johny_Morales - cheat: CarFlood - 1x >>
[16:57:59] << AntiCheat bejelentés - [56]Fekete_Erik - cheat: CarFlood - 1x >>
[16:58:03] << AntiCheat bejelentés - [56]Fekete_Erik - cheat: CarFlood - 1x >>
[16:58:09] << AntiCheat bejelentés - [56]Fekete_Erik - cheat: CarFlood - 1x >>
[17:01:04] << AntiCheat: Jármûbe beteleportálás: [66]Atsuya_D_Freeman - 1mp >>
[17:03:32] << AntiCheat bejelentés - [34]Max_D_Freeman - cheat: CarFlood - 1x >>
[17:03:41] << AntiCheat bejelentés - [80]Kiraly_Hunor - cheat: CarFlood - 1x >>
[17:07:43] << AntiCheat bejelentés - [60]Max_Navarro - cheat: CarFlood - 1x >>
[17:07:47] << AntiCheat bejelentés - [60]Max_Navarro - cheat: CarFlood - 1x >>
[17:07:59] << AntiCheat bejelentés - [50]Antonn_Fedorov - cheat: CarFlood - 1x >>
[17:16:01] << AntiCheat bejelentés - [37]Justin_Camorra - cheat: CarFlood - 1x >>
[17:21:32] << AntiCheat bejelentés - [83]Mike_Scaletta - cheat: CarFlood - 1x >>
[17:32:10] << AntiCheat: Jármûbe beteleportálás: [24]Toth_Martin - 0mp >>
[17:49:47] << Joypad: [39]Tom_Mulex >>
[17:58:14] << AntiCheat bejelentés - [39]Cseh_Adam - cheat: CarFlood - 1x >>
[18:04:34] << Joypad: [27]Tom_Mulex >>
[18:04:46] << AntiCheat bejelentés - [78]Matt_Creed - cheat: CarFlood - 1x >>
[18:05:14] << AntiCheat bejelentés - [80]Akos_White - cheat: CarFlood - 1x >>
[18:05:55] << AntiCheat: Jármûbe beteleportálás: [60]Albert_Einstein - 0mp >>
[18:07:18] << AntiCheat: Jármûbe beteleportálás: [60]Albert_Einstein - 0mp >>
[18:07:18] << AntiCheat bejelentés - [60]Albert_Einstein - cheat: CarFlood - 1x >>
[18:07:18] << AntiCheat: Jármûbe beteleportálás: [60]Albert_Einstein - 0mp >>
[18:09:43] << AntiCheat: Jármûbe beteleportálás: [60]Albert_Einstein - 0mp >>
[18:11:00] << AntiCheat bejelentés - [52]Max_Navarro - cheat: CarFlood - 1x >>
[18:16:05] << AntiCheat: Jármûbe beteleportálás: [54]Norbert_N_Ortega - 0mp >>
[18:20:24] << AntiCheat bejelentés - [9]Levi_R_Zecchin - cheat: CarFlood - 1x >>
[18:21:29] << AntiCheat: Jármûbe beteleportálás: [81]Albert_Einstein - 0mp >>
[18:21:29] << AntiCheat bejelentés - [81]Albert_Einstein - cheat: CarFlood - 1x >>
[18:30:55] << AntiCheat: Jármûbe beteleportálás: [81]Albert_Einstein - 0mp >>
[18:47:33] << AntiCheat bejelentés - [99]Patrick_Zecchin - cheat: CarFlood - 1x >>
[18:56:50] << AntiCheat: Jármûbe beteleportálás: [38]Mark_Bishop - 1mp >>
[19:02:09] << AntiCheat: [81]Niky_Winston - Jármû teleport: 41 (vehDist: 21, pla2veh: 1) - 1x >>
[19:02:13] << AntiCheat bejelentés - [81]Niky_Winston - cheat: CarFlood - 1x >>
[19:10:57] << AntiCheat: Jármûbe beteleportálás: [73]Nelson_Washington - 0mp >>
[19:18:08] << AntiCheat: Jármûbe beteleportálás: [73]Nelson_Washington - 5mp >>
[19:19:02] << AntiCheat bejelentés - [52]Max_Navarro - cheat: CarFlood - 1x >>
[19:20:45] << AntiCheat: Jármûbe beteleportálás: [101]Harold_G_Freeman - 0mp >>
[19:22:18] << AntiCheat: [67]Sidney_Tribiani - Jármû teleport: 121 (vehDist: 43, pla2veh: 1) - 1x >>
[19:22:18] << AntiCheat bejelentés - [93]Tom_Zecchin - cheat: CarFlood - 1x >>
[19:22:55] << AntiCheat bejelentés - [92]Wolczyk_T_Sorrentino - cheat: CarFlood - 1x >>
[19:22:58] << AntiCheat bejelentés - [92]Wolczyk_T_Sorrentino - cheat: CarFlood - 1x >>
[19:23:02] << AntiCheat bejelentés - [92]Wolczyk_T_Sorrentino - cheat: CarFlood - 1x >>
[19:27:02] << AntiCheat bejelentés - [17]Sergei_B_Dueno - cheat: CarFlood - 1x >>
[19:27:12] << AntiCheat: [43]Leone_S_Tomasso - Jármû teleport: 729 (vehDist: 36, pla2veh: 3) - 1x >>
[19:27:39] << AntiCheat bejelentés - [39]Niki_Freeman - cheat: CarFlood - 1x >>
[19:28:25] << AntiCheat bejelentés - [19]Dom_Wheeler - cheat: CarFlood - 1x >>
[19:30:17] << AntiCheat bejelentés - [36]Diaz_Freeman - cheat: CarFlood - 1x >>
[19:38:46] << AntiCheat bejelentés - [19]Phil_Stinson - cheat: CarFlood - 1x >>
[19:52:15] << AntiCheat bejelentés - [79]Gaspar_David - cheat: CarFlood - 1x >>
[19:52:15] << AntiCheat bejelentés - [52]Santos_O_Neill - cheat: CarFlood - 1x >>
[19:54:01] << AntiCheat bejelentés - [28]Ryder_B_Dueno - cheat: CarFlood - 1x >>
[19:54:07] << AntiCheat bejelentés - [28]Ryder_B_Dueno - cheat: CarFlood - 1x >>
[19:58:27] << Joypad: [34]Tom_Mulex >>
[20:02:20] << AntiCheat: [70]John_B_Hollywood - Jármû teleport: 711 (vehDist: 34, pla2veh: 3) - 1x >>
[20:02:21] << AntiCheat: [70]John_B_Hollywood - Jármû teleport: 711 (vehDist: 34, pla2veh: 3) - 2x >>
[20:05:46] << AntiCheat bejelentés - [24]Terno_Tommys - cheat: CarFlood - 1x >>
[20:06:37] << AntiCheat bejelentés - [9]John_Lawrence - cheat: CarFlood - 1x >>
[20:07:31] << AntiCheat bejelentés - [97]Kiraly_Hunor - cheat: CarFlood - 1x >>
[20:11:17] << AntiCheat bejelentés - [41]Doboska_Endre - cheat: CarFlood - 1x >>
[20:39:44] << AntiCheat bejelentés - [30]Dave_Shakur - cheat: CarFlood - 1x >>
[20:42:48] << AntiCheat: [82]Darthy_M_Stillenacht - Jármû teleport: 806 (vehDist: 44, pla2veh: 1) - 1x >>
[20:44:04] << AntiCheat bejelentés - [9]John_Lawrence - cheat: CarFlood - 1x >>
[20:44:09] << AntiCheat bejelentés - [9]John_Lawrence - cheat: CarFlood - 1x >>
[20:46:01] << AntiCheat: Jármûbe beteleportálás: [79]Gaspar_David - 0mp >>
[20:46:20] << Több lõszere van a kelleténél: [44]Matt_Creed - Parachute: kellene: 0, van: 2 >>
[20:50:29] << AntiCheat bejelentés - [65]Steve_Aoki - cheat: CarFlood - 1x >>
[20:53:14] << Több lõszere van a kelleténél: [44]Matt_Creed - Parachute: kellene: 0, van: 2 >>
[20:53:14] << Több lõszere van a kelleténél: [20]Dom_Wheeler - Parachute: kellene: 0, van: 2 >>
[20:58:22] << AntiCheat: [64]Georg_B_Hollywood - Jármû teleport: 1059 (vehDist: 35, pla2veh: 1) - 1x >>
[21:00:00] << AntiCheat: [56]Wolczyk_T_Sorrentino - Jármû teleport: 219 (vehDist: 79, pla2veh: 3) - 1x >>
[21:06:39] << AntiCheat: Jármûbe beteleportálás: [47]Lorand_Vincenzo - 4mp >>
[21:20:20] << AntiCheat bejelentés - [33]Don_Sorrentino - cheat: CarFlood - 1x >>
[21:28:04] << AntiCheat: Jármûbe beteleportálás: [53]Krisztofer_Vincenzo - 0mp >>
[21:53:37] << AntiCheat bejelentés - [36]Steve_Aoki - cheat: CarFlood - 1x >>
[21:57:13] << AntiCheat bejelentés - [36]Steve_Aoki - cheat: CarFlood - 1x >>
[21:59:00] << AntiCheat: Jármûbe beteleportálás: [48]Dave_Stone - 0mp >>
[21:59:47] << AntiCheat: Jármûbe beteleportálás: [48]Dave_Stone - 0mp >>
[22:09:04] << AntiCheat: Jármûbe beteleportálás: [48]Dave_Stone - 0mp >>
[22:09:12] << AntiCheat: Jármûbe beteleportálás: [48]Dave_Stone - 0mp >>
[22:29:55] << AntiCheat: Jármûbe beteleportálás: [34]Gaspar_David - 5mp >>
[22:47:01] << AntiCheat bejelentés - [64]Ryder_B_Dueno - cheat: CarFlood - 1x >>
[22:53:29] << AntiCheat bejelentés - [29]Georg_B_Hollywood - cheat: CarFlood - 1x >>
[22:54:19] << AntiCheat bejelentés - [43]Envy_Corleone - cheat: CarFlood - 1x >>
[22:55:03] << AntiCheat bejelentés - [43]Envy_Corleone - cheat: CarFlood - 1x >>
[23:10:29] << AntiCheat bejelentés - [29]Georg_B_Hollywood - cheat: CarFlood - 1x >>
[23:21:16] << AntiCheat bejelentés - [40]Dan_Yaya - cheat: CarFlood - 1x >>
[23:21:19] << AntiCheat bejelentés - [40]Dan_Yaya - cheat: CarFlood - 1x >>
[23:24:09] << AntiCheat bejelentés - [48]Matt_Creed - cheat: CarFlood - 1x >>
[23:28:58] << AntiCheat bejelentés - [40]Dan_Yaya - cheat: CarFlood - 1x >>
[23:38:55] << AntiCheat: [23]Preston_R_Wilson - Jármû teleport: 11 (vehDist: 41, pla2veh: 1) - 1x >>
[23:38:56] << AntiCheat: [23]Preston_R_Wilson - Jármû teleport: 1057 (vehDist: 24, pla2veh: 2) - 2x >>
