[00:33:44] << AntiCheat: [19]Jason_Aciano - Jármû teleport: 524 (vehDist: 15, pla2veh: 3) - 1x >>
[00:49:11] << AntiCheat: Jármûbe beteleportálás: [21]Alan_Black - 4mp >>
[01:51:17] << AntiCheat bejelentés - [0]Adam_Brau - cheat: CarFlood - 1x >>
[06:36:42] << AntiCheat bejelentés - [18]Kiraly_Hunor - cheat: CarFlood - 1x >>
[08:03:38] << AntiCheat: Jármûbe beteleportálás: [24]Alan_Black - 0mp >>
[08:05:37] << AntiCheat: Jármûbe beteleportálás: [24]Alan_Black - 0mp >>
[08:09:45] << AntiCheat: Jármûbe beteleportálás: [26]CarloS_D_Garcia - 0mp >>
[08:38:55] << AntiCheat: Jármûbe beteleportálás: [21]Bart_S_Tomasso - 0mp >>
[08:45:16] << AntiCheat bejelentés - [33]Rick_Aciano - cheat: CarFlood - 1x >>
[09:25:02] << AntiCheat: Jármûbe beteleportálás: [37]Vlad_D_Dueno - 0mp >>
[09:47:01] << AntiCheat: [21]Paul_Escobar - Jármû teleport: 102 (vehDist: 75, pla2veh: 2) - 1x >>
[10:17:54] << AntiCheat bejelentés - [28]Paul_D_Cortez - cheat: CarFlood - 1x >>
[10:26:05] << Lehetséges FakeKill: [44]Nadasi_Gyorgy - reason: 49 (0) - shoot: 0mp - death: 30mp - x >>
[10:37:04] << AntiCheat: Jármûbe beteleportálás: [16]Bryan_B_Hollywood - 0mp >>
[11:05:59] << AntiCheat: Jármûbe beteleportálás: [37]Vlad_D_Dueno - 0mp >>
[11:20:11] << AntiCheat: Jármûbe beteleportálás: [48]Keny_Eastwood - 3mp >>
[11:25:42] << AntiCheat: Jármûbe beteleportálás: [48]Keny_Eastwood - 3mp >>
[11:42:50] << AntiCheat: Jármûbe beteleportálás: [48]Keny_Eastwood - 5mp >>
[11:47:01] << AntiCheat: Jármûbe beteleportálás: [21]Valor_Colin - 0mp >>
[11:51:16] << AntiCheat bejelentés - [54]Dave_R_Vincenzo - cheat: CarFlood - 1x >>
[12:00:40] << AntiCheat bejelentés - [60]Henry_Thomasino - cheat: CarFlood - 1x >>
[12:10:36] << AntiCheat: Jármûbe beteleportálás: [20]Nelson_Washington - 3mp >>
[12:21:22] << AntiCheat bejelentés - [30]Sifu_D_Sorrentino - cheat: CarFlood - 1x >>
[12:29:29] << AntiCheat bejelentés - [17]Vlad_D_Dueno - cheat: CarFlood - 1x >>
[12:35:12] << AntiCheat: [19]Tom_Torres - Jármû teleport: 912 (vehDist: 15, pla2veh: 1) - 1x >>
[12:43:07] << AntiCheat bejelentés - [64]Kerim_Yilmaz - cheat: CarFlood - 1x >>
[12:43:18] << AntiCheat bejelentés - [64]Kerim_Yilmaz - cheat: CarFlood - 1x >>
[12:46:54] << AntiCheat: [20]Nelson_Washington - Jármû teleport: 699 (vehDist: 17, pla2veh: 1) - 1x >>
[12:50:42] << Joypad: [21]Tom_Mulex >>
[12:57:04] << AntiCheat bejelentés - [54]Henry_Thomasino - cheat: CarFlood - 1x >>
[13:12:14] << AntiCheat bejelentés - [64]Michael_W_Rumolov - cheat: CarFlood - 1x >>
[13:13:42] << AntiCheat bejelentés - [23]Jamal_Escobar - cheat: CarFlood - 1x >>
[13:13:51] << AntiCheat: Jármûbe beteleportálás: [60]Paul_D_Cortez - 0mp >>
[13:13:54] << AntiCheat: Jármûbe beteleportálás: [22]Johnny_Wheeler - 0mp >>
[13:14:29] << AntiCheat: Jármûbe beteleportálás: [60]Paul_D_Cortez - 0mp >>
[13:15:20] << AntiCheat: Jármûbe beteleportálás: [60]Paul_D_Cortez - 0mp >>
[13:23:52] << AntiCheat bejelentés - [25]Jackob_Shirton - cheat: CarFlood - 1x >>
[13:25:38] << AntiCheat: Jármûbe beteleportálás: [60]Paul_D_Cortez - 0mp >>
[13:26:12] << AntiCheat: Jármûbe beteleportálás: [60]Paul_D_Cortez - 0mp >>
[13:26:49] << AntiCheat: Jármûbe beteleportálás: [60]Paul_D_Cortez - 0mp >>
[13:28:25] << AntiCheat: Jármûbe beteleportálás: [60]Paul_D_Cortez - 0mp >>
[13:28:27] << AntiCheat: Jármûbe beteleportálás: [60]Paul_D_Cortez - 0mp >>
[13:29:50] << AntiCheat: Jármûbe beteleportálás: [60]Paul_D_Cortez - 0mp >>
[13:33:04] << AntiCheat: Jármûbe beteleportálás: [60]Paul_D_Cortez - 0mp >>
[13:36:28] << AntiCheat: Jármûbe beteleportálás: [60]Paul_D_Cortez - 0mp >>
[14:13:33] << AntiCheat: Jármûbe beteleportálás: [56]Marcel_B_Hollywood - 5mp >>
[14:45:09] << AntiCheat bejelentés - [33]Oberth_Andras - cheat: CarFlood - 1x >>
[15:06:37] << AntiCheat: Jármûbe beteleportálás: [24]Bent_Washington - 0mp >>
[15:13:40] << AntiCheat: Jármûbe beteleportálás: [29]Darthy_M_Stillenacht - 4mp >>
[15:17:48] << Lehetséges FakeKill: [44]Jim_Aciano - reason: 49 (0) - shoot: 0mp - death: 2472mp - x >>
[15:31:25] << AntiCheat bejelentés - [77]Luis_Alfredo - cheat: CarFlood - 1x >>
[15:31:28] << AntiCheat bejelentés - [77]Luis_Alfredo - cheat: CarFlood - 1x >>
[15:31:32] << AntiCheat bejelentés - [77]Luis_Alfredo - cheat: CarFlood - 1x >>
[15:42:05] << AntiCheat bejelentés - [54]Kevin_S_Tomasso - cheat: CarFlood - 1x >>
[15:46:20] << AntiCheat: Jármûbe beteleportálás: [64]Cseszka_R_Davidson - 0mp >>
[15:47:21] << Joypad: [38]Tom_Mulex >>
[16:17:17] << AntiCheat: Jármûbe beteleportálás: [30]Mark_B_Hollywood - 0mp >>
[16:19:12] << AntiCheat: [63]Kiraly_Hunor - Jármû teleport: 655 (vehDist: 16, pla2veh: 1) - 1x >>
[16:22:03] << Több lõszere van a kelleténél: [76]Jim_Aciano - Fire: kellene: 3934, van: 3948 >>
[16:23:01] << Több lõszere van a kelleténél: [19]Jim_Aciano - Fire: kellene: 3621, van: 3626 >>
[16:26:06] << AntiCheat: Jármûbe beteleportálás: [54]Kevin_S_Tomasso - 0mp >>
[16:31:08] << AntiCheat: Jármûbe beteleportálás: [18]Leone_S_Tomasso - 0mp >>
[16:32:23] << AntiCheat: Jármûbe beteleportálás: [73]Jason_Gravano - 0mp >>
[16:33:46] << AntiCheat: [19]Spike_Wheeler - Jármû teleport: 225 (vehDist: 15, pla2veh: 1) - 1x >>
[16:34:55] << AntiCheat bejelentés - [25]Earl_Camorra - cheat: CarFlood - 1x >>
[16:36:57] << Több lõszere van a kelleténél: [78]Jim_Aciano - Fire: kellene: 3130, van: 3174 >>
[16:45:14] << AntiCheat: Jármûbe beteleportálás: [39]Pekano_S_Barett - 3mp >>
[16:47:41] << AntiCheat bejelentés - [23]Akos_White - cheat: CarFlood - 1x >>
[17:22:41] << AntiCheat bejelentés - [49]Oze_Roland - cheat: CarFlood - 1x >>
[17:24:55] << AntiCheat: Jármûbe beteleportálás: [104]Alan_Black - 0mp >>
[17:27:47] << AntiCheat bejelentés - [36]Emanuel_Garcia - cheat: CarFlood - 1x >>
[17:29:15] << AntiCheat: [97]Carlos_D_Surenos - Jármû teleport: 138 (vehDist: 15, pla2veh: 1) - 1x >>
[17:39:40] << AntiCheat bejelentés - [65]Marcel_B_Hollywood - cheat: CarFlood - 1x >>
[17:43:53] << Nem vett elõ fegyvert, mégis van nála: [66]Yamato_Bosco - MP5[297] >>
[17:44:49] << Több lõszere van a kelleténél: [36]Emanuel_Garcia - MP5: kellene: 151, van: 154 >>
[17:45:21] << Joypad: [29]Jack_Bryan >>
[17:46:26] << AntiCheat bejelentés - [99]Kiraly_Hunor - cheat: CarFlood - 1x >>
[17:47:27] << AntiCheat: Jármûbe beteleportálás: [54]Stefan_Aciano - 0mp >>
[17:47:27] << AntiCheat bejelentés - [54]Stefan_Aciano - cheat: CarFlood - 1x >>
[17:50:57] << Nem vett elõ fegyvert, mégis van nála: [19]Cseszka_R_Davidson - AK47[297] >>
[17:55:41] << AntiCheat bejelentés - [53]Hans_Cooper - cheat: CarFlood - 1x >>
[17:58:40] << Több lõszere van a kelleténél: [22]Szabo_Balazs - Láncfûrész: kellene: 0, van: 1 >>
[17:59:22] << Nem vett elõ fegyvert, mégis van nála: [67]Dave_R_Vincenzo - AK47[194] >>
[18:00:21] << AntiCheat: Jármûbe beteleportálás: [89]Ryan_Brasco - 0mp >>
[18:13:56] << AntiCheat bejelentés - [70]Ventura_Zecchin - cheat: CarFlood - 1x >>
[18:14:01] << AntiCheat bejelentés - [70]Ventura_Zecchin - cheat: CarFlood - 1x >>
[18:14:27] << AntiCheat bejelentés - [70]Ventura_Zecchin - cheat: CarFlood - 1x >>
[18:16:54] << AntiCheat bejelentés - [70]Ventura_Zecchin - cheat: CarFlood - 1x >>
[18:16:57] << AntiCheat bejelentés - [70]Ventura_Zecchin - cheat: CarFlood - 1x >>
[18:17:01] << AntiCheat bejelentés - [70]Ventura_Zecchin - cheat: CarFlood - 1x >>
[18:17:05] << AntiCheat bejelentés - [70]Ventura_Zecchin - cheat: CarFlood - 1x >>
[18:17:19] << AntiCheat bejelentés - [70]Ventura_Zecchin - cheat: CarFlood - 2x >>
[18:22:17] << Nem vett elõ fegyvert, mégis van nála: [54]Stefan_Aciano - MP5[348] >>
[18:22:23] << AntiCheat bejelentés - [56]Mate_Richard - cheat: CarFlood - 1x >>
[18:22:58] << AntiCheat: [73]Justin_Camorra - Jármû teleport: 515 (vehDist: 78, pla2veh: 3) - 1x >>
[18:27:37] << AntiCheat: [49]Gregor_L_Camaro - Jármû teleport: 1083 (vehDist: 15, pla2veh: 3) - 1x >>
[18:41:13] << Lehetséges FakeKill: [69]Valentin_B_Hall - reason: 49 (0) - shoot: 0mp - death: 30mp - x >>
[18:42:06] << AntiCheat bejelentés - [52]Lesley_Antony - cheat: CarFlood - 1x >>
[18:55:10] << AntiCheat: Jármûbe beteleportálás: [10]Patrik_O_Neill - 0mp >>
[18:55:10] << AntiCheat bejelentés - [10]Patrik_O_Neill - cheat: CarFlood - 1x >>
[19:02:37] << AntiCheat: Jármûbe beteleportálás: [10]Patrik_O_Neill - 0mp >>
[19:02:37] << AntiCheat bejelentés - [10]Patrik_O_Neill - cheat: CarFlood - 1x >>
[19:02:49] << AntiCheat bejelentés - [34]Daryl_Aciano - cheat: CarFlood - 1x >>
[19:06:29] << AntiCheat bejelentés - [9]Blake_Browns - cheat: CarFlood - 1x >>
[19:17:14] << AntiCheat bejelentés - [68]Max_Sorrentino - cheat: CarFlood - 1x >>
[19:18:16] << AntiCheat bejelentés - [8]Phil_Stinson - cheat: CarFlood - 1x >>
[19:25:39] << AntiCheat: Jármûbe beteleportálás: [38]Thomas_Berzerk - 1mp >>
[19:27:35] << AntiCheat bejelentés - [72]Leone_S_Tomasso - cheat: CarFlood - 1x >>
[19:27:38] << AntiCheat bejelentés - [49]Valentin_B_Hall - cheat: CarFlood - 1x >>
[19:30:45] << AntiCheat: Jármûbe beteleportálás: [48]Mate_Richard - 0mp >>
[19:31:49] << AntiCheat: Jármûbe beteleportálás: [48]Mate_Richard - 0mp >>
[19:32:21] << AntiCheat: [9]Harold_Gates - Jármû teleport: 895 (vehDist: 23, pla2veh: 3) - 1x >>
[19:51:18] << AntiCheat bejelentés - [3]Gyorgy_Boyka - cheat: CarFlood - 1x >>
[19:51:42] << Több lõszere van a kelleténél: [39]Siska_Finuccsi - Parachute: kellene: 0, van: 1 >>
[19:53:00] << AntiCheat: Jármûbe beteleportálás: [91]Alan_Black - 0mp >>
[20:07:13] << AntiCheat bejelentés - [102]Johny_Morales - cheat: CarFlood - 1x >>
[20:13:43] << AntiCheat bejelentés - [96]Damien_Q_Carcassone - cheat: CarFlood - 1x >>
[20:14:21] << AntiCheat bejelentés - [69]Pablo_S_Carcassone - cheat: CarFlood - 1x >>
[20:14:52] << AntiCheat: Jármûbe beteleportálás: [44]Costa_Miles - 5mp >>
[21:54:37] << AntiCheat: [49]Max_Sorrentino - Jármû teleport: 90 (vehDist: 17, pla2veh: 4) - 1x >>
