[00:27:59] Marcel_B_Hollywood plusz kórház jail ideje 120 másodpercre nõtt (+120mp)
[00:27:59] Marcel_B_Hollywood lábon lõtte õt: Don_Sorrentino
[00:32:00] Marcel_B_Hollywood plusz kórház jail ideje 240 másodpercre nõtt (+120mp)
[00:32:00] Marcel_B_Hollywood lábon lõtte õt: Freddie_B_Scaletta
[00:32:01] Marcel_B_Hollywood plusz kórház jail ideje 360 másodpercre nõtt (+120mp)
[00:32:01] Marcel_B_Hollywood lábon lõtte õt: Freddie_B_Scaletta
[00:32:12] Henrik_T_Scaletta plusz kórház jail ideje 720 másodpercre nõtt (+120mp)
[00:32:12] Henrik_T_Scaletta lábon lõtte õt: Daniel_Scaletta
[00:34:05] Adele_Scaletta plusz kórház jail ideje 120 másodpercre nõtt (+120mp)
[00:34:05] Adele_Scaletta lábon lõtte õt: Don_Sorrentino
[00:36:09] Marcel_B_Hollywood plusz kórház jail ideje 480 másodpercre nõtt (+120mp)
[00:36:09] Marcel_B_Hollywood lábon lõtte õt: Henrik_T_Scaletta
[00:47:30] Marcel_B_Hollywood meghalt (NPC_Villamos_3), oka: Autó | Lehet, hogy Ryan_Lennox ölte meg, mert a közelben volt - Pénz: 0Ft - P
[00:48:46] Matt_Creed sniperrel meglõtte õt: Ryan_Lennox
[00:53:34] Diego_Aciano fejen lõtte õt: Freddie_B_Scaletta
[00:53:34] Diego_Aciano megölte Freddie_B_Scaletta-t ezzel: MP5 - Pénz: 0Ft - Pos: 2014, -1413, 16
[00:53:34] Diego_Aciano plusz kórház jail ideje 180 másodpercre nõtt (+180mp)
[00:54:02] Diego_Aciano plusz kórház jail ideje 300 másodpercre nõtt (+120mp)
[00:54:02] Diego_Aciano lábon lõtte õt: Henrik_T_Scaletta
[00:54:02] Diego_Aciano plusz kórház jail ideje 420 másodpercre nõtt (+120mp)
[00:54:02] Diego_Aciano lábon lõtte õt: Henrik_T_Scaletta
[00:54:02] Diego_Aciano plusz kórház jail ideje 540 másodpercre nõtt (+120mp)
[00:54:02] Diego_Aciano lábon lõtte õt: Henrik_T_Scaletta
[00:54:03] Diego_Aciano plusz kórház jail ideje 660 másodpercre nõtt (+120mp)
[00:54:03] Diego_Aciano lábon lõtte õt: Henrik_T_Scaletta
[06:31:34] Paul_D_Cortez meghalt (-), oka: Leesett - Pénz: 0Ft - Pos: -2494, 108, 32
[08:23:57] Atsuya_D_Freeman meghalt (-), oka: Leesett - Pénz: 0Ft - Pos: 939, -1306, 15
[08:56:02] Hanzon_Soprano meghalt (-), oka: Leesett - Pénz: 0Ft - Pos: 1207, -1334, 13
[08:58:47] Atsuya_D_Freeman meghalt (-), oka: Leesett - Pénz: 0Ft - Pos: 1251, -1887, 24
[10:27:49] Hizusu_Zisiku sniperrel meglõtte õt: Dave_R_Vincenzo
[10:28:37] Hugo_Toretto fejen lõtte õt: Leone_S_Tomasso
[10:28:37] Hugo_Toretto megölte Leone_S_Tomasso-t ezzel: M4 - Pénz: 0Ft - Pos: -1998, 579, 35
[10:28:37] Hugo_Toretto plusz kórház jail ideje 180 másodpercre nõtt (+180mp)
[10:31:21] Kevin_L_Saltzman sniperrel meglõtte õt: Stefan_Berger
[10:31:23] Kevin_L_Saltzman sniperrel meglõtte õt: Paul_Escobar
[10:31:27] Kevin_L_Saltzman sniperrel meglõtte õt: Stefan_Berger
[10:31:29] Kevin_L_Saltzman sniperrel meglõtte õt: Jason_Aciano
[10:31:30] Kevin_L_Saltzman sniperrel meglõtte õt: Jason_Aciano
[10:31:30] Kevin_L_Saltzman megölte Jason_Aciano-t ezzel: Sniper - Pénz: 0Ft - Pos: -2018, -733, 32
[10:31:30] Kevin_L_Saltzman plusz kórház jail ideje 360 másodpercre nõtt (+180mp)
[10:31:35] Kevin_L_Saltzman sniperrel meglõtte õt: Paul_Escobar
[10:31:42] Kevin_S_Tomasso plusz kórház jail ideje 120 másodpercre nõtt (+120mp)
[10:31:42] Kevin_S_Tomasso lábon lõtte õt: Hugo_Toretto
[10:31:42] Kevin_S_Tomasso plusz kórház jail ideje 240 másodpercre nõtt (+120mp)
[10:31:42] Kevin_S_Tomasso lábon lõtte õt: Hugo_Toretto
[11:15:17] Leone_S_Tomasso plusz kórház jail ideje 120 másodpercre nõtt (+120mp)
[11:15:17] Leone_S_Tomasso lábon lõtte õt: Nico_Butler
[11:15:17] Denny_Toretto plusz kórház jail ideje 120 másodpercre nõtt (+120mp)
[11:15:17] Denny_Toretto lábon lõtte õt: Nico_Butler
[11:15:19] Denny_Toretto fejen lõtte õt: Earl_Fooster
[11:15:19] Denny_Toretto megölte Earl_Fooster-t ezzel: M4 - Pénz: 0Ft - Pos: 1839, -1856, 14
[11:15:19] Denny_Toretto plusz kórház jail ideje 300 másodpercre nõtt (+180mp)
[11:15:20] Denny_Toretto fejen lõtte õt: James_D_Ryan
[11:15:20] Denny_Toretto megölte James_D_Ryan-t ezzel: M4 - Pénz: 34310Ft - Pos: 1841, -1855, 14
[11:15:20] Denny_Toretto plusz kórház jail ideje 480 másodpercre nõtt (+180mp)
[11:15:20] Leone_S_Tomasso fejen lõtte õt: Santos_O_Neill
[11:15:21] Leone_S_Tomasso plusz kórház jail ideje 240 másodpercre nõtt (+120mp)
[11:15:21] Leone_S_Tomasso lábon lõtte õt: Santos_O_Neill
[11:15:21] Denny_Toretto fejen lõtte õt: George_B_Hollywood
[11:15:21] Denny_Toretto megölte George_B_Hollywood-t ezzel: M4 - Pénz: 40000Ft - Pos: 1839, -1856, 15
[11:15:21] Denny_Toretto plusz kórház jail ideje 660 másodpercre nõtt (+180mp)
[11:15:22] Kevin_S_Tomasso plusz kórház jail ideje 360 másodpercre nõtt (+120mp)
[11:15:22] Kevin_S_Tomasso lábon lõtte õt: Joe_Wheeler
[11:15:25] Denny_Toretto fejen lõtte õt: Ryan_B_Mike
[11:15:25] Denny_Toretto megölte Ryan_B_Mike-t ezzel: M4 - Pénz: 2100Ft - Pos: 1839, -1855, 14
[11:15:25] Denny_Toretto plusz kórház jail ideje 840 másodpercre nõtt (+180mp)
[11:15:33] Mark_B_Hollywood sniperrel meglõtte õt: Leone_S_Tomasso
[11:15:44] Kevin_S_Tomasso plusz kórház jail ideje 480 másodpercre nõtt (+120mp)
[11:15:44] Kevin_S_Tomasso lábon lõtte õt: Fekete_Erik
[11:17:39] Mark_B_Hollywood sniperrel meglõtte õt: Tom_Mulex
[11:18:29] Denny_Toretto plusz kórház jail ideje 960 másodpercre nõtt (+120mp)
[11:18:29] Denny_Toretto lábon lõtte õt: Joker_Creed
[11:20:14] Mark_B_Hollywood sniperrel meglõtte õt: Tom_Mulex
[11:22:17] Denny_Toretto fejen lõtte õt: Mark_B_Hollywood
[11:22:18] Denny_Toretto megölte Mark_B_Hollywood-t ezzel: Sniper - Pénz: 501Ft - Pos: 1929, -1632, 51
[11:22:18] Denny_Toretto plusz kórház jail ideje 1140 másodpercre nõtt (+180mp)
[11:24:40] Kevin_S_Tomasso fejen lõtte õt: Sergei_B_Dueno
[11:24:40] Kevin_S_Tomasso megölte Sergei_B_Dueno-t ezzel: M4 - Pénz: 0Ft - Pos: 2334, -1698, 13
[11:24:40] Kevin_S_Tomasso plusz kórház jail ideje 660 másodpercre nõtt (+180mp)
[11:45:16] Kevin_L_Saltzman plusz kórház jail ideje 480 másodpercre nõtt (+120mp)
[11:45:16] Kevin_L_Saltzman lábon lõtte õt: Hizusu_Zisiku
[11:52:11] Cody_Aciano meghalt (-), oka: Leesett - Pénz: 780282Ft - Pos: -2498, 107, 26
[12:00:25] Marcel_B_Hollywood fejen lõtte õt: Markus_D_Zecchin
[12:00:25] Marcel_B_Hollywood megölte Markus_D_Zecchin-t ezzel: M4 - Pénz: 76923Ft - Pos: -31, -1512, 1
[12:00:25] Marcel_B_Hollywood plusz kórház jail ideje 180 másodpercre nõtt (+180mp)
[12:00:56] Lucio_Zecchin sniperrel meglõtte õt: Joker_Creed
[12:01:20] Marcel_B_Hollywood fejen lõtte õt: Wolczyk_T_Sorrentino
[12:01:20] Marcel_B_Hollywood megölte Wolczyk_T_Sorrentino-t ezzel: M4 - Pénz: 19126Ft - Pos: -372, -1947, 27
[12:01:20] Marcel_B_Hollywood plusz kórház jail ideje 360 másodpercre nõtt (+180mp)
[12:03:33] Tom_Zecchin lábon lõtte õt: Ryder_B_Dueno
[12:03:42] Lucio_Zecchin lábon lõtte õt: Sergei_B_Dueno
[12:04:30] Tom_Zecchin fejen lõtte õt: Nico_Butler
[12:05:01] Niki_Freeman lábon lõtte õt: Dominic_Vincenzo
[12:05:05] Lucio_Zecchin lábon lõtte õt: Kitty_Soprano
[12:05:07] Mark_B_Hollywood fejen lõtte õt: Hugo_Toretto
[12:05:07] Lucio_Zecchin lábon lõtte õt: Mark_B_Hollywood
[12:05:15] Lucio_Zecchin fejen lõtte õt: Niki_Freeman
[12:07:07] Kitty_Soprano meghalt (-), oka: Leesett - Pénz: 0Ft - Pos: 14, 146, 3
[12:07:18] Kevin_L_Saltzman meghalt (-), oka: Megfulladt - Pénz: 1600Ft - Pos: -1078, -407, -46
[12:12:20] Marcel_B_Hollywood plusz kórház jail ideje 480 másodpercre nõtt (+120mp)
[12:12:20] Marcel_B_Hollywood lábon lõtte õt: Joker_Surenos
[12:21:29] Matt_Creed fejen lõtte õt: Lucio_Zecchin
[12:21:29] Matt_Creed megölte Lucio_Zecchin-t ezzel: AK47 - Pénz: 0Ft - Pos: 2217, -1682, 13
[12:21:29] Matt_Creed plusz kórház jail ideje 180 másodpercre nõtt (+180mp)
[12:29:11] Niki_Freeman lábon lõtte õt: Tom_Zecchin
[12:29:18] Dave_R_Vincenzo sniperrel meglõtte õt: Ryder_B_Dueno
[12:29:35] George_B_Hollywood lábon lõtte õt: Antonn_Fedorov
[12:30:59] Hugo_Toretto lábon lõtte õt: George_B_Hollywood
[12:31:33] Hugo_Toretto lábon lõtte õt: Kazuyoshi_Akira
[12:31:34] Lucio_Zecchin lábon lõtte õt: Hugo_Toretto
[12:31:34] Niki_Freeman lábon lõtte õt: Lucio_Zecchin
[12:32:03] Sergei_B_Dueno lábon lõtte õt: Dominic_Vincenzo
[12:50:19] Tom_Zecchin lábon lõtte õt: Jason_Aciano
[12:50:31] Tom_Zecchin lábon lõtte õt: Cody_Aciano
[12:50:39] Tom_Torres sniperrel meglõtte õt: Paul_Escobar
[12:50:51] Hugo_Toretto lábon lõtte õt: Mark_Bishop
[12:50:57] Thomas_Berzerk lábon lõtte õt: Lucio_Zecchin
[12:51:21] Dave_R_Vincenzo sniperrel meglõtte õt: Tyler_Wish
[12:51:35] Tom_Zecchin lábon lõtte õt: Thomas_Berzerk
[12:51:43] Tom_Zecchin lábon lõtte õt: Stefan_Berger
[12:51:52] Tom_Zecchin lábon lõtte õt: Ryan_Lennox
[12:51:58] Tom_Zecchin lábon lõtte õt: Horvath_Adrian
[13:12:25] Markus_D_Zecchin plusz kórház jail ideje 120 másodpercre nõtt (+120mp)
[13:12:25] Markus_D_Zecchin lábon lõtte õt: Toth_Martin
[13:12:25] Markus_D_Zecchin plusz kórház jail ideje 240 másodpercre nõtt (+120mp)
[13:12:25] Markus_D_Zecchin lábon lõtte õt: Toth_Martin
[13:13:58] Markus_D_Zecchin fejen lõtte õt: Toth_Martin
[13:13:58] Markus_D_Zecchin megölte Toth_Martin-t ezzel: MP5 - Pénz: 1300588Ft - Pos: 227, 1024, 1084
[13:13:58] Markus_D_Zecchin plusz kórház jail ideje 420 másodpercre nõtt (+180mp)
[13:23:17] Steve_Aoki plusz kórház jail ideje 300 másodpercre nõtt (+120mp)
[13:23:17] Steve_Aoki lábon lõtte õt: Jimmy_Doherty
[13:23:17] Steve_Aoki plusz kórház jail ideje 420 másodpercre nõtt (+120mp)
[13:23:17] Steve_Aoki lábon lõtte õt: Jimmy_Doherty
[13:23:17] Steve_Aoki plusz kórház jail ideje 540 másodpercre nõtt (+120mp)
[13:23:17] Steve_Aoki lábon lõtte õt: Jimmy_Doherty
[13:23:17] Steve_Aoki plusz kórház jail ideje 660 másodpercre nõtt (+120mp)
[13:23:17] Steve_Aoki lábon lõtte õt: Jimmy_Doherty
[13:23:17] Lorand_Vincenzo plusz kórház jail ideje 480 másodpercre nõtt (+120mp)
[13:23:17] Lorand_Vincenzo lábon lõtte õt: Jimmy_Doherty
[13:23:18] Lorand_Vincenzo plusz kórház jail ideje 600 másodpercre nõtt (+120mp)
[13:23:18] Lorand_Vincenzo lábon lõtte õt: Jimmy_Doherty
[13:23:18] Lorand_Vincenzo plusz kórház jail ideje 720 másodpercre nõtt (+120mp)
[13:23:18] Lorand_Vincenzo lábon lõtte õt: Jimmy_Doherty
[13:24:14] Matt_Creed fejen lõtte õt: Gyorgy_Boyka
[13:24:14] Matt_Creed megölte Gyorgy_Boyka-t ezzel: AK47 - Pénz: 0Ft - Pos: -1808, -390, 16
[13:24:14] Matt_Creed plusz kórház jail ideje 360 másodpercre nõtt (+180mp)
[13:26:57] Steve_Aoki plusz kórház jail ideje 780 másodpercre nõtt (+120mp)
[13:26:57] Steve_Aoki lábon lõtte õt: Jimmy_Doherty
[13:26:58] Steve_Aoki megölte Jimmy_Doherty-t ezzel: MP5 - Pénz: 0Ft - Pos: 667, -1456, 14
[13:26:58] Steve_Aoki plusz kórház jail ideje 960 másodpercre nõtt (+180mp)
[13:27:13] Lesley_Antony meghalt (-), oka: Leesett - Pénz: 0Ft - Pos: 85, 1330, 1084
[13:42:42] Nick_R_Wilson plusz kórház jail ideje 120 másodpercre nõtt (+120mp)
[13:42:42] Nick_R_Wilson lábon lõtte õt: John_Salivan
[13:45:15] Bob_Kleiner riflevel animba lõtte õt õt: Nick_R_Wilson
[13:54:49] Paul_Escobar fejen lõtte õt: Cody_Aciano
[13:54:49] Paul_Escobar megölte Cody_Aciano-t ezzel: MP5 - Pénz: 0Ft - Pos: -1302, 2523, 87
[13:54:49] Paul_Escobar plusz kórház jail ideje 180 másodpercre nõtt (+180mp)
[13:54:56] Paul_Escobar fejen lõtte õt: Jason_Aciano
[13:54:57] Paul_Escobar megölte Jason_Aciano-t ezzel: MP5 - Pénz: 0Ft - Pos: -1303, 2523, 87
[13:54:57] Paul_Escobar plusz kórház jail ideje 360 másodpercre nõtt (+180mp)
[13:54:57] Paul_Escobar fejen lõtte õt: Rick_Aciano
[13:54:58] Paul_Escobar megölte Rick_Aciano-t ezzel: MP5 - Pénz: 0Ft - Pos: -1305, 2522, 87
[13:54:58] Paul_Escobar plusz kórház jail ideje 540 másodpercre nõtt (+180mp)
[13:59:08] Atsuya_D_Freeman meghalt (-), oka: Leesett - Pénz: 0Ft - Pos: -1823, 130, 15
[14:11:43] Stefan_D_Zecchin plusz kórház jail ideje 120 másodpercre nõtt (+120mp)
[14:11:43] Stefan_D_Zecchin lábon lõtte õt: Markus_D_Zecchin
[14:12:02] Dan_B_Hollywood plusz kórház jail ideje 360 másodpercre nõtt (+120mp)
[14:12:02] Dan_B_Hollywood lábon lõtte õt: Stefan_D_Zecchin
[14:21:15] Nelson_Washington plusz kórház jail ideje 120 másodpercre nõtt (+120mp)
[14:21:15] Nelson_Washington lábon lõtte õt: Diaz_Freeman
[14:21:16] Leone_S_Tomasso fejen lõtte õt: Diaz_Freeman
[14:21:17] Leone_S_Tomasso megölte Diaz_Freeman-t ezzel: MP5 - Pénz: 2318952Ft - Pos: 1928, -2417, 13
[14:21:17] Leone_S_Tomasso plusz kórház jail ideje 420 másodpercre nõtt (+180mp)
[14:28:27] Ventura_Zecchin plusz kórház jail ideje 120 másodpercre nõtt (+120mp)
[14:28:27] Ventura_Zecchin lábon lõtte õt: Rick_Aciano
[15:05:46] Kevin_S_Tomasso plusz kórház jail ideje 780 másodpercre nõtt (+120mp)
[15:05:46] Kevin_S_Tomasso lábon lõtte õt: Wolczyk_T_Sorrentino
[15:06:03] Max_Sorrentino plusz kórház jail ideje 120 másodpercre nõtt (+120mp)
[15:06:03] Max_Sorrentino lábon lõtte õt: Freddie_B_Scaletta
[15:06:03] Max_Sorrentino plusz kórház jail ideje 240 másodpercre nõtt (+120mp)
[15:06:03] Max_Sorrentino lábon lõtte õt: Freddie_B_Scaletta
[15:06:07] Dan_B_Hollywood plusz kórház jail ideje 480 másodpercre nõtt (+120mp)
[15:06:07] Dan_B_Hollywood lábon lõtte õt: Max_Sorrentino
[15:06:09] Don_Sorrentino plusz kórház jail ideje 120 másodpercre nõtt (+120mp)
[15:06:09] Don_Sorrentino lábon lõtte õt: Max_Sorrentino
[15:06:09] Don_Sorrentino megölte Max_Sorrentino-t ezzel: M4 - Pénz: 0Ft - Pos: 2210, -2136, 13
[15:06:09] Don_Sorrentino plusz kórház jail ideje 300 másodpercre nõtt (+180mp)
[15:06:10] Dan_B_Hollywood fejen lõtte õt: Markus_D_Zecchin
[15:06:10] Dan_B_Hollywood megölte Markus_D_Zecchin-t ezzel: M4 - Pénz: 0Ft - Pos: 2203, -2159, 13
[15:06:10] Dan_B_Hollywood plusz kórház jail ideje 660 másodpercre nõtt (+180mp)
[15:09:14] John_Salivan fejen lõtte õt: Thomas_Berzerk
[15:09:14] John_Salivan megölte Thomas_Berzerk-t ezzel: M4 - Pénz: -600000Ft - Pos: -2005, -16, 34
[15:09:14] John_Salivan plusz kórház jail ideje 180 másodpercre nõtt (+180mp)
[15:09:44] Georg_B_Hollywood sniperrel meglõtte õt: Dan_B_Hollywood
[15:09:45] Georg_B_Hollywood sniperrel meglõtte õt: Dan_B_Hollywood
[15:09:47] Georg_B_Hollywood sniperrel meglõtte õt: Dan_B_Hollywood
[15:09:49] Georg_B_Hollywood sniperrel meglõtte õt: Dan_B_Hollywood
[15:09:50] Georg_B_Hollywood sniperrel meglõtte õt: Dan_B_Hollywood
[15:11:33] Kiraly_Hunor meghalt (NPC_Buszsofor_LS), oka: Autó | Lehet, hogy Elena_Moon ölte meg, mert a közelben volt - Pénz: 38103Ft - Po
[15:20:06] Kevin_S_Tomasso plusz kórház jail ideje 900 másodpercre nõtt (+120mp)
[15:20:06] Kevin_S_Tomasso lábon lõtte õt: Wolczyk_T_Sorrentino
[15:20:06] Kevin_S_Tomasso plusz kórház jail ideje 1020 másodpercre nõtt (+120mp)
[15:20:06] Kevin_S_Tomasso lábon lõtte õt: Stefan_D_Zecchin
[15:20:07] Kevin_S_Tomasso megölte Wolczyk_T_Sorrentino-t ezzel: M4 - Pénz: 0Ft - Pos: 2184, -1191, 24
[15:20:07] Kevin_S_Tomasso plusz kórház jail ideje 1200 másodpercre nõtt (+180mp)
[15:38:17] Max_D_Freeman meghalt (-), oka: Leesett - Pénz: 2675Ft - Pos: -787, -246, 47
[15:40:24] Kevin_S_Tomasso fejen lõtte õt: Stefan_D_Zecchin
[15:40:24] Kevin_S_Tomasso megölte Stefan_D_Zecchin-t ezzel: SilencedColt45 - Pénz: 0Ft - Pos: 1946, 158, 36
[15:40:24] Kevin_S_Tomasso plusz kórház jail ideje 1380 másodpercre nõtt (+180mp)
[15:48:26] Ryder_B_Dueno lábon lõtte õt: Paul_Escobar
[15:48:30] Mark_B_Hollywood fejen lõtte õt: Mark_Bishop
[15:49:19] Lorand_Vincenzo lábon lõtte õt: Stefan_Berger
[15:49:20] Atsuya_D_Freeman fejen lõtte õt: Fekete_Erik
[15:49:29] Lorand_Vincenzo lábon lõtte õt: Thomas_Berzerk
[15:49:39] Kazuyoshi_Akira lábon lõtte õt: Atsuya_D_Freeman
[15:49:58] George_B_Hollywood sniperrel meglõtte õt: Paul_D_Cortez
[16:00:23] Jason_B_Hollywood fejen lõtte õt: Levy_B_Hollywood
[16:00:23] Jason_B_Hollywood megölte Levy_B_Hollywood-t ezzel: MP5 - Pénz: 3550272Ft - Pos: -2002, 412, 35
[16:00:23] Jason_B_Hollywood plusz kórház jail ideje 180 másodpercre nõtt (+180mp)
[16:11:05] Johan_B_Black meghalt (-), oka: Leesett - Pénz: 0Ft - Pos: 2572, -1686, 4
[16:12:13] Grew_Brasco fejen lõtte õt: Thomas_Berzerk
[16:12:13] Grew_Brasco megölte Thomas_Berzerk-t ezzel: M4 - Pénz: -600000Ft - Pos: 634, -531, 15
[16:12:13] Grew_Brasco plusz kórház jail ideje 4020 másodpercre nõtt (+180mp)
[16:12:36] Grew_Brasco plusz kórház jail ideje 4140 másodpercre nõtt (+120mp)
[16:12:36] Grew_Brasco lábon lõtte õt: Mark_Bishop
[16:12:37] Joe_Gates plusz kórház jail ideje 360 másodpercre nõtt (+120mp)
[16:12:37] Joe_Gates lábon lõtte õt: Mark_Bishop
[16:12:38] Joe_Gates plusz kórház jail ideje 480 másodpercre nõtt (+120mp)
[16:12:38] Joe_Gates lábon lõtte õt: Mark_Bishop
[16:12:38] Joe_Gates plusz kórház jail ideje 600 másodpercre nõtt (+120mp)
[16:12:38] Joe_Gates lábon lõtte õt: Mark_Bishop
[16:12:41] Kevin_S_Tomasso plusz kórház jail ideje 1500 másodpercre nõtt (+120mp)
[16:12:41] Kevin_S_Tomasso lábon lõtte õt: Paul_D_Cortez
[16:12:42] Kevin_S_Tomasso plusz kórház jail ideje 1620 másodpercre nõtt (+120mp)
[16:12:42] Kevin_S_Tomasso lábon lõtte õt: Paul_D_Cortez
[16:12:42] Kevin_S_Tomasso plusz kórház jail ideje 1740 másodpercre nõtt (+120mp)
[16:12:42] Kevin_S_Tomasso lábon lõtte õt: Paul_D_Cortez
[16:12:42] Joe_Gates megölte Mark_Bishop-t ezzel: M4 - Pénz: 0Ft - Pos: -36, -88, 1003
[16:12:42] Joe_Gates plusz kórház jail ideje 780 másodpercre nõtt (+180mp)
[16:12:42] Kevin_S_Tomasso megölte Paul_D_Cortez-t ezzel: M4 - Pénz: 0Ft - Pos: -31, -75, 1003
[16:12:42] Kevin_S_Tomasso plusz kórház jail ideje 1920 másodpercre nõtt (+180mp)
[16:12:42] Kevin_S_Tomasso plusz kórház jail ideje 2040 másodpercre nõtt (+120mp)
[16:12:42] Kevin_S_Tomasso lábon lõtte õt: Paul_D_Cortez
[16:12:47] Kevin_S_Tomasso plusz kórház jail ideje 2160 másodpercre nõtt (+120mp)
[16:12:47] Kevin_S_Tomasso lábon lõtte õt: Atsuya_D_Freeman
[16:12:48] Kevin_S_Tomasso plusz kórház jail ideje 2280 másodpercre nõtt (+120mp)
[16:12:48] Kevin_S_Tomasso lábon lõtte õt: Atsuya_D_Freeman
[16:53:16] Dave_R_Vincenzo fejen lõtte õt: Don_Sorrentino
[16:53:16] Dave_R_Vincenzo fejen lõtte õt: Adele_Scaletta
[16:53:16] Dave_R_Vincenzo megölte Adele_Scaletta-t ezzel: M4 - Pénz: 0Ft - Pos: -149, -1315, 2
[16:53:16] Dave_R_Vincenzo plusz kórház jail ideje 540 másodpercre nõtt (+180mp)
[16:55:17] John_Salivan plusz kórház jail ideje 300 másodpercre nõtt (+120mp)
[16:55:17] John_Salivan lábon lõtte õt: Dave_R_Vincenzo
[16:55:18] Henrik_T_Scaletta sniperrel meglõtte õt: Dave_R_Vincenzo
[16:55:19] Henrik_T_Scaletta sniperrel meglõtte õt: Dave_R_Vincenzo
[16:55:31] John_Salivan plusz kórház jail ideje 420 másodpercre nõtt (+120mp)
[16:55:31] John_Salivan lábon lõtte õt: Dave_R_Vincenzo
[17:17:25] Markus_D_Zecchin fejen lõtte õt: Denny_Toretto
[17:21:50] John_Salivan plusz kórház jail ideje 540 másodpercre nõtt (+120mp)
[17:21:50] John_Salivan lábon lõtte õt: Wolczyk_T_Sorrentino
[17:22:16] Henry_Tomasino plusz kórház jail ideje 120 másodpercre nõtt (+120mp)
[17:22:16] Henry_Tomasino lábon lõtte õt: Bob_Kleiner
[17:22:28] Henry_Tomasino plusz kórház jail ideje 240 másodpercre nõtt (+120mp)
[17:22:28] Henry_Tomasino lábon lõtte õt: John_Salivan
[17:22:28] Henry_Tomasino plusz kórház jail ideje 360 másodpercre nõtt (+120mp)
[17:22:28] Henry_Tomasino lábon lõtte õt: John_Salivan
[17:22:47] Lucio_Zecchin fejen lõtte õt: Ekaterina_Kurae
[17:22:47] Lucio_Zecchin megölte Ekaterina_Kurae-t ezzel: MP5 - Pénz: 9505Ft - Pos: -1226, -775, 63
[17:22:47] Lucio_Zecchin plusz kórház jail ideje 180 másodpercre nõtt (+180mp)
[17:25:24] Dave_R_Vincenzo meghalt (-), oka: Leesett - Pénz: 0Ft - Pos: 1068, -1842, 13
[17:29:05] Daniel_Scaletta fejen lõtte õt: Ventura_Zecchin
[17:29:05] Daniel_Scaletta megölte Ventura_Zecchin-t ezzel: M4 - Pénz: 0Ft - Pos: 616, -1120, 46
[17:29:05] Daniel_Scaletta plusz kórház jail ideje 180 másodpercre nõtt (+180mp)
[17:38:04] Krist_Roscoe meghalt (-), oka: Leesett - Pénz: 0Ft - Pos: 329, -1357, 22
[17:41:24] Lucio_Zecchin plusz kórház jail ideje 300 másodpercre nõtt (+120mp)
[17:41:24] Lucio_Zecchin lábon lõtte õt: Nelson_Washington
[17:41:27] Denny_Toretto plusz kórház jail ideje 120 másodpercre nõtt (+120mp)
[17:41:27] Denny_Toretto lábon lõtte õt: Lucio_Zecchin
[17:46:11] Markus_D_Zecchin fejen lõtte õt: Brandon_Toretto
[17:46:11] Markus_D_Zecchin megölte Brandon_Toretto-t ezzel: Sniper - Pénz: 76447Ft - Pos: 2226, -1159, 25
[17:46:11] Markus_D_Zecchin plusz kórház jail ideje 180 másodpercre nõtt (+180mp)
[17:49:48] Dominic_Vincenzo lábon lõtte õt: John_Salivan
[17:49:55] Adele_Scaletta fejen lõtte õt: Stefan_D_Zecchin
[17:49:55] Adele_Scaletta megölte Stefan_D_Zecchin-t ezzel: MP5 - Pénz: 0Ft - Pos: 2222, -1186, 33
[17:49:55] Adele_Scaletta plusz kórház jail ideje 180 másodpercre nõtt (+180mp)
[17:50:13] Bob_Kleiner riflevel animba lõtte õt õt: Dominic_Vincenzo
[17:50:16] James_Creed plusz kórház jail ideje 29 másodpercre nõtt (+120mp)
[17:50:16] James_Creed lábon lõtte õt: Henrik_T_Scaletta
[17:50:16] James_Creed fejen lõtte õt: Henrik_T_Scaletta
[17:50:16] James_Creed megölte Henrik_T_Scaletta-t ezzel: MP5 - Pénz: 54874Ft - Pos: 2211, -1194, 26
[17:50:16] James_Creed plusz kórház jail ideje 209 másodpercre nõtt (+180mp)
[17:53:40] James_Creed plusz kórház jail ideje 329 másodpercre nõtt (+120mp)
[17:53:40] James_Creed lábon lõtte õt: Nelson_Washington
[17:55:33] Zero_Hopkins fejen lõtte õt: Max_Sorrentino
[17:55:33] Zero_Hopkins megölte Max_Sorrentino-t ezzel: Sniper - Pénz: 1000Ft - Pos: 2257, -1065, 49
[17:55:33] Zero_Hopkins plusz kórház jail ideje 180 másodpercre nõtt (+180mp)
[18:01:45] Bob_Kleiner megölte Szekely_Klara-t ezzel: Spray - Pénz: 0Ft - Pos: 1344, 1353, 10
[18:01:45] Bob_Kleiner plusz kórház jail ideje 180 másodpercre nõtt (+180mp)
[18:06:09] Nick_R_Wilson plusz kórház jail ideje 240 másodpercre nõtt (+120mp)
[18:06:09] Nick_R_Wilson lábon lõtte õt: Thomas_Berzerk
[18:07:44] Mark_Bishop plusz kórház jail ideje 120 másodpercre nõtt (+120mp)
[18:07:44] Mark_Bishop lábon lõtte õt: Nick_R_Wilson
[18:17:14] Ryder_B_Dueno lábon lõtte õt: Tom_Zecchin
[18:17:19] Dave_R_Vincenzo lábon lõtte õt: Nico_Butler
[18:17:21] Lorand_Vincenzo lábon lõtte õt: Lucio_Zecchin
[18:17:22] Dave_R_Vincenzo lábon lõtte õt: Lorand_Vincenzo
[18:17:27] Mark_B_Hollywood fejen lõtte õt: Tom_Torres
[18:17:27] Dave_R_Vincenzo lábon lõtte õt: Sergei_B_Dueno
[18:17:31] Kazuyoshi_Akira lábon lõtte õt: Dave_R_Vincenzo
[18:17:32] Pekano_S_Barett lábon lõtte õt: Kazuyoshi_Akira
[18:17:33] Mark_B_Hollywood lábon lõtte õt: Pekano_S_Barett
[18:18:47] Freddie_B_Scaletta fejen lõtte õt: Daniel_Sedin
[18:18:47] Freddie_B_Scaletta megölte Daniel_Sedin-t ezzel: MP5 - Pénz: 0Ft - Pos: 936, -784, 109
[18:18:47] Freddie_B_Scaletta plusz kórház jail ideje 180 másodpercre nõtt (+180mp)
[18:18:51] Henrik_Sedin fejen lõtte õt: Freddie_B_Scaletta
[18:18:51] Henrik_Sedin megölte Freddie_B_Scaletta-t ezzel: MP5 - Pénz: 0Ft - Pos: 948, -768, 108
[18:18:51] Henrik_Sedin plusz kórház jail ideje 180 másodpercre nõtt (+180mp)
[18:18:57] Henrik_Sedin fejen lõtte õt: Don_Sorrentino
[18:18:57] Henrik_Sedin fejen lõtte õt: Don_Sorrentino
[18:18:58] Henrik_Sedin fejen lõtte õt: Don_Sorrentino
[18:18:58] Henrik_Sedin fejen lõtte õt: Don_Sorrentino
[18:18:58] Henrik_Sedin fejen lõtte õt: Don_Sorrentino
[18:18:58] Henrik_Sedin fejen lõtte õt: Don_Sorrentino
[18:19:40] Henrik_Sedin fejen lõtte õt: Don_Sorrentino
[18:19:40] Henrik_Sedin megölte Don_Sorrentino-t ezzel: MP5 - Pénz: 7644Ft - Pos: 948, -767, 108
[18:19:40] Henrik_Sedin plusz kórház jail ideje 360 másodpercre nõtt (+180mp)
[18:22:16] Nico_Butler meghalt (-), oka: Leesett - Pénz: 0Ft - Pos: 1910, -1479, 13
[18:26:23] Costa_Miles plusz kórház jail ideje 120 másodpercre nõtt (+120mp)
[18:26:23] Costa_Miles lábon lõtte õt: Valor_Colin
[18:32:56] Edie_Morra plusz kórház jail ideje 120 másodpercre nõtt (+120mp)
[18:32:56] Edie_Morra lábon lõtte õt: Matt_Creed
[18:37:38] Tom_Torres meghalt (-), oka: Leesett - Pénz: 0Ft - Pos: 2778, -1537, 37
[18:40:12] Mark_B_Hollywood lábon lõtte õt: Pekano_S_Barett
[18:41:31] Fekete_Erik lábon lõtte õt: James_Creed
[18:41:49] Lucio_Zecchin lábon lõtte õt: Fekete_Erik
[18:44:33] Costa_Miles plusz kórház jail ideje 240 másodpercre nõtt (+120mp)
[18:44:33] Costa_Miles lábon lõtte õt: Steve_J_Sorrentino
[18:44:34] Costa_Miles plusz kórház jail ideje 360 másodpercre nõtt (+120mp)
[18:44:34] Costa_Miles lábon lõtte õt: Steve_J_Sorrentino
[18:44:41] Lucio_Zecchin fejen lõtte õt: Kazuyoshi_Akira
[18:46:16] Antonn_Fedorov fejen lõtte õt: Joker_Creed
[18:46:24] Dave_R_Vincenzo sniperrel meglõtte õt: Nico_Butler
[18:46:44] Lorand_Vincenzo sniperrel meglõtte õt: Antonn_Fedorov
[18:51:15] Lucio_Zecchin lábon lõtte õt: Max_D_Freeman
[18:51:46] Lucio_Zecchin lábon lõtte õt: George_B_Hollywood
[18:52:57] Costa_Miles plusz kórház jail ideje 480 másodpercre nõtt (+120mp)
[18:52:57] Costa_Miles lábon lõtte õt: Steve_J_Sorrentino
[18:52:57] Costa_Miles plusz kórház jail ideje 600 másodpercre nõtt (+120mp)
[18:52:57] Costa_Miles lábon lõtte õt: Steve_J_Sorrentino
[18:56:07] Ryder_B_Dueno lábon lõtte õt: Lucio_Zecchin
[19:02:09] Dave_R_Vincenzo lábon lõtte õt: Ryder_B_Dueno
[19:02:20] Lorand_Vincenzo lábon lõtte õt: Dave_R_Vincenzo
[19:11:24] Denaro_Brasco meghalt (-), oka: Leesett - Pénz: 0Ft - Pos: 271, 1883, -28
[19:12:53] Szekely_Klara fejen lõtte õt: Nick_F_Gates
[19:36:13] Tom_D_Wayne meghalt (-), oka: Leesett - Pénz: 6812Ft - Pos: 2608, -1776, 4
[19:47:25] James_Creed fejen lõtte õt: Denny_Toretto
[19:47:25] James_Creed megölte Denny_Toretto-t ezzel: MP5 - Pénz: 0Ft - Pos: -2270, -215, 36
[19:47:25] James_Creed plusz kórház jail ideje 509 másodpercre nõtt (+180mp)
[19:47:26] James_Creed plusz kórház jail ideje 629 másodpercre nõtt (+120mp)
[19:47:26] James_Creed lábon lõtte õt: Brandon_Toretto
[19:47:27] James_Creed fejen lõtte õt: Brandon_Toretto
[19:47:27] James_Creed megölte Brandon_Toretto-t ezzel: MP5 - Pénz: 0Ft - Pos: -2270, -202, 35
[19:47:27] James_Creed plusz kórház jail ideje 809 másodpercre nõtt (+180mp)
[20:00:15] Lucio_Zecchin plusz kórház jail ideje 420 másodpercre nõtt (+120mp)
[20:00:15] Lucio_Zecchin lábon lõtte õt: Yamato_Bosco
[20:00:15] Lucio_Zecchin plusz kórház jail ideje 540 másodpercre nõtt (+120mp)
[20:00:15] Lucio_Zecchin lábon lõtte õt: Yamato_Bosco
[20:00:15] Lucio_Zecchin plusz kórház jail ideje 660 másodpercre nõtt (+120mp)
[20:00:15] Lucio_Zecchin lábon lõtte õt: Yamato_Bosco
[20:00:16] Lucio_Zecchin plusz kórház jail ideje 780 másodpercre nõtt (+120mp)
[20:00:16] Lucio_Zecchin lábon lõtte õt: Yamato_Bosco
[20:02:28] Lucio_Zecchin fejen lõtte õt: Dave_R_Vincenzo
[20:02:28] Lucio_Zecchin megölte Dave_R_Vincenzo-t ezzel: MP5 - Pénz: 0Ft - Pos: 1431, 1584, 10
[20:02:28] Lucio_Zecchin plusz kórház jail ideje 960 másodpercre nõtt (+180mp)
[20:06:38] Lucio_Zecchin fejen lõtte õt: Yamato_Bosco
[20:06:38] Lucio_Zecchin megölte Yamato_Bosco-t ezzel: MP5 - Pénz: 922Ft - Pos: 1446, 1587, 10
[20:06:38] Lucio_Zecchin plusz kórház jail ideje 1140 másodpercre nõtt (+180mp)
[20:29:27] Jin_Sorrentino fejen lõtte õt: Lucio_Zecchin
[20:29:27] Jin_Sorrentino megölte Lucio_Zecchin-t ezzel: M4 - Pénz: 0Ft - Pos: 2003, -2107, 13
[20:29:27] Jin_Sorrentino plusz kórház jail ideje 720 másodpercre nõtt (+180mp)
[20:43:35] John_Salivan sniperrel meglõtte õt: Bob_Kleiner
[20:59:37] Dan_B_Hollywood sniperrel meglõtte õt: Nico_Butler
[20:59:48] Kevin_S_Tomasso fejen lõtte õt: Sergei_B_Dueno
[20:59:48] Kevin_S_Tomasso megölte Sergei_B_Dueno-t ezzel: M4 - Pénz: 6196Ft - Pos: 1325, -984, 162
[20:59:48] Kevin_S_Tomasso plusz kórház jail ideje 180 másodpercre nõtt (+180mp)
[21:00:04] Kevin_S_Tomasso sniperrel meglõtte õt: Ryder_B_Dueno
[21:00:40] Kevin_S_Tomasso sniperrel meglõtte õt: Joker_Creed
[21:01:06] Kevin_S_Tomasso sniperrel meglõtte õt: Ernesto_Surenos
[21:01:29] Kevin_S_Tomasso sniperrel meglõtte õt: Mark_B_Hollywood
[21:02:13] Kevin_S_Tomasso sniperrel meglõtte õt: Ryder_B_Dueno
[21:03:10] Kevin_S_Tomasso sniperrel meglõtte õt: Ryder_B_Dueno
[21:03:10] Kevin_S_Tomasso megölte Ryder_B_Dueno-t ezzel: Sniper - Pénz: 0Ft - Pos: 1282, -914, 41
[21:03:10] Kevin_S_Tomasso plusz kórház jail ideje 360 másodpercre nõtt (+180mp)
[21:03:17] Tom_Mulex meghalt (-), oka: Leesett - Pénz: 0Ft - Pos: 1472, -1761, 20
[21:10:05] Markus_D_Zecchin sniperrel meglõtte õt: Horvath_Adrian
[21:10:21] Georg_B_Hollywood fejen lõtte õt: Paul_Escobar
[21:10:24] Tyler_Wish fejen lõtte õt: Markus_D_Zecchin
[21:10:24] Markus_D_Zecchin sniperrel meglõtte õt: Tyler_Wish
[21:13:28] Kevin_S_Tomasso sniperrel meglõtte õt: Alfeo_Archell
[21:15:25] Georg_B_Hollywood sniperrel meglõtte õt: Mark_Bishop
[21:15:39] Steve_Aoki meghalt (NPC_Vonatsofor_LS_3), oka: Autó | Lehet, hogy Sergei_B_Dueno ölte meg, mert a közelben volt - Pénz: 8300Ft 
[21:16:59] Georg_B_Hollywood lábon lõtte õt: Charlie_Leanders
[21:17:56] Thomas_Berzerk lábon lõtte õt: Georg_B_Hollywood
[21:27:22] James_Aciano plusz kórház jail ideje 780 másodpercre nõtt (+120mp)
[21:27:22] James_Aciano lábon lõtte õt: Philip_Skipper
[21:27:34] Rick_Aciano plusz kórház jail ideje 120 másodpercre nõtt (+120mp)
[21:27:34] Rick_Aciano lábon lõtte õt: Zero_Hopkins
[21:27:41] James_Aciano plusz kórház jail ideje 900 másodpercre nõtt (+120mp)
[21:27:41] James_Aciano lábon lõtte õt: Oze_Roland
[21:30:16] Kevin_S_Tomasso plusz kórház jail ideje 480 másodpercre nõtt (+120mp)
[21:30:16] Kevin_S_Tomasso lábon lõtte õt: Dan_B_Hollywood
[21:30:35] Costa_Miles plusz kórház jail ideje 120 másodpercre nõtt (+120mp)
[21:30:35] Costa_Miles lábon lõtte õt: Philip_Skipper
[21:30:36] Costa_Miles fejen lõtte õt: Philip_Skipper
[21:30:37] Costa_Miles megölte Philip_Skipper-t ezzel: Combat - Pénz: 0Ft - Pos: -2812, -1519, 140
[21:30:37] Costa_Miles plusz kórház jail ideje 300 másodpercre nõtt (+180mp)
[21:30:40] Thomas_Berzerk plusz kórház jail ideje 120 másodpercre nõtt (+120mp)
[21:30:40] Thomas_Berzerk lábon lõtte õt: Stefan_Berger
[21:30:40] Thomas_Berzerk plusz kórház jail ideje 240 másodpercre nõtt (+120mp)
[21:30:40] Thomas_Berzerk lábon lõtte õt: Stefan_Berger
[21:30:41] Paul_Escobar plusz kórház jail ideje 660 másodpercre nõtt (+120mp)
[21:30:41] Paul_Escobar lábon lõtte õt: Horvath_Adrian
[21:30:42] Paul_Escobar plusz kórház jail ideje 780 másodpercre nõtt (+120mp)
[21:30:42] Paul_Escobar lábon lõtte õt: Mark_Bishop
[21:30:43] Paul_Escobar plusz kórház jail ideje 900 másodpercre nõtt (+120mp)
[21:30:43] Paul_Escobar lábon lõtte õt: Mark_Bishop
[21:30:52] Costa_Miles plusz kórház jail ideje 420 másodpercre nõtt (+120mp)
[21:30:52] Costa_Miles lábon lõtte õt: Zero_Hopkins
[21:31:04] Paul_Escobar plusz kórház jail ideje 1020 másodpercre nõtt (+120mp)
[21:31:04] Paul_Escobar lábon lõtte õt: Thomas_Berzerk
[21:31:04] Paul_Escobar fejen lõtte õt: Thomas_Berzerk
[21:31:04] Paul_Escobar megölte Thomas_Berzerk-t ezzel: MP5 - Pénz: 0Ft - Pos: -21, -74, 1003
[21:31:04] Paul_Escobar plusz kórház jail ideje 1200 másodpercre nõtt (+180mp)
[21:31:07] Rick_Aciano megölte Zero_Hopkins-t ezzel: MP5 - Pénz: 6100Ft - Pos: -2817, -1520, 140
[21:31:07] Rick_Aciano plusz kórház jail ideje 300 másodpercre nõtt (+180mp)
[21:31:08] Rick_Aciano plusz kórház jail ideje 420 másodpercre nõtt (+120mp)
[21:31:08] Rick_Aciano lábon lõtte õt: Costa_Miles
[21:31:08] Rick_Aciano plusz kórház jail ideje 540 másodpercre nõtt (+120mp)
[21:31:08] Rick_Aciano lábon lõtte õt: Costa_Miles
[21:31:46] Paul_Escobar fejen lõtte õt: Tyler_Wish
[21:31:46] Paul_Escobar megölte Tyler_Wish-t ezzel: MP5 - Pénz: 0Ft - Pos: -35, -88, 1003
[21:31:46] Paul_Escobar plusz kórház jail ideje 1380 másodpercre nõtt (+180mp)
[21:32:38] Paul_Escobar fejen lõtte õt: Stefan_Berger
[21:32:38] Paul_Escobar fejen lõtte õt: Stefan_Berger
[21:32:39] Paul_Escobar megölte Stefan_Berger-t ezzel: MP5 - Pénz: 0Ft - Pos: -33, -90, 1003
[21:32:39] Paul_Escobar plusz kórház jail ideje 1560 másodpercre nõtt (+180mp)
[21:33:29] Kevin_S_Tomasso plusz kórház jail ideje 600 másodpercre nõtt (+120mp)
[21:33:29] Kevin_S_Tomasso lábon lõtte õt: Dan_B_Hollywood
[21:33:41] Kevin_S_Tomasso plusz kórház jail ideje 720 másodpercre nõtt (+120mp)
[21:33:41] Kevin_S_Tomasso lábon lõtte õt: Dan_B_Hollywood
[21:33:57] Thomas_Berzerk megölte Stefan_Berger-t ezzel: Ököl - Pénz: 0Ft - Pos: 1945, -2458, 14
[21:33:57] Thomas_Berzerk plusz kórház jail ideje 263 másodpercre nõtt (+180mp)
[21:34:17] Kevin_S_Tomasso fejen lõtte õt: Dan_B_Hollywood
[21:34:17] Kevin_S_Tomasso megölte Dan_B_Hollywood-t ezzel: Combat - Pénz: 1400Ft - Pos: 1786, -1295, 13
[21:34:17] Kevin_S_Tomasso plusz kórház jail ideje 900 másodpercre nõtt (+180mp)
[23:07:45] Ryan_Brasco meghalt (-), oka: Leesett - Pénz: 0Ft - Pos: 50, 50, 2
