[00:14:37] Krisztina_Angelo meghalt (-), oka: Leesett - Pénz: 5600Ft - Pos: -2006, -67, 35
[00:28:01] John_Salivan riflevel animba lõtte õt õt: Blake_B_Salvatore
[00:29:12] Drew_B_Dueno plusz kórház jail ideje 240 másodpercre nõtt (+120mp)
[00:29:12] Drew_B_Dueno lábon lõtte õt: Damien_Q_Carcassone
[00:29:45] Matt_Creed plusz kórház jail ideje 120 másodpercre nõtt (+120mp)
[00:29:45] Matt_Creed lábon lõtte õt: Bob_Kleiner
[00:32:12] Drew_B_Dueno plusz kórház jail ideje 360 másodpercre nõtt (+120mp)
[00:32:12] Drew_B_Dueno lábon lõtte õt: Matt_Creed
[00:32:14] Drew_B_Dueno plusz kórház jail ideje 480 másodpercre nõtt (+120mp)
[00:32:14] Drew_B_Dueno lábon lõtte õt: Albert_Kesselring
[00:32:27] John_Salivan fejen lõtte õt: Shura_Sharma
[00:32:27] John_Salivan megölte Shura_Sharma-t ezzel: Rifle - Pénz: 0Ft - Pos: 971, -981, 39
[00:32:27] John_Salivan plusz kórház jail ideje 180 másodpercre nõtt (+180mp)
[00:33:16] John_Salivan plusz kórház jail ideje 300 másodpercre nõtt (+120mp)
[00:33:16] John_Salivan lábon lõtte õt: Phil_Stinson
[00:40:25] Javier_B_Hollywood plusz kórház jail ideje 120 másodpercre nõtt (+120mp)
[00:40:25] Javier_B_Hollywood lábon lõtte õt: Drew_B_Dueno
[00:40:25] John_Salivan plusz kórház jail ideje 420 másodpercre nõtt (+120mp)
[00:40:25] John_Salivan lábon lõtte õt: Javier_B_Hollywood
[00:45:30] Steve_Aoki plusz kórház jail ideje 120 másodpercre nõtt (+120mp)
[00:45:30] Steve_Aoki lábon lõtte õt: Phil_Stinson
[00:45:39] Levy_B_Hollywood fejen lõtte õt: Steve_Aoki
[00:45:39] Levy_B_Hollywood megölte Steve_Aoki-t ezzel: M4 - Pénz: 1250Ft - Pos: 944, -948, 39
[00:45:39] Levy_B_Hollywood plusz kórház jail ideje 480 másodpercre nõtt (+180mp)
[00:52:02] Jim_Handerson meghalt (-), oka: Leesett - Pénz: 0Ft - Pos: -2143, -1840, 216
[00:56:18] Jim_Handerson meghalt (-), oka: Leesett - Pénz: 0Ft - Pos: -2037, -1873, 58
[01:21:46] Jeff_Jefferson meghalt (-), oka: Leesett - Pénz: 3892300Ft - Pos: 1497, -1731, 13
[01:30:32] Norbert_N_Ortega meghalt (-), oka: Leesett - Pénz: 0Ft - Pos: 218, 2054, 19
[01:36:13] Rick_Aciano megölte Connor_O_Neill-t ezzel: Ököl - Pénz: 0Ft - Pos: 2194, -1188, 1029
[01:36:13] Rick_Aciano plusz kórház jail ideje 180 másodpercre nõtt (+180mp)
[01:42:04] Tom_Torres plusz kórház jail ideje 300 másodpercre nõtt (+120mp)
[01:42:04] Tom_Torres lábon lõtte õt: Johny_Morales
[01:46:03] Tom_Torres plusz kórház jail ideje 420 másodpercre nõtt (+120mp)
[01:46:03] Tom_Torres lábon lõtte õt: Johny_Morales
[02:18:18] Hizusu_Zisiku megölte Marcell_O_Neill-t ezzel: Ököl - Pénz: 1521135Ft - Pos: 2240, -1163, 1029
[02:18:18] Hizusu_Zisiku plusz kórház jail ideje 1080 másodpercre nõtt (+180mp)
[02:38:39] Randy_Brasco meghalt (Ryan_Brasco), oka: Leesett - Pénz: 0Ft - Pos: -277, -325, 25
[03:12:30] Connor_O_Neill meghalt (-), oka: Leesett - Pénz: 0Ft - Pos: -2245, -1623, 424
[03:13:53] Connor_O_Neill meghalt (-), oka: Leesett - Pénz: 0Ft - Pos: -2051, -1829, 99
[03:13:53] Jim_Handerson meghalt (-), oka: Leesett - Pénz: 0Ft - Pos: -2051, -1829, 99
[03:15:53] Connor_O_Neill meghalt (Jim_Handerson), oka: Leesett - Pénz: 0Ft - Pos: -1954, -1668, 33
[03:18:39] Jim_Handerson meghalt (-), oka: Leesett - Pénz: 0Ft - Pos: -2204, -1803, 307
[03:19:53] Jim_Handerson meghalt (-), oka: Leesett - Pénz: 0Ft - Pos: -2162, -1850, 219
[03:21:58] Jim_Handerson meghalt (-), oka: Leesett - Pénz: 0Ft - Pos: -2138, -1836, 214
[03:23:43] Connor_O_Neill meghalt (Jim_Handerson), oka: Leesett - Pénz: 0Ft - Pos: -2190, -1748, 306
[03:23:43] Jim_Handerson meghalt (Connor_O_Neill), oka: Leesett - Pénz: 0Ft - Pos: -2190, -1748, 306
[03:27:02] Connor_O_Neill meghalt (-), oka: Leesett - Pénz: 0Ft - Pos: -2177, -1715, 314
[03:27:19] Jim_Handerson meghalt (-), oka: Leesett - Pénz: 0Ft - Pos: -1964, -1800, 37
[03:40:18] Jim_Handerson meghalt (-), oka: Leesett - Pénz: 0Ft - Pos: -2085, -1852, 110
[03:45:15] Jim_Handerson meghalt (-), oka: Leesett - Pénz: 0Ft - Pos: -2099, -1862, 117
[07:56:14] Jimmy_Doherty meghalt (-), oka: Leesett - Pénz: 0Ft - Pos: -1760, -1270, 56
[09:57:07] William_Leroy meghalt (-), oka: Leesett - Pénz: 0Ft - Pos: 1172, -736, 62
[10:00:25] Siska_Finuccsi plusz kórház jail ideje 120 másodpercre nõtt (+120mp)
[10:00:25] Siska_Finuccsi lábon lõtte õt: Stefan_D_Zecchin
[10:00:26] Antonn_Fedorov sniperrel meglõtte õt: Matt_Creed
[10:00:29] Siska_Finuccsi plusz kórház jail ideje 240 másodpercre nõtt (+120mp)
[10:00:29] Siska_Finuccsi lábon lõtte õt: Steve_J_Sorrentino
[10:00:38] Antonn_Fedorov sniperrel meglõtte õt: Siska_Finuccsi
[10:00:46] Antonn_Fedorov sniperrel meglõtte õt: Matt_Creed
[10:00:51] Antonn_Fedorov sniperrel meglõtte õt: Siska_Finuccsi
[10:00:54] Antonn_Fedorov sniperrel meglõtte õt: Siska_Finuccsi
[10:00:57] Antonn_Fedorov sniperrel meglõtte õt: Matt_Creed
[10:01:22] Antonn_Fedorov sniperrel meglõtte õt: Siska_Finuccsi
[10:01:22] Antonn_Fedorov megölte Siska_Finuccsi-t ezzel: Sniper - Pénz: 0Ft - Pos: 1351, -1745, 13
[10:01:22] Antonn_Fedorov plusz kórház jail ideje 1500 másodpercre nõtt (+180mp)
[10:01:45] Leone_S_Tomasso sniperrel meglõtte õt: Antonn_Fedorov
[10:01:53] Leone_S_Tomasso fejen lõtte õt: Antonn_Fedorov
[10:01:54] Leone_S_Tomasso megölte Antonn_Fedorov-t ezzel: M4 - Pénz: 149173Ft - Pos: 1344, -1678, 13
[10:01:54] Leone_S_Tomasso plusz kórház jail ideje 360 másodpercre nõtt (+180mp)
[10:06:42] Leone_S_Tomasso megölte Steve_J_Sorrentino-t ezzel: M4 - Pénz: 51000Ft - Pos: 1379, -1774, 13
[10:06:42] Leone_S_Tomasso plusz kórház jail ideje 540 másodpercre nõtt (+180mp)
[10:07:50] Pekano_S_Barett megölte Matt_Creed-t ezzel: M4 - Pénz: 0Ft - Pos: 1352, -1746, 13
[10:07:50] Pekano_S_Barett plusz kórház jail ideje 180 másodpercre nõtt (+180mp)
[10:11:38] Carlos_D_Surenos plusz kórház jail ideje 420 másodpercre nõtt (+120mp)
[10:11:38] Carlos_D_Surenos lábon lõtte õt: Leone_S_Tomasso
[10:15:13] Carlos_D_Surenos fejen lõtte õt: Zack_B_Zecchin
[10:15:13] Carlos_D_Surenos megölte Zack_B_Zecchin-t ezzel: M4 - Pénz: 13032Ft - Pos: 1347, -1678, 13
[10:15:13] Carlos_D_Surenos plusz kórház jail ideje 600 másodpercre nõtt (+180mp)
[10:27:22] Ryan_B_Mike megölte Szabo_Balazs-t ezzel: Ököl - Pénz: 177180Ft - Pos: 2239, -1176, 1029
[10:27:22] Ryan_B_Mike plusz kórház jail ideje 180 másodpercre nõtt (+180mp)
[10:40:24] Emanuel_Garcia meghalt (-), oka: Leesett - Pénz: 0Ft - Pos: 1414, -1731, 13
[10:47:05] Kristaly_Zoltan fejen lõtte õt: Mate_Richard
[10:47:05] Kristaly_Zoltan megölte Mate_Richard-t ezzel: MP5 - Pénz: 0Ft - Pos: 170, 2640, 16
[10:47:05] Kristaly_Zoltan plusz kórház jail ideje 180 másodpercre nõtt (+180mp)
[11:02:53] Bart_S_Tomasso meghalt (-), oka: Leesett - Pénz: 0Ft - Pos: 1650, -1445, 29
[11:08:04] Steve_J_Sorrentino fejen lõtte õt: Mester_Csaba
[11:08:04] Steve_J_Sorrentino megölte Mester_Csaba-t ezzel: MP5 - Pénz: 0Ft - Pos: 2191, -1180, 1033
[11:08:04] Steve_J_Sorrentino plusz kórház jail ideje 180 másodpercre nõtt (+180mp)
[11:14:07] Albert_Kesselring fejen lõtte õt: Elwood_JR_Sorrentino
[11:14:07] Albert_Kesselring megölte Elwood_JR_Sorrentino-t ezzel: Deagle - Pénz: 400Ft - Pos: -97, -944, 21
[11:14:07] Albert_Kesselring plusz kórház jail ideje 180 másodpercre nõtt (+180mp)
[11:28:08] Jerrick_S_Tomasso meghalt (-), oka: Leesett - Pénz: 41940Ft - Pos: 554, -360, 29
[11:34:57] Denny_Toretto sniperrel meglõtte õt: Oliver_Aciano
[11:35:10] Denny_Toretto sniperrel meglõtte õt: Daryl_Aciano
[11:35:12] Paul_D_Cortez fejen lõtte õt: Albert_Kesselring
[11:35:12] Paul_D_Cortez megölte Albert_Kesselring-t ezzel: MP5 - Pénz: 0Ft - Pos: 1445, -1033, 23
[11:35:12] Paul_D_Cortez plusz kórház jail ideje 180 másodpercre nõtt (+180mp)
[11:35:13] Levy_B_Hollywood plusz kórház jail ideje 600 másodpercre nõtt (+120mp)
[11:35:13] Levy_B_Hollywood lábon lõtte õt: Paul_D_Cortez
[11:35:57] Paul_Escobar fejen lõtte õt: Levy_B_Hollywood
[11:35:57] Paul_Escobar megölte Levy_B_Hollywood-t ezzel: MP5 - Pénz: 0Ft - Pos: 1444, -1040, 23
[11:35:57] Paul_Escobar plusz kórház jail ideje 420 másodpercre nõtt (+180mp)
[11:43:42] Paul_Escobar plusz kórház jail ideje 540 másodpercre nõtt (+120mp)
[11:43:42] Paul_Escobar lábon lõtte õt: Szekely_Klara
[11:43:59] Denny_Toretto sniperrel meglõtte õt: Daryl_Aciano
[11:47:37] Denny_Toretto sniperrel meglõtte õt: Paul_Escobar
[11:48:52] Denny_Toretto sniperrel meglõtte õt: Oliver_Aciano
[11:48:59] Denny_Toretto sniperrel meglõtte õt: Szekely_Klara
[11:49:21] Mester_Csaba fejen lõtte õt: Leone_S_Tomasso
[11:49:21] Mester_Csaba megölte Leone_S_Tomasso-t ezzel: AK47 - Pénz: 266185Ft - Pos: 1925, -2417, 13
[11:49:21] Mester_Csaba plusz kórház jail ideje 180 másodpercre nõtt (+180mp)
[11:49:25] Denny_Toretto sniperrel meglõtte õt: Paul_D_Cortez
[11:52:13] Keny_Da_Silva plusz kórház jail ideje 120 másodpercre nõtt (+120mp)
[11:52:13] Keny_Da_Silva lábon lõtte õt: John_Salivan
[12:00:27] Shura_Sharma fejen lõtte õt: Drew_B_Dueno
[12:00:28] Shura_Sharma megölte Drew_B_Dueno-t ezzel: M4 - Pénz: 0Ft - Pos: 936, -956, 39
[12:00:28] Shura_Sharma plusz kórház jail ideje 180 másodpercre nõtt (+180mp)
[12:45:40] Fukushima_Nakajima fejen lõtte õt: Foley_J_Creed
[12:45:41] Fukushima_Nakajima fejen lõtte õt: Foley_J_Creed
[12:45:41] Fukushima_Nakajima megölte Foley_J_Creed-t ezzel: Colt45 - Pénz: 0Ft - Pos: 1461, -1016, 25
[12:45:41] Fukushima_Nakajima plusz kórház jail ideje 180 másodpercre nõtt (+180mp)
[12:45:45] Siska_Finuccsi plusz kórház jail ideje 120 másodpercre nõtt (+120mp)
[12:45:45] Siska_Finuccsi lábon lõtte õt: Fukushima_Nakajima
[12:48:10] Jack_Thomson meghalt (-), oka: Leesett - Pénz: 27951Ft - Pos: -136, -1054, 3
[13:12:12] Lucio_Zecchin plusz kórház jail ideje 120 másodpercre nõtt (+120mp)
[13:12:12] Lucio_Zecchin lábon lõtte õt: Jason_Aciano
[13:13:50] Lucio_Zecchin fejen lõtte õt: Akos_Vincenzo
[13:13:50] Lucio_Zecchin megölte Akos_Vincenzo-t ezzel: M4 - Pénz: 0Ft - Pos: -49, -1487, 2
[13:13:50] Lucio_Zecchin plusz kórház jail ideje 300 másodpercre nõtt (+180mp)
[13:13:50] Joe_Gates fejen lõtte õt: Lucio_Zecchin
[13:13:51] Joe_Gates megölte Lucio_Zecchin-t ezzel: MP5 - Pénz: 0Ft - Pos: -40, -1515, 1
[13:13:51] Joe_Gates plusz kórház jail ideje 180 másodpercre nõtt (+180mp)
[13:13:54] Carlos_D_Surenos fejen lõtte õt: Joe_Gates
[13:13:54] Carlos_D_Surenos megölte Joe_Gates-t ezzel: M4 - Pénz: 0Ft - Pos: -48, -1486, 2
[13:13:54] Carlos_D_Surenos plusz kórház jail ideje 780 másodpercre nõtt (+180mp)
[13:14:40] Oliver_Aciano megölte Fukushima_Nakajima-t ezzel: Ököl - Pénz: -2311138Ft - Pos: 1331, 1351, 10
[13:14:40] Oliver_Aciano plusz kórház jail ideje 180 másodpercre nõtt (+180mp)
[13:26:19] Lucio_Zecchin plusz kórház jail ideje 120 másodpercre nõtt (+120mp)
[13:26:19] Lucio_Zecchin lábon lõtte õt: Henry_Tomasino
[13:26:26] Ventura_Zecchin plusz kórház jail ideje 300 másodpercre nõtt (+120mp)
[13:26:26] Ventura_Zecchin lábon lõtte õt: Henry_Tomasino
[13:26:26] Ventura_Zecchin plusz kórház jail ideje 420 másodpercre nõtt (+120mp)
[13:26:26] Ventura_Zecchin lábon lõtte õt: Henry_Tomasino
[13:26:26] Ventura_Zecchin megölte Henry_Tomasino-t ezzel: M4 - Pénz: 1679148Ft - Pos: 75, 90, 6
[13:26:26] Ventura_Zecchin plusz kórház jail ideje 600 másodpercre nõtt (+180mp)
[13:26:30] Costa_Miles plusz kórház jail ideje 120 másodpercre nõtt (+120mp)
[13:26:30] Costa_Miles lábon lõtte õt: Ventura_Zecchin
[13:26:35] Costa_Miles plusz kórház jail ideje 240 másodpercre nõtt (+120mp)
[13:26:35] Costa_Miles lábon lõtte õt: Kevin_S_Tomasso
[13:26:39] Carlos_D_Surenos plusz kórház jail ideje 900 másodpercre nõtt (+120mp)
[13:26:39] Carlos_D_Surenos lábon lõtte õt: Nelson_Washington
[13:26:40] Carlos_D_Surenos plusz kórház jail ideje 1020 másodpercre nõtt (+120mp)
[13:26:40] Carlos_D_Surenos lábon lõtte õt: Costa_Miles
[13:27:55] Carlos_D_Surenos fejen lõtte õt: Siska_Finuccsi
[13:27:55] Carlos_D_Surenos megölte Siska_Finuccsi-t ezzel: M4 - Pénz: 0Ft - Pos: 93, 136, 3
[13:27:55] Carlos_D_Surenos plusz kórház jail ideje 1200 másodpercre nõtt (+180mp)
[13:30:55] Patrick_Zecchin megölte Costa_Miles-t ezzel: AK47 - Pénz: 0Ft - Pos: 86, 99, 2
[13:30:55] Patrick_Zecchin plusz kórház jail ideje 180 másodpercre nõtt (+180mp)
[13:31:14] Carlos_D_Surenos sniperrel meglõtte õt: Leone_S_Tomasso
[13:31:44] Patrick_Zecchin fejen lõtte õt: Leone_S_Tomasso
[13:31:44] Patrick_Zecchin fejen lõtte õt: Leone_S_Tomasso
[13:31:44] Patrick_Zecchin megölte Leone_S_Tomasso-t ezzel: AK47 - Pénz: 0Ft - Pos: -11, 76, 11
[13:31:44] Patrick_Zecchin plusz kórház jail ideje 360 másodpercre nõtt (+180mp)
[13:35:09] Patrick_Zecchin fejen lõtte õt: Nelson_Washington
[13:35:09] Patrick_Zecchin fejen lõtte õt: Nelson_Washington
[13:35:10] Patrick_Zecchin fejen lõtte õt: Nelson_Washington
[13:35:10] Patrick_Zecchin fejen lõtte õt: Nelson_Washington
[13:35:10] Patrick_Zecchin megölte Nelson_Washington-t ezzel: AK47 - Pénz: 1000000Ft - Pos: 79, 112, 2
[13:35:10] Patrick_Zecchin plusz kórház jail ideje 540 másodpercre nõtt (+180mp)
[13:36:57] Oze_Roland fejen lõtte õt: Stefan_D_Zecchin
[13:36:57] Oze_Roland megölte Stefan_D_Zecchin-t ezzel: AK47 - Pénz: 120825Ft - Pos: 110, 69, 1
[13:36:57] Oze_Roland plusz kórház jail ideje 180 másodpercre nõtt (+180mp)
[13:37:08] Shura_Sharma sniperrel meglõtte õt: Lucio_Zecchin
[13:37:22] Carlos_D_Surenos fejen lõtte õt: Shura_Sharma
[13:37:22] Carlos_D_Surenos megölte Shura_Sharma-t ezzel: Sniper - Pénz: 0Ft - Pos: 137, -5, 1
[13:37:22] Carlos_D_Surenos plusz kórház jail ideje 1380 másodpercre nõtt (+180mp)
[13:37:28] Patrick_Zecchin plusz kórház jail ideje 660 másodpercre nõtt (+120mp)
[13:37:28] Patrick_Zecchin lábon lõtte õt: Oze_Roland
[13:37:34] Patrick_Zecchin fejen lõtte õt: Oze_Roland
[13:37:34] Patrick_Zecchin megölte Oze_Roland-t ezzel: AK47 - Pénz: 51762Ft - Pos: 142, 56, 2
[13:37:34] Patrick_Zecchin plusz kórház jail ideje 840 másodpercre nõtt (+180mp)
[13:39:20] Patrick_Zecchin plusz kórház jail ideje 960 másodpercre nõtt (+120mp)
[13:39:20] Patrick_Zecchin lábon lõtte õt: Milinte_Brasco
[13:39:43] CarloS_Brasco plusz kórház jail ideje 780 másodpercre nõtt (+120mp)
[13:39:43] CarloS_Brasco lábon lõtte õt: Patrick_Zecchin
[13:39:47] CarloS_Brasco plusz kórház jail ideje 900 másodpercre nõtt (+120mp)
[13:39:47] CarloS_Brasco lábon lõtte õt: Ventura_Zecchin
[13:41:40] Lucio_Zecchin fejen lõtte õt: CarloS_Brasco
[13:41:40] Lucio_Zecchin megölte CarloS_Brasco-t ezzel: M4 - Pénz: 0Ft - Pos: 128, 79, 2
[13:41:40] Lucio_Zecchin plusz kórház jail ideje 300 másodpercre nõtt (+180mp)
[13:44:57] Zsori_Sandor fejen lõtte õt: Szabo_Balazs
[13:44:57] Zsori_Sandor megölte Szabo_Balazs-t ezzel: MP5 - Pénz: 195400Ft - Pos: -433, -405, 15
[13:44:57] Zsori_Sandor plusz kórház jail ideje 89 másodpercre nõtt (+180mp)
[13:45:12] Carlos_D_Surenos fejen lõtte õt: Ryan_Lennox
[13:45:12] Carlos_D_Surenos megölte Ryan_Lennox-t ezzel: MP5 - Pénz: 0Ft - Pos: 136, 87, 2
[13:45:12] Carlos_D_Surenos plusz kórház jail ideje 1560 másodpercre nõtt (+180mp)
[14:21:42] Henry_Tomasino fejen lõtte õt: Lucio_Zecchin
[14:21:42] Henry_Tomasino megölte Lucio_Zecchin-t ezzel: M4 - Pénz: 0Ft - Pos: 1047, -1152, 23
[14:21:42] Henry_Tomasino plusz kórház jail ideje 180 másodpercre nõtt (+180mp)
[14:25:59] Ryan_Lennox fejen lõtte õt: Adele_Scaletta
[14:25:59] Ryan_Lennox megölte Adele_Scaletta-t ezzel: Deagle - Pénz: 0Ft - Pos: 1546, -1657, 5
[14:25:59] Ryan_Lennox plusz kórház jail ideje 180 másodpercre nõtt (+180mp)
[14:27:24] Denny_Toretto plusz kórház jail ideje 420 másodpercre nõtt (+120mp)
[14:27:24] Denny_Toretto lábon lõtte õt: Lucio_Zecchin
[14:27:50] Ventura_Zecchin fejen lõtte õt: Henry_Tomasino
[14:27:50] Ventura_Zecchin megölte Henry_Tomasino-t ezzel: Sniper - Pénz: 0Ft - Pos: 736, -1064, 23
[14:27:50] Ventura_Zecchin plusz kórház jail ideje 780 másodpercre nõtt (+180mp)
[14:27:52] Patrick_Zecchin plusz kórház jail ideje 120 másodpercre nõtt (+120mp)
[14:27:52] Patrick_Zecchin lábon lõtte õt: Denny_Toretto
[14:28:26] Ventura_Zecchin sniperrel meglõtte õt: Randy_Brasco
[14:29:04] Blake_B_Salvatore plusz kórház jail ideje 120 másodpercre nõtt (+120mp)
[14:29:04] Blake_B_Salvatore lábon lõtte õt: Ventura_Zecchin
[14:29:36] Kevin_S_Tomasso plusz kórház jail ideje 120 másodpercre nõtt (+120mp)
[14:29:36] Kevin_S_Tomasso lábon lõtte õt: Milinte_Brasco
[14:29:57] Nelson_Washington sniperrel meglõtte õt: Kevin_S_Tomasso
[14:31:40] Patrick_Zecchin fejen lõtte õt: Milinte_Brasco
[14:31:40] Patrick_Zecchin megölte Milinte_Brasco-t ezzel: Combat - Pénz: 0Ft - Pos: 733, -1066, 22
[14:31:40] Patrick_Zecchin plusz kórház jail ideje 300 másodpercre nõtt (+180mp)
[14:31:47] Patrick_Zecchin fejen lõtte õt: Nelson_Washington
[14:31:47] Patrick_Zecchin megölte Nelson_Washington-t ezzel: Combat - Pénz: 0Ft - Pos: 745, -1081, 22
[14:31:47] Patrick_Zecchin plusz kórház jail ideje 480 másodpercre nõtt (+180mp)
[14:32:26] Patrick_Zecchin plusz kórház jail ideje 600 másodpercre nõtt (+120mp)
[14:32:26] Patrick_Zecchin lábon lõtte õt: Ralf_S_Tomasso
[14:32:42] Ventura_Zecchin sniperrel meglõtte õt: Brandon_Toretto
[14:38:31] Kitty_Soprano meghalt (-), oka: Leesett - Pénz: 0Ft - Pos: 2518, -482, 87
[14:55:45] Zsori_Sandor meghalt (-), oka: Leesett - Pénz: 150000Ft - Pos: -1670, -767, 43
[14:57:25] Nelson_Washington plusz kórház jail ideje 120 másodpercre nõtt (+120mp)
[14:57:25] Nelson_Washington lábon lõtte õt: Patrick_Zecchin
[14:59:57] Joe_Gates fejen lõtte õt: Carlos_D_Surenos
[14:59:57] Joe_Gates megölte Carlos_D_Surenos-t ezzel: M4 - Pénz: 500000Ft - Pos: 2582, -1432, 33
[14:59:57] Joe_Gates plusz kórház jail ideje 180 másodpercre nõtt (+180mp)
[15:08:21] Kazuyoshi_Akira meghalt (-), oka: Leesett - Pénz: 113828Ft - Pos: 2899, -796, 10
[15:09:47] Doboska_Endre meghalt (-), oka: Leesett - Pénz: 323372Ft - Pos: 1532, -1734, 13
[15:41:08] Henry_Tomasino fejen lõtte õt: Hizusu_Zisiku
[15:41:08] Henry_Tomasino megölte Hizusu_Zisiku-t ezzel: M4 - Pénz: 6369Ft - Pos: 2420, -1023, 52
[15:41:08] Henry_Tomasino plusz kórház jail ideje 89 másodpercre nõtt (+180mp)
[15:42:32] Tom_Torres lábon lõtte õt: Nick_R_Wilson
[15:44:38] Henry_Tomasino fejen lõtte õt: Carlos_D_Surenos
[15:44:38] Henry_Tomasino megölte Carlos_D_Surenos-t ezzel: M4 - Pénz: 0Ft - Pos: 1963, -1965, 13
[15:44:38] Henry_Tomasino plusz kórház jail ideje 269 másodpercre nõtt (+180mp)
[15:44:56] Tom_Zecchin fejen lõtte õt: Tyler_Wish
[15:46:28] Tom_Torres fejen lõtte õt: Thomas_Berzerk
[15:47:21] Tom_Zecchin lábon lõtte õt: Mark_Bishop
[15:47:22] Henry_Tomasino fejen lõtte õt: Brandon_Toretto
[15:47:22] Henry_Tomasino megölte Brandon_Toretto-t ezzel: M4 - Pénz: 0Ft - Pos: 1962, -2133, 13
[15:47:22] Henry_Tomasino plusz kórház jail ideje 449 másodpercre nõtt (+180mp)
[15:47:26] Henry_Tomasino fejen lõtte õt: James_Aciano
[15:47:26] Henry_Tomasino fejen lõtte õt: James_Aciano
[15:47:26] Henry_Tomasino megölte James_Aciano-t ezzel: M4 - Pénz: 0Ft - Pos: 1933, -2109, 13
[15:47:26] Henry_Tomasino plusz kórház jail ideje 629 másodpercre nõtt (+180mp)
[15:47:27] Henry_Tomasino fejen lõtte õt: James_Aciano
[15:47:27] Markus_D_Zecchin plusz kórház jail ideje 600 másodpercre nõtt (+120mp)
[15:47:27] Markus_D_Zecchin lábon lõtte õt: Denny_Toretto
[15:47:34] Henry_Tomasino plusz kórház jail ideje 749 másodpercre nõtt (+120mp)
[15:47:34] Henry_Tomasino lábon lõtte õt: Denny_Toretto
[15:47:34] Henry_Tomasino plusz kórház jail ideje 869 másodpercre nõtt (+120mp)
[15:47:34] Henry_Tomasino lábon lõtte õt: Denny_Toretto
[15:47:35] Henry_Tomasino megölte Denny_Toretto-t ezzel: M4 - Pénz: 0Ft - Pos: 1947, -2122, 13
[15:47:35] Henry_Tomasino plusz kórház jail ideje 1049 másodpercre nõtt (+180mp)
[15:51:52] Joe_Wheeler fejen lõtte õt: Kazuyoshi_Akira
[15:51:52] Joe_Wheeler megölte Kazuyoshi_Akira-t ezzel: MP5 - Pénz: 0Ft - Pos: 1460, -2452, 13
[15:51:52] Joe_Wheeler plusz kórház jail ideje 180 másodpercre nõtt (+180mp)
[15:55:53] Peter_O_Martinez meghalt (-), oka: Leesett - Pénz: 5000Ft - Pos: 2046, -1034, 35
[15:56:22] Keny_Da_Silva plusz kórház jail ideje 120 másodpercre nõtt (+120mp)
[15:56:22] Keny_Da_Silva lábon lõtte õt: Zsori_Sandor
[15:57:04] Levy_B_Hollywood fejen lõtte õt: Thomas_Berzerk
[15:57:04] Levy_B_Hollywood megölte Thomas_Berzerk-t ezzel: M4 - Pénz: 0Ft - Pos: -68, -886, 15
[15:57:04] Levy_B_Hollywood plusz kórház jail ideje 180 másodpercre nõtt (+180mp)
[15:57:04] Levy_B_Hollywood fejen lõtte õt: Paul_Escobar
[15:57:04] Levy_B_Hollywood megölte Paul_Escobar-t ezzel: M4 - Pénz: 0Ft - Pos: -64, -880, 15
[15:57:04] Levy_B_Hollywood plusz kórház jail ideje 360 másodpercre nõtt (+180mp)
[16:02:19] Henry_Tomasino sniperrel meglõtte õt: Levy_B_Hollywood
[16:02:31] Joker_Creed plusz kórház jail ideje 120 másodpercre nõtt (+120mp)
[16:02:31] Joker_Creed lábon lõtte õt: Akos_Vincenzo
[16:02:40] Jason_B_Hollywood fejen lõtte õt: Joker_Creed
[16:02:40] Jason_B_Hollywood fejen lõtte õt: Joker_Creed
[16:02:40] Jason_B_Hollywood megölte Joker_Creed-t ezzel: M4 - Pénz: 93828Ft - Pos: 1826, -1465, 13
[16:02:40] Jason_B_Hollywood plusz kórház jail ideje 180 másodpercre nõtt (+180mp)
[16:02:40] Jason_B_Hollywood fejen lõtte õt: Joker_Creed
[16:02:45] Henry_Tomasino sniperrel meglõtte õt: Jason_B_Hollywood
[16:03:04] Henry_Tomasino plusz kórház jail ideje 1169 másodpercre nõtt (+120mp)
[16:03:04] Henry_Tomasino lábon lõtte õt: Jason_B_Hollywood
[16:03:05] Henry_Tomasino megölte Jason_B_Hollywood-t ezzel: M4 - Pénz: 0Ft - Pos: 1824, -1479, 11
[16:03:05] Henry_Tomasino plusz kórház jail ideje 1349 másodpercre nõtt (+180mp)
[16:03:09] Henry_Tomasino plusz kórház jail ideje 1469 másodpercre nõtt (+120mp)
[16:03:09] Henry_Tomasino lábon lõtte õt: Akos_Vincenzo
[16:03:10] Henry_Tomasino plusz kórház jail ideje 1589 másodpercre nõtt (+120mp)
[16:03:10] Henry_Tomasino lábon lõtte õt: Akos_Vincenzo
[16:03:10] Henry_Tomasino plusz kórház jail ideje 1709 másodpercre nõtt (+120mp)
[16:03:10] Henry_Tomasino lábon lõtte õt: Akos_Vincenzo
[16:03:10] Henry_Tomasino megölte Akos_Vincenzo-t ezzel: M4 - Pénz: 0Ft - Pos: 1822, -1462, 13
[16:03:10] Henry_Tomasino plusz kórház jail ideje 1889 másodpercre nõtt (+180mp)
[16:03:19] Henry_Tomasino plusz kórház jail ideje 2009 másodpercre nõtt (+120mp)
[16:03:19] Henry_Tomasino lábon lõtte õt: Levy_B_Hollywood
[16:03:20] Henry_Tomasino megölte Levy_B_Hollywood-t ezzel: M4 - Pénz: 0Ft - Pos: 1831, -1464, 13
[16:03:20] Henry_Tomasino plusz kórház jail ideje 2189 másodpercre nõtt (+180mp)
[16:19:20] Levy_B_Hollywood plusz kórház jail ideje 120 másodpercre nõtt (+120mp)
[16:19:20] Levy_B_Hollywood lábon lõtte õt: Bryan_B_Hollywood
[16:20:33] Henry_Tomasino sniperrel meglõtte õt: Jason_B_Hollywood
[16:20:41] Niki_Freeman lábon lõtte õt: Lucio_Zecchin
[16:21:29] Henry_Tomasino plusz kórház jail ideje 2309 másodpercre nõtt (+120mp)
[16:21:29] Henry_Tomasino lábon lõtte õt: Freddie_B_Scaletta
[16:21:32] Henry_Tomasino fejen lõtte õt: Oberth_Andras
[16:21:32] Henry_Tomasino megölte Oberth_Andras-t ezzel: M4 - Pénz: 56087Ft - Pos: 659, -585, 16
[16:21:32] Henry_Tomasino plusz kórház jail ideje 2489 másodpercre nõtt (+180mp)
[16:21:57] Henry_Tomasino plusz kórház jail ideje 2609 másodpercre nõtt (+120mp)
[16:21:57] Henry_Tomasino lábon lõtte õt: Levy_B_Hollywood
[16:21:58] Steve_J_Sorrentino lábon lõtte õt: Kazuyoshi_Akira
[16:21:58] Carlos_D_Surenos lábon lõtte õt: Niki_Freeman
[16:22:00] Henry_Tomasino fejen lõtte õt: Oze_Roland
[16:22:00] Henry_Tomasino megölte Oze_Roland-t ezzel: M4 - Pénz: 21950Ft - Pos: 657, -540, 16
[16:22:00] Henry_Tomasino plusz kórház jail ideje 2789 másodpercre nõtt (+180mp)
[16:22:02] Henry_Tomasino plusz kórház jail ideje 2909 másodpercre nõtt (+120mp)
[16:22:02] Henry_Tomasino lábon lõtte õt: Akos_Vincenzo
[16:22:07] Johny_Morales lábon lõtte õt: Ryder_B_Dueno
[16:22:09] Carlos_D_Surenos lábon lõtte õt: Carlos_D_Garcia
[16:22:17] Steve_J_Sorrentino lábon lõtte õt: Joker_Creed
[16:24:43] Horvath_Adrian sniperrel meglõtte õt: Joe_Gates
[16:24:48] Henry_Tomasino sniperrel meglõtte õt: Emanuel_Garcia
[16:26:46] Carlos_D_Garcia plusz kórház jail ideje 300 másodpercre nõtt (+120mp)
[16:26:46] Carlos_D_Garcia lábon lõtte õt: Blake_B_Salvatore
[16:28:01] Carlos_D_Garcia sniperrel meglõtte õt: Joe_Gates
[16:39:45] Henry_Tomasino plusz kórház jail ideje 3029 másodpercre nõtt (+120mp)
[16:39:45] Henry_Tomasino lábon lõtte õt: Carlos_D_Surenos
[16:39:47] Henry_Tomasino fejen lõtte õt: Lucio_Zecchin
[16:39:47] Henry_Tomasino megölte Lucio_Zecchin-t ezzel: M4 - Pénz: 0Ft - Pos: 1966, -1956, 13
[16:39:47] Henry_Tomasino plusz kórház jail ideje 3209 másodpercre nõtt (+180mp)
[16:42:58] Carlos_D_Garcia fejen lõtte õt: Jason_B_Hollywood
[16:42:58] Carlos_D_Garcia megölte Jason_B_Hollywood-t ezzel: AK47 - Pénz: 0Ft - Pos: -986, -1020, 95
[16:42:58] Carlos_D_Garcia plusz kórház jail ideje 480 másodpercre nõtt (+180mp)
[16:43:11] Carlos_D_Garcia plusz kórház jail ideje 600 másodpercre nõtt (+120mp)
[16:43:11] Carlos_D_Garcia lábon lõtte õt: Joe_Gates
[16:43:11] Carlos_D_Garcia megölte Joe_Gates-t ezzel: AK47 - Pénz: 0Ft - Pos: -985, -1019, 95
[16:43:11] Carlos_D_Garcia plusz kórház jail ideje 780 másodpercre nõtt (+180mp)
[16:43:18] Carlos_D_Garcia fejen lõtte õt: Levy_B_Hollywood
[16:43:18] Carlos_D_Garcia megölte Levy_B_Hollywood-t ezzel: AK47 - Pénz: 0Ft - Pos: -987, -1019, 95
[16:43:18] Carlos_D_Garcia plusz kórház jail ideje 960 másodpercre nõtt (+180mp)
[16:43:35] Carlos_D_Garcia fejen lõtte õt: Akos_Vincenzo
[16:43:35] Carlos_D_Garcia fejen lõtte õt: Akos_Vincenzo
[16:43:35] Carlos_D_Garcia megölte Akos_Vincenzo-t ezzel: MP5 - Pénz: 0Ft - Pos: -985, -1017, 95
[16:43:35] Carlos_D_Garcia plusz kórház jail ideje 1140 másodpercre nõtt (+180mp)
[16:55:52] Levy_B_Hollywood fejen lõtte õt: Matteo_Messiano
[16:55:53] Levy_B_Hollywood megölte Matteo_Messiano-t ezzel: M4 - Pénz: 0Ft - Pos: 708, -1674, 10
[16:55:53] Levy_B_Hollywood plusz kórház jail ideje 180 másodpercre nõtt (+180mp)
[16:55:53] Levy_B_Hollywood fejen lõtte õt: Paul_Escobar
[16:55:53] Levy_B_Hollywood megölte Paul_Escobar-t ezzel: M4 - Pénz: 0Ft - Pos: 723, -1674, 11
[16:55:53] Levy_B_Hollywood plusz kórház jail ideje 360 másodpercre nõtt (+180mp)
[17:14:08] Tyler_Wish meghalt (-), oka: Leesett - Pénz: 0Ft - Pos: 1455, -1741, 15
[17:19:45] Dan_B_Hollywood sniperrel meglõtte õt: Damien_Q_Carcassone
[17:20:38] Dan_B_Hollywood sniperrel meglõtte õt: Pablo_S_Carcassone
[17:31:10] Denny_Toretto plusz kórház jail ideje 120 másodpercre nõtt (+120mp)
[17:31:10] Denny_Toretto lábon lõtte õt: Calvin_C_Broadus
[17:31:48] Patrick_Zecchin fejen lõtte õt: Philip_Skipper
[17:31:48] Patrick_Zecchin megölte Philip_Skipper-t ezzel: AK47 - Pénz: 4606Ft - Pos: 2436, -1666, 25
[17:31:48] Patrick_Zecchin plusz kórház jail ideje 780 másodpercre nõtt (+180mp)
[17:31:49] Dan_B_Hollywood sniperrel meglõtte õt: James_Aciano
[17:31:50] Henry_Tomasino sniperrel meglõtte õt: Patrick_Zecchin
[17:32:12] Henry_Tomasino megölte Patrick_Zecchin-t ezzel: M4 - Pénz: 33439Ft - Pos: 2435, -1659, 25
[17:32:12] Henry_Tomasino plusz kórház jail ideje 3389 másodpercre nõtt (+180mp)
[17:33:41] Max_Sorrentino plusz kórház jail ideje 120 másodpercre nõtt (+120mp)
[17:33:41] Max_Sorrentino lábon lõtte õt: Joe_Gates
[17:33:43] Carlos_D_Garcia fejen lõtte õt: Max_Sorrentino
[17:33:43] Carlos_D_Garcia megölte Max_Sorrentino-t ezzel: AK47 - Pénz: 93828Ft - Pos: 1268, -805, 1084
[17:33:43] Carlos_D_Garcia plusz kórház jail ideje 1320 másodpercre nõtt (+180mp)
[17:34:19] Henry_Tomasino plusz kórház jail ideje 3509 másodpercre nõtt (+120mp)
[17:34:19] Henry_Tomasino lábon lõtte õt: Dan_B_Hollywood
[17:34:46] Tom_Torres fejen lõtte õt: Albert_Kesselring
[17:34:46] Tom_Torres megölte Albert_Kesselring-t ezzel: M4 - Pénz: 0Ft - Pos: 2073, -1090, 24
[17:34:46] Tom_Torres plusz kórház jail ideje 600 másodpercre nõtt (+180mp)
[17:37:58] Leone_S_Tomasso sniperrel meglõtte õt: Emanuel_Garcia
[17:42:01] Markus_D_Zecchin plusz kórház jail ideje 720 másodpercre nõtt (+120mp)
[17:42:01] Markus_D_Zecchin lábon lõtte õt: Costa_Miles
[17:42:17] Akos_Vincenzo sniperrel meglõtte õt: Mark_Bishop
[17:44:54] Carlos_D_Garcia fejen lõtte õt: Jason_B_Hollywood
[17:44:54] Carlos_D_Garcia megölte Jason_B_Hollywood-t ezzel: AK47 - Pénz: 0Ft - Pos: 1273, -807, 1084
[17:44:54] Carlos_D_Garcia plusz kórház jail ideje 1500 másodpercre nõtt (+180mp)
[17:45:30] William_Cortez plusz kórház jail ideje 120 másodpercre nõtt (+120mp)
[17:45:30] William_Cortez lábon lõtte õt: Henrik_T_Scaletta
[17:45:36] William_Cortez plusz kórház jail ideje 240 másodpercre nõtt (+120mp)
[17:45:36] William_Cortez lábon lõtte õt: Leone_S_Tomasso
[17:45:47] Henry_Tomasino plusz kórház jail ideje 3629 másodpercre nõtt (+120mp)
[17:45:47] Henry_Tomasino lábon lõtte õt: Denny_Toretto
[17:45:55] Carlos_D_Garcia fejen lõtte õt: Akos_Vincenzo
[17:45:55] Carlos_D_Garcia megölte Akos_Vincenzo-t ezzel: AK47 - Pénz: 0Ft - Pos: 1248, -802, 1084
[17:45:55] Carlos_D_Garcia plusz kórház jail ideje 1680 másodpercre nõtt (+180mp)
[17:46:27] Henry_Tomasino plusz kórház jail ideje 3749 másodpercre nõtt (+120mp)
[17:46:27] Henry_Tomasino lábon lõtte õt: CarloS_Brasco
[17:50:14] Markus_D_Zecchin plusz kórház jail ideje 840 másodpercre nõtt (+120mp)
[17:50:14] Markus_D_Zecchin lábon lõtte õt: Natalia_Inferno
[17:51:04] Keny_Da_Silva plusz kórház jail ideje 240 másodpercre nõtt (+120mp)
[17:51:04] Keny_Da_Silva lábon lõtte õt: Zsori_Sandor
[17:58:29] Emanuel_Garcia fejen lõtte õt: Denny_Toretto
[17:58:30] Emanuel_Garcia megölte Denny_Toretto-t ezzel: M4 - Pénz: 0Ft - Pos: 2403, -1666, 13
[18:03:25] Patrick_Zecchin plusz kórház jail ideje 120 másodpercre nõtt (+120mp)
[18:03:25] Patrick_Zecchin lábon lõtte õt: Henry_Tomasino
[18:03:57] Emanuel_Garcia fejen lõtte õt: Oze_Roland
[18:03:57] Emanuel_Garcia megölte Oze_Roland-t ezzel: M4 - Pénz: 21950Ft - Pos: 2297, -1690, 13
[18:04:06] Emanuel_Garcia lábon lõtte õt: Zero_Hopkins
[18:06:46] Lucio_Zecchin fejen lõtte õt: Kiraly_Viktor
[18:06:47] Lucio_Zecchin megölte Kiraly_Viktor-t ezzel: M4 - Pénz: 2012Ft - Pos: 923, -974, 37
[18:06:47] Lucio_Zecchin plusz kórház jail ideje 180 másodpercre nõtt (+180mp)
[18:08:05] Jackob_Shirton meghalt (Szabo_Balazs), oka: Leesett - Pénz: 9463Ft - Pos: 1366, -1867, 14
[18:13:24] Patrick_Zecchin fejen lõtte õt: Keny_Da_Silva
[18:13:24] Patrick_Zecchin megölte Keny_Da_Silva-t ezzel: AK47 - Pénz: 0Ft - Pos: -191, -935, 34
[18:13:24] Patrick_Zecchin plusz kórház jail ideje 300 másodpercre nõtt (+180mp)
[18:15:16] Lucio_Zecchin plusz kórház jail ideje 300 másodpercre nõtt (+120mp)
[18:15:16] Lucio_Zecchin lábon lõtte õt: Norbert_N_Ortega
[18:15:19] Siska_Finuccsi fejen lõtte õt: Joker_Creed
[18:15:19] Siska_Finuccsi megölte Joker_Creed-t ezzel: AK47 - Pénz: 0Ft - Pos: 2395, -1655, 13
[18:15:19] Siska_Finuccsi plusz kórház jail ideje 180 másodpercre nõtt (+180mp)
[18:15:23] Siska_Finuccsi fejen lõtte õt: Ryder_B_Dueno
[18:15:23] Siska_Finuccsi megölte Ryder_B_Dueno-t ezzel: AK47 - Pénz: 0Ft - Pos: 2397, -1657, 13
[18:15:23] Siska_Finuccsi plusz kórház jail ideje 360 másodpercre nõtt (+180mp)
[18:15:34] Nick_R_Wilson fejen lõtte õt: Patrick_Zecchin
[18:15:34] Nick_R_Wilson megölte Patrick_Zecchin-t ezzel: M4 - Pénz: 44414Ft - Pos: -2409, 96, 35
[18:15:34] Nick_R_Wilson plusz kórház jail ideje 180 másodpercre nõtt (+180mp)
[18:15:36] Carlos_D_Surenos plusz kórház jail ideje 120 másodpercre nõtt (+120mp)
[18:15:36] Carlos_D_Surenos lábon lõtte õt: Nick_R_Wilson
[18:15:41] Carlos_D_Garcia fejen lõtte õt: Siska_Finuccsi
[18:15:41] Carlos_D_Garcia megölte Siska_Finuccsi-t ezzel: M4 - Pénz: 0Ft - Pos: 2330, -1698, 14
[18:15:41] Carlos_D_Garcia plusz kórház jail ideje 1860 másodpercre nõtt (+180mp)
[18:16:06] Lucio_Zecchin fejen lõtte õt: Tyler_Wish
[18:16:07] Lucio_Zecchin megölte Tyler_Wish-t ezzel: M4 - Pénz: 0Ft - Pos: -2462, 97, 35
[18:16:07] Lucio_Zecchin plusz kórház jail ideje 480 másodpercre nõtt (+180mp)
[18:19:31] Paul_Escobar fejen lõtte õt: Siska_Finuccsi
[18:19:31] Paul_Escobar megölte Siska_Finuccsi-t ezzel: M4 - Pénz: 0Ft - Pos: 1943, -2458, 13
[18:19:31] Paul_Escobar plusz kórház jail ideje 180 másodpercre nõtt (+180mp)
[18:22:22] Thomas_Berzerk fejen lõtte õt: Paul_Escobar
[18:22:22] Thomas_Berzerk megölte Paul_Escobar-t ezzel: MP5 - Pénz: 0Ft - Pos: 1938, -2454, 13
[18:22:22] Thomas_Berzerk plusz kórház jail ideje 180 másodpercre nõtt (+180mp)
[18:27:16] Niky_Winston meghalt (-), oka: Leesett - Pénz: 0Ft - Pos: 389, -2034, 11
[18:33:31] Freddie_B_Scaletta plusz kórház jail ideje 120 másodpercre nõtt (+120mp)
[18:33:31] Freddie_B_Scaletta lábon lõtte õt: Krisztofer_Vincenzo
[18:35:17] Freddie_B_Scaletta plusz kórház jail ideje 240 másodpercre nõtt (+120mp)
[18:35:17] Freddie_B_Scaletta lábon lõtte õt: Krisztofer_Vincenzo
[18:47:42] Damien_Creed plusz kórház jail ideje 120 másodpercre nõtt (+120mp)
[18:47:42] Damien_Creed lábon lõtte õt: Don_Sorrentino
[18:47:42] Damien_Creed plusz kórház jail ideje 240 másodpercre nõtt (+120mp)
[18:47:42] Damien_Creed lábon lõtte õt: Freddie_B_Scaletta
[18:57:56] Siska_Finuccsi meghalt (-), oka: Leesett - Pénz: 0Ft - Pos: 2326, -2659, 13
[19:04:49] George_B_Hollywood lábon lõtte õt: Mester_Csaba
[19:04:49] Carlos_D_Garcia lábon lõtte õt: Mark_Bishop
[19:05:12] Carlos_D_Garcia fejen lõtte õt: Stefan_Aciano
[19:05:16] Sergei_B_Dueno fejen lõtte õt: Horvath_Adrian
[19:05:20] Carlos_D_Garcia fejen lõtte õt: Paul_D_Cortez
[19:05:30] Carlos_D_Garcia fejen lõtte õt: Paul_Escobar
[19:05:30] Paul_Escobar fejen lõtte õt: Ryder_B_Dueno
[19:05:35] Thomas_Berzerk lábon lõtte õt: Carlos_D_Garcia
[19:05:35] Joker_Creed fejen lõtte õt: Thomas_Berzerk
[19:08:08] Horvath_Adrian meghalt (-), oka: Leesett - Pénz: 0Ft - Pos: -2452, 116, 65
[19:33:26] Hizusu_Zisiku sniperrel meglõtte õt: Franklin_F_Gates
[19:33:26] Hizusu_Zisiku sniperrel meglõtte õt: Franklin_F_Gates
[19:33:26] Hizusu_Zisiku sniperrel meglõtte õt: Franklin_F_Gates
[19:33:26] Hizusu_Zisiku sniperrel meglõtte õt: Franklin_F_Gates
[19:33:26] Hizusu_Zisiku megölte Franklin_F_Gates-t ezzel: Sniper - Pénz: 46496Ft - Pos: -1986, 265, 35
[19:33:26] Hizusu_Zisiku plusz kórház jail ideje 180 másodpercre nõtt (+180mp)
[19:45:57] Tyler_Wish fejen lõtte õt: Nick_R_Wilson
[19:45:57] Tyler_Wish megölte Nick_R_Wilson-t ezzel: Deagle - Pénz: 0Ft - Pos: 1929, -2442, 13
[19:45:57] Tyler_Wish plusz kórház jail ideje 180 másodpercre nõtt (+180mp)
[19:46:09] Hizusu_Zisiku fejen lõtte õt: Blake_B_Salvatore
[19:46:09] Hizusu_Zisiku megölte Blake_B_Salvatore-t ezzel: M4 - Pénz: 0Ft - Pos: 724, -1116, 18
[19:46:09] Hizusu_Zisiku plusz kórház jail ideje 360 másodpercre nõtt (+180mp)
[19:47:17] Mester_Csaba fejen lõtte õt: Tyler_Wish
[19:47:17] Mester_Csaba megölte Tyler_Wish-t ezzel: Deagle - Pénz: 0Ft - Pos: 1930, -2444, 13
[19:47:17] Mester_Csaba plusz kórház jail ideje 360 másodpercre nõtt (+180mp)
[19:55:22] Mester_Csaba fejen lõtte õt: Don_Sorrentino
[19:55:22] Mester_Csaba megölte Don_Sorrentino-t ezzel: MP5 - Pénz: 0Ft - Pos: 471, -602, 36
[19:55:22] Mester_Csaba plusz kórház jail ideje 540 másodpercre nõtt (+180mp)
[19:58:27] Horvath_Adrian riflevel animba lõtte õt õt: Freddie_B_Scaletta
[19:59:17] Mester_Csaba fejen lõtte õt: Blake_B_Salvatore
[19:59:17] Mester_Csaba megölte Blake_B_Salvatore-t ezzel: MP5 - Pénz: 0Ft - Pos: 473, -769, 61
[19:59:17] Mester_Csaba plusz kórház jail ideje 720 másodpercre nõtt (+180mp)
[20:02:54] Henrik_T_Scaletta fejen lõtte õt: Thomas_Berzerk
[20:02:54] Henrik_T_Scaletta megölte Thomas_Berzerk-t ezzel: M4 - Pénz: 338274Ft - Pos: 684, -663, 16
[20:02:54] Henrik_T_Scaletta plusz kórház jail ideje 180 másodpercre nõtt (+180mp)
[20:02:55] Henrik_T_Scaletta fejen lõtte õt: Stefan_Aciano
[20:02:56] Henrik_T_Scaletta megölte Stefan_Aciano-t ezzel: M4 - Pénz: 0Ft - Pos: 687, -660, 16
[20:02:56] Henrik_T_Scaletta plusz kórház jail ideje 360 másodpercre nõtt (+180mp)
[20:03:07] Damien_Creed fejen lõtte õt: Paul_D_Cortez
[20:03:08] Damien_Creed megölte Paul_D_Cortez-t ezzel: MP5 - Pénz: 0Ft - Pos: 690, -656, 16
[20:03:08] Damien_Creed plusz kórház jail ideje 420 másodpercre nõtt (+180mp)
[20:03:18] Mester_Csaba plusz kórház jail ideje 840 másodpercre nõtt (+120mp)
[20:03:18] Mester_Csaba lábon lõtte õt: Dominic_Vincenzo
[20:03:23] Mester_Csaba plusz kórház jail ideje 960 másodpercre nõtt (+120mp)
[20:03:23] Mester_Csaba lábon lõtte õt: Damien_Creed
[20:03:31] James_Creed fejen lõtte õt: Paul_Escobar
[20:03:31] James_Creed megölte Paul_Escobar-t ezzel: MP5 - Pénz: 0Ft - Pos: 718, -649, 15
[20:03:31] James_Creed plusz kórház jail ideje 180 másodpercre nõtt (+180mp)
[20:05:13] Mark_Bishop fejen lõtte õt: Dominic_Vincenzo
[20:05:13] Mark_Bishop megölte Dominic_Vincenzo-t ezzel: MP5 - Pénz: 0Ft - Pos: 692, -673, 16
[20:05:13] Mark_Bishop plusz kórház jail ideje 180 másodpercre nõtt (+180mp)
[20:20:03] Szabo_Balazs megölte Kiraly_Tamas-t ezzel: Ököl - Pénz: -46000Ft - Pos: 1487, -1737, 13
[20:20:03] Szabo_Balazs plusz kórház jail ideje 180 másodpercre nõtt (+180mp)
[20:22:17] Natalia_Inferno meghalt (-), oka: Leesett - Pénz: 0Ft - Pos: -655, -668, 129
[20:22:17] Szabo_Balazs megölte Kiraly_Hunor-t ezzel: Ököl - Pénz: 85800Ft - Pos: 1419, -1733, 13
[20:22:17] Szabo_Balazs plusz kórház jail ideje 360 másodpercre nõtt (+180mp)
[20:24:21] Don_Sorrentino plusz kórház jail ideje 120 másodpercre nõtt (+120mp)
[20:24:21] Don_Sorrentino lábon lõtte õt: Damien_Creed
[20:24:23] Don_Sorrentino plusz kórház jail ideje 240 másodpercre nõtt (+120mp)
[20:24:23] Don_Sorrentino lábon lõtte õt: Dominic_Vincenzo
[20:24:27] James_Creed plusz kórház jail ideje 300 másodpercre nõtt (+120mp)
[20:24:27] James_Creed lábon lõtte õt: Don_Sorrentino
[20:24:29] Freddie_B_Scaletta plusz kórház jail ideje 360 másodpercre nõtt (+120mp)
[20:24:29] Freddie_B_Scaletta lábon lõtte õt: James_Creed
[20:24:46] Mester_Csaba lábon lõtte õt: Bryan_B_Hollywood
[20:24:52] Freddie_B_Scaletta plusz kórház jail ideje 480 másodpercre nõtt (+120mp)
[20:24:52] Freddie_B_Scaletta lábon lõtte õt: Damien_Creed
[20:24:53] Markus_D_Zecchin fejen lõtte õt: Paul_Escobar
[20:25:01] Mark_Bishop lábon lõtte õt: Emanuel_Garcia
[20:25:19] Keny_Da_Silva lábon lõtte õt: Mark_Bishop
[20:25:32] Horvath_Adrian sniperrel meglõtte õt: Keny_Da_Silva
[20:25:36] Max_Sorrentino lábon lõtte õt: Horvath_Adrian
[20:25:50] Nick_R_Wilson lábon lõtte õt: Markus_D_Zecchin
[20:25:54] Max_Sorrentino lábon lõtte õt: Mester_Csaba
[20:26:09] Max_Sorrentino lábon lõtte õt: Nick_R_Wilson
[20:27:47] Harold_Gates meghalt (-), oka: Leesett - Pénz: 0Ft - Pos: -1242, -781, 65
[20:36:50] Kiraly_Tamas megölte Lakatos_Patrik-t ezzel: Ököl - Pénz: 350000Ft - Pos: 1499, -1732, 13
[20:36:50] Kiraly_Tamas plusz kórház jail ideje 180 másodpercre nõtt (+180mp)
[20:40:59] James_Aciano plusz kórház jail ideje 120 másodpercre nõtt (+120mp)
[20:40:59] James_Aciano lábon lõtte õt: Kiraly_Hunor
[20:41:12] James_Aciano plusz kórház jail ideje 240 másodpercre nõtt (+120mp)
[20:41:12] James_Aciano lábon lõtte õt: Kiraly_Tamas
[20:43:36] Nick_R_Wilson fejen lõtte õt: Don_Sorrentino
[20:43:36] Nick_R_Wilson megölte Don_Sorrentino-t ezzel: AK47 - Pénz: 0Ft - Pos: -2431, 1558, 20
[20:43:36] Nick_R_Wilson plusz kórház jail ideje 180 másodpercre nõtt (+180mp)
[20:43:46] Paul_Escobar plusz kórház jail ideje 120 másodpercre nõtt (+120mp)
[20:43:46] Paul_Escobar lábon lõtte õt: Freddie_B_Scaletta
[20:43:56] Blake_Browns meghalt (-), oka: Leesett - Pénz: 0Ft - Pos: 1983, -968, 46
[20:47:01] Dan_B_Hollywood sniperrel meglõtte õt: Nick_R_Wilson
[20:47:01] Dan_B_Hollywood sniperrel meglõtte õt: Nick_R_Wilson
[20:47:01] Dan_B_Hollywood sniperrel meglõtte õt: Nick_R_Wilson
[20:48:20] Tom_Zecchin meghalt (-), oka: Leesett - Pénz: 0Ft - Pos: 485, 1147, 10
[20:50:11] Dan_B_Hollywood sniperrel meglõtte õt: Freddie_B_Scaletta
[20:51:05] Henrik_T_Scaletta sniperrel meglõtte õt: Nick_R_Wilson
[20:51:05] Henrik_T_Scaletta megölte Nick_R_Wilson-t ezzel: Sniper - Pénz: 0Ft - Pos: -2439, 1236, 35
[20:51:05] Henrik_T_Scaletta plusz kórház jail ideje 540 másodpercre nõtt (+180mp)
[20:55:00] Joker_Creed lábon lõtte õt: Yamato_Bosco
[20:55:41] Markus_D_Zecchin plusz kórház jail ideje 960 másodpercre nõtt (+120mp)
[20:55:41] Markus_D_Zecchin lábon lõtte õt: Kevin_L_Saltzman
[20:56:11] Tom_Torres fejen lõtte õt: Spike_Wheeler
[20:56:39] Ventura_Zecchin fejen lõtte õt: Akos_White
[20:57:51] Mark_B_Hollywood lábon lõtte õt: Patrick_Zecchin
[20:59:49] Mark_B_Hollywood lábon lõtte õt: Lucio_Zecchin
[21:00:30] James_Aciano megölte Kiraly_Tamas-t ezzel: Ököl - Pénz: -46000Ft - Pos: 1628, -1584, 29
[21:00:30] James_Aciano plusz kórház jail ideje 420 másodpercre nõtt (+180mp)
[21:01:08] Brandon_Toretto sniperrel meglõtte õt: James_Aciano
[21:01:53] Tom_Torres fejen lõtte õt: Ryder_B_Dueno
[21:02:03] Milinte_Brasco fejen lõtte õt: Dom_Wheeler
[21:02:03] CarloS_Brasco megölte Dom_Wheeler-t ezzel: M4 - Pénz: 0Ft - Pos: 1631, -1723, 13
[21:02:03] CarloS_Brasco plusz kórház jail ideje 180 másodpercre nõtt (+180mp)
[21:02:09] Thomas_Berzerk plusz kórház jail ideje 120 másodpercre nõtt (+120mp)
[21:02:09] Thomas_Berzerk lábon lõtte õt: Stefan_Aciano
[21:02:30] CarloS_Brasco plusz kórház jail ideje 300 másodpercre nõtt (+120mp)
[21:02:30] CarloS_Brasco lábon lõtte õt: Keny_Da_Silva
[21:02:51] Mester_Csaba plusz kórház jail ideje 1080 másodpercre nõtt (+120mp)
[21:02:51] Mester_Csaba lábon lõtte õt: Mike_Scaletta
[21:03:31] CarloS_Brasco plusz kórház jail ideje 420 másodpercre nõtt (+120mp)
[21:03:31] CarloS_Brasco lábon lõtte õt: Stefan_D_Zecchin
[21:05:19] Mark_B_Hollywood lábon lõtte õt: Ventura_Zecchin
[21:05:44] Joker_Creed lábon lõtte õt: Hugo_Toretto
[21:06:59] Tom_Torres fejen lõtte õt: Sergei_B_Dueno
[21:08:42] Carlos_D_Surenos lábon lõtte õt: Joe_Wheeler
[21:08:45] Carlos_D_Surenos lábon lõtte õt: Joker_Creed
[21:08:48] Carlos_D_Surenos lábon lõtte õt: Mark_B_Hollywood
[21:09:02] George_B_Hollywood meghalt (-), oka: Megfulladt - Pénz: 94966Ft - Pos: -1438, 1495, -4
[21:09:02] Carlos_D_Surenos lábon lõtte õt: Ernesto_Wheeler
[21:09:47] Kiraly_Tamas megölte Thomas_Davis-t ezzel: Ököl - Pénz: 10000Ft - Pos: 1936, -2430, 13
[21:09:47] Kiraly_Tamas plusz kórház jail ideje 180 másodpercre nõtt (+180mp)
[21:16:55] Bryan_B_Hollywood fejen lõtte õt: Milinte_Brasco
[21:16:55] Bryan_B_Hollywood megölte Milinte_Brasco-t ezzel: AK47 - Pénz: 0Ft - Pos: 1471, -1047, 23
[21:16:55] Bryan_B_Hollywood plusz kórház jail ideje 180 másodpercre nõtt (+180mp)
[21:33:19] Ryder_B_Dueno lábon lõtte õt: Hugo_Toretto
[21:33:25] Joe_Wheeler lábon lõtte õt: Patrick_Zecchin
[21:33:26] Carlos_D_Surenos lábon lõtte õt: Joe_Wheeler
[21:33:38] Kevin_S_Tomasso lábon lõtte õt: Joker_Creed
[21:33:53] Tom_Torres fejen lõtte õt: Sergei_B_Dueno
[21:33:58] Carlos_D_Surenos fejen lõtte õt: Ryder_B_Dueno
[21:34:08] Tom_Zecchin lábon lõtte õt: Mark_B_Hollywood
[21:34:10] Damien_Creed lábon lõtte õt: Ernesto_Wheeler
[21:34:12] Akos_White lábon lõtte õt: Damien_Creed
[21:34:20] Akos_White fejen lõtte õt: Tom_Torres
[21:34:29] Tom_Zecchin lábon lõtte õt: Akos_White
[21:47:29] Tom_Torres fejen lõtte õt: Lucio_Zecchin
[21:47:29] Tom_Torres megölte Lucio_Zecchin-t ezzel: AK47 - Pénz: 0Ft - Pos: 1432, 1586, 10
[21:47:29] Tom_Torres plusz kórház jail ideje 780 másodpercre nõtt (+180mp)
[21:56:11] Daniel_Sedin fejen lõtte õt: Gyongyosi_Lajos
[21:56:11] Daniel_Sedin megölte Gyongyosi_Lajos-t ezzel: MP5 - Pénz: 200Ft - Pos: -867, 2308, 160
[21:56:11] Daniel_Sedin plusz kórház jail ideje 180 másodpercre nõtt (+180mp)
[21:59:49] Darius_N_Ortega meghalt (-), oka: Leesett - Pénz: 0Ft - Pos: -1376, -962, 197
[22:00:25] Yamato_Bosco fejen lõtte õt: Don_Sorrentino
[22:00:25] Yamato_Bosco megölte Don_Sorrentino-t ezzel: MP5 - Pénz: 0Ft - Pos: -1596, 926, 7
[22:00:25] Yamato_Bosco plusz kórház jail ideje 540 másodpercre nõtt (+180mp)
[22:00:35] Kevin_S_Tomasso plusz kórház jail ideje 240 másodpercre nõtt (+120mp)
[22:00:35] Kevin_S_Tomasso lábon lõtte õt: Freddie_B_Scaletta
[22:00:35] Kevin_S_Tomasso plusz kórház jail ideje 360 másodpercre nõtt (+120mp)
[22:00:35] Kevin_S_Tomasso lábon lõtte õt: Freddie_B_Scaletta
[22:00:35] Kevin_S_Tomasso megölte Freddie_B_Scaletta-t ezzel: M4 - Pénz: 0Ft - Pos: -1597, 926, 7
[22:00:35] Kevin_S_Tomasso plusz kórház jail ideje 540 másodpercre nõtt (+180mp)
[22:20:25] Daniel_Sedin plusz kórház jail ideje 300 másodpercre nõtt (+120mp)
[22:20:25] Daniel_Sedin lábon lõtte õt: Gyongyosi_Lajos
[22:22:18] Kiraly_Tamas megölte Alex_Nobel-t ezzel: Ököl - Pénz: 6687Ft - Pos: 1481, -1745, 13
[22:22:18] Kiraly_Tamas plusz kórház jail ideje 360 másodpercre nõtt (+180mp)
[22:25:38] Mester_Csaba plusz kórház jail ideje 1200 másodpercre nõtt (+120mp)
[22:25:38] Mester_Csaba lábon lõtte õt: James_Aciano
[22:31:50] Carlos_D_Surenos plusz kórház jail ideje 240 másodpercre nõtt (+120mp)
[22:31:50] Carlos_D_Surenos lábon lõtte õt: Tom_Torres
[22:43:03] Gyongyosi_Lajos meghalt (-), oka: Leesett - Pénz: 0Ft - Pos: -874, 2309, 100
[22:47:20] Daniel_Sedin fejen lõtte õt: Nadasi_Gyorgy
[22:47:21] Daniel_Sedin megölte Nadasi_Gyorgy-t ezzel: MP5 - Pénz: 0Ft - Pos: -1054, 2700, 45
[22:47:21] Daniel_Sedin plusz kórház jail ideje 480 másodpercre nõtt (+180mp)
[22:58:04] Kiraly_Hunor megölte Robert_Black-t ezzel: Ököl - Pénz: 0Ft - Pos: 1503, -1731, 13
[22:58:04] Kiraly_Hunor plusz kórház jail ideje 180 másodpercre nõtt (+180mp)
[23:03:04] Leone_S_Tomasso plusz kórház jail ideje 120 másodpercre nõtt (+120mp)
[23:03:04] Leone_S_Tomasso lábon lõtte õt: Yamato_Bosco
[23:03:06] Leone_S_Tomasso plusz kórház jail ideje 240 másodpercre nõtt (+120mp)
[23:03:06] Leone_S_Tomasso lábon lõtte õt: Dominic_Vincenzo
[23:03:06] Leone_S_Tomasso plusz kórház jail ideje 360 másodpercre nõtt (+120mp)
[23:03:06] Leone_S_Tomasso lábon lõtte õt: Dominic_Vincenzo
[23:04:57] Johny_Morales plusz kórház jail ideje 300 másodpercre nõtt (+120mp)
[23:04:57] Johny_Morales lábon lõtte õt: Leone_S_Tomasso
[23:05:36] Johny_Morales fejen lõtte õt: Hans_Cooper
[23:05:36] Johny_Morales megölte Hans_Cooper-t ezzel: M4 - Pénz: 7586Ft - Pos: 1447, -1035, 23
[23:05:36] Johny_Morales plusz kórház jail ideje 480 másodpercre nõtt (+180mp)
[23:06:15] Pekano_S_Barett fejen lõtte õt: Johny_Morales
[23:06:15] Pekano_S_Barett megölte Johny_Morales-t ezzel: M4 - Pénz: 18509Ft - Pos: 1450, -1038, 23
[23:06:15] Pekano_S_Barett plusz kórház jail ideje 180 másodpercre nõtt (+180mp)
[23:24:26] Matt_Creed sniperrel meglõtte õt: Yamato_Bosco
[23:24:26] Leone_S_Tomasso sniperrel meglõtte õt: Yamato_Bosco
[23:29:45] Valor_Colin plusz kórház jail ideje 120 másodpercre nõtt (+120mp)
[23:29:45] Valor_Colin lábon lõtte õt: Franklin_F_Gates
[23:29:45] Valor_Colin plusz kórház jail ideje 240 másodpercre nõtt (+120mp)
[23:29:45] Valor_Colin lábon lõtte õt: Franklin_F_Gates
[23:29:45] Valor_Colin megölte Franklin_F_Gates-t ezzel: AK47 - Pénz: 0Ft - Pos: 1491, -1104, 24
[23:29:45] Valor_Colin plusz kórház jail ideje 420 másodpercre nõtt (+180mp)
[23:35:41] Nelson_Washington fejen lõtte õt: Bryan_B_Hollywood
[23:35:41] Nelson_Washington megölte Bryan_B_Hollywood-t ezzel: M4 - Pénz: 280129Ft - Pos: 2724, -1253, 59
[23:35:41] Nelson_Washington plusz kórház jail ideje 300 másodpercre nõtt (+180mp)
[23:43:40] Freddie_B_Scaletta plusz kórház jail ideje 120 másodpercre nõtt (+120mp)
[23:43:40] Freddie_B_Scaletta lábon lõtte õt: Yamato_Bosco
[23:43:41] Freddie_B_Scaletta fejen lõtte õt: Stefan_D_Zecchin
[23:43:43] Freddie_B_Scaletta megölte Stefan_D_Zecchin-t ezzel: MP5 - Pénz: 1315Ft - Pos: 1471, -1014, 26
[23:43:43] Freddie_B_Scaletta plusz kórház jail ideje 300 másodpercre nõtt (+180mp)
[23:43:49] Freddie_B_Scaletta fejen lõtte õt: Dominic_Vincenzo
[23:43:49] Freddie_B_Scaletta megölte Dominic_Vincenzo-t ezzel: MP5 - Pénz: 1962641Ft - Pos: 1453, -1014, 26
[23:43:49] Freddie_B_Scaletta plusz kórház jail ideje 480 másodpercre nõtt (+180mp)
[23:44:04] Ventura_Zecchin sniperrel meglõtte õt: Matt_Creed
[23:44:30] Freddie_B_Scaletta fejen lõtte õt: Johny_Morales
[23:44:30] Leone_S_Tomasso sniperrel meglõtte õt: Freddie_B_Scaletta
[23:44:31] Freddie_B_Scaletta megölte Johny_Morales-t ezzel: M4 - Pénz: 588Ft - Pos: 1448, -1027, 23
[23:44:31] Freddie_B_Scaletta plusz kórház jail ideje 660 másodpercre nõtt (+180mp)
[23:44:40] Leone_S_Tomasso sniperrel meglõtte õt: Pekano_S_Barett
[23:44:41] Valor_Colin plusz kórház jail ideje 540 másodpercre nõtt (+120mp)
[23:44:41] Valor_Colin lábon lõtte õt: Pekano_S_Barett
[23:44:55] Valor_Colin plusz kórház jail ideje 660 másodpercre nõtt (+120mp)
[23:44:55] Valor_Colin lábon lõtte õt: Kerim_Yilmaz
