[00:00:03] Torres_Butler lábon lõtte õt: Aldo_B_Dueno
[00:14:06] Johan_B_Black megölte Cseszka_R_Davidson-t ezzel: Ököl - Pénz: 22723Ft - Pos: 2514, -1722, 18
[00:14:06] Johan_B_Black plusz kórház jail ideje 360 másodpercre nõtt (+180mp)
[00:18:55] Aldo_B_Dueno sniperrel meglõtte õt: Dominic_Vincenzo
[00:23:16] Torres_Butler lábon lõtte õt: Aldo_B_Dueno
[00:23:18] Torres_Butler lábon lõtte õt: Darius_N_Ortega
[00:23:19] Torres_Butler lábon lõtte õt: Norbert_N_Ortega
[00:23:19] Tyler_Wish lábon lõtte õt: Torres_Butler
[00:23:32] Tyler_Wish lábon lõtte õt: Krisztofer_Vincenzo
[00:23:33] Antonn_Fedorov lábon lõtte õt: Tyler_Wish
[00:26:55] Tom_Torres plusz kórház jail ideje 120 másodpercre nõtt (+120mp)
[00:26:55] Tom_Torres lábon lõtte õt: Aldo_B_Dueno
[00:30:34] Antonn_Fedorov sniperrel meglõtte õt: Preston_R_Wilson
[00:39:06] Ryan_Lennox fejen lõtte õt: Krisztofer_Vincenzo
[00:39:06] Elwood_JR_Sorrentino megölte Krisztofer_Vincenzo-t ezzel: M4 - Pénz: 46580Ft - Pos: 2766, -1192, 69
[00:39:06] Elwood_JR_Sorrentino plusz kórház jail ideje 180 másodpercre nõtt (+180mp)
[00:39:17] Elwood_JR_Sorrentino plusz kórház jail ideje 300 másodpercre nõtt (+120mp)
[00:39:17] Elwood_JR_Sorrentino lábon lõtte õt: Antonn_Fedorov
[00:41:57] Kevin_R_Sorrentino fejen lõtte õt: Yamato_Bosco
[00:41:57] Kevin_R_Sorrentino megölte Yamato_Bosco-t ezzel: MP5 - Pénz: 53797Ft - Pos: 2860, -1642, 10
[00:41:57] Kevin_R_Sorrentino plusz kórház jail ideje 180 másodpercre nõtt (+180mp)
[00:41:59] Kevin_R_Sorrentino fejen lõtte õt: Dominic_Vincenzo
[00:41:59] Kevin_R_Sorrentino megölte Dominic_Vincenzo-t ezzel: MP5 - Pénz: 46181Ft - Pos: 2865, -1645, 10
[00:41:59] Kevin_R_Sorrentino plusz kórház jail ideje 360 másodpercre nõtt (+180mp)
[00:41:59] Kevin_R_Sorrentino fejen lõtte õt: Dominic_Vincenzo
[00:57:36] Yamato_Bosco plusz kórház jail ideje 120 másodpercre nõtt (+120mp)
[00:57:36] Yamato_Bosco lábon lõtte õt: Radovan_S_Barett
[01:31:49] Marcell_O_Neill fejen lõtte õt: Darius_N_Ortega
[01:31:49] Marcell_O_Neill megölte Darius_N_Ortega-t ezzel: M4 - Pénz: 0Ft - Pos: 743, -1874, 3
[01:31:49] Marcell_O_Neill plusz kórház jail ideje 180 másodpercre nõtt (+180mp)
[01:32:14] Elwood_JR_Sorrentino meghalt (-), oka: Leesett - Pénz: 20457Ft - Pos: 50, 50, 3
[01:33:32] Marcell_O_Neill plusz kórház jail ideje 300 másodpercre nõtt (+120mp)
[01:33:32] Marcell_O_Neill lábon lõtte õt: Darius_N_Ortega
[01:34:11] Darius_N_Ortega plusz kórház jail ideje 120 másodpercre nõtt (+120mp)
[01:34:11] Darius_N_Ortega lábon lõtte õt: Marcell_O_Neill
[01:34:11] Darius_N_Ortega plusz kórház jail ideje 240 másodpercre nõtt (+120mp)
[01:34:11] Darius_N_Ortega lábon lõtte õt: Marcell_O_Neill
[01:34:12] Darius_N_Ortega plusz kórház jail ideje 360 másodpercre nõtt (+120mp)
[01:34:12] Darius_N_Ortega lábon lõtte õt: Marcell_O_Neill
[02:01:09] Darius_N_Ortega meghalt (-), oka: Leesett - Pénz: 60000Ft - Pos: -2468, 144, 35
[02:09:52] Elwood_JR_Sorrentino meghalt (-), oka: Leesett - Pénz: 0Ft - Pos: 2038, -496, 74
[02:11:42] Torres_Butler meghalt (-), oka: Leesett - Pénz: 0Ft - Pos: 1965, -571, 30
[02:50:22] Henrik_T_Scaletta fejen lõtte õt: Marcell_O_Neill
[02:50:22] Henrik_T_Scaletta megölte Marcell_O_Neill-t ezzel: M4 - Pénz: 0Ft - Pos: 276, 188, 1007
[02:50:22] Henrik_T_Scaletta plusz kórház jail ideje 960 másodpercre nõtt (+180mp)
[02:50:58] Henrik_T_Scaletta fejen lõtte õt: Milinte_Brasco
[02:50:58] Henrik_T_Scaletta megölte Milinte_Brasco-t ezzel: M4 - Pénz: 49441Ft - Pos: 273, 192, 1007
[02:50:58] Henrik_T_Scaletta plusz kórház jail ideje 1140 másodpercre nõtt (+180mp)
[02:51:08] Henrik_T_Scaletta fejen lõtte õt: Torres_Butler
[02:51:08] Henrik_T_Scaletta megölte Torres_Butler-t ezzel: M4 - Pénz: 334437Ft - Pos: 273, 190, 1007
[02:51:08] Henrik_T_Scaletta plusz kórház jail ideje 1320 másodpercre nõtt (+180mp)
[02:58:11] Marcell_O_Neill meghalt (-), oka: Leesett - Pénz: 0Ft - Pos: 1341, -1572, 13
[09:50:17] Victor_Jr_Zecchin plusz kórház jail ideje 120 másodpercre nõtt (+120mp)
[09:50:17] Victor_Jr_Zecchin lábon lõtte õt: Kevin_R_Sorrentino
[09:50:17] Victor_Jr_Zecchin plusz kórház jail ideje 240 másodpercre nõtt (+120mp)
[09:50:17] Victor_Jr_Zecchin lábon lõtte õt: Kevin_R_Sorrentino
[09:53:14] Michael_Faraday meghalt (-), oka: Leesett - Pénz: 5740Ft - Pos: 807, 125, 62
[09:58:29] Leone_S_Tomasso fejen lõtte õt: Atsuya_D_Freeman
[09:58:29] Leone_S_Tomasso megölte Atsuya_D_Freeman-t ezzel: M4 - Pénz: 0Ft - Pos: -2836, 463, 3
[09:58:29] Leone_S_Tomasso plusz kórház jail ideje 180 másodpercre nõtt (+180mp)
[09:58:30] Leone_S_Tomasso fejen lõtte õt: Jason_Aciano
[09:58:30] Leone_S_Tomasso megölte Jason_Aciano-t ezzel: M4 - Pénz: 0Ft - Pos: -2838, 463, 3
[09:58:30] Leone_S_Tomasso plusz kórház jail ideje 360 másodpercre nõtt (+180mp)
[10:11:44] Dwight_Teedog meghalt (-), oka: Leesett - Pénz: 295500Ft - Pos: 1055, -860, 57
[10:31:43] Henrik_Sedin meghalt (-), oka: Leesett - Pénz: 350Ft - Pos: -1683, -1006, 72
[10:35:05] Kevin_R_Sorrentino fejen lõtte õt: Matt_Creed
[10:35:05] Kevin_R_Sorrentino megölte Matt_Creed-t ezzel: MP5 - Pénz: 500Ft - Pos: -532, -914, 56
[10:35:05] Kevin_R_Sorrentino plusz kórház jail ideje 540 másodpercre nõtt (+180mp)
[11:22:12] Nelson_Washington sniperrel meglõtte õt: Krist_Roscoe
[11:22:16] Nelson_Washington sniperrel meglõtte õt: Matt_Creed
[11:38:12] Valor_Colin fejen lõtte õt: Aldo_B_Dueno
[11:38:35] Sergei_B_Dueno lábon lõtte õt: Tyler_Wish
[11:38:51] Valor_Colin fejen lõtte õt: Paul_D_Cortez
[11:38:54] Sergei_B_Dueno lábon lõtte õt: Cody_Aciano
[11:42:08] Max_D_Freeman fejen lõtte õt: Victor_Jr_Zecchin
[11:42:44] Atsuya_D_Freeman lábon lõtte õt: Valor_Colin
[11:43:41] Atsuya_D_Freeman fejen lõtte õt: Max_D_Freeman
[11:43:46] Taylor_Bence meghalt (-), oka: Leesett - Pénz: 0Ft - Pos: 611, 891, -43
[12:05:36] Lucio_Zecchin plusz kórház jail ideje 1140 másodpercre nõtt (+120mp)
[12:05:36] Lucio_Zecchin lábon lõtte õt: Rock_P_DImitriev
[12:05:36] Lucio_Zecchin plusz kórház jail ideje 1260 másodpercre nõtt (+120mp)
[12:05:36] Lucio_Zecchin lábon lõtte õt: Rock_P_DImitriev
[12:05:39] Lucio_Zecchin fejen lõtte õt: Kevin_R_Sorrentino
[12:05:39] Lucio_Zecchin fejen lõtte õt: Kevin_R_Sorrentino
[12:05:39] Lucio_Zecchin megölte Kevin_R_Sorrentino-t ezzel: M4 - Pénz: 0Ft - Pos: 1812, -1478, 10
[12:05:39] Lucio_Zecchin plusz kórház jail ideje 1440 másodpercre nõtt (+180mp)
[12:05:48] Lucio_Zecchin fejen lõtte õt: Rock_P_DImitriev
[12:05:48] Lucio_Zecchin megölte Rock_P_DImitriev-t ezzel: M4 - Pénz: 0Ft - Pos: 1815, -1456, 13
[12:05:48] Lucio_Zecchin plusz kórház jail ideje 1620 másodpercre nõtt (+180mp)
[12:12:53] Lucio_Zecchin plusz kórház jail ideje 1740 másodpercre nõtt (+120mp)
[12:12:53] Lucio_Zecchin lábon lõtte õt: Patrick_Zecchin
[12:12:53] Lucio_Zecchin plusz kórház jail ideje 1860 másodpercre nõtt (+120mp)
[12:12:53] Lucio_Zecchin lábon lõtte õt: Patrick_Zecchin
[12:12:57] Lucio_Zecchin fejen lõtte õt: Nelson_Washington
[12:12:57] Lucio_Zecchin megölte Nelson_Washington-t ezzel: M4 - Pénz: 0Ft - Pos: 2244, -1188, 1029
[12:12:57] Lucio_Zecchin plusz kórház jail ideje 2040 másodpercre nõtt (+180mp)
[12:19:29] Krisztofer_Vincenzo fejen lõtte õt: Jin_Sorrentino
[12:19:29] Krisztofer_Vincenzo megölte Jin_Sorrentino-t ezzel: M4 - Pénz: 0Ft - Pos: 2243, -1159, 1029
[12:19:29] Krisztofer_Vincenzo plusz kórház jail ideje 180 másodpercre nõtt (+180mp)
[12:19:29] Krisztofer_Vincenzo fejen lõtte õt: Jin_Sorrentino
[12:19:29] Krisztofer_Vincenzo megölte Jin_Sorrentino-t ezzel: M4 - Pénz: 0Ft - Pos: 0, 0, 0
[12:19:29] Krisztofer_Vincenzo plusz kórház jail ideje 360 másodpercre nõtt (+180mp)
[12:19:31] Krisztofer_Vincenzo fejen lõtte õt: Rock_P_DImitriev
[12:19:32] Krisztofer_Vincenzo fejen lõtte õt: Rock_P_DImitriev
[12:20:08] Krisztofer_Vincenzo plusz kórház jail ideje 480 másodpercre nõtt (+120mp)
[12:20:08] Krisztofer_Vincenzo lábon lõtte õt: Patrick_Zecchin
[12:20:08] Krisztofer_Vincenzo plusz kórház jail ideje 600 másodpercre nõtt (+120mp)
[12:20:08] Krisztofer_Vincenzo lábon lõtte õt: Patrick_Zecchin
[12:20:08] Krisztofer_Vincenzo megölte Patrick_Zecchin-t ezzel: M4 - Pénz: 8973Ft - Pos: 2238, -1171, 1029
[12:20:08] Krisztofer_Vincenzo plusz kórház jail ideje 780 másodpercre nõtt (+180mp)
[12:20:15] Kevin_S_Tomasso plusz kórház jail ideje 960 másodpercre nõtt (+120mp)
[12:20:15] Kevin_S_Tomasso lábon lõtte õt: Krisztofer_Vincenzo
[12:20:16] Kevin_S_Tomasso plusz kórház jail ideje 1080 másodpercre nõtt (+120mp)
[12:20:16] Kevin_S_Tomasso lábon lõtte õt: Krisztofer_Vincenzo
[12:20:16] Kevin_S_Tomasso plusz kórház jail ideje 1200 másodpercre nõtt (+120mp)
[12:20:16] Kevin_S_Tomasso lábon lõtte õt: Krisztofer_Vincenzo
[12:20:16] Kevin_S_Tomasso megölte Krisztofer_Vincenzo-t ezzel: M4 - Pénz: 0Ft - Pos: 2239, -1171, 1029
[12:20:16] Kevin_S_Tomasso plusz kórház jail ideje 1380 másodpercre nõtt (+180mp)
[12:22:39] Kevin_S_Tomasso plusz kórház jail ideje 1500 másodpercre nõtt (+120mp)
[12:22:39] Kevin_S_Tomasso lábon lõtte õt: Dominic_Vincenzo
[12:22:39] Kevin_S_Tomasso plusz kórház jail ideje 1620 másodpercre nõtt (+120mp)
[12:22:39] Kevin_S_Tomasso lábon lõtte õt: Dominic_Vincenzo
[12:22:39] Kevin_S_Tomasso plusz kórház jail ideje 1740 másodpercre nõtt (+120mp)
[12:22:39] Kevin_S_Tomasso lábon lõtte õt: Dominic_Vincenzo
[12:22:40] Kevin_S_Tomasso megölte Dominic_Vincenzo-t ezzel: M4 - Pénz: 0Ft - Pos: 2238, -1170, 1029
[12:22:40] Kevin_S_Tomasso plusz kórház jail ideje 1920 másodpercre nõtt (+180mp)
[12:22:43] Ralf_S_Tomasso plusz kórház jail ideje 600 másodpercre nõtt (+120mp)
[12:22:43] Ralf_S_Tomasso lábon lõtte õt: Dave_R_Vincenzo
[12:22:43] Ralf_S_Tomasso plusz kórház jail ideje 720 másodpercre nõtt (+120mp)
[12:22:43] Ralf_S_Tomasso lábon lõtte õt: Dave_R_Vincenzo
[12:23:55] Nelson_Washington meghalt (-), oka: Leesett - Pénz: 0Ft - Pos: 1538, 1530, 11
[12:29:59] Ralf_S_Tomasso plusz kórház jail ideje 840 másodpercre nõtt (+120mp)
[12:29:59] Ralf_S_Tomasso lábon lõtte õt: Lucio_Zecchin
[12:51:03] Mark_B_Hollywood lábon lõtte õt: James_Creed
[12:51:04] Mark_B_Hollywood lábon lõtte õt: Dominic_Vincenzo
[13:04:06] Daniel_Sedin fejen lõtte õt: Rock_P_DImitriev
[13:04:06] Daniel_Sedin megölte Rock_P_DImitriev-t ezzel: M4 - Pénz: 0Ft - Pos: -2037, 140, 28
[13:04:06] Daniel_Sedin plusz kórház jail ideje 180 másodpercre nõtt (+180mp)
[13:29:33] William_Cortez fejen lõtte õt: David_Toretto
[13:29:34] William_Cortez megölte David_Toretto-t ezzel: AK47 - Pénz: 0Ft - Pos: 2241, -1150, 1029
[13:29:34] William_Cortez plusz kórház jail ideje 540 másodpercre nõtt (+180mp)
[13:31:16] Bent_Washington plusz kórház jail ideje 840 másodpercre nõtt (+120mp)
[13:31:16] Bent_Washington lábon lõtte õt: Nick_Vitale
[13:31:22] William_Cortez plusz kórház jail ideje 660 másodpercre nõtt (+120mp)
[13:31:22] William_Cortez lábon lõtte õt: Ray_Washington
[13:31:22] Oberth_Andras fejen lõtte õt: William_Cortez
[13:31:22] Oberth_Andras megölte William_Cortez-t ezzel: M4 - Pénz: 10042Ft - Pos: 2192, -1186, 1029
[13:31:22] Oberth_Andras plusz kórház jail ideje 180 másodpercre nõtt (+180mp)
[13:34:53] Milinte_Brasco fejen lõtte õt: Tom_D_Wayne
[13:36:28] Milinte_Brasco fejen lõtte õt: Sergei_B_Dueno
[13:36:29] Ryder_T_Zecchin lábon lõtte õt: Milinte_Brasco
[13:36:40] James_D_Ryan lábon lõtte õt: Lucio_Zecchin
[13:36:56] Ryder_T_Zecchin lábon lõtte õt: Dominic_Vincenzo
[13:36:58] James_Creed lábon lõtte õt: Ryder_T_Zecchin
[13:37:03] James_Creed fejen lõtte õt: Jerry_Hooward
[13:37:31] Dave_R_Vincenzo sniperrel meglõtte õt: Chris_S_Black
[13:37:33] Mark_B_Hollywood fejen lõtte õt: James_Creed
[13:37:48] Markus_D_Zecchin lábon lõtte õt: Dave_R_Vincenzo
[13:39:40] Nick_Ramos meghalt (NPC_Buszsofor_LS), oka: Autó | Lehet, hogy Bentner_K_White ölte meg, mert a közelben volt - Pénz: 475Ft - P
[13:42:23] Harold_G_Freeman fejen lõtte õt: Horvath_Adrian
[13:42:23] Harold_G_Freeman megölte Horvath_Adrian-t ezzel: AK47 - Pénz: 8898Ft - Pos: -747, 2073, 61
[13:42:23] Harold_G_Freeman plusz kórház jail ideje 180 másodpercre nõtt (+180mp)
[13:42:23] Harold_G_Freeman fejen lõtte õt: Horvath_Adrian
[13:42:41] Oberth_Andras fejen lõtte õt: Chris_S_Black
[13:42:41] Oberth_Andras fejen lõtte õt: Chris_S_Black
[13:42:41] Oberth_Andras megölte Chris_S_Black-t ezzel: M4 - Pénz: 50000Ft - Pos: -2666, -69, 3
[13:42:41] Oberth_Andras plusz kórház jail ideje 360 másodpercre nõtt (+180mp)
[13:43:07] Don_Sorrentino plusz kórház jail ideje 720 másodpercre nõtt (+120mp)
[13:43:07] Don_Sorrentino lábon lõtte õt: Daniel_Sedin
[13:43:31] Marcel_B_Hollywood fejen lõtte õt: Steve_Aoki
[13:43:32] Marcel_B_Hollywood megölte Steve_Aoki-t ezzel: M4 - Pénz: 3877Ft - Pos: -1796, -164, 8
[13:43:32] Marcel_B_Hollywood plusz kórház jail ideje 180 másodpercre nõtt (+180mp)
[13:43:52] Sergei_B_Dueno plusz kórház jail ideje 120 másodpercre nõtt (+120mp)
[13:43:52] Sergei_B_Dueno lábon lõtte õt: Marcel_B_Hollywood
[13:44:08] Kevin_R_Sorrentino fejen lõtte õt: Sergei_B_Dueno
[13:44:08] Kevin_R_Sorrentino megölte Sergei_B_Dueno-t ezzel: MP5 - Pénz: 20413Ft - Pos: -1781, -226, 17
[13:44:08] Kevin_R_Sorrentino plusz kórház jail ideje 180 másodpercre nõtt (+180mp)
[13:44:08] Kevin_R_Sorrentino fejen lõtte õt: Sergei_B_Dueno
[13:46:43] Henrik_Sedin fejen lõtte õt: Don_Sorrentino
[13:46:43] Henrik_Sedin fejen lõtte õt: Don_Sorrentino
[13:46:43] Henrik_Sedin fejen lõtte õt: Don_Sorrentino
[13:47:39] Henrik_T_Scaletta fejen lõtte õt: Henrik_Sedin
[13:47:39] Henrik_T_Scaletta megölte Henrik_Sedin-t ezzel: M4 - Pénz: 0Ft - Pos: -28, -12, 1003
[13:47:39] Henrik_T_Scaletta plusz kórház jail ideje 1500 másodpercre nõtt (+180mp)
[13:47:39] Henrik_T_Scaletta fejen lõtte õt: Henrik_Sedin
[13:47:39] Henrik_T_Scaletta fejen lõtte õt: Henrik_Sedin
[13:56:13] Antonn_Fedorov lábon lõtte õt: Cody_Aciano
[13:56:17] Yamato_Bosco lábon lõtte õt: Stefan_Berger
[13:56:24] Yamato_Bosco fejen lõtte õt: Mark_Bishop
[13:56:28] Emanuel_Garcia fejen lõtte õt: Yamato_Bosco
[13:56:35] Milinte_Brasco lábon lõtte õt: Victor_Jr_Zecchin
[13:56:39] Dave_R_Vincenzo lábon lõtte õt: Mester_Csaba
[13:59:19] Emanuel_Garcia lábon lõtte õt: Dominic_Vincenzo
[13:59:22] James_Creed fejen lõtte õt: Emanuel_Garcia
[13:59:28] Tyler_Wish sniperrel meglõtte õt: Milinte_Brasco
[14:00:02] Diaz_Freeman riflevel animba lõtte õt õt: Tyler_Wish
[14:00:25] James_D_Freeman lábon lõtte õt: Krisztofer_Vincenzo
[14:00:41] Dave_R_Vincenzo sniperrel meglõtte õt: Drew_B_Dueno
[14:02:01] James_Creed fejen lõtte õt: James_D_Freeman
[14:05:03] Oliver_Hizrics meghalt (NPC_Buszsofor_LS), oka: Autó | Lehet, hogy Don_Sorrentino ölte meg, mert a közelben volt - Pénz: 115300
[14:10:43] Krist_Roscoe meghalt (-), oka: Leesett - Pénz: 8898Ft - Pos: -2491, 185, 13
[14:12:29] Drew_B_Dueno plusz kórház jail ideje 120 másodpercre nõtt (+120mp)
[14:12:29] Drew_B_Dueno lábon lõtte õt: Matt_Creed
[14:14:15] Emanuel_Garcia fejen lõtte õt: Thomas_Berzerk
[14:14:15] Emanuel_Garcia megölte Thomas_Berzerk-t ezzel: M4 - Pénz: 0Ft - Pos: -2470, 121, 64
[14:14:15] Emanuel_Garcia plusz kórház jail ideje 180 másodpercre nõtt (+180mp)
[14:21:30] John_Kelin meghalt (-), oka: Leesett - Pénz: 0Ft - Pos: -749, -260, 57
[14:25:26] Milinte_Brasco sniperrel meglõtte õt: John_Salivan
[14:25:28] Milinte_Brasco sniperrel meglõtte õt: David_Toretto
[14:25:29] James_Creed fejen lõtte õt: David_Toretto
[14:25:29] Ventura_Zecchin sniperrel meglõtte õt: David_Toretto
[14:25:29] Ventura_Zecchin megölte David_Toretto-t ezzel: Sniper - Pénz: 0Ft - Pos: 1415, -1039, 23
[14:25:29] Ventura_Zecchin plusz kórház jail ideje 180 másodpercre nõtt (+180mp)
[14:25:29] Krisztofer_Vincenzo fejen lõtte õt: John_Salivan
[14:25:29] Krisztofer_Vincenzo megölte John_Salivan-t ezzel: M4 - Pénz: 117072Ft - Pos: 1413, -1039, 23
[14:25:29] Krisztofer_Vincenzo plusz kórház jail ideje 180 másodpercre nõtt (+180mp)
[14:25:45] Ventura_Zecchin sniperrel meglõtte õt: Gaspar_David
[14:26:18] Henrik_T_Scaletta sniperrel meglõtte õt: Yamato_Bosco
[14:26:25] Krisztofer_Vincenzo fejen lõtte õt: Don_Sorrentino
[14:26:26] Krisztofer_Vincenzo megölte Don_Sorrentino-t ezzel: M4 - Pénz: 0Ft - Pos: 1385, -1006, 27
[14:26:26] Krisztofer_Vincenzo plusz kórház jail ideje 360 másodpercre nõtt (+180mp)
[14:28:01] Torres_Butler fejen lõtte õt: Henrik_T_Scaletta
[14:28:01] Torres_Butler megölte Henrik_T_Scaletta-t ezzel: Rifle - Pénz: 0Ft - Pos: 1713, -1089, 24
[14:28:01] Torres_Butler plusz kórház jail ideje 180 másodpercre nõtt (+180mp)
[14:28:09] Antonn_Fedorov sniperrel meglõtte õt: Bent_Washington
[14:28:12] Antonn_Fedorov sniperrel meglõtte õt: Bent_Washington
[14:29:43] Dave_R_Vincenzo sniperrel meglõtte õt: Kevin_R_Sorrentino
[14:32:04] Diego_Aciano meghalt (-), oka: Leesett - Pénz: 30Ft - Pos: -1945, 512, 35
[14:33:51] Milinte_Brasco meghalt (-), oka: Leesett - Pénz: 0Ft - Pos: -1939, 384, 37
[14:34:16] Kevin_S_Tomasso sniperrel meglõtte õt: Ventura_Zecchin
[14:34:36] Nelson_Washington fejen lõtte õt: Antonn_Fedorov
[14:34:36] Nelson_Washington megölte Antonn_Fedorov-t ezzel: M4 - Pénz: 0Ft - Pos: 2609, -1824, 56
[14:34:36] Nelson_Washington plusz kórház jail ideje 180 másodpercre nõtt (+180mp)
[14:54:51] Kevin_S_Tomasso fejen lõtte õt: Torres_Butler
[14:54:51] Kevin_S_Tomasso megölte Torres_Butler-t ezzel: M4 - Pénz: 3500Ft - Pos: -806, 1090, 34
[14:54:51] Kevin_S_Tomasso plusz kórház jail ideje 2100 másodpercre nõtt (+180mp)
[14:54:56] Kevin_S_Tomasso plusz kórház jail ideje 2220 másodpercre nõtt (+120mp)
[14:54:56] Kevin_S_Tomasso lábon lõtte õt: Akos_Vincenzo
[14:57:07] Natalia_Inferno meghalt (-), oka: Leesett - Pénz: 0Ft - Pos: -1084, -477, 33
[15:24:09] Antonn_Fedorov sniperrel meglõtte õt: Raul_Butler
[15:24:10] Joe_Surenos fejen lõtte õt: James_Creed
[15:24:15] Mark_B_Hollywood lábon lõtte õt: Ventura_Zecchin
[15:24:28] Markus_D_Zecchin lábon lõtte õt: Dave_R_Vincenzo
[15:24:34] Steve_Aoki lábon lõtte õt: Antonn_Fedorov
[15:24:40] Joe_Surenos lábon lõtte õt: Milinte_Brasco
[15:24:43] Mark_B_Hollywood lábon lõtte õt: Dominic_Vincenzo
[15:24:45] Joe_Surenos fejen lõtte õt: Krisztofer_Vincenzo
[15:25:06] Tom_Torres lábon lõtte õt: Chris_S_Black
[15:25:08] Tom_Torres lábon lõtte õt: Valor_Colin
[15:25:26] Tom_Torres lábon lõtte õt: Markus_D_Zecchin
[15:25:32] Mark_B_Hollywood fejen lõtte õt: Tom_Torres
[15:26:36] Patrick_Zecchin plusz kórház jail ideje 120 másodpercre nõtt (+120mp)
[15:26:36] Patrick_Zecchin lábon lõtte õt: Krisztofer_Vincenzo
[15:26:36] Patrick_Zecchin megölte Krisztofer_Vincenzo-t ezzel: M4 - Pénz: 0Ft - Pos: 709, -1024, 50
[15:26:36] Patrick_Zecchin plusz kórház jail ideje 300 másodpercre nõtt (+180mp)
[15:27:05] Antonn_Fedorov sniperrel meglõtte õt: Patrick_Zecchin
[15:27:13] Antonn_Fedorov sniperrel meglõtte õt: Thomas_Davis
[16:00:04] Daniel_Davis meghalt (-), oka: Leesett - Pénz: 103250Ft - Pos: 166, -1221, 48
[16:01:19] Marcell_O_Neill megölte Connor_O_Neill-t ezzel: Ököl - Pénz: 0Ft - Pos: 1946, -2432, 13
[16:01:19] Marcell_O_Neill plusz kórház jail ideje 180 másodpercre nõtt (+180mp)
[16:29:28] Jason_Toretto fejen lõtte õt: Steve_Aoki
[16:29:28] Jason_Toretto megölte Steve_Aoki-t ezzel: M4 - Pénz: 0Ft - Pos: -2265, -153, 35
[16:29:28] Jason_Toretto plusz kórház jail ideje 360 másodpercre nõtt (+180mp)
[16:50:20] Victor_Jr_Zecchin fejen lõtte õt: Henrik_Sedin
[16:50:20] Victor_Jr_Zecchin megölte Henrik_Sedin-t ezzel: MP5 - Pénz: 0Ft - Pos: 1938, -2442, 13
[16:50:20] Victor_Jr_Zecchin plusz kórház jail ideje 420 másodpercre nõtt (+180mp)
[16:51:27] Lorand_Vincenzo fejen lõtte õt: Tom_Torres
[16:51:33] Tom_Zecchin lábon lõtte õt: Johan_B_Black
[16:53:28] Patrick_Zecchin fejen lõtte õt: Victor_Jr_Zecchin
[16:53:28] Patrick_Zecchin megölte Victor_Jr_Zecchin-t ezzel: M4 - Pénz: 0Ft - Pos: -1622, 576, 76
[16:53:28] Patrick_Zecchin plusz kórház jail ideje 480 másodpercre nõtt (+180mp)
[16:54:03] Tom_Zecchin fejen lõtte õt: Valor_Colin
[16:54:19] Dave_R_Vincenzo sniperrel meglõtte õt: Chris_S_Black
[16:55:10] Chris_S_Black fejen lõtte õt: Johan_B_Black
[16:55:10] Chris_S_Black megölte Johan_B_Black-t ezzel: MP5 - Pénz: 0Ft - Pos: -1471, 1487, 8
[16:55:10] Chris_S_Black plusz kórház jail ideje 180 másodpercre nõtt (+180mp)
[16:55:10] Chris_S_Black fejen lõtte õt: Johan_B_Black
[16:56:51] Milinte_Brasco fejen lõtte õt: Lorand_Vincenzo
[16:57:00] Martin_B_Zecchin lábon lõtte õt: Torres_Butler
[16:57:04] Tom_Zecchin lábon lõtte õt: Martin_B_Zecchin
[16:57:06] Steve_Aoki fejen lõtte õt: Krisztofer_Vincenzo
[16:57:15] Tom_Zecchin lábon lõtte õt: Steve_Aoki
[17:01:56] Thomas_Berzerk fejen lõtte õt: Emanuel_Garcia
[17:01:56] Thomas_Berzerk megölte Emanuel_Garcia-t ezzel: AK47 - Pénz: 0Ft - Pos: -2461, 131, 65
[17:01:56] Thomas_Berzerk plusz kórház jail ideje 180 másodpercre nõtt (+180mp)
[17:07:18] Edie_Morra plusz kórház jail ideje 120 másodpercre nõtt (+120mp)
[17:07:18] Edie_Morra lábon lõtte õt: Ryan_Lennox
[17:11:11] Nelson_Washington plusz kórház jail ideje 300 másodpercre nõtt (+120mp)
[17:11:11] Nelson_Washington lábon lõtte õt: Patrick_Zecchin
[17:23:40] Connor_O_Neill meghalt (-), oka: Leesett - Pénz: 0Ft - Pos: -1974, 77, 28
[17:25:56] Torres_Butler plusz kórház jail ideje 120 másodpercre nõtt (+120mp)
[17:25:56] Torres_Butler lábon lõtte õt: Cristofer_Francesko
[17:25:56] Torres_Butler plusz kórház jail ideje 240 másodpercre nõtt (+120mp)
[17:25:56] Torres_Butler lábon lõtte õt: Cristofer_Francesko
[17:25:56] Torres_Butler plusz kórház jail ideje 360 másodpercre nõtt (+120mp)
[17:25:56] Torres_Butler lábon lõtte õt: Cristofer_Francesko
[17:40:26] William_Washington meghalt (NPC_Buszsofor_LS), oka: Autó | Lehet, hogy Nelson_Washington ölte meg, mert a közelben volt - Pénz:
[17:41:04] Steve_Aoki lábon lõtte õt: Milinte_Brasco
[17:45:56] Markus_D_Zecchin lábon lõtte õt: Dave_R_Vincenzo
[17:46:17] Martin_B_Zecchin fejen lõtte õt: Torres_Butler
[17:46:26] Carlos_D_Surenos fejen lõtte õt: Steve_Aoki
[17:46:50] Carlos_D_Surenos lábon lõtte õt: Joe_Surenos
[17:46:55] Carlos_D_Surenos lábon lõtte õt: Lorand_Vincenzo
[17:47:00] Carlos_D_Surenos lábon lõtte õt: Martin_B_Zecchin
[17:47:09] Carlos_D_Surenos lábon lõtte õt: Markus_D_Zecchin
[17:47:14] Carlos_D_Surenos lábon lõtte õt: Ryder_T_Zecchin
[17:47:49] Tyler_Wish plusz kórház jail ideje 120 másodpercre nõtt (+120mp)
[17:47:49] Tyler_Wish lábon lõtte õt: Akos_White
[17:48:07] Carlos_D_Surenos lábon lõtte õt: Valor_Colin
[17:49:34] Victor_Jr_Zecchin fejen lõtte õt: Akos_White
[17:49:34] Victor_Jr_Zecchin megölte Akos_White-t ezzel: Deagle - Pénz: 0Ft - Pos: -1298, 2523, 87
[17:49:34] Victor_Jr_Zecchin plusz kórház jail ideje 180 másodpercre nõtt (+180mp)
[17:52:30] Jason_Toretto plusz kórház jail ideje 480 másodpercre nõtt (+120mp)
[17:52:30] Jason_Toretto lábon lõtte õt: Don_Sorrentino
[17:52:32] Joker_Creed plusz kórház jail ideje 120 másodpercre nõtt (+120mp)
[17:52:32] Joker_Creed lábon lõtte õt: Thomas_Berzerk
[17:52:39] Joker_Creed plusz kórház jail ideje 240 másodpercre nõtt (+120mp)
[17:52:39] Joker_Creed lábon lõtte õt: Tyler_Wish
[17:52:57] Victor_Jr_Zecchin fejen lõtte õt: Joker_Creed
[17:52:57] Victor_Jr_Zecchin fejen lõtte õt: Joker_Creed
[17:52:57] Victor_Jr_Zecchin megölte Joker_Creed-t ezzel: MP5 - Pénz: 152000Ft - Pos: -1594, 1819, 16
[17:52:57] Victor_Jr_Zecchin plusz kórház jail ideje 360 másodpercre nõtt (+180mp)
[17:52:57] Victor_Jr_Zecchin fejen lõtte õt: Joker_Creed
[17:55:38] Edie_Morra meghalt (-), oka: Leesett - Pénz: 0Ft - Pos: -1563, 678, 9
[18:10:28] Don_Sorrentino fejen lõtte õt: Victor_Jr_Zecchin
[18:10:28] Don_Sorrentino megölte Victor_Jr_Zecchin-t ezzel: M4 - Pénz: 0Ft - Pos: 376, -1359, 14
[18:10:28] Don_Sorrentino plusz kórház jail ideje 180 másodpercre nõtt (+180mp)
[18:11:03] Henrik_Sedin fejen lõtte õt: David_Toretto
[18:11:03] Henrik_Sedin megölte David_Toretto-t ezzel: MP5 - Pénz: 0Ft - Pos: 1819, -1571, 13
[18:11:03] Henrik_Sedin plusz kórház jail ideje 180 másodpercre nõtt (+180mp)
[18:11:41] John_Salivan plusz kórház jail ideje 120 másodpercre nõtt (+120mp)
[18:11:41] John_Salivan lábon lõtte õt: Daniel_Sedin
[18:12:01] Henrik_Sedin fejen lõtte õt: Kevin_R_Sorrentino
[18:12:01] Henrik_Sedin megölte Kevin_R_Sorrentino-t ezzel: MP5 - Pénz: 0Ft - Pos: 1745, -1564, 14
[18:12:01] Henrik_Sedin plusz kórház jail ideje 360 másodpercre nõtt (+180mp)
[18:12:09] Henrik_Sedin fejen lõtte õt: John_Salivan
[18:13:53] Henrik_Sedin fejen lõtte õt: John_Salivan
[18:13:53] Henrik_Sedin megölte John_Salivan-t ezzel: MP5 - Pénz: 0Ft - Pos: 1746, -1589, 13
[18:13:53] Henrik_Sedin plusz kórház jail ideje 540 másodpercre nõtt (+180mp)
[18:14:04] Jin_Sorrentino plusz kórház jail ideje 120 másodpercre nõtt (+120mp)
[18:14:04] Jin_Sorrentino lábon lõtte õt: James_D_Freeman
[18:14:14] Kevin_S_Tomasso plusz kórház jail ideje 120 másodpercre nõtt (+120mp)
[18:14:14] Kevin_S_Tomasso lábon lõtte õt: Tyler_Wish
[18:14:14] Kevin_S_Tomasso megölte Tyler_Wish-t ezzel: M4 - Pénz: 0Ft - Pos: 1934, -1574, 13
[18:14:14] Kevin_S_Tomasso plusz kórház jail ideje 300 másodpercre nõtt (+180mp)
[18:14:15] Henrik_Sedin fejen lõtte õt: Natalia_Inferno
[18:14:16] Henrik_Sedin megölte Natalia_Inferno-t ezzel: MP5 - Pénz: 0Ft - Pos: 1808, -1581, 13
[18:14:16] Henrik_Sedin plusz kórház jail ideje 720 másodpercre nõtt (+180mp)
[18:14:31] Jin_Sorrentino plusz kórház jail ideje 240 másodpercre nõtt (+120mp)
[18:14:31] Jin_Sorrentino lábon lõtte õt: James_D_Freeman
[18:14:33] Kevin_S_Tomasso plusz kórház jail ideje 420 másodpercre nõtt (+120mp)
[18:14:33] Kevin_S_Tomasso lábon lõtte õt: Jin_Sorrentino
[18:14:33] Kevin_S_Tomasso plusz kórház jail ideje 540 másodpercre nõtt (+120mp)
[18:14:33] Kevin_S_Tomasso lábon lõtte õt: Jin_Sorrentino
[18:17:09] Joe_Gates fejen lõtte õt: Mark_Bishop
[18:17:09] Joe_Gates megölte Mark_Bishop-t ezzel: M4 - Pénz: 100Ft - Pos: 1864, -1619, 13
[18:17:09] Joe_Gates plusz kórház jail ideje 180 másodpercre nõtt (+180mp)
[18:25:30] Kevin_R_Sorrentino fejen lõtte õt: Daniel_Sedin
[18:25:30] Kevin_R_Sorrentino megölte Daniel_Sedin-t ezzel: MP5 - Pénz: 0Ft - Pos: 1383, -1061, 27
[18:25:30] Kevin_R_Sorrentino plusz kórház jail ideje 180 másodpercre nõtt (+180mp)
[18:25:38] Kevin_R_Sorrentino plusz kórház jail ideje 300 másodpercre nõtt (+120mp)
[18:25:38] Kevin_R_Sorrentino lábon lõtte õt: Elwood_JR_Sorrentino
[18:25:40] Kevin_R_Sorrentino plusz kórház jail ideje 420 másodpercre nõtt (+120mp)
[18:25:40] Kevin_R_Sorrentino lábon lõtte õt: Henrik_Sedin
[18:25:40] Kevin_R_Sorrentino plusz kórház jail ideje 540 másodpercre nõtt (+120mp)
[18:25:40] Kevin_R_Sorrentino lábon lõtte õt: Henrik_Sedin
[18:26:49] Sidney_Tribiani fejen lõtte õt: Joe_Gates
[18:26:49] Sidney_Tribiani megölte Joe_Gates-t ezzel: MP5 - Pénz: 100Ft - Pos: 1914, -2429, 13
[18:26:49] Sidney_Tribiani plusz kórház jail ideje 180 másodpercre nõtt (+180mp)
[18:27:58] Sidney_Tribiani plusz kórház jail ideje 300 másodpercre nõtt (+120mp)
[18:27:58] Sidney_Tribiani lábon lõtte õt: Natalia_Inferno
[18:28:36] Krist_Roscoe fejen lõtte õt: Steve_Aoki
[18:28:36] Krist_Roscoe megölte Steve_Aoki-t ezzel: M4 - Pénz: 0Ft - Pos: 1418, -1064, 65
[18:28:36] Krist_Roscoe plusz kórház jail ideje 180 másodpercre nõtt (+180mp)
[18:30:30] Krist_Roscoe plusz kórház jail ideje 300 másodpercre nõtt (+120mp)
[18:30:30] Krist_Roscoe lábon lõtte õt: Antonn_Fedorov
[18:30:42] Krist_Roscoe plusz kórház jail ideje 420 másodpercre nõtt (+120mp)
[18:30:42] Krist_Roscoe lábon lõtte õt: Rock_P_DImitriev
[18:30:42] Krist_Roscoe plusz kórház jail ideje 540 másodpercre nõtt (+120mp)
[18:30:42] Krist_Roscoe lábon lõtte õt: Rock_P_DImitriev
[18:30:44] Kevin_R_Sorrentino plusz kórház jail ideje 660 másodpercre nõtt (+120mp)
[18:30:44] Kevin_R_Sorrentino lábon lõtte õt: Krist_Roscoe
[18:30:45] Kevin_R_Sorrentino plusz kórház jail ideje 780 másodpercre nõtt (+120mp)
[18:30:45] Kevin_R_Sorrentino lábon lõtte õt: Krist_Roscoe
[18:30:45] Kevin_R_Sorrentino plusz kórház jail ideje 900 másodpercre nõtt (+120mp)
[18:30:45] Kevin_R_Sorrentino lábon lõtte õt: Krist_Roscoe
[18:31:00] Kevin_R_Sorrentino riflevel animba lõtte õt õt: Sidney_Tribiani
[18:32:21] Edie_Morra fejen lõtte õt: Kevin_R_Sorrentino
[18:32:21] Edie_Morra megölte Kevin_R_Sorrentino-t ezzel: M4 - Pénz: 0Ft - Pos: 1375, -1047, 26
[18:32:21] Edie_Morra plusz kórház jail ideje 180 másodpercre nõtt (+180mp)
[18:32:33] Edie_Morra fejen lõtte õt: Rock_P_DImitriev
[18:32:33] Edie_Morra megölte Rock_P_DImitriev-t ezzel: M4 - Pénz: 0Ft - Pos: 1382, -1057, 27
[18:32:33] Edie_Morra plusz kórház jail ideje 360 másodpercre nõtt (+180mp)
[18:32:33] Edie_Morra fejen lõtte õt: Rock_P_DImitriev
[18:32:34] Jin_Sorrentino fejen lõtte õt: Edie_Morra
[18:32:34] Jin_Sorrentino megölte Edie_Morra-t ezzel: M4 - Pénz: 0Ft - Pos: 1380, -1056, 27
[18:32:34] Jin_Sorrentino plusz kórház jail ideje 420 másodpercre nõtt (+180mp)
[18:33:19] Jin_Sorrentino fejen lõtte õt: Daniel_Sedin
[18:33:19] Jin_Sorrentino megölte Daniel_Sedin-t ezzel: M4 - Pénz: 0Ft - Pos: 1364, -1038, 26
[18:33:19] Jin_Sorrentino plusz kórház jail ideje 600 másodpercre nõtt (+180mp)
[18:33:20] Jin_Sorrentino fejen lõtte õt: Henrik_Sedin
[18:33:20] Jin_Sorrentino megölte Henrik_Sedin-t ezzel: M4 - Pénz: 0Ft - Pos: 1364, -1039, 26
[18:33:20] Jin_Sorrentino plusz kórház jail ideje 780 másodpercre nõtt (+180mp)
[18:33:21] Jin_Sorrentino fejen lõtte õt: Henrik_Sedin
[18:35:33] Jin_Sorrentino plusz kórház jail ideje 900 másodpercre nõtt (+120mp)
[18:35:33] Jin_Sorrentino lábon lõtte õt: Krisztofer_Vincenzo
[18:35:34] Kevin_S_Tomasso plusz kórház jail ideje 660 másodpercre nõtt (+120mp)
[18:35:34] Kevin_S_Tomasso lábon lõtte õt: Krisztofer_Vincenzo
[18:39:18] Jin_Sorrentino plusz kórház jail ideje 1020 másodpercre nõtt (+120mp)
[18:39:18] Jin_Sorrentino lábon lõtte õt: Antonn_Fedorov
[18:39:55] Edie_Morra fejen lõtte õt: Mate_Richard
[18:39:55] Edie_Morra megölte Mate_Richard-t ezzel: M4 - Pénz: 2085636Ft - Pos: 1352, -1061, 26
[18:39:55] Edie_Morra plusz kórház jail ideje 180 másodpercre nõtt (+180mp)
[18:39:55] Edie_Morra fejen lõtte õt: Kiraly_Viktor
[18:39:55] Edie_Morra megölte Kiraly_Viktor-t ezzel: M4 - Pénz: 72547Ft - Pos: 1351, -1064, 27
[18:39:55] Edie_Morra plusz kórház jail ideje 360 másodpercre nõtt (+180mp)
[18:51:27] Simon_Derossi meghalt (NPC_Buszsofor_LS), oka: Autó | Lehet, hogy Danno_Derossi ölte meg, mert a közelben volt - Pénz: 13074Ft 
[19:00:12] Daniel_Sedin plusz kórház jail ideje 120 másodpercre nõtt (+120mp)
[19:00:12] Daniel_Sedin lábon lõtte õt: Sidney_Tribiani
[19:10:22] Dave_R_Vincenzo sniperrel meglõtte õt: Henrik_Sedin
[19:12:11] Dave_R_Vincenzo fejen lõtte õt: Henrik_Sedin
[19:12:11] Dave_R_Vincenzo megölte Henrik_Sedin-t ezzel: MP5 - Pénz: 100000Ft - Pos: -1126, -1345, 128
[19:12:11] Dave_R_Vincenzo plusz kórház jail ideje 180 másodpercre nõtt (+180mp)
[19:12:37] Antonn_Fedorov megölte Daniel_Sedin-t ezzel: Kés - Pénz: 0Ft - Pos: -1106, -1341, 128
[19:12:37] Antonn_Fedorov plusz kórház jail ideje 180 másodpercre nõtt (+180mp)
[19:15:58] Kevin_S_Tomasso fejen lõtte õt: James_Creed
[19:15:58] Kevin_S_Tomasso megölte James_Creed-t ezzel: M4 - Pénz: 7651Ft - Pos: -902, -1316, 118
[19:15:58] Kevin_S_Tomasso plusz kórház jail ideje 180 másodpercre nõtt (+180mp)
[19:16:23] Kevin_S_Tomasso fejen lõtte õt: Sidney_Tribiani
[19:16:23] Kevin_S_Tomasso megölte Sidney_Tribiani-t ezzel: M4 - Pénz: 100000Ft - Pos: -942, -1389, 128
[19:16:23] Kevin_S_Tomasso plusz kórház jail ideje 360 másodpercre nõtt (+180mp)
[19:17:09] Patrick_Zecchin plusz kórház jail ideje 120 másodpercre nõtt (+120mp)
[19:17:09] Patrick_Zecchin lábon lõtte õt: Antonn_Fedorov
[19:20:27] Dave_R_Vincenzo sniperrel meglõtte õt: Kevin_S_Tomasso
[19:21:00] Patrick_Zecchin plusz kórház jail ideje 240 másodpercre nõtt (+120mp)
[19:21:00] Patrick_Zecchin lábon lõtte õt: Dave_R_Vincenzo
[19:21:21] Tom_Zecchin plusz kórház jail ideje 360 másodpercre nõtt (+120mp)
[19:21:21] Tom_Zecchin lábon lõtte õt: John_Salivan
[19:21:22] Tom_Zecchin plusz kórház jail ideje 480 másodpercre nõtt (+120mp)
[19:21:22] Tom_Zecchin lábon lõtte õt: John_Salivan
[19:21:25] Thomas_Berzerk meghalt (-), oka: Leesett - Pénz: 74021Ft - Pos: -1826, 148, 15
[19:21:57] Tom_Zecchin plusz kórház jail ideje 600 másodpercre nõtt (+120mp)
[19:21:57] Tom_Zecchin lábon lõtte õt: Patrick_Zecchin
[19:22:05] Tom_Zecchin plusz kórház jail ideje 720 másodpercre nõtt (+120mp)
[19:22:05] Tom_Zecchin lábon lõtte õt: Max_Navarro
[19:22:06] Tom_Zecchin plusz kórház jail ideje 840 másodpercre nõtt (+120mp)
[19:22:06] Tom_Zecchin lábon lõtte õt: Max_Navarro
[19:22:20] Tom_Zecchin plusz kórház jail ideje 960 másodpercre nõtt (+120mp)
[19:22:20] Tom_Zecchin lábon lõtte õt: Nick_R_Wilson
[19:22:38] Tom_Zecchin plusz kórház jail ideje 1080 másodpercre nõtt (+120mp)
[19:22:38] Tom_Zecchin lábon lõtte õt: Henrik_T_Scaletta
[19:23:58] Tom_Zecchin plusz kórház jail ideje 1200 másodpercre nõtt (+120mp)
[19:23:58] Tom_Zecchin lábon lõtte õt: Joe_Gates
[19:25:10] Tom_Zecchin fejen lõtte õt: Pablo_S_Carcassone
[19:25:10] Tom_Zecchin megölte Pablo_S_Carcassone-t ezzel: M4 - Pénz: 26000Ft - Pos: -984, -1381, 130
[19:25:10] Tom_Zecchin plusz kórház jail ideje 1380 másodpercre nõtt (+180mp)
[19:26:59] Tom_Zecchin plusz kórház jail ideje 1500 másodpercre nõtt (+120mp)
[19:26:59] Tom_Zecchin lábon lõtte õt: Jin_Sorrentino
[19:27:00] Tom_Zecchin plusz kórház jail ideje 1620 másodpercre nõtt (+120mp)
[19:27:00] Tom_Zecchin lábon lõtte õt: Jin_Sorrentino
[19:27:36] Tom_Zecchin sniperrel meglõtte õt: Daniel_Scaletta
[19:32:27] Tom_Torres plusz kórház jail ideje 240 másodpercre nõtt (+120mp)
[19:32:27] Tom_Torres lábon lõtte õt: Thomas_Berzerk
[19:32:35] Ryan_Lennox sniperrel meglõtte õt: Tom_Torres
[19:33:06] Dave_R_Vincenzo plusz kórház jail ideje 300 másodpercre nõtt (+120mp)
[19:33:06] Dave_R_Vincenzo lábon lõtte õt: Krist_Roscoe
[19:33:26] Dave_R_Vincenzo fejen lõtte õt: Ryan_Lennox
[19:33:26] Dave_R_Vincenzo megölte Ryan_Lennox-t ezzel: Sniper - Pénz: 0Ft - Pos: -1862, 9, 44
[19:33:26] Dave_R_Vincenzo plusz kórház jail ideje 480 másodpercre nõtt (+180mp)
[19:33:27] Edie_Morra sniperrel meglõtte õt: Dave_R_Vincenzo
[19:38:54] Dave_R_Vincenzo plusz kórház jail ideje 600 másodpercre nõtt (+120mp)
[19:38:54] Dave_R_Vincenzo lábon lõtte õt: Krist_Roscoe
[19:38:54] Dave_R_Vincenzo plusz kórház jail ideje 720 másodpercre nõtt (+120mp)
[19:38:54] Dave_R_Vincenzo lábon lõtte õt: Krist_Roscoe
[19:41:12] Dave_R_Vincenzo sniperrel meglõtte õt: Joe_Gates
[19:41:13] Dave_R_Vincenzo fejen lõtte õt: Tom_Camorra
[19:41:14] Dave_R_Vincenzo megölte Tom_Camorra-t ezzel: Sniper - Pénz: 0Ft - Pos: -1909, -150, 38
[19:41:14] Dave_R_Vincenzo plusz kórház jail ideje 900 másodpercre nõtt (+180mp)
[19:42:45] Tom_Zecchin plusz kórház jail ideje 1740 másodpercre nõtt (+120mp)
[19:42:45] Tom_Zecchin lábon lõtte õt: Krist_Roscoe
[19:43:02] Dave_R_Vincenzo sniperrel meglõtte õt: Edie_Morra
[19:44:07] Tom_Zecchin fejen lõtte õt: Jin_Sorrentino
[19:44:07] Tom_Zecchin megölte Jin_Sorrentino-t ezzel: M4 - Pénz: 11151Ft - Pos: -1797, -45, 13
[19:44:07] Tom_Zecchin plusz kórház jail ideje 1920 másodpercre nõtt (+180mp)
[19:44:12] Milinte_Brasco plusz kórház jail ideje 120 másodpercre nõtt (+120mp)
[19:44:12] Milinte_Brasco lábon lõtte õt: Max_Navarro
[19:44:12] Milinte_Brasco plusz kórház jail ideje 240 másodpercre nõtt (+120mp)
[19:44:12] Milinte_Brasco lábon lõtte õt: Max_Navarro
[19:45:54] Tom_Zecchin sniperrel meglõtte õt: Joe_Gates
[19:46:04] Tom_Zecchin sniperrel meglõtte õt: Thomas_Berzerk
[19:46:17] Tom_Zecchin sniperrel meglõtte õt: Joe_Gates
[19:49:19] Tom_Zecchin fejen lõtte õt: Harold_G_Freeman
[19:49:19] Tom_Zecchin megölte Harold_G_Freeman-t ezzel: M4 - Pénz: 485Ft - Pos: -1927, -202, 37
[19:49:19] Tom_Zecchin plusz kórház jail ideje 2100 másodpercre nõtt (+180mp)
[19:49:59] Dave_R_Vincenzo sniperrel meglõtte õt: Ryan_Lennox
[19:50:58] Tom_Zecchin fejen lõtte õt: Dave_R_Vincenzo
[19:50:58] Tom_Zecchin megölte Dave_R_Vincenzo-t ezzel: M4 - Pénz: 0Ft - Pos: -1842, -179, 9
[19:50:58] Tom_Zecchin plusz kórház jail ideje 2280 másodpercre nõtt (+180mp)
[19:53:52] Henrik_T_Scaletta sniperrel meglõtte õt: Milinte_Brasco
[19:54:05] Damien_Creed plusz kórház jail ideje 480 másodpercre nõtt (+120mp)
[19:54:05] Damien_Creed lábon lõtte õt: Henrik_T_Scaletta
[19:54:05] Damien_Creed plusz kórház jail ideje 600 másodpercre nõtt (+120mp)
[19:54:05] Damien_Creed lábon lõtte õt: Henrik_T_Scaletta
[19:56:35] Damien_Creed fejen lõtte õt: Patrick_Zecchin
[19:56:35] Damien_Creed megölte Patrick_Zecchin-t ezzel: MP5 - Pénz: 0Ft - Pos: -1894, -302, 38
[19:56:35] Damien_Creed plusz kórház jail ideje 780 másodpercre nõtt (+180mp)
[19:57:35] Damien_Creed sniperrel meglõtte õt: Joker_Creed
[19:57:37] Damien_Creed sniperrel meglõtte õt: Akos_White
[19:59:38] Tom_Torres sniperrel meglõtte õt: Ryan_Lennox
[19:59:48] Damien_Creed fejen lõtte õt: Krist_Roscoe
[19:59:48] Damien_Creed megölte Krist_Roscoe-t ezzel: MP5 - Pénz: 0Ft - Pos: -1913, -149, 38
[19:59:48] Damien_Creed plusz kórház jail ideje 960 másodpercre nõtt (+180mp)
[20:02:59] John_Salivan fejen lõtte õt: Antonn_Fedorov
[20:02:59] John_Salivan megölte Antonn_Fedorov-t ezzel: M4 - Pénz: 0Ft - Pos: 1648, -2131, 13
[20:02:59] John_Salivan plusz kórház jail ideje 180 másodpercre nõtt (+180mp)
[20:08:10] Tom_Zecchin sniperrel meglõtte õt: Kevin_S_Tomasso
[20:08:18] Damien_Creed plusz kórház jail ideje 1080 másodpercre nõtt (+120mp)
[20:08:18] Damien_Creed lábon lõtte õt: John_Salivan
[20:08:18] Damien_Creed plusz kórház jail ideje 1200 másodpercre nõtt (+120mp)
[20:08:18] Damien_Creed lábon lõtte õt: John_Salivan
[20:09:00] Patrick_Zecchin plusz kórház jail ideje 120 másodpercre nõtt (+120mp)
[20:09:00] Patrick_Zecchin lábon lõtte õt: Damien_Creed
[20:09:32] James_Creed plusz kórház jail ideje 120 másodpercre nõtt (+120mp)
[20:09:32] James_Creed lábon lõtte õt: Nelson_Washington
[20:09:34] Krisztofer_Vincenzo plusz kórház jail ideje 120 másodpercre nõtt (+120mp)
[20:09:34] Krisztofer_Vincenzo lábon lõtte õt: Nelson_Washington
[20:09:36] James_Creed fejen lõtte õt: Valor_Colin
[20:09:36] James_Creed megölte Valor_Colin-t ezzel: M4 - Pénz: 400Ft - Pos: 1818, -2076, 13
[20:09:36] James_Creed plusz kórház jail ideje 300 másodpercre nõtt (+180mp)
[20:09:44] Tom_Zecchin fejen lõtte õt: Patrick_Zecchin
[20:09:44] Tom_Zecchin megölte Patrick_Zecchin-t ezzel: M4 - Pénz: 0Ft - Pos: 1737, -2065, 17
[20:09:44] Tom_Zecchin plusz kórház jail ideje 2460 másodpercre nõtt (+180mp)
[20:11:43] James_Creed fejen lõtte õt: Rock_P_DImitriev
[20:11:43] James_Creed megölte Rock_P_DImitriev-t ezzel: M4 - Pénz: 0Ft - Pos: 1707, -2025, 28
[20:11:43] James_Creed plusz kórház jail ideje 480 másodpercre nõtt (+180mp)
[20:13:34] Henrik_T_Scaletta sniperrel meglõtte õt: Krisztofer_Vincenzo
[20:16:45] Ralf_S_Tomasso fejen lõtte õt: Dave_R_Vincenzo
[20:16:45] Ralf_S_Tomasso megölte Dave_R_Vincenzo-t ezzel: M4 - Pénz: 0Ft - Pos: 1447, 1592, 15
[20:16:45] Ralf_S_Tomasso plusz kórház jail ideje 1020 másodpercre nõtt (+180mp)
[20:16:48] Leone_S_Tomasso fejen lõtte õt: Tom_Torres
[20:16:48] Leone_S_Tomasso megölte Tom_Torres-t ezzel: M4 - Pénz: 0Ft - Pos: 1445, 1562, 15
[20:16:48] Leone_S_Tomasso plusz kórház jail ideje 180 másodpercre nõtt (+180mp)
[20:16:52] Tom_Zecchin fejen lõtte õt: Ralf_S_Tomasso
[20:17:25] Carlos_D_Surenos fejen lõtte õt: Leone_S_Tomasso
[20:17:26] Carlos_D_Surenos megölte Leone_S_Tomasso-t ezzel: Combat - Pénz: 0Ft - Pos: 1449, 1555, 16
[20:17:26] Carlos_D_Surenos plusz kórház jail ideje 420 másodpercre nõtt (+180mp)
[20:17:29] Carlos_D_Surenos plusz kórház jail ideje 540 másodpercre nõtt (+120mp)
[20:17:29] Carlos_D_Surenos lábon lõtte õt: Max_Navarro
[20:17:29] Damien_Creed fejen lõtte õt: Kevin_S_Tomasso
[20:17:30] Damien_Creed megölte Kevin_S_Tomasso-t ezzel: MP5 - Pénz: 100000Ft - Pos: 1453, 1556, 15
[20:17:30] Damien_Creed plusz kórház jail ideje 1380 másodpercre nõtt (+180mp)
[20:17:32] Tom_Zecchin plusz kórház jail ideje 2580 másodpercre nõtt (+120mp)
[20:17:32] Tom_Zecchin lábon lõtte õt: Joe_Gates
[20:17:34] Tom_Zecchin fejen lõtte õt: Jin_Sorrentino
[20:17:34] Tom_Zecchin megölte Jin_Sorrentino-t ezzel: M4 - Pénz: 0Ft - Pos: 1443, 1555, 15
[20:17:34] Tom_Zecchin plusz kórház jail ideje 2760 másodpercre nõtt (+180mp)
[20:17:34] Tom_Zecchin fejen lõtte õt: Jin_Sorrentino
[20:17:38] Damien_Creed fejen lõtte õt: Don_Sorrentino
[20:17:38] Damien_Creed megölte Don_Sorrentino-t ezzel: MP5 - Pénz: 11151Ft - Pos: 1441, 1562, 13
[20:17:38] Damien_Creed plusz kórház jail ideje 1560 másodpercre nõtt (+180mp)
[20:17:42] Henrik_T_Scaletta fejen lõtte õt: Carlos_D_Surenos
[20:17:43] Henrik_T_Scaletta megölte Carlos_D_Surenos-t ezzel: M4 - Pénz: 0Ft - Pos: 1453, 1579, 15
[20:17:43] Henrik_T_Scaletta plusz kórház jail ideje 180 másodpercre nõtt (+180mp)
[20:19:08] Tom_Zecchin plusz kórház jail ideje 2880 másodpercre nõtt (+120mp)
[20:19:08] Tom_Zecchin lábon lõtte õt: Elwood_JR_Sorrentino
[20:19:21] Tom_Zecchin fejen lõtte õt: Cristofer_Francesko
[20:19:21] Tom_Zecchin megölte Cristofer_Francesko-t ezzel: M4 - Pénz: 11675Ft - Pos: 1443, 1558, 13
[20:19:21] Tom_Zecchin plusz kórház jail ideje 3060 másodpercre nõtt (+180mp)
[20:19:21] Tom_Zecchin fejen lõtte õt: Cristofer_Francesko
[20:19:40] Damien_Creed fejen lõtte õt: Henrik_T_Scaletta
[20:19:40] Damien_Creed megölte Henrik_T_Scaletta-t ezzel: MP5 - Pénz: 0Ft - Pos: 1455, 1571, 15
[20:19:40] Damien_Creed plusz kórház jail ideje 1740 másodpercre nõtt (+180mp)
[20:22:58] James_Creed fejen lõtte õt: Horvath_Adrian
[20:22:58] James_Creed megölte Horvath_Adrian-t ezzel: M4 - Pénz: 0Ft - Pos: 1421, 1601, 10
[20:22:58] James_Creed plusz kórház jail ideje 660 másodpercre nõtt (+180mp)
[20:24:10] James_Creed fejen lõtte õt: Nick_R_Wilson
[20:24:10] James_Creed megölte Nick_R_Wilson-t ezzel: M4 - Pénz: 0Ft - Pos: 1455, 1572, 10
[20:24:10] James_Creed plusz kórház jail ideje 840 másodpercre nõtt (+180mp)
[20:25:26] James_Creed fejen lõtte õt: Nelson_Washington
[20:25:26] James_Creed fejen lõtte õt: Nelson_Washington
[20:25:26] James_Creed megölte Nelson_Washington-t ezzel: M4 - Pénz: 10042Ft - Pos: 1739, -2010, 28
[20:25:26] James_Creed plusz kórház jail ideje 1020 másodpercre nõtt (+180mp)
[20:34:16] Edie_Morra meghalt (-), oka: Leesett - Pénz: 0Ft - Pos: 314, 1037, 1944
[20:38:21] Tom_Torres plusz kórház jail ideje 120 másodpercre nõtt (+120mp)
[20:38:21] Tom_Torres lábon lõtte õt: Matt_Creed
[20:38:58] Edie_Morra plusz kórház jail ideje 120 másodpercre nõtt (+120mp)
[20:38:58] Edie_Morra lábon lõtte õt: Antonn_Fedorov
[20:39:11] James_Creed sniperrel meglõtte õt: Edie_Morra
[20:39:44] Krist_Roscoe plusz kórház jail ideje 120 másodpercre nõtt (+120mp)
[20:39:44] Krist_Roscoe lábon lõtte õt: Damien_Creed
[20:40:09] Krist_Roscoe plusz kórház jail ideje 240 másodpercre nõtt (+120mp)
[20:40:09] Krist_Roscoe lábon lõtte õt: Emanuel_Garcia
[20:40:09] Krist_Roscoe megölte Emanuel_Garcia-t ezzel: M4 - Pénz: 0Ft - Pos: 1831, -2100, 13
[20:40:09] Krist_Roscoe plusz kórház jail ideje 420 másodpercre nõtt (+180mp)
[20:40:09] James_Creed sniperrel meglõtte õt: Don_Sorrentino
[20:40:30] Thomas_Berzerk megölte Damien_Creed-t ezzel: M4 - Pénz: 400Ft - Pos: 1823, -2100, 13
[20:40:30] Thomas_Berzerk plusz kórház jail ideje 180 másodpercre nõtt (+180mp)
[20:40:54] James_Creed sniperrel meglõtte õt: Krist_Roscoe
[20:44:37] James_Creed plusz kórház jail ideje 1140 másodpercre nõtt (+120mp)
[20:44:37] James_Creed lábon lõtte õt: Don_Sorrentino
[20:45:24] Santos_O_Neill plusz kórház jail ideje 120 másodpercre nõtt (+120mp)
[20:45:24] Santos_O_Neill lábon lõtte õt: Thomas_Berzerk
[20:45:25] Santos_O_Neill plusz kórház jail ideje 240 másodpercre nõtt (+120mp)
[20:45:25] Santos_O_Neill lábon lõtte õt: Thomas_Berzerk
[20:46:53] Daniel_Scaletta fejen lõtte õt: Joker_Creed
[20:46:53] Daniel_Scaletta megölte Joker_Creed-t ezzel: M4 - Pénz: 0Ft - Pos: -1817, 167, 14
[20:46:53] Daniel_Scaletta plusz kórház jail ideje 180 másodpercre nõtt (+180mp)
[20:59:12] Thomas_Berzerk sniperrel meglõtte õt: Krist_Roscoe
[21:00:31] Thomas_Berzerk plusz kórház jail ideje 300 másodpercre nõtt (+120mp)
[21:00:31] Thomas_Berzerk lábon lõtte õt: Pablo_Scaletta
[21:00:31] Thomas_Berzerk plusz kórház jail ideje 420 másodpercre nõtt (+120mp)
[21:00:31] Thomas_Berzerk lábon lõtte õt: Pablo_Scaletta
[21:00:38] James_Creed plusz kórház jail ideje 1260 másodpercre nõtt (+120mp)
[21:00:38] James_Creed lábon lõtte õt: Edie_Morra
[21:00:40] James_Creed fejen lõtte õt: Edie_Morra
[21:00:40] James_Creed megölte Edie_Morra-t ezzel: M4 - Pénz: 0Ft - Pos: 1448, 1573, 15
[21:00:40] James_Creed plusz kórház jail ideje 1440 másodpercre nõtt (+180mp)
[21:00:40] James_Creed fejen lõtte õt: Edie_Morra
[21:00:42] Tom_Torres plusz kórház jail ideje 240 másodpercre nõtt (+120mp)
[21:00:42] Tom_Torres lábon lõtte õt: Thomas_Berzerk
[21:00:44] Tom_Torres plusz kórház jail ideje 360 másodpercre nõtt (+120mp)
[21:00:44] Tom_Torres lábon lõtte õt: Patrick_Zecchin
[21:03:29] Tom_Zecchin fejen lõtte õt: Steve_J_Sorrentino
[21:03:29] Tom_Zecchin megölte Steve_J_Sorrentino-t ezzel: M4 - Pénz: 0Ft - Pos: 1430, 1610, 10
[21:03:29] Tom_Zecchin plusz kórház jail ideje 3240 másodpercre nõtt (+180mp)
[21:04:10] Joker_Creed megölte Mate_Richard-t ezzel: Ököl - Pénz: 30436Ft - Pos: 2046, -2068, 13
[21:04:10] Joker_Creed plusz kórház jail ideje 180 másodpercre nõtt (+180mp)
[21:04:16] Tom_Zecchin fejen lõtte õt: Santos_O_Neill
[21:04:16] Tom_Zecchin megölte Santos_O_Neill-t ezzel: M4 - Pénz: 0Ft - Pos: 1443, 1569, 10
[21:04:16] Tom_Zecchin plusz kórház jail ideje 3420 másodpercre nõtt (+180mp)
[21:04:51] Carlos_D_Surenos plusz kórház jail ideje 120 másodpercre nõtt (+120mp)
[21:04:51] Carlos_D_Surenos lábon lõtte õt: Jin_Sorrentino
[21:05:05] Tom_Zecchin fejen lõtte õt: Jin_Sorrentino
[21:05:05] Tom_Zecchin megölte Jin_Sorrentino-t ezzel: M4 - Pénz: 72000Ft - Pos: 1456, 1585, 10
[21:05:05] Tom_Zecchin plusz kórház jail ideje 3600 másodpercre nõtt (+180mp)
[21:05:05] Tom_Zecchin fejen lõtte õt: Jin_Sorrentino
[21:13:55] Ryder_T_Zecchin lábon lõtte õt: Tom_Torres
[21:16:40] Tom_Zecchin fejen lõtte õt: Kevin_L_Saltzman
[21:16:40] Tom_Zecchin megölte Kevin_L_Saltzman-t ezzel: M4 - Pénz: 107Ft - Pos: 1423, 1569, 10
[21:16:40] Tom_Zecchin plusz kórház jail ideje 3780 másodpercre nõtt (+180mp)
[21:18:00] Lucio_Zecchin plusz kórház jail ideje 2160 másodpercre nõtt (+120mp)
[21:18:00] Lucio_Zecchin lábon lõtte õt: Shura_Sharma
[21:18:00] Lucio_Zecchin plusz kórház jail ideje 2280 másodpercre nõtt (+120mp)
[21:18:00] Lucio_Zecchin lábon lõtte õt: Shura_Sharma
[21:18:03] Lucio_Zecchin fejen lõtte õt: Zero_Hopkins
[21:18:03] Lucio_Zecchin megölte Zero_Hopkins-t ezzel: M4 - Pénz: 0Ft - Pos: 1422, 1611, 10
[21:18:03] Lucio_Zecchin plusz kórház jail ideje 2460 másodpercre nõtt (+180mp)
[21:18:49] Lucio_Zecchin fejen lõtte õt: John_Salivan
[21:18:49] Lucio_Zecchin megölte John_Salivan-t ezzel: M4 - Pénz: 10042Ft - Pos: 1425, 1569, 10
[21:18:49] Lucio_Zecchin plusz kórház jail ideje 2640 másodpercre nõtt (+180mp)
[21:18:49] Lucio_Zecchin fejen lõtte õt: John_Salivan
[21:18:51] Lucio_Zecchin fejen lõtte õt: Rock_P_DImitriev
[21:18:51] Lucio_Zecchin megölte Rock_P_DImitriev-t ezzel: M4 - Pénz: 0Ft - Pos: 1424, 1568, 10
[21:18:51] Lucio_Zecchin plusz kórház jail ideje 2820 másodpercre nõtt (+180mp)
[21:18:51] Lucio_Zecchin fejen lõtte õt: Rock_P_DImitriev
[21:22:35] Elwood_JR_Sorrentino meghalt (-), oka: Leesett - Pénz: 0Ft - Pos: -149, -967, 28
[21:31:32] Leone_S_Tomasso plusz kórház jail ideje 120 másodpercre nõtt (+120mp)
[21:31:32] Leone_S_Tomasso lábon lõtte õt: Mester_Csaba
[21:31:32] Leone_S_Tomasso plusz kórház jail ideje 240 másodpercre nõtt (+120mp)
[21:31:32] Leone_S_Tomasso lábon lõtte õt: Mester_Csaba
[21:36:17] Damien_Creed megölte Shura_Sharma-t ezzel: Ököl - Pénz: 0Ft - Pos: 1450, 1592, 10
[21:36:17] Damien_Creed plusz kórház jail ideje 180 másodpercre nõtt (+180mp)
[21:55:33] Daniel_Scaletta fejen lõtte õt: Nelson_Washington
[21:55:34] Daniel_Scaletta megölte Nelson_Washington-t ezzel: SilencedColt45 - Pénz: 0Ft - Pos: 293, 191, 1007
[21:55:34] Daniel_Scaletta plusz kórház jail ideje 360 másodpercre nõtt (+180mp)
[21:57:03] Emanuel_Garcia megölte Dukai_Roland-t ezzel: Ököl - Pénz: 5000Ft - Pos: 820, -2046, 12
[21:57:03] Emanuel_Garcia plusz kórház jail ideje 180 másodpercre nõtt (+180mp)
[21:59:29] Tom_Zecchin lábon lõtte õt: Markus_D_Zecchin
[22:01:01] Dave_R_Vincenzo lábon lõtte õt: Martin_B_Zecchin
[22:01:02] Damien_Creed sniperrel meglõtte õt: Steve_Aoki
[22:01:14] James_Creed fejen lõtte õt: Sergei_B_Dueno
[22:01:19] Carlos_D_Surenos fejen lõtte õt: Johan_B_Black
[22:01:22] George_B_Hollywood fejen lõtte õt: James_Creed
[22:01:23] Tom_Zecchin lábon lõtte õt: George_B_Hollywood
[22:01:31] Tom_Zecchin lábon lõtte õt: Max_D_Freeman
[22:01:34] Chris_S_Black lábon lõtte õt: Tom_Zecchin
[22:01:37] Chris_S_Black fejen lõtte õt: Carlos_D_Surenos
[22:01:40] Dave_R_Vincenzo lábon lõtte õt: Chris_S_Black
[22:02:56] Valor_Colin fejen lõtte õt: Zero_Hopkins
[22:02:56] Valor_Colin megölte Zero_Hopkins-t ezzel: Deagle - Pénz: 0Ft - Pos: 1942, -2439, 13
[22:02:56] Valor_Colin plusz kórház jail ideje 180 másodpercre nõtt (+180mp)
[22:04:09] Tyler_Wish plusz kórház jail ideje 120 másodpercre nõtt (+120mp)
[22:04:09] Tyler_Wish lábon lõtte õt: Norbert_N_Ortega
[22:05:24] William_Washington meghalt (NPC_Buszsofor_LS), oka: Autó | Lehet, hogy Carlos_D_Surenos ölte meg, mert a közelben volt - Pénz: 
[22:14:02] Krisztofer_Vincenzo fejen lõtte õt: Chris_S_Black
[22:14:02] Krisztofer_Vincenzo megölte Chris_S_Black-t ezzel: MP5 - Pénz: 0Ft - Pos: -7, -775, 9
[22:14:02] Krisztofer_Vincenzo plusz kórház jail ideje 300 másodpercre nõtt (+180mp)
[22:14:02] Krisztofer_Vincenzo fejen lõtte õt: Chris_S_Black
[22:14:05] Krisztofer_Vincenzo fejen lõtte õt: Johan_B_Black
[22:14:05] Krisztofer_Vincenzo megölte Johan_B_Black-t ezzel: MP5 - Pénz: 0Ft - Pos: -7, -774, 9
[22:14:05] Krisztofer_Vincenzo plusz kórház jail ideje 480 másodpercre nõtt (+180mp)
[22:15:50] Emanuel_Garcia megölte Christopher_H_Gates-t ezzel: Ököl - Pénz: 164300Ft - Pos: 911, -1452, 13
[22:15:50] Emanuel_Garcia plusz kórház jail ideje 360 másodpercre nõtt (+180mp)
[22:23:26] Damien_Creed plusz kórház jail ideje 300 másodpercre nõtt (+120mp)
[22:23:26] Damien_Creed lábon lõtte õt: Norbert_N_Ortega
[22:26:36] Matt_Creed fejen lõtte õt: Santos_O_Neill
[22:26:40] Matt_Creed fejen lõtte õt: Santos_O_Neill
[22:26:40] Matt_Creed fejen lõtte õt: Santos_O_Neill
[22:29:29] Krisztofer_Vincenzo fejen lõtte õt: Mark_Bishop
[22:29:29] Krisztofer_Vincenzo megölte Mark_Bishop-t ezzel: MP5 - Pénz: 10000Ft - Pos: -2023, 279, 33
[22:29:29] Krisztofer_Vincenzo plusz kórház jail ideje 660 másodpercre nõtt (+180mp)
[22:31:43] Tyler_Wish plusz kórház jail ideje 240 másodpercre nõtt (+120mp)
[22:31:43] Tyler_Wish lábon lõtte õt: Dominic_Vincenzo
[22:31:43] James_D_Freeman plusz kórház jail ideje 120 másodpercre nõtt (+120mp)
[22:31:43] James_D_Freeman lábon lõtte õt: Dominic_Vincenzo
[22:31:44] Steve_Connor fejen lõtte õt: Valor_Colin
[22:31:44] Tyler_Wish plusz kórház jail ideje 360 másodpercre nõtt (+120mp)
[22:31:44] Tyler_Wish lábon lõtte õt: Dominic_Vincenzo
[22:31:44] Steve_Connor megölte Valor_Colin-t ezzel: Colt45 - Pénz: 1800Ft - Pos: 2720, -1102, 69
[22:31:44] Steve_Connor plusz kórház jail ideje 179 másodpercre nõtt (+180mp)
[22:31:44] Tyler_Wish plusz kórház jail ideje 480 másodpercre nõtt (+120mp)
[22:31:44] Tyler_Wish lábon lõtte õt: Dominic_Vincenzo
[22:31:45] Damien_Creed plusz kórház jail ideje 420 másodpercre nõtt (+120mp)
[22:31:45] Damien_Creed lábon lõtte õt: James_D_Freeman
[22:31:46] Damien_Creed plusz kórház jail ideje 540 másodpercre nõtt (+120mp)
[22:31:46] Damien_Creed lábon lõtte õt: Tyler_Wish
[22:31:47] Damien_Creed plusz kórház jail ideje 660 másodpercre nõtt (+120mp)
[22:31:47] Damien_Creed lábon lõtte õt: Tyler_Wish
[22:32:41] Victor_Jr_Zecchin fejen lõtte õt: Tyler_Wish
[22:32:41] Victor_Jr_Zecchin megölte Tyler_Wish-t ezzel: MP5 - Pénz: 0Ft - Pos: -1994, 326, 35
[22:32:41] Victor_Jr_Zecchin plusz kórház jail ideje 180 másodpercre nõtt (+180mp)
[22:32:42] Damien_Creed fejen lõtte õt: Victor_Jr_Zecchin
[22:32:42] Damien_Creed megölte Victor_Jr_Zecchin-t ezzel: MP5 - Pénz: 0Ft - Pos: -1990, 335, 35
[22:32:42] Damien_Creed plusz kórház jail ideje 840 másodpercre nõtt (+180mp)
[22:39:04] Akos_B_Gates meghalt (NPC_Buszsofor_LS_SF2), oka: Autó | Lehet, hogy John_Kelin ölte meg, mert a közelben volt - Pénz: 1875002F
[22:45:48] Krisztofer_Vincenzo fejen lõtte õt: Nelson_Washington
[22:45:48] Krisztofer_Vincenzo megölte Nelson_Washington-t ezzel: MP5 - Pénz: 1800Ft - Pos: 1436, -1035, 23
[22:45:48] Krisztofer_Vincenzo plusz kórház jail ideje 840 másodpercre nõtt (+180mp)
[22:47:04] Henrik_T_Scaletta fejen lõtte õt: Krisztofer_Vincenzo
[22:47:04] Henrik_T_Scaletta megölte Krisztofer_Vincenzo-t ezzel: M4 - Pénz: 0Ft - Pos: 1333, -1006, 33
[22:47:04] Henrik_T_Scaletta plusz kórház jail ideje 180 másodpercre nõtt (+180mp)
[22:47:26] Santos_O_Neill sniperrel meglõtte õt: Krist_Roscoe
[22:47:36] Damien_Creed fejen lõtte õt: Robert_Scaletta
[22:47:36] Damien_Creed megölte Robert_Scaletta-t ezzel: MP5 - Pénz: 1800Ft - Pos: 1909, -2436, 13
[22:47:36] Damien_Creed plusz kórház jail ideje 1020 másodpercre nõtt (+180mp)
[22:47:49] Daniel_Scaletta plusz kórház jail ideje 480 másodpercre nõtt (+120mp)
[22:47:49] Daniel_Scaletta lábon lõtte õt: Dominic_Vincenzo
[22:47:50] Daniel_Scaletta fejen lõtte õt: Dominic_Vincenzo
[22:47:50] Daniel_Scaletta megölte Dominic_Vincenzo-t ezzel: M4 - Pénz: 2Ft - Pos: 1417, -1131, 22
[22:47:50] Daniel_Scaletta plusz kórház jail ideje 660 másodpercre nõtt (+180mp)
[22:50:28] Jefferson_B_Black plusz kórház jail ideje 120 másodpercre nõtt (+120mp)
[22:50:28] Jefferson_B_Black lábon lõtte õt: Don_Sorrentino
[22:51:15] Daniel_Scaletta sniperrel meglõtte õt: Jefferson_B_Black
[22:56:57] Daniel_Scaletta sniperrel meglõtte õt: Ryder_T_Zecchin
[22:58:29] Damien_Creed fejen lõtte õt: Don_Sorrentino
[22:58:29] Damien_Creed megölte Don_Sorrentino-t ezzel: MP5 - Pénz: 1800Ft - Pos: 1926, -2417, 13
[22:58:29] Damien_Creed plusz kórház jail ideje 1200 másodpercre nõtt (+180mp)
[22:58:29] Damien_Creed fejen lõtte õt: Don_Sorrentino
[22:59:14] Damien_Creed fejen lõtte õt: Henrik_T_Scaletta
[22:59:14] Damien_Creed megölte Henrik_T_Scaletta-t ezzel: MP5 - Pénz: 0Ft - Pos: 1924, -2421, 13
[22:59:14] Damien_Creed plusz kórház jail ideje 1380 másodpercre nõtt (+180mp)
[22:59:20] Damien_Creed fejen lõtte õt: Zero_Hopkins
[22:59:20] Damien_Creed megölte Zero_Hopkins-t ezzel: MP5 - Pénz: 0Ft - Pos: 1918, -2425, 13
[22:59:20] Damien_Creed plusz kórház jail ideje 1560 másodpercre nõtt (+180mp)
[23:06:46] Damien_Creed fejen lõtte õt: Hanzon_Soprano
[23:06:46] Damien_Creed megölte Hanzon_Soprano-t ezzel: MP5 - Pénz: 350Ft - Pos: 1912, -2424, 13
[23:06:46] Damien_Creed plusz kórház jail ideje 1740 másodpercre nõtt (+180mp)
[23:11:45] Damien_Creed fejen lõtte õt: Valor_Colin
[23:11:45] Damien_Creed megölte Valor_Colin-t ezzel: MP5 - Pénz: 0Ft - Pos: 1912, -2430, 13
[23:11:45] Damien_Creed plusz kórház jail ideje 1920 másodpercre nõtt (+180mp)
[23:12:01] Damien_Creed fejen lõtte õt: Dr_Bartos_Krisztian
[23:12:01] Damien_Creed megölte Dr_Bartos_Krisztian-t ezzel: MP5 - Pénz: 22520Ft - Pos: 1910, -2435, 13
[23:12:01] Damien_Creed plusz kórház jail ideje 2100 másodpercre nõtt (+180mp)
[23:12:30] Elwood_JR_Sorrentino plusz kórház jail ideje 120 másodpercre nõtt (+120mp)
[23:12:30] Elwood_JR_Sorrentino lábon lõtte õt: Marcell_O_Neill
[23:12:31] Elwood_JR_Sorrentino megölte Marcell_O_Neill-t ezzel: M4 - Pénz: 0Ft - Pos: 776, -1362, 13
[23:12:31] Elwood_JR_Sorrentino plusz kórház jail ideje 300 másodpercre nõtt (+180mp)
[23:13:04] Damien_Creed plusz kórház jail ideje 2220 másodpercre nõtt (+120mp)
[23:13:04] Damien_Creed lábon lõtte õt: Sam_Witwicky
[23:13:05] Damien_Creed plusz kórház jail ideje 2340 másodpercre nõtt (+120mp)
[23:13:05] Damien_Creed lábon lõtte õt: Sam_Witwicky
[23:13:05] Damien_Creed plusz kórház jail ideje 2460 másodpercre nõtt (+120mp)
[23:13:05] Damien_Creed lábon lõtte õt: Sam_Witwicky
[23:13:20] Damien_Creed plusz kórház jail ideje 2580 másodpercre nõtt (+120mp)
[23:13:20] Damien_Creed lábon lõtte õt: Shura_Sharma
[23:13:21] Damien_Creed plusz kórház jail ideje 2700 másodpercre nõtt (+120mp)
[23:13:21] Damien_Creed lábon lõtte õt: Shura_Sharma
[23:13:22] Damien_Creed plusz kórház jail ideje 2820 másodpercre nõtt (+120mp)
[23:13:22] Damien_Creed lábon lõtte õt: Daniel_Scaletta
[23:13:23] Damien_Creed plusz kórház jail ideje 2940 másodpercre nõtt (+120mp)
[23:13:23] Damien_Creed lábon lõtte õt: Daniel_Scaletta
[23:13:23] Damien_Creed plusz kórház jail ideje 3060 másodpercre nõtt (+120mp)
[23:13:23] Damien_Creed lábon lõtte õt: Daniel_Scaletta
[23:18:45] Antonn_Fedorov fejen lõtte õt: Don_Sorrentino
[23:18:45] Antonn_Fedorov megölte Don_Sorrentino-t ezzel: MP5 - Pénz: 0Ft - Pos: 1474, -1035, 23
[23:18:45] Antonn_Fedorov plusz kórház jail ideje 180 másodpercre nõtt (+180mp)
[23:18:48] Antonn_Fedorov plusz kórház jail ideje 300 másodpercre nõtt (+120mp)
[23:18:48] Antonn_Fedorov lábon lõtte õt: Zero_Hopkins
[23:18:54] Antonn_Fedorov plusz kórház jail ideje 420 másodpercre nõtt (+120mp)
[23:18:54] Antonn_Fedorov lábon lõtte õt: Zero_Hopkins
[23:18:55] Antonn_Fedorov fejen lõtte õt: Zero_Hopkins
[23:18:55] Antonn_Fedorov megölte Zero_Hopkins-t ezzel: MP5 - Pénz: 0Ft - Pos: 1459, -1016, 25
[23:18:55] Antonn_Fedorov plusz kórház jail ideje 600 másodpercre nõtt (+180mp)
[23:18:55] Antonn_Fedorov fejen lõtte õt: Zero_Hopkins
[23:37:14] Tyler_Wish plusz kórház jail ideje 120 másodpercre nõtt (+120mp)
[23:37:14] Tyler_Wish lábon lõtte õt: Daniel_Sedin
[23:38:57] Tyler_Wish fejen lõtte õt: Daniel_Sedin
[23:38:57] Tyler_Wish megölte Daniel_Sedin-t ezzel: Colt45 - Pénz: 0Ft - Pos: -1303, 2522, 87
[23:38:57] Tyler_Wish plusz kórház jail ideje 300 másodpercre nõtt (+180mp)
[23:45:33] Sam_Witwicky plusz kórház jail ideje 240 másodpercre nõtt (+120mp)
[23:45:33] Sam_Witwicky lábon lõtte õt: Felix_Wheeler
[23:45:33] Steve_Aoki plusz kórház jail ideje 120 másodpercre nõtt (+120mp)
[23:45:33] Steve_Aoki lábon lõtte õt: David_Toretto
[23:45:36] Steve_Aoki plusz kórház jail ideje 240 másodpercre nõtt (+120mp)
[23:45:36] Steve_Aoki lábon lõtte õt: Sam_Witwicky
[23:45:37] Steve_Aoki plusz kórház jail ideje 360 másodpercre nõtt (+120mp)
[23:45:37] Steve_Aoki lábon lõtte õt: Sam_Witwicky
[23:52:27] Zero_Hopkins sniperrel meglõtte õt: Krisztofer_Vincenzo
[23:52:36] Kevin_L_Saltzman sniperrel meglõtte õt: Damien_Creed
[23:52:51] Kevin_L_Saltzman sniperrel meglõtte õt: Elwood_JR_Sorrentino
[23:53:03] Jefferson_B_Black plusz kórház jail ideje 240 másodpercre nõtt (+120mp)
[23:53:03] Jefferson_B_Black lábon lõtte õt: Kevin_L_Saltzman
[23:56:17] Antonn_Fedorov plusz kórház jail ideje 720 másodpercre nõtt (+120mp)
[23:56:17] Antonn_Fedorov lábon lõtte õt: Shura_Sharma
[23:56:18] Valor_Colin fejen lõtte õt: Antonn_Fedorov
[23:56:18] Valor_Colin megölte Antonn_Fedorov-t ezzel: AK47 - Pénz: 0Ft - Pos: -1169, -824, 65
[23:56:18] Valor_Colin plusz kórház jail ideje 180 másodpercre nõtt (+180mp)
