[00:03:49] Marcel_B_Hollywood fejen lõtte õt: Johan_B_Black
[00:03:49] Marcel_B_Hollywood megölte Johan_B_Black-t ezzel: M4 - Pénz: 0Ft - Pos: -1720, 1052, 44
[00:03:49] Marcel_B_Hollywood plusz kórház jail ideje 660 másodpercre nõtt (+180mp)
[00:22:46] George_B_Hollywood plusz kórház jail ideje 120 másodpercre nõtt (+120mp)
[00:22:46] George_B_Hollywood lábon lõtte õt: Marcel_B_Hollywood
[00:23:12] Nelson_Washington sniperrel meglõtte õt: George_B_Hollywood
[00:30:23] Marcel_B_Hollywood plusz kórház jail ideje 780 másodpercre nõtt (+120mp)
[00:30:23] Marcel_B_Hollywood lábon lõtte õt: Max_Sorrentino
[00:31:51] Marcel_B_Hollywood megölte Max_Sorrentino-t ezzel: Ököl - Pénz: 0Ft - Pos: 1537, -1689, 13
[00:31:51] Marcel_B_Hollywood plusz kórház jail ideje 960 másodpercre nõtt (+180mp)
[00:32:40] Marcel_B_Hollywood fejen lõtte õt: Dominic_Vincenzo
[00:32:40] Marcel_B_Hollywood megölte Dominic_Vincenzo-t ezzel: M4 - Pénz: 0Ft - Pos: 1539, -1695, 13
[00:32:40] Marcel_B_Hollywood plusz kórház jail ideje 1140 másodpercre nõtt (+180mp)
[00:36:03] Henrik_T_Scaletta fejen lõtte õt: Marcell_O_Neill
[00:36:03] Henrik_T_Scaletta megölte Marcell_O_Neill-t ezzel: M4 - Pénz: 36411Ft - Pos: 2886, -1393, 10
[00:36:03] Henrik_T_Scaletta plusz kórház jail ideje 180 másodpercre nõtt (+180mp)
[00:36:07] Henrik_T_Scaletta fejen lõtte õt: Ryan_Brasco
[00:36:07] Henrik_T_Scaletta megölte Ryan_Brasco-t ezzel: M4 - Pénz: 0Ft - Pos: 2871, -1409, 10
[00:36:07] Henrik_T_Scaletta plusz kórház jail ideje 360 másodpercre nõtt (+180mp)
[00:36:27] Grew_Brasco fejen lõtte õt: Krisztofer_Vincenzo
[00:36:27] Grew_Brasco megölte Krisztofer_Vincenzo-t ezzel: M4 - Pénz: 0Ft - Pos: 2867, -1411, 11
[00:36:27] Grew_Brasco plusz kórház jail ideje 180 másodpercre nõtt (+180mp)
[00:39:31] Marcel_B_Hollywood plusz kórház jail ideje 1260 másodpercre nõtt (+120mp)
[00:39:31] Marcel_B_Hollywood lábon lõtte õt: Max_Sorrentino
[00:39:39] Marcel_B_Hollywood megölte Max_Sorrentino-t ezzel: M4 - Pénz: 0Ft - Pos: 1532, -1635, 13
[00:39:39] Marcel_B_Hollywood plusz kórház jail ideje 1440 másodpercre nõtt (+180mp)
[00:41:57] Marcel_B_Hollywood megölte Johan_B_Black-t ezzel: M4 - Pénz: 0Ft - Pos: 289, 174, 1007
[00:41:57] Marcel_B_Hollywood plusz kórház jail ideje 1620 másodpercre nõtt (+180mp)
[04:07:04] Ryan_Brasco plusz kórház jail ideje 120 másodpercre nõtt (+120mp)
[04:07:04] Ryan_Brasco lábon lõtte õt: Henrik_T_Scaletta
[04:08:15] Henrik_T_Scaletta fejen lõtte õt: Amos_Toretto
[04:08:16] Henrik_T_Scaletta megölte Amos_Toretto-t ezzel: M4 - Pénz: 5216Ft - Pos: 1118, -959, 42
[04:08:16] Henrik_T_Scaletta plusz kórház jail ideje 540 másodpercre nõtt (+180mp)
[04:10:40] Henrik_T_Scaletta plusz kórház jail ideje 660 másodpercre nõtt (+120mp)
[04:10:40] Henrik_T_Scaletta lábon lõtte õt: Amos_Toretto
[04:11:17] Henrik_T_Scaletta fejen lõtte õt: Amos_Toretto
[04:11:49] Ryan_Brasco fejen lõtte õt: Amos_Toretto
[04:12:53] Ryan_Brasco fejen lõtte õt: Amos_Toretto
[04:13:04] Ryan_Brasco fejen lõtte õt: Henrik_T_Scaletta
[04:13:04] Ryan_Brasco megölte Henrik_T_Scaletta-t ezzel: M4 - Pénz: 5216Ft - Pos: 1114, -972, 42
[04:13:04] Ryan_Brasco plusz kórház jail ideje 300 másodpercre nõtt (+180mp)
[04:13:43] Ryan_Brasco fejen lõtte õt: Krisztofer_Vincenzo
[04:13:43] Ryan_Brasco megölte Krisztofer_Vincenzo-t ezzel: M4 - Pénz: 0Ft - Pos: 1111, -957, 42
[04:13:43] Ryan_Brasco plusz kórház jail ideje 480 másodpercre nõtt (+180mp)
[04:41:57] Henrik_T_Scaletta plusz kórház jail ideje 120 másodpercre nõtt (+120mp)
[04:41:57] Henrik_T_Scaletta lábon lõtte õt: Amos_Toretto
[04:58:19] James_Aciano meghalt (-), oka: Leesett - Pénz: 0Ft - Pos: -2911, -1558, 13
[08:32:14] Atsuya_D_Freeman plusz kórház jail ideje 120 másodpercre nõtt (+120mp)
[08:32:14] Atsuya_D_Freeman lábon lõtte õt: Keny_Da_Silva
[09:19:56] Ryan_B_Mike sniperrel meglõtte õt: Patrick_Zecchin
[10:03:48] Denny_Toretto sniperrel meglõtte õt: Krist_Roscoe
[10:04:16] Denny_Toretto sniperrel meglõtte õt: Joker_Creed
[10:06:36] Leone_S_Tomasso fejen lõtte õt: Kitty_Soprano
[10:06:36] Leone_S_Tomasso megölte Kitty_Soprano-t ezzel: M4 - Pénz: 433765Ft - Pos: -2031, 164, 28
[10:06:36] Leone_S_Tomasso plusz kórház jail ideje 600 másodpercre nõtt (+180mp)
[10:09:22] Denny_Toretto plusz kórház jail ideje 120 másodpercre nõtt (+120mp)
[10:09:22] Denny_Toretto lábon lõtte õt: Joker_Creed
[10:39:18] Diaz_Freeman plusz kórház jail ideje 120 másodpercre nõtt (+120mp)
[10:39:18] Diaz_Freeman lábon lõtte õt: Darius_N_Ortega
[10:39:18] Lucio_Zecchin fejen lõtte õt: Darius_N_Ortega
[10:39:18] Lucio_Zecchin megölte Darius_N_Ortega-t ezzel: MP5 - Pénz: 0Ft - Pos: 1938, -2166, 13
[10:39:18] Lucio_Zecchin plusz kórház jail ideje 180 másodpercre nõtt (+180mp)
[10:50:05] Kevin_S_Tomasso plusz kórház jail ideje 840 másodpercre nõtt (+120mp)
[10:50:05] Kevin_S_Tomasso lábon lõtte õt: Dan_B_Hollywood
[10:58:36] Patrick_Zecchin sniperrel meglõtte õt: Kevin_S_Tomasso
[11:12:21] Georg_B_Hollywood fejen lõtte õt: Blake_Browns
[11:12:21] Georg_B_Hollywood megölte Blake_Browns-t ezzel: MP5 - Pénz: 0Ft - Pos: 1101, -1142, 23
[11:12:21] Georg_B_Hollywood plusz kórház jail ideje 180 másodpercre nõtt (+180mp)
[11:18:54] Georg_B_Hollywood plusz kórház jail ideje 300 másodpercre nõtt (+120mp)
[11:18:54] Georg_B_Hollywood lábon lõtte õt: Nelson_Washington
[11:18:59] Daniel_Scaletta fejen lõtte õt: Georg_B_Hollywood
[11:18:59] Daniel_Scaletta megölte Georg_B_Hollywood-t ezzel: M4 - Pénz: 47806Ft - Pos: 1532, -694, 94
[11:18:59] Daniel_Scaletta plusz kórház jail ideje 360 másodpercre nõtt (+180mp)
[11:23:12] Joker_Creed meghalt (Nico_Butler), oka: Leesett - Pénz: 0Ft - Pos: 2366, -1658, 14
[11:26:42] Kevin_S_Tomasso fejen lõtte õt: Nico_Butler
[11:26:42] Kevin_S_Tomasso megölte Nico_Butler-t ezzel: M4 - Pénz: 20649Ft - Pos: 1314, -1642, 14
[11:26:42] Kevin_S_Tomasso plusz kórház jail ideje 1020 másodpercre nõtt (+180mp)
[11:42:06] Georg_B_Hollywood fejen lõtte õt: Atsuya_D_Freeman
[11:42:06] Georg_B_Hollywood megölte Atsuya_D_Freeman-t ezzel: MP5 - Pénz: 0Ft - Pos: -764, -979, 81
[11:42:06] Georg_B_Hollywood plusz kórház jail ideje 180 másodpercre nõtt (+180mp)
[12:00:18] Don_Sorrentino fejen lõtte õt: Georg_B_Hollywood
[12:00:18] Don_Sorrentino megölte Georg_B_Hollywood-t ezzel: MP5 - Pénz: 0Ft - Pos: 1206, -1294, 13
[12:00:18] Don_Sorrentino plusz kórház jail ideje 180 másodpercre nõtt (+180mp)
[12:06:18] Georg_B_Hollywood plusz kórház jail ideje 120 másodpercre nõtt (+120mp)
[12:06:18] Georg_B_Hollywood lábon lõtte õt: Oze_Roland
[12:12:03] Georg_B_Hollywood fejen lõtte õt: Daniel_Scaletta
[12:12:03] Georg_B_Hollywood fejen lõtte õt: Daniel_Scaletta
[12:12:03] Georg_B_Hollywood megölte Daniel_Scaletta-t ezzel: MP5 - Pénz: 47806Ft - Pos: 2000, -1644, 13
[12:12:03] Georg_B_Hollywood plusz kórház jail ideje 300 másodpercre nõtt (+180mp)
[12:12:08] Don_Sorrentino plusz kórház jail ideje 300 másodpercre nõtt (+120mp)
[12:12:08] Don_Sorrentino lábon lõtte õt: Georg_B_Hollywood
[12:21:45] Nick_R_Wilson fejen lõtte õt: Markus_D_Zecchin
[12:21:45] Nick_R_Wilson megölte Markus_D_Zecchin-t ezzel: MP5 - Pénz: 40000Ft - Pos: 2210, -2246, 34
[12:21:45] Nick_R_Wilson plusz kórház jail ideje 420 másodpercre nõtt (+180mp)
[12:34:05] Sandro_Nestore riflevel animba lõtte õt õt: Domenico_Nestore
[12:35:16] Markus_D_Zecchin plusz kórház jail ideje 120 másodpercre nõtt (+120mp)
[12:35:16] Markus_D_Zecchin lábon lõtte õt: Stefan_D_Zecchin
[12:38:10] Lily_Miles meghalt (-), oka: Leesett - Pénz: 0Ft - Pos: -1840, 127, 15
[12:51:09] Georg_B_Hollywood plusz kórház jail ideje 420 másodpercre nõtt (+120mp)
[12:51:09] Georg_B_Hollywood lábon lõtte õt: Max_Sorrentino
[12:53:29] Domenico_Nestore fejen lõtte õt: George_B_Hollywood
[12:53:29] Domenico_Nestore megölte George_B_Hollywood-t ezzel: Rifle - Pénz: 39625Ft - Pos: 1428, -1568, 12
[12:53:29] Domenico_Nestore plusz kórház jail ideje 180 másodpercre nõtt (+180mp)
[12:53:32] Domenico_Nestore riflevel animba lõtte õt õt: Norbert_N_Ortega
[12:53:36] Nelson_Washington plusz kórház jail ideje 240 másodpercre nõtt (+120mp)
[12:53:36] Nelson_Washington lábon lõtte õt: Sandro_Nestore
[12:53:45] Nelson_Washington plusz kórház jail ideje 360 másodpercre nõtt (+120mp)
[12:53:45] Nelson_Washington lábon lõtte õt: Domenico_Nestore
[13:00:15] Georg_B_Hollywood plusz kórház jail ideje 540 másodpercre nõtt (+120mp)
[13:00:15] Georg_B_Hollywood lábon lõtte õt: Henry_Thomasino
[13:03:55] Georg_B_Hollywood plusz kórház jail ideje 660 másodpercre nõtt (+120mp)
[13:03:55] Georg_B_Hollywood lábon lõtte õt: Alen_Stark
[13:04:21] Domenico_Nestore riflevel animba lõtte õt õt: Thomas_Blackwell
[13:04:38] Sandro_Nestore megölte Thomas_Blackwell-t ezzel: Deagle - Pénz: 36113Ft - Pos: 1464, -1739, 13
[13:04:38] Sandro_Nestore plusz kórház jail ideje 720 másodpercre nõtt (+180mp)
[13:11:14] Ventura_Zecchin meghalt (-), oka: Leesett - Pénz: 0Ft - Pos: 2191, -2282, 13
[13:26:45] Denny_Toretto plusz kórház jail ideje 240 másodpercre nõtt (+120mp)
[13:26:45] Denny_Toretto lábon lõtte õt: Max_Sorrentino
[13:27:55] Hizusu_Zisiku plusz kórház jail ideje 119 másodpercre nõtt (+120mp)
[13:27:55] Hizusu_Zisiku lábon lõtte õt: Georg_B_Hollywood
[13:28:01] William_Cortez plusz kórház jail ideje 2160 másodpercre nõtt (+120mp)
[13:28:01] William_Cortez lábon lõtte õt: Hizusu_Zisiku
[13:28:01] William_Cortez plusz kórház jail ideje 2280 másodpercre nõtt (+120mp)
[13:28:01] William_Cortez lábon lõtte õt: Hizusu_Zisiku
[13:28:02] Marcel_B_Hollywood fejen lõtte õt: Georg_B_Hollywood
[13:28:02] Marcel_B_Hollywood megölte Georg_B_Hollywood-t ezzel: M4 - Pénz: 0Ft - Pos: 236, 1114, 1085
[13:28:02] Marcel_B_Hollywood plusz kórház jail ideje 180 másodpercre nõtt (+180mp)
[13:28:15] Ventura_Zecchin plusz kórház jail ideje 120 másodpercre nõtt (+120mp)
[13:28:15] Ventura_Zecchin lábon lõtte õt: Oze_Roland
[13:28:24] Ventura_Zecchin fejen lõtte õt: Oze_Roland
[13:28:24] Ventura_Zecchin megölte Oze_Roland-t ezzel: M4 - Pénz: 7187Ft - Pos: 249, 1113, 1084
[13:28:24] Ventura_Zecchin plusz kórház jail ideje 300 másodpercre nõtt (+180mp)
[13:28:27] Markus_D_Zecchin fejen lõtte õt: Hizusu_Zisiku
[13:28:27] Markus_D_Zecchin megölte Hizusu_Zisiku-t ezzel: MP5 - Pénz: 91778Ft - Pos: 235, 1115, 1084
[13:28:27] Markus_D_Zecchin plusz kórház jail ideje 300 másodpercre nõtt (+180mp)
[13:32:19] Zero_Hopkins fejen lõtte õt: Brandon_Toretto
[13:32:19] Zero_Hopkins megölte Brandon_Toretto-t ezzel: Sniper - Pénz: 0Ft - Pos: 2105, -2151, 19
[13:32:19] Zero_Hopkins plusz kórház jail ideje 360 másodpercre nõtt (+180mp)
[13:35:30] Sidney_Tribiani plusz kórház jail ideje 120 másodpercre nõtt (+120mp)
[13:35:30] Sidney_Tribiani lábon lõtte õt: Nick_R_Wilson
[13:35:30] Sidney_Tribiani plusz kórház jail ideje 240 másodpercre nõtt (+120mp)
[13:35:30] Sidney_Tribiani lábon lõtte õt: Nick_R_Wilson
[13:36:12] Denny_Toretto plusz kórház jail ideje 360 másodpercre nõtt (+120mp)
[13:36:12] Denny_Toretto lábon lõtte õt: Henry_Tomasino
[13:36:26] Aladeen_A_Crowe fejen lõtte õt: Nick_R_Wilson
[13:36:26] Aladeen_A_Crowe megölte Nick_R_Wilson-t ezzel: Colt45 - Pénz: 0Ft - Pos: -1595, -783, 69
[13:36:26] Aladeen_A_Crowe plusz kórház jail ideje 660 másodpercre nõtt (+180mp)
[13:36:34] Sidney_Tribiani fejen lõtte õt: Mester_Csaba
[13:36:34] Sidney_Tribiani fejen lõtte õt: Mester_Csaba
[13:36:52] Sidney_Tribiani megölte Mester_Csaba-t ezzel: MP5 - Pénz: 0Ft - Pos: -1593, -908, 163
[13:36:52] Sidney_Tribiani plusz kórház jail ideje 420 másodpercre nõtt (+180mp)
[13:39:03] Aladeen_A_Crowe fejen lõtte õt: Paul_Escobar
[13:39:03] Aladeen_A_Crowe megölte Paul_Escobar-t ezzel: MP5 - Pénz: 0Ft - Pos: -1808, -920, 45
[13:39:03] Aladeen_A_Crowe plusz kórház jail ideje 840 másodpercre nõtt (+180mp)
[13:41:17] Patrick_Zecchin plusz kórház jail ideje 120 másodpercre nõtt (+120mp)
[13:41:17] Patrick_Zecchin lábon lõtte õt: Markus_D_Zecchin
[13:45:51] Denny_Toretto plusz kórház jail ideje 480 másodpercre nõtt (+120mp)
[13:45:51] Denny_Toretto lábon lõtte õt: Dan_B_Hollywood
[13:45:52] William_Cortez plusz kórház jail ideje 2400 másodpercre nõtt (+120mp)
[13:45:52] William_Cortez lábon lõtte õt: Denny_Toretto
[13:45:52] Ventura_Zecchin fejen lõtte õt: Denny_Toretto
[13:45:52] Ventura_Zecchin megölte Denny_Toretto-t ezzel: M4 - Pénz: 0Ft - Pos: 241, 1113, 1085
[13:45:52] Ventura_Zecchin plusz kórház jail ideje 480 másodpercre nõtt (+180mp)
[13:45:56] William_Cortez fejen lõtte õt: Marcel_B_Hollywood
[13:45:56] William_Cortez megölte Marcel_B_Hollywood-t ezzel: M4 - Pénz: 0Ft - Pos: 237, 1114, 1085
[13:45:56] William_Cortez plusz kórház jail ideje 2580 másodpercre nõtt (+180mp)
[13:45:58] Nelson_Washington fejen lõtte õt: Ventura_Zecchin
[13:45:58] Nelson_Washington megölte Ventura_Zecchin-t ezzel: M4 - Pénz: 0Ft - Pos: 232, 1114, 1085
[13:45:58] Nelson_Washington plusz kórház jail ideje 540 másodpercre nõtt (+180mp)
[13:45:59] William_Cortez plusz kórház jail ideje 2700 másodpercre nõtt (+120mp)
[13:45:59] William_Cortez lábon lõtte õt: Nelson_Washington
[13:46:18] Patrick_Zecchin fejen lõtte õt: Nick_Vitale
[13:46:18] Patrick_Zecchin megölte Nick_Vitale-t ezzel: MP5 - Pénz: 2521Ft - Pos: 236, 1114, 1085
[13:46:18] Patrick_Zecchin plusz kórház jail ideje 300 másodpercre nõtt (+180mp)
[13:56:03] Mark_B_Hollywood fejen lõtte õt: Krist_Roscoe
[13:56:03] Mark_B_Hollywood fejen lõtte õt: Krist_Roscoe
[13:56:03] Mark_B_Hollywood megölte Krist_Roscoe-t ezzel: MP5 - Pénz: 0Ft - Pos: -1709, 1290, 6
[13:56:03] Mark_B_Hollywood plusz kórház jail ideje 180 másodpercre nõtt (+180mp)
[14:02:27] Adele_Scaletta fejen lõtte õt: Ryder_B_Dueno
[14:02:27] Adele_Scaletta megölte Ryder_B_Dueno-t ezzel: MP5 - Pénz: 0Ft - Pos: 1850, -2678, 6
[14:02:27] Adele_Scaletta plusz kórház jail ideje 360 másodpercre nõtt (+180mp)
[14:02:33] Lorand_Vincenzo plusz kórház jail ideje 840 másodpercre nõtt (+120mp)
[14:02:33] Lorand_Vincenzo lábon lõtte õt: Patrick_Zecchin
[14:03:32] Niki_Freeman fejen lõtte õt: Zero_Hopkins
[14:03:32] Niki_Freeman megölte Zero_Hopkins-t ezzel: MP5 - Pénz: 2100Ft - Pos: 1685, -2679, 5
[14:03:32] Niki_Freeman plusz kórház jail ideje 180 másodpercre nõtt (+180mp)
[14:03:38] Niki_Freeman fejen lõtte õt: Shura_Sharma
[14:03:38] Niki_Freeman megölte Shura_Sharma-t ezzel: MP5 - Pénz: 0Ft - Pos: 1680, -2687, 5
[14:03:38] Niki_Freeman plusz kórház jail ideje 360 másodpercre nõtt (+180mp)
[14:03:39] Mark_B_Hollywood plusz kórház jail ideje 300 másodpercre nõtt (+120mp)
[14:03:39] Mark_B_Hollywood lábon lõtte õt: Adele_Scaletta
[14:03:45] Niki_Freeman plusz kórház jail ideje 480 másodpercre nõtt (+120mp)
[14:03:45] Niki_Freeman lábon lõtte õt: Costa_Miles
[14:03:46] Mark_B_Hollywood plusz kórház jail ideje 420 másodpercre nõtt (+120mp)
[14:03:46] Mark_B_Hollywood lábon lõtte õt: Adele_Scaletta
[14:03:47] Mark_B_Hollywood plusz kórház jail ideje 540 másodpercre nõtt (+120mp)
[14:03:47] Mark_B_Hollywood lábon lõtte õt: Adele_Scaletta
[14:03:52] Mark_B_Hollywood megölte Adele_Scaletta-t ezzel: MP5 - Pénz: 0Ft - Pos: 1842, -2670, 5
[14:03:52] Mark_B_Hollywood plusz kórház jail ideje 720 másodpercre nõtt (+180mp)
[14:26:40] Max_Sorrentino lábon lõtte õt: Paul_Escobar
[14:28:38] Markus_D_Zecchin lábon lõtte õt: Ryan_Lennox
[14:28:54] Max_Sorrentino sniperrel meglõtte õt: Mark_Bishop
[14:29:10] Markus_D_Zecchin lábon lõtte õt: Stefan_Berger
[14:43:44] Henry_Tomasino plusz kórház jail ideje 480 másodpercre nõtt (+120mp)
[14:43:44] Henry_Tomasino lábon lõtte õt: Markus_D_Zecchin
[14:43:57] Henry_Tomasino plusz kórház jail ideje 600 másodpercre nõtt (+120mp)
[14:43:57] Henry_Tomasino lábon lõtte õt: Georg_B_Hollywood
[14:51:48] Georg_B_Hollywood plusz kórház jail ideje 120 másodpercre nõtt (+120mp)
[14:51:48] Georg_B_Hollywood lábon lõtte õt: Henry_Tomasino
[14:54:27] Mark_Bishop meghalt (-), oka: Megfulladt - Pénz: 76915Ft - Pos: -1404, 1490, -48
[14:54:31] Guillermo_Butler meghalt (-), oka: Megfulladt - Pénz: 14169Ft - Pos: -1404, 1473, -64
[15:14:04] Mark_B_Hollywood plusz kórház jail ideje 840 másodpercre nõtt (+120mp)
[15:14:04] Mark_B_Hollywood lábon lõtte õt: Marcell_O_Neill
[15:14:26] Marcell_O_Neill fejen lõtte õt: Mark_B_Hollywood
[15:14:26] Marcell_O_Neill megölte Mark_B_Hollywood-t ezzel: MP5 - Pénz: 0Ft - Pos: 2706, -1634, 12
[15:14:26] Marcell_O_Neill plusz kórház jail ideje 180 másodpercre nõtt (+180mp)
[15:26:58] Krist_Roscoe meghalt (-), oka: Leesett - Pénz: 0Ft - Pos: -400, -415, 16
[15:37:48] Kitty_Soprano meghalt (-), oka: Leesett - Pénz: 0Ft - Pos: 1581, -1462, 23
[15:44:15] Teodor_Gates plusz kórház jail ideje 120 másodpercre nõtt (+120mp)
[15:44:15] Teodor_Gates lábon lõtte õt: Henry_Tomasino
[15:44:21] Teodor_Gates plusz kórház jail ideje 240 másodpercre nõtt (+120mp)
[15:44:21] Teodor_Gates lábon lõtte õt: Henry_Tomasino
[15:44:23] Teodor_Gates fejen lõtte õt: Henry_Tomasino
[15:44:23] Teodor_Gates megölte Henry_Tomasino-t ezzel: MP5 - Pénz: 0Ft - Pos: 1142, -1376, 13
[15:44:23] Teodor_Gates plusz kórház jail ideje 420 másodpercre nõtt (+180mp)
[15:46:06] Lorand_Vincenzo fejen lõtte õt: Stefan_Berger
[15:46:17] Mark_B_Hollywood fejen lõtte õt: Ryan_Lennox
[15:46:36] Ryan_B_Mike fejen lõtte õt: Paul_D_Cortez
[15:46:43] Ryan_B_Mike fejen lõtte õt: Mark_Bishop
[15:46:47] Ryan_B_Mike lábon lõtte õt: Paul_Escobar
[15:54:31] Dan_B_Hollywood fejen lõtte õt: Betty_O_Neill
[15:54:31] Dan_B_Hollywood megölte Betty_O_Neill-t ezzel: M4 - Pénz: 0Ft - Pos: 951, -1141, 23
[15:54:31] Dan_B_Hollywood plusz kórház jail ideje 180 másodpercre nõtt (+180mp)
[15:54:41] Dan_B_Hollywood fejen lõtte õt: Jimmy_Doherty
[15:54:41] Dan_B_Hollywood megölte Jimmy_Doherty-t ezzel: M4 - Pénz: 1000Ft - Pos: 961, -1138, 24
[15:54:41] Dan_B_Hollywood plusz kórház jail ideje 360 másodpercre nõtt (+180mp)
[15:56:25] Tyler_Wish meghalt (-), oka: Leesett - Pénz: 0Ft - Pos: -1583, 671, 7
[15:57:22] Dan_B_Hollywood fejen lõtte õt: Paul_Escobar
[15:57:22] Dan_B_Hollywood fejen lõtte õt: Paul_Escobar
[15:57:22] Dan_B_Hollywood megölte Paul_Escobar-t ezzel: M4 - Pénz: 0Ft - Pos: 1026, -1826, 13
[15:57:22] Dan_B_Hollywood plusz kórház jail ideje 540 másodpercre nõtt (+180mp)
[15:57:32] Dan_B_Hollywood fejen lõtte õt: Paul_D_Cortez
[15:57:32] Dan_B_Hollywood megölte Paul_D_Cortez-t ezzel: M4 - Pénz: 0Ft - Pos: 1024, -1830, 13
[15:57:32] Dan_B_Hollywood plusz kórház jail ideje 720 másodpercre nõtt (+180mp)
[16:09:36] Nelson_Washington plusz kórház jail ideje 660 másodpercre nõtt (+120mp)
[16:09:36] Nelson_Washington lábon lõtte õt: Wolczyk_T_Sorrentino
[16:09:48] Lesley_Antony megölte Jimmy_Doherty-t ezzel: Ököl - Pénz: 0Ft - Pos: 1938, -2447, 13
[16:09:48] Lesley_Antony plusz kórház jail ideje 180 másodpercre nõtt (+180mp)
[16:12:26] William_Cortez plusz kórház jail ideje 2820 másodpercre nõtt (+120mp)
[16:12:26] William_Cortez lábon lõtte õt: Kevin_S_Tomasso
[16:12:27] William_Cortez plusz kórház jail ideje 2940 másodpercre nõtt (+120mp)
[16:12:27] William_Cortez lábon lõtte õt: Henry_Tomasino
[16:13:02] William_Cortez fejen lõtte õt: Kevin_S_Tomasso
[16:13:02] William_Cortez megölte Kevin_S_Tomasso-t ezzel: MP5 - Pénz: 0Ft - Pos: 2221, -2206, 13
[16:13:02] William_Cortez plusz kórház jail ideje 3120 másodpercre nõtt (+180mp)
[16:13:18] Dan_B_Hollywood fejen lõtte õt: Georg_B_Hollywood
[16:13:18] Dan_B_Hollywood megölte Georg_B_Hollywood-t ezzel: M4 - Pénz: 116515Ft - Pos: 2214, -2218, 13
[16:13:18] Dan_B_Hollywood plusz kórház jail ideje 900 másodpercre nõtt (+180mp)
[16:13:18] Dan_B_Hollywood fejen lõtte õt: Georg_B_Hollywood
[16:13:25] William_Cortez plusz kórház jail ideje 3240 másodpercre nõtt (+120mp)
[16:13:25] William_Cortez lábon lõtte õt: Dan_B_Hollywood
[16:15:06] Tom_Torres plusz kórház jail ideje 120 másodpercre nõtt (+120mp)
[16:15:06] Tom_Torres lábon lõtte õt: Lucio_Zecchin
[16:16:40] Lucio_Zecchin plusz kórház jail ideje 300 másodpercre nõtt (+120mp)
[16:16:40] Lucio_Zecchin lábon lõtte õt: Tom_Torres
[16:16:41] Bryan_B_Hollywood fejen lõtte õt: Max_Sorrentino
[16:16:41] Bryan_B_Hollywood fejen lõtte õt: Max_Sorrentino
[16:16:42] Bryan_B_Hollywood megölte Max_Sorrentino-t ezzel: MP5 - Pénz: 0Ft - Pos: 1785, 696, 15
[16:16:42] Bryan_B_Hollywood plusz kórház jail ideje 180 másodpercre nõtt (+180mp)
[16:16:42] Max_Sorrentino fejen lõtte õt: Bryan_B_Hollywood
[16:16:42] Max_Sorrentino megölte Bryan_B_Hollywood-t ezzel: M4 - Pénz: 1642Ft - Pos: 1781, 690, 15
[16:16:42] Max_Sorrentino plusz kórház jail ideje 180 másodpercre nõtt (+180mp)
[16:21:07] Lucio_Zecchin plusz kórház jail ideje 420 másodpercre nõtt (+120mp)
[16:21:07] Lucio_Zecchin lábon lõtte õt: Tom_Torres
[16:21:29] Niki_Freeman plusz kórház jail ideje 600 másodpercre nõtt (+120mp)
[16:21:29] Niki_Freeman lábon lõtte õt: Freddie_B_Scaletta
[16:21:40] Nelson_Washington fejen lõtte õt: Kitty_Soprano
[16:21:41] Nelson_Washington megölte Kitty_Soprano-t ezzel: M4 - Pénz: 0Ft - Pos: 1935, -1789, 13
[16:21:41] Nelson_Washington plusz kórház jail ideje 840 másodpercre nõtt (+180mp)
[16:22:07] Mark_B_Hollywood fejen lõtte õt: Kevin_S_Tomasso
[16:22:07] Mark_B_Hollywood megölte Kevin_S_Tomasso-t ezzel: MP5 - Pénz: 0Ft - Pos: 1936, -1747, 13
[16:22:07] Mark_B_Hollywood plusz kórház jail ideje 180 másodpercre nõtt (+180mp)
[16:22:13] Henry_Tomasino fejen lõtte õt: Bentner_K_White
[16:22:13] Henry_Tomasino megölte Bentner_K_White-t ezzel: M4 - Pénz: 0Ft - Pos: 1742, 514, 28
[16:22:13] Henry_Tomasino plusz kórház jail ideje 180 másodpercre nõtt (+180mp)
[16:22:15] Mark_B_Hollywood plusz kórház jail ideje 300 másodpercre nõtt (+120mp)
[16:22:15] Mark_B_Hollywood lábon lõtte õt: Valor_Colin
[16:22:30] Nelson_Washington sniperrel meglõtte õt: Mark_B_Hollywood
[16:22:56] Nelson_Washington sniperrel meglõtte õt: Lorand_Vincenzo
[16:23:25] Henry_Tomasino fejen lõtte õt: Joshue_White
[16:23:25] Henry_Tomasino megölte Joshue_White-t ezzel: M4 - Pénz: 0Ft - Pos: 1742, 511, 28
[16:23:25] Henry_Tomasino plusz kórház jail ideje 360 másodpercre nõtt (+180mp)
[16:25:31] Nico_Butler plusz kórház jail ideje 120 másodpercre nõtt (+120mp)
[16:25:31] Nico_Butler lábon lõtte õt: Nelson_Washington
[16:25:48] Ryder_B_Dueno plusz kórház jail ideje 120 másodpercre nõtt (+120mp)
[16:25:48] Ryder_B_Dueno lábon lõtte õt: Don_Sorrentino
[16:25:56] Lucio_Zecchin plusz kórház jail ideje 540 másodpercre nõtt (+120mp)
[16:25:56] Lucio_Zecchin lábon lõtte õt: Tom_Torres
[16:26:19] Ryder_B_Dueno plusz kórház jail ideje 240 másodpercre nõtt (+120mp)
[16:26:19] Ryder_B_Dueno lábon lõtte õt: Daniel_Scaletta
[16:26:29] Niki_Freeman fejen lõtte õt: Betty_O_Neill
[16:26:29] Niki_Freeman megölte Betty_O_Neill-t ezzel: MP5 - Pénz: 0Ft - Pos: 1892, -1755, 13
[16:26:29] Niki_Freeman plusz kórház jail ideje 780 másodpercre nõtt (+180mp)
[16:30:01] Dan_B_Hollywood fejen lõtte õt: Max_Sorrentino
[16:30:01] Dan_B_Hollywood megölte Max_Sorrentino-t ezzel: M4 - Pénz: 0Ft - Pos: 1992, -1730, 13
[16:30:01] Dan_B_Hollywood plusz kórház jail ideje 1080 másodpercre nõtt (+180mp)
[16:34:32] Hizusu_Zisiku sniperrel meglõtte õt: Joker_Creed
[16:34:32] Hizusu_Zisiku sniperrel meglõtte õt: Joker_Creed
[16:34:32] Hizusu_Zisiku sniperrel meglõtte õt: Joker_Creed
[16:59:30] Tom_Torres plusz kórház jail ideje 240 másodpercre nõtt (+120mp)
[16:59:30] Tom_Torres lábon lõtte õt: Lucio_Zecchin
[16:59:40] Georg_B_Hollywood plusz kórház jail ideje 120 másodpercre nõtt (+120mp)
[16:59:40] Georg_B_Hollywood lábon lõtte õt: Joshue_White
[16:59:44] Georg_B_Hollywood plusz kórház jail ideje 240 másodpercre nõtt (+120mp)
[16:59:44] Georg_B_Hollywood lábon lõtte õt: Bentner_K_White
[16:59:58] Georg_B_Hollywood fejen lõtte õt: Bentner_K_White
[16:59:58] Georg_B_Hollywood megölte Bentner_K_White-t ezzel: MP5 - Pénz: 0Ft - Pos: -85, -1128, 1
[16:59:58] Georg_B_Hollywood plusz kórház jail ideje 420 másodpercre nõtt (+180mp)
[17:01:45] Lucio_Zecchin plusz kórház jail ideje 660 másodpercre nõtt (+120mp)
[17:01:45] Lucio_Zecchin lábon lõtte õt: Tom_Torres
[17:05:39] Tom_Torres plusz kórház jail ideje 360 másodpercre nõtt (+120mp)
[17:05:39] Tom_Torres lábon lõtte õt: Lucio_Zecchin
[17:06:12] Keny_Da_Silva meghalt (-), oka: Leesett - Pénz: 28000Ft - Pos: -2005, 256, 30
[17:07:28] Lucio_Zecchin plusz kórház jail ideje 780 másodpercre nõtt (+120mp)
[17:07:28] Lucio_Zecchin lábon lõtte õt: Tom_Torres
[17:10:39] Dave_R_Vincenzo plusz kórház jail ideje 120 másodpercre nõtt (+120mp)
[17:10:39] Dave_R_Vincenzo lábon lõtte õt: Lucio_Zecchin
[17:38:44] Lucio_Zecchin plusz kórház jail ideje 900 másodpercre nõtt (+120mp)
[17:38:44] Lucio_Zecchin lábon lõtte õt: Tom_Zecchin
[17:46:18] Paul_Escobar meghalt (-), oka: Leesett - Pénz: 0Ft - Pos: -1004, -499, 31
[18:01:42] Steve_Sanchez meghalt (-), oka: Leesett - Pénz: 6976Ft - Pos: -111, -1177, 3
[18:08:22] Henry_Tomasino plusz kórház jail ideje 480 másodpercre nõtt (+120mp)
[18:08:22] Henry_Tomasino lábon lõtte õt: Nelson_Washington
[18:13:15] Krisztofer_Vincenzo plusz kórház jail ideje 120 másodpercre nõtt (+120mp)
[18:13:15] Krisztofer_Vincenzo lábon lõtte õt: Hizusu_Zisiku
[18:18:43] Ryan_B_Mike lábon lõtte õt: Ryan_Lennox
[18:18:47] Ryan_B_Mike lábon lõtte õt: Mark_Bishop
[18:18:54] Ryan_B_Mike lábon lõtte õt: Horvath_Adrian
[18:19:05] Ryan_B_Mike fejen lõtte õt: Stefan_Berger
[18:19:13] Ryan_B_Mike fejen lõtte õt: Paul_D_Cortez
[18:19:26] Ryan_B_Mike fejen lõtte õt: Thomas_Berzerk
[18:19:29] Atsuya_D_Freeman lábon lõtte õt: Niki_Freeman
[18:19:30] Atsuya_D_Freeman lábon lõtte õt: Mark_B_Hollywood
[18:19:33] Kazuyoshi_Akira fejen lõtte õt: Paul_Escobar
[18:19:33] Atsuya_D_Freeman fejen lõtte õt: Kazuyoshi_Akira
[18:19:35] Ryan_B_Mike lábon lõtte õt: Atsuya_D_Freeman
[18:33:09] Hizusu_Zisiku plusz kórház jail ideje 120 másodpercre nõtt (+120mp)
[18:33:09] Hizusu_Zisiku lábon lõtte õt: Krisztofer_Vincenzo
[18:37:22] James_Creed lábon lõtte õt: Niki_Freeman
[18:38:10] Hizusu_Zisiku fejen lõtte õt: Krisztofer_Vincenzo
[18:38:19] Carlos_D_Surenos lábon lõtte õt: Joker_Creed
[18:38:26] Sergei_B_Dueno lábon lõtte õt: Johny_Morales
[18:38:32] Carlos_D_Surenos lábon lõtte õt: Kazuyoshi_Akira
[18:39:18] Ryan_B_Mike lábon lõtte õt: Carlos_D_Surenos
[18:39:48] Sergei_B_Dueno fejen lõtte õt: Antonn_Fedorov
[18:39:51] Ryan_B_Mike lábon lõtte õt: Yamato_Bosco
[18:40:13] Ryan_B_Mike sniperrel meglõtte õt: James_Creed
[18:40:27] Dave_R_Vincenzo sniperrel meglõtte õt: Nico_Butler
[18:41:26] Ryan_B_Mike lábon lõtte õt: Tom_Torres
[18:41:34] Ryan_B_Mike fejen lõtte õt: Dave_R_Vincenzo
[18:42:14] Tom_Zecchin fejen lõtte õt: Ryan_B_Mike
[18:44:03] Hizusu_Zisiku plusz kórház jail ideje 240 másodpercre nõtt (+120mp)
[18:44:03] Hizusu_Zisiku lábon lõtte õt: Krisztofer_Vincenzo
[18:44:03] Hizusu_Zisiku plusz kórház jail ideje 360 másodpercre nõtt (+120mp)
[18:44:03] Hizusu_Zisiku lábon lõtte õt: Krisztofer_Vincenzo
[18:44:04] Hizusu_Zisiku plusz kórház jail ideje 480 másodpercre nõtt (+120mp)
[18:44:04] Hizusu_Zisiku lábon lõtte õt: Krisztofer_Vincenzo
[18:44:07] Hizusu_Zisiku plusz kórház jail ideje 600 másodpercre nõtt (+120mp)
[18:44:07] Hizusu_Zisiku lábon lõtte õt: Krisztofer_Vincenzo
[18:44:07] Hizusu_Zisiku plusz kórház jail ideje 720 másodpercre nõtt (+120mp)
[18:44:07] Hizusu_Zisiku lábon lõtte õt: Krisztofer_Vincenzo
[18:44:08] Hizusu_Zisiku plusz kórház jail ideje 840 másodpercre nõtt (+120mp)
[18:44:08] Hizusu_Zisiku lábon lõtte õt: Krisztofer_Vincenzo
[18:44:08] Hizusu_Zisiku plusz kórház jail ideje 960 másodpercre nõtt (+120mp)
[18:44:08] Hizusu_Zisiku lábon lõtte õt: Krisztofer_Vincenzo
[18:44:20] Hizusu_Zisiku fejen lõtte õt: Krisztofer_Vincenzo
[18:44:28] Dan_B_Hollywood fejen lõtte õt: Simon_Derossi
[18:44:28] Dan_B_Hollywood fejen lõtte õt: Simon_Derossi
[18:44:28] Dan_B_Hollywood fejen lõtte õt: Simon_Derossi
[18:44:28] Dan_B_Hollywood megölte Simon_Derossi-t ezzel: M4 - Pénz: 0Ft - Pos: 2256, -1209, 1049
[18:44:28] Dan_B_Hollywood plusz kórház jail ideje 1260 másodpercre nõtt (+180mp)
[18:44:28] Dan_B_Hollywood fejen lõtte õt: Franklin_Morales
[18:44:28] Dan_B_Hollywood megölte Franklin_Morales-t ezzel: M4 - Pénz: 89959Ft - Pos: 2256, -1209, 1049
[18:44:28] Dan_B_Hollywood plusz kórház jail ideje 1440 másodpercre nõtt (+180mp)
[18:44:30] Dan_B_Hollywood fejen lõtte õt: Danno_Derossi
[18:44:30] Dan_B_Hollywood megölte Danno_Derossi-t ezzel: M4 - Pénz: 4750Ft - Pos: 2258, -1206, 1049
[18:44:30] Dan_B_Hollywood plusz kórház jail ideje 1620 másodpercre nõtt (+180mp)
[18:46:25] Don_Sorrentino plusz kórház jail ideje 420 másodpercre nõtt (+120mp)
[18:46:25] Don_Sorrentino lábon lõtte õt: Lesley_Antony
[18:46:28] Hizusu_Zisiku fejen lõtte õt: Krisztofer_Vincenzo
[18:46:36] Usate_Krukenberg meghalt (-), oka: Leesett - Pénz: 6400Ft - Pos: 1503, -1730, 13
[18:46:42] Hizusu_Zisiku fejen lõtte õt: Krisztofer_Vincenzo
[18:47:03] Dan_B_Hollywood fejen lõtte õt: Don_Sorrentino
[18:47:03] Dan_B_Hollywood megölte Don_Sorrentino-t ezzel: M4 - Pénz: 0Ft - Pos: 2167, -1600, 14
[18:47:03] Dan_B_Hollywood plusz kórház jail ideje 1800 másodpercre nõtt (+180mp)
[18:48:24] Hizusu_Zisiku fejen lõtte õt: Krisztofer_Vincenzo
[18:49:02] Hizusu_Zisiku fejen lõtte õt: Krisztofer_Vincenzo
[18:49:14] Hizusu_Zisiku fejen lõtte õt: Krisztofer_Vincenzo
[18:49:17] Dan_B_Hollywood sniperrel meglõtte õt: Danno_Derossi
[18:49:26] Dan_B_Hollywood sniperrel meglõtte õt: Danno_Derossi
[18:49:27] Dan_B_Hollywood sniperrel meglõtte õt: Danno_Derossi
[18:49:28] Dan_B_Hollywood sniperrel meglõtte õt: Danno_Derossi
[18:49:28] Dan_B_Hollywood megölte Danno_Derossi-t ezzel: Sniper - Pénz: 0Ft - Pos: 1187, -1325, 13
[18:49:28] Dan_B_Hollywood plusz kórház jail ideje 1980 másodpercre nõtt (+180mp)
[18:49:35] Dan_B_Hollywood sniperrel meglõtte õt: Simon_Derossi
[18:49:38] Hizusu_Zisiku fejen lõtte õt: Krisztofer_Vincenzo
[18:49:41] Dan_B_Hollywood sniperrel meglõtte õt: Simon_Derossi
[18:49:43] Dan_B_Hollywood sniperrel meglõtte õt: Simon_Derossi
[18:49:44] Dan_B_Hollywood sniperrel meglõtte õt: Simon_Derossi
[18:49:44] Dan_B_Hollywood megölte Simon_Derossi-t ezzel: Sniper - Pénz: 0Ft - Pos: 1190, -1328, 14
[18:49:44] Dan_B_Hollywood plusz kórház jail ideje 2160 másodpercre nõtt (+180mp)
[18:49:58] Dan_B_Hollywood sniperrel meglõtte õt: Abella_Anderson
[18:50:04] Dan_B_Hollywood sniperrel meglõtte õt: Abella_Anderson
[18:50:05] Dan_B_Hollywood sniperrel meglõtte õt: Abella_Anderson
[18:50:05] Dan_B_Hollywood megölte Abella_Anderson-t ezzel: Sniper - Pénz: 4625Ft - Pos: 1226, -1387, 13
[18:50:05] Dan_B_Hollywood plusz kórház jail ideje 2340 másodpercre nõtt (+180mp)
[18:50:16] Lucio_Zecchin lábon lõtte õt: Sergei_B_Dueno
[18:50:18] Hizusu_Zisiku sniperrel meglõtte õt: Krisztofer_Vincenzo
[18:50:37] Dan_B_Hollywood sniperrel meglõtte õt: Cody_Aciano
[18:50:38] Dan_B_Hollywood sniperrel meglõtte õt: Cody_Aciano
[18:50:39] Dan_B_Hollywood sniperrel meglõtte õt: Cody_Aciano
[18:50:39] Dan_B_Hollywood megölte Cody_Aciano-t ezzel: Sniper - Pénz: 0Ft - Pos: 1349, -1284, 13
[18:50:39] Dan_B_Hollywood plusz kórház jail ideje 2520 másodpercre nõtt (+180mp)
[18:50:54] Lucio_Zecchin lábon lõtte õt: Mark_B_Hollywood
[18:52:18] Dan_B_Hollywood fejen lõtte õt: Betty_O_Neill
[18:52:18] Dan_B_Hollywood megölte Betty_O_Neill-t ezzel: M4 - Pénz: 5000Ft - Pos: 1505, -1731, 13
[18:52:18] Dan_B_Hollywood plusz kórház jail ideje 2700 másodpercre nõtt (+180mp)
[18:54:49] Lucio_Zecchin plusz kórház jail ideje 1020 másodpercre nõtt (+120mp)
[18:54:49] Lucio_Zecchin lábon lõtte õt: Dan_B_Hollywood
[18:55:41] Thomas_Berzerk meghalt (-), oka: Leesett - Pénz: 4842000Ft - Pos: -2437, 150, 35
[19:01:15] Damien_Creed plusz kórház jail ideje 120 másodpercre nõtt (+120mp)
[19:01:15] Damien_Creed lábon lõtte õt: Kevin_S_Tomasso
[19:10:23] Kevin_S_Tomasso sniperrel meglõtte õt: Kevin_L_Saltzman
[19:10:47] Tom_Torres sniperrel meglõtte õt: Oze_Roland
[19:10:49] Zero_Hopkins fejen lõtte õt: Damien_Creed
[19:10:49] Zero_Hopkins megölte Damien_Creed-t ezzel: Sniper - Pénz: 0Ft - Pos: 1749, -2048, 20
[19:10:49] Zero_Hopkins plusz kórház jail ideje 180 másodpercre nõtt (+180mp)
[19:10:53] Johny_Morales fejen lõtte õt: Patrick_Zecchin
[19:10:53] Johny_Morales megölte Patrick_Zecchin-t ezzel: MP5 - Pénz: 0Ft - Pos: 1807, -2062, 13
[19:10:53] Johny_Morales plusz kórház jail ideje 180 másodpercre nõtt (+180mp)
[19:11:19] Zero_Hopkins sniperrel meglõtte õt: Kevin_S_Tomasso
[19:11:21] Costa_Miles plusz kórház jail ideje 120 másodpercre nõtt (+120mp)
[19:11:21] Costa_Miles lábon lõtte õt: Yamato_Bosco
[19:11:29] Johny_Morales plusz kórház jail ideje 300 másodpercre nõtt (+120mp)
[19:11:29] Johny_Morales lábon lõtte õt: Blake_B_Salvatore
[19:12:01] Johny_Morales fejen lõtte õt: Costa_Miles
[19:12:01] Johny_Morales megölte Costa_Miles-t ezzel: MP5 - Pénz: 0Ft - Pos: 1790, -2065, 13
[19:12:01] Johny_Morales plusz kórház jail ideje 480 másodpercre nõtt (+180mp)
[19:12:59] Tom_Torres sniperrel meglõtte õt: Zero_Hopkins
[19:13:08] Johny_Morales plusz kórház jail ideje 600 másodpercre nõtt (+120mp)
[19:13:08] Johny_Morales lábon lõtte õt: Hizusu_Zisiku
[19:13:39] Tom_Torres sniperrel meglõtte õt: Nelson_Washington
[19:16:44] Ralf_S_Tomasso fejen lõtte õt: Krisztofer_Vincenzo
[19:16:44] Henrik_T_Scaletta fejen lõtte õt: Krisztofer_Vincenzo
[19:19:41] Abella_Anderson meghalt (-), oka: Megfulladt - Pénz: 0Ft - Pos: 59, -1492, -24
[19:23:57] Henrik_T_Scaletta fejen lõtte õt: Krisztofer_Vincenzo
[19:25:14] Henrik_T_Scaletta fejen lõtte õt: Krisztofer_Vincenzo
[19:31:09] Tom_Torres lábon lõtte õt: Spike_Wheeler
[19:31:57] Dave_R_Vincenzo lábon lõtte õt: Kitty_Soprano
[19:33:27] Johny_Morales lábon lõtte õt: Sergei_B_Dueno
[19:35:23] Joker_Creed lábon lõtte õt: Tom_Torres
[19:37:17] Dave_R_Vincenzo lábon lõtte õt: Nico_Butler
[19:38:20] Joe_Wheeler lábon lõtte õt: Johny_Morales
[19:38:20] Dave_R_Vincenzo lábon lõtte õt: Joe_Wheeler
[19:43:01] Lucio_Zecchin lábon lõtte õt: Joker_Creed
[19:43:56] Ryan_B_Mike lábon lõtte õt: Lucio_Zecchin
[19:45:09] Ryan_B_Mike fejen lõtte õt: Damien_Creed
[19:46:25] Ryan_B_Mike lábon lõtte õt: Tom_Zecchin
[19:49:55] Connor_O_Neill meghalt (-), oka: Leesett - Pénz: 5749Ft - Pos: 50, 50, 2
[19:56:09] Thomas_Berzerk plusz kórház jail ideje 120 másodpercre nõtt (+120mp)
[19:56:09] Thomas_Berzerk lábon lõtte õt: Nick_R_Wilson
[20:03:08] Thomas_Berzerk fejen lõtte õt: Horvath_Adrian
[20:03:08] Thomas_Berzerk megölte Horvath_Adrian-t ezzel: MP5 - Pénz: 0Ft - Pos: -2495, 96, 35
[20:03:08] Thomas_Berzerk plusz kórház jail ideje 300 másodpercre nõtt (+180mp)
[20:05:54] Nick_R_Wilson meghalt (-), oka: Leesett - Pénz: 0Ft - Pos: -2509, 94, 23
[20:08:48] Lorand_Vincenzo plusz kórház jail ideje 960 másodpercre nõtt (+120mp)
[20:08:48] Lorand_Vincenzo lábon lõtte õt: Philip_Skipper
[20:08:48] Lorand_Vincenzo fejen lõtte õt: Szekely_Klara
[20:08:49] Lorand_Vincenzo megölte Szekely_Klara-t ezzel: MP5 - Pénz: 0Ft - Pos: -1945, -88, 25
[20:08:49] Lorand_Vincenzo plusz kórház jail ideje 1140 másodpercre nõtt (+180mp)
[20:10:50] Lorand_Vincenzo fejen lõtte õt: Levy_B_Hollywood
[20:10:50] Lorand_Vincenzo fejen lõtte õt: Levy_B_Hollywood
[20:10:50] Lorand_Vincenzo megölte Levy_B_Hollywood-t ezzel: MP5 - Pénz: 0Ft - Pos: -2005, -79, 34
[20:10:50] Lorand_Vincenzo plusz kórház jail ideje 1320 másodpercre nõtt (+180mp)
[20:10:59] Javier_B_Hollywood plusz kórház jail ideje 120 másodpercre nõtt (+120mp)
[20:10:59] Javier_B_Hollywood lábon lõtte õt: Lorand_Vincenzo
[20:11:11] Thomas_Berzerk fejen lõtte õt: Joe_Gates
[20:11:11] Thomas_Berzerk megölte Joe_Gates-t ezzel: Sniper - Pénz: 0Ft - Pos: -2433, 85, 34
[20:11:11] Thomas_Berzerk plusz kórház jail ideje 480 másodpercre nõtt (+180mp)
[20:13:26] Henrik_T_Scaletta plusz kórház jail ideje 240 másodpercre nõtt (+120mp)
[20:13:26] Henrik_T_Scaletta lábon lõtte õt: Thomas_Berzerk
[20:13:31] Henrik_T_Scaletta plusz kórház jail ideje 360 másodpercre nõtt (+120mp)
[20:13:31] Henrik_T_Scaletta lábon lõtte õt: Stefan_Berger
[20:13:47] Javier_B_Hollywood plusz kórház jail ideje 240 másodpercre nõtt (+120mp)
[20:13:47] Javier_B_Hollywood lábon lõtte õt: Akos_White
[20:25:35] Chris_S_Lucchese meghalt (-), oka: Leesett - Pénz: 0Ft - Pos: 1480, -1737, 13
[20:26:01] Kiraly_Hunor meghalt (-), oka: Leesett - Pénz: 0Ft - Pos: -760, -983, 80
[21:03:34] James_Creed meghalt (-), oka: Leesett - Pénz: 54800Ft - Pos: 2144, 1627, 23
[21:10:46] Niky_Winston meghalt (-), oka: Leesett - Pénz: 853Ft - Pos: 389, -2039, 17
[21:13:42] Hizusu_Weedman meghalt (-), oka: Leesett - Pénz: 0Ft - Pos: 1417, -1731, 13
[21:22:41] Zack_B_Zecchin plusz kórház jail ideje 120 másodpercre nõtt (+120mp)
[21:22:41] Zack_B_Zecchin lábon lõtte õt: Nelson_Washington
[21:23:36] Ralf_S_Tomasso sniperrel meglõtte õt: Davey_Sezario
[21:23:44] Ralf_S_Tomasso sniperrel meglõtte õt: Davey_Sezario
[21:23:45] Ralf_S_Tomasso sniperrel meglõtte õt: Davey_Sezario
[21:23:46] Ralf_S_Tomasso sniperrel meglõtte õt: Davey_Sezario
[21:23:46] Ralf_S_Tomasso megölte Davey_Sezario-t ezzel: Sniper - Pénz: 4102Ft - Pos: 2032, -2080, 13
[21:23:46] Ralf_S_Tomasso plusz kórház jail ideje 180 másodpercre nõtt (+180mp)
[21:23:51] Max_Sorrentino plusz kórház jail ideje 120 másodpercre nõtt (+120mp)
[21:23:51] Max_Sorrentino lábon lõtte õt: Joe_Gates
[21:23:52] Leone_S_Tomasso plusz kórház jail ideje 120 másodpercre nõtt (+120mp)
[21:23:52] Leone_S_Tomasso lábon lõtte õt: Max_Sorrentino
[21:24:00] Zack_B_Zecchin plusz kórház jail ideje 240 másodpercre nõtt (+120mp)
[21:24:00] Zack_B_Zecchin lábon lõtte õt: Edie_Morra
[21:24:26] Zack_B_Zecchin fejen lõtte õt: Kevin_S_Tomasso
[21:24:26] Zack_B_Zecchin megölte Kevin_S_Tomasso-t ezzel: AK47 - Pénz: 0Ft - Pos: 1271, -809, 1084
[21:24:26] Zack_B_Zecchin plusz kórház jail ideje 420 másodpercre nõtt (+180mp)
[21:24:56] Henrik_T_Scaletta fejen lõtte õt: Zack_B_Zecchin
[21:24:56] Henrik_T_Scaletta megölte Zack_B_Zecchin-t ezzel: Combat - Pénz: 0Ft - Pos: 1249, -800, 1084
[21:24:56] Henrik_T_Scaletta plusz kórház jail ideje 540 másodpercre nõtt (+180mp)
[21:27:38] Henry_Tomasino plusz kórház jail ideje 600 másodpercre nõtt (+120mp)
[21:27:38] Henry_Tomasino lábon lõtte õt: Bryan_B_Hollywood
[21:29:21] Georg_B_Hollywood plusz kórház jail ideje 120 másodpercre nõtt (+120mp)
[21:29:21] Georg_B_Hollywood lábon lõtte õt: Leone_S_Tomasso
[21:30:58] William_Cortez plusz kórház jail ideje 3360 másodpercre nõtt (+120mp)
[21:30:58] William_Cortez lábon lõtte õt: Phil_Stinson
[21:33:21] Johny_Morales fejen lõtte õt: Mark_B_Hollywood
[21:33:30] Georg_B_Hollywood megölte Joe_Gates-t ezzel: M4 - Pénz: 0Ft - Pos: 1266, -789, 1084
[21:33:30] Georg_B_Hollywood plusz kórház jail ideje 300 másodpercre nõtt (+180mp)
[21:33:31] Tom_Zecchin fejen lõtte õt: Ryder_B_Dueno
[21:34:31] Dave_R_Vincenzo sniperrel meglõtte õt: Nico_Butler
[21:35:19] Ryan_B_Mike lábon lõtte õt: Dominic_Vincenzo
[21:35:24] Lorand_Vincenzo fejen lõtte õt: Carlos_D_Surenos
[21:35:44] Patrick_Zecchin lábon lõtte õt: Kazuyoshi_Akira
[21:35:44] Patrick_Zecchin lábon lõtte õt: Ryan_B_Mike
[21:35:46] Patrick_Zecchin lábon lõtte õt: Joker_Creed
[21:35:48] Patrick_Zecchin lábon lõtte õt: Akos_White
[21:35:54] Patrick_Zecchin lábon lõtte õt: Lorand_Vincenzo
[21:36:49] Daniel_Scaletta plusz kórház jail ideje 120 másodpercre nõtt (+120mp)
[21:36:49] Daniel_Scaletta lábon lõtte õt: Wolczyk_T_Sorrentino
[21:37:36] Henry_Tomasino plusz kórház jail ideje 720 másodpercre nõtt (+120mp)
[21:37:36] Henry_Tomasino lábon lõtte õt: Jin_Sorrentino
[21:38:32] Mark_B_Hollywood meghalt (-), oka: Leesett - Pénz: 0Ft - Pos: 2799, -1698, 11
[21:42:02] Henry_Tomasino fejen lõtte õt: Edie_Morra
[21:42:02] Henry_Tomasino fejen lõtte õt: Edie_Morra
[21:42:02] Henry_Tomasino megölte Edie_Morra-t ezzel: MP5 - Pénz: 5762241Ft - Pos: 1268, -789, 1084
[21:42:02] Henry_Tomasino plusz kórház jail ideje 900 másodpercre nõtt (+180mp)
[21:42:22] Henry_Tomasino plusz kórház jail ideje 1020 másodpercre nõtt (+120mp)
[21:42:22] Henry_Tomasino lábon lõtte õt: Leone_S_Tomasso
[21:42:48] Krisztofer_Vincenzo fejen lõtte õt: Don_Sorrentino
[21:42:49] Krisztofer_Vincenzo megölte Don_Sorrentino-t ezzel: M4 - Pénz: 0Ft - Pos: 260, -1678, 9
[21:42:49] Krisztofer_Vincenzo plusz kórház jail ideje 300 másodpercre nõtt (+180mp)
[21:42:50] Krisztofer_Vincenzo fejen lõtte õt: Robert_Scaletta
[21:42:50] Krisztofer_Vincenzo megölte Robert_Scaletta-t ezzel: M4 - Pénz: 70780Ft - Pos: 266, -1681, 8
[21:42:50] Krisztofer_Vincenzo plusz kórház jail ideje 480 másodpercre nõtt (+180mp)
[21:46:35] William_Cortez plusz kórház jail ideje 3480 másodpercre nõtt (+120mp)
[21:46:35] William_Cortez lábon lõtte õt: Levy_B_Hollywood
[21:46:42] Daniel_Scaletta fejen lõtte õt: William_Cortez
[21:46:42] Daniel_Scaletta megölte William_Cortez-t ezzel: M4 - Pénz: 5325Ft - Pos: 1252, -811, 1084
[21:46:42] Daniel_Scaletta plusz kórház jail ideje 300 másodpercre nõtt (+180mp)
[21:47:06] Henry_Tomasino plusz kórház jail ideje 1140 másodpercre nõtt (+120mp)
[21:47:06] Henry_Tomasino lábon lõtte õt: Akos_Vincenzo
[21:47:24] Henry_Tomasino fejen lõtte õt: Akos_Vincenzo
[21:47:24] Henry_Tomasino megölte Akos_Vincenzo-t ezzel: MP5 - Pénz: 0Ft - Pos: 1266, -802, 1084
[21:47:24] Henry_Tomasino plusz kórház jail ideje 1320 másodpercre nõtt (+180mp)
[21:48:02] Henry_Tomasino fejen lõtte õt: Levy_B_Hollywood
[21:48:02] Henry_Tomasino megölte Levy_B_Hollywood-t ezzel: MP5 - Pénz: 0Ft - Pos: 1269, -802, 1084
[21:48:02] Henry_Tomasino plusz kórház jail ideje 1500 másodpercre nõtt (+180mp)
[21:49:37] Markus_D_Zecchin fejen lõtte õt: Phil_Stinson
[21:49:38] Markus_D_Zecchin megölte Phil_Stinson-t ezzel: M4 - Pénz: 7100Ft - Pos: 1270, -802, 1084
[21:49:38] Markus_D_Zecchin plusz kórház jail ideje 480 másodpercre nõtt (+180mp)
[21:49:51] Javier_B_Hollywood fejen lõtte õt: Markus_D_Zecchin
[21:49:52] Henry_Tomasino fejen lõtte õt: Javier_B_Hollywood
[21:49:52] Henry_Tomasino megölte Javier_B_Hollywood-t ezzel: MP5 - Pénz: 0Ft - Pos: 1271, -813, 1084
[21:49:52] Henry_Tomasino plusz kórház jail ideje 1680 másodpercre nõtt (+180mp)
[21:50:10] Henry_Tomasino fejen lõtte õt: Henrik_T_Scaletta
[21:50:10] Henry_Tomasino fejen lõtte õt: Henrik_T_Scaletta
[21:50:10] Henry_Tomasino megölte Henrik_T_Scaletta-t ezzel: MP5 - Pénz: 0Ft - Pos: 1268, -808, 1084
[21:50:10] Henry_Tomasino plusz kórház jail ideje 1860 másodpercre nõtt (+180mp)
[21:50:41] Henry_Tomasino plusz kórház jail ideje 1980 másodpercre nõtt (+120mp)
[21:50:41] Henry_Tomasino lábon lõtte õt: Bryan_B_Hollywood
[21:50:42] Henry_Tomasino megölte Bryan_B_Hollywood-t ezzel: MP5 - Pénz: 0Ft - Pos: 1273, -804, 1084
[21:50:42] Henry_Tomasino plusz kórház jail ideje 2160 másodpercre nõtt (+180mp)
[21:51:16] Georg_B_Hollywood plusz kórház jail ideje 420 másodpercre nõtt (+120mp)
[21:51:16] Georg_B_Hollywood lábon lõtte õt: Daniel_Scaletta
[21:52:19] Georg_B_Hollywood fejen lõtte õt: Nadasi_Gyorgy
[21:52:19] Georg_B_Hollywood megölte Nadasi_Gyorgy-t ezzel: M4 - Pénz: 0Ft - Pos: 1238, -815, 1084
[21:52:19] Georg_B_Hollywood plusz kórház jail ideje 600 másodpercre nõtt (+180mp)
[21:53:34] Henry_Tomasino fejen lõtte õt: Ralf_S_Tomasso
[21:53:34] Henry_Tomasino megölte Ralf_S_Tomasso-t ezzel: MP5 - Pénz: 0Ft - Pos: 1278, -798, 1084
[21:53:34] Henry_Tomasino plusz kórház jail ideje 2340 másodpercre nõtt (+180mp)
[21:54:14] Georg_B_Hollywood plusz kórház jail ideje 720 másodpercre nõtt (+120mp)
[21:54:14] Georg_B_Hollywood lábon lõtte õt: Rick_Aciano
[21:56:29] Hugo_Toretto meghalt (-), oka: Leesett - Pénz: 0Ft - Pos: -340, 288, 3
[21:59:54] Johny_Morales lábon lõtte õt: Nico_Butler
[21:59:56] Patrick_Zecchin sniperrel meglõtte õt: Lorand_Vincenzo
[21:59:57] Johny_Morales lábon lõtte õt: Kazuyoshi_Akira
[22:00:22] Ryan_B_Mike fejen lõtte õt: Patrick_Zecchin
[22:01:17] Carlos_D_Surenos fejen lõtte õt: Joker_Creed
[22:01:35] Ryan_B_Mike fejen lõtte õt: Johny_Morales
[22:03:39] Dave_R_Vincenzo sniperrel meglõtte õt: Ryan_B_Mike
[22:04:18] Joe_Gates fejen lõtte õt: Ralf_S_Tomasso
[22:04:18] Joe_Gates fejen lõtte õt: Ralf_S_Tomasso
[22:04:18] Joe_Gates megölte Ralf_S_Tomasso-t ezzel: M4 - Pénz: 0Ft - Pos: -475, -854, 50
[22:04:18] Joe_Gates plusz kórház jail ideje 180 másodpercre nõtt (+180mp)
[22:04:20] Joe_Gates fejen lõtte õt: Kevin_S_Tomasso
[22:04:20] Joe_Gates megölte Kevin_S_Tomasso-t ezzel: M4 - Pénz: 0Ft - Pos: -477, -855, 51
[22:04:20] Joe_Gates plusz kórház jail ideje 360 másodpercre nõtt (+180mp)
[22:04:26] Joe_Gates fejen lõtte õt: Nelson_Washington
[22:04:26] Joe_Gates megölte Nelson_Washington-t ezzel: M4 - Pénz: 35610Ft - Pos: -478, -855, 51
[22:04:26] Joe_Gates plusz kórház jail ideje 540 másodpercre nõtt (+180mp)
[22:05:51] Krisztofer_Vincenzo fejen lõtte õt: Joe_Gates
[22:05:51] Joe_Gates fejen lõtte õt: Krisztofer_Vincenzo
[22:05:51] Krisztofer_Vincenzo megölte Joe_Gates-t ezzel: M4 - Pénz: 35610Ft - Pos: -640, -996, 67
[22:05:51] Krisztofer_Vincenzo plusz kórház jail ideje 660 másodpercre nõtt (+180mp)
[22:05:51] Joe_Gates megölte Krisztofer_Vincenzo-t ezzel: M4 - Pénz: 150000Ft - Pos: -625, -979, 66
[22:05:51] Joe_Gates plusz kórház jail ideje 720 másodpercre nõtt (+180mp)
[22:06:00] Dave_R_Vincenzo sniperrel meglõtte õt: Ryder_B_Dueno
[22:08:00] Carlos_D_Surenos fejen lõtte õt: Mark_B_Hollywood
[22:14:21] Kevin_S_Tomasso sniperrel meglõtte õt: Leone_S_Tomasso
[22:14:28] Ralf_S_Tomasso sniperrel meglõtte õt: Leone_S_Tomasso
[22:14:29] Ralf_S_Tomasso megölte Leone_S_Tomasso-t ezzel: Sniper - Pénz: 0Ft - Pos: 875, -872, 77
[22:14:29] Ralf_S_Tomasso plusz kórház jail ideje 180 másodpercre nõtt (+180mp)
[22:17:23] Jin_Sorrentino sniperrel meglõtte õt: Dom_Wheeler
[22:17:54] Ralf_S_Tomasso fejen lõtte õt: Georg_B_Hollywood
[22:17:54] Ralf_S_Tomasso megölte Georg_B_Hollywood-t ezzel: M4 - Pénz: 0Ft - Pos: 1488, -1062, 23
[22:17:54] Ralf_S_Tomasso plusz kórház jail ideje 360 másodpercre nõtt (+180mp)
[22:18:29] Kevin_S_Tomasso sniperrel meglõtte õt: Jin_Sorrentino
[22:26:03] Carlos_D_Surenos plusz kórház jail ideje 120 másodpercre nõtt (+120mp)
[22:26:03] Carlos_D_Surenos lábon lõtte õt: Adele_Scaletta
[22:26:08] Tom_Zecchin fejen lõtte õt: Ralf_S_Tomasso
[22:26:09] Tom_Zecchin megölte Ralf_S_Tomasso-t ezzel: MP5 - Pénz: 0Ft - Pos: 1557, -1070, 34
[22:26:09] Tom_Zecchin plusz kórház jail ideje 180 másodpercre nõtt (+180mp)
[22:26:18] Kevin_S_Tomasso plusz kórház jail ideje 120 másodpercre nõtt (+120mp)
[22:26:18] Kevin_S_Tomasso lábon lõtte õt: Tom_Zecchin
[22:26:35] Carlos_D_Surenos fejen lõtte õt: Hizusu_Weedman
[22:26:35] Carlos_D_Surenos megölte Hizusu_Weedman-t ezzel: MP5 - Pénz: 0Ft - Pos: 1477, -1128, 23
[22:26:35] Carlos_D_Surenos plusz kórház jail ideje 300 másodpercre nõtt (+180mp)
[22:26:48] Hugo_Toretto sniperrel meglõtte õt: Robert_Scaletta
[22:26:55] Carlos_D_Surenos fejen lõtte õt: Joe_Gates
[22:26:55] Carlos_D_Surenos megölte Joe_Gates-t ezzel: MP5 - Pénz: 0Ft - Pos: 1446, -1160, 23
[22:26:55] Carlos_D_Surenos plusz kórház jail ideje 480 másodpercre nõtt (+180mp)
[22:29:47] Hugo_Toretto sniperrel meglõtte õt: Nelson_Washington
[22:30:08] Javier_B_Hollywood fejen lõtte õt: Carlos_D_Surenos
[22:30:08] Javier_B_Hollywood megölte Carlos_D_Surenos-t ezzel: MP5 - Pénz: 0Ft - Pos: 1062, -1322, 13
[22:30:08] Javier_B_Hollywood plusz kórház jail ideje 180 másodpercre nõtt (+180mp)
[22:31:19] Hugo_Toretto fejen lõtte õt: Levy_B_Hollywood
[22:31:19] Hugo_Toretto megölte Levy_B_Hollywood-t ezzel: M4 - Pénz: 0Ft - Pos: 1434, -1033, 23
[22:31:19] Hugo_Toretto plusz kórház jail ideje 180 másodpercre nõtt (+180mp)
[22:31:43] Pekano_S_Barett fejen lõtte õt: Albert_Kesselring
[22:31:43] Pekano_S_Barett megölte Albert_Kesselring-t ezzel: M4 - Pénz: 0Ft - Pos: 1510, -1042, 23
[22:31:43] Pekano_S_Barett plusz kórház jail ideje 180 másodpercre nõtt (+180mp)
[22:31:44] Pekano_S_Barett fejen lõtte õt: Jin_Sorrentino
[22:31:44] Pekano_S_Barett megölte Jin_Sorrentino-t ezzel: M4 - Pénz: 0Ft - Pos: 1510, -1042, 23
[22:31:44] Pekano_S_Barett plusz kórház jail ideje 360 másodpercre nõtt (+180mp)
[22:31:52] Pekano_S_Barett fejen lõtte õt: Phil_Stinson
[22:31:52] Pekano_S_Barett megölte Phil_Stinson-t ezzel: M4 - Pénz: 161912Ft - Pos: 1508, -1045, 23
[22:31:52] Pekano_S_Barett plusz kórház jail ideje 540 másodpercre nõtt (+180mp)
[22:32:10] Hugo_Toretto plusz kórház jail ideje 300 másodpercre nõtt (+120mp)
[22:32:10] Hugo_Toretto lábon lõtte õt: Javier_B_Hollywood
[22:32:40] Hugo_Toretto sniperrel meglõtte õt: Daniel_Scaletta
[22:34:55] Valor_Colin plusz kórház jail ideje 120 másodpercre nõtt (+120mp)
[22:34:55] Valor_Colin lábon lõtte õt: Damien_Creed
[22:38:40] Hugo_Toretto fejen lõtte õt: Daryl_Aciano
[22:38:40] Hugo_Toretto megölte Daryl_Aciano-t ezzel: M4 - Pénz: 0Ft - Pos: 1448, -1035, 23
[22:38:40] Hugo_Toretto plusz kórház jail ideje 480 másodpercre nõtt (+180mp)
[22:39:56] Johny_Morales plusz kórház jail ideje 720 másodpercre nõtt (+120mp)
[22:39:56] Johny_Morales lábon lõtte õt: Valor_Colin
[22:40:56] Nelson_Washington fejen lõtte õt: Blake_B_Salvatore
[22:40:56] Nelson_Washington megölte Blake_B_Salvatore-t ezzel: Sniper - Pénz: 7416Ft - Pos: 2193, -1868, 17
[22:40:56] Nelson_Washington plusz kórház jail ideje 180 másodpercre nõtt (+180mp)
[22:41:46] Tom_Zecchin plusz kórház jail ideje 120 másodpercre nõtt (+120mp)
[22:41:46] Tom_Zecchin lábon lõtte õt: Nelson_Washington
[22:42:37] Hugo_Toretto plusz kórház jail ideje 600 másodpercre nõtt (+120mp)
[22:42:37] Hugo_Toretto lábon lõtte õt: Zero_Hopkins
[22:45:12] Tom_Zecchin fejen lõtte õt: Henrik_T_Scaletta
[22:45:12] Tom_Zecchin megölte Henrik_T_Scaletta-t ezzel: M4 - Pénz: 0Ft - Pos: 2123, -1867, 17
[22:45:12] Tom_Zecchin plusz kórház jail ideje 300 másodpercre nõtt (+180mp)
[22:47:04] Henry_Tomasino meghalt (-), oka: Leesett - Pénz: 0Ft - Pos: 1431, -2179, 13
[22:47:52] Hugo_Toretto fejen lõtte õt: Akos_Vincenzo
[22:47:52] Hugo_Toretto megölte Akos_Vincenzo-t ezzel: M4 - Pénz: 0Ft - Pos: 1792, -2067, 13
[22:47:52] Hugo_Toretto plusz kórház jail ideje 780 másodpercre nõtt (+180mp)
[22:48:44] Hugo_Toretto plusz kórház jail ideje 900 másodpercre nõtt (+120mp)
[22:48:44] Hugo_Toretto lábon lõtte õt: Javier_B_Hollywood
[22:49:27] Hugo_Toretto plusz kórház jail ideje 1020 másodpercre nõtt (+120mp)
[22:49:27] Hugo_Toretto lábon lõtte õt: Levy_B_Hollywood
[22:50:00] Carlos_D_Surenos plusz kórház jail ideje 120 másodpercre nõtt (+120mp)
[22:50:00] Carlos_D_Surenos lábon lõtte õt: Torres_Butler
[22:52:03] Hugo_Toretto plusz kórház jail ideje 1140 másodpercre nõtt (+120mp)
[22:52:03] Hugo_Toretto lábon lõtte õt: Levy_B_Hollywood
[22:55:12] Valor_Colin plusz kórház jail ideje 240 másodpercre nõtt (+120mp)
[22:55:12] Valor_Colin lábon lõtte õt: Hugo_Toretto
[22:55:14] Carlos_D_Surenos plusz kórház jail ideje 240 másodpercre nõtt (+120mp)
[22:55:14] Carlos_D_Surenos lábon lõtte õt: Valor_Colin
[22:56:16] Leone_S_Tomasso fejen lõtte õt: Carlos_D_Surenos
[22:56:16] Leone_S_Tomasso megölte Carlos_D_Surenos-t ezzel: M4 - Pénz: 0Ft - Pos: 1874, -1962, 19
[22:56:16] Leone_S_Tomasso plusz kórház jail ideje 180 másodpercre nõtt (+180mp)
[22:56:25] Ventura_Zecchin sniperrel meglõtte õt: Levy_B_Hollywood
[22:56:54] Joe_Gates fejen lõtte õt: Ventura_Zecchin
[22:56:54] Joe_Gates megölte Ventura_Zecchin-t ezzel: M4 - Pénz: 0Ft - Pos: 1867, -1939, 13
[22:56:54] Joe_Gates plusz kórház jail ideje 180 másodpercre nõtt (+180mp)
[22:57:22] Leone_S_Tomasso fejen lõtte õt: Ryan_Brasco
[22:57:22] Leone_S_Tomasso megölte Ryan_Brasco-t ezzel: M4 - Pénz: 0Ft - Pos: 1830, -1929, 13
[22:57:22] Leone_S_Tomasso plusz kórház jail ideje 360 másodpercre nõtt (+180mp)
[22:58:06] Ralf_S_Tomasso plusz kórház jail ideje 120 másodpercre nõtt (+120mp)
[22:58:06] Ralf_S_Tomasso lábon lõtte õt: Leone_S_Tomasso
[23:09:35] Ventura_Zecchin fejen lõtte õt: Stefan_D_Zecchin
[23:09:35] Ventura_Zecchin megölte Stefan_D_Zecchin-t ezzel: MP5 - Pénz: 0Ft - Pos: 1359, -1301, 13
[23:09:35] Ventura_Zecchin plusz kórház jail ideje 180 másodpercre nõtt (+180mp)
[23:13:05] Daryl_Aciano fejen lõtte õt: Hans_Cooper
[23:13:05] Daryl_Aciano megölte Hans_Cooper-t ezzel: MP5 - Pénz: 500Ft - Pos: -1803, -161, 8
[23:13:05] Daryl_Aciano plusz kórház jail ideje 180 másodpercre nõtt (+180mp)
[23:13:34] Phil_Stinson plusz kórház jail ideje 120 másodpercre nõtt (+120mp)
[23:13:34] Phil_Stinson lábon lõtte õt: Daryl_Aciano
[23:13:42] Keny_Da_Silva plusz kórház jail ideje 120 másodpercre nõtt (+120mp)
[23:13:42] Keny_Da_Silva lábon lõtte õt: Damien_Creed
[23:16:09] Carlos_D_Surenos plusz kórház jail ideje 120 másodpercre nõtt (+120mp)
[23:16:09] Carlos_D_Surenos lábon lõtte õt: Adele_Scaletta
[23:17:32] Hugo_Toretto fejen lõtte õt: Nelson_Washington
[23:17:32] Hugo_Toretto megölte Nelson_Washington-t ezzel: M4 - Pénz: 0Ft - Pos: 2026, -1281, 43
[23:17:32] Hugo_Toretto plusz kórház jail ideje 1320 másodpercre nõtt (+180mp)
[23:18:36] Hugo_Toretto fejen lõtte õt: Valor_Colin
[23:18:36] Hugo_Toretto megölte Valor_Colin-t ezzel: M4 - Pénz: 0Ft - Pos: 1936, -1267, 18
[23:18:36] Hugo_Toretto plusz kórház jail ideje 1500 másodpercre nõtt (+180mp)
[23:18:37] Hugo_Toretto fejen lõtte õt: Shura_Sharma
[23:18:37] Hugo_Toretto megölte Shura_Sharma-t ezzel: M4 - Pénz: 0Ft - Pos: 1935, -1267, 18
[23:18:37] Hugo_Toretto plusz kórház jail ideje 1680 másodpercre nõtt (+180mp)
[23:18:55] Hugo_Toretto plusz kórház jail ideje 1800 másodpercre nõtt (+120mp)
[23:18:55] Hugo_Toretto lábon lõtte õt: Joe_Gates
[23:18:57] Tom_Zecchin plusz kórház jail ideje 420 másodpercre nõtt (+120mp)
[23:18:57] Tom_Zecchin lábon lõtte õt: Leone_S_Tomasso
[23:19:13] Kevin_L_Saltzman sniperrel meglõtte õt: Hugo_Toretto
[23:19:19] Kevin_L_Saltzman sniperrel meglõtte õt: Hugo_Toretto
[23:19:20] Kevin_L_Saltzman sniperrel meglõtte õt: Hugo_Toretto
[23:19:22] Kevin_L_Saltzman sniperrel meglõtte õt: Hugo_Toretto
[23:19:46] Kevin_L_Saltzman sniperrel meglõtte õt: Zack_B_Zecchin
[23:19:49] Kevin_L_Saltzman sniperrel meglõtte õt: Hugo_Toretto
[23:19:49] Kevin_L_Saltzman sniperrel meglõtte õt: Hugo_Toretto
[23:19:49] Kevin_L_Saltzman megölte Hugo_Toretto-t ezzel: Sniper - Pénz: 0Ft - Pos: 2063, -1238, 23
[23:19:49] Kevin_L_Saltzman plusz kórház jail ideje 180 másodpercre nõtt (+180mp)
[23:19:52] Tom_Zecchin fejen lõtte õt: Kevin_L_Saltzman
[23:19:52] Tom_Zecchin megölte Kevin_L_Saltzman-t ezzel: AK47 - Pénz: 0Ft - Pos: 2095, -1397, 23
[23:19:52] Tom_Zecchin plusz kórház jail ideje 600 másodpercre nõtt (+180mp)
[23:20:25] Henrik_T_Scaletta sniperrel meglõtte õt: Stefan_D_Zecchin
[23:20:53] Hizusu_Weedman plusz kórház jail ideje 120 másodpercre nõtt (+120mp)
[23:20:53] Hizusu_Weedman lábon lõtte õt: Damien_Creed
[23:21:03] Henrik_T_Scaletta sniperrel meglõtte õt: Ventura_Zecchin
[23:21:08] Keny_Da_Silva plusz kórház jail ideje 240 másodpercre nõtt (+120mp)
[23:21:08] Keny_Da_Silva lábon lõtte õt: Pekano_S_Barett
[23:21:14] Hizusu_Weedman plusz kórház jail ideje 240 másodpercre nõtt (+120mp)
[23:21:14] Hizusu_Weedman lábon lõtte õt: Keny_Da_Silva
[23:21:30] Henrik_T_Scaletta sniperrel meglõtte õt: Zack_B_Zecchin
[23:22:33] Tom_Zecchin fejen lõtte õt: Henrik_T_Scaletta
[23:22:33] Tom_Zecchin megölte Henrik_T_Scaletta-t ezzel: Sniper - Pénz: 0Ft - Pos: 1961, -1283, 53
[23:22:33] Tom_Zecchin plusz kórház jail ideje 780 másodpercre nõtt (+180mp)
[23:26:16] Tom_Zecchin megölte Ventura_Zecchin-t ezzel: AK47 - Pénz: 0Ft - Pos: 2058, -1230, 23
[23:26:16] Tom_Zecchin plusz kórház jail ideje 960 másodpercre nõtt (+180mp)
[23:26:22] Tom_Zecchin plusz kórház jail ideje 1080 másodpercre nõtt (+120mp)
[23:26:22] Tom_Zecchin lábon lõtte õt: Chris_S_Black
[23:26:22] Tom_Zecchin plusz kórház jail ideje 1200 másodpercre nõtt (+120mp)
[23:26:22] Tom_Zecchin lábon lõtte õt: Chris_S_Black
[23:26:22] Tom_Zecchin megölte Chris_S_Black-t ezzel: AK47 - Pénz: 30000Ft - Pos: 2057, -1235, 23
[23:26:22] Tom_Zecchin plusz kórház jail ideje 1380 másodpercre nõtt (+180mp)
[23:27:15] Tom_Zecchin fejen lõtte õt: Leone_S_Tomasso
[23:27:15] Tom_Zecchin megölte Leone_S_Tomasso-t ezzel: AK47 - Pénz: 0Ft - Pos: 2059, -1236, 23
[23:27:15] Tom_Zecchin plusz kórház jail ideje 1560 másodpercre nõtt (+180mp)
[23:27:54] Tom_Zecchin plusz kórház jail ideje 1680 másodpercre nõtt (+120mp)
[23:27:54] Tom_Zecchin lábon lõtte õt: Georg_B_Hollywood
[23:31:57] Carlos_D_Surenos fejen lõtte õt: Don_Sorrentino
[23:31:57] Carlos_D_Surenos megölte Don_Sorrentino-t ezzel: M4 - Pénz: 0Ft - Pos: 2069, -1230, 23
[23:31:57] Carlos_D_Surenos plusz kórház jail ideje 300 másodpercre nõtt (+180mp)
[23:42:36] Hizusu_Weedman meghalt (-), oka: Leesett - Pénz: 0Ft - Pos: 1503, -1729, 13
[23:47:01] Georg_B_Hollywood fejen lõtte õt: Valor_Colin
[23:47:01] Georg_B_Hollywood megölte Valor_Colin-t ezzel: MP5 - Pénz: 0Ft - Pos: 1483, -1066, 23
[23:47:01] Georg_B_Hollywood plusz kórház jail ideje 180 másodpercre nõtt (+180mp)
[23:47:04] Krist_Roscoe plusz kórház jail ideje 120 másodpercre nõtt (+120mp)
[23:47:04] Krist_Roscoe lábon lõtte õt: Georg_B_Hollywood
[23:47:37] Krist_Roscoe fejen lõtte õt: Sidney_Tribiani
[23:47:37] Krist_Roscoe megölte Sidney_Tribiani-t ezzel: M4 - Pénz: 30000Ft - Pos: 1471, -1086, 23
[23:47:37] Krist_Roscoe plusz kórház jail ideje 300 másodpercre nõtt (+180mp)
[23:47:47] Parag_Peter meghalt (-), oka: Leesett - Pénz: 0Ft - Pos: 1545, -1733, 13
[23:48:51] Jin_Sorrentino fejen lõtte õt: Kevin_L_Saltzman
[23:48:51] Jin_Sorrentino megölte Kevin_L_Saltzman-t ezzel: Sniper - Pénz: 0Ft - Pos: 1556, -1041, 51
[23:48:51] Jin_Sorrentino plusz kórház jail ideje 180 másodpercre nõtt (+180mp)
[23:49:36] Joe_Gates fejen lõtte õt: Johny_Morales
[23:49:36] Joe_Gates megölte Johny_Morales-t ezzel: M4 - Pénz: 182713Ft - Pos: 1911, -2422, 13
[23:49:36] Joe_Gates plusz kórház jail ideje 180 másodpercre nõtt (+180mp)
[23:49:36] Stefan_D_Zecchin plusz kórház jail ideje 120 másodpercre nõtt (+120mp)
[23:49:36] Stefan_D_Zecchin lábon lõtte õt: Joe_Gates
[23:49:36] Damien_Creed fejen lõtte õt: Joe_Gates
[23:49:36] Damien_Creed megölte Joe_Gates-t ezzel: AK47 - Pénz: 0Ft - Pos: 1911, -2421, 13
[23:49:36] Damien_Creed plusz kórház jail ideje 180 másodpercre nõtt (+180mp)
[23:49:59] Don_Sorrentino plusz kórház jail ideje 120 másodpercre nõtt (+120mp)
[23:49:59] Don_Sorrentino lábon lõtte õt: Shura_Sharma
[23:50:10] Tom_Zecchin plusz kórház jail ideje 1800 másodpercre nõtt (+120mp)
[23:50:10] Tom_Zecchin lábon lõtte õt: Henrik_T_Scaletta
[23:50:36] Zero_Hopkins fejen lõtte õt: Jin_Sorrentino
[23:50:36] Zero_Hopkins megölte Jin_Sorrentino-t ezzel: Sniper - Pénz: 0Ft - Pos: 1639, -1003, 62
[23:50:36] Zero_Hopkins plusz kórház jail ideje 360 másodpercre nõtt (+180mp)
[23:53:11] Matt_Creed fejen lõtte õt: Carlos_D_Surenos
[23:53:11] Matt_Creed megölte Carlos_D_Surenos-t ezzel: AK47 - Pénz: 0Ft - Pos: 1656, -1052, 61
[23:53:11] Matt_Creed plusz kórház jail ideje 180 másodpercre nõtt (+180mp)
[23:53:16] Antonn_Fedorov sniperrel meglõtte õt: Zero_Hopkins
[23:53:24] Torres_Butler fejen lõtte õt: Pekano_S_Barett
[23:53:24] Torres_Butler megölte Pekano_S_Barett-t ezzel: M4 - Pénz: 1762Ft - Pos: 1537, -972, 37
[23:53:24] Torres_Butler plusz kórház jail ideje 180 másodpercre nõtt (+180mp)
[23:53:51] Blake_B_Salvatore sniperrel meglõtte õt: Tom_Zecchin
[23:54:09] Hugo_Toretto fejen lõtte õt: Matt_Creed
[23:54:09] Hugo_Toretto megölte Matt_Creed-t ezzel: M4 - Pénz: 0Ft - Pos: 1569, -1060, 52
[23:54:09] Hugo_Toretto plusz kórház jail ideje 180 másodpercre nõtt (+180mp)
[23:54:10] Hugo_Toretto fejen lõtte õt: Krist_Roscoe
[23:54:10] Hugo_Toretto megölte Krist_Roscoe-t ezzel: M4 - Pénz: 0Ft - Pos: 1568, -1058, 52
[23:54:10] Hugo_Toretto plusz kórház jail ideje 360 másodpercre nõtt (+180mp)
[23:54:18] Marcel_B_Hollywood sniperrel meglõtte õt: Damien_Creed
[23:55:08] Hugo_Toretto sniperrel meglõtte õt: Levy_B_Hollywood
[23:55:33] Marcel_B_Hollywood plusz kórház jail ideje 120 másodpercre nõtt (+120mp)
[23:55:33] Marcel_B_Hollywood lábon lõtte õt: Dominic_Vincenzo
[23:57:02] Antonn_Fedorov sniperrel meglõtte õt: Blake_B_Salvatore
[23:57:56] Marcel_B_Hollywood plusz kórház jail ideje 240 másodpercre nõtt (+120mp)
[23:57:56] Marcel_B_Hollywood lábon lõtte õt: Stefan_D_Zecchin
[23:58:05] Marcel_B_Hollywood fejen lõtte õt: Stefan_D_Zecchin
[23:58:05] Marcel_B_Hollywood megölte Stefan_D_Zecchin-t ezzel: M4 - Pénz: 0Ft - Pos: 1416, -861, 47
[23:58:05] Marcel_B_Hollywood plusz kórház jail ideje 420 másodpercre nõtt (+180mp)
