[00:52:51] Matt_Creed fejen lõtte õt: Diego_Aciano
[00:52:51] Matt_Creed megölte Diego_Aciano-t ezzel: Deagle - Pénz: 6000Ft - Pos: 2167, -2285, 13
[00:52:51] Matt_Creed plusz kórház jail ideje 540 másodpercre nõtt (+180mp)
[00:53:40] Matt_Creed fejen lõtte õt: Dom_Aciano
[00:53:41] Matt_Creed megölte Dom_Aciano-t ezzel: Deagle - Pénz: 0Ft - Pos: 2165, -2286, 13
[00:53:41] Matt_Creed plusz kórház jail ideje 720 másodpercre nõtt (+180mp)
[01:01:58] Connor_O_Neill meghalt (-), oka: Leesett - Pénz: 0Ft - Pos: 1131, -811, 71
[01:56:46] Diego_Aciano plusz kórház jail ideje 120 másodpercre nõtt (+120mp)
[01:56:46] Diego_Aciano lábon lõtte õt: Oliver_Aciano
[02:00:02] Elwood_JR_Sorrentino sniperrel meglõtte õt: Torres_Butler
[04:14:29] Marcell_O_Neill meghalt (-), oka: Leesett - Pénz: 5938285Ft - Pos: -17, -1120, 8
[06:56:25] Kulcsar_Tamas meghalt (-), oka: Leesett - Pénz: 10000000Ft - Pos: 918, -1194, 18
[11:23:08] Tyson_M_Harris meghalt (-), oka: Leesett - Pénz: 21100Ft - Pos: 1373, -2493, 15
[11:56:18] Jizzy_Mc_Deguchi meghalt (-), oka: Leesett - Pénz: 6234Ft - Pos: 299, 179, -3
[12:09:15] Kevin_S_Tomasso fejen lõtte õt: Victor_Jr_Zecchin
[12:09:15] Kevin_S_Tomasso megölte Victor_Jr_Zecchin-t ezzel: M4 - Pénz: 0Ft - Pos: 1936, -1795, 13
[12:09:15] Kevin_S_Tomasso plusz kórház jail ideje 180 másodpercre nõtt (+180mp)
[12:09:40] Kevin_S_Tomasso fejen lõtte õt: Damien_Creed
[12:09:41] Kevin_S_Tomasso megölte Damien_Creed-t ezzel: M4 - Pénz: 0Ft - Pos: 1925, -1795, 13
[12:09:41] Kevin_S_Tomasso plusz kórház jail ideje 360 másodpercre nõtt (+180mp)
[12:59:34] Ralf_S_Tomasso fejen lõtte õt: Victor_Jr_Zecchin
[12:59:35] Ralf_S_Tomasso megölte Victor_Jr_Zecchin-t ezzel: M4 - Pénz: 0Ft - Pos: 1806, -2075, 13
[12:59:35] Ralf_S_Tomasso plusz kórház jail ideje 180 másodpercre nõtt (+180mp)
[13:00:40] Krisztofer_Vincenzo sniperrel meglõtte õt: Jin_Sorrentino
[13:01:07] Kevin_S_Tomasso fejen lõtte õt: Kevin_R_Sorrentino
[13:01:07] Kevin_S_Tomasso megölte Kevin_R_Sorrentino-t ezzel: M4 - Pénz: 6000Ft - Pos: 1444, 1554, 15
[13:01:07] Kevin_S_Tomasso plusz kórház jail ideje 540 másodpercre nõtt (+180mp)
[13:01:28] Elwood_JR_Sorrentino fejen lõtte õt: Jin_Sorrentino
[13:01:28] Elwood_JR_Sorrentino megölte Jin_Sorrentino-t ezzel: M4 - Pénz: 0Ft - Pos: 1807, -2099, 13
[13:01:28] Elwood_JR_Sorrentino plusz kórház jail ideje 180 másodpercre nõtt (+180mp)
[13:01:28] Elwood_JR_Sorrentino fejen lõtte õt: Jin_Sorrentino
[13:05:46] Kevin_S_Tomasso fejen lõtte õt: Damien_Creed
[13:05:47] Kevin_S_Tomasso megölte Damien_Creed-t ezzel: M4 - Pénz: 78515Ft - Pos: 1768, -2032, 13
[13:05:47] Kevin_S_Tomasso plusz kórház jail ideje 720 másodpercre nõtt (+180mp)
[13:05:47] Kevin_S_Tomasso fejen lõtte õt: Damien_Creed
[13:05:47] Kevin_S_Tomasso megölte Damien_Creed-t ezzel: M4 - Pénz: 0Ft - Pos: 0, 0, 0
[13:05:47] Kevin_S_Tomasso plusz kórház jail ideje 900 másodpercre nõtt (+180mp)
[13:33:29] Krisztofer_Vincenzo fejen lõtte õt: Patrick_Zecchin
[13:33:29] Krisztofer_Vincenzo megölte Patrick_Zecchin-t ezzel: MP5 - Pénz: 0Ft - Pos: -1758, -1697, 33
[13:33:29] Krisztofer_Vincenzo plusz kórház jail ideje 180 másodpercre nõtt (+180mp)
[13:33:35] Kevin_S_Tomasso fejen lõtte õt: Krisztofer_Vincenzo
[13:33:35] Kevin_S_Tomasso megölte Krisztofer_Vincenzo-t ezzel: M4 - Pénz: 0Ft - Pos: -1785, -1692, 31
[13:33:35] Kevin_S_Tomasso plusz kórház jail ideje 1080 másodpercre nõtt (+180mp)
[13:53:59] Elwood_JR_Sorrentino fejen lõtte õt: Steve_Aoki
[13:53:59] Elwood_JR_Sorrentino fejen lõtte õt: Steve_Aoki
[13:53:59] Elwood_JR_Sorrentino megölte Steve_Aoki-t ezzel: M4 - Pénz: 83271Ft - Pos: 1519, -2418, 1
[13:53:59] Elwood_JR_Sorrentino plusz kórház jail ideje 360 másodpercre nõtt (+180mp)
[13:54:00] Elwood_JR_Sorrentino fejen lõtte õt: Travis_Dominguez
[13:54:00] Elwood_JR_Sorrentino megölte Travis_Dominguez-t ezzel: M4 - Pénz: 0Ft - Pos: 1519, -2418, 1
[13:54:00] Elwood_JR_Sorrentino plusz kórház jail ideje 540 másodpercre nõtt (+180mp)
[13:54:00] Kevin_S_Tomasso plusz kórház jail ideje 1200 másodpercre nõtt (+120mp)
[13:54:00] Kevin_S_Tomasso lábon lõtte õt: Elwood_JR_Sorrentino
[13:54:01] Kevin_S_Tomasso plusz kórház jail ideje 1320 másodpercre nõtt (+120mp)
[13:54:01] Kevin_S_Tomasso lábon lõtte õt: Elwood_JR_Sorrentino
[14:38:49] Franklin_Morales megölte Danno_Derossi-t ezzel: MP5 - Pénz: 104625Ft - Pos: 1195, -1357, 13
[14:38:49] Franklin_Morales plusz kórház jail ideje 180 másodpercre nõtt (+180mp)
[14:39:52] Franklin_Morales fejen lõtte õt: Patrick_Zecchin
[14:39:52] Franklin_Morales megölte Patrick_Zecchin-t ezzel: MP5 - Pénz: 0Ft - Pos: 1176, -1401, 13
[14:39:52] Franklin_Morales plusz kórház jail ideje 360 másodpercre nõtt (+180mp)
[14:39:52] Franklin_Morales fejen lõtte õt: Kevin_S_Tomasso
[14:39:52] Franklin_Morales megölte Kevin_S_Tomasso-t ezzel: MP5 - Pénz: 0Ft - Pos: 1175, -1403, 13
[14:39:52] Franklin_Morales plusz kórház jail ideje 540 másodpercre nõtt (+180mp)
[14:39:54] Franklin_Morales fejen lõtte õt: Steve_Aoki
[14:39:54] Franklin_Morales megölte Steve_Aoki-t ezzel: MP5 - Pénz: 0Ft - Pos: 1147, -1405, 13
[14:39:54] Franklin_Morales plusz kórház jail ideje 720 másodpercre nõtt (+180mp)
[14:40:56] Ralf_S_Tomasso fejen lõtte õt: Gunnar_Jensen
[14:40:56] Ralf_S_Tomasso megölte Gunnar_Jensen-t ezzel: M4 - Pénz: 300000Ft - Pos: 1146, -1406, 13
[14:40:56] Ralf_S_Tomasso plusz kórház jail ideje 360 másodpercre nõtt (+180mp)
[14:40:57] Ralf_S_Tomasso plusz kórház jail ideje 480 másodpercre nõtt (+120mp)
[14:40:57] Ralf_S_Tomasso lábon lõtte õt: Franklin_Morales
[14:57:56] Krisztofer_Vincenzo plusz kórház jail ideje 120 másodpercre nõtt (+120mp)
[14:57:56] Krisztofer_Vincenzo lábon lõtte õt: Patrick_Zecchin
[14:57:59] Steve_Aoki fejen lõtte õt: Krisztofer_Vincenzo
[14:57:59] Krisztofer_Vincenzo plusz kórház jail ideje 240 másodpercre nõtt (+120mp)
[14:57:59] Krisztofer_Vincenzo lábon lõtte õt: Steve_Aoki
[14:57:59] Steve_Aoki megölte Krisztofer_Vincenzo-t ezzel: MP5 - Pénz: 1180245Ft - Pos: 1896, -2429, 13
[14:57:59] Steve_Aoki plusz kórház jail ideje 180 másodpercre nõtt (+180mp)
[14:58:04] Ralf_S_Tomasso plusz kórház jail ideje 600 másodpercre nõtt (+120mp)
[14:58:04] Ralf_S_Tomasso lábon lõtte õt: Dominic_Vincenzo
[14:58:15] Damien_Creed plusz kórház jail ideje 120 másodpercre nõtt (+120mp)
[14:58:15] Damien_Creed lábon lõtte õt: Jin_Sorrentino
[14:58:15] Damien_Creed plusz kórház jail ideje 240 másodpercre nõtt (+120mp)
[14:58:15] Damien_Creed lábon lõtte õt: Jin_Sorrentino
[14:58:31] Sifu_D_Sorrentino fejen lõtte õt: Damien_Creed
[14:58:32] Sifu_D_Sorrentino megölte Damien_Creed-t ezzel: MP5 - Pénz: 0Ft - Pos: 1458, -1032, 23
[14:58:32] Sifu_D_Sorrentino plusz kórház jail ideje 180 másodpercre nõtt (+180mp)
[15:02:38] Dom_Aciano fejen lõtte õt: Lorand_B_Hollywood
[15:02:38] Dom_Aciano megölte Lorand_B_Hollywood-t ezzel: MP5 - Pénz: 0Ft - Pos: 1548, -1101, 25
[15:02:38] Dom_Aciano plusz kórház jail ideje 180 másodpercre nõtt (+180mp)
[15:03:24] Dom_Aciano plusz kórház jail ideje 300 másodpercre nõtt (+120mp)
[15:03:24] Dom_Aciano lábon lõtte õt: Henrik_T_Scaletta
[15:03:35] Jin_Sorrentino plusz kórház jail ideje 25 másodpercre nõtt (+120mp)
[15:03:35] Jin_Sorrentino lábon lõtte õt: Diego_Aciano
[15:03:35] Jin_Sorrentino plusz kórház jail ideje 145 másodpercre nõtt (+120mp)
[15:03:35] Jin_Sorrentino lábon lõtte õt: Dom_Aciano
[15:04:23] Algernon_Youngmay meghalt (-), oka: Leesett - Pénz: 6780Ft - Pos: 1833, -1846, 13
[16:02:04] Damien_Creed fejen lõtte õt: Vlad_D_Dueno
[16:02:04] Damien_Creed megölte Vlad_D_Dueno-t ezzel: MP5 - Pénz: 751307Ft - Pos: -1531, -313, 6
[16:02:04] Damien_Creed plusz kórház jail ideje 180 másodpercre nõtt (+180mp)
[16:05:01] Damien_Creed fejen lõtte õt: Bence_S_Kennedy
[16:05:01] Damien_Creed megölte Bence_S_Kennedy-t ezzel: MP5 - Pénz: 7014Ft - Pos: -1774, -575, 16
[16:05:01] Damien_Creed plusz kórház jail ideje 360 másodpercre nõtt (+180mp)
[16:05:01] Damien_Creed fejen lõtte õt: Bence_S_Kennedy
[16:14:35] Adam_Koperecz meghalt (-), oka: Leesett - Pénz: 6780Ft - Pos: -2872, -1043, 15
[16:28:10] Damien_Creed fejen lõtte õt: Patrick_Zecchin
[16:28:10] Krisztofer_Vincenzo megölte Patrick_Zecchin-t ezzel: MP5 - Pénz: 0Ft - Pos: 1910, -2434, 13
[16:28:10] Krisztofer_Vincenzo plusz kórház jail ideje 180 másodpercre nõtt (+180mp)
[16:28:10] Damien_Creed fejen lõtte õt: Toth_Martin
[16:28:11] Damien_Creed megölte Toth_Martin-t ezzel: MP5 - Pénz: 0Ft - Pos: 1909, -2434, 13
[16:28:11] Damien_Creed plusz kórház jail ideje 540 másodpercre nõtt (+180mp)
[16:29:39] Henrik_T_Scaletta sniperrel meglõtte õt: James_Creed
[16:30:20] Tom_Torres fejen lõtte õt: Diego_Aciano
[16:30:20] Tom_Torres fejen lõtte õt: Diego_Aciano
[16:30:20] Tom_Torres megölte Diego_Aciano-t ezzel: MP5 - Pénz: 4000Ft - Pos: 1563, -1122, 23
[16:30:20] Tom_Torres plusz kórház jail ideje 180 másodpercre nõtt (+180mp)
[16:33:17] Henrik_T_Scaletta sniperrel meglõtte õt: Michael_T_Morales
[16:33:37] Henrik_T_Scaletta plusz kórház jail ideje 120 másodpercre nõtt (+120mp)
[16:33:37] Henrik_T_Scaletta lábon lõtte õt: Tom_Torres
[16:33:37] Henrik_T_Scaletta megölte Tom_Torres-t ezzel: M4 - Pénz: 450Ft - Pos: 1721, -947, 44
[16:33:37] Henrik_T_Scaletta plusz kórház jail ideje 300 másodpercre nõtt (+180mp)
[16:44:25] Damien_Creed fejen lõtte õt: Freddie_B_Scaletta
[16:44:25] Damien_Creed megölte Freddie_B_Scaletta-t ezzel: MP5 - Pénz: 400000Ft - Pos: 403, -1396, 32
[16:44:25] Damien_Creed plusz kórház jail ideje 720 másodpercre nõtt (+180mp)
[16:46:47] Sifu_D_Sorrentino fejen lõtte õt: Victor_Jr_Zecchin
[16:46:47] Sifu_D_Sorrentino megölte Victor_Jr_Zecchin-t ezzel: MP5 - Pénz: 0Ft - Pos: 777, -1528, 13
[16:46:47] Sifu_D_Sorrentino plusz kórház jail ideje 360 másodpercre nõtt (+180mp)
[17:19:01] Damien_Creed fejen lõtte õt: Lorand_B_Hollywood
[17:19:01] Damien_Creed megölte Lorand_B_Hollywood-t ezzel: MP5 - Pénz: 0Ft - Pos: -1989, 535, 35
[17:19:01] Damien_Creed plusz kórház jail ideje 900 másodpercre nõtt (+180mp)
[17:38:06] Freddie_B_Scaletta fejen lõtte õt: Krisztofer_Vincenzo
[17:38:06] Freddie_B_Scaletta megölte Krisztofer_Vincenzo-t ezzel: Rifle - Pénz: 0Ft - Pos: -1938, 409, 35
[17:38:06] Freddie_B_Scaletta plusz kórház jail ideje 180 másodpercre nõtt (+180mp)
[17:38:55] Damien_Creed plusz kórház jail ideje 1020 másodpercre nõtt (+120mp)
[17:38:55] Damien_Creed lábon lõtte õt: Joe_Gates
[17:38:55] Damien_Creed plusz kórház jail ideje 1140 másodpercre nõtt (+120mp)
[17:38:55] Damien_Creed lábon lõtte õt: Joe_Gates
[17:39:32] Henrik_T_Scaletta fejen lõtte õt: Damien_Creed
[17:46:41] James_Creed fejen lõtte õt: Kevin_S_Tomasso
[17:46:41] Kevin_S_Tomasso plusz kórház jail ideje 120 másodpercre nõtt (+120mp)
[17:46:41] Kevin_S_Tomasso lábon lõtte õt: James_Creed
[17:46:41] James_Creed megölte Kevin_S_Tomasso-t ezzel: MP5 - Pénz: 0Ft - Pos: 2153, 1610, 993
[17:46:41] James_Creed plusz kórház jail ideje 540 másodpercre nõtt (+180mp)
[17:46:44] Freddie_B_Scaletta fejen lõtte õt: Dominic_Vincenzo
[17:46:44] Freddie_B_Scaletta megölte Dominic_Vincenzo-t ezzel: M4 - Pénz: 4300Ft - Pos: 2155, 1611, 993
[17:46:44] Freddie_B_Scaletta plusz kórház jail ideje 360 másodpercre nõtt (+180mp)
[17:46:48] Freddie_B_Scaletta fejen lõtte õt: Victor_Jr_Zecchin
[17:46:48] Freddie_B_Scaletta megölte Victor_Jr_Zecchin-t ezzel: M4 - Pénz: 1000000Ft - Pos: 2150, 1623, 993
[17:46:48] Freddie_B_Scaletta plusz kórház jail ideje 540 másodpercre nõtt (+180mp)
[17:46:48] Freddie_B_Scaletta fejen lõtte õt: Victor_Jr_Zecchin
[17:51:35] Bence_S_Kennedy plusz kórház jail ideje 120 másodpercre nõtt (+120mp)
[17:51:35] Bence_S_Kennedy lábon lõtte õt: Diego_Aciano
[17:52:14] Elwood_JR_Sorrentino plusz kórház jail ideje 660 másodpercre nõtt (+120mp)
[17:52:14] Elwood_JR_Sorrentino lábon lõtte õt: Freddie_B_Scaletta
[18:17:36] Hugo_Sanchez fejen lõtte õt: Kevin_R_Sorrentino
[18:17:36] Hugo_Sanchez megölte Kevin_R_Sorrentino-t ezzel: M4 - Pénz: 0Ft - Pos: 1451, 1594, 15
[18:17:36] Hugo_Sanchez plusz kórház jail ideje 180 másodpercre nõtt (+180mp)
[18:25:17] Mate_Richard meghalt (-), oka: Leesett - Pénz: 35800Ft - Pos: -31, -89, 5
[18:36:27] Freddie_B_Scaletta fejen lõtte õt: Elwood_JR_Sorrentino
[18:36:27] Freddie_B_Scaletta megölte Elwood_JR_Sorrentino-t ezzel: MP5 - Pénz: 0Ft - Pos: -2271, 350, 33
[18:36:27] Freddie_B_Scaletta plusz kórház jail ideje 720 másodpercre nõtt (+180mp)
[19:08:53] Denny_Toretto plusz kórház jail ideje 300 másodpercre nõtt (+120mp)
[19:08:53] Denny_Toretto lábon lõtte õt: Antonn_Fedorov
[19:08:53] Denny_Toretto plusz kórház jail ideje 420 másodpercre nõtt (+120mp)
[19:08:53] Denny_Toretto lábon lõtte õt: Antonn_Fedorov
[19:14:01] Milinte_Brasco plusz kórház jail ideje 120 másodpercre nõtt (+120mp)
[19:14:01] Milinte_Brasco lábon lõtte õt: Daniel_Scaletta
[19:14:01] Milinte_Brasco plusz kórház jail ideje 240 másodpercre nõtt (+120mp)
[19:14:01] Milinte_Brasco lábon lõtte õt: Daniel_Scaletta
[19:14:34] Milinte_Brasco fejen lõtte õt: Denny_Toretto
[19:14:34] Milinte_Brasco megölte Denny_Toretto-t ezzel: AK47 - Pénz: 0Ft - Pos: 2146, 1598, 995
[19:14:34] Milinte_Brasco plusz kórház jail ideje 420 másodpercre nõtt (+180mp)
[19:14:40] Milinte_Brasco plusz kórház jail ideje 540 másodpercre nõtt (+120mp)
[19:14:40] Milinte_Brasco lábon lõtte õt: Henrik_T_Scaletta
[19:15:05] Milinte_Brasco fejen lõtte õt: Freddie_B_Scaletta
[19:15:05] Milinte_Brasco megölte Freddie_B_Scaletta-t ezzel: AK47 - Pénz: 4300Ft - Pos: 2145, 1596, 999
[19:15:05] Milinte_Brasco plusz kórház jail ideje 720 másodpercre nõtt (+180mp)
[19:15:15] Markus_D_Zecchin plusz kórház jail ideje 120 másodpercre nõtt (+120mp)
[19:15:15] Markus_D_Zecchin lábon lõtte õt: Jin_Sorrentino
[19:15:15] Markus_D_Zecchin plusz kórház jail ideje 240 másodpercre nõtt (+120mp)
[19:15:15] Markus_D_Zecchin lábon lõtte õt: Jin_Sorrentino
[19:15:15] Stefan_D_Zecchin plusz kórház jail ideje 360 másodpercre nõtt (+120mp)
[19:15:15] Stefan_D_Zecchin lábon lõtte õt: Markus_D_Zecchin
[19:15:16] Stefan_D_Zecchin plusz kórház jail ideje 480 másodpercre nõtt (+120mp)
[19:15:16] Stefan_D_Zecchin lábon lõtte õt: Markus_D_Zecchin
[19:15:16] Milinte_Brasco megölte Jin_Sorrentino-t ezzel: AK47 - Pénz: 0Ft - Pos: 2150, 1602, 1001
[19:15:16] Milinte_Brasco plusz kórház jail ideje 900 másodpercre nõtt (+180mp)
[19:15:16] Kevin_S_Tomasso fejen lõtte õt: Markus_D_Zecchin
[19:15:16] Stefan_D_Zecchin megölte Markus_D_Zecchin-t ezzel: M4 - Pénz: 5000Ft - Pos: 2146, 1602, 1001
[19:15:16] Stefan_D_Zecchin plusz kórház jail ideje 660 másodpercre nõtt (+180mp)
[19:15:17] Kevin_S_Tomasso plusz kórház jail ideje 120 másodpercre nõtt (+120mp)
[19:15:17] Kevin_S_Tomasso lábon lõtte õt: Stefan_D_Zecchin
[19:15:18] Kevin_S_Tomasso plusz kórház jail ideje 240 másodpercre nõtt (+120mp)
[19:15:18] Kevin_S_Tomasso lábon lõtte õt: Milinte_Brasco
[19:15:19] Kevin_S_Tomasso fejen lõtte õt: Milinte_Brasco
[19:15:19] Kevin_S_Tomasso megölte Milinte_Brasco-t ezzel: M4 - Pénz: 30918Ft - Pos: 2145, 1597, 999
[19:15:19] Kevin_S_Tomasso plusz kórház jail ideje 420 másodpercre nõtt (+180mp)
[19:16:22] Victor_Jr_Zecchin plusz kórház jail ideje 120 másodpercre nõtt (+120mp)
[19:16:22] Victor_Jr_Zecchin lábon lõtte õt: Kevin_S_Tomasso
[19:30:51] Edie_Morra fejen lõtte õt: Diego_Aciano
[19:30:51] Edie_Morra megölte Diego_Aciano-t ezzel: Deagle - Pénz: 0Ft - Pos: 2178, -2231, 13
[19:30:51] Edie_Morra plusz kórház jail ideje 180 másodpercre nõtt (+180mp)
[19:42:11] Lee_Fooster meghalt (-), oka: Leesett - Pénz: 12267Ft - Pos: 2186, -2200, 14
[20:09:00] Algernon_Youngmay meghalt (-), oka: Leesett - Pénz: 9533Ft - Pos: 596, -1724, 13
[20:20:55] Ferenc_K_Zecchin sniperrel meglõtte õt: Toth_Martin
[20:21:30] Ferenc_K_Zecchin sniperrel meglõtte õt: Denny_Toretto
[20:22:02] Kevin_R_Sorrentino plusz kórház jail ideje 120 másodpercre nõtt (+120mp)
[20:22:02] Kevin_R_Sorrentino lábon lõtte õt: Damien_Creed
[20:22:17] Ferenc_K_Zecchin plusz kórház jail ideje 120 másodpercre nõtt (+120mp)
[20:22:17] Ferenc_K_Zecchin lábon lõtte õt: Kevin_R_Sorrentino
[20:22:17] Henrik_T_Scaletta plusz kórház jail ideje 420 másodpercre nõtt (+120mp)
[20:22:17] Henrik_T_Scaletta lábon lõtte õt: Krisztofer_Vincenzo
[20:22:18] Ferenc_K_Zecchin plusz kórház jail ideje 240 másodpercre nõtt (+120mp)
[20:22:18] Ferenc_K_Zecchin lábon lõtte õt: Kevin_R_Sorrentino
[20:23:08] Ferenc_K_Zecchin sniperrel meglõtte õt: Freddie_B_Scaletta
[20:24:08] Ferenc_K_Zecchin fejen lõtte õt: Jin_Sorrentino
[20:24:08] Jin_Sorrentino plusz kórház jail ideje 120 másodpercre nõtt (+120mp)
[20:24:08] Jin_Sorrentino lábon lõtte õt: Ferenc_K_Zecchin
[20:24:08] Ferenc_K_Zecchin megölte Jin_Sorrentino-t ezzel: MP5 - Pénz: 25000Ft - Pos: 1821, -1628, 13
[20:24:08] Ferenc_K_Zecchin plusz kórház jail ideje 420 másodpercre nõtt (+180mp)
[20:26:14] Henrik_T_Scaletta riflevel animba lõtte õt õt: Markus_D_Zecchin
[20:31:15] Henrik_T_Scaletta fejen lõtte õt: Toth_Martin
[20:31:15] Henrik_T_Scaletta megölte Toth_Martin-t ezzel: MP5 - Pénz: 0Ft - Pos: 1905, -1762, 13
[20:31:15] Henrik_T_Scaletta plusz kórház jail ideje 600 másodpercre nõtt (+180mp)
[20:33:16] Ferenc_K_Zecchin fejen lõtte õt: Michael_T_Morales
[20:33:16] Ferenc_K_Zecchin megölte Michael_T_Morales-t ezzel: MP5 - Pénz: 56407Ft - Pos: 1900, -1761, 13
[20:33:16] Ferenc_K_Zecchin plusz kórház jail ideje 600 másodpercre nõtt (+180mp)
[20:34:10] Ferenc_K_Zecchin sniperrel meglõtte õt: Henrik_T_Scaletta
[20:34:23] Ferenc_K_Zecchin fejen lõtte õt: Henrik_T_Scaletta
[20:34:23] Ferenc_K_Zecchin fejen lõtte õt: Henrik_T_Scaletta
[20:34:23] Ferenc_K_Zecchin megölte Henrik_T_Scaletta-t ezzel: MP5 - Pénz: 55000Ft - Pos: 1664, -1775, 3
[20:34:23] Ferenc_K_Zecchin plusz kórház jail ideje 780 másodpercre nõtt (+180mp)
[20:36:26] Ferenc_K_Zecchin fejen lõtte õt: Freddie_B_Scaletta
[20:36:26] Ferenc_K_Zecchin megölte Freddie_B_Scaletta-t ezzel: MP5 - Pénz: 0Ft - Pos: 2039, -1792, 21
[20:36:26] Ferenc_K_Zecchin plusz kórház jail ideje 960 másodpercre nõtt (+180mp)
[20:38:34] Ferenc_K_Zecchin sniperrel meglõtte õt: Denny_Toretto
[20:38:35] Ferenc_K_Zecchin sniperrel meglõtte õt: Denny_Toretto
[20:38:35] Ferenc_K_Zecchin megölte Denny_Toretto-t ezzel: Sniper - Pénz: 0Ft - Pos: 1979, -1772, 21
[20:38:35] Ferenc_K_Zecchin plusz kórház jail ideje 1140 másodpercre nõtt (+180mp)
[20:39:40] Costa_Miles meghalt (-), oka: Leesett - Pénz: 0Ft - Pos: 1640, 13, 37
[20:45:17] Krist_Roscoe fejen lõtte õt: Kevin_R_Sorrentino
[20:45:17] Krist_Roscoe megölte Kevin_R_Sorrentino-t ezzel: MP5 - Pénz: 0Ft - Pos: 1374, -2426, 13
[20:45:17] Krist_Roscoe plusz kórház jail ideje 900 másodpercre nõtt (+180mp)
[21:14:24] Patrick_Zecchin plusz kórház jail ideje 120 másodpercre nõtt (+120mp)
[21:14:24] Patrick_Zecchin lábon lõtte õt: Sidney_Tribiani
[21:15:14] Elwood_JR_Sorrentino fejen lõtte õt: Freddie_B_Scaletta
[21:15:15] Elwood_JR_Sorrentino fejen lõtte õt: Freddie_B_Scaletta
[21:15:16] Elwood_JR_Sorrentino fejen lõtte õt: Freddie_B_Scaletta
[21:15:16] Elwood_JR_Sorrentino fejen lõtte õt: Freddie_B_Scaletta
[21:15:17] Elwood_JR_Sorrentino fejen lõtte õt: Freddie_B_Scaletta
[21:15:17] Elwood_JR_Sorrentino fejen lõtte õt: Freddie_B_Scaletta
[21:15:18] Elwood_JR_Sorrentino fejen lõtte õt: Freddie_B_Scaletta
[21:15:26] Elwood_JR_Sorrentino fejen lõtte õt: Freddie_B_Scaletta
[21:15:29] Krist_Roscoe plusz kórház jail ideje 1020 másodpercre nõtt (+120mp)
[21:15:29] Krist_Roscoe lábon lõtte õt: Freddie_B_Scaletta
[21:15:41] Krist_Roscoe fejen lõtte õt: Freddie_B_Scaletta
[21:15:42] Krist_Roscoe fejen lõtte õt: Freddie_B_Scaletta
[21:15:43] Krist_Roscoe plusz kórház jail ideje 1140 másodpercre nõtt (+120mp)
[21:15:43] Krist_Roscoe lábon lõtte õt: Freddie_B_Scaletta
[21:15:49] Elwood_JR_Sorrentino fejen lõtte õt: Freddie_B_Scaletta
[21:15:50] Elwood_JR_Sorrentino megölte Freddie_B_Scaletta-t ezzel: SilencedColt45 - Pénz: 0Ft - Pos: 247, 1849, 8
[21:15:50] Elwood_JR_Sorrentino plusz kórház jail ideje 180 másodpercre nõtt (+180mp)
[21:15:50] Elwood_JR_Sorrentino fejen lõtte õt: Freddie_B_Scaletta
[21:16:09] Krist_Roscoe fejen lõtte õt: Freddie_B_Scaletta
[21:16:09] Krist_Roscoe fejen lõtte õt: Freddie_B_Scaletta
[21:16:09] Krist_Roscoe megölte Freddie_B_Scaletta-t ezzel: MP5 - Pénz: 0Ft - Pos: 246, 1851, 8
[21:16:09] Krist_Roscoe plusz kórház jail ideje 1320 másodpercre nõtt (+180mp)
[21:21:06] Markus_D_Zecchin plusz kórház jail ideje 120 másodpercre nõtt (+120mp)
[21:21:06] Markus_D_Zecchin lábon lõtte õt: Michael_Faraday
[21:34:39] Perez_Esteban fejen lõtte õt: Elwood_JR_Sorrentino
[21:34:39] Perez_Esteban megölte Elwood_JR_Sorrentino-t ezzel: M4 - Pénz: 28000Ft - Pos: 1426, -1660, 13
[21:34:39] Perez_Esteban plusz kórház jail ideje 180 másodpercre nõtt (+180mp)
[21:34:39] Perez_Esteban fejen lõtte õt: Elwood_JR_Sorrentino
[21:39:19] Hugo_Sanchez fejen lõtte õt: Michael_Faraday
[21:39:19] Hugo_Sanchez megölte Michael_Faraday-t ezzel: Deagle - Pénz: 0Ft - Pos: 1453, 1559, 15
[21:39:19] Hugo_Sanchez plusz kórház jail ideje 360 másodpercre nõtt (+180mp)
[21:49:09] Ralf_S_Tomasso fejen lõtte õt: Michael_T_Morales
[21:49:09] Ralf_S_Tomasso megölte Michael_T_Morales-t ezzel: M4 - Pénz: 35305Ft - Pos: 1640, -1078, 23
[21:49:09] Ralf_S_Tomasso plusz kórház jail ideje 780 másodpercre nõtt (+180mp)
[21:49:54] Ralf_S_Tomasso plusz kórház jail ideje 900 másodpercre nõtt (+120mp)
[21:49:54] Ralf_S_Tomasso lábon lõtte õt: Damien_Creed
[21:49:54] Ralf_S_Tomasso plusz kórház jail ideje 1020 másodpercre nõtt (+120mp)
[21:49:54] Ralf_S_Tomasso lábon lõtte õt: Damien_Creed
[21:50:03] Ralf_S_Tomasso plusz kórház jail ideje 1140 másodpercre nõtt (+120mp)
[21:50:03] Ralf_S_Tomasso lábon lõtte õt: Krisztofer_Vincenzo
[21:50:44] Ralf_S_Tomasso fejen lõtte õt: James_Creed
[21:50:44] Ralf_S_Tomasso megölte James_Creed-t ezzel: M4 - Pénz: 0Ft - Pos: 1597, -1059, 23
[21:50:44] Ralf_S_Tomasso plusz kórház jail ideje 1320 másodpercre nõtt (+180mp)
[21:51:56] Sidney_Tribiani fejen lõtte õt: Ralf_S_Tomasso
[21:51:56] Sidney_Tribiani megölte Ralf_S_Tomasso-t ezzel: MP5 - Pénz: 0Ft - Pos: 1590, -1044, 23
[21:51:56] Sidney_Tribiani plusz kórház jail ideje 180 másodpercre nõtt (+180mp)
[21:53:08] Nagato_Brasco fejen lõtte õt: Krist_Roscoe
[21:53:08] Nagato_Brasco megölte Krist_Roscoe-t ezzel: M4 - Pénz: 0Ft - Pos: 2257, -2138, 6
[21:53:08] Nagato_Brasco plusz kórház jail ideje 180 másodpercre nõtt (+180mp)
[22:50:52] Damien_Creed plusz kórház jail ideje 1260 másodpercre nõtt (+120mp)
[22:50:52] Damien_Creed lábon lõtte õt: Oliver_Aciano
[22:50:52] Krisztofer_Vincenzo megölte Oliver_Aciano-t ezzel: AK47 - Pénz: 0Ft - Pos: -90, -1168, 2
[22:50:52] Krisztofer_Vincenzo plusz kórház jail ideje 180 másodpercre nõtt (+180mp)
[23:11:21] Nagato_Brasco plusz kórház jail ideje 300 másodpercre nõtt (+120mp)
[23:11:21] Nagato_Brasco lábon lõtte õt: Krisztofer_Vincenzo
[23:13:47] Henrik_T_Scaletta riflevel animba lõtte õt õt: Damien_Creed
[23:15:46] Henrik_T_Scaletta riflevel animba lõtte õt õt: Sidney_Tribiani
[23:32:49] Sidney_Tribiani meghalt (-), oka: Leesett - Pénz: 0Ft - Pos: 1351, -1258, 14
