[01:02:29] Freddie_B_Scaletta plusz kórház jail ideje 780 másodpercre nõtt (+120mp)
[01:02:29] Freddie_B_Scaletta lábon lõtte õt: Matt_Creed
[01:04:54] Dominic_Vincenzo meghalt (-), oka: Leesett - Pénz: 0Ft - Pos: 58, -433, 12
[01:18:51] Matt_Creed plusz kórház jail ideje 120 másodpercre nõtt (+120mp)
[01:18:51] Matt_Creed lábon lõtte õt: Freddie_B_Scaletta
[08:33:18] Mate_Richard meghalt (-), oka: Leesett - Pénz: 96550Ft - Pos: 1548, -1734, 13
[08:52:15] CarloS_D_Garcia fejen lõtte õt: Keny_Da_Silva
[08:52:15] CarloS_D_Garcia megölte Keny_Da_Silva-t ezzel: AK47 - Pénz: 40000Ft - Pos: -221, -921, 40
[08:52:15] CarloS_D_Garcia plusz kórház jail ideje 2040 másodpercre nõtt (+180mp)
[09:29:53] Siska_Finuccsi plusz kórház jail ideje 120 másodpercre nõtt (+120mp)
[09:29:53] Siska_Finuccsi lábon lõtte õt: Damien_Q_Carcassone
[09:29:58] Mikhail_Bratislav plusz kórház jail ideje 120 másodpercre nõtt (+120mp)
[09:29:58] Mikhail_Bratislav lábon lõtte õt: Shura_Sharma
[09:30:00] Pablo_S_Carcassone plusz kórház jail ideje 120 másodpercre nõtt (+120mp)
[09:30:00] Pablo_S_Carcassone lábon lõtte õt: Siska_Finuccsi
[09:40:36] Daniel_Sedin meghalt (-), oka: Leesett - Pénz: 0Ft - Pos: 2256, -1208, 25
[10:10:08] Paul_D_Cortez plusz kórház jail ideje 120 másodpercre nõtt (+120mp)
[10:10:08] Paul_D_Cortez lábon lõtte õt: Cody_Aciano
[10:12:57] Anderson_Khalifa meghalt (-), oka: Leesett - Pénz: 220000Ft - Pos: 1404, -1732, 13
[10:13:16] Nelson_Washington fejen lõtte õt: Paul_D_Cortez
[10:13:16] Nelson_Washington megölte Paul_D_Cortez-t ezzel: Sniper - Pénz: 0Ft - Pos: 2672, -1113, 69
[10:13:16] Nelson_Washington plusz kórház jail ideje 480 másodpercre nõtt (+180mp)
[10:13:48] Nelson_Washington fejen lõtte õt: Horvath_Adrian
[10:13:48] Nelson_Washington megölte Horvath_Adrian-t ezzel: Sniper - Pénz: 0Ft - Pos: 2791, -1067, 94
[10:13:48] Nelson_Washington plusz kórház jail ideje 660 másodpercre nõtt (+180mp)
[10:16:33] Paul_Escobar plusz kórház jail ideje 240 másodpercre nõtt (+120mp)
[10:16:33] Paul_Escobar lábon lõtte õt: Nelson_Washington
[10:23:55] Steve_Sanchez plusz kórház jail ideje 120 másodpercre nõtt (+120mp)
[10:23:55] Steve_Sanchez lábon lõtte õt: James_Aciano
[10:26:05] Nadasi_Gyorgy meghalt (NPC_Buszsofor_LS), oka: Autó | Lehet, hogy Dan_B_Hollywood ölte meg, mert a közelben volt - Pénz: 0Ft - 
[10:41:57] Nelson_Washington plusz kórház jail ideje 780 másodpercre nõtt (+120mp)
[10:41:57] Nelson_Washington lábon lõtte õt: James_Aciano
[10:43:21] Nelson_Washington fejen lõtte õt: Tomas_Pablo
[10:43:21] Nelson_Washington megölte Tomas_Pablo-t ezzel: MP5 - Pénz: 127411Ft - Pos: 2267, -93, 26
[10:43:21] Nelson_Washington plusz kórház jail ideje 960 másodpercre nõtt (+180mp)
[11:00:57] Rick_Aciano plusz kórház jail ideje 300 másodpercre nõtt (+120mp)
[11:00:57] Rick_Aciano lábon lõtte õt: Cody_Aciano
[11:04:39] Mester_Csaba fejen lõtte õt: Mate_Richard
[11:04:39] Mester_Csaba megölte Mate_Richard-t ezzel: MP5 - Pénz: 84654Ft - Pos: 1376, -933, 34
[11:04:39] Mester_Csaba plusz kórház jail ideje 1380 másodpercre nõtt (+180mp)
[11:08:15] Shawn_R_Wilson meghalt (-), oka: Leesett - Pénz: 0Ft - Pos: -2191, -494, 48
[11:32:15] Carlos_D_Surenos plusz kórház jail ideje 360 másodpercre nõtt (+120mp)
[11:32:15] Carlos_D_Surenos lábon lõtte õt: Oberth_Andras
[11:32:21] Nelson_Washington sniperrel meglõtte õt: Kazuyoshi_Akira
[11:32:39] Mark_B_Hollywood plusz kórház jail ideje 120 másodpercre nõtt (+120mp)
[11:32:39] Mark_B_Hollywood lábon lõtte õt: Oberth_Andras
[11:32:39] CarloS_D_Garcia fejen lõtte õt: Cody_Aciano
[11:32:39] CarloS_D_Garcia megölte Cody_Aciano-t ezzel: AK47 - Pénz: 108396Ft - Pos: 2440, -1579, 24
[11:32:39] CarloS_D_Garcia plusz kórház jail ideje 2220 másodpercre nõtt (+180mp)
[11:32:39] Mark_B_Hollywood plusz kórház jail ideje 240 másodpercre nõtt (+120mp)
[11:32:39] Mark_B_Hollywood lábon lõtte õt: Oberth_Andras
[11:33:17] Nelson_Washington sniperrel meglõtte õt: John_Salivan
[11:33:52] Tom_Torres megölte Kerim_Yilmaz-t ezzel: Rifle - Pénz: 0Ft - Pos: 1446, 1565, 15
[11:33:52] Tom_Torres plusz kórház jail ideje 960 másodpercre nõtt (+180mp)
[11:34:00] Nelson_Washington megölte Oberth_Andras-t ezzel: M4 - Pénz: 127411Ft - Pos: 2357, -1553, 24
[11:34:00] Nelson_Washington plusz kórház jail ideje 1140 másodpercre nõtt (+180mp)
[11:34:00] Nelson_Washington plusz kórház jail ideje 1260 másodpercre nõtt (+120mp)
[11:34:00] Nelson_Washington lábon lõtte õt: Mark_B_Hollywood
[11:36:52] Carlos_D_Surenos plusz kórház jail ideje 480 másodpercre nõtt (+120mp)
[11:36:52] Carlos_D_Surenos lábon lõtte õt: Leone_S_Tomasso
[11:37:14] Nelson_Washington sniperrel meglõtte õt: Lucio_Zecchin
[11:37:42] Dan_B_Hollywood sniperrel meglõtte õt: Carlos_D_Surenos
[11:38:03] CarloS_D_Garcia fejen lõtte õt: Adele_Scaletta
[11:38:03] CarloS_D_Garcia megölte Adele_Scaletta-t ezzel: AK47 - Pénz: 0Ft - Pos: 2438, -1535, 24
[11:38:03] CarloS_D_Garcia plusz kórház jail ideje 2400 másodpercre nõtt (+180mp)
[11:46:27] CarloS_D_Garcia plusz kórház jail ideje 2520 másodpercre nõtt (+120mp)
[11:46:27] CarloS_D_Garcia lábon lõtte õt: Dan_B_Hollywood
[11:47:20] Nelson_Washington sniperrel meglõtte õt: CarloS_D_Garcia
[11:47:23] Nelson_Washington sniperrel meglõtte õt: George_B_Hollywood
[11:48:10] Nelson_Washington plusz kórház jail ideje 1380 másodpercre nõtt (+120mp)
[11:48:10] Nelson_Washington lábon lõtte õt: Ryder_B_Dueno
[11:49:01] Nelson_Washington fejen lõtte õt: Earl_Wheeler
[11:49:01] Nelson_Washington megölte Earl_Wheeler-t ezzel: M4 - Pénz: 16800Ft - Pos: 2217, -1770, 13
[11:49:01] Nelson_Washington plusz kórház jail ideje 1560 másodpercre nõtt (+180mp)
[11:49:16] Erik_Wheeler plusz kórház jail ideje 120 másodpercre nõtt (+120mp)
[11:49:16] Erik_Wheeler lábon lõtte õt: Nelson_Washington
[11:49:16] Valor_Colin fejen lõtte õt: Erik_Wheeler
[11:49:17] Valor_Colin megölte Erik_Wheeler-t ezzel: AK47 - Pénz: 0Ft - Pos: 2217, -1767, 13
[11:49:17] Valor_Colin plusz kórház jail ideje 840 másodpercre nõtt (+180mp)
[11:49:49] Valor_Colin fejen lõtte õt: Tom_Torres
[11:49:49] Valor_Colin megölte Tom_Torres-t ezzel: AK47 - Pénz: 0Ft - Pos: 2185, -1883, 17
[11:49:49] Valor_Colin plusz kórház jail ideje 1020 másodpercre nõtt (+180mp)
[11:51:57] Akos_Vincenzo fejen lõtte õt: Dave_R_Vincenzo
[11:51:57] Akos_Vincenzo megölte Dave_R_Vincenzo-t ezzel: M4 - Pénz: 0Ft - Pos: 2180, -1892, 13
[11:51:57] Akos_Vincenzo plusz kórház jail ideje 180 másodpercre nõtt (+180mp)
[12:18:18] Zsori_Sandor fejen lõtte õt: Henry_Thomasino
[12:18:18] Zsori_Sandor megölte Henry_Thomasino-t ezzel: MP5 - Pénz: 0Ft - Pos: 2135, -1275, 25
[12:18:18] Zsori_Sandor plusz kórház jail ideje 180 másodpercre nõtt (+180mp)
[12:25:07] Levy_B_Hollywood fejen lõtte õt: Vlad_D_Dueno
[12:25:07] Akos_Vincenzo megölte Vlad_D_Dueno-t ezzel: M4 - Pénz: 160168Ft - Pos: 998, -909, 42
[12:25:07] Akos_Vincenzo plusz kórház jail ideje 360 másodpercre nõtt (+180mp)
[12:25:40] Bryan_B_Hollywood plusz kórház jail ideje 120 másodpercre nõtt (+120mp)
[12:25:40] Bryan_B_Hollywood lábon lõtte õt: Akos_Vincenzo
[12:25:49] Jason_B_Hollywood plusz kórház jail ideje 120 másodpercre nõtt (+120mp)
[12:25:49] Jason_B_Hollywood lábon lõtte õt: Bryan_B_Hollywood
[12:39:30] Pablo_S_Carcassone fejen lõtte õt: Atsuya_D_Freeman
[12:39:30] Pablo_S_Carcassone megölte Atsuya_D_Freeman-t ezzel: AK47 - Pénz: 0Ft - Pos: -1655, -770, 43
[12:39:30] Pablo_S_Carcassone plusz kórház jail ideje 300 másodpercre nõtt (+180mp)
[12:39:47] Ignacio_D_Freeman plusz kórház jail ideje 120 másodpercre nõtt (+120mp)
[12:39:47] Ignacio_D_Freeman lábon lõtte õt: Pablo_S_Carcassone
[12:39:57] Damien_Q_Carcassone plusz kórház jail ideje 120 másodpercre nõtt (+120mp)
[12:39:57] Damien_Q_Carcassone lábon lõtte õt: Ignacio_D_Freeman
[12:47:04] Lucio_Zecchin fejen lõtte õt: Kerim_Yilmaz
[12:47:04] Lucio_Zecchin megölte Kerim_Yilmaz-t ezzel: MP5 - Pénz: 0Ft - Pos: 1446, 1589, 15
[12:47:04] Lucio_Zecchin plusz kórház jail ideje 180 másodpercre nõtt (+180mp)
[12:49:44] Peter_Keller meghalt (-), oka: Leesett - Pénz: 350000Ft - Pos: 1214, -1288, 13
[12:54:41] Atsuya_D_Freeman fejen lõtte õt: Carlos_D_Surenos
[12:54:41] Atsuya_D_Freeman megölte Carlos_D_Surenos-t ezzel: MP5 - Pénz: 0Ft - Pos: -1751, 602, 25
[12:54:41] Atsuya_D_Freeman plusz kórház jail ideje 180 másodpercre nõtt (+180mp)
[12:54:45] Atsuya_D_Freeman fejen lõtte õt: Lucio_Zecchin
[12:54:46] Atsuya_D_Freeman megölte Lucio_Zecchin-t ezzel: MP5 - Pénz: 0Ft - Pos: -1755, 602, 25
[12:54:46] Atsuya_D_Freeman plusz kórház jail ideje 360 másodpercre nõtt (+180mp)
[13:00:03] Valentin_B_Smith meghalt (-), oka: Leesett - Pénz: 0Ft - Pos: 377, 167, 8
[13:05:40] Nelson_Washington sniperrel meglõtte õt: Daniel_Sedin
[13:05:41] Nelson_Washington sniperrel meglõtte õt: Zsori_Sandor
[13:05:41] Nelson_Washington megölte Zsori_Sandor-t ezzel: Sniper - Pénz: 0Ft - Pos: 2716, -1112, 69
[13:05:41] Nelson_Washington plusz kórház jail ideje 1740 másodpercre nõtt (+180mp)
[13:07:23] Pablo_S_Carcassone fejen lõtte õt: Ignacio_D_Freeman
[13:07:23] Pablo_S_Carcassone megölte Ignacio_D_Freeman-t ezzel: AK47 - Pénz: 0Ft - Pos: -1365, -1400, 109
[13:07:23] Pablo_S_Carcassone plusz kórház jail ideje 480 másodpercre nõtt (+180mp)
[13:07:23] Pablo_S_Carcassone fejen lõtte õt: Ignacio_D_Freeman
[13:07:44] Damien_Q_Carcassone fejen lõtte õt: Atsuya_D_Freeman
[13:07:44] Damien_Q_Carcassone megölte Atsuya_D_Freeman-t ezzel: MP5 - Pénz: 0Ft - Pos: -1371, -1400, 109
[13:07:44] Damien_Q_Carcassone plusz kórház jail ideje 300 másodpercre nõtt (+180mp)
[13:08:27] Steve_J_Sorrentino plusz kórház jail ideje 300 másodpercre nõtt (+120mp)
[13:08:27] Steve_J_Sorrentino lábon lõtte õt: Daryl_Aciano
[13:12:19] Norbert_N_Ortega meghalt (-), oka: Leesett - Pénz: 0Ft - Pos: -1800, -1394, 58
[13:26:37] Leone_S_Tomasso fejen lõtte õt: Damien_Q_Carcassone
[13:26:37] Leone_S_Tomasso megölte Damien_Q_Carcassone-t ezzel: M4 - Pénz: 53000Ft - Pos: 1764, 93, 33
[13:26:37] Leone_S_Tomasso plusz kórház jail ideje 540 másodpercre nõtt (+180mp)
[13:26:42] Leone_S_Tomasso fejen lõtte õt: Mikhail_Bratislav
[13:26:42] Leone_S_Tomasso fejen lõtte õt: Mikhail_Bratislav
[13:26:42] Leone_S_Tomasso fejen lõtte õt: Mikhail_Bratislav
[13:26:42] Leone_S_Tomasso megölte Mikhail_Bratislav-t ezzel: M4 - Pénz: 30500Ft - Pos: 1766, 87, 33
[13:26:42] Leone_S_Tomasso plusz kórház jail ideje 720 másodpercre nõtt (+180mp)
[13:26:42] Leone_S_Tomasso fejen lõtte õt: Mikhail_Bratislav
[13:26:43] Leone_S_Tomasso fejen lõtte õt: Matthew_Queen
[13:26:43] Leone_S_Tomasso megölte Matthew_Queen-t ezzel: M4 - Pénz: 46403Ft - Pos: 1767, 86, 34
[13:26:43] Leone_S_Tomasso plusz kórház jail ideje 900 másodpercre nõtt (+180mp)
[13:26:43] Marcel_B_Hollywood fejen lõtte õt: Pablo_S_Carcassone
[13:26:44] Marcel_B_Hollywood megölte Pablo_S_Carcassone-t ezzel: M4 - Pénz: 10000Ft - Pos: 1766, 85, 33
[13:26:44] Marcel_B_Hollywood plusz kórház jail ideje 780 másodpercre nõtt (+180mp)
[13:46:18] Denny_Toretto plusz kórház jail ideje 120 másodpercre nõtt (+120mp)
[13:46:18] Denny_Toretto lábon lõtte õt: Dom_Wheeler
[13:46:18] Ignacio_D_Freeman plusz kórház jail ideje 120 másodpercre nõtt (+120mp)
[13:46:18] Ignacio_D_Freeman lábon lõtte õt: Marcel_B_Hollywood
[13:46:19] Denny_Toretto plusz kórház jail ideje 240 másodpercre nõtt (+120mp)
[13:46:19] Denny_Toretto lábon lõtte õt: Ignacio_D_Freeman
[14:08:16] Thomas_Berzerk plusz kórház jail ideje 240 másodpercre nõtt (+120mp)
[14:08:16] Thomas_Berzerk lábon lõtte õt: Kerim_Yilmaz
[14:15:48] Marcel_B_Hollywood fejen lõtte õt: Carlos_D_Surenos
[14:15:48] Marcel_B_Hollywood megölte Carlos_D_Surenos-t ezzel: M4 - Pénz: 0Ft - Pos: -801, -1002, 81
[14:15:48] Marcel_B_Hollywood plusz kórház jail ideje 960 másodpercre nõtt (+180mp)
[14:23:38] Zsori_Sandor fejen lõtte õt: Milinte_Brasco
[14:23:38] Zsori_Sandor megölte Milinte_Brasco-t ezzel: MP5 - Pénz: 0Ft - Pos: -1050, -2124, 38
[14:23:38] Zsori_Sandor plusz kórház jail ideje 180 másodpercre nõtt (+180mp)
[14:23:49] Valor_Colin fejen lõtte õt: Zsori_Sandor
[14:23:49] Valor_Colin megölte Zsori_Sandor-t ezzel: AK47 - Pénz: 0Ft - Pos: -1064, -2107, 44
[14:23:49] Valor_Colin plusz kórház jail ideje 1200 másodpercre nõtt (+180mp)
[14:24:02] Stefan_D_Zecchin meghalt (-), oka: Leesett - Pénz: 0Ft - Pos: 978, -1415, 12
[14:24:23] Dobos_Roland megölte Doboska_Endre-t ezzel: Ököl - Pénz: 0Ft - Pos: 1472, -1733, 13
[14:24:23] Dobos_Roland plusz kórház jail ideje 179 másodpercre nõtt (+180mp)
[14:36:36] Dobos_Roland meghalt (-), oka: Leesett - Pénz: 127000Ft - Pos: 1566, -1733, 13
[14:48:58] Pablo_S_Carcassone meghalt (NPC_Buszsofor_LS), oka: Autó | Lehet, hogy David_Aciano ölte meg, mert a közelben volt - Pénz: 0Ft 
[14:49:21] Costa_Miles meghalt (-), oka: Leesett - Pénz: 0Ft - Pos: 2500, -2296, 24
[14:55:11] Yamato_Bosco plusz kórház jail ideje 660 másodpercre nõtt (+120mp)
[14:55:11] Yamato_Bosco lábon lõtte õt: Steve_Sanchez
[14:55:11] Yamato_Bosco plusz kórház jail ideje 780 másodpercre nõtt (+120mp)
[14:55:11] Yamato_Bosco lábon lõtte õt: Siska_Finuccsi
[14:57:19] Yamato_Bosco fejen lõtte õt: Valor_Colin
[14:57:19] Yamato_Bosco fejen lõtte õt: Valor_Colin
[14:57:19] Yamato_Bosco megölte Valor_Colin-t ezzel: MP5 - Pénz: 115Ft - Pos: -89, -942, 20
[14:57:19] Yamato_Bosco plusz kórház jail ideje 960 másodpercre nõtt (+180mp)
[15:10:46] Nico_Butler meghalt (-), oka: Leesett - Pénz: 0Ft - Pos: 2796, -1553, 11
[15:17:48] Jim_Aciano meghalt (NPC_Villamos_3), oka: Autó | Lehet, hogy Darthy_M_Stillenacht ölte meg, mert a közelben volt - Pénz: 0Ft - 
[15:19:12] Yamato_Bosco fejen lõtte õt: Ernesto_Wheeler
[15:19:57] Sergei_B_Dueno lábon lõtte õt: Antonn_Fedorov
[15:19:58] Yamato_Bosco sniperrel meglõtte õt: Sergei_B_Dueno
[15:20:32] Carlos_D_Surenos sniperrel meglõtte õt: Blake_Browns
[15:22:59] Steve_J_Sorrentino lábon lõtte õt: Kazuyoshi_Akira
[15:23:08] Mark_B_Hollywood lábon lõtte õt: Steve_J_Sorrentino
[15:23:08] Carlos_D_Surenos lábon lõtte õt: Nico_Butler
[15:25:20] Carlos_D_Garcia sniperrel meglõtte õt: Kevin_S_Tomasso
[15:25:29] Carlos_D_Garcia sniperrel meglõtte õt: Carlos_D_Surenos
[15:25:30] Yamato_Bosco fejen lõtte õt: Mark_B_Hollywood
[15:27:11] Don_Sorrentino meghalt (-), oka: Leesett - Pénz: 0Ft - Pos: 1875, -452, 29
[15:35:34] Justin_Camorra plusz kórház jail ideje 120 másodpercre nõtt (+120mp)
[15:35:34] Justin_Camorra lábon lõtte õt: Siska_Finuccsi
[15:38:19] Emanuel_Garcia meghalt (-), oka: Leesett - Pénz: 14510Ft - Pos: 1178, -1309, 14
[15:39:04] Milinte_Brasco plusz kórház jail ideje 120 másodpercre nõtt (+120mp)
[15:39:04] Milinte_Brasco lábon lõtte õt: Denny_Toretto
[15:39:21] Marcel_B_Hollywood plusz kórház jail ideje 1080 másodpercre nõtt (+120mp)
[15:39:21] Marcel_B_Hollywood lábon lõtte õt: Nelson_Washington
[15:39:24] Stevy_Camorra fejen lõtte õt: Tom_Washington
[15:39:24] Stevy_Camorra megölte Tom_Washington-t ezzel: MP5 - Pénz: 0Ft - Pos: -1232, -786, 64
[15:39:24] Stevy_Camorra plusz kórház jail ideje 180 másodpercre nõtt (+180mp)
[15:39:24] Stevy_Camorra fejen lõtte õt: Bent_Washington
[15:39:24] Stevy_Camorra megölte Bent_Washington-t ezzel: MP5 - Pénz: 1008238Ft - Pos: -1231, -786, 64
[15:39:24] Stevy_Camorra plusz kórház jail ideje 360 másodpercre nõtt (+180mp)
[15:41:56] Dobos_Roland meghalt (NPC_Buszsofor_LS), oka: Autó | Lehet, hogy Luis_Alfredo ölte meg, mert a közelben volt - Pénz: -21600Ft -
[15:42:44] Emanuel_Garcia meghalt (-), oka: Leesett - Pénz: 0Ft - Pos: 1158, -1316, 32
[15:45:04] Marcel_B_Hollywood plusz kórház jail ideje 1200 másodpercre nõtt (+120mp)
[15:45:04] Marcel_B_Hollywood lábon lõtte õt: Don_Sorrentino
[15:45:06] Marcel_B_Hollywood plusz kórház jail ideje 1320 másodpercre nõtt (+120mp)
[15:45:06] Marcel_B_Hollywood lábon lõtte õt: Milinte_Brasco
[15:45:08] Freddie_B_Scaletta plusz kórház jail ideje 900 másodpercre nõtt (+120mp)
[15:45:08] Freddie_B_Scaletta lábon lõtte õt: Marcel_B_Hollywood
[15:45:32] Carlos_D_Garcia lábon lõtte õt: Tom_Zecchin
[15:46:47] Henrik_T_Scaletta plusz kórház jail ideje 660 másodpercre nõtt (+120mp)
[15:46:47] Henrik_T_Scaletta lábon lõtte õt: Freddie_B_Scaletta
[15:46:49] Henrik_T_Scaletta plusz kórház jail ideje 780 másodpercre nõtt (+120mp)
[15:46:49] Henrik_T_Scaletta lábon lõtte õt: Brandon_Toretto
[15:46:58] Dobos_Roland megölte Earl_Camorra-t ezzel: Ököl - Pénz: 0Ft - Pos: 1943, -2459, 13
[15:46:58] Dobos_Roland plusz kórház jail ideje 180 másodpercre nõtt (+180mp)
[15:47:14] Henrik_T_Scaletta plusz kórház jail ideje 900 másodpercre nõtt (+120mp)
[15:47:14] Henrik_T_Scaletta lábon lõtte õt: Adele_Scaletta
[15:56:08] Torres_Butler fejen lõtte õt: Earl_Camorra
[15:56:08] Torres_Butler megölte Earl_Camorra-t ezzel: M4 - Pénz: 0Ft - Pos: -335, -853, 46
[15:56:08] Torres_Butler plusz kórház jail ideje 660 másodpercre nõtt (+180mp)
[15:56:09] Stevy_Camorra fejen lõtte õt: Torres_Butler
[15:56:09] Milinte_Brasco fejen lõtte õt: Stevy_Camorra
[15:56:09] Milinte_Brasco megölte Stevy_Camorra-t ezzel: M4 - Pénz: 59937Ft - Pos: -333, -856, 46
[15:56:09] Milinte_Brasco plusz kórház jail ideje 300 másodpercre nõtt (+180mp)
[15:56:31] Justin_Camorra fejen lõtte õt: Torres_Butler
[15:56:31] Justin_Camorra megölte Torres_Butler-t ezzel: MP5 - Pénz: 77750Ft - Pos: -356, -849, 47
[15:56:31] Justin_Camorra plusz kórház jail ideje 300 másodpercre nõtt (+180mp)
[15:56:49] Milinte_Brasco sniperrel meglõtte õt: Justin_Camorra
[15:57:27] Milinte_Brasco plusz kórház jail ideje 420 másodpercre nõtt (+120mp)
[15:57:27] Milinte_Brasco lábon lõtte õt: Justin_Camorra
[15:57:27] Milinte_Brasco plusz kórház jail ideje 540 másodpercre nõtt (+120mp)
[15:57:27] Milinte_Brasco lábon lõtte õt: Justin_Camorra
[15:57:35] Milinte_Brasco fejen lõtte õt: Justin_Camorra
[15:57:35] Milinte_Brasco megölte Justin_Camorra-t ezzel: MP5 - Pénz: 0Ft - Pos: -359, -912, 51
[15:57:35] Milinte_Brasco plusz kórház jail ideje 720 másodpercre nõtt (+180mp)
[16:04:25] Horvath_Adrian fejen lõtte õt: Antonn_Fedorov
[16:05:27] Carlos_D_Surenos fejen lõtte õt: Horvath_Adrian
[16:06:21] Carlos_D_Surenos fejen lõtte õt: James_Aciano
[16:07:49] Carlos_D_Surenos lábon lõtte õt: Daryl_Aciano
[16:08:04] Henrik_T_Scaletta plusz kórház jail ideje 1020 másodpercre nõtt (+120mp)
[16:08:04] Henrik_T_Scaletta lábon lõtte õt: Brandon_Toretto
[16:08:52] Denny_Toretto plusz kórház jail ideje 360 másodpercre nõtt (+120mp)
[16:08:52] Denny_Toretto lábon lõtte õt: Adele_Scaletta
[16:08:52] Henrik_T_Scaletta plusz kórház jail ideje 1140 másodpercre nõtt (+120mp)
[16:08:52] Henrik_T_Scaletta lábon lõtte õt: Oberth_Andras
[16:09:15] Henrik_T_Scaletta plusz kórház jail ideje 1260 másodpercre nõtt (+120mp)
[16:09:15] Henrik_T_Scaletta lábon lõtte õt: Freddie_B_Scaletta
[16:09:40] Carlos_D_Surenos fejen lõtte õt: Victor_Jr_Garcia
[16:09:44] Denny_Toretto plusz kórház jail ideje 480 másodpercre nõtt (+120mp)
[16:09:44] Denny_Toretto lábon lõtte õt: Don_Sorrentino
[16:11:25] Krisztofer_Vincenzo fejen lõtte õt: Thomas_Berzerk
[16:11:30] Marcel_B_Hollywood plusz kórház jail ideje 1440 másodpercre nõtt (+120mp)
[16:11:30] Marcel_B_Hollywood lábon lõtte õt: Nelson_Washington
[16:11:34] Carlos_D_Surenos lábon lõtte õt: Stefan_Aciano
[16:11:34] Carlos_D_Surenos lábon lõtte õt: Mark_Bishop
[16:24:19] Justin_Camorra fejen lõtte õt: Mark_Bishop
[16:24:19] Justin_Camorra megölte Mark_Bishop-t ezzel: MP5 - Pénz: 14179Ft - Pos: 281, -1417, 13
[16:24:19] Justin_Camorra plusz kórház jail ideje 180 másodpercre nõtt (+180mp)
[16:24:22] James_Aciano fejen lõtte õt: Justin_Camorra
[16:24:22] James_Aciano megölte Justin_Camorra-t ezzel: MP5 - Pénz: 6000Ft - Pos: 332, -1395, 13
[16:24:22] James_Aciano plusz kórház jail ideje 600 másodpercre nõtt (+180mp)
[16:24:30] Stevy_Camorra fejen lõtte õt: James_Aciano
[16:24:30] Stevy_Camorra megölte James_Aciano-t ezzel: MP5 - Pénz: 0Ft - Pos: 292, -1413, 13
[16:24:30] Stevy_Camorra plusz kórház jail ideje 180 másodpercre nõtt (+180mp)
[16:25:29] Victor_Jr_Garcia fejen lõtte õt: Earl_Camorra
[16:25:29] Victor_Jr_Garcia megölte Earl_Camorra-t ezzel: MP5 - Pénz: 0Ft - Pos: 333, -1397, 14
[16:25:29] Victor_Jr_Garcia plusz kórház jail ideje 420 másodpercre nõtt (+180mp)
[16:25:58] Stevy_Camorra fejen lõtte õt: Victor_Jr_Garcia
[16:25:58] Stevy_Camorra megölte Victor_Jr_Garcia-t ezzel: MP5 - Pénz: 0Ft - Pos: 327, -1384, 13
[16:25:58] Stevy_Camorra plusz kórház jail ideje 360 másodpercre nõtt (+180mp)
[16:26:06] Milinte_Brasco fejen lõtte õt: Stevy_Camorra
[16:26:06] Milinte_Brasco megölte Stevy_Camorra-t ezzel: M4 - Pénz: 8510Ft - Pos: 333, -1395, 14
[16:26:06] Milinte_Brasco plusz kórház jail ideje 900 másodpercre nõtt (+180mp)
[16:38:42] Horvath_Adrian plusz kórház jail ideje 120 másodpercre nõtt (+120mp)
[16:38:42] Horvath_Adrian lábon lõtte õt: Earl_Camorra
[16:38:43] Justin_Camorra fejen lõtte õt: Horvath_Adrian
[16:38:43] Justin_Camorra megölte Horvath_Adrian-t ezzel: MP5 - Pénz: 0Ft - Pos: 1355, -1252, 13
[16:38:43] Justin_Camorra plusz kórház jail ideje 180 másodpercre nõtt (+180mp)
[16:38:45] Mark_Bishop fejen lõtte õt: Justin_Camorra
[16:38:45] Mark_Bishop megölte Justin_Camorra-t ezzel: MP5 - Pénz: 0Ft - Pos: 1355, -1247, 13
[16:38:45] Mark_Bishop plusz kórház jail ideje 180 másodpercre nõtt (+180mp)
[16:39:05] Mark_Bishop fejen lõtte õt: Earl_Camorra
[16:39:05] Mark_Bishop megölte Earl_Camorra-t ezzel: MP5 - Pénz: 0Ft - Pos: 1385, -1238, 13
[16:39:05] Mark_Bishop plusz kórház jail ideje 360 másodpercre nõtt (+180mp)
[16:39:19] Stevy_Camorra plusz kórház jail ideje 120 másodpercre nõtt (+120mp)
[16:39:19] Stevy_Camorra lábon lõtte õt: Mark_Bishop
[16:39:22] Victor_Jr_Garcia plusz kórház jail ideje 120 másodpercre nõtt (+120mp)
[16:39:22] Victor_Jr_Garcia lábon lõtte õt: Stevy_Camorra
[16:43:53] Niki_Freeman sniperrel meglõtte õt: Dominic_Vincenzo
[16:45:18] Erik_Wheeler lábon lõtte õt: Yamato_Bosco
[16:45:20] Dave_R_Vincenzo lábon lõtte õt: Erik_Wheeler
[16:45:24] Earl_Wheeler sniperrel meglõtte õt: Krisztofer_Vincenzo
[16:45:27] Dave_R_Vincenzo lábon lõtte õt: Mark_B_Hollywood
[16:46:20] Kevin_S_Tomasso fejen lõtte õt: George_B_Hollywood
[16:46:46] Carlos_D_Surenos lábon lõtte õt: Ernesto_Wheeler
[16:46:55] Dave_R_Vincenzo lábon lõtte õt: Spike_Wheeler
[16:46:59] Carlos_D_Surenos lábon lõtte õt: Earl_Wheeler
[16:48:10] Blake_Browns lábon lõtte õt: Carlos_D_Surenos
[16:48:51] Antonn_Fedorov sniperrel meglõtte õt: Carlos_D_Garcia
[16:51:22] Niki_Freeman sniperrel meglõtte õt: Dave_R_Vincenzo
[16:51:59] Javier_B_Hollywood plusz kórház jail ideje 240 másodpercre nõtt (+120mp)
[16:51:59] Javier_B_Hollywood lábon lõtte õt: Zsori_Sandor
[16:52:14] Connor_O_Neill meghalt (NPC_Buszsofor_LS2), oka: Autó | Lehet, hogy Jim_Aciano ölte meg, mert a közelben volt - Pénz: 40248Ft -
[16:59:56] Antonn_Fedorov sniperrel meglõtte õt: Niki_Freeman
[17:03:23] Thomas_Berzerk fejen lõtte õt: Jack_Thomson
[17:03:23] Thomas_Berzerk megölte Jack_Thomson-t ezzel: Rifle - Pénz: 8070Ft - Pos: 1428, -1039, 23
[17:03:23] Thomas_Berzerk plusz kórház jail ideje 420 másodpercre nõtt (+180mp)
[17:05:42] Thomas_Berzerk fejen lõtte õt: Valor_Colin
[17:05:42] Thomas_Berzerk megölte Valor_Colin-t ezzel: Rifle - Pénz: 0Ft - Pos: 1475, -1045, 23
[17:05:42] Thomas_Berzerk plusz kórház jail ideje 600 másodpercre nõtt (+180mp)
[17:06:47] Thomas_Berzerk fejen lõtte õt: Hans_Cooper
[17:06:47] Thomas_Berzerk megölte Hans_Cooper-t ezzel: Rifle - Pénz: 0Ft - Pos: 1420, -1041, 23
[17:06:47] Thomas_Berzerk plusz kórház jail ideje 780 másodpercre nõtt (+180mp)
[17:08:21] Mark_Bishop plusz kórház jail ideje 480 másodpercre nõtt (+120mp)
[17:08:21] Mark_Bishop lábon lõtte õt: Costa_Miles
[17:09:45] Kevin_S_Tomasso lábon lõtte õt: Blake_Browns
[17:10:02] Kevin_S_Tomasso fejen lõtte õt: Joe_Wheeler
[17:14:44] Oberth_Andras meghalt (-), oka: Leesett - Pénz: 0Ft - Pos: -1554, -2786, 48
[17:19:02] Thomas_Berzerk riflevel animba lõtte õt õt: Jackob_Shirton
[17:20:58] Thomas_Berzerk riflevel animba lõtte õt õt: Jackob_Shirton
[17:20:58] Thomas_Berzerk megölte Jackob_Shirton-t ezzel: Rifle - Pénz: 99566Ft - Pos: 1430, -1039, 23
[17:20:58] Thomas_Berzerk plusz kórház jail ideje 960 másodpercre nõtt (+180mp)
[17:23:51] Albert_Kesselring fejen lõtte õt: Thomas_Berzerk
[17:23:51] Albert_Kesselring fejen lõtte õt: Thomas_Berzerk
[17:23:51] Albert_Kesselring fejen lõtte õt: Thomas_Berzerk
[17:23:51] Thomas_Berzerk fejen lõtte õt: Albert_Kesselring
[17:23:51] Albert_Kesselring megölte Thomas_Berzerk-t ezzel: MP5 - Pénz: 0Ft - Pos: 1326, -940, 36
[17:23:51] Albert_Kesselring plusz kórház jail ideje 180 másodpercre nõtt (+180mp)
[17:23:51] Thomas_Berzerk megölte Albert_Kesselring-t ezzel: MP5 - Pénz: 0Ft - Pos: 1325, -947, 38
[17:23:51] Thomas_Berzerk plusz kórház jail ideje 1140 másodpercre nõtt (+180mp)
[17:25:27] Horvath_Adrian sniperrel meglõtte õt: Matt_Creed
[17:32:24] Horvath_Adrian sniperrel meglõtte õt: Siska_Finuccsi
[17:33:34] Horvath_Adrian plusz kórház jail ideje 120 másodpercre nõtt (+120mp)
[17:33:34] Horvath_Adrian lábon lõtte õt: Hans_Cooper
[17:34:52] Horvath_Adrian plusz kórház jail ideje 240 másodpercre nõtt (+120mp)
[17:34:52] Horvath_Adrian lábon lõtte õt: Patrick_Zecchin
[17:37:09] Stefan_Aciano plusz kórház jail ideje 120 másodpercre nõtt (+120mp)
[17:37:09] Stefan_Aciano lábon lõtte õt: Gregor_L_Camaro
[17:37:10] Horvath_Adrian sniperrel meglõtte õt: Steve_Sanchez
[17:38:23] Mark_Bishop megölte Gregor_L_Camaro-t ezzel: MP5 - Pénz: 0Ft - Pos: 1911, -2431, 13
[17:38:23] Mark_Bishop plusz kórház jail ideje 660 másodpercre nõtt (+180mp)
[17:43:08] Steve_Sanchez meghalt (NPC_Buszsofor_LS), oka: Autó | Lehet, hogy Hans_Cooper ölte meg, mert a közelben volt - Pénz: 3192Ft - P
[17:48:22] Valor_Colin megölte Costa_Miles-t ezzel: MP5 - Pénz: 0Ft - Pos: 1931, -2416, 13
[17:48:22] Valor_Colin plusz kórház jail ideje 180 másodpercre nõtt (+180mp)
[17:48:35] Valor_Colin megölte Siska_Finuccsi-t ezzel: Ököl - Pénz: 0Ft - Pos: 1931, -2415, 13
[17:48:35] Valor_Colin plusz kórház jail ideje 360 másodpercre nõtt (+180mp)
[17:51:30] Ventura_Zecchin sniperrel meglõtte õt: Valor_Colin
[17:51:49] Ventura_Zecchin fejen lõtte õt: Jack_Thomson
[17:51:52] Ventura_Zecchin megölte Jack_Thomson-t ezzel: Sniper - Pénz: 0Ft - Pos: 1111, -961, 42
[17:51:52] Ventura_Zecchin plusz kórház jail ideje 960 másodpercre nõtt (+180mp)
[17:53:08] Ventura_Zecchin fejen lõtte õt: Marcel_B_Hollywood
[17:53:09] Ventura_Zecchin megölte Marcel_B_Hollywood-t ezzel: Sniper - Pénz: 29000Ft - Pos: 1109, -960, 42
[17:53:09] Ventura_Zecchin plusz kórház jail ideje 1140 másodpercre nõtt (+180mp)
[18:00:20] Jason_B_Hollywood sniperrel meglõtte õt: James_Aciano
[18:00:41] Dave_R_Vincenzo fejen lõtte õt: Ventura_Zecchin
[18:00:41] Dave_R_Vincenzo megölte Ventura_Zecchin-t ezzel: AK47 - Pénz: 0Ft - Pos: 1132, -927, 42
[18:00:41] Dave_R_Vincenzo plusz kórház jail ideje 180 másodpercre nõtt (+180mp)
[18:01:11] Leone_S_Tomasso plusz kórház jail ideje 1020 másodpercre nõtt (+120mp)
[18:01:11] Leone_S_Tomasso lábon lõtte õt: Ralf_S_Tomasso
[18:01:39] Leone_S_Tomasso plusz kórház jail ideje 1140 másodpercre nõtt (+120mp)
[18:01:39] Leone_S_Tomasso lábon lõtte õt: Ralf_S_Tomasso
[18:02:07] Carlos_D_Surenos plusz kórház jail ideje 120 másodpercre nõtt (+120mp)
[18:02:07] Carlos_D_Surenos lábon lõtte õt: Pekano_S_Barett
[18:07:49] Emanuel_Garcia fejen lõtte õt: Torres_Butler
[18:07:50] Emanuel_Garcia megölte Torres_Butler-t ezzel: MP5 - Pénz: 275000Ft - Pos: 1048, -777, 104
[18:07:50] Emanuel_Garcia plusz kórház jail ideje 180 másodpercre nõtt (+180mp)
[18:08:13] Niki_Freeman plusz kórház jail ideje 120 másodpercre nõtt (+120mp)
[18:08:13] Niki_Freeman lábon lõtte õt: Ryan_Brasco
[18:09:55] Javier_B_Hollywood plusz kórház jail ideje 360 másodpercre nõtt (+120mp)
[18:09:55] Javier_B_Hollywood lábon lõtte õt: Spike_Wheeler
[18:10:25] Milinte_Brasco plusz kórház jail ideje 1020 másodpercre nõtt (+120mp)
[18:10:25] Milinte_Brasco lábon lõtte õt: Niki_Freeman
[18:22:34] Ventura_Zecchin meghalt (-), oka: Megfulladt - Pénz: 0Ft - Pos: 138, 75, 1
[18:23:37] Stevy_Camorra fejen lõtte õt: Milinte_Brasco
[18:23:37] Stevy_Camorra megölte Milinte_Brasco-t ezzel: MP5 - Pénz: 32985Ft - Pos: -623, -988, 65
[18:23:37] Stevy_Camorra plusz kórház jail ideje 300 másodpercre nõtt (+180mp)
[18:24:43] Stevy_Camorra fejen lõtte õt: Gregor_L_Camaro
[18:24:43] Stevy_Camorra megölte Gregor_L_Camaro-t ezzel: MP5 - Pénz: 0Ft - Pos: -685, -1005, 71
[18:24:43] Stevy_Camorra plusz kórház jail ideje 480 másodpercre nõtt (+180mp)
[18:27:15] Stevy_Camorra plusz kórház jail ideje 600 másodpercre nõtt (+120mp)
[18:27:15] Stevy_Camorra lábon lõtte õt: Milinte_Brasco
[18:29:50] Stevy_Camorra fejen lõtte õt: Milinte_Brasco
[18:29:51] Stevy_Camorra megölte Milinte_Brasco-t ezzel: M4 - Pénz: 0Ft - Pos: -729, -1019, 76
[18:29:51] Stevy_Camorra plusz kórház jail ideje 780 másodpercre nõtt (+180mp)
[18:31:15] Niko_Black plusz kórház jail ideje 120 másodpercre nõtt (+120mp)
[18:31:15] Niko_Black lábon lõtte õt: Zsori_Sandor
[18:37:04] Stefan_Aciano plusz kórház jail ideje 240 másodpercre nõtt (+120mp)
[18:37:04] Stefan_Aciano lábon lõtte õt: Marcel_B_Hollywood
[18:39:19] Kedves_Roland megölte Hans_Cooper-t ezzel: Ököl - Pénz: 0Ft - Pos: 1260, -1273, 13
[18:39:19] Kedves_Roland plusz kórház jail ideje 180 másodpercre nõtt (+180mp)
[18:40:15] Freddie_B_Scaletta fejen lõtte õt: Victor_Jr_Garcia
[18:40:16] Freddie_B_Scaletta megölte Victor_Jr_Garcia-t ezzel: MP5 - Pénz: 0Ft - Pos: 1446, -1020, 24
[18:40:16] Freddie_B_Scaletta plusz kórház jail ideje 180 másodpercre nõtt (+180mp)
[18:40:46] Stefan_Aciano plusz kórház jail ideje 360 másodpercre nõtt (+120mp)
[18:40:46] Stefan_Aciano lábon lõtte õt: Siska_Finuccsi
[18:40:52] James_Aciano plusz kórház jail ideje 120 másodpercre nõtt (+120mp)
[18:40:52] James_Aciano lábon lõtte õt: Freddie_B_Scaletta
[18:41:13] Valentin_B_Hall meghalt (NPC_Buszsofor_LS_SF1), oka: Autó | Lehet, hogy Jackob_Shirton ölte meg, mert a közelben volt - Pénz: 3
[18:43:36] Nelson_Washington sniperrel meglõtte õt: Mark_Bishop
[18:43:42] Nelson_Washington sniperrel meglõtte õt: Siska_Finuccsi
[18:43:44] Nelson_Washington sniperrel meglõtte õt: Daryl_Aciano
[18:43:52] Nelson_Washington sniperrel meglõtte õt: Stefan_Aciano
[18:43:55] Nelson_Washington sniperrel meglõtte õt: Mark_Bishop
[18:44:00] James_D_Freeman plusz kórház jail ideje 120 másodpercre nõtt (+120mp)
[18:44:00] James_D_Freeman lábon lõtte õt: Steve_Sanchez
[18:44:43] Thomas_Berzerk fejen lõtte õt: Nelson_Washington
[18:44:43] Thomas_Berzerk megölte Nelson_Washington-t ezzel: Rifle - Pénz: 0Ft - Pos: 1469, -1050, 23
[18:44:43] Thomas_Berzerk plusz kórház jail ideje 180 másodpercre nõtt (+180mp)
[18:44:45] Javier_B_Hollywood sniperrel meglõtte õt: Paul_D_Cortez
[18:44:45] Javier_B_Hollywood megölte Paul_D_Cortez-t ezzel: Sniper - Pénz: 0Ft - Pos: 1426, -1042, 23
[18:44:45] Javier_B_Hollywood plusz kórház jail ideje 540 másodpercre nõtt (+180mp)
[18:44:48] Jason_B_Hollywood sniperrel meglõtte õt: James_Aciano
[18:45:06] Thomas_Berzerk fejen lõtte õt: Jason_B_Hollywood
[18:45:06] Thomas_Berzerk megölte Jason_B_Hollywood-t ezzel: Rifle - Pénz: 160168Ft - Pos: 1499, -1053, 25
[18:45:06] Thomas_Berzerk plusz kórház jail ideje 360 másodpercre nõtt (+180mp)
[18:46:25] Javier_B_Hollywood sniperrel meglõtte õt: Thomas_Berzerk
[18:46:53] Milinte_Brasco plusz kórház jail ideje 120 másodpercre nõtt (+120mp)
[18:46:53] Milinte_Brasco lábon lõtte õt: James_D_Freeman
[18:50:49] Victor_Jr_Garcia plusz kórház jail ideje 120 másodpercre nõtt (+120mp)
[18:50:49] Victor_Jr_Garcia lábon lõtte õt: Hans_Cooper
[18:50:57] Victor_Jr_Garcia plusz kórház jail ideje 240 másodpercre nõtt (+120mp)
[18:50:57] Victor_Jr_Garcia lábon lõtte õt: Milinte_Brasco
[18:54:19] Victor_Jr_Garcia plusz kórház jail ideje 360 másodpercre nõtt (+120mp)
[18:54:19] Victor_Jr_Garcia lábon lõtte õt: Javier_B_Hollywood
[18:55:23] Damien_Creed lábon lõtte õt: Kazuyoshi_Akira
[18:55:45] Ryder_B_Dueno lábon lõtte õt: Damien_Creed
[18:56:34] Valor_Colin megölte Siska_Finuccsi-t ezzel: Ököl - Pénz: 0Ft - Pos: 2672, -2491, 29
[18:56:34] Valor_Colin plusz kórház jail ideje 540 másodpercre nõtt (+180mp)
[18:57:28] Carlos_D_Garcia sniperrel meglõtte õt: Yamato_Bosco
[18:57:31] Steve_J_Sorrentino lábon lõtte õt: George_B_Hollywood
[18:58:28] Tom_Zecchin lábon lõtte õt: Mark_B_Hollywood
[18:58:37] Carlos_D_Garcia sniperrel meglõtte õt: Patrick_Zecchin
[18:59:18] Damien_Q_Carcassone plusz kórház jail ideje 120 másodpercre nõtt (+120mp)
[18:59:18] Damien_Q_Carcassone lábon lõtte õt: Niko_Black
[18:59:22] Lucio_Zecchin lábon lõtte õt: Ryder_B_Dueno
[18:59:34] Carlos_D_Garcia lábon lõtte õt: Lucio_Zecchin
[18:59:40] Blake_Browns lábon lõtte õt: Krisztofer_Vincenzo
[19:00:38] James_Creed lábon lõtte õt: Joe_Wheeler
[19:00:39] Carlos_D_Garcia lábon lõtte õt: Tom_Zecchin
[19:00:53] Carlos_D_Surenos lábon lõtte õt: Blake_Browns
[19:00:58] Carlos_D_Surenos lábon lõtte õt: Carlos_D_Garcia
[19:05:03] Kyle_Brasco fejen lõtte õt: Ryan_Brasco
[19:07:43] Antonio_Salvatore megölte Johnie_Alvadore-t ezzel: Ököl - Pénz: 0Ft - Pos: -922, 1114, 27
[19:07:43] Antonio_Salvatore plusz kórház jail ideje 180 másodpercre nõtt (+180mp)
[19:08:32] Kedves_Roland meghalt (-), oka: Leesett - Pénz: 0Ft - Pos: 1549, -1734, 13
[19:09:14] Antonio_Salvatore meghalt (-), oka: Megfulladt - Pénz: 0Ft - Pos: -1078, 1030, -26
[19:09:59] Marcel_B_Hollywood plusz kórház jail ideje 120 másodpercre nõtt (+120mp)
[19:09:59] Marcel_B_Hollywood lábon lõtte õt: Daryl_Aciano
[19:11:49] Marcel_B_Hollywood fejen lõtte õt: James_Aciano
[19:12:38] Max_Sorrentino meghalt (-), oka: Leesett - Pénz: 0Ft - Pos: -2058, 181, 33
[19:16:18] Kedves_Roland megölte Antonio_Salvatore-t ezzel: Ököl - Pénz: 0Ft - Pos: 1196, -1344, 13
[19:16:18] Kedves_Roland plusz kórház jail ideje 180 másodpercre nõtt (+180mp)
[19:17:40] Kedves_Roland megölte Johnie_Alvadore-t ezzel: Ököl - Pénz: 0Ft - Pos: 1178, -1325, 14
[19:17:40] Kedves_Roland plusz kórház jail ideje 360 másodpercre nõtt (+180mp)
[19:18:40] Markus_D_Zecchin fejen lõtte õt: Victor_Jr_Garcia
[19:18:48] Max_Sorrentino fejen lõtte õt: Mark_Bishop
[19:18:54] Markus_D_Zecchin fejen lõtte õt: Paul_D_Cortez
[19:25:06] Damien_Q_Carcassone fejen lõtte õt: Gyongyosi_Lajos
[19:25:06] Damien_Q_Carcassone megölte Gyongyosi_Lajos-t ezzel: Deagle - Pénz: 0Ft - Pos: 423, -1346, 14
[19:25:06] Damien_Q_Carcassone plusz kórház jail ideje 300 másodpercre nõtt (+180mp)
[19:25:11] Damien_Q_Carcassone fejen lõtte õt: Nadasi_Gyorgy
[19:25:11] Damien_Q_Carcassone megölte Nadasi_Gyorgy-t ezzel: Deagle - Pénz: 381Ft - Pos: 423, -1346, 14
[19:25:11] Damien_Q_Carcassone plusz kórház jail ideje 480 másodpercre nõtt (+180mp)
[19:39:10] Lucio_Zecchin lábon lõtte õt: George_B_Hollywood
[19:39:11] Joe_Wheeler lábon lõtte õt: Hugo_Toretto
[19:39:13] Yamato_Bosco lábon lõtte õt: Kazuyoshi_Akira
[19:39:16] Tom_Torres sniperrel meglõtte õt: Joe_Wheeler
[19:39:23] Tom_Torres sniperrel meglõtte õt: Ryder_B_Dueno
[19:55:21] James_Creed fejen lõtte õt: Mester_Csaba
[19:55:21] James_Creed megölte Mester_Csaba-t ezzel: MP5 - Pénz: 0Ft - Pos: 371, -485, 23
[19:55:21] James_Creed plusz kórház jail ideje 480 másodpercre nõtt (+180mp)
[20:00:09] Freddie_B_Scaletta fejen lõtte õt: Johny_Morales
[20:00:09] Freddie_B_Scaletta megölte Johny_Morales-t ezzel: MP5 - Pénz: 0Ft - Pos: -204, -1443, 8
[20:00:09] Freddie_B_Scaletta plusz kórház jail ideje 360 másodpercre nõtt (+180mp)
[20:00:34] Freddie_B_Scaletta fejen lõtte õt: Damien_Creed
[20:00:34] Freddie_B_Scaletta megölte Damien_Creed-t ezzel: MP5 - Pénz: 0Ft - Pos: -227, -1441, 5
[20:00:34] Freddie_B_Scaletta plusz kórház jail ideje 540 másodpercre nõtt (+180mp)
[20:00:42] Don_Sorrentino sniperrel meglõtte õt: James_Creed
[20:03:51] Jack_Thomson meghalt (-), oka: Leesett - Pénz: 0Ft - Pos: 1516, -1697, 15
[20:05:39] Krisztofer_Vincenzo sniperrel meglõtte õt: Freddie_B_Scaletta
[20:05:43] Krisztofer_Vincenzo sniperrel meglõtte õt: Albert_Kesselring
[20:06:28] Don_Sorrentino sniperrel meglõtte õt: Krisztofer_Vincenzo
[20:06:52] Don_Sorrentino sniperrel meglõtte õt: Krisztofer_Vincenzo
[20:06:54] Don_Sorrentino sniperrel meglõtte õt: Krisztofer_Vincenzo
[20:06:55] Don_Sorrentino sniperrel meglõtte õt: Krisztofer_Vincenzo
[20:06:55] Don_Sorrentino megölte Krisztofer_Vincenzo-t ezzel: Sniper - Pénz: 0Ft - Pos: -170, -1418, 3
[20:06:55] Don_Sorrentino plusz kórház jail ideje 180 másodpercre nõtt (+180mp)
[20:08:00] Dave_R_Vincenzo plusz kórház jail ideje 300 másodpercre nõtt (+120mp)
[20:08:00] Dave_R_Vincenzo lábon lõtte õt: Hans_Cooper
[20:09:29] Markus_D_Zecchin plusz kórház jail ideje 1080 másodpercre nõtt (+120mp)
[20:09:29] Markus_D_Zecchin lábon lõtte õt: Felix_Wheeler
[20:12:21] Stefan_D_Zecchin plusz kórház jail ideje 120 másodpercre nõtt (+120mp)
[20:12:21] Stefan_D_Zecchin lábon lõtte õt: Don_Sorrentino
[20:16:34] Valor_Colin meghalt (-), oka: Leesett - Pénz: 0Ft - Pos: 1435, -1753, 14
[20:17:12] Pablo_S_Carcassone fejen lõtte õt: James_D_Freeman
[20:17:12] Pablo_S_Carcassone megölte James_D_Freeman-t ezzel: Deagle - Pénz: 0Ft - Pos: 2263, -1060, 49
[20:17:12] Pablo_S_Carcassone plusz kórház jail ideje 180 másodpercre nõtt (+180mp)
[20:17:16] John_Salivan plusz kórház jail ideje 540 másodpercre nõtt (+120mp)
[20:17:16] John_Salivan lábon lõtte õt: Pablo_S_Carcassone
[21:20:30] Kedves_Roland meghalt (-), oka: Leesett - Pénz: 0Ft - Pos: 318, 1039, 30
[21:37:28] Daryl_Aciano fejen lõtte õt: Hanzon_Soprano
[21:37:28] Daryl_Aciano megölte Hanzon_Soprano-t ezzel: MP5 - Pénz: 0Ft - Pos: -1994, 501, 34
[21:37:28] Daryl_Aciano plusz kórház jail ideje 180 másodpercre nõtt (+180mp)
[21:38:23] Mark_Bishop meghalt (-), oka: Leesett - Pénz: 0Ft - Pos: 2207, 1553, 14
[21:42:53] Mark_B_Hollywood fejen lõtte õt: Darius_N_Ortega
[21:42:53] Mark_B_Hollywood megölte Darius_N_Ortega-t ezzel: MP5 - Pénz: 0Ft - Pos: 2017, -2079, 13
[21:42:53] Mark_B_Hollywood plusz kórház jail ideje 180 másodpercre nõtt (+180mp)
[21:51:16] Calvin_C_Broadus fejen lõtte õt: Daniel_Sedin
[21:51:16] Calvin_C_Broadus megölte Daniel_Sedin-t ezzel: MP5 - Pénz: 0Ft - Pos: -248, -905, 43
[21:51:16] Calvin_C_Broadus plusz kórház jail ideje 300 másodpercre nõtt (+180mp)
[21:51:16] Calvin_C_Broadus fejen lõtte õt: Zsori_Sandor
[21:51:16] Felix_Wheeler fejen lõtte õt: Zsori_Sandor
[21:51:16] Felix_Wheeler megölte Zsori_Sandor-t ezzel: MP5 - Pénz: 0Ft - Pos: -248, -905, 43
[21:51:16] Felix_Wheeler plusz kórház jail ideje 180 másodpercre nõtt (+180mp)
[21:53:45] Calvin_C_Broadus fejen lõtte õt: Freddie_B_Scaletta
[21:53:45] Calvin_C_Broadus megölte Freddie_B_Scaletta-t ezzel: MP5 - Pénz: 72427Ft - Pos: 490, -1282, 15
[21:53:45] Calvin_C_Broadus plusz kórház jail ideje 480 másodpercre nõtt (+180mp)
[22:00:18] Felix_Wheeler fejen lõtte õt: Damien_Q_Carcassone
[22:00:18] Felix_Wheeler megölte Damien_Q_Carcassone-t ezzel: MP5 - Pénz: 0Ft - Pos: -376, -886, 44
[22:00:18] Felix_Wheeler plusz kórház jail ideje 360 másodpercre nõtt (+180mp)
[22:02:05] Calvin_C_Broadus fejen lõtte õt: Pekano_S_Barett
[22:02:05] Calvin_C_Broadus megölte Pekano_S_Barett-t ezzel: M4 - Pénz: 0Ft - Pos: -100, -1126, 1
[22:02:05] Calvin_C_Broadus plusz kórház jail ideje 660 másodpercre nõtt (+180mp)
[22:02:07] Calvin_C_Broadus fejen lõtte õt: Johny_Morales
[22:02:07] Calvin_C_Broadus megölte Johny_Morales-t ezzel: M4 - Pénz: 12950Ft - Pos: -106, -1127, 1
[22:02:07] Calvin_C_Broadus plusz kórház jail ideje 840 másodpercre nõtt (+180mp)
[22:15:20] Felix_Wheeler plusz kórház jail ideje 480 másodpercre nõtt (+120mp)
[22:15:20] Felix_Wheeler lábon lõtte õt: Damien_Q_Carcassone
[22:18:52] Felix_Wheeler plusz kórház jail ideje 600 másodpercre nõtt (+120mp)
[22:18:52] Felix_Wheeler lábon lõtte õt: Pekano_S_Barett
[22:18:53] Felix_Wheeler plusz kórház jail ideje 720 másodpercre nõtt (+120mp)
[22:18:53] Felix_Wheeler lábon lõtte õt: Don_Sorrentino
[22:19:06] Freddie_B_Scaletta fejen lõtte õt: Calvin_C_Broadus
[22:19:06] Freddie_B_Scaletta megölte Calvin_C_Broadus-t ezzel: MP5 - Pénz: 42124Ft - Pos: 786, -1676, 13
[22:19:06] Freddie_B_Scaletta plusz kórház jail ideje 180 másodpercre nõtt (+180mp)
