[00:00:47] Marcel_B_Hollywood plusz kórház jail ideje 540 másodpercre nõtt (+120mp)
[00:00:47] Marcel_B_Hollywood lábon lõtte õt: Hugo_Toretto
[00:01:07] Antonn_Fedorov sniperrel meglõtte õt: Marcel_B_Hollywood
[00:01:36] Antonn_Fedorov fejen lõtte õt: Marcel_B_Hollywood
[00:01:36] Antonn_Fedorov megölte Marcel_B_Hollywood-t ezzel: M4 - Pénz: 0Ft - Pos: 1392, -870, 41
[00:01:36] Antonn_Fedorov plusz kórház jail ideje 960 másodpercre nõtt (+180mp)
[00:03:03] Levy_B_Hollywood sniperrel meglõtte õt: Ventura_Zecchin
[00:03:03] Levy_B_Hollywood megölte Ventura_Zecchin-t ezzel: Sniper - Pénz: 182713Ft - Pos: 1613, -982, 38
[00:03:03] Levy_B_Hollywood plusz kórház jail ideje 180 másodpercre nõtt (+180mp)
[00:20:48] Costa_Miles plusz kórház jail ideje 120 másodpercre nõtt (+120mp)
[00:20:48] Costa_Miles lábon lõtte õt: Valor_Colin
[00:20:48] Costa_Miles plusz kórház jail ideje 240 másodpercre nõtt (+120mp)
[00:20:48] Costa_Miles lábon lõtte õt: Valor_Colin
[01:34:02] Don_Sorrentino plusz kórház jail ideje 240 másodpercre nõtt (+120mp)
[01:34:02] Don_Sorrentino lábon lõtte õt: Georg_B_Hollywood
[01:34:31] Max_Sorrentino sniperrel meglõtte õt: Don_Sorrentino
[01:46:21] Don_Sorrentino plusz kórház jail ideje 360 másodpercre nõtt (+120mp)
[01:46:21] Don_Sorrentino lábon lõtte õt: Ralf_S_Tomasso
[01:52:03] Hizusu_Weedman sniperrel meglõtte õt: Don_Sorrentino
[01:53:49] Georg_B_Hollywood plusz kórház jail ideje 120 másodpercre nõtt (+120mp)
[01:53:49] Georg_B_Hollywood lábon lõtte õt: Hizusu_Weedman
[02:38:08] Hizusu_Weedman meghalt (-), oka: Leesett - Pénz: 0Ft - Pos: 2775, -2441, 117
[02:42:57] Hizusu_Weedman sniperrel meglõtte õt: Henrik_T_Scaletta
[02:48:04] Jim_Handerson meghalt (-), oka: Leesett - Pénz: 1665691Ft - Pos: -2086, -1919, 90
[03:30:20] Jim_Handerson meghalt (-), oka: Leesett - Pénz: 1649045Ft - Pos: -2144, -1825, 215
[03:35:40] Jim_Handerson meghalt (-), oka: Leesett - Pénz: 0Ft - Pos: -2424, -2061, 146
[06:12:03] Marcell_O_Neill fejen lõtte õt: Ryan_Brasco
[06:12:03] Marcell_O_Neill megölte Ryan_Brasco-t ezzel: M4 - Pénz: 1040000Ft - Pos: 1110, -966, 42
[06:12:03] Marcell_O_Neill plusz kórház jail ideje 180 másodpercre nõtt (+180mp)
[09:13:37] Thomas_Blackwell meghalt (NPC_Buszsofor_LS2), oka: Autó | Lehet, hogy Zack_B_Zecchin ölte meg, mert a közelben volt - Pénz: 126
[10:23:31] Harold_G_Freeman meghalt (-), oka: Leesett - Pénz: 0Ft - Pos: 1804, -461, 85
[10:24:36] Nick_R_Wilson meghalt (-), oka: Leesett - Pénz: 71280Ft - Pos: 1480, -695, 94
[10:27:13] Hugo_Toretto plusz kórház jail ideje 480 másodpercre nõtt (+120mp)
[10:27:13] Hugo_Toretto lábon lõtte õt: Leone_S_Tomasso
[10:28:57] Denny_Toretto sniperrel meglõtte õt: Lucio_Zecchin
[10:29:23] Patrick_Zecchin fejen lõtte õt: Jason_B_Hollywood
[10:29:23] Patrick_Zecchin megölte Jason_B_Hollywood-t ezzel: MP5 - Pénz: 1818016Ft - Pos: 1416, -942, 35
[10:29:23] Patrick_Zecchin plusz kórház jail ideje 180 másodpercre nõtt (+180mp)
[10:29:41] Denny_Toretto sniperrel meglõtte õt: Hugo_Toretto
[10:30:14] Patrick_Zecchin plusz kórház jail ideje 300 másodpercre nõtt (+120mp)
[10:30:14] Patrick_Zecchin lábon lõtte õt: Denny_Toretto
[10:30:31] Johan_B_Black plusz kórház jail ideje 120 másodpercre nõtt (+120mp)
[10:30:31] Johan_B_Black lábon lõtte õt: Valor_Colin
[10:31:03] Johan_B_Black plusz kórház jail ideje 240 másodpercre nõtt (+120mp)
[10:31:03] Johan_B_Black lábon lõtte õt: Shura_Sharma
[10:31:47] Johan_B_Black plusz kórház jail ideje 360 másodpercre nõtt (+120mp)
[10:31:47] Johan_B_Black lábon lõtte õt: Cody_Aciano
[10:34:19] Damien_Creed fejen lõtte õt: Shura_Sharma
[10:34:19] Damien_Creed megölte Shura_Sharma-t ezzel: MP5 - Pénz: 0Ft - Pos: 1457, -1046, 23
[10:34:19] Damien_Creed plusz kórház jail ideje 180 másodpercre nõtt (+180mp)
[10:36:16] Damien_Creed plusz kórház jail ideje 300 másodpercre nõtt (+120mp)
[10:36:16] Damien_Creed lábon lõtte õt: James_Aciano
[10:36:30] Emanuel_Garcia meghalt (-), oka: Leesett - Pénz: 162480Ft - Pos: 1619, -1315, 35
[10:37:44] Nick_R_Wilson meghalt (-), oka: Leesett - Pénz: 0Ft - Pos: 2232, -1186, 36
[10:42:23] Zen_Vincenzo meghalt (-), oka: Leesett - Pénz: 0Ft - Pos: 235, 158, -2
[10:42:25] George_B_Hollywood meghalt (-), oka: Leesett - Pénz: 0Ft - Pos: 2262, -1154, 30
[10:59:51] Matt_Creed meghalt (Krist_Roscoe), oka: Leesett - Pénz: 71280Ft - Pos: -349, -835, 47
[11:01:57] Hugo_Toretto lábon lõtte õt: George_B_Hollywood
[11:01:58] Kazuyoshi_Akira lábon lõtte õt: Hugo_Toretto
[11:02:24] Ryan_B_Mike lábon lõtte õt: Kevin_S_Tomasso
[11:03:25] Lucio_Zecchin lábon lõtte õt: Ryan_B_Mike
[11:04:13] Erik_Wheeler sniperrel meglõtte õt: Patrick_Zecchin
[11:04:13] Diaz_Freeman fejen lõtte õt: Nico_Butler
[11:04:49] Diaz_Freeman lábon lõtte õt: Erik_Wheeler
[11:05:16] Diaz_Freeman fejen lõtte õt: Kazuyoshi_Akira
[11:06:53] Mark_B_Hollywood fejen lõtte õt: Damien_Creed
[11:07:03] Diaz_Freeman fejen lõtte õt: Joker_Creed
[11:07:12] Lucio_Zecchin lábon lõtte õt: Joe_Wheeler
[11:07:14] Lucio_Zecchin lábon lõtte õt: Mark_B_Hollywood
[11:25:14] Mark_B_Hollywood fejen lõtte õt: Stefan_Berger
[11:25:39] Joe_Wheeler fejen lõtte õt: Mark_Bishop
[11:25:53] Mark_B_Hollywood lábon lõtte õt: Atsuya_D_Freeman
[11:26:06] Thomas_Berzerk lábon lõtte õt: Ryan_B_Mike
[11:26:08] Mark_B_Hollywood fejen lõtte õt: Charlie_Leanders
[11:26:08] Paul_Escobar fejen lõtte õt: Joe_Wheeler
[11:26:10] Mark_B_Hollywood lábon lõtte õt: Thomas_Berzerk
[11:26:12] Joker_Creed fejen lõtte õt: Mark_B_Hollywood
[11:26:12] Joker_Creed fejen lõtte õt: Paul_Escobar
[11:32:52] Johan_B_Black fejen lõtte õt: Max_R_Black
[11:32:52] Johan_B_Black fejen lõtte õt: Max_R_Black
[11:32:52] Johan_B_Black megölte Max_R_Black-t ezzel: MP5 - Pénz: 14200Ft - Pos: -1300, 2702, 50
[11:32:52] Johan_B_Black plusz kórház jail ideje 540 másodpercre nõtt (+180mp)
[11:46:32] Mark_B_Hollywood fejen lõtte õt: Ventura_Zecchin
[11:46:40] Ryan_B_Mike lábon lõtte õt: Patrick_Zecchin
[11:47:04] Diaz_Freeman fejen lõtte õt: George_B_Hollywood
[11:48:21] Erik_Wheeler sniperrel meglõtte õt: Antonn_Fedorov
[11:48:31] Jimmy_Doherty megölte Allen_Sandro-t ezzel: Ököl - Pénz: 39296Ft - Pos: 2214, -1189, 1029
[11:48:31] Jimmy_Doherty plusz kórház jail ideje 180 másodpercre nõtt (+180mp)
[11:48:48] Nico_Butler lábon lõtte õt: Damien_Creed
[11:49:23] Kitty_Soprano lábon lõtte õt: Diaz_Freeman
[11:49:57] Kevin_S_Tomasso lábon lõtte õt: Kitty_Soprano
[11:50:14] Ryan_B_Mike lábon lõtte õt: Kevin_S_Tomasso
[11:50:34] Lucio_Zecchin lábon lõtte õt: Mark_B_Hollywood
[11:51:12] Nico_Butler lábon lõtte õt: Lucio_Zecchin
[11:51:46] Nico_Butler lábon lõtte õt: Hugo_Toretto
[11:56:44] Johan_B_Black fejen lõtte õt: Max_R_Black
[11:56:44] Johan_B_Black fejen lõtte õt: Max_R_Black
[11:56:44] Johan_B_Black fejen lõtte õt: Max_R_Black
[11:56:44] Johan_B_Black megölte Max_R_Black-t ezzel: MP5 - Pénz: 13000Ft - Pos: 2931, -1977, 1
[11:56:44] Johan_B_Black plusz kórház jail ideje 720 másodpercre nõtt (+180mp)
[11:56:48] Johan_B_Black plusz kórház jail ideje 840 másodpercre nõtt (+120mp)
[11:56:48] Johan_B_Black lábon lõtte õt: Max_R_Black
[11:57:32] Milinte_Brasco plusz kórház jail ideje 120 másodpercre nõtt (+120mp)
[11:57:32] Milinte_Brasco lábon lõtte õt: Johan_B_Black
[12:10:55] Emanuel_Garcia meghalt (-), oka: Leesett - Pénz: 0Ft - Pos: -1992, -2460, 31
[12:12:38] Milinte_Brasco plusz kórház jail ideje 240 másodpercre nõtt (+120mp)
[12:12:38] Milinte_Brasco lábon lõtte õt: Stefan_Berger
[12:13:50] Damien_Creed plusz kórház jail ideje 420 másodpercre nõtt (+120mp)
[12:13:50] Damien_Creed lábon lõtte õt: Amos_Toretto
[12:15:08] Leone_S_Tomasso fejen lõtte õt: Ventura_Zecchin
[12:15:08] Leone_S_Tomasso megölte Ventura_Zecchin-t ezzel: Sniper - Pénz: 0Ft - Pos: 1376, -1189, 202
[12:15:08] Leone_S_Tomasso plusz kórház jail ideje 180 másodpercre nõtt (+180mp)
[12:15:10] Henrik_T_Scaletta sniperrel meglõtte õt: Antonn_Fedorov
[12:15:18] CarloS_Brasco fejen lõtte õt: Daryl_Aciano
[12:15:18] CarloS_Brasco megölte Daryl_Aciano-t ezzel: M4 - Pénz: 0Ft - Pos: 2179, -1726, 13
[12:15:18] CarloS_Brasco plusz kórház jail ideje 180 másodpercre nõtt (+180mp)
[12:17:47] Keny_Da_Silva plusz kórház jail ideje 360 másodpercre nõtt (+120mp)
[12:17:47] Keny_Da_Silva lábon lõtte õt: Adele_Scaletta
[12:19:06] Mike_Scaletta riflevel animba lõtte õt õt: Thomas_Berzerk
[12:19:06] Carlos_D_Surenos plusz kórház jail ideje 120 másodpercre nõtt (+120mp)
[12:19:06] Carlos_D_Surenos lábon lõtte õt: Henrik_T_Scaletta
[12:20:32] CarloS_Brasco fejen lõtte õt: Paul_Escobar
[12:20:32] CarloS_Brasco megölte Paul_Escobar-t ezzel: M4 - Pénz: 0Ft - Pos: 2158, -1731, 16
[12:20:32] CarloS_Brasco plusz kórház jail ideje 360 másodpercre nõtt (+180mp)
[12:25:38] Leone_S_Tomasso fejen lõtte õt: Patrick_Zecchin
[12:25:38] Leone_S_Tomasso megölte Patrick_Zecchin-t ezzel: Sniper - Pénz: 1293536Ft - Pos: 1539, -1341, 329
[12:25:38] Leone_S_Tomasso plusz kórház jail ideje 360 másodpercre nõtt (+180mp)
[12:26:46] Lucio_Zecchin plusz kórház jail ideje 120 másodpercre nõtt (+120mp)
[12:26:46] Lucio_Zecchin lábon lõtte õt: Ralf_S_Tomasso
[12:27:42] Leone_S_Tomasso sniperrel meglõtte õt: Ventura_Zecchin
[12:28:48] Antonn_Fedorov fejen lõtte õt: Leone_S_Tomasso
[12:28:48] Antonn_Fedorov megölte Leone_S_Tomasso-t ezzel: Sniper - Pénz: 0Ft - Pos: 1571, -1229, 277
[12:28:48] Antonn_Fedorov plusz kórház jail ideje 1140 másodpercre nõtt (+180mp)
[12:30:08] Cody_Aciano meghalt (-), oka: Leesett - Pénz: 0Ft - Pos: -2640, -1681, 309
[12:30:52] Jason_Aciano meghalt (-), oka: Leesett - Pénz: 0Ft - Pos: -2626, -1912, 160
[12:32:54] Henry_Thomasino meghalt (-), oka: Leesett - Pénz: 4350Ft - Pos: 1594, -1405, 28
[12:35:54] Lionel_P_Cortez meghalt (-), oka: Leesett - Pénz: 0Ft - Pos: -27, -26, 6
[12:36:49] Jason_B_Hollywood megölte Levy_B_Hollywood-t ezzel: Ököl - Pénz: 76198Ft - Pos: 776, -1330, 13
[12:36:49] Jason_B_Hollywood plusz kórház jail ideje 180 másodpercre nõtt (+180mp)
[12:41:22] Hizusu_Weedman sniperrel meglõtte õt: Lily_Miles
[12:42:48] Lucio_Zecchin fejen lõtte õt: Matt_Creed
[12:42:48] Lucio_Zecchin megölte Matt_Creed-t ezzel: M4 - Pénz: 0Ft - Pos: -1806, 31, 14
[12:42:48] Lucio_Zecchin plusz kórház jail ideje 300 másodpercre nõtt (+180mp)
[12:43:23] Kevin_S_Tomasso fejen lõtte õt: CarloS_Brasco
[12:43:23] Kevin_S_Tomasso fejen lõtte õt: CarloS_Brasco
[12:43:24] Kevin_S_Tomasso megölte CarloS_Brasco-t ezzel: MP5 - Pénz: 0Ft - Pos: -1806, -2, 14
[12:43:24] Kevin_S_Tomasso plusz kórház jail ideje 180 másodpercre nõtt (+180mp)
[12:43:32] Denny_Toretto plusz kórház jail ideje 120 másodpercre nõtt (+120mp)
[12:43:32] Denny_Toretto lábon lõtte õt: Kevin_S_Tomasso
[12:43:33] Denny_Toretto plusz kórház jail ideje 240 másodpercre nõtt (+120mp)
[12:43:33] Denny_Toretto lábon lõtte õt: Kevin_S_Tomasso
[12:43:33] Carlos_D_Surenos fejen lõtte õt: Denny_Toretto
[12:43:35] Carlos_D_Surenos megölte Denny_Toretto-t ezzel: M4 - Pénz: 0Ft - Pos: -1808, -10, 15
[12:43:35] Carlos_D_Surenos plusz kórház jail ideje 300 másodpercre nõtt (+180mp)
[12:43:35] Denny_Toretto megölte Kevin_S_Tomasso-t ezzel: M4 - Pénz: 0Ft - Pos: -1793, 14, 15
[12:44:08] Rick_Aciano plusz kórház jail ideje 120 másodpercre nõtt (+120mp)
[12:44:08] Rick_Aciano lábon lõtte õt: Oliver_Aciano
[12:46:15] Ralf_S_Tomasso fejen lõtte õt: Damien_Creed
[12:48:51] Diaz_Freeman plusz kórház jail ideje 120 másodpercre nõtt (+120mp)
[12:48:51] Diaz_Freeman lábon lõtte õt: Ralf_S_Tomasso
[12:50:03] Lucio_Zecchin fejen lõtte õt: George_B_Hollywood
[12:50:03] Lucio_Zecchin megölte George_B_Hollywood-t ezzel: M4 - Pénz: 48400Ft - Pos: -1814, 147, 14
[12:50:03] Lucio_Zecchin plusz kórház jail ideje 480 másodpercre nõtt (+180mp)
[12:51:41] Carlos_D_Surenos plusz kórház jail ideje 420 másodpercre nõtt (+120mp)
[12:51:41] Carlos_D_Surenos lábon lõtte õt: Erik_Wheeler
[12:51:54] Carlos_D_Surenos plusz kórház jail ideje 540 másodpercre nõtt (+120mp)
[12:51:54] Carlos_D_Surenos lábon lõtte õt: Earl_Wheeler
[12:51:54] Zero_Hopkins meghalt (-), oka: Leesett - Pénz: 0Ft - Pos: 1709, -1168, 25
[12:57:34] Torres_Butler plusz kórház jail ideje 300 másodpercre nõtt (+120mp)
[12:57:34] Torres_Butler lábon lõtte õt: Lucio_Zecchin
[12:57:37] Torres_Butler fejen lõtte õt: Damien_Creed
[12:57:38] Torres_Butler megölte Damien_Creed-t ezzel: MP5 - Pénz: 79581Ft - Pos: 793, -1330, 13
[12:57:38] Torres_Butler plusz kórház jail ideje 480 másodpercre nõtt (+180mp)
[12:57:39] Ventura_Zecchin sniperrel meglõtte õt: Torres_Butler
[12:57:42] Ventura_Zecchin sniperrel meglõtte õt: Levy_B_Hollywood
[12:58:42] Ventura_Zecchin sniperrel meglõtte õt: Charlie_Akira
[12:58:55] Ventura_Zecchin sniperrel meglõtte õt: Torres_Butler
[12:59:45] Diaz_Freeman plusz kórház jail ideje 240 másodpercre nõtt (+120mp)
[12:59:45] Diaz_Freeman lábon lõtte õt: Kiji_Gates
[13:06:31] Diaz_Freeman plusz kórház jail ideje 360 másodpercre nõtt (+120mp)
[13:06:31] Diaz_Freeman lábon lõtte õt: Aladeen_A_Crowe
[13:09:31] Hizusu_Weedman sniperrel meglõtte õt: Akos_Vincenzo
[13:09:38] Hizusu_Weedman sniperrel meglõtte õt: Akos_Vincenzo
[13:09:39] Hizusu_Weedman sniperrel meglõtte õt: Akos_Vincenzo
[13:09:40] Hizusu_Weedman sniperrel meglõtte õt: Akos_Vincenzo
[13:09:42] Hizusu_Weedman sniperrel meglõtte õt: Akos_Vincenzo
[13:09:42] Hizusu_Weedman sniperrel meglõtte õt: Akos_Vincenzo
[13:09:42] Hizusu_Weedman megölte Akos_Vincenzo-t ezzel: Sniper - Pénz: 0Ft - Pos: 2339, -967, 65
[13:09:42] Hizusu_Weedman plusz kórház jail ideje 180 másodpercre nõtt (+180mp)
[13:25:53] Aladeen_A_Crowe meghalt (-), oka: Leesett - Pénz: 0Ft - Pos: 2157, -1070, 39
[13:25:59] James_Aciano meghalt (-), oka: Leesett - Pénz: 0Ft - Pos: -28, -87, 6
[13:31:39] Nick_Vitale sniperrel meglõtte õt: Rick_Aciano
[13:31:44] Zero_Hopkins sniperrel meglõtte õt: Nick_Vitale
[13:32:39] Hizusu_Weedman sniperrel meglõtte õt: Nick_Vitale
[13:39:41] Diaz_Freeman plusz kórház jail ideje 480 másodpercre nõtt (+120mp)
[13:39:41] Diaz_Freeman lábon lõtte õt: Shura_Sharma
[13:39:58] Henry_Tomasino plusz kórház jail ideje 120 másodpercre nõtt (+120mp)
[13:39:58] Henry_Tomasino lábon lõtte õt: Diaz_Freeman
[13:40:09] Patrick_Zecchin plusz kórház jail ideje 120 másodpercre nõtt (+120mp)
[13:40:09] Patrick_Zecchin lábon lõtte õt: Hizusu_Weedman
[13:40:10] Dom_Wheeler plusz kórház jail ideje 120 másodpercre nõtt (+120mp)
[13:40:10] Dom_Wheeler lábon lõtte õt: Patrick_Zecchin
[13:41:01] Henrik_T_Scaletta plusz kórház jail ideje 120 másodpercre nõtt (+120mp)
[13:41:01] Henrik_T_Scaletta lábon lõtte õt: Johan_B_Black
[13:41:10] Lucio_Zecchin sniperrel meglõtte õt: Rick_Aciano
[13:41:22] Ralf_S_Tomasso plusz kórház jail ideje 240 másodpercre nõtt (+120mp)
[13:41:22] Ralf_S_Tomasso lábon lõtte õt: Georg_B_Hollywood
[13:41:34] Denny_Toretto plusz kórház jail ideje 120 másodpercre nõtt (+120mp)
[13:41:34] Denny_Toretto lábon lõtte õt: Damien_Creed
[13:41:40] Carlos_D_Surenos sniperrel meglõtte õt: Zero_Hopkins
[13:41:54] Henry_Tomasino plusz kórház jail ideje 240 másodpercre nõtt (+120mp)
[13:41:54] Henry_Tomasino lábon lõtte õt: James_Aciano
[13:45:47] Max_Sorrentino plusz kórház jail ideje 240 másodpercre nõtt (+120mp)
[13:45:47] Max_Sorrentino lábon lõtte õt: Nelson_Washington
[13:46:16] Carlos_D_Surenos plusz kórház jail ideje 660 másodpercre nõtt (+120mp)
[13:46:16] Carlos_D_Surenos lábon lõtte õt: Adele_Scaletta
[13:49:04] Henry_Tomasino plusz kórház jail ideje 360 másodpercre nõtt (+120mp)
[13:49:04] Henry_Tomasino lábon lõtte õt: Ralf_S_Tomasso
[13:49:22] Lucio_Zecchin sniperrel meglõtte õt: Damien_Creed
[14:20:18] Niki_Freeman lábon lõtte õt: Hugo_Toretto
[14:20:18] Niki_Freeman fejen lõtte õt: Dominic_Vincenzo
[14:20:21] Ventura_Zecchin lábon lõtte õt: Niki_Freeman
[14:20:35] Sidney_Tribiani lábon lõtte õt: Nico_Butler
[14:20:41] Joe_Wheeler lábon lõtte õt: Sidney_Tribiani
[14:21:10] Joe_Wheeler lábon lõtte õt: Lucio_Zecchin
[14:21:19] Ryan_B_Mike lábon lõtte õt: Carlos_D_Surenos
[14:21:21] Sergei_B_Dueno lábon lõtte õt: Patrick_Zecchin
[14:21:34] Sergei_B_Dueno lábon lõtte õt: Antonn_Fedorov
[14:21:45] Joe_Wheeler lábon lõtte õt: Ventura_Zecchin
[14:25:43] Hizusu_Weedman sniperrel meglõtte õt: Max_Sorrentino
[14:25:55] Hizusu_Weedman sniperrel meglõtte õt: Max_Sorrentino
[14:25:56] Hizusu_Weedman sniperrel meglõtte õt: Max_Sorrentino
[14:25:57] Hizusu_Weedman sniperrel meglõtte õt: Max_Sorrentino
[14:25:58] Hizusu_Weedman sniperrel meglõtte õt: Max_Sorrentino
[14:25:59] Hizusu_Weedman megölte Max_Sorrentino-t ezzel: Sniper - Pénz: 0Ft - Pos: 2549, -1350, 55
[14:25:59] Hizusu_Weedman plusz kórház jail ideje 360 másodpercre nõtt (+180mp)
[14:26:19] Ventura_Zecchin fejen lõtte õt: Damien_Creed
[14:26:19] Ventura_Zecchin megölte Damien_Creed-t ezzel: M4 - Pénz: 0Ft - Pos: 2120, -1154, 24
[14:26:19] Ventura_Zecchin plusz kórház jail ideje 180 másodpercre nõtt (+180mp)
[14:39:27] Nick_Vitale lábon lõtte õt: Horvath_Adrian
[14:39:30] Max_Sorrentino lábon lõtte õt: Thomas_Berzerk
[14:39:32] Paul_D_Cortez lábon lõtte õt: Max_Sorrentino
[14:39:32] Wolczyk_T_Sorrentino lábon lõtte õt: Paul_D_Cortez
[14:39:43] Nick_Vitale lábon lõtte õt: Paul_Escobar
[14:45:18] Carlos_D_Surenos meghalt (-), oka: Leesett - Pénz: 0Ft - Pos: 1538, 1530, 12
[14:48:30] Ralf_S_Tomasso sniperrel meglõtte õt: Mark_B_Hollywood
[14:54:19] Henry_Tomasino plusz kórház jail ideje 480 másodpercre nõtt (+120mp)
[14:54:19] Henry_Tomasino lábon lõtte õt: Phil_Stinson
[14:54:19] Henry_Tomasino plusz kórház jail ideje 600 másodpercre nõtt (+120mp)
[14:54:19] Henry_Tomasino lábon lõtte õt: Phil_Stinson
[14:54:20] Henry_Tomasino plusz kórház jail ideje 720 másodpercre nõtt (+120mp)
[14:54:20] Henry_Tomasino lábon lõtte õt: Phil_Stinson
[14:54:20] Henry_Tomasino plusz kórház jail ideje 840 másodpercre nõtt (+120mp)
[14:54:20] Henry_Tomasino lábon lõtte õt: Phil_Stinson
[14:54:22] Georg_B_Hollywood plusz kórház jail ideje 240 másodpercre nõtt (+120mp)
[14:54:22] Georg_B_Hollywood lábon lõtte õt: Wyler_S_Tomasso
[14:54:22] Georg_B_Hollywood plusz kórház jail ideje 360 másodpercre nõtt (+120mp)
[14:54:22] Georg_B_Hollywood lábon lõtte õt: Wyler_S_Tomasso
[14:58:45] Ralf_S_Tomasso sniperrel meglõtte õt: Ryan_B_Mike
[15:09:54] Nick_Vitale meghalt (-), oka: Leesett - Pénz: 0Ft - Pos: 2224, -2204, 13
[15:20:51] Sidney_Tribiani fejen lõtte õt: Joe_Gates
[15:20:51] Sidney_Tribiani megölte Joe_Gates-t ezzel: MP5 - Pénz: 0Ft - Pos: 1227, -810, 1084
[15:20:51] Sidney_Tribiani plusz kórház jail ideje 180 másodpercre nõtt (+180mp)
[15:21:56] Henry_Tomasino plusz kórház jail ideje 960 másodpercre nõtt (+120mp)
[15:21:56] Henry_Tomasino lábon lõtte õt: Nelson_Washington
[15:25:15] Nick_Vitale lábon lõtte õt: Paul_D_Cortez
[15:25:27] Nick_Vitale fejen lõtte õt: Stefan_Berger
[15:25:31] Max_Sorrentino lábon lõtte õt: Thomas_Berzerk
[15:25:42] Georg_B_Hollywood lábon lõtte õt: Charlie_Leanders
[15:25:43] Nick_Vitale lábon lõtte õt: Tyler_Wish
[15:25:46] Horvath_Adrian fejen lõtte õt: Max_Sorrentino
[15:25:48] Nick_Vitale fejen lõtte õt: Horvath_Adrian
[15:25:53] Nick_Vitale fejen lõtte õt: Paul_Escobar
[15:30:27] Nick_Vitale fejen lõtte õt: Nelson_Washington
[15:30:27] Nick_Vitale megölte Nelson_Washington-t ezzel: M4 - Pénz: 0Ft - Pos: 709, -1419, 13
[15:30:27] Nick_Vitale plusz kórház jail ideje 180 másodpercre nõtt (+180mp)
[15:30:41] Nick_Vitale fejen lõtte õt: James_Aciano
[15:30:41] Nick_Vitale megölte James_Aciano-t ezzel: M4 - Pénz: 0Ft - Pos: 684, -1384, 25
[15:30:41] Nick_Vitale plusz kórház jail ideje 360 másodpercre nõtt (+180mp)
[15:30:50] Georg_B_Hollywood plusz kórház jail ideje 480 másodpercre nõtt (+120mp)
[15:30:50] Georg_B_Hollywood lábon lõtte õt: Zero_Hopkins
[15:30:56] Georg_B_Hollywood fejen lõtte õt: Philip_Skipper
[15:30:56] Georg_B_Hollywood megölte Philip_Skipper-t ezzel: M4 - Pénz: 0Ft - Pos: 1276, -779, 1084
[15:30:56] Georg_B_Hollywood plusz kórház jail ideje 660 másodpercre nõtt (+180mp)
[15:33:35] Denny_Toretto fejen lõtte õt: Sidney_Tribiani
[15:33:35] Denny_Toretto megölte Sidney_Tribiani-t ezzel: M4 - Pénz: 79581Ft - Pos: 1241, -824, 1083
[15:33:35] Denny_Toretto plusz kórház jail ideje 300 másodpercre nõtt (+180mp)
[15:33:41] Max_Sorrentino plusz kórház jail ideje 120 másodpercre nõtt (+120mp)
[15:33:41] Max_Sorrentino lábon lõtte õt: Don_Sorrentino
[15:33:45] Henry_Tomasino plusz kórház jail ideje 1080 másodpercre nõtt (+120mp)
[15:33:45] Henry_Tomasino lábon lõtte õt: Henrik_T_Scaletta
[15:33:45] Henry_Tomasino plusz kórház jail ideje 1200 másodpercre nõtt (+120mp)
[15:33:45] Henry_Tomasino lábon lõtte õt: Henrik_T_Scaletta
[15:33:47] Nick_Vitale plusz kórház jail ideje 480 másodpercre nõtt (+120mp)
[15:33:47] Nick_Vitale lábon lõtte õt: Shura_Sharma
[15:33:55] Ralf_S_Tomasso fejen lõtte õt: Emanuel_Garcia
[15:33:55] Ralf_S_Tomasso megölte Emanuel_Garcia-t ezzel: M4 - Pénz: 0Ft - Pos: 1280, -818, 1085
[15:33:55] Ralf_S_Tomasso plusz kórház jail ideje 420 másodpercre nõtt (+180mp)
[15:34:01] Denny_Toretto fejen lõtte õt: Henry_Tomasino
[15:34:01] Denny_Toretto megölte Henry_Tomasino-t ezzel: M4 - Pénz: 6491Ft - Pos: 1248, -823, 1084
[15:34:01] Denny_Toretto plusz kórház jail ideje 480 másodpercre nõtt (+180mp)
[15:34:53] CarloS_Brasco plusz kórház jail ideje 120 másodpercre nõtt (+120mp)
[15:34:53] CarloS_Brasco lábon lõtte õt: Max_Sorrentino
[15:34:54] CarloS_Brasco plusz kórház jail ideje 240 másodpercre nõtt (+120mp)
[15:34:54] CarloS_Brasco lábon lõtte õt: Georg_B_Hollywood
[15:36:03] CarloS_Brasco fejen lõtte õt: Max_Sorrentino
[15:36:03] CarloS_Brasco megölte Max_Sorrentino-t ezzel: M4 - Pénz: 0Ft - Pos: 1249, -810, 1084
[15:36:03] CarloS_Brasco plusz kórház jail ideje 420 másodpercre nõtt (+180mp)
[15:36:43] Lucio_Zecchin meghalt (-), oka: Megfulladt - Pénz: 9842Ft - Pos: -1436, 1503, -2
[15:36:46] Denny_Toretto fejen lõtte õt: Georg_B_Hollywood
[15:36:46] Denny_Toretto megölte Georg_B_Hollywood-t ezzel: Combat - Pénz: 0Ft - Pos: 1260, -812, 1084
[15:36:46] Denny_Toretto plusz kórház jail ideje 660 másodpercre nõtt (+180mp)
[15:36:48] Nick_Vitale plusz kórház jail ideje 600 másodpercre nõtt (+120mp)
[15:36:48] Nick_Vitale lábon lõtte õt: Ralf_S_Tomasso
[15:37:05] Darius_N_Ortega meghalt (-), oka: Leesett - Pénz: 0Ft - Pos: 1866, -2641, 13
[15:39:37] Leone_S_Tomasso fejen lõtte õt: Bryan_B_Hollywood
[15:39:38] Leone_S_Tomasso megölte Bryan_B_Hollywood-t ezzel: M4 - Pénz: 66012Ft - Pos: 1272, -808, 1084
[15:39:38] Leone_S_Tomasso plusz kórház jail ideje 180 másodpercre nõtt (+180mp)
[15:45:07] Sergei_B_Dueno fejen lõtte õt: Tom_Torres
[15:45:33] Sergei_B_Dueno sniperrel meglõtte õt: Hugo_Toretto
[15:46:06] Ryder_B_Dueno lábon lõtte õt: Johny_Morales
[15:49:47] Tom_Zecchin lábon lõtte õt: Ryder_B_Dueno
[15:49:51] Ryan_B_Mike sniperrel meglõtte õt: Patrick_Zecchin
[15:51:13] Tom_Zecchin lábon lõtte õt: Ryan_B_Mike
[15:54:16] Tom_Zecchin lábon lõtte õt: Kazuyoshi_Akira
[16:11:35] Cody_Aciano meghalt (-), oka: Leesett - Pénz: 0Ft - Pos: 2190, -2138, 13
[16:13:06] Tom_Zecchin sniperrel meglõtte õt: Sergei_B_Dueno
[16:13:25] Tom_Zecchin lábon lõtte õt: Mark_B_Hollywood
[16:13:30] Blake_Browns lábon lõtte õt: Carlos_D_Surenos
[16:17:55] Tom_Zecchin lábon lõtte õt: Niki_Freeman
[16:22:13] Tom_Zecchin sniperrel meglõtte õt: Blake_Browns
[16:24:15] Damien_Creed meghalt (-), oka: Megfulladt - Pénz: 0Ft - Pos: -756, 583, -4
[16:35:50] Pablo_S_Carcassone fejen lõtte õt: Cody_Aciano
[16:35:50] Pablo_S_Carcassone megölte Cody_Aciano-t ezzel: AK47 - Pénz: 0Ft - Pos: -2014, 735, 45
[16:35:50] Pablo_S_Carcassone plusz kórház jail ideje 180 másodpercre nõtt (+180mp)
[16:38:21] Justin_Camorra plusz kórház jail ideje 120 másodpercre nõtt (+120mp)
[16:38:21] Justin_Camorra lábon lõtte õt: Joe_Gates
[16:38:21] Henrik_T_Scaletta plusz kórház jail ideje 240 másodpercre nõtt (+120mp)
[16:38:21] Henrik_T_Scaletta lábon lõtte õt: Justin_Camorra
[16:38:26] CarloS_Brasco plusz kórház jail ideje 540 másodpercre nõtt (+120mp)
[16:38:26] CarloS_Brasco lábon lõtte õt: Stevy_Camorra
[16:47:20] Pablo_S_Carcassone fejen lõtte õt: Joe_Gates
[16:47:20] Pablo_S_Carcassone megölte Joe_Gates-t ezzel: AK47 - Pénz: 0Ft - Pos: 1201, 566, 18
[16:47:20] Pablo_S_Carcassone plusz kórház jail ideje 360 másodpercre nõtt (+180mp)
[16:47:46] Denny_Toretto sniperrel meglõtte õt: Max_Sorrentino
[17:08:31] Patrick_Zecchin fejen lõtte õt: Sergei_B_Dueno
[17:08:39] Ryan_B_Mike fejen lõtte õt: Johny_Morales
[17:09:00] Joe_Wheeler fejen lõtte õt: Ventura_Zecchin
[17:09:15] Ryan_B_Mike fejen lõtte õt: Carlos_D_Surenos
[17:09:26] Ryan_B_Mike sniperrel meglõtte õt: Tom_Torres
[17:11:38] Mate_Richard megölte Kiraly_Hunor-t ezzel: Ököl - Pénz: 200000Ft - Pos: 1122, -958, 42
[17:11:38] Mate_Richard plusz kórház jail ideje 180 másodpercre nõtt (+180mp)
[17:12:18] Henry_Tomasino plusz kórház jail ideje 120 másodpercre nõtt (+120mp)
[17:12:18] Henry_Tomasino lábon lõtte õt: Zsori_Sandor
[17:12:36] Tom_Zecchin fejen lõtte õt: Ryan_B_Mike
[17:14:47] Patrick_Zecchin lábon lõtte õt: Kazuyoshi_Akira
[17:14:55] Henry_Tomasino plusz kórház jail ideje 240 másodpercre nõtt (+120mp)
[17:14:55] Henry_Tomasino lábon lõtte õt: Szekely_Klara
[17:15:19] Frank_Smatt plusz kórház jail ideje 120 másodpercre nõtt (+120mp)
[17:15:19] Frank_Smatt lábon lõtte õt: Henry_Tomasino
[17:15:48] Joe_Gates fejen lõtte õt: Dom_Wheeler
[17:15:48] Joe_Gates megölte Dom_Wheeler-t ezzel: MP5 - Pénz: 0Ft - Pos: -132, -978, 26
[17:15:48] Joe_Gates plusz kórház jail ideje 180 másodpercre nõtt (+180mp)
[17:17:24] Emanuel_Garcia plusz kórház jail ideje 120 másodpercre nõtt (+120mp)
[17:17:24] Emanuel_Garcia lábon lõtte õt: Joe_Gates
[17:17:45] Blake_B_Salvatore sniperrel meglõtte õt: Emanuel_Garcia
[17:24:52] Mark_B_Hollywood fejen lõtte õt: Kevin_S_Tomasso
[17:26:51] Tom_Zecchin sniperrel meglõtte õt: Akos_White
[17:28:07] Stevy_Camorra fejen lõtte õt: James_Aciano
[17:28:07] Stevy_Camorra megölte James_Aciano-t ezzel: MP5 - Pénz: 0Ft - Pos: -173, -939, 32
[17:28:07] Stevy_Camorra plusz kórház jail ideje 720 másodpercre nõtt (+180mp)
[17:28:09] Stevy_Camorra fejen lõtte õt: Zero_Hopkins
[17:28:09] Stevy_Camorra megölte Zero_Hopkins-t ezzel: MP5 - Pénz: 0Ft - Pos: -184, -935, 34
[17:28:09] Stevy_Camorra plusz kórház jail ideje 900 másodpercre nõtt (+180mp)
[17:30:06] Mark_B_Hollywood fejen lõtte õt: Patrick_Zecchin
[17:32:00] Hizusu_Weedman sniperrel meglõtte õt: Yamato_Bosco
[17:35:54] Tom_Zecchin fejen lõtte õt: Joe_Wheeler
[17:38:57] Hizusu_Weedman fejen lõtte õt: Yamato_Bosco
[17:38:57] Hizusu_Weedman megölte Yamato_Bosco-t ezzel: M4 - Pénz: 117206Ft - Pos: -1634, 675, 7
[17:38:57] Hizusu_Weedman plusz kórház jail ideje 540 másodpercre nõtt (+180mp)
[17:38:57] Hizusu_Weedman fejen lõtte õt: Yamato_Bosco
[17:40:31] Tom_Zecchin lábon lõtte õt: Mark_B_Hollywood
[17:42:54] Lucio_Zecchin lábon lõtte õt: Blake_Browns
[17:43:37] Joker_Creed fejen lõtte õt: Lucio_Zecchin
[17:46:25] Ryder_B_Dueno meghalt (-), oka: Leesett - Pénz: 8414Ft - Pos: -1389, 1481, 7
[18:04:29] Thomas_Berzerk lábon lõtte õt: Patrick_Zecchin
[18:04:39] Mark_Bishop fejen lõtte õt: Lucio_Zecchin
[18:05:04] Tom_Torres sniperrel meglõtte õt: Horvath_Adrian
[18:05:56] Johny_Morales lábon lõtte õt: Thomas_Berzerk
[18:05:58] Carlos_D_Surenos lábon lõtte õt: Stefan_Aciano
[18:05:59] Carlos_D_Surenos fejen lõtte õt: Kevin_S_Tomasso
[18:06:01] Paul_Escobar fejen lõtte õt: Carlos_D_Surenos
[18:06:03] Mester_Csaba lábon lõtte õt: Johny_Morales
[18:06:04] Paul_Escobar fejen lõtte õt: Tom_Zecchin
[18:10:54] Ventura_Zecchin sniperrel meglõtte õt: Charlie_Leanders
[18:11:54] Tom_Torres lábon lõtte õt: Mark_Bishop
[18:12:19] Paul_Escobar lábon lõtte õt: Tom_Torres
[18:12:43] Paul_Escobar lábon lõtte õt: Yamato_Bosco
[18:12:46] Paul_Escobar fejen lõtte õt: Ventura_Zecchin
[18:22:11] Hizusu_Weedman sniperrel meglõtte õt: James_Aciano
[18:25:44] Hizusu_Weedman fejen lõtte õt: James_Aciano
[18:25:44] Hizusu_Weedman megölte James_Aciano-t ezzel: SilencedColt45 - Pénz: 0Ft - Pos: 1936, -1770, 13
[18:25:44] Hizusu_Weedman plusz kórház jail ideje 720 másodpercre nõtt (+180mp)
[18:28:53] Siska_Finuccsi fejen lõtte õt: Henry_Tomasino
[18:28:53] Siska_Finuccsi megölte Henry_Tomasino-t ezzel: MP5 - Pénz: 651403Ft - Pos: 1453, -1035, 23
[18:28:53] Siska_Finuccsi plusz kórház jail ideje 180 másodpercre nõtt (+180mp)
[18:40:17] Carlos_D_Surenos lábon lõtte õt: Mark_Bishop
[18:40:18] Carlos_D_Surenos lábon lõtte õt: Stefan_Aciano
[18:40:18] Thomas_Berzerk lábon lõtte õt: Patrick_Zecchin
[18:40:22] Carlos_D_Surenos lábon lõtte õt: Charlie_Leanders
[18:40:30] Carlos_D_Surenos fejen lõtte õt: Paul_Escobar
[18:40:35] Lucio_Zecchin lábon lõtte õt: Carlos_D_Surenos
[18:40:37] Thomas_Berzerk lábon lõtte õt: Ventura_Zecchin
[18:45:06] Lucio_Zecchin fejen lõtte õt: Cody_Aciano
[18:45:06] Lucio_Zecchin megölte Cody_Aciano-t ezzel: M4 - Pénz: 0Ft - Pos: -1144, -860, 69
[18:45:06] Lucio_Zecchin plusz kórház jail ideje 180 másodpercre nõtt (+180mp)
[18:45:07] Henry_Tomasino meghalt (-), oka: Leesett - Pénz: 0Ft - Pos: 1280, -852, 348
[18:45:09] Lucio_Zecchin fejen lõtte õt: Szekely_Klara
[18:45:09] Lucio_Zecchin megölte Szekely_Klara-t ezzel: M4 - Pénz: 0Ft - Pos: -1119, -884, 73
[18:45:09] Lucio_Zecchin plusz kórház jail ideje 360 másodpercre nõtt (+180mp)
[18:46:21] Frank_Smatt fejen lõtte õt: Tom_Torres
[18:46:21] Tom_Torres plusz kórház jail ideje 480 másodpercre nõtt (+120mp)
[18:46:21] Tom_Torres lábon lõtte õt: Frank_Smatt
[18:46:21] Frank_Smatt megölte Tom_Torres-t ezzel: MP5 - Pénz: 9842Ft - Pos: -90, -1115, 1
[18:46:21] Frank_Smatt plusz kórház jail ideje 300 másodpercre nõtt (+180mp)
[19:01:48] Stevy_Camorra fejen lõtte õt: James_Aciano
[19:01:48] Stevy_Camorra megölte James_Aciano-t ezzel: MP5 - Pénz: 0Ft - Pos: 254, -1434, 13
[19:01:48] Stevy_Camorra plusz kórház jail ideje 1080 másodpercre nõtt (+180mp)
[19:02:45] Stevy_Camorra fejen lõtte õt: Siska_Finuccsi
[19:02:45] Stevy_Camorra megölte Siska_Finuccsi-t ezzel: MP5 - Pénz: 0Ft - Pos: 257, -1434, 13
[19:02:45] Stevy_Camorra plusz kórház jail ideje 1260 másodpercre nõtt (+180mp)
[19:04:22] Patrick_Zecchin fejen lõtte õt: Stevy_Camorra
[19:04:22] Patrick_Zecchin megölte Stevy_Camorra-t ezzel: MP5 - Pénz: 900Ft - Pos: 899, -964, 38
[19:04:22] Patrick_Zecchin plusz kórház jail ideje 300 másodpercre nõtt (+180mp)
[19:04:23] Lucio_Zecchin fejen lõtte õt: Earl_Camorra
[19:04:23] Lucio_Zecchin megölte Earl_Camorra-t ezzel: M4 - Pénz: 0Ft - Pos: 900, -963, 38
[19:04:23] Lucio_Zecchin plusz kórház jail ideje 540 másodpercre nõtt (+180mp)
[19:05:18] Javier_B_Hollywood meghalt (-), oka: Megfulladt - Pénz: 0Ft - Pos: 1445, -256, -3
[19:09:44] Marcel_B_Hollywood sniperrel meglõtte õt: Ray_Washington
[19:10:00] Emanuel_Garcia meghalt (-), oka: Leesett - Pénz: 0Ft - Pos: 1492, -1728, 13
[19:35:26] Bryan_B_Hollywood fejen lõtte õt: Kitty_Soprano
[19:35:30] Max_Sorrentino lábon lõtte õt: Ryder_B_Dueno
[19:35:37] Henry_Tomasino lábon lõtte õt: Mark_B_Hollywood
[19:35:37] Henry_Tomasino fejen lõtte õt: Wolczyk_T_Sorrentino
[19:35:46] Max_Sorrentino lábon lõtte õt: Steve_Aoki
[19:36:14] Kazuyoshi_Akira fejen lõtte õt: Johan_B_Black
[19:36:14] Johan_B_Black fejen lõtte õt: Kazuyoshi_Akira
[19:36:22] Ryan_B_Mike sniperrel meglõtte õt: Max_Sorrentino
[19:36:59] Nick_Vitale lábon lõtte õt: Sergei_B_Dueno
[19:38:00] Henry_Tomasino fejen lõtte õt: Joker_Creed
[19:38:41] Nick_Vitale lábon lõtte õt: Earl_Wheeler
[19:39:11] Henry_Tomasino fejen lõtte õt: Erik_Wheeler
[19:39:20] Nick_Vitale lábon lõtte õt: Ryan_B_Mike
[19:39:34] Nick_Vitale fejen lõtte õt: Joe_Wheeler
[19:40:05] Henrik_T_Scaletta fejen lõtte õt: Thomas_Berzerk
[19:40:05] Henrik_T_Scaletta megölte Thomas_Berzerk-t ezzel: M4 - Pénz: 168804Ft - Pos: 1928, -2417, 13
[19:40:05] Henrik_T_Scaletta plusz kórház jail ideje 420 másodpercre nõtt (+180mp)
[19:40:06] Paul_Escobar plusz kórház jail ideje 120 másodpercre nõtt (+120mp)
[19:40:06] Paul_Escobar lábon lõtte õt: Daniel_Scaletta
[19:40:08] Paul_Escobar plusz kórház jail ideje 240 másodpercre nõtt (+120mp)
[19:40:08] Paul_Escobar lábon lõtte õt: Henrik_T_Scaletta
[19:40:09] Rick_Aciano fejen lõtte õt: Paul_Escobar
[19:40:09] Rick_Aciano megölte Paul_Escobar-t ezzel: AK47 - Pénz: 0Ft - Pos: 1896, -2429, 13
[19:40:09] Rick_Aciano plusz kórház jail ideje 300 másodpercre nõtt (+180mp)
[19:40:44] Denny_Toretto plusz kórház jail ideje 120 másodpercre nõtt (+120mp)
[19:40:44] Denny_Toretto lábon lõtte õt: Drew_B_Dueno
[19:41:14] Don_Sorrentino fejen lõtte õt: Johan_B_Black
[19:41:15] Don_Sorrentino megölte Johan_B_Black-t ezzel: M4 - Pénz: 1200Ft - Pos: 2018, -2066, 14
[19:41:15] Don_Sorrentino plusz kórház jail ideje 180 másodpercre nõtt (+180mp)
[19:42:36] Joe_Gates fejen lõtte õt: Steve_Connor
[19:42:36] Joe_Gates megölte Steve_Connor-t ezzel: M4 - Pénz: 0Ft - Pos: 983, -1039, 30
[19:42:36] Joe_Gates plusz kórház jail ideje 360 másodpercre nõtt (+180mp)
[19:45:02] Bryan_B_Hollywood fejen lõtte õt: Don_Sorrentino
[19:45:02] Bryan_B_Hollywood megölte Don_Sorrentino-t ezzel: M4 - Pénz: 0Ft - Pos: 1961, -1884, 13
[19:45:02] Bryan_B_Hollywood plusz kórház jail ideje 180 másodpercre nõtt (+180mp)
[19:45:15] Henry_Tomasino plusz kórház jail ideje 120 másodpercre nõtt (+120mp)
[19:45:15] Henry_Tomasino lábon lõtte õt: Cristofer_Francesko
[19:45:25] CarloS_Brasco plusz kórház jail ideje 660 másodpercre nõtt (+120mp)
[19:45:25] CarloS_Brasco lábon lõtte õt: Henry_Tomasino
[19:47:05] Stevy_Camorra fejen lõtte õt: Zsori_Sandor
[19:47:05] Stevy_Camorra megölte Zsori_Sandor-t ezzel: MP5 - Pénz: 150000Ft - Pos: 788, -1149, 23
[19:47:05] Stevy_Camorra plusz kórház jail ideje 180 másodpercre nõtt (+180mp)
[19:48:40] Stevy_Camorra fejen lõtte õt: Szabina_S_White
[19:48:40] Stevy_Camorra megölte Szabina_S_White-t ezzel: MP5 - Pénz: 0Ft - Pos: 2457, -1183, 36
[19:48:40] Stevy_Camorra plusz kórház jail ideje 360 másodpercre nõtt (+180mp)
[19:48:43] Stevy_Camorra fejen lõtte õt: John_Salivan
[19:48:43] Stevy_Camorra megölte John_Salivan-t ezzel: MP5 - Pénz: 0Ft - Pos: 2464, -1183, 36
[19:48:43] Stevy_Camorra plusz kórház jail ideje 540 másodpercre nõtt (+180mp)
[19:56:00] Justin_Camorra fejen lõtte õt: Davey_Sezario
[19:56:00] Justin_Camorra megölte Davey_Sezario-t ezzel: MP5 - Pénz: 0Ft - Pos: 213, -1458, 12
[19:56:00] Justin_Camorra plusz kórház jail ideje 300 másodpercre nõtt (+180mp)
[19:57:11] Henry_Tomasino meghalt (-), oka: Leesett - Pénz: 0Ft - Pos: 2011, -1441, 13
[19:58:25] Earl_Camorra plusz kórház jail ideje 120 másodpercre nõtt (+120mp)
[19:58:25] Earl_Camorra lábon lõtte õt: Zsori_Sandor
[19:59:29] Stevy_Camorra fejen lõtte õt: Dave_Stinson
[19:59:29] Stevy_Camorra megölte Dave_Stinson-t ezzel: MP5 - Pénz: 3570Ft - Pos: 718, -1587, -0
[19:59:29] Stevy_Camorra plusz kórház jail ideje 720 másodpercre nõtt (+180mp)
[20:00:02] Justin_Camorra plusz kórház jail ideje 420 másodpercre nõtt (+120mp)
[20:00:02] Justin_Camorra lábon lõtte õt: Davey_Sezario
[20:00:11] Stevy_Camorra plusz kórház jail ideje 840 másodpercre nõtt (+120mp)
[20:00:11] Stevy_Camorra lábon lõtte õt: Davey_Sezario
[20:00:12] Stevy_Camorra plusz kórház jail ideje 960 másodpercre nõtt (+120mp)
[20:00:12] Stevy_Camorra lábon lõtte õt: Davey_Sezario
[20:00:12] Stevy_Camorra plusz kórház jail ideje 1080 másodpercre nõtt (+120mp)
[20:00:12] Stevy_Camorra lábon lõtte õt: Davey_Sezario
[20:00:12] Stevy_Camorra megölte Davey_Sezario-t ezzel: MP5 - Pénz: 0Ft - Pos: 722, -1584, -0
[20:00:12] Stevy_Camorra plusz kórház jail ideje 1260 másodpercre nõtt (+180mp)
[20:00:32] Nick_Vitale plusz kórház jail ideje 720 másodpercre nõtt (+120mp)
[20:00:32] Nick_Vitale lábon lõtte õt: Marcel_B_Hollywood
[20:00:41] Nick_Vitale fejen lõtte õt: Marcel_B_Hollywood
[20:00:41] Nick_Vitale fejen lõtte õt: Marcel_B_Hollywood
[20:00:41] Nick_Vitale megölte Marcel_B_Hollywood-t ezzel: M4 - Pénz: 0Ft - Pos: 2660, -2057, 19
[20:00:41] Nick_Vitale plusz kórház jail ideje 900 másodpercre nõtt (+180mp)
[20:00:47] Nick_Vitale plusz kórház jail ideje 1020 másodpercre nõtt (+120mp)
[20:00:47] Nick_Vitale lábon lõtte õt: Dan_B_Hollywood
[20:00:54] Nick_Vitale fejen lõtte õt: Dan_B_Hollywood
[20:00:54] Nick_Vitale megölte Dan_B_Hollywood-t ezzel: M4 - Pénz: 16800Ft - Pos: 2675, -2060, 13
[20:00:54] Nick_Vitale plusz kórház jail ideje 1200 másodpercre nõtt (+180mp)
[20:01:19] Joe_Gates plusz kórház jail ideje 480 másodpercre nõtt (+120mp)
[20:01:19] Joe_Gates lábon lõtte õt: Nick_Vitale
[20:01:38] Earl_Camorra fejen lõtte õt: Tyler_Wish
[20:01:38] Earl_Camorra megölte Tyler_Wish-t ezzel: MP5 - Pénz: 165165Ft - Pos: 1681, -1859, 13
[20:01:38] Earl_Camorra plusz kórház jail ideje 300 másodpercre nõtt (+180mp)
[20:05:01] Earl_Camorra fejen lõtte õt: Justin_Camorra
[20:05:01] Earl_Camorra fejen lõtte õt: Justin_Camorra
[20:05:01] Earl_Camorra megölte Justin_Camorra-t ezzel: MP5 - Pénz: 0Ft - Pos: -1679, 374, 7
[20:05:01] Earl_Camorra plusz kórház jail ideje 480 másodpercre nõtt (+180mp)
[20:05:08] Yamato_Bosco meghalt (-), oka: Leesett - Pénz: 84463Ft - Pos: 174, 153, 1
[20:05:10] Javier_B_Hollywood fejen lõtte õt: Stevy_Camorra
[20:05:10] Javier_B_Hollywood megölte Stevy_Camorra-t ezzel: M4 - Pénz: 0Ft - Pos: -1671, 372, 7
[20:05:10] Javier_B_Hollywood plusz kórház jail ideje 180 másodpercre nõtt (+180mp)
[20:05:21] Javier_B_Hollywood fejen lõtte õt: Earl_Camorra
[20:05:21] Javier_B_Hollywood megölte Earl_Camorra-t ezzel: M4 - Pénz: 0Ft - Pos: -1674, 374, 7
[20:05:21] Javier_B_Hollywood plusz kórház jail ideje 360 másodpercre nõtt (+180mp)
[20:08:50] Dom_Wheeler lábon lõtte õt: Ryan_B_Mike
[20:08:52] Mark_B_Hollywood lábon lõtte õt: Bryan_B_Hollywood
[20:08:55] Mark_B_Hollywood lábon lõtte õt: Dom_Wheeler
[20:12:19] William_Leroy meghalt (-), oka: Leesett - Pénz: 0Ft - Pos: 1696, -261, 49
[20:21:39] Lucio_Zecchin fejen lõtte õt: Tom_Zecchin
[20:21:39] Lucio_Zecchin megölte Tom_Zecchin-t ezzel: M4 - Pénz: 0Ft - Pos: 1451, 1590, 15
[20:21:39] Lucio_Zecchin plusz kórház jail ideje 720 másodpercre nõtt (+180mp)
[20:26:14] Lucio_Zecchin plusz kórház jail ideje 840 másodpercre nõtt (+120mp)
[20:26:14] Lucio_Zecchin lábon lõtte õt: Dave_R_Vincenzo
[20:30:06] Denny_Toretto megölte Joe_Gates-t ezzel: Kés - Pénz: 0Ft - Pos: 1795, -1279, 13
[20:30:06] Denny_Toretto plusz kórház jail ideje 300 másodpercre nõtt (+180mp)
[20:30:56] Akos_Vincenzo fejen lõtte õt: Keny_Da_Silva
[20:30:56] Akos_Vincenzo megölte Keny_Da_Silva-t ezzel: M4 - Pénz: 0Ft - Pos: -1105, -898, 75
[20:30:56] Akos_Vincenzo plusz kórház jail ideje 180 másodpercre nõtt (+180mp)
[20:57:10] Tom_Torres fejen lõtte õt: Johny_Morales
[20:57:10] Tom_Torres megölte Johny_Morales-t ezzel: Rifle - Pénz: 44231Ft - Pos: 1446, 1586, 15
[20:57:10] Tom_Torres plusz kórház jail ideje 180 másodpercre nõtt (+180mp)
[20:59:03] Tom_Zecchin plusz kórház jail ideje 120 másodpercre nõtt (+120mp)
[20:59:03] Tom_Zecchin lábon lõtte õt: Carlos_D_Surenos
[20:59:04] Tom_Zecchin plusz kórház jail ideje 240 másodpercre nõtt (+120mp)
[20:59:04] Tom_Zecchin lábon lõtte õt: Damien_Creed
[20:59:31] Patrick_Zecchin fejen lõtte õt: Kevin_S_Tomasso
[20:59:31] Patrick_Zecchin megölte Kevin_S_Tomasso-t ezzel: MP5 - Pénz: 53431Ft - Pos: 2014, -1823, 36
[20:59:31] Patrick_Zecchin plusz kórház jail ideje 480 másodpercre nõtt (+180mp)
[20:59:44] Tom_Zecchin plusz kórház jail ideje 360 másodpercre nõtt (+120mp)
[20:59:44] Tom_Zecchin lábon lõtte õt: Tom_Torres
[21:03:11] Matt_Creed fejen lõtte õt: Mark_Bishop
[21:03:11] Matt_Creed megölte Mark_Bishop-t ezzel: AK47 - Pénz: 0Ft - Pos: -15, -90, 1003
[21:03:11] Matt_Creed plusz kórház jail ideje 180 másodpercre nõtt (+180mp)
[21:03:13] Krist_Roscoe plusz kórház jail ideje 120 másodpercre nõtt (+120mp)
[21:03:13] Krist_Roscoe lábon lõtte õt: Horvath_Adrian
[21:03:16] Matt_Creed plusz kórház jail ideje 300 másodpercre nõtt (+120mp)
[21:03:16] Matt_Creed lábon lõtte õt: Mester_Csaba
[21:03:23] Henry_Tomasino plusz kórház jail ideje 120 másodpercre nõtt (+120mp)
[21:03:23] Henry_Tomasino lábon lõtte õt: Horvath_Adrian
[21:03:23] Matt_Creed plusz kórház jail ideje 420 másodpercre nõtt (+120mp)
[21:03:23] Matt_Creed lábon lõtte õt: Stefan_Aciano
[21:03:27] Henry_Tomasino fejen lõtte õt: Horvath_Adrian
[21:03:27] Henry_Tomasino megölte Horvath_Adrian-t ezzel: MP5 - Pénz: 0Ft - Pos: -33, -75, 1003
[21:03:27] Henry_Tomasino plusz kórház jail ideje 300 másodpercre nõtt (+180mp)
[21:07:16] Don_Sorrentino fejen lõtte õt: Damien_Creed
[21:07:16] Don_Sorrentino megölte Damien_Creed-t ezzel: M4 - Pénz: 0Ft - Pos: 663, -595, 16
[21:07:16] Don_Sorrentino plusz kórház jail ideje 180 másodpercre nõtt (+180mp)
[21:08:03] Carlos_D_Surenos plusz kórház jail ideje 120 másodpercre nõtt (+120mp)
[21:08:03] Carlos_D_Surenos lábon lõtte õt: Yamato_Bosco
[21:08:10] Sergei_B_Dueno fejen lõtte õt: Davey_Sezario
[21:08:10] Sergei_B_Dueno fejen lõtte õt: Davey_Sezario
[21:08:10] Sergei_B_Dueno megölte Davey_Sezario-t ezzel: MP5 - Pénz: 0Ft - Pos: 2777, -1621, 10
[21:08:10] Sergei_B_Dueno plusz kórház jail ideje 180 másodpercre nõtt (+180mp)
[21:10:16] Ryan_Brasco sniperrel meglõtte õt: Dolph_F_Gates
[21:10:27] Ryan_Brasco sniperrel meglõtte õt: Dolph_F_Gates
[21:10:31] Ryan_Brasco sniperrel meglõtte õt: Dolph_F_Gates
[21:12:30] Ryan_Brasco sniperrel meglõtte õt: Dolph_F_Gates
[21:12:30] Ryan_Brasco megölte Dolph_F_Gates-t ezzel: Sniper - Pénz: 0Ft - Pos: -373, 2124, 132
[21:12:30] Ryan_Brasco plusz kórház jail ideje 180 másodpercre nõtt (+180mp)
[21:33:42] Henry_Tomasino plusz kórház jail ideje 420 másodpercre nõtt (+120mp)
[21:33:42] Henry_Tomasino lábon lõtte õt: Kevin_S_Tomasso
[21:33:44] Patrick_Zecchin fejen lõtte õt: Henry_Tomasino
[21:33:44] Patrick_Zecchin megölte Henry_Tomasino-t ezzel: MP5 - Pénz: 0Ft - Pos: -278, -883, 45
[21:33:44] Patrick_Zecchin plusz kórház jail ideje 660 másodpercre nõtt (+180mp)
[21:33:51] Patrick_Zecchin fejen lõtte õt: Phil_Stinson
[21:33:51] Patrick_Zecchin megölte Phil_Stinson-t ezzel: MP5 - Pénz: 36000Ft - Pos: -315, -868, 46
[21:33:51] Patrick_Zecchin plusz kórház jail ideje 840 másodpercre nõtt (+180mp)
[21:34:04] Davey_Sezario plusz kórház jail ideje 120 másodpercre nõtt (+120mp)
[21:34:04] Davey_Sezario lábon lõtte õt: Emanuel_Garcia
[21:37:51] Johny_Morales fejen lõtte õt: Adele_Scaletta
[21:37:51] Johny_Morales megölte Adele_Scaletta-t ezzel: M4 - Pénz: 0Ft - Pos: 1354, -946, 34
[21:37:51] Johny_Morales plusz kórház jail ideje 180 másodpercre nõtt (+180mp)
[21:37:58] Marcel_B_Hollywood fejen lõtte õt: Don_Sorrentino
[21:37:58] Marcel_B_Hollywood megölte Don_Sorrentino-t ezzel: Sniper - Pénz: 0Ft - Pos: 1327, -1038, 28
[21:37:58] Marcel_B_Hollywood plusz kórház jail ideje 180 másodpercre nõtt (+180mp)
[21:38:58] Lucio_Zecchin fejen lõtte õt: Javier_B_Hollywood
[21:38:58] Lucio_Zecchin megölte Javier_B_Hollywood-t ezzel: MP5 - Pénz: 0Ft - Pos: 1276, -1037, 31
[21:38:58] Lucio_Zecchin plusz kórház jail ideje 1020 másodpercre nõtt (+180mp)
[21:38:59] Patrick_Zecchin fejen lõtte õt: Akos_Vincenzo
[21:38:59] Patrick_Zecchin megölte Akos_Vincenzo-t ezzel: MP5 - Pénz: 0Ft - Pos: 1276, -1037, 31
[21:38:59] Patrick_Zecchin plusz kórház jail ideje 1020 másodpercre nõtt (+180mp)
[21:39:05] Marcel_B_Hollywood plusz kórház jail ideje 300 másodpercre nõtt (+120mp)
[21:39:05] Marcel_B_Hollywood lábon lõtte õt: Tom_Zecchin
[21:39:32] Marcel_B_Hollywood plusz kórház jail ideje 420 másodpercre nõtt (+120mp)
[21:39:32] Marcel_B_Hollywood lábon lõtte õt: Damien_Creed
[21:39:34] Marcel_B_Hollywood fejen lõtte õt: Steve_J_Sorrentino
[21:39:34] Marcel_B_Hollywood megölte Steve_J_Sorrentino-t ezzel: M4 - Pénz: 0Ft - Pos: 966, -1040, 30
[21:39:34] Marcel_B_Hollywood plusz kórház jail ideje 600 másodpercre nõtt (+180mp)
[21:39:40] Patrick_Zecchin plusz kórház jail ideje 1140 másodpercre nõtt (+120mp)
[21:39:40] Patrick_Zecchin lábon lõtte õt: Marcel_B_Hollywood
[21:40:37] Carlos_D_Surenos fejen lõtte õt: James_Aciano
[21:40:37] Carlos_D_Surenos megölte James_Aciano-t ezzel: MP5 - Pénz: 0Ft - Pos: 961, -984, 38
[21:40:37] Carlos_D_Surenos plusz kórház jail ideje 300 másodpercre nõtt (+180mp)
[21:41:35] Levy_B_Hollywood plusz kórház jail ideje 120 másodpercre nõtt (+120mp)
[21:41:35] Levy_B_Hollywood lábon lõtte õt: Carlos_D_Surenos
[21:41:56] Yamato_Bosco fejen lõtte õt: Rick_Aciano
[21:41:57] Yamato_Bosco fejen lõtte õt: Rick_Aciano
[21:41:57] Yamato_Bosco megölte Rick_Aciano-t ezzel: MP5 - Pénz: 0Ft - Pos: 796, -1112, 23
[21:41:57] Yamato_Bosco plusz kórház jail ideje 180 másodpercre nõtt (+180mp)
[21:42:00] Levy_B_Hollywood fejen lõtte õt: Patrick_Zecchin
[21:42:00] Levy_B_Hollywood megölte Patrick_Zecchin-t ezzel: M4 - Pénz: 38670Ft - Pos: 966, -996, 36
[21:42:00] Levy_B_Hollywood plusz kórház jail ideje 300 másodpercre nõtt (+180mp)
[21:42:01] Dave_R_Vincenzo plusz kórház jail ideje 240 másodpercre nõtt (+120mp)
[21:42:01] Dave_R_Vincenzo lábon lõtte õt: Mike_Scaletta
[21:42:25] Ralf_S_Tomasso plusz kórház jail ideje 540 másodpercre nõtt (+120mp)
[21:42:25] Ralf_S_Tomasso lábon lõtte õt: Yamato_Bosco
[21:42:25] Ralf_S_Tomasso fejen lõtte õt: Mike_Scaletta
[21:42:25] Ralf_S_Tomasso megölte Mike_Scaletta-t ezzel: M4 - Pénz: 0Ft - Pos: 798, -1104, 23
[21:42:25] Ralf_S_Tomasso plusz kórház jail ideje 720 másodpercre nõtt (+180mp)
[21:42:43] Milinte_Brasco fejen lõtte õt: Tom_Zecchin
[21:42:43] Milinte_Brasco megölte Tom_Zecchin-t ezzel: MP5 - Pénz: 0Ft - Pos: 920, -997, 38
[21:42:43] Milinte_Brasco plusz kórház jail ideje 420 másodpercre nõtt (+180mp)
[21:43:07] Siska_Finuccsi fejen lõtte õt: Levy_B_Hollywood
[21:43:07] Siska_Finuccsi megölte Levy_B_Hollywood-t ezzel: AK47 - Pénz: 1516Ft - Pos: 961, -982, 38
[21:43:07] Siska_Finuccsi plusz kórház jail ideje 180 másodpercre nõtt (+180mp)
[21:43:31] Cristofer_Francesko meghalt (-), oka: Leesett - Pénz: 0Ft - Pos: 2227, -1153, 28
[21:45:30] Antonn_Fedorov fejen lõtte õt: Siska_Finuccsi
[21:45:30] Antonn_Fedorov megölte Siska_Finuccsi-t ezzel: Sniper - Pénz: 0Ft - Pos: 978, -1009, 49
[21:45:30] Antonn_Fedorov plusz kórház jail ideje 1320 másodpercre nõtt (+180mp)
[21:45:33] Antonn_Fedorov sniperrel meglõtte õt: Lucio_Zecchin
[21:46:50] Davey_Sezario meghalt (-), oka: Leesett - Pénz: 0Ft - Pos: 1030, -176, 27
[21:47:10] Ralf_S_Tomasso plusz kórház jail ideje 840 másodpercre nõtt (+120mp)
[21:47:10] Ralf_S_Tomasso lábon lõtte õt: Dave_R_Vincenzo
[21:48:38] Ralf_S_Tomasso fejen lõtte õt: Damien_Creed
[21:48:38] Ralf_S_Tomasso megölte Damien_Creed-t ezzel: M4 - Pénz: 0Ft - Pos: 819, -996, 32
[21:48:38] Ralf_S_Tomasso plusz kórház jail ideje 1020 másodpercre nõtt (+180mp)
[21:51:51] Kevin_S_Tomasso fejen lõtte õt: Ralf_S_Tomasso
[21:51:51] Kevin_S_Tomasso fejen lõtte õt: Ralf_S_Tomasso
[21:51:52] Kevin_S_Tomasso megölte Ralf_S_Tomasso-t ezzel: MP5 - Pénz: 2971Ft - Pos: 892, -999, 36
[21:51:52] Kevin_S_Tomasso plusz kórház jail ideje 180 másodpercre nõtt (+180mp)
[21:53:02] Milinte_Brasco fejen lõtte õt: Kevin_S_Tomasso
[21:53:02] Milinte_Brasco megölte Kevin_S_Tomasso-t ezzel: MP5 - Pénz: 38670Ft - Pos: 808, -1108, 23
[21:53:02] Milinte_Brasco plusz kórház jail ideje 600 másodpercre nõtt (+180mp)
[21:54:46] Milinte_Brasco fejen lõtte õt: Lucio_Zecchin
[21:54:47] Milinte_Brasco megölte Lucio_Zecchin-t ezzel: MP5 - Pénz: 0Ft - Pos: 959, -1001, 35
[21:54:47] Milinte_Brasco plusz kórház jail ideje 780 másodpercre nõtt (+180mp)
[21:55:13] Yamato_Bosco fejen lõtte õt: Victor_Gonzales
[21:55:13] Yamato_Bosco megölte Victor_Gonzales-t ezzel: MP5 - Pénz: 0Ft - Pos: 1149, -927, 43
[21:55:13] Yamato_Bosco plusz kórház jail ideje 360 másodpercre nõtt (+180mp)
[21:55:14] Levy_B_Hollywood plusz kórház jail ideje 120 másodpercre nõtt (+120mp)
[21:55:14] Levy_B_Hollywood lábon lõtte õt: Javier_B_Hollywood
[21:55:27] Levy_B_Hollywood megölte Javier_B_Hollywood-t ezzel: Combat - Pénz: 0Ft - Pos: 764, -1361, 13
[21:55:27] Levy_B_Hollywood plusz kórház jail ideje 300 másodpercre nõtt (+180mp)
[21:55:56] Krist_Roscoe plusz kórház jail ideje 240 másodpercre nõtt (+120mp)
[21:55:56] Krist_Roscoe lábon lõtte õt: Yamato_Bosco
[21:56:21] Steve_Aoki fejen lõtte õt: Krist_Roscoe
[21:56:21] Steve_Aoki megölte Krist_Roscoe-t ezzel: MP5 - Pénz: 82381Ft - Pos: 1082, -1002, 36
[21:56:21] Steve_Aoki plusz kórház jail ideje 180 másodpercre nõtt (+180mp)
[21:57:22] Milinte_Brasco fejen lõtte õt: Steve_Aoki
[21:57:22] Milinte_Brasco fejen lõtte õt: Steve_Aoki
[21:58:03] Henry_Tomasino fejen lõtte õt: Zsori_Sandor
[21:58:04] Henry_Tomasino megölte Zsori_Sandor-t ezzel: M4 - Pénz: 0Ft - Pos: -1252, -786, 66
[21:58:04] Henry_Tomasino plusz kórház jail ideje 180 másodpercre nõtt (+180mp)
[22:03:14] Henrik_T_Scaletta meghalt (-), oka: Leesett - Pénz: 0Ft - Pos: 225, 162, -2
[22:27:06] Jackob_Shirton meghalt (-), oka: Leesett - Pénz: 555Ft - Pos: 379, 166, 10
[22:27:36] Henry_Tomasino meghalt (-), oka: Leesett - Pénz: 0Ft - Pos: 1456, -685, 94
[22:35:58] Keny_Da_Silva plusz kórház jail ideje 120 másodpercre nõtt (+120mp)
[22:35:58] Keny_Da_Silva lábon lõtte õt: Betty_O_Neill
[22:47:38] Hizusu_Weedman fejen lõtte õt: Blake_B_Salvatore
[22:47:38] Hizusu_Weedman megölte Blake_B_Salvatore-t ezzel: SilencedColt45 - Pénz: 20000Ft - Pos: -823, -1895, 11
[22:47:38] Hizusu_Weedman plusz kórház jail ideje 900 másodpercre nõtt (+180mp)
[22:52:48] Jason_B_Hollywood meghalt (-), oka: Leesett - Pénz: 13112Ft - Pos: -261, -1189, 9
[22:57:54] Zero_Hopkins plusz kórház jail ideje 120 másodpercre nõtt (+120mp)
[22:57:54] Zero_Hopkins lábon lõtte õt: Philip_Skipper
[23:08:27] Brittney_Miles plusz kórház jail ideje 120 másodpercre nõtt (+120mp)
[23:08:27] Brittney_Miles lábon lõtte õt: Stefan_Aciano
[23:10:13] Ekaterina_Kurae plusz kórház jail ideje 120 másodpercre nõtt (+120mp)
[23:10:13] Ekaterina_Kurae lábon lõtte õt: Nick_R_Wilson
[23:14:46] Thomas_Berzerk plusz kórház jail ideje 120 másodpercre nõtt (+120mp)
[23:14:46] Thomas_Berzerk lábon lõtte õt: Regina_O_Neill
[23:14:48] Thomas_Berzerk plusz kórház jail ideje 240 másodpercre nõtt (+120mp)
[23:14:48] Thomas_Berzerk lábon lõtte õt: Ekaterina_Kurae
[23:14:49] Paul_Escobar plusz kórház jail ideje 120 másodpercre nõtt (+120mp)
[23:14:49] Paul_Escobar lábon lõtte õt: Brittney_Miles
[23:14:52] Paul_Escobar plusz kórház jail ideje 240 másodpercre nõtt (+120mp)
[23:14:52] Paul_Escobar lábon lõtte õt: Szekely_Kittina
[23:18:03] Franklin_F_Gates meghalt (-), oka: Leesett - Pénz: 0Ft - Pos: -371, 2090, 56
[23:20:52] Shura_Sharma plusz kórház jail ideje 120 másodpercre nõtt (+120mp)
[23:20:52] Shura_Sharma lábon lõtte õt: Zsori_Sandor
[23:22:22] Henry_Tomasino meghalt (-), oka: Leesett - Pénz: 0Ft - Pos: -617, -1067, 24
[23:23:32] Kiraly_Hunor meghalt (-), oka: Megfulladt - Pénz: 0Ft - Pos: -357, -1847, -11
[23:47:44] Albert_Kesselring fejen lõtte õt: Keny_Da_Silva
[23:47:44] Albert_Kesselring megölte Keny_Da_Silva-t ezzel: MP5 - Pénz: 0Ft - Pos: -135, -1231, 2
[23:47:44] Albert_Kesselring plusz kórház jail ideje 180 másodpercre nõtt (+180mp)
[23:59:18] Emanuel_Garcia megölte Zsori_Sandor-t ezzel: Ököl - Pénz: 0Ft - Pos: 1338, 1346, 10
[23:59:18] Emanuel_Garcia plusz kórház jail ideje 180 másodpercre nõtt (+180mp)
