[14:29:37] Lucio_Zecchin fejen lõtte õt: Max_Navarro
[14:29:37] Lucio_Zecchin megölte Max_Navarro-t ezzel: M4 - Pénz: 0Ft - Pos: 794, -1063, 24
[14:29:37] Lucio_Zecchin plusz kórház jail ideje 180 másodpercre nõtt (+180mp)
[14:29:40] Lucio_Zecchin plusz kórház jail ideje 300 másodpercre nõtt (+120mp)
[14:29:40] Lucio_Zecchin lábon lõtte õt: Henrik_T_Scaletta
[14:29:40] Carlos_Brasco plusz kórház jail ideje 420 másodpercre nõtt (+120mp)
[14:29:40] Carlos_Brasco lábon lõtte õt: Henrik_T_Scaletta
[14:29:40] Lucio_Zecchin plusz kórház jail ideje 420 másodpercre nõtt (+120mp)
[14:29:40] Lucio_Zecchin lábon lõtte õt: Henrik_T_Scaletta
[14:29:41] Lucio_Zecchin plusz kórház jail ideje 540 másodpercre nõtt (+120mp)
[14:29:41] Lucio_Zecchin lábon lõtte õt: Henrik_T_Scaletta
[14:30:26] Lucio_Zecchin fejen lõtte õt: Robert_Scaletta
[14:30:26] Lucio_Zecchin megölte Robert_Scaletta-t ezzel: M4 - Pénz: 0Ft - Pos: 1333, -923, 35
[14:30:26] Lucio_Zecchin plusz kórház jail ideje 720 másodpercre nõtt (+180mp)
[14:30:27] Lucio_Zecchin fejen lõtte õt: Stefan_D_Zecchin
[14:30:27] Lucio_Zecchin megölte Stefan_D_Zecchin-t ezzel: M4 - Pénz: 11000Ft - Pos: 1333, -923, 35
[14:30:27] Lucio_Zecchin plusz kórház jail ideje 900 másodpercre nõtt (+180mp)
[14:31:01] Henrik_T_Scaletta fejen lõtte õt: Antonn_Fedorov
[14:31:01] Henrik_T_Scaletta megölte Antonn_Fedorov-t ezzel: M4 - Pénz: 13514Ft - Pos: 1332, -920, 36
[14:31:01] Henrik_T_Scaletta plusz kórház jail ideje 180 másodpercre nõtt (+180mp)
[14:33:41] Connor_O_Neill meghalt (-), oka: Leesett - Pénz: 0Ft - Pos: 50, 50, 2
[14:44:45] Carlos_Brasco fejen lõtte õt: Charlie_Leanders
[14:44:45] Carlos_Brasco megölte Charlie_Leanders-t ezzel: M4 - Pénz: 0Ft - Pos: -515, -889, 54
[14:44:45] Carlos_Brasco plusz kórház jail ideje 600 másodpercre nõtt (+180mp)
[14:45:01] Lucio_Zecchin fejen lõtte õt: Thomas_Berzerk
[14:45:01] Lucio_Zecchin megölte Thomas_Berzerk-t ezzel: M4 - Pénz: 444908Ft - Pos: -553, -920, 58
[14:45:01] Lucio_Zecchin plusz kórház jail ideje 1080 másodpercre nõtt (+180mp)
[14:45:20] Lucio_Zecchin sniperrel meglõtte õt: Nero_Chorstoo
[14:50:12] Georg_B_Freeman fejen lõtte õt: Joker_Creed
[14:50:12] Georg_B_Freeman megölte Joker_Creed-t ezzel: Deagle - Pénz: 1140Ft - Pos: 378, -2038, 7
[14:50:12] Georg_B_Freeman plusz kórház jail ideje 180 másodpercre nõtt (+180mp)
[14:52:26] Carlos_Brasco plusz kórház jail ideje 720 másodpercre nõtt (+120mp)
[14:52:26] Carlos_Brasco lábon lõtte õt: Kevin_S_Tomasso
[14:52:27] Carlos_Brasco plusz kórház jail ideje 840 másodpercre nõtt (+120mp)
[14:52:27] Carlos_Brasco lábon lõtte õt: Kevin_S_Tomasso
[14:52:27] Carlos_Brasco plusz kórház jail ideje 960 másodpercre nõtt (+120mp)
[14:52:27] Carlos_Brasco lábon lõtte õt: Kevin_S_Tomasso
[14:52:27] Carlos_Brasco fejen lõtte õt: Kevin_S_Tomasso
[14:52:28] Carlos_Brasco megölte Kevin_S_Tomasso-t ezzel: MP5 - Pénz: 0Ft - Pos: 485, 1406, 1084
[14:52:28] Carlos_Brasco plusz kórház jail ideje 1140 másodpercre nõtt (+180mp)
[14:59:32] Lucio_Zecchin fejen lõtte õt: Akos_White
[14:59:32] Lucio_Zecchin megölte Akos_White-t ezzel: MP5 - Pénz: 0Ft - Pos: 698, -1154, 15
[14:59:32] Lucio_Zecchin plusz kórház jail ideje 1260 másodpercre nõtt (+180mp)
[15:00:18] Nelson_Washington fejen lõtte õt: Antonn_Fedorov
[15:00:18] Nelson_Washington megölte Antonn_Fedorov-t ezzel: M4 - Pénz: 17000Ft - Pos: 1748, -2063, 13
[15:00:18] Nelson_Washington plusz kórház jail ideje 180 másodpercre nõtt (+180mp)
[15:02:09] Lucio_Zecchin fejen lõtte õt: Joker_Creed
[15:02:09] Lucio_Zecchin megölte Joker_Creed-t ezzel: M4 - Pénz: 0Ft - Pos: 334, -1336, 14
[15:02:09] Lucio_Zecchin plusz kórház jail ideje 1440 másodpercre nõtt (+180mp)
[15:10:17] Nelson_Washington plusz kórház jail ideje 300 másodpercre nõtt (+120mp)
[15:10:17] Nelson_Washington lábon lõtte õt: Lucio_Zecchin
[15:10:17] Nelson_Washington plusz kórház jail ideje 420 másodpercre nõtt (+120mp)
[15:10:17] Nelson_Washington lábon lõtte õt: Lucio_Zecchin
[15:10:17] Henrik_T_Scaletta fejen lõtte õt: Lucio_Zecchin
[15:10:17] Henrik_T_Scaletta megölte Lucio_Zecchin-t ezzel: M4 - Pénz: 0Ft - Pos: 525, -1162, 57
[15:10:17] Henrik_T_Scaletta plusz kórház jail ideje 360 másodpercre nõtt (+180mp)
[15:11:56] Marcel_B_Hollywood plusz kórház jail ideje 240 másodpercre nõtt (+120mp)
[15:11:56] Marcel_B_Hollywood lábon lõtte õt: Antonn_Fedorov
[15:32:33] Zero_Hopkins meghalt (-), oka: Leesett - Pénz: 63500Ft - Pos: 2796, -2456, 24
[15:34:32] Nelson_Washington plusz kórház jail ideje 540 másodpercre nõtt (+120mp)
[15:34:32] Nelson_Washington lábon lõtte õt: Thomas_Berzerk
[15:58:42] Archie_B_Hollywood meghalt (-), oka: Leesett - Pénz: 0Ft - Pos: -364, 2127, 73
[16:04:52] Marcell_O_Neill meghalt (-), oka: Leesett - Pénz: 0Ft - Pos: 1242, -868, 42
[16:14:07] Chris_S_Black fejen lõtte õt: Don_Sorrentino
[16:14:07] Chris_S_Black megölte Don_Sorrentino-t ezzel: MP5 - Pénz: 0Ft - Pos: -1229, -770, 63
[16:14:07] Chris_S_Black plusz kórház jail ideje 180 másodpercre nõtt (+180mp)
[16:17:02] Chris_S_Black plusz kórház jail ideje 300 másodpercre nõtt (+120mp)
[16:17:02] Chris_S_Black lábon lõtte õt: Preston_R_Wilson
[16:17:06] Akos_Vincenzo fejen lõtte õt: Chris_S_Black
[16:17:06] Akos_Vincenzo megölte Chris_S_Black-t ezzel: MP5 - Pénz: 0Ft - Pos: -886, -1164, 103
[16:17:06] Akos_Vincenzo plusz kórház jail ideje 180 másodpercre nõtt (+180mp)
[16:17:16] Jin_Sorrentino megölte Levi_R_Zecchin-t ezzel: Rifle - Pénz: 31090Ft - Pos: -890, -1263, 112
[16:17:16] Jin_Sorrentino plusz kórház jail ideje 180 másodpercre nõtt (+180mp)
[16:22:47] Marcel_B_Hollywood fejen lõtte õt: Dave_R_Vincenzo
[16:22:48] Marcel_B_Hollywood megölte Dave_R_Vincenzo-t ezzel: M4 - Pénz: 5350Ft - Pos: 1942, -1629, 13
[16:22:48] Marcel_B_Hollywood plusz kórház jail ideje 420 másodpercre nõtt (+180mp)
[16:23:27] Oberth_Andras meghalt (-), oka: Leesett - Pénz: 17923Ft - Pos: 1774, -1463, 14
[16:23:35] Marcel_B_Hollywood fejen lõtte õt: Hugo_Sanchez
[16:23:35] Marcel_B_Hollywood megölte Hugo_Sanchez-t ezzel: M4 - Pénz: 0Ft - Pos: 1747, -1597, 13
[16:23:35] Marcel_B_Hollywood plusz kórház jail ideje 600 másodpercre nõtt (+180mp)
[16:24:18] Marcel_B_Hollywood fejen lõtte õt: Mark_B_Hollywood
[16:24:19] Marcel_B_Hollywood megölte Mark_B_Hollywood-t ezzel: M4 - Pénz: 4202Ft - Pos: 1890, -1752, 13
[16:24:19] Marcel_B_Hollywood plusz kórház jail ideje 780 másodpercre nõtt (+180mp)
[16:34:39] Pablo_Scaletta meghalt (-), oka: Leesett - Pénz: 8300Ft - Pos: 1546, -1745, 14
[18:55:02] Georg_B_Hollywood plusz kórház jail ideje 300 másodpercre nõtt (+120mp)
[18:55:02] Georg_B_Hollywood lábon lõtte õt: Ryan_Lennox
[18:56:14] Yamato_Bosco plusz kórház jail ideje 120 másodpercre nõtt (+120mp)
[18:56:14] Yamato_Bosco lábon lõtte õt: Radovan_S_Barett
