[00:24:22] Edie_Morra meghalt (-), oka: Leesett - Pénz: 4350615Ft - Pos: -352, 1669, 39
[00:25:57] Edie_Morra meghalt (-), oka: Leesett - Pénz: 0Ft - Pos: -266, 1492, 76
[00:43:17] Nagato_Brasco sniperrel meglõtte õt: Georg_B_Hollywood
[01:57:06] Elwood_JR_Sorrentino meghalt (-), oka: Leesett - Pénz: 0Ft - Pos: -1800, -123, 5
[02:03:42] Steve_Aoki fejen lõtte õt: Freddie_B_Scaletta
[02:03:42] Steve_Aoki megölte Freddie_B_Scaletta-t ezzel: MP5 - Pénz: 60000Ft - Pos: 1762, -1177, 23
[02:03:42] Steve_Aoki plusz kórház jail ideje 180 másodpercre nõtt (+180mp)
[02:07:13] Elwood_JR_Sorrentino meghalt (-), oka: Leesett - Pénz: 0Ft - Pos: 102, 1334, 13
[02:16:25] Freddie_B_Scaletta fejen lõtte õt: Steve_Aoki
[02:16:25] Freddie_B_Scaletta megölte Steve_Aoki-t ezzel: MP5 - Pénz: 83600Ft - Pos: 1359, -1383, 13
[02:16:25] Freddie_B_Scaletta plusz kórház jail ideje 180 másodpercre nõtt (+180mp)
[02:37:36] Tom_Torres meghalt (-), oka: Leesett - Pénz: 0Ft - Pos: -2098, -1860, 121
[02:37:56] Elwood_JR_Sorrentino meghalt (-), oka: Leesett - Pénz: 0Ft - Pos: -2070, -1924, 59
[02:43:06] Oliver_Aciano meghalt (-), oka: Leesett - Pénz: 0Ft - Pos: -2178, -1827, 221
[02:53:29] Marcell_O_Neill plusz kórház jail ideje 120 másodpercre nõtt (+120mp)
[02:53:29] Marcell_O_Neill lábon lõtte õt: Shura_Sharma
[02:53:29] Marcell_O_Neill megölte Shura_Sharma-t ezzel: M4 - Pénz: 0Ft - Pos: 384, -1764, 5
[02:53:29] Marcell_O_Neill plusz kórház jail ideje 300 másodpercre nõtt (+180mp)
[02:53:35] Marcell_O_Neill fejen lõtte õt: Nagato_Brasco
[02:53:35] Marcell_O_Neill megölte Nagato_Brasco-t ezzel: M4 - Pénz: 0Ft - Pos: 381, -1782, 5
[02:53:35] Marcell_O_Neill plusz kórház jail ideje 480 másodpercre nõtt (+180mp)
[02:53:43] Valor_Colin plusz kórház jail ideje 120 másodpercre nõtt (+120mp)
[02:53:43] Valor_Colin lábon lõtte õt: Marcell_O_Neill
[02:53:49] Valor_Colin plusz kórház jail ideje 240 másodpercre nõtt (+120mp)
[02:53:49] Valor_Colin lábon lõtte õt: Marcell_O_Neill
[02:53:49] Valor_Colin plusz kórház jail ideje 360 másodpercre nõtt (+120mp)
[02:53:49] Valor_Colin lábon lõtte õt: Marcell_O_Neill
[02:53:54] Valor_Colin megölte Marcell_O_Neill-t ezzel: MP5 - Pénz: 0Ft - Pos: 382, -1776, 5
[02:53:54] Valor_Colin plusz kórház jail ideje 540 másodpercre nõtt (+180mp)
[02:55:04] Valor_Colin plusz kórház jail ideje 660 másodpercre nõtt (+120mp)
[02:55:04] Valor_Colin lábon lõtte õt: Henrik_T_Scaletta
[02:55:04] Valor_Colin plusz kórház jail ideje 780 másodpercre nõtt (+120mp)
[02:55:04] Valor_Colin lábon lõtte õt: Henrik_T_Scaletta
[02:55:05] Valor_Colin plusz kórház jail ideje 900 másodpercre nõtt (+120mp)
[02:55:05] Valor_Colin lábon lõtte õt: Henrik_T_Scaletta
[03:15:22] Marcell_O_Neill meghalt (-), oka: Leesett - Pénz: 0Ft - Pos: -1882, -699, 43
[09:25:01] Atsuya_D_Freeman plusz kórház jail ideje 120 másodpercre nõtt (+120mp)
[09:25:01] Atsuya_D_Freeman lábon lõtte õt: Joshue_White
[10:46:04] Krist_Roscoe sniperrel meglõtte õt: Tom_Strike
[11:11:39] Nick_Vitale fejen lõtte õt: Robert_Scaletta
[11:11:39] Nick_Vitale megölte Robert_Scaletta-t ezzel: MP5 - Pénz: 0Ft - Pos: 744, -1058, 23
[11:11:39] Nick_Vitale plusz kórház jail ideje 840 másodpercre nõtt (+180mp)
[11:11:40] Don_Sorrentino fejen lõtte õt: Nick_Vitale
[11:11:40] Don_Sorrentino megölte Nick_Vitale-t ezzel: M4 - Pénz: 84906Ft - Pos: 755, -1049, 23
[11:11:40] Don_Sorrentino plusz kórház jail ideje 300 másodpercre nõtt (+180mp)
[11:14:26] Georg_B_Hollywood fejen lõtte õt: Ryan_B_Mike
[11:14:26] Georg_B_Hollywood megölte Ryan_B_Mike-t ezzel: MP5 - Pénz: 5476Ft - Pos: 757, -1052, 23
[11:14:26] Georg_B_Hollywood plusz kórház jail ideje 540 másodpercre nõtt (+180mp)
[11:14:27] Georg_B_Hollywood fejen lõtte õt: Ryan_B_Mike
[11:14:49] Georg_B_Hollywood fejen lõtte õt: Don_Sorrentino
[11:14:49] Georg_B_Hollywood megölte Don_Sorrentino-t ezzel: Rifle - Pénz: 84906Ft - Pos: 834, -1030, 25
[11:14:49] Georg_B_Hollywood plusz kórház jail ideje 720 másodpercre nõtt (+180mp)
[11:16:02] Valor_Colin fejen lõtte õt: Chris_S_Black
[11:16:02] Valor_Colin megölte Chris_S_Black-t ezzel: MP5 - Pénz: 414980Ft - Pos: 829, -1032, 25
[11:16:02] Valor_Colin plusz kórház jail ideje 1080 másodpercre nõtt (+180mp)
[11:16:24] Valor_Colin fejen lõtte õt: Bryan_B_Hollywood
[11:16:24] Valor_Colin megölte Bryan_B_Hollywood-t ezzel: MP5 - Pénz: 155345Ft - Pos: 824, -1034, 24
[11:16:24] Valor_Colin plusz kórház jail ideje 1260 másodpercre nõtt (+180mp)
[11:16:27] Valor_Colin fejen lõtte õt: Georg_B_Hollywood
[11:16:28] Valor_Colin megölte Georg_B_Hollywood-t ezzel: MP5 - Pénz: 0Ft - Pos: 830, -1029, 25
[11:16:28] Valor_Colin plusz kórház jail ideje 1440 másodpercre nõtt (+180mp)
[11:27:20] Cristofer_Francesko plusz kórház jail ideje 120 másodpercre nõtt (+120mp)
[11:27:20] Cristofer_Francesko lábon lõtte õt: Chris_S_Black
[11:27:57] Valor_Colin plusz kórház jail ideje 1560 másodpercre nõtt (+120mp)
[11:27:57] Valor_Colin lábon lõtte õt: Dave_R_Vincenzo
[11:29:25] Pekano_S_Barett plusz kórház jail ideje 120 másodpercre nõtt (+120mp)
[11:29:25] Pekano_S_Barett lábon lõtte õt: Valor_Colin
[11:41:21] Georg_B_Hollywood plusz kórház jail ideje 120 másodpercre nõtt (+120mp)
[11:41:21] Georg_B_Hollywood lábon lõtte õt: Dave_Stinson
[11:42:14] Damien_Creed plusz kórház jail ideje 360 másodpercre nõtt (+120mp)
[11:42:14] Damien_Creed lábon lõtte õt: Cristofer_Francesko
[11:42:14] Damien_Creed plusz kórház jail ideje 480 másodpercre nõtt (+120mp)
[11:42:14] Damien_Creed lábon lõtte õt: Cristofer_Francesko
[11:44:14] Chris_S_Black fejen lõtte õt: Valor_Colin
[11:44:14] Chris_S_Black megölte Valor_Colin-t ezzel: Deagle - Pénz: 0Ft - Pos: 2237, -1193, 1029
[11:44:14] Chris_S_Black plusz kórház jail ideje 180 másodpercre nõtt (+180mp)
[11:57:33] Damien_Creed plusz kórház jail ideje 600 másodpercre nõtt (+120mp)
[11:57:33] Damien_Creed lábon lõtte õt: Nick_R_Wilson
[11:57:33] Diaz_Freeman plusz kórház jail ideje 240 másodpercre nõtt (+120mp)
[11:57:33] Diaz_Freeman lábon lõtte õt: Nick_R_Wilson
[11:58:11] Diaz_Freeman plusz kórház jail ideje 360 másodpercre nõtt (+120mp)
[11:58:11] Diaz_Freeman lábon lõtte õt: Don_Sorrentino
[11:59:05] Jason_Toretto plusz kórház jail ideje 780 másodpercre nõtt (+120mp)
[11:59:05] Jason_Toretto lábon lõtte õt: Damien_Creed
[11:59:10] Diaz_Freeman plusz kórház jail ideje 480 másodpercre nõtt (+120mp)
[11:59:10] Diaz_Freeman lábon lõtte õt: Robert_Scaletta
[11:59:10] Diaz_Freeman fejen lõtte õt: Robert_Scaletta
[11:59:10] Diaz_Freeman megölte Robert_Scaletta-t ezzel: AK47 - Pénz: 0Ft - Pos: 2242, -1153, 1029
[11:59:10] Diaz_Freeman plusz kórház jail ideje 660 másodpercre nõtt (+180mp)
[11:59:21] Jason_Toretto plusz kórház jail ideje 900 másodpercre nõtt (+120mp)
[11:59:21] Jason_Toretto lábon lõtte õt: Diaz_Freeman
[12:00:36] Denny_Toretto plusz kórház jail ideje 240 másodpercre nõtt (+120mp)
[12:00:36] Denny_Toretto lábon lõtte õt: Pekano_S_Barett
[12:00:37] Denny_Toretto plusz kórház jail ideje 360 másodpercre nõtt (+120mp)
[12:00:37] Denny_Toretto lábon lõtte õt: Pekano_S_Barett
[12:00:37] Marcel_B_Hollywood plusz kórház jail ideje 120 másodpercre nõtt (+120mp)
[12:00:37] Marcel_B_Hollywood lábon lõtte õt: Pekano_S_Barett
[12:00:45] Denny_Toretto plusz kórház jail ideje 480 másodpercre nõtt (+120mp)
[12:00:45] Denny_Toretto lábon lõtte õt: Damien_Creed
[12:00:46] Kevin_S_Tomasso plusz kórház jail ideje 120 másodpercre nõtt (+120mp)
[12:00:46] Kevin_S_Tomasso lábon lõtte õt: Dave_R_Vincenzo
[12:00:46] Kevin_S_Tomasso plusz kórház jail ideje 240 másodpercre nõtt (+120mp)
[12:00:46] Kevin_S_Tomasso lábon lõtte õt: Dave_R_Vincenzo
[12:00:46] Kevin_S_Tomasso plusz kórház jail ideje 360 másodpercre nõtt (+120mp)
[12:00:46] Kevin_S_Tomasso lábon lõtte õt: Dave_R_Vincenzo
[12:00:46] Kevin_S_Tomasso plusz kórház jail ideje 480 másodpercre nõtt (+120mp)
[12:00:46] Kevin_S_Tomasso lábon lõtte õt: Dave_R_Vincenzo
[12:00:47] Kevin_S_Tomasso plusz kórház jail ideje 600 másodpercre nõtt (+120mp)
[12:00:47] Kevin_S_Tomasso lábon lõtte õt: Dave_R_Vincenzo
[12:00:47] Jason_Toretto plusz kórház jail ideje 1020 másodpercre nõtt (+120mp)
[12:00:47] Jason_Toretto lábon lõtte õt: Dave_R_Vincenzo
[12:00:47] Jason_Toretto megölte Dave_R_Vincenzo-t ezzel: M4 - Pénz: 263189Ft - Pos: 2237, -1190, 1029
[12:00:47] Jason_Toretto plusz kórház jail ideje 1200 másodpercre nõtt (+180mp)
[12:08:16] Heringer_Laszlo meghalt (-), oka: Leesett - Pénz: 143Ft - Pos: 2870, -1037, 12
[12:14:12] Matt_Creed fejen lõtte õt: Georg_B_Hollywood
[12:14:12] Matt_Creed megölte Georg_B_Hollywood-t ezzel: AK47 - Pénz: 0Ft - Pos: 2102, -1640, 13
[12:14:12] Matt_Creed plusz kórház jail ideje 360 másodpercre nõtt (+180mp)
[13:02:10] Marcel_B_Hollywood megölte Max_Navarro-t ezzel: Ököl - Pénz: 0Ft - Pos: 1526, -1689, 13
[13:02:10] Marcel_B_Hollywood plusz kórház jail ideje 300 másodpercre nõtt (+180mp)
[13:13:07] Tom_Zecchin plusz kórház jail ideje 120 másodpercre nõtt (+120mp)
[13:13:07] Tom_Zecchin lábon lõtte õt: Max_Navarro
[13:13:37] Lucio_Zecchin plusz kórház jail ideje 2940 másodpercre nõtt (+120mp)
[13:13:37] Lucio_Zecchin lábon lõtte õt: Ryan_Brasco
[13:14:19] Lucio_Zecchin fejen lõtte õt: Joe_Gates
[13:14:19] Lucio_Zecchin megölte Joe_Gates-t ezzel: M4 - Pénz: 0Ft - Pos: 999, -900, 43
[13:14:19] Lucio_Zecchin plusz kórház jail ideje 3120 másodpercre nõtt (+180mp)
[13:14:21] Lucio_Zecchin plusz kórház jail ideje 3240 másodpercre nõtt (+120mp)
[13:14:21] Lucio_Zecchin lábon lõtte õt: Kevin_S_Tomasso
[13:14:22] Lucio_Zecchin plusz kórház jail ideje 3360 másodpercre nõtt (+120mp)
[13:14:22] Lucio_Zecchin lábon lõtte õt: Kevin_S_Tomasso
[13:14:22] Ralf_S_Tomasso fejen lõtte õt: Tom_Zecchin
[13:14:22] Ralf_S_Tomasso megölte Tom_Zecchin-t ezzel: M4 - Pénz: 0Ft - Pos: 999, -903, 42
[13:14:22] Ralf_S_Tomasso plusz kórház jail ideje 180 másodpercre nõtt (+180mp)
[13:14:32] Ralf_S_Tomasso plusz kórház jail ideje 300 másodpercre nõtt (+120mp)
[13:14:32] Ralf_S_Tomasso lábon lõtte õt: Lucio_Zecchin
[13:14:32] Ralf_S_Tomasso plusz kórház jail ideje 420 másodpercre nõtt (+120mp)
[13:14:32] Ralf_S_Tomasso lábon lõtte õt: Lucio_Zecchin
[13:14:48] Ralf_S_Tomasso fejen lõtte õt: Pekano_S_Barett
[13:14:48] Ralf_S_Tomasso megölte Pekano_S_Barett-t ezzel: M4 - Pénz: 0Ft - Pos: 1023, -943, 42
[13:14:48] Ralf_S_Tomasso plusz kórház jail ideje 600 másodpercre nõtt (+180mp)
[13:14:49] Damien_Creed plusz kórház jail ideje 720 másodpercre nõtt (+120mp)
[13:14:49] Damien_Creed lábon lõtte õt: Ralf_S_Tomasso
[13:14:49] Damien_Creed plusz kórház jail ideje 840 másodpercre nõtt (+120mp)
[13:14:49] Damien_Creed lábon lõtte õt: Ralf_S_Tomasso
[13:14:51] Marcel_B_Hollywood plusz kórház jail ideje 420 másodpercre nõtt (+120mp)
[13:14:51] Marcel_B_Hollywood lábon lõtte õt: Damien_Creed
[13:14:51] Marcel_B_Hollywood plusz kórház jail ideje 540 másodpercre nõtt (+120mp)
[13:14:51] Marcel_B_Hollywood lábon lõtte õt: Damien_Creed
[13:14:51] Marcel_B_Hollywood plusz kórház jail ideje 660 másodpercre nõtt (+120mp)
[13:14:51] Marcel_B_Hollywood lábon lõtte õt: Damien_Creed
[13:15:13] Marcel_B_Hollywood plusz kórház jail ideje 780 másodpercre nõtt (+120mp)
[13:15:13] Marcel_B_Hollywood lábon lõtte õt: James_Creed
[13:15:14] Marcel_B_Hollywood plusz kórház jail ideje 900 másodpercre nõtt (+120mp)
[13:15:14] Marcel_B_Hollywood lábon lõtte õt: James_Creed
[13:15:14] Marcel_B_Hollywood megölte James_Creed-t ezzel: M4 - Pénz: 90000Ft - Pos: 1006, -906, 42
[13:15:14] Marcel_B_Hollywood plusz kórház jail ideje 1080 másodpercre nõtt (+180mp)
[13:26:12] Max_Navarro fejen lõtte õt: Damien_Creed
[13:26:12] Max_Navarro megölte Damien_Creed-t ezzel: AK47 - Pénz: 682031Ft - Pos: 973, -967, 39
[13:26:12] Max_Navarro plusz kórház jail ideje 180 másodpercre nõtt (+180mp)
[13:26:22] Ventura_Zecchin fejen lõtte õt: Max_Navarro
[13:26:23] Ventura_Zecchin megölte Max_Navarro-t ezzel: Sniper - Pénz: 90000Ft - Pos: 976, -945, 40
[13:26:23] Ventura_Zecchin plusz kórház jail ideje 360 másodpercre nõtt (+180mp)
[13:26:26] Ventura_Zecchin fejen lõtte õt: Ryan_Brasco
[13:26:26] Ventura_Zecchin megölte Ryan_Brasco-t ezzel: Sniper - Pénz: 188519Ft - Pos: 974, -947, 40
[13:26:26] Ventura_Zecchin plusz kórház jail ideje 540 másodpercre nõtt (+180mp)
[13:31:27] Steve_Aoki plusz kórház jail ideje 120 másodpercre nõtt (+120mp)
[13:31:27] Steve_Aoki lábon lõtte õt: Marcel_B_Hollywood
[13:33:58] Jimmy_Doherty meghalt (-), oka: Leesett - Pénz: 16437Ft - Pos: -1747, -632, 18
[13:41:24] Cristofer_Francesko fejen lõtte õt: Levy_B_Hollywood
[13:41:24] Cristofer_Francesko megölte Levy_B_Hollywood-t ezzel: MP5 - Pénz: 40470Ft - Pos: 652, -567, 16
[13:41:24] Cristofer_Francesko plusz kórház jail ideje 300 másodpercre nõtt (+180mp)
[13:46:25] Don_Sorrentino meghalt (-), oka: Leesett - Pénz: 0Ft - Pos: 2237, -1191, 35
[13:47:20] Nagy_Richard meghalt (-), oka: Leesett - Pénz: 7842Ft - Pos: -32, -82, 3
[13:47:21] Gaspar_David meghalt (-), oka: Leesett - Pénz: 6242Ft - Pos: -27, -89, 4
[13:52:07] William_Cortez fejen lõtte õt: Mark_B_Hollywood
[13:52:07] William_Cortez megölte Mark_B_Hollywood-t ezzel: M4 - Pénz: 9400Ft - Pos: 2574, -1686, 1
[13:52:07] William_Cortez plusz kórház jail ideje 300 másodpercre nõtt (+180mp)
[13:53:29] William_Cortez fejen lõtte õt: Cristofer_Francesko
[13:53:29] William_Cortez megölte Cristofer_Francesko-t ezzel: M4 - Pénz: 0Ft - Pos: 2199, -1391, 23
[13:53:29] William_Cortez plusz kórház jail ideje 480 másodpercre nõtt (+180mp)
[13:56:35] William_Cortez fejen lõtte õt: Kevin_S_Tomasso
[13:56:35] William_Cortez megölte Kevin_S_Tomasso-t ezzel: M4 - Pénz: 0Ft - Pos: 1363, -1310, 13
[13:56:35] William_Cortez plusz kórház jail ideje 660 másodpercre nõtt (+180mp)
[13:56:37] William_Cortez fejen lõtte õt: Mark_B_Hollywood
[13:56:37] William_Cortez megölte Mark_B_Hollywood-t ezzel: M4 - Pénz: 0Ft - Pos: 1370, -1316, 13
[13:56:37] William_Cortez plusz kórház jail ideje 840 másodpercre nõtt (+180mp)
[14:02:48] Steve_Aoki fejen lõtte õt: Nick_Vitale
[14:02:48] Steve_Aoki megölte Nick_Vitale-t ezzel: MP5 - Pénz: 0Ft - Pos: 508, -1171, 59
[14:02:48] Steve_Aoki plusz kórház jail ideje 300 másodpercre nõtt (+180mp)
[14:03:11] William_Cortez plusz kórház jail ideje 960 másodpercre nõtt (+120mp)
[14:03:11] William_Cortez lábon lõtte õt: Patrick_Zecchin
[14:03:26] William_Cortez fejen lõtte õt: Lorand_Vincenzo
[14:03:26] William_Cortez megölte Lorand_Vincenzo-t ezzel: M4 - Pénz: 9400Ft - Pos: 869, -899, 63
[14:03:26] William_Cortez plusz kórház jail ideje 1140 másodpercre nõtt (+180mp)
[14:03:26] William_Cortez fejen lõtte õt: Lorand_Vincenzo
[14:03:30] William_Cortez fejen lõtte õt: Steve_Aoki
[14:03:31] William_Cortez fejen lõtte õt: Steve_Aoki
[14:03:38] Kevin_S_Tomasso sniperrel meglõtte õt: William_Cortez
[14:04:39] George_B_Hollywood plusz kórház jail ideje 540 másodpercre nõtt (+120mp)
[14:04:39] George_B_Hollywood lábon lõtte õt: Pekano_S_Barett
[14:04:55] George_B_Hollywood fejen lõtte õt: Pekano_S_Barett
[14:04:56] George_B_Hollywood megölte Pekano_S_Barett-t ezzel: MP5 - Pénz: 0Ft - Pos: 1925, -1343, 16
[14:04:56] George_B_Hollywood plusz kórház jail ideje 720 másodpercre nõtt (+180mp)
[14:05:02] Kevin_S_Tomasso plusz kórház jail ideje 120 másodpercre nõtt (+120mp)
[14:05:02] Kevin_S_Tomasso lábon lõtte õt: Steve_Aoki
[14:05:02] Kevin_S_Tomasso megölte Steve_Aoki-t ezzel: M4 - Pénz: 0Ft - Pos: 843, -880, 66
[14:05:02] Kevin_S_Tomasso plusz kórház jail ideje 300 másodpercre nõtt (+180mp)
[14:05:02] Kevin_S_Tomasso plusz kórház jail ideje 420 másodpercre nõtt (+120mp)
[14:05:02] Kevin_S_Tomasso lábon lõtte õt: Steve_Aoki
[14:06:56] Kevin_S_Tomasso fejen lõtte õt: William_Cortez
[14:06:56] Kevin_S_Tomasso megölte William_Cortez-t ezzel: M4 - Pénz: 0Ft - Pos: 841, -884, 66
[14:06:56] Kevin_S_Tomasso plusz kórház jail ideje 600 másodpercre nõtt (+180mp)
[14:06:56] Kevin_S_Tomasso fejen lõtte õt: William_Cortez
[14:06:56] Kevin_S_Tomasso megölte William_Cortez-t ezzel: M4 - Pénz: 0Ft - Pos: 0, 0, 0
[14:06:56] Kevin_S_Tomasso plusz kórház jail ideje 780 másodpercre nõtt (+180mp)
[14:10:03] Levy_B_Hollywood fejen lõtte õt: Joker_Creed
[14:10:03] Levy_B_Hollywood megölte Joker_Creed-t ezzel: MP5 - Pénz: 0Ft - Pos: 548, -415, 28
[14:10:03] Levy_B_Hollywood plusz kórház jail ideje 180 másodpercre nõtt (+180mp)
[14:14:05] Patrick_Zecchin fejen lõtte õt: Levy_B_Hollywood
[14:14:05] Patrick_Zecchin megölte Levy_B_Hollywood-t ezzel: M4 - Pénz: 0Ft - Pos: 2018, -2094, 13
[14:14:05] Patrick_Zecchin plusz kórház jail ideje 180 másodpercre nõtt (+180mp)
[14:14:06] Kevin_S_Tomasso fejen lõtte õt: Jason_B_Hollywood
[14:14:07] Kevin_S_Tomasso megölte Jason_B_Hollywood-t ezzel: M4 - Pénz: 106454Ft - Pos: 2015, -2096, 13
[14:14:07] Kevin_S_Tomasso plusz kórház jail ideje 960 másodpercre nõtt (+180mp)
[14:14:07] Kevin_S_Tomasso fejen lõtte õt: Akos_Vincenzo
[14:14:07] Kevin_S_Tomasso megölte Akos_Vincenzo-t ezzel: M4 - Pénz: 40470Ft - Pos: 2015, -2096, 13
[14:14:07] Kevin_S_Tomasso plusz kórház jail ideje 1140 másodpercre nõtt (+180mp)
[14:14:07] Patrick_Zecchin fejen lõtte õt: Akos_Vincenzo
[14:16:29] Ryan_Brasco fejen lõtte õt: Mark_B_Hollywood
[14:16:29] Ryan_Brasco megölte Mark_B_Hollywood-t ezzel: M4 - Pénz: 500000Ft - Pos: 1358, -1292, 13
[14:16:29] Ryan_Brasco plusz kórház jail ideje 180 másodpercre nõtt (+180mp)
[14:16:29] Ryan_Brasco fejen lõtte õt: Steve_Aoki
[14:16:30] Ryan_Brasco megölte Steve_Aoki-t ezzel: M4 - Pénz: 0Ft - Pos: 1355, -1290, 13
[14:16:30] Ryan_Brasco plusz kórház jail ideje 360 másodpercre nõtt (+180mp)
[14:16:30] Ryan_Brasco fejen lõtte õt: Steve_Aoki
[14:38:38] Levi_R_Zecchin fejen lõtte õt: Adele_Scaletta
[14:38:39] Levi_R_Zecchin megölte Adele_Scaletta-t ezzel: MP5 - Pénz: 0Ft - Pos: 1946, -2143, 13
[14:38:39] Levi_R_Zecchin plusz kórház jail ideje 180 másodpercre nõtt (+180mp)
[14:39:09] Stefan_Berger meghalt (-), oka: Leesett - Pénz: 37406Ft - Pos: -1518, 669, 8
[14:41:36] Jason_Toretto plusz kórház jail ideje 120 másodpercre nõtt (+120mp)
[14:41:36] Jason_Toretto lábon lõtte õt: Pekano_S_Barett
[14:41:37] Marcel_B_Hollywood plusz kórház jail ideje 1200 másodpercre nõtt (+120mp)
[14:41:37] Marcel_B_Hollywood lábon lõtte õt: Pekano_S_Barett
[14:41:38] Ryan_Brasco fejen lõtte õt: Pekano_S_Barett
[14:41:38] Ryan_Brasco fejen lõtte õt: Pekano_S_Barett
[14:41:38] Ryan_Brasco fejen lõtte õt: Pekano_S_Barett
[14:41:38] Ryan_Brasco fejen lõtte õt: Pekano_S_Barett
[14:41:39] Ryan_Brasco megölte Pekano_S_Barett-t ezzel: M4 - Pénz: 0Ft - Pos: 1769, -2034, 13
[14:41:39] Ryan_Brasco plusz kórház jail ideje 540 másodpercre nõtt (+180mp)
[14:42:48] Levi_R_Zecchin plusz kórház jail ideje 300 másodpercre nõtt (+120mp)
[14:42:48] Levi_R_Zecchin lábon lõtte õt: Denny_Toretto
[14:43:28] Marcel_B_Hollywood plusz kórház jail ideje 1320 másodpercre nõtt (+120mp)
[14:43:28] Marcel_B_Hollywood lábon lõtte õt: Levi_R_Zecchin
[14:43:50] Dave_R_Vincenzo fejen lõtte õt: Jason_Toretto
[14:43:50] Dave_R_Vincenzo megölte Jason_Toretto-t ezzel: M4 - Pénz: 0Ft - Pos: 1443, 1557, 14
[14:43:50] Dave_R_Vincenzo plusz kórház jail ideje 180 másodpercre nõtt (+180mp)
[14:44:02] James_Creed plusz kórház jail ideje 120 másodpercre nõtt (+120mp)
[14:44:02] James_Creed lábon lõtte õt: Marcel_B_Hollywood
[14:44:02] James_Creed plusz kórház jail ideje 240 másodpercre nõtt (+120mp)
[14:44:02] James_Creed lábon lõtte õt: Marcel_B_Hollywood
[14:44:02] James_Creed plusz kórház jail ideje 360 másodpercre nõtt (+120mp)
[14:44:02] James_Creed lábon lõtte õt: Marcel_B_Hollywood
[14:44:02] James_Creed megölte Marcel_B_Hollywood-t ezzel: M4 - Pénz: 0Ft - Pos: 1443, 1555, 15
[14:44:02] James_Creed plusz kórház jail ideje 540 másodpercre nõtt (+180mp)
[14:49:46] Nelson_Washington sniperrel meglõtte õt: Damien_Creed
[14:50:03] Mark_Bishop meghalt (-), oka: Leesett - Pénz: 0Ft - Pos: 1767, -1249, 35
[14:56:11] Lucio_Zecchin fejen lõtte õt: Mike_Scaletta
[14:56:11] Lucio_Zecchin megölte Mike_Scaletta-t ezzel: M4 - Pénz: 0Ft - Pos: 1420, 1567, 10
[14:56:11] Lucio_Zecchin plusz kórház jail ideje 3540 másodpercre nõtt (+180mp)
[14:56:56] Don_Sorrentino plusz kórház jail ideje 120 másodpercre nõtt (+120mp)
[14:56:56] Don_Sorrentino lábon lõtte õt: Dave_R_Vincenzo
[14:56:56] Don_Sorrentino plusz kórház jail ideje 240 másodpercre nõtt (+120mp)
[14:56:56] Don_Sorrentino lábon lõtte õt: Dave_R_Vincenzo
[14:56:56] Nelson_Washington plusz kórház jail ideje 300 másodpercre nõtt (+120mp)
[14:56:56] Nelson_Washington lábon lõtte õt: Dave_R_Vincenzo
[14:56:56] Krisztofer_Vincenzo fejen lõtte õt: Don_Sorrentino
[14:56:56] Krisztofer_Vincenzo megölte Don_Sorrentino-t ezzel: M4 - Pénz: 0Ft - Pos: 1429, 1555, 10
[14:56:56] Krisztofer_Vincenzo plusz kórház jail ideje 180 másodpercre nõtt (+180mp)
[14:57:05] Tom_Torres sniperrel meglõtte õt: Henrik_T_Scaletta
[14:57:49] Usate_Krukenberg meghalt (-), oka: Leesett - Pénz: 6000Ft - Pos: -1780, 173, 9
[14:57:51] Tom_Torres plusz kórház jail ideje 120 másodpercre nõtt (+120mp)
[14:57:51] Tom_Torres lábon lõtte õt: Nelson_Washington
[14:58:21] Valor_Colin plusz kórház jail ideje 120 másodpercre nõtt (+120mp)
[14:58:21] Valor_Colin lábon lõtte õt: Tom_Torres
[15:00:50] Krisztofer_Vincenzo fejen lõtte õt: Patrick_Zecchin
[15:00:50] Krisztofer_Vincenzo megölte Patrick_Zecchin-t ezzel: M4 - Pénz: 0Ft - Pos: 1430, 1598, 10
[15:00:50] Krisztofer_Vincenzo plusz kórház jail ideje 360 másodpercre nõtt (+180mp)
[15:03:07] Mark_Bishop meghalt (-), oka: Leesett - Pénz: 0Ft - Pos: -1732, 383, 10
[15:07:37] Georg_B_Hollywood plusz kórház jail ideje 29 másodpercre nõtt (+120mp)
[15:07:37] Georg_B_Hollywood lábon lõtte õt: Joker_Creed
[15:07:45] Georg_B_Hollywood plusz kórház jail ideje 149 másodpercre nõtt (+120mp)
[15:07:45] Georg_B_Hollywood lábon lõtte õt: Joker_Creed
[15:07:46] Georg_B_Hollywood fejen lõtte õt: Joker_Creed
[15:07:46] Georg_B_Hollywood megölte Joker_Creed-t ezzel: MP5 - Pénz: 37406Ft - Pos: -63, -1064, 16
[15:07:46] Georg_B_Hollywood plusz kórház jail ideje 329 másodpercre nõtt (+180mp)
[15:07:46] Georg_B_Hollywood fejen lõtte õt: Joker_Creed
[15:15:06] Georg_B_Hollywood fejen lõtte õt: Joshue_White
[15:15:06] Georg_B_Hollywood megölte Joshue_White-t ezzel: MP5 - Pénz: 0Ft - Pos: -1444, -827, 76
[15:15:06] Georg_B_Hollywood plusz kórház jail ideje 509 másodpercre nõtt (+180mp)
[15:15:57] Kevin_S_Tomasso fejen lõtte õt: Levi_R_Zecchin
[15:15:57] Kevin_S_Tomasso megölte Levi_R_Zecchin-t ezzel: M4 - Pénz: 0Ft - Pos: 1452, 1591, 15
[15:15:57] Kevin_S_Tomasso plusz kórház jail ideje 1320 másodpercre nõtt (+180mp)
[15:19:36] Kevin_S_Tomasso fejen lõtte õt: James_Creed
[15:19:36] Kevin_S_Tomasso megölte James_Creed-t ezzel: M4 - Pénz: 0Ft - Pos: 1442, 1558, 14
[15:19:36] Kevin_S_Tomasso plusz kórház jail ideje 1500 másodpercre nõtt (+180mp)
[15:21:22] Kevin_S_Tomasso fejen lõtte õt: Krisztofer_Vincenzo
[15:21:22] Krisztofer_Vincenzo fejen lõtte õt: Kevin_S_Tomasso
[15:21:22] Kevin_S_Tomasso megölte Krisztofer_Vincenzo-t ezzel: M4 - Pénz: 12000Ft - Pos: 1452, 1592, 15
[15:21:22] Kevin_S_Tomasso plusz kórház jail ideje 1680 másodpercre nõtt (+180mp)
[15:21:22] Krisztofer_Vincenzo megölte Kevin_S_Tomasso-t ezzel: M4 - Pénz: 0Ft - Pos: 1450, 1571, 15
[15:21:23] Bentner_K_White fejen lõtte õt: Usate_Krukenberg
[15:21:23] Bentner_K_White megölte Usate_Krukenberg-t ezzel: MP5 - Pénz: 0Ft - Pos: -1203, -729, 58
[15:21:23] Bentner_K_White plusz kórház jail ideje 180 másodpercre nõtt (+180mp)
[15:21:24] Bentner_K_White fejen lõtte õt: Elwood_JR_Sorrentino
[15:21:24] Bentner_K_White megölte Elwood_JR_Sorrentino-t ezzel: MP5 - Pénz: 2050Ft - Pos: -1208, -732, 58
[15:21:24] Bentner_K_White plusz kórház jail ideje 360 másodpercre nõtt (+180mp)
[15:21:27] Bentner_K_White fejen lõtte õt: Georg_B_Hollywood
[15:21:27] Bentner_K_White fejen lõtte õt: Georg_B_Hollywood
[15:22:07] Mike_Scaletta meghalt (-), oka: Leesett - Pénz: 0Ft - Pos: -1254, -592, 13
[15:23:32] Lucio_Zecchin fejen lõtte õt: Ralf_S_Tomasso
[15:23:32] Lucio_Zecchin megölte Ralf_S_Tomasso-t ezzel: M4 - Pénz: 0Ft - Pos: 1453, 1581, 15
[15:23:32] Lucio_Zecchin plusz kórház jail ideje 3720 másodpercre nõtt (+180mp)
[15:29:42] Georg_B_Hollywood fejen lõtte õt: Darthy_M_Stillenacht
[15:29:42] Georg_B_Hollywood megölte Darthy_M_Stillenacht-t ezzel: MP5 - Pénz: 0Ft - Pos: -1317, -788, 73
[15:29:42] Georg_B_Hollywood plusz kórház jail ideje 689 másodpercre nõtt (+180mp)
[15:30:18] Georg_B_Hollywood plusz kórház jail ideje 809 másodpercre nõtt (+120mp)
[15:30:18] Georg_B_Hollywood lábon lõtte õt: Joshue_White
[15:30:24] Georg_B_Hollywood plusz kórház jail ideje 929 másodpercre nõtt (+120mp)
[15:30:24] Georg_B_Hollywood lábon lõtte õt: Joshue_White
[15:30:29] Georg_B_Hollywood fejen lõtte õt: Joshue_White
[15:30:29] Georg_B_Hollywood fejen lõtte õt: Joshue_White
[15:30:29] Georg_B_Hollywood megölte Joshue_White-t ezzel: MP5 - Pénz: 0Ft - Pos: -1312, -781, 72
[15:30:29] Georg_B_Hollywood plusz kórház jail ideje 1109 másodpercre nõtt (+180mp)
[15:30:37] Elwood_JR_Sorrentino megölte Cody_Aciano-t ezzel: Ököl - Pénz: 0Ft - Pos: 2220, -1388, 23
[15:30:37] Elwood_JR_Sorrentino plusz kórház jail ideje 180 másodpercre nõtt (+180mp)
[15:31:23] Georg_B_Hollywood plusz kórház jail ideje 1229 másodpercre nõtt (+120mp)
[15:31:23] Georg_B_Hollywood lábon lõtte õt: Bentner_K_White
[15:31:30] Georg_B_Hollywood fejen lõtte õt: Bentner_K_White
[15:31:30] Georg_B_Hollywood megölte Bentner_K_White-t ezzel: MP5 - Pénz: 0Ft - Pos: -1276, -763, 67
[15:31:30] Georg_B_Hollywood plusz kórház jail ideje 1409 másodpercre nõtt (+180mp)
[15:31:54] Georg_B_Hollywood fejen lõtte õt: Matt_Creed
[15:31:55] Georg_B_Hollywood megölte Matt_Creed-t ezzel: MP5 - Pénz: 0Ft - Pos: -1213, -762, 62
[15:31:55] Georg_B_Hollywood plusz kórház jail ideje 1589 másodpercre nõtt (+180mp)
[15:46:28] Georg_B_Hollywood meghalt (-), oka: Leesett - Pénz: 0Ft - Pos: -111, -1054, 12
[15:48:36] Marcel_B_Hollywood fejen lõtte õt: Kazuyoshi_Akira
[15:48:36] Marcel_B_Hollywood megölte Kazuyoshi_Akira-t ezzel: M4 - Pénz: 0Ft - Pos: 1715, -872, 57
[15:48:36] Marcel_B_Hollywood plusz kórház jail ideje 180 másodpercre nõtt (+180mp)
[15:52:21] Don_Sorrentino plusz kórház jail ideje 120 másodpercre nõtt (+120mp)
[15:52:21] Don_Sorrentino lábon lõtte õt: Horvath_Adrian
[15:52:22] Don_Sorrentino plusz kórház jail ideje 240 másodpercre nõtt (+120mp)
[15:52:22] Don_Sorrentino lábon lõtte õt: Stefan_Berger
[15:52:25] Henrik_T_Scaletta sniperrel meglõtte õt: Horvath_Adrian
[15:52:25] Don_Sorrentino plusz kórház jail ideje 360 másodpercre nõtt (+120mp)
[15:52:25] Don_Sorrentino lábon lõtte õt: Paul_D_Cortez
[15:52:26] Henrik_T_Scaletta sniperrel meglõtte õt: Horvath_Adrian
[15:52:26] Ryder_B_Dueno fejen lõtte õt: Don_Sorrentino
[15:52:26] Ryder_B_Dueno megölte Don_Sorrentino-t ezzel: MP5 - Pénz: 0Ft - Pos: 2721, -1089, 69
[15:52:26] Ryder_B_Dueno plusz kórház jail ideje 180 másodpercre nõtt (+180mp)
[15:52:28] Henrik_T_Scaletta sniperrel meglõtte õt: Tyler_Wish
[15:52:40] Henrik_T_Scaletta sniperrel meglõtte õt: Horvath_Adrian
[15:52:44] Henrik_T_Scaletta sniperrel meglõtte õt: Thomas_Berzerk
[15:52:58] Ryan_Brasco plusz kórház jail ideje 660 másodpercre nõtt (+120mp)
[15:52:58] Ryan_Brasco lábon lõtte õt: Ryder_B_Dueno
[15:53:00] Steve_J_Sorrentino sniperrel meglõtte õt: Stefan_Berger
[15:53:16] Henrik_T_Scaletta sniperrel meglõtte õt: Thomas_Berzerk
[15:53:27] Ryan_Brasco plusz kórház jail ideje 780 másodpercre nõtt (+120mp)
[15:53:27] Ryan_Brasco lábon lõtte õt: Steve_Aoki
[15:53:33] Patrick_Zecchin plusz kórház jail ideje 120 másodpercre nõtt (+120mp)
[15:53:33] Patrick_Zecchin lábon lõtte õt: Stefan_Berger
[15:53:54] Patrick_Zecchin plusz kórház jail ideje 240 másodpercre nõtt (+120mp)
[15:53:54] Patrick_Zecchin lábon lõtte õt: Marcel_B_Hollywood
[15:53:59] Patrick_Zecchin plusz kórház jail ideje 360 másodpercre nõtt (+120mp)
[15:53:59] Patrick_Zecchin lábon lõtte õt: Thomas_Berzerk
[15:54:00] Patrick_Zecchin plusz kórház jail ideje 480 másodpercre nõtt (+120mp)
[15:54:00] Patrick_Zecchin lábon lõtte õt: Thomas_Berzerk
[15:54:00] Patrick_Zecchin megölte Thomas_Berzerk-t ezzel: M4 - Pénz: 0Ft - Pos: 2722, -1107, 69
[15:54:00] Patrick_Zecchin plusz kórház jail ideje 660 másodpercre nõtt (+180mp)
[15:56:14] Atsuya_D_Freeman sniperrel meglõtte õt: Henrik_T_Scaletta
[15:56:31] Atsuya_D_Freeman sniperrel meglõtte õt: Jin_Sorrentino
[15:56:48] Patrick_Zecchin fejen lõtte õt: Victor_Jr_Zecchin
[15:56:48] Patrick_Zecchin megölte Victor_Jr_Zecchin-t ezzel: M4 - Pénz: 1238532Ft - Pos: 2644, -1177, 66
[15:56:48] Patrick_Zecchin plusz kórház jail ideje 840 másodpercre nõtt (+180mp)
[16:04:45] Atsuya_D_Freeman meghalt (-), oka: Leesett - Pénz: 2375Ft - Pos: -1774, -633, 18
[16:06:48] Jason_Aciano meghalt (-), oka: Leesett - Pénz: 0Ft - Pos: 1110, -1927, 40
[16:28:14] Max_Navarro plusz kórház jail ideje 120 másodpercre nõtt (+120mp)
[16:28:14] Max_Navarro lábon lõtte õt: Georg_B_Hollywood
[16:28:15] Max_Navarro plusz kórház jail ideje 240 másodpercre nõtt (+120mp)
[16:28:15] Max_Navarro lábon lõtte õt: Georg_B_Hollywood
[16:29:00] Henry_Tomasino plusz kórház jail ideje 120 másodpercre nõtt (+120mp)
[16:29:00] Henry_Tomasino lábon lõtte õt: Matt_Creed
[16:29:00] Henry_Tomasino plusz kórház jail ideje 240 másodpercre nõtt (+120mp)
[16:29:00] Henry_Tomasino lábon lõtte õt: Matt_Creed
[16:29:00] Henry_Tomasino plusz kórház jail ideje 360 másodpercre nõtt (+120mp)
[16:29:00] Henry_Tomasino lábon lõtte õt: Matt_Creed
[16:29:10] Henry_Tomasino plusz kórház jail ideje 480 másodpercre nõtt (+120mp)
[16:29:10] Henry_Tomasino lábon lõtte õt: Mike_Scaletta
[16:29:41] Henry_Tomasino plusz kórház jail ideje 600 másodpercre nõtt (+120mp)
[16:29:41] Henry_Tomasino lábon lõtte õt: Max_Navarro
[16:29:42] Henry_Tomasino plusz kórház jail ideje 720 másodpercre nõtt (+120mp)
[16:29:42] Henry_Tomasino lábon lõtte õt: Max_Navarro
[16:30:00] Henry_Tomasino plusz kórház jail ideje 840 másodpercre nõtt (+120mp)
[16:30:00] Henry_Tomasino lábon lõtte õt: Henrik_T_Scaletta
[16:30:00] Henry_Tomasino plusz kórház jail ideje 960 másodpercre nõtt (+120mp)
[16:30:00] Henry_Tomasino lábon lõtte õt: Henrik_T_Scaletta
[16:30:13] Henry_Tomasino plusz kórház jail ideje 1080 másodpercre nõtt (+120mp)
[16:30:13] Henry_Tomasino lábon lõtte õt: Don_Sorrentino
[16:30:39] Dan_B_Hollywood sniperrel meglõtte õt: Henry_Tomasino
[16:39:02] Patrick_Zecchin plusz kórház jail ideje 960 másodpercre nõtt (+120mp)
[16:39:02] Patrick_Zecchin lábon lõtte õt: Ventura_Zecchin
[16:02:05] Dan_B_Hollywood fejen lõtte õt: David_C_Sorrentino
[16:02:05] Dan_B_Hollywood megölte David_C_Sorrentino-t ezzel: M4 - Pénz: 0Ft - Pos: 1874, -1055, 23
[16:02:05] Dan_B_Hollywood plusz kórház jail ideje 180 másodpercre nõtt (+180mp)
[16:14:59] Damien_Creed fejen lõtte õt: Cristofer_Francesko
[16:14:59] Damien_Creed megölte Cristofer_Francesko-t ezzel: MP5 - Pénz: 0Ft - Pos: 1954, -1877, 13
[16:14:59] Damien_Creed plusz kórház jail ideje 180 másodpercre nõtt (+180mp)
[16:17:13] Dan_B_Hollywood fejen lõtte õt: Antonn_Fedorov
[16:17:13] Dan_B_Hollywood megölte Antonn_Fedorov-t ezzel: M4 - Pénz: 174000Ft - Pos: 2022, -2085, 13
[16:17:13] Dan_B_Hollywood plusz kórház jail ideje 360 másodpercre nõtt (+180mp)
[16:17:16] Damien_Creed plusz kórház jail ideje 300 másodpercre nõtt (+120mp)
[16:17:16] Damien_Creed lábon lõtte õt: Dan_B_Hollywood
[16:17:16] Damien_Creed plusz kórház jail ideje 420 másodpercre nõtt (+120mp)
[16:17:16] Damien_Creed lábon lõtte õt: Dan_B_Hollywood
[16:17:55] Jin_Sorrentino plusz kórház jail ideje 120 másodpercre nõtt (+120mp)
[16:17:55] Jin_Sorrentino lábon lõtte õt: Tom_Torres
[16:17:58] Damien_Creed fejen lõtte õt: Max_Navarro
[16:17:58] Damien_Creed megölte Max_Navarro-t ezzel: MP5 - Pénz: 0Ft - Pos: 2027, -2056, 13
[16:17:58] Damien_Creed plusz kórház jail ideje 600 másodpercre nõtt (+180mp)
[16:18:14] Damien_Creed plusz kórház jail ideje 720 másodpercre nõtt (+120mp)
[16:18:14] Damien_Creed lábon lõtte õt: Gaspar_David
[16:18:14] Valor_Colin fejen lõtte õt: Damien_Creed
[16:18:14] Valor_Colin megölte Damien_Creed-t ezzel: MP5 - Pénz: 84000Ft - Pos: 2018, -2061, 13
[16:18:14] Valor_Colin plusz kórház jail ideje 300 másodpercre nõtt (+180mp)
[16:18:14] Valor_Colin fejen lõtte õt: Damien_Creed
[16:18:14] Valor_Colin megölte Damien_Creed-t ezzel: MP5 - Pénz: 0Ft - Pos: 0, 0, 0
[16:18:14] Valor_Colin plusz kórház jail ideje 480 másodpercre nõtt (+180mp)
[16:18:14] David_C_Sorrentino megölte Nagy_Atilla-t ezzel: Ököl - Pénz: 0Ft - Pos: 1417, -1741, 13
[16:18:14] David_C_Sorrentino plusz kórház jail ideje 180 másodpercre nõtt (+180mp)
[16:19:30] Henrik_T_Scaletta fejen lõtte õt: Georg_B_Hollywood
[16:19:30] Henrik_T_Scaletta megölte Georg_B_Hollywood-t ezzel: M4 - Pénz: 0Ft - Pos: -265, -890, 45
[16:19:30] Henrik_T_Scaletta plusz kórház jail ideje 360 másodpercre nõtt (+180mp)
[16:23:19] Vito_D_Brasco meghalt (-), oka: Leesett - Pénz: 6736Ft - Pos: 50, 50, 2
[16:30:01] Albert_Einstein meghalt (-), oka: Leesett - Pénz: 90450Ft - Pos: 1950, -1796, 13
[16:30:01] Dan_B_Hollywood meghalt (-), oka: Leesett - Pénz: 60600Ft - Pos: 1955, -1800, 16
[16:39:17] Christopher_G_Hunter meghalt (-), oka: Leesett - Pénz: 237800Ft - Pos: 1917, -1696, 13
[16:40:36] Marcel_B_Hollywood plusz kórház jail ideje 300 másodpercre nõtt (+120mp)
[16:40:36] Marcel_B_Hollywood lábon lõtte õt: Max_Navarro
[16:59:39] Joe_Surenos meghalt (-), oka: Leesett - Pénz: 355Ft - Pos: 239, -53, 1
[17:16:07] Joe_Gates plusz kórház jail ideje 120 másodpercre nõtt (+120mp)
[17:16:07] Joe_Gates lábon lõtte õt: Tom_Torres
[17:16:08] Denny_Toretto plusz kórház jail ideje 600 másodpercre nõtt (+120mp)
[17:16:08] Denny_Toretto lábon lõtte õt: Tom_Torres
[17:16:08] Joe_Gates plusz kórház jail ideje 240 másodpercre nõtt (+120mp)
[17:16:08] Joe_Gates lábon lõtte õt: Tom_Torres
[17:16:08] Joe_Gates megölte Tom_Torres-t ezzel: M4 - Pénz: 0Ft - Pos: -725, -2255, 27
[17:16:08] Joe_Gates plusz kórház jail ideje 420 másodpercre nõtt (+180mp)
[17:20:52] Henrik_T_Scaletta sniperrel meglõtte õt: Max_Navarro
[17:21:35] Don_Sorrentino megölte Max_Navarro-t ezzel: Ököl - Pénz: 0Ft - Pos: 1932, 2509, 6
[17:21:35] Don_Sorrentino plusz kórház jail ideje 180 másodpercre nõtt (+180mp)
[17:22:53] Joe_Gates fejen lõtte õt: Dave_R_Vincenzo
[17:22:54] Denny_Toretto megölte Dave_R_Vincenzo-t ezzel: M4 - Pénz: 256433Ft - Pos: -799, -2437, 79
[17:22:54] Denny_Toretto plusz kórház jail ideje 780 másodpercre nõtt (+180mp)
[17:28:52] Justin_Camorra fejen lõtte õt: Bentner_K_White
[17:28:53] Justin_Camorra megölte Bentner_K_White-t ezzel: MP5 - Pénz: 0Ft - Pos: -2364, 36, 34
[17:28:53] Justin_Camorra plusz kórház jail ideje 360 másodpercre nõtt (+180mp)
[17:28:54] Justin_Camorra fejen lõtte õt: Joshue_White
[17:28:55] Justin_Camorra fejen lõtte õt: Joshue_White
[17:28:56] Justin_Camorra fejen lõtte õt: Joshue_White
[17:28:56] Justin_Camorra fejen lõtte õt: Joshue_White
[17:28:57] Justin_Camorra fejen lõtte õt: Joshue_White
[17:28:59] Justin_Camorra fejen lõtte õt: Joshue_White
[17:29:00] Justin_Camorra fejen lõtte õt: Joshue_White
[17:29:01] Justin_Camorra fejen lõtte õt: Joshue_White
[17:29:01] Justin_Camorra fejen lõtte õt: Joshue_White
[17:29:01] Justin_Camorra fejen lõtte õt: Joshue_White
[17:29:01] Justin_Camorra fejen lõtte õt: Joshue_White
[17:29:43] Justin_Camorra fejen lõtte õt: Joshue_White
[17:29:43] Justin_Camorra fejen lõtte õt: Joshue_White
[17:29:43] Justin_Camorra megölte Joshue_White-t ezzel: MP5 - Pénz: 0Ft - Pos: -2364, 36, 35
[17:29:43] Justin_Camorra plusz kórház jail ideje 540 másodpercre nõtt (+180mp)
[17:32:56] Darthy_M_Stillenacht plusz kórház jail ideje 120 másodpercre nõtt (+120mp)
[17:32:56] Darthy_M_Stillenacht lábon lõtte õt: Justin_Camorra
[17:33:01] Darthy_M_Stillenacht plusz kórház jail ideje 240 másodpercre nõtt (+120mp)
[17:33:01] Darthy_M_Stillenacht lábon lõtte õt: Justin_Camorra
[17:33:01] Darthy_M_Stillenacht plusz kórház jail ideje 360 másodpercre nõtt (+120mp)
[17:33:01] Darthy_M_Stillenacht lábon lõtte õt: Justin_Camorra
[17:33:02] Darthy_M_Stillenacht fejen lõtte õt: Justin_Camorra
[17:33:02] Darthy_M_Stillenacht fejen lõtte õt: Justin_Camorra
[17:33:02] Darthy_M_Stillenacht fejen lõtte õt: Justin_Camorra
[17:33:03] Darthy_M_Stillenacht fejen lõtte õt: Justin_Camorra
[17:33:03] Darthy_M_Stillenacht fejen lõtte õt: Justin_Camorra
[17:33:03] Darthy_M_Stillenacht fejen lõtte õt: Justin_Camorra
[17:33:03] Darthy_M_Stillenacht fejen lõtte õt: Justin_Camorra
[17:33:03] Darthy_M_Stillenacht fejen lõtte õt: Justin_Camorra
[17:33:03] Darthy_M_Stillenacht fejen lõtte õt: Justin_Camorra
[17:33:04] Darthy_M_Stillenacht fejen lõtte õt: Justin_Camorra
[17:33:04] Darthy_M_Stillenacht fejen lõtte õt: Justin_Camorra
[17:33:08] Darthy_M_Stillenacht megölte Justin_Camorra-t ezzel: MP5 - Pénz: 30000Ft - Pos: -2001, -1285, 36
[17:33:08] Darthy_M_Stillenacht plusz kórház jail ideje 540 másodpercre nõtt (+180mp)
[17:46:26] Henry_Tomasino plusz kórház jail ideje 1200 másodpercre nõtt (+120mp)
[17:46:26] Henry_Tomasino lábon lõtte õt: Toth_Martin
[17:49:11] Valor_Colin fejen lõtte õt: Henry_Tomasino
[17:49:11] Valor_Colin megölte Henry_Tomasino-t ezzel: MP5 - Pénz: 0Ft - Pos: -1603, 994, 7
[17:49:11] Valor_Colin plusz kórház jail ideje 660 másodpercre nõtt (+180mp)
[17:49:19] Valor_Colin fejen lõtte õt: Sidney_Tribiani
[17:49:19] Valor_Colin megölte Sidney_Tribiani-t ezzel: MP5 - Pénz: 0Ft - Pos: -1601, 992, 7
[17:49:19] Valor_Colin plusz kórház jail ideje 840 másodpercre nõtt (+180mp)
[17:53:14] Henry_Tomasino meghalt (-), oka: Leesett - Pénz: 0Ft - Pos: 1927, -2459, -22
[17:56:43] George_B_Hollywood plusz kórház jail ideje 840 másodpercre nõtt (+120mp)
[17:56:43] George_B_Hollywood lábon lõtte õt: Stevy_Camorra
[18:09:21] Lucio_Zecchin fejen lõtte õt: Bentner_K_White
[18:09:21] Lucio_Zecchin megölte Bentner_K_White-t ezzel: M4 - Pénz: 0Ft - Pos: -148, -1436, 2
[18:09:21] Lucio_Zecchin plusz kórház jail ideje 3900 másodpercre nõtt (+180mp)
[18:09:54] Lucio_Zecchin plusz kórház jail ideje 4020 másodpercre nõtt (+120mp)
[18:09:54] Lucio_Zecchin lábon lõtte õt: Joshue_White
[18:10:07] Lucio_Zecchin plusz kórház jail ideje 4140 másodpercre nõtt (+120mp)
[18:10:07] Lucio_Zecchin lábon lõtte õt: Darthy_M_Stillenacht
[18:27:17] Sergei_B_Dueno megölte Valor_Colin-t ezzel: Kés - Pénz: 48415Ft - Pos: 362, 171, 1008
[18:27:17] Sergei_B_Dueno plusz kórház jail ideje 180 másodpercre nõtt (+180mp)
[18:40:10] Joshue_White fejen lõtte õt: Horvath_Adrian
[18:40:10] Joshue_White megölte Horvath_Adrian-t ezzel: MP5 - Pénz: 0Ft - Pos: -2364, 1207, 36
[18:40:10] Joshue_White plusz kórház jail ideje 180 másodpercre nõtt (+180mp)
[18:41:29] Usate_Krukenberg plusz kórház jail ideje 120 másodpercre nõtt (+120mp)
[18:41:29] Usate_Krukenberg lábon lõtte õt: Stefan_Berger
[18:48:59] Leone_S_Tomasso sniperrel meglõtte õt: Sidney_Tribiani
[18:49:39] Joe_Gates plusz kórház jail ideje 540 másodpercre nõtt (+120mp)
[18:49:39] Joe_Gates lábon lõtte õt: Krisztofer_Vincenzo
[18:49:40] Joe_Gates plusz kórház jail ideje 660 másodpercre nõtt (+120mp)
[18:49:40] Joe_Gates lábon lõtte õt: Krisztofer_Vincenzo
[18:52:22] Henry_Tomasino sniperrel meglõtte õt: Sidney_Tribiani
[18:52:26] Henry_Tomasino sniperrel meglõtte õt: Nagato_Brasco
[18:53:48] Carlos_D_Surenos plusz kórház jail ideje 120 másodpercre nõtt (+120mp)
[18:53:48] Carlos_D_Surenos lábon lõtte õt: Matt_Creed
[18:54:58] Henry_Tomasino sniperrel meglõtte õt: Patrick_Zecchin
[18:55:40] Joe_Gates fejen lõtte õt: Dave_R_Vincenzo
[18:55:40] Joe_Gates megölte Dave_R_Vincenzo-t ezzel: Sniper - Pénz: 80000Ft - Pos: 2341, -1248, 56
[18:55:40] Joe_Gates plusz kórház jail ideje 840 másodpercre nõtt (+180mp)
[18:56:35] Carlos_D_Surenos fejen lõtte õt: Kevin_L_Saltzman
[18:56:36] Carlos_D_Surenos megölte Kevin_L_Saltzman-t ezzel: Combat - Pénz: 73594Ft - Pos: 2238, -1151, 1029
[18:56:36] Carlos_D_Surenos plusz kórház jail ideje 300 másodpercre nõtt (+180mp)
[18:59:28] Nelson_Washington fejen lõtte õt: Damien_Creed
[18:59:28] Nelson_Washington megölte Damien_Creed-t ezzel: MP5 - Pénz: 0Ft - Pos: 2269, -1013, 56
[18:59:28] Nelson_Washington plusz kórház jail ideje 480 másodpercre nõtt (+180mp)
[18:59:42] Nelson_Washington fejen lõtte õt: Henry_Tomasino
[18:59:42] Nelson_Washington megölte Henry_Tomasino-t ezzel: MP5 - Pénz: 0Ft - Pos: 2262, -1022, 59
[18:59:42] Nelson_Washington plusz kórház jail ideje 660 másodpercre nõtt (+180mp)
[18:59:44] James_Creed plusz kórház jail ideje 120 másodpercre nõtt (+120mp)
[18:59:44] James_Creed lábon lõtte õt: Nelson_Washington
[18:59:44] James_Creed plusz kórház jail ideje 240 másodpercre nõtt (+120mp)
[18:59:44] James_Creed lábon lõtte õt: Nelson_Washington
[18:59:55] Denny_Toretto plusz kórház jail ideje 900 másodpercre nõtt (+120mp)
[18:59:55] Denny_Toretto lábon lõtte õt: James_Creed
[18:59:56] Denny_Toretto plusz kórház jail ideje 1020 másodpercre nõtt (+120mp)
[18:59:56] Denny_Toretto lábon lõtte õt: James_Creed
[19:03:31] Carlos_D_Surenos plusz kórház jail ideje 420 másodpercre nõtt (+120mp)
[19:03:31] Carlos_D_Surenos lábon lõtte õt: Leone_S_Tomasso
[19:07:10] Damien_Creed plusz kórház jail ideje 120 másodpercre nõtt (+120mp)
[19:07:10] Damien_Creed lábon lõtte õt: Patrick_Zecchin
[19:07:26] Antonn_Fedorov fejen lõtte õt: Zero_Hopkins
[19:07:26] Antonn_Fedorov megölte Zero_Hopkins-t ezzel: MP5 - Pénz: 0Ft - Pos: 2228, -1149, 1029
[19:07:26] Antonn_Fedorov plusz kórház jail ideje 180 másodpercre nõtt (+180mp)
[19:07:27] Antonn_Fedorov fejen lõtte õt: Pablo_Scaletta
[19:07:27] Antonn_Fedorov fejen lõtte õt: Pablo_Scaletta
[19:07:27] Antonn_Fedorov fejen lõtte õt: Mike_Scaletta
[19:07:27] Antonn_Fedorov fejen lõtte õt: Mike_Scaletta
[19:07:27] Antonn_Fedorov fejen lõtte õt: Philip_Skipper
[19:07:28] Antonn_Fedorov fejen lõtte õt: Costa_Miles
[19:07:28] Antonn_Fedorov megölte Costa_Miles-t ezzel: MP5 - Pénz: 83637Ft - Pos: 2226, -1152, 1029
[19:07:28] Antonn_Fedorov plusz kórház jail ideje 360 másodpercre nõtt (+180mp)
[19:07:32] Antonn_Fedorov fejen lõtte õt: Pablo_Scaletta
[19:07:32] Antonn_Fedorov fejen lõtte õt: Pablo_Scaletta
[19:07:32] Antonn_Fedorov fejen lõtte õt: Pablo_Scaletta
[19:09:02] Damien_Creed plusz kórház jail ideje 240 másodpercre nõtt (+120mp)
[19:09:02] Damien_Creed lábon lõtte õt: Shura_Sharma
[19:10:14] Joe_Gates plusz kórház jail ideje 960 másodpercre nõtt (+120mp)
[19:10:14] Joe_Gates lábon lõtte õt: Tom_Torres
[19:11:56] Tom_Zecchin plusz kórház jail ideje 120 másodpercre nõtt (+120mp)
[19:11:56] Tom_Zecchin lábon lõtte õt: Joe_Gates
[19:11:56] Tom_Zecchin plusz kórház jail ideje 240 másodpercre nõtt (+120mp)
[19:11:56] Tom_Zecchin lábon lõtte õt: Joe_Gates
[19:11:56] Tom_Zecchin plusz kórház jail ideje 360 másodpercre nõtt (+120mp)
[19:11:56] Tom_Zecchin lábon lõtte õt: Joe_Gates
[19:11:57] Tom_Zecchin plusz kórház jail ideje 480 másodpercre nõtt (+120mp)
[19:11:57] Tom_Zecchin lábon lõtte õt: Joe_Gates
[19:11:57] Tom_Zecchin megölte Joe_Gates-t ezzel: AK47 - Pénz: 256433Ft - Pos: 2238, -1150, 1029
[19:11:57] Tom_Zecchin plusz kórház jail ideje 660 másodpercre nõtt (+180mp)
[19:12:13] Tom_Zecchin plusz kórház jail ideje 780 másodpercre nõtt (+120mp)
[19:12:13] Tom_Zecchin lábon lõtte õt: Don_Sorrentino
[19:13:22] Henrik_T_Scaletta plusz kórház jail ideje 480 másodpercre nõtt (+120mp)
[19:13:22] Henrik_T_Scaletta lábon lõtte õt: Lucio_Zecchin
[19:13:22] Henrik_T_Scaletta plusz kórház jail ideje 600 másodpercre nõtt (+120mp)
[19:13:22] Henrik_T_Scaletta lábon lõtte õt: Lucio_Zecchin
[19:13:38] Tom_Zecchin plusz kórház jail ideje 900 másodpercre nõtt (+120mp)
[19:13:38] Tom_Zecchin lábon lõtte õt: Henrik_T_Scaletta
[19:14:29] Levi_R_Zecchin plusz kórház jail ideje 120 másodpercre nõtt (+120mp)
[19:14:29] Levi_R_Zecchin lábon lõtte õt: Valor_Colin
[19:16:33] Denny_Toretto sniperrel meglõtte õt: Damien_Creed
[19:18:50] Tom_Zecchin plusz kórház jail ideje 1020 másodpercre nõtt (+120mp)
[19:18:50] Tom_Zecchin lábon lõtte õt: Dan_B_Hollywood
[19:23:13] Kazuyoshi_Akira meghalt (-), oka: Leesett - Pénz: 5900Ft - Pos: 2428, -1670, 13
[19:23:14] Mark_B_Hollywood plusz kórház jail ideje 120 másodpercre nõtt (+120mp)
[19:23:14] Mark_B_Hollywood lábon lõtte õt: Levy_B_Hollywood
[19:23:30] Max_D_Freeman fejen lõtte õt: Mark_Bishop
[19:23:30] Max_D_Freeman megölte Mark_Bishop-t ezzel: MP5 - Pénz: 0Ft - Pos: 2302, -1652, 14
[19:23:30] Max_D_Freeman plusz kórház jail ideje 180 másodpercre nõtt (+180mp)
[19:24:36] Mark_B_Hollywood plusz kórház jail ideje 240 másodpercre nõtt (+120mp)
[19:24:36] Mark_B_Hollywood lábon lõtte õt: Mester_Csaba
[19:24:37] Mark_B_Hollywood plusz kórház jail ideje 360 másodpercre nõtt (+120mp)
[19:24:37] Mark_B_Hollywood lábon lõtte õt: Mester_Csaba
[19:25:08] Mark_B_Hollywood fejen lõtte õt: Mester_Csaba
[19:25:08] Mark_B_Hollywood megölte Mester_Csaba-t ezzel: MP5 - Pénz: 0Ft - Pos: 2317, -1653, 14
[19:25:08] Mark_B_Hollywood plusz kórház jail ideje 540 másodpercre nõtt (+180mp)
[19:25:48] Atsuya_D_Freeman plusz kórház jail ideje 120 másodpercre nõtt (+120mp)
[19:25:48] Atsuya_D_Freeman lábon lõtte õt: Max_D_Freeman
[19:25:55] Mark_B_Hollywood fejen lõtte õt: Horvath_Adrian
[19:25:55] Mark_B_Hollywood megölte Horvath_Adrian-t ezzel: MP5 - Pénz: 0Ft - Pos: 2230, -1594, 3
[19:25:55] Mark_B_Hollywood plusz kórház jail ideje 720 másodpercre nõtt (+180mp)
[19:26:08] Lorand_Vincenzo plusz kórház jail ideje 120 másodpercre nõtt (+120mp)
[19:26:08] Lorand_Vincenzo lábon lõtte õt: Atsuya_D_Freeman
[19:26:09] Lorand_Vincenzo plusz kórház jail ideje 240 másodpercre nõtt (+120mp)
[19:26:09] Lorand_Vincenzo lábon lõtte õt: Atsuya_D_Freeman
[19:26:12] George_B_Hollywood plusz kórház jail ideje 960 másodpercre nõtt (+120mp)
[19:26:12] George_B_Hollywood lábon lõtte õt: Victor_Jr_Zecchin
[19:26:12] George_B_Hollywood plusz kórház jail ideje 1080 másodpercre nõtt (+120mp)
[19:26:12] George_B_Hollywood lábon lõtte õt: Victor_Jr_Zecchin
[19:26:13] George_B_Hollywood plusz kórház jail ideje 1200 másodpercre nõtt (+120mp)
[19:26:13] George_B_Hollywood lábon lõtte õt: Victor_Jr_Zecchin
[19:26:13] George_B_Hollywood plusz kórház jail ideje 1320 másodpercre nõtt (+120mp)
[19:26:13] George_B_Hollywood lábon lõtte õt: Victor_Jr_Zecchin
[19:26:22] George_B_Hollywood megölte Victor_Jr_Zecchin-t ezzel: MP5 - Pénz: 0Ft - Pos: 2220, -1601, 15
[19:26:22] George_B_Hollywood plusz kórház jail ideje 1500 másodpercre nõtt (+180mp)
[19:38:45] Tom_Zecchin plusz kórház jail ideje 1140 másodpercre nõtt (+120mp)
[19:38:45] Tom_Zecchin lábon lõtte õt: Kevin_S_Tomasso
[19:38:55] Levi_R_Zecchin plusz kórház jail ideje 240 másodpercre nõtt (+120mp)
[19:38:55] Levi_R_Zecchin lábon lõtte õt: Leone_S_Tomasso
[19:38:55] Levi_R_Zecchin plusz kórház jail ideje 360 másodpercre nõtt (+120mp)
[19:38:55] Levi_R_Zecchin lábon lõtte õt: Leone_S_Tomasso
[19:39:06] Sidney_Tribiani sniperrel meglõtte õt: Don_Sorrentino
[19:39:25] Dan_B_Hollywood sniperrel meglõtte õt: Diaz_Freeman
[19:40:13] Victor_Jr_Zecchin fejen lõtte õt: Lorand_Vincenzo
[19:40:13] Victor_Jr_Zecchin megölte Lorand_Vincenzo-t ezzel: MP5 - Pénz: 28296Ft - Pos: 2590, -1707, 1
[19:40:13] Victor_Jr_Zecchin plusz kórház jail ideje 180 másodpercre nõtt (+180mp)
[19:41:06] George_B_Hollywood fejen lõtte õt: Victor_Jr_Zecchin
[19:41:06] George_B_Hollywood megölte Victor_Jr_Zecchin-t ezzel: MP5 - Pénz: 0Ft - Pos: 2570, -1760, 1
[19:41:06] George_B_Hollywood plusz kórház jail ideje 1680 másodpercre nõtt (+180mp)
[19:41:10] Atsuya_D_Freeman plusz kórház jail ideje 240 másodpercre nõtt (+120mp)
[19:41:10] Atsuya_D_Freeman lábon lõtte õt: Max_D_Freeman
[19:41:14] Diaz_Freeman meghalt (NPC_Buszsofor_LS), oka: Autó | Lehet, hogy Don_Sorrentino ölte meg, mert a közelben volt - Pénz: -600000F
[19:41:14] Atsuya_D_Freeman plusz kórház jail ideje 360 másodpercre nõtt (+120mp)
[19:41:14] Atsuya_D_Freeman lábon lõtte õt: Kazuyoshi_Akira
[19:41:36] Atsuya_D_Freeman fejen lõtte õt: Joe_Surenos
[19:41:36] Atsuya_D_Freeman fejen lõtte õt: Joe_Surenos
[19:41:36] Atsuya_D_Freeman megölte Joe_Surenos-t ezzel: MP5 - Pénz: 0Ft - Pos: 2510, -1625, 17
[19:41:36] Atsuya_D_Freeman plusz kórház jail ideje 540 másodpercre nõtt (+180mp)
[19:41:38] Levi_R_Zecchin plusz kórház jail ideje 480 másodpercre nõtt (+120mp)
[19:41:38] Levi_R_Zecchin lábon lõtte õt: Nelson_Washington
[19:41:38] Sidney_Tribiani sniperrel meglõtte õt: Nelson_Washington
[19:41:55] Horvath_Adrian fejen lõtte õt: Johny_Morales
[19:41:55] Horvath_Adrian megölte Johny_Morales-t ezzel: MP5 - Pénz: 212949Ft - Pos: 2524, -1678, 19
[19:41:55] Horvath_Adrian plusz kórház jail ideje 180 másodpercre nõtt (+180mp)
[19:42:08] Jason_Toretto fejen lõtte õt: Damien_Creed
[19:42:08] Jason_Toretto megölte Damien_Creed-t ezzel: M4 - Pénz: 0Ft - Pos: 1501, -1171, 24
[19:42:08] Jason_Toretto plusz kórház jail ideje 180 másodpercre nõtt (+180mp)
[19:42:28] Ryder_B_Dueno plusz kórház jail ideje 300 másodpercre nõtt (+120mp)
[19:42:28] Ryder_B_Dueno lábon lõtte õt: Atsuya_D_Freeman
[19:42:31] Ryder_B_Dueno fejen lõtte õt: Atsuya_D_Freeman
[19:42:31] Ryder_B_Dueno megölte Atsuya_D_Freeman-t ezzel: MP5 - Pénz: 0Ft - Pos: 2524, -1718, 13
[19:42:31] Ryder_B_Dueno plusz kórház jail ideje 480 másodpercre nõtt (+180mp)
[19:42:31] Ryder_B_Dueno fejen lõtte õt: Atsuya_D_Freeman
[19:42:31] Ryder_B_Dueno fejen lõtte õt: Atsuya_D_Freeman
[19:42:39] Horvath_Adrian plusz kórház jail ideje 300 másodpercre nõtt (+120mp)
[19:42:39] Horvath_Adrian lábon lõtte õt: Ernesto_Surenos
[19:42:40] Horvath_Adrian plusz kórház jail ideje 420 másodpercre nõtt (+120mp)
[19:42:40] Horvath_Adrian lábon lõtte õt: Ernesto_Surenos
[19:42:45] Mark_B_Hollywood plusz kórház jail ideje 840 másodpercre nõtt (+120mp)
[19:42:45] Mark_B_Hollywood lábon lõtte õt: Horvath_Adrian
[19:42:46] Mark_B_Hollywood fejen lõtte õt: Horvath_Adrian
[19:42:46] Mark_B_Hollywood megölte Horvath_Adrian-t ezzel: MP5 - Pénz: 0Ft - Pos: 2488, -1722, 18
[19:42:46] Mark_B_Hollywood plusz kórház jail ideje 1020 másodpercre nõtt (+180mp)
[19:45:42] Sidney_Tribiani plusz kórház jail ideje 120 másodpercre nõtt (+120mp)
[19:45:42] Sidney_Tribiani lábon lõtte õt: Henrik_T_Scaletta
[19:46:15] Tom_Torres fejen lõtte õt: Jason_Toretto
[19:46:15] Tom_Torres megölte Jason_Toretto-t ezzel: AK47 - Pénz: 0Ft - Pos: 1498, -1203, 23
[19:46:15] Tom_Torres plusz kórház jail ideje 180 másodpercre nõtt (+180mp)
[19:51:24] Sidney_Tribiani plusz kórház jail ideje 240 másodpercre nõtt (+120mp)
[19:51:24] Sidney_Tribiani lábon lõtte õt: Brandon_Toretto
[19:51:25] Sidney_Tribiani plusz kórház jail ideje 360 másodpercre nõtt (+120mp)
[19:51:25] Sidney_Tribiani lábon lõtte õt: Brandon_Toretto
[19:51:25] Sidney_Tribiani plusz kórház jail ideje 480 másodpercre nõtt (+120mp)
[19:51:25] Sidney_Tribiani lábon lõtte õt: Brandon_Toretto
[19:51:25] Sidney_Tribiani plusz kórház jail ideje 600 másodpercre nõtt (+120mp)
[19:51:25] Sidney_Tribiani lábon lõtte õt: Brandon_Toretto
[19:51:25] Sidney_Tribiani plusz kórház jail ideje 720 másodpercre nõtt (+120mp)
[19:51:25] Sidney_Tribiani lábon lõtte õt: Brandon_Toretto
[19:51:25] Sidney_Tribiani plusz kórház jail ideje 840 másodpercre nõtt (+120mp)
[19:51:25] Sidney_Tribiani lábon lõtte õt: Brandon_Toretto
[19:51:47] Joe_Gates plusz kórház jail ideje 120 másodpercre nõtt (+120mp)
[19:51:47] Joe_Gates lábon lõtte õt: Lorand_Vincenzo
[19:52:31] Frank_Smatt fejen lõtte õt: Dom_Wheeler
[19:52:31] Frank_Smatt megölte Dom_Wheeler-t ezzel: MP5 - Pénz: 600Ft - Pos: 1059, -1265, 13
[19:52:31] Frank_Smatt plusz kórház jail ideje 1380 másodpercre nõtt (+180mp)
[19:55:23] Dan_B_Hollywood sniperrel meglõtte õt: Tom_Zecchin
[19:55:25] Joe_Gates plusz kórház jail ideje 240 másodpercre nõtt (+120mp)
[19:55:25] Joe_Gates lábon lõtte õt: Carlos_D_Surenos
[19:55:27] Kevin_S_Tomasso plusz kórház jail ideje 120 másodpercre nõtt (+120mp)
[19:55:27] Kevin_S_Tomasso lábon lõtte õt: Carlos_D_Surenos
[19:55:28] Kevin_S_Tomasso megölte Carlos_D_Surenos-t ezzel: M4 - Pénz: 0Ft - Pos: 2193, -1761, 16
[19:55:28] Kevin_S_Tomasso plusz kórház jail ideje 300 másodpercre nõtt (+180mp)
[19:55:30] Dan_B_Hollywood sniperrel meglõtte õt: Tom_Zecchin
[19:57:04] Dan_B_Hollywood fejen lõtte õt: Ventura_Zecchin
[19:57:04] Dan_B_Hollywood megölte Ventura_Zecchin-t ezzel: M4 - Pénz: 0Ft - Pos: 2124, -1779, 13
[19:57:04] Dan_B_Hollywood plusz kórház jail ideje 180 másodpercre nõtt (+180mp)
[19:58:21] Dan_B_Hollywood sniperrel meglõtte õt: Max_D_Freeman
[19:58:25] Dan_B_Hollywood sniperrel meglõtte õt: Max_D_Freeman
[19:58:25] Dan_B_Hollywood megölte Max_D_Freeman-t ezzel: Sniper - Pénz: 19968Ft - Pos: 2222, -1746, 13
[19:58:25] Dan_B_Hollywood plusz kórház jail ideje 360 másodpercre nõtt (+180mp)
[19:58:57] Dan_B_Hollywood sniperrel meglõtte õt: Sidney_Tribiani
[20:00:54] Dan_B_Hollywood sniperrel meglõtte õt: Stefan_D_Zecchin
[20:03:25] Lucio_Zecchin sniperrel meglõtte õt: Stefan_D_Zecchin
[20:03:26] Lucio_Zecchin megölte Stefan_D_Zecchin-t ezzel: Sniper - Pénz: 0Ft - Pos: 2195, -1764, 16
[20:03:26] Lucio_Zecchin plusz kórház jail ideje 4320 másodpercre nõtt (+180mp)
[20:03:29] Denny_Toretto sniperrel meglõtte õt: James_Creed
[20:03:44] Denny_Toretto sniperrel meglõtte õt: Damien_Creed
[20:05:52] George_B_Hollywood fejen lõtte õt: Szekely_Klara
[20:05:52] George_B_Hollywood megölte Szekely_Klara-t ezzel: MP5 - Pénz: 0Ft - Pos: -329, -281, 9
[20:05:52] George_B_Hollywood plusz kórház jail ideje 1860 másodpercre nõtt (+180mp)
[20:05:52] George_B_Hollywood fejen lõtte õt: Szekely_Klara
[20:05:53] George_B_Hollywood fejen lõtte õt: Frank_Smatt
[20:05:53] George_B_Hollywood megölte Frank_Smatt-t ezzel: MP5 - Pénz: 0Ft - Pos: -326, -281, 8
[20:05:53] George_B_Hollywood plusz kórház jail ideje 2040 másodpercre nõtt (+180mp)
[20:15:16] Horvath_Adrian meghalt (-), oka: Leesett - Pénz: 0Ft - Pos: 2523, -1683, 19
[20:33:00] Atsuya_D_Freeman meghalt (-), oka: Leesett - Pénz: 0Ft - Pos: -1608, 676, 8
[20:33:37] Victor_Jr_Zecchin meghalt (-), oka: Leesett - Pénz: 0Ft - Pos: -1566, 680, 8
[20:56:24] Dan_B_Hollywood meghalt (-), oka: Leesett - Pénz: 0Ft - Pos: 1822, -1293, 133
[20:56:24] Kevin_S_Tomasso meghalt (-), oka: Leesett - Pénz: 0Ft - Pos: 1823, -1294, 133
[20:57:23] Nagato_Brasco fejen lõtte õt: Bruce_Inferno
[20:57:23] Nagato_Brasco megölte Bruce_Inferno-t ezzel: M4 - Pénz: 0Ft - Pos: 2615, -2512, 13
[20:57:23] Nagato_Brasco plusz kórház jail ideje 180 másodpercre nõtt (+180mp)
[21:02:27] Dan_B_Hollywood plusz kórház jail ideje 120 másodpercre nõtt (+120mp)
[21:02:27] Dan_B_Hollywood lábon lõtte õt: Carlos_D_Surenos
[21:02:27] Kevin_S_Tomasso plusz kórház jail ideje 120 másodpercre nõtt (+120mp)
[21:02:27] Kevin_S_Tomasso lábon lõtte õt: Carlos_D_Surenos
[21:04:55] Tom_Zecchin sniperrel meglõtte õt: Ralf_S_Tomasso
[21:05:11] Tom_Zecchin sniperrel meglõtte õt: Dan_B_Hollywood
[21:05:16] Tom_Zecchin sniperrel meglõtte õt: Ralf_S_Tomasso
[21:12:04] Denny_Toretto fejen lõtte õt: Lily_Miles
[21:12:04] Denny_Toretto megölte Lily_Miles-t ezzel: M4 - Pénz: 0Ft - Pos: 1792, -1280, 13
[21:12:04] Denny_Toretto plusz kórház jail ideje 1200 másodpercre nõtt (+180mp)
[21:14:25] Ralf_S_Tomasso plusz kórház jail ideje 120 másodpercre nõtt (+120mp)
[21:14:25] Ralf_S_Tomasso lábon lõtte õt: Levi_R_Zecchin
[21:14:25] Ralf_S_Tomasso plusz kórház jail ideje 240 másodpercre nõtt (+120mp)
[21:14:25] Ralf_S_Tomasso lábon lõtte õt: Tom_Zecchin
[21:14:26] Ralf_S_Tomasso plusz kórház jail ideje 360 másodpercre nõtt (+120mp)
[21:14:26] Ralf_S_Tomasso lábon lõtte õt: Tom_Zecchin
[21:14:26] Ralf_S_Tomasso megölte Tom_Zecchin-t ezzel: M4 - Pénz: 0Ft - Pos: 1454, 1588, 15
[21:14:26] Ralf_S_Tomasso plusz kórház jail ideje 540 másodpercre nõtt (+180mp)
[21:15:01] Kevin_S_Tomasso fejen lõtte õt: Lucio_Zecchin
[21:15:01] Kevin_S_Tomasso megölte Lucio_Zecchin-t ezzel: M4 - Pénz: 78000Ft - Pos: 1816, -2056, 13
[21:15:01] Kevin_S_Tomasso plusz kórház jail ideje 300 másodpercre nõtt (+180mp)
[21:26:11] Tom_Strike meghalt (-), oka: Leesett - Pénz: 95491Ft - Pos: -1766, -613, 16
[21:27:42] Kevin_S_Tomasso fejen lõtte õt: Calvin_C_Broadus
[21:27:42] Kevin_S_Tomasso megölte Calvin_C_Broadus-t ezzel: M4 - Pénz: 19832Ft - Pos: 2720, -1186, 69
[21:27:42] Kevin_S_Tomasso plusz kórház jail ideje 480 másodpercre nõtt (+180mp)
[21:28:30] Ralf_S_Tomasso plusz kórház jail ideje 660 másodpercre nõtt (+120mp)
[21:28:30] Ralf_S_Tomasso lábon lõtte õt: Bryan_B_Hollywood
[21:30:42] Ralf_S_Tomasso fejen lõtte õt: Georg_B_Hollywood
[21:30:42] Ralf_S_Tomasso megölte Georg_B_Hollywood-t ezzel: Sniper - Pénz: 0Ft - Pos: 2712, -1742, 42
[21:30:42] Ralf_S_Tomasso plusz kórház jail ideje 840 másodpercre nõtt (+180mp)
[21:30:42] Jason_Toretto fejen lõtte õt: Max_Navarro
[21:30:42] Jason_Toretto megölte Max_Navarro-t ezzel: M4 - Pénz: 0Ft - Pos: 2817, -1660, 10
[21:30:42] Jason_Toretto plusz kórház jail ideje 180 másodpercre nõtt (+180mp)
[21:30:44] Wolczyk_T_Sorrentino meghalt (-), oka: Leesett - Pénz: 145350Ft - Pos: 2801, -1656, 10
[21:32:13] Stefan_D_Zecchin fejen lõtte õt: Jason_Toretto
[21:32:13] Stefan_D_Zecchin megölte Jason_Toretto-t ezzel: MP5 - Pénz: 0Ft - Pos: 2512, -1729, 778
[21:32:13] Stefan_D_Zecchin plusz kórház jail ideje 180 másodpercre nõtt (+180mp)
[21:32:14] Stefan_D_Zecchin fejen lõtte õt: Ralf_S_Tomasso
[21:32:14] Stefan_D_Zecchin fejen lõtte õt: Ralf_S_Tomasso
[21:32:14] Stefan_D_Zecchin fejen lõtte õt: Ralf_S_Tomasso
[21:32:15] Stefan_D_Zecchin fejen lõtte õt: Ralf_S_Tomasso
[21:32:15] Stefan_D_Zecchin fejen lõtte õt: Ralf_S_Tomasso
[21:32:15] Stefan_D_Zecchin fejen lõtte õt: Ralf_S_Tomasso
[21:32:40] Jin_Sorrentino fejen lõtte õt: Leon_Toretto
[21:36:13] William_Cortez fejen lõtte õt: Georg_B_Hollywood
[21:36:13] William_Cortez megölte Georg_B_Hollywood-t ezzel: MP5 - Pénz: 0Ft - Pos: 1270, -949, 41
[21:36:13] William_Cortez plusz kórház jail ideje 180 másodpercre nõtt (+180mp)
[21:38:29] Jin_Sorrentino plusz kórház jail ideje 240 másodpercre nõtt (+120mp)
[21:38:29] Jin_Sorrentino lábon lõtte õt: Pablo_S_Carcassone
[21:38:30] Jin_Sorrentino plusz kórház jail ideje 360 másodpercre nõtt (+120mp)
[21:38:30] Jin_Sorrentino lábon lõtte õt: Pablo_S_Carcassone
[21:43:49] Matt_Creed sniperrel meglõtte õt: Wolczyk_T_Sorrentino
[21:44:43] Krist_Roscoe sniperrel meglõtte õt: Max_Navarro
[21:46:15] Tyler_Wish plusz kórház jail ideje 120 másodpercre nõtt (+120mp)
[21:46:15] Tyler_Wish lábon lõtte õt: Horvath_Adrian
[21:55:31] Horvath_Adrian fejen lõtte õt: Tyler_Wish
[21:55:31] Horvath_Adrian megölte Tyler_Wish-t ezzel: MP5 - Pénz: 0Ft - Pos: 1930, -2436, 13
[21:55:31] Horvath_Adrian plusz kórház jail ideje 180 másodpercre nõtt (+180mp)
[22:16:32] Santos_O_Neill meghalt (-), oka: Leesett - Pénz: 0Ft - Pos: -2003, 74, 27
[22:20:11] Don_Sorrentino fejen lõtte õt: Horvath_Adrian
[22:20:11] Don_Sorrentino megölte Horvath_Adrian-t ezzel: M4 - Pénz: 0Ft - Pos: -2723, -109, 5
[22:20:11] Don_Sorrentino plusz kórház jail ideje 360 másodpercre nõtt (+180mp)
[22:20:26] Harold_G_Freeman plusz kórház jail ideje 120 másodpercre nõtt (+120mp)
[22:20:26] Harold_G_Freeman lábon lõtte õt: Nick_R_Wilson
[22:24:09] Marcel_B_Hollywood plusz kórház jail ideje 420 másodpercre nõtt (+120mp)
[22:24:09] Marcel_B_Hollywood lábon lõtte õt: Tyler_Wish
[22:24:09] Joshue_White megölte Tyler_Wish-t ezzel: MP5 - Pénz: 0Ft - Pos: -50, 1403, 1084
[22:24:09] Joshue_White plusz kórház jail ideje 360 másodpercre nõtt (+180mp)
[22:24:20] Marcel_B_Hollywood fejen lõtte õt: Joshue_White
[22:24:20] Marcel_B_Hollywood megölte Joshue_White-t ezzel: M4 - Pénz: 0Ft - Pos: -38, 1409, 1084
[22:24:20] Marcel_B_Hollywood plusz kórház jail ideje 600 másodpercre nõtt (+180mp)
[22:27:15] Levy_B_Hollywood plusz kórház jail ideje 120 másodpercre nõtt (+120mp)
[22:27:15] Levy_B_Hollywood lábon lõtte õt: Jin_Sorrentino
[22:27:31] Levy_B_Hollywood fejen lõtte õt: Harold_G_Freeman
[22:27:31] Levy_B_Hollywood megölte Harold_G_Freeman-t ezzel: MP5 - Pénz: 2457Ft - Pos: -2699, -95, 3
[22:27:31] Levy_B_Hollywood plusz kórház jail ideje 300 másodpercre nõtt (+180mp)
[22:27:51] Levy_B_Hollywood plusz kórház jail ideje 420 másodpercre nõtt (+120mp)
[22:27:51] Levy_B_Hollywood lábon lõtte õt: Usate_Krukenberg
[22:27:51] Levy_B_Hollywood plusz kórház jail ideje 540 másodpercre nõtt (+120mp)
[22:27:51] Levy_B_Hollywood lábon lõtte õt: Usate_Krukenberg
[22:27:51] Levy_B_Hollywood plusz kórház jail ideje 660 másodpercre nõtt (+120mp)
[22:27:51] Levy_B_Hollywood lábon lõtte õt: Usate_Krukenberg
[22:28:21] Jason_B_Hollywood plusz kórház jail ideje 120 másodpercre nõtt (+120mp)
[22:28:21] Jason_B_Hollywood lábon lõtte õt: Don_Sorrentino
[22:30:15] Henrik_T_Scaletta fejen lõtte õt: Jason_B_Hollywood
[22:30:15] Henrik_T_Scaletta megölte Jason_B_Hollywood-t ezzel: M4 - Pénz: 0Ft - Pos: -2692, -120, 4
[22:30:15] Henrik_T_Scaletta plusz kórház jail ideje 780 másodpercre nõtt (+180mp)
[22:30:30] Levy_B_Hollywood plusz kórház jail ideje 780 másodpercre nõtt (+120mp)
[22:30:30] Levy_B_Hollywood lábon lõtte õt: Henrik_T_Scaletta
[22:36:34] Sergei_B_Dueno plusz kórház jail ideje 300 másodpercre nõtt (+120mp)
[22:36:34] Sergei_B_Dueno lábon lõtte õt: Nick_Vitale
[22:36:51] William_Cortez plusz kórház jail ideje 300 másodpercre nõtt (+120mp)
[22:36:51] William_Cortez lábon lõtte õt: Sergei_B_Dueno
[22:37:26] William_Cortez plusz kórház jail ideje 420 másodpercre nõtt (+120mp)
[22:37:26] William_Cortez lábon lõtte õt: Ryder_B_Dueno
[22:52:37] Marcel_B_Hollywood fejen lõtte õt: Jason_B_Hollywood
[22:52:37] Marcel_B_Hollywood megölte Jason_B_Hollywood-t ezzel: M4 - Pénz: 1567Ft - Pos: 1338, -1861, 13
[22:52:37] Marcel_B_Hollywood plusz kórház jail ideje 780 másodpercre nõtt (+180mp)
[22:52:38] Marcel_B_Hollywood fejen lõtte õt: Levy_B_Hollywood
[22:52:38] Marcel_B_Hollywood megölte Levy_B_Hollywood-t ezzel: M4 - Pénz: 97522Ft - Pos: 1334, -1860, 13
[22:52:38] Marcel_B_Hollywood plusz kórház jail ideje 960 másodpercre nõtt (+180mp)
[22:58:10] Nick_Vitale fejen lõtte õt: Sergei_B_Dueno
[22:58:10] Nick_Vitale megölte Sergei_B_Dueno-t ezzel: MP5 - Pénz: 0Ft - Pos: 2244, -1184, 1029
[22:58:10] Nick_Vitale plusz kórház jail ideje 180 másodpercre nõtt (+180mp)
[22:58:10] Nick_Vitale fejen lõtte õt: Sergei_B_Dueno
[22:58:39] Nick_Vitale plusz kórház jail ideje 300 másodpercre nõtt (+120mp)
[22:58:39] Nick_Vitale lábon lõtte õt: Marcel_B_Hollywood
[22:59:03] William_Cortez plusz kórház jail ideje 540 másodpercre nõtt (+120mp)
[22:59:03] William_Cortez lábon lõtte õt: Nelson_Washington
[23:00:04] Georg_B_Hollywood fejen lõtte õt: Adele_Scaletta
[23:00:04] Georg_B_Hollywood megölte Adele_Scaletta-t ezzel: MP5 - Pénz: 0Ft - Pos: 2237, -1151, 1029
[23:00:04] Georg_B_Hollywood plusz kórház jail ideje 180 másodpercre nõtt (+180mp)
[23:00:04] Georg_B_Hollywood fejen lõtte õt: Adele_Scaletta
[23:03:27] William_Cortez plusz kórház jail ideje 660 másodpercre nõtt (+120mp)
[23:03:27] William_Cortez lábon lõtte õt: Don_Sorrentino
[23:04:15] Jason_Toretto fejen lõtte õt: Envy_Corleone
[23:04:15] Jason_Toretto megölte Envy_Corleone-t ezzel: Combat - Pénz: 0Ft - Pos: 2221, -1145, 1025
[23:04:15] Jason_Toretto plusz kórház jail ideje 180 másodpercre nõtt (+180mp)
[23:05:20] Max_Navarro fejen lõtte õt: Nelson_Washington
[23:05:20] Max_Navarro megölte Nelson_Washington-t ezzel: MP5 - Pénz: 44614Ft - Pos: 2221, -1144, 1025
[23:05:20] Max_Navarro plusz kórház jail ideje 180 másodpercre nõtt (+180mp)
[23:05:20] Max_Navarro fejen lõtte õt: Nelson_Washington
[23:05:26] Max_Navarro plusz kórház jail ideje 300 másodpercre nõtt (+120mp)
[23:05:26] Max_Navarro lábon lõtte õt: Jason_Toretto
[23:05:27] Max_Navarro plusz kórház jail ideje 420 másodpercre nõtt (+120mp)
[23:05:27] Max_Navarro lábon lõtte õt: Jason_Toretto
[23:05:37] Nick_Vitale plusz kórház jail ideje 420 másodpercre nõtt (+120mp)
[23:05:37] Nick_Vitale lábon lõtte õt: Jin_Sorrentino
[23:05:37] Nick_Vitale plusz kórház jail ideje 540 másodpercre nõtt (+120mp)
[23:05:37] Nick_Vitale lábon lõtte õt: Jin_Sorrentino
[23:05:38] William_Cortez plusz kórház jail ideje 780 másodpercre nõtt (+120mp)
[23:05:38] William_Cortez lábon lõtte õt: Jin_Sorrentino
[23:05:38] William_Cortez plusz kórház jail ideje 900 másodpercre nõtt (+120mp)
[23:05:38] William_Cortez lábon lõtte õt: Jin_Sorrentino
[23:06:06] William_Cortez fejen lõtte õt: Jason_Toretto
[23:06:06] William_Cortez megölte Jason_Toretto-t ezzel: M4 - Pénz: 0Ft - Pos: 2227, -1149, 1029
[23:06:06] William_Cortez plusz kórház jail ideje 1080 másodpercre nõtt (+180mp)
[23:06:12] William_Cortez megölte Max_Navarro-t ezzel: M4 - Pénz: 0Ft - Pos: 2228, -1148, 1029
[23:06:12] William_Cortez plusz kórház jail ideje 1260 másodpercre nõtt (+180mp)
[23:12:42] Matt_Creed fejen lõtte õt: Georg_B_Hollywood
[23:12:42] Matt_Creed megölte Georg_B_Hollywood-t ezzel: AK47 - Pénz: 0Ft - Pos: 2232, -1150, 25
[23:12:42] Matt_Creed plusz kórház jail ideje 180 másodpercre nõtt (+180mp)
[23:17:49] Nick_Vitale plusz kórház jail ideje 660 másodpercre nõtt (+120mp)
[23:17:49] Nick_Vitale lábon lõtte õt: Matt_Creed
[23:17:50] Nick_Vitale plusz kórház jail ideje 780 másodpercre nõtt (+120mp)
[23:17:50] Nick_Vitale lábon lõtte õt: Matt_Creed
[23:24:18] Marcel_B_Hollywood plusz kórház jail ideje 1080 másodpercre nõtt (+120mp)
[23:24:18] Marcel_B_Hollywood lábon lõtte õt: Jason_B_Hollywood
[23:24:18] Marcel_B_Hollywood plusz kórház jail ideje 1200 másodpercre nõtt (+120mp)
[23:24:18] Marcel_B_Hollywood lábon lõtte õt: Levy_B_Hollywood
[23:24:19] Marcel_B_Hollywood plusz kórház jail ideje 1320 másodpercre nõtt (+120mp)
[23:24:19] Marcel_B_Hollywood lábon lõtte õt: Levy_B_Hollywood
[23:34:44] Torres_Butler meghalt (-), oka: Leesett - Pénz: 0Ft - Pos: 1350, -1269, 14
[23:38:41] Jin_Sorrentino plusz kórház jail ideje 480 másodpercre nõtt (+120mp)
[23:38:41] Jin_Sorrentino lábon lõtte õt: Levy_B_Hollywood
[23:51:24] William_Cortez plusz kórház jail ideje 1380 másodpercre nõtt (+120mp)
[23:51:24] William_Cortez lábon lõtte õt: Henrik_T_Scaletta
