[00:02:05] Valor_Colin plusz kórház jail ideje 300 másodpercre nõtt (+120mp)
[00:02:05] Valor_Colin lábon lõtte õt: Dominic_Vincenzo
[00:02:05] Valor_Colin megölte Dominic_Vincenzo-t ezzel: AK47 - Pénz: 0Ft - Pos: -1227, -784, 64
[00:02:05] Valor_Colin plusz kórház jail ideje 480 másodpercre nõtt (+180mp)
[00:07:37] Valor_Colin fejen lõtte õt: Jefferson_B_Black
[00:07:37] Valor_Colin megölte Jefferson_B_Black-t ezzel: AK47 - Pénz: 0Ft - Pos: -1178, -819, 65
[00:07:37] Valor_Colin plusz kórház jail ideje 660 másodpercre nõtt (+180mp)
[00:18:55] Leone_S_Tomasso plusz kórház jail ideje 360 másodpercre nõtt (+120mp)
[00:18:55] Leone_S_Tomasso lábon lõtte õt: Felix_Wheeler
[00:18:56] Daniel_Scaletta fejen lõtte õt: Steve_Aoki
[00:18:57] Daniel_Scaletta megölte Steve_Aoki-t ezzel: M4 - Pénz: 0Ft - Pos: 2170, 1603, 999
[00:18:57] Daniel_Scaletta plusz kórház jail ideje 840 másodpercre nõtt (+180mp)
[00:19:13] Leone_S_Tomasso fejen lõtte õt: Felix_Wheeler
[00:19:13] Leone_S_Tomasso megölte Felix_Wheeler-t ezzel: M4 - Pénz: 633195Ft - Pos: 2170, 1601, 999
[00:19:13] Leone_S_Tomasso plusz kórház jail ideje 540 másodpercre nõtt (+180mp)
[00:29:09] Sidney_Tribiani fejen lõtte õt: James_D_Freeman
[00:29:09] Sidney_Tribiani megölte James_D_Freeman-t ezzel: MP5 - Pénz: 0Ft - Pos: 2250, -1737, 13
[00:29:09] Sidney_Tribiani plusz kórház jail ideje 180 másodpercre nõtt (+180mp)
[00:29:09] Sidney_Tribiani fejen lõtte õt: Tyler_Wish
[00:29:09] Sidney_Tribiani megölte Tyler_Wish-t ezzel: MP5 - Pénz: 0Ft - Pos: 2250, -1737, 13
[00:29:09] Sidney_Tribiani plusz kórház jail ideje 360 másodpercre nõtt (+180mp)
[00:29:09] Sidney_Tribiani fejen lõtte õt: Tyler_Wish
[00:33:50] Sidney_Tribiani fejen lõtte õt: Elwood_JR_Sorrentino
[08:14:42] Edie_Morra meghalt (-), oka: Megfulladt - Pénz: 0Ft - Pos: -1427, 635, -12
[08:38:14] Edie_Morra plusz kórház jail ideje 120 másodpercre nõtt (+120mp)
[08:38:14] Edie_Morra lábon lõtte õt: Thomas_Berzerk
[08:38:14] Edie_Morra plusz kórház jail ideje 240 másodpercre nõtt (+120mp)
[08:38:14] Edie_Morra lábon lõtte õt: Thomas_Berzerk
[08:56:12] Edie_Morra fejen lõtte õt: Toth_Martin
[08:56:12] Edie_Morra megölte Toth_Martin-t ezzel: M4 - Pénz: 0Ft - Pos: -1561, 600, 7
[08:56:12] Edie_Morra plusz kórház jail ideje 420 másodpercre nõtt (+180mp)
[09:02:12] Edie_Morra fejen lõtte õt: Thomas_Berzerk
[09:02:12] Edie_Morra megölte Thomas_Berzerk-t ezzel: MP5 - Pénz: 0Ft - Pos: 222, 147, 1003
[09:02:12] Edie_Morra plusz kórház jail ideje 600 másodpercre nõtt (+180mp)
[09:06:13] Steve_J_Sorrentino plusz kórház jail ideje 120 másodpercre nõtt (+120mp)
[09:06:13] Steve_J_Sorrentino lábon lõtte õt: Joker_Creed
[10:14:21] Steve_J_Sorrentino plusz kórház jail ideje 240 másodpercre nõtt (+120mp)
[10:14:21] Steve_J_Sorrentino lábon lõtte õt: Nelson_Washington
[10:23:13] Steve_J_Sorrentino plusz kórház jail ideje 360 másodpercre nõtt (+120mp)
[10:23:13] Steve_J_Sorrentino lábon lõtte õt: Jin_Sorrentino
[10:23:14] Steve_J_Sorrentino megölte Jin_Sorrentino-t ezzel: Deagle - Pénz: 0Ft - Pos: 241, 165, 1003
[10:23:14] Steve_J_Sorrentino plusz kórház jail ideje 540 másodpercre nõtt (+180mp)
[10:33:52] Kevin_S_Tomasso meghalt (-), oka: Leesett - Pénz: 0Ft - Pos: 50, 50, 2
[11:00:03] Nelson_Washington plusz kórház jail ideje 120 másodpercre nõtt (+120mp)
[11:00:03] Nelson_Washington lábon lõtte õt: Tyler_Wish
[11:00:04] Nelson_Washington megölte Tyler_Wish-t ezzel: M4 - Pénz: 0Ft - Pos: -2475, 37, 29
[11:00:04] Nelson_Washington plusz kórház jail ideje 300 másodpercre nõtt (+180mp)
[11:00:05] Steve_J_Sorrentino fejen lõtte õt: James_D_Freeman
[11:00:05] Steve_J_Sorrentino megölte James_D_Freeman-t ezzel: M4 - Pénz: 0Ft - Pos: -2479, 38, 28
[11:00:05] Steve_J_Sorrentino plusz kórház jail ideje 720 másodpercre nõtt (+180mp)
[11:18:23] Antonn_Fedorov lábon lõtte õt: James_D_Ryan
[11:18:39] Antonn_Fedorov lábon lõtte õt: Max_D_Freeman
[11:19:14] Hugo_Toretto lábon lõtte õt: Blake_Browns
[11:19:14] Carlos_D_Surenos lábon lõtte õt: Joe_Surenos
[11:19:15] Fekete_Erik lábon lõtte õt: Hugo_Toretto
[11:19:20] Drew_B_Dueno lábon lõtte õt: Carlos_D_Surenos
[11:19:36] Tom_Zecchin lábon lõtte õt: Drew_B_Dueno
[11:20:33] Tom_Zecchin lábon lõtte õt: Fekete_Erik
[11:25:55] Pekano_S_Barett meghalt (-), oka: Leesett - Pénz: 7412Ft - Pos: 834, -997, 33
[11:55:13] Joe_Surenos sniperrel meglõtte õt: Hugo_Toretto
[11:55:14] George_B_Hollywood lábon lõtte õt: Antonn_Fedorov
[12:01:01] Tom_Zecchin fejen lõtte õt: George_B_Hollywood
[12:02:43] Tom_Zecchin lábon lõtte õt: Drew_B_Dueno
[12:05:19] Carlos_D_Surenos fejen lõtte õt: Max_D_Freeman
[12:05:24] Tom_Zecchin lábon lõtte õt: Fekete_Erik
[12:05:28] Tom_Zecchin lábon lõtte õt: Blake_Browns
[12:06:45] Markus_D_Zecchin lábon lõtte õt: Dave_R_Vincenzo
[12:06:52] Markus_D_Zecchin fejen lõtte õt: Carlos_D_Surenos
[12:07:11] James_D_Ryan lábon lõtte õt: Tom_Zecchin
[12:11:48] Kevin_S_Tomasso plusz kórház jail ideje 120 másodpercre nõtt (+120mp)
[12:11:48] Kevin_S_Tomasso lábon lõtte õt: Mester_Csaba
[12:11:49] Ralf_S_Tomasso plusz kórház jail ideje 1140 másodpercre nõtt (+120mp)
[12:11:49] Ralf_S_Tomasso lábon lõtte õt: Mester_Csaba
[12:11:49] Ralf_S_Tomasso plusz kórház jail ideje 1260 másodpercre nõtt (+120mp)
[12:11:49] Ralf_S_Tomasso lábon lõtte õt: Mester_Csaba
[12:25:32] Kevin_S_Tomasso fejen lõtte õt: Cody_Aciano
[12:25:32] Kevin_S_Tomasso megölte Cody_Aciano-t ezzel: M4 - Pénz: -500000Ft - Pos: -1798, -119, 5
[12:25:32] Kevin_S_Tomasso plusz kórház jail ideje 300 másodpercre nõtt (+180mp)
[12:33:51] Philip_Skipper meghalt (-), oka: Leesett - Pénz: 0Ft - Pos: -1725, 994, 37
[12:42:36] Thomas_Berzerk plusz kórház jail ideje 120 másodpercre nõtt (+120mp)
[12:42:36] Thomas_Berzerk lábon lõtte õt: Antonn_Fedorov
[12:42:37] Thomas_Berzerk plusz kórház jail ideje 240 másodpercre nõtt (+120mp)
[12:42:37] Thomas_Berzerk lábon lõtte õt: Antonn_Fedorov
[12:42:42] Paul_D_Cortez plusz kórház jail ideje 120 másodpercre nõtt (+120mp)
[12:42:42] Paul_D_Cortez lábon lõtte õt: Dominic_Vincenzo
[13:10:03] Valor_Colin plusz kórház jail ideje 780 másodpercre nõtt (+120mp)
[13:10:03] Valor_Colin lábon lõtte õt: Joker_Creed
[13:10:03] Valor_Colin plusz kórház jail ideje 900 másodpercre nõtt (+120mp)
[13:10:03] Valor_Colin lábon lõtte õt: Joker_Creed
[13:15:39] Paul_D_Cortez meghalt (-), oka: Leesett - Pénz: 0Ft - Pos: -2481, 178, 8
[13:43:11] Fekete_Erik meghalt (-), oka: Leesett - Pénz: 0Ft - Pos: -991, -155, 44
[13:53:51] Jake_Achard meghalt (-), oka: Leesett - Pénz: 0Ft - Pos: 1184, -1210, 19
[14:29:27] Mark_Bishop meghalt (-), oka: Leesett - Pénz: 0Ft - Pos: -1968, 555, 36
[14:29:46] Mate_Richard meghalt (NPC_Vonatsofor_LS_3), oka: Autó | Lehet, hogy Darthy_M_Stillenacht ölte meg, mert a közelben volt - Pénz:
[14:35:21] Martin_B_Zecchin fejen lõtte õt: Carlos_D_Surenos
[14:35:33] Markus_D_Zecchin lábon lõtte õt: Hugo_Toretto
[14:35:43] Tom_Zecchin lábon lõtte õt: Tom_D_Wayne
[14:35:48] Sidney_Tribiani lábon lõtte õt: Martin_B_Zecchin
[14:35:51] Tom_Zecchin lábon lõtte õt: Fekete_Erik
[14:35:56] Johan_B_Black lábon lõtte õt: James_Creed
[14:36:32] Markus_D_Zecchin fejen lõtte õt: Antonn_Fedorov
[14:36:47] Tom_Zecchin fejen lõtte õt: Markus_D_Zecchin
[14:36:51] Tom_Zecchin fejen lõtte õt: Johan_B_Black
[14:36:54] Torres_Butler lábon lõtte õt: Sidney_Tribiani
[14:36:55] Tom_Zecchin fejen lõtte õt: Chris_S_Black
[14:37:53] Johan_B_Black fejen lõtte õt: Torres_Butler
[14:37:56] Johan_B_Black megölte Torres_Butler-t ezzel: M4 - Pénz: 0Ft - Pos: -1349, 1480, -0
[14:37:56] Johan_B_Black plusz kórház jail ideje 180 másodpercre nõtt (+180mp)
[14:39:25] Sam_Witwicky meghalt (-), oka: Leesett - Pénz: 230256Ft - Pos: 1787, -1304, 16
[14:41:55] Greg_S_Sureyya meghalt (-), oka: Leesett - Pénz: 0Ft - Pos: -1914, -2479, 32
[14:44:23] Hugo_Toretto plusz kórház jail ideje 120 másodpercre nõtt (+120mp)
[14:44:23] Hugo_Toretto lábon lõtte õt: Tyler_Wish
[14:44:36] Hugo_Toretto plusz kórház jail ideje 240 másodpercre nõtt (+120mp)
[14:44:36] Hugo_Toretto lábon lõtte õt: Rick_Aciano
[14:45:14] Horvath_Adrian plusz kórház jail ideje 120 másodpercre nõtt (+120mp)
[14:45:14] Horvath_Adrian lábon lõtte õt: Hugo_Toretto
[14:47:33] Tom_Zecchin plusz kórház jail ideje 3900 másodpercre nõtt (+120mp)
[14:47:33] Tom_Zecchin lábon lõtte õt: Paul_D_Cortez
[14:47:34] Tom_Zecchin plusz kórház jail ideje 4020 másodpercre nõtt (+120mp)
[14:47:34] Tom_Zecchin lábon lõtte õt: Paul_D_Cortez
[14:47:35] Horvath_Adrian plusz kórház jail ideje 240 másodpercre nõtt (+120mp)
[14:47:35] Horvath_Adrian lábon lõtte õt: Tom_Zecchin
[14:47:55] Stevy_Camorra fejen lõtte õt: Sidney_Tribiani
[14:47:55] Stevy_Camorra megölte Sidney_Tribiani-t ezzel: MP5 - Pénz: 37000Ft - Pos: -1232, -761, 63
[14:47:55] Stevy_Camorra plusz kórház jail ideje 180 másodpercre nõtt (+180mp)
[14:48:03] Justin_Camorra fejen lõtte õt: Strong_D_Black
[14:48:03] Justin_Camorra megölte Strong_D_Black-t ezzel: MP5 - Pénz: 706Ft - Pos: -1216, -772, 63
[14:48:03] Justin_Camorra plusz kórház jail ideje 180 másodpercre nõtt (+180mp)
[14:49:02] Carlos_D_Surenos plusz kórház jail ideje 240 másodpercre nõtt (+120mp)
[14:49:02] Carlos_D_Surenos lábon lõtte õt: Horvath_Adrian
[14:49:03] Carlos_D_Surenos plusz kórház jail ideje 360 másodpercre nõtt (+120mp)
[14:49:03] Carlos_D_Surenos lábon lõtte õt: Horvath_Adrian
[14:49:03] Carlos_D_Surenos plusz kórház jail ideje 480 másodpercre nõtt (+120mp)
[14:49:03] Carlos_D_Surenos lábon lõtte õt: Horvath_Adrian
[14:49:07] Carlos_D_Surenos plusz kórház jail ideje 600 másodpercre nõtt (+120mp)
[14:49:07] Carlos_D_Surenos lábon lõtte õt: Thomas_Berzerk
[14:49:48] Antonn_Fedorov sniperrel meglõtte õt: Cristofer_Francesko
[14:51:51] Antonn_Fedorov sniperrel meglõtte õt: Mark_Bishop
[14:54:43] Stevy_Camorra fejen lõtte õt: Zero_Hopkins
[14:54:43] Stevy_Camorra megölte Zero_Hopkins-t ezzel: MP5 - Pénz: 0Ft - Pos: -295, -884, 46
[14:54:43] Stevy_Camorra plusz kórház jail ideje 360 másodpercre nõtt (+180mp)
[14:54:51] Stevy_Camorra fejen lõtte õt: Robert_Scaletta
[14:54:51] Stevy_Camorra megölte Robert_Scaletta-t ezzel: MP5 - Pénz: 0Ft - Pos: -299, -883, 46
[14:54:51] Stevy_Camorra plusz kórház jail ideje 540 másodpercre nõtt (+180mp)
[14:56:42] Tom_Zecchin fejen lõtte õt: Freddie_B_Scaletta
[14:56:42] Tom_Zecchin megölte Freddie_B_Scaletta-t ezzel: M4 - Pénz: 0Ft - Pos: -1881, 387, 19
[14:56:42] Tom_Zecchin plusz kórház jail ideje 4200 másodpercre nõtt (+180mp)
[14:58:11] Valor_Colin plusz kórház jail ideje 1020 másodpercre nõtt (+120mp)
[14:58:11] Valor_Colin lábon lõtte õt: Hugo_Toretto
[14:58:12] Valor_Colin plusz kórház jail ideje 1140 másodpercre nõtt (+120mp)
[14:58:12] Valor_Colin lábon lõtte õt: Hugo_Toretto
[14:58:18] Valor_Colin plusz kórház jail ideje 1260 másodpercre nõtt (+120mp)
[14:58:18] Valor_Colin lábon lõtte õt: Carlos_D_Surenos
[14:58:30] Dave_R_Vincenzo sniperrel meglõtte õt: Valor_Colin
[15:00:15] Joe_Gates fejen lõtte õt: Dominic_Vincenzo
[15:00:15] Joe_Gates megölte Dominic_Vincenzo-t ezzel: M4 - Pénz: 1800Ft - Pos: -1862, 404, 17
[15:00:15] Joe_Gates plusz kórház jail ideje 180 másodpercre nõtt (+180mp)
[15:00:29] Dave_R_Vincenzo sniperrel meglõtte õt: Henrik_T_Scaletta
[15:00:42] Dave_R_Vincenzo sniperrel meglõtte õt: Joe_Gates
[15:01:00] Akos_Vincenzo fejen lõtte õt: Natalia_Inferno
[15:01:00] Akos_Vincenzo megölte Natalia_Inferno-t ezzel: M4 - Pénz: 0Ft - Pos: -1739, 313, 7
[15:01:00] Akos_Vincenzo plusz kórház jail ideje 360 másodpercre nõtt (+180mp)
[15:01:28] Dave_R_Vincenzo sniperrel meglõtte õt: Paul_D_Cortez
[15:01:29] Dave_R_Vincenzo sniperrel meglõtte õt: Rick_Aciano
[15:01:30] Dave_R_Vincenzo megölte Rick_Aciano-t ezzel: Sniper - Pénz: 0Ft - Pos: -1997, 570, 34
[15:01:30] Dave_R_Vincenzo plusz kórház jail ideje 180 másodpercre nõtt (+180mp)
[15:02:48] Ryan_Lennox sniperrel meglõtte õt: Dave_R_Vincenzo
[15:08:25] Marcell_O_Neill fejen lõtte õt: Cristofer_Francesko
[15:08:25] Marcell_O_Neill megölte Cristofer_Francesko-t ezzel: M4 - Pénz: 0Ft - Pos: -1807, 356, 17
[15:08:25] Marcell_O_Neill plusz kórház jail ideje 180 másodpercre nõtt (+180mp)
[15:08:25] Marcell_O_Neill fejen lõtte õt: Cristofer_Francesko
[15:08:26] James_Creed fejen lõtte õt: Rock_P_DImitriev
[15:08:27] James_Creed megölte Rock_P_DImitriev-t ezzel: M4 - Pénz: 0Ft - Pos: -1757, -629, 17
[15:08:27] James_Creed plusz kórház jail ideje 1620 másodpercre nõtt (+180mp)
[15:08:41] Antonn_Fedorov megölte Zero_Hopkins-t ezzel: M4 - Pénz: 0Ft - Pos: -1790, -582, 16
[15:08:41] Antonn_Fedorov plusz kórház jail ideje 180 másodpercre nõtt (+180mp)
[15:08:43] Ryan_Lennox sniperrel meglõtte õt: James_Creed
[15:09:43] Ryan_Lennox sniperrel meglõtte õt: Akos_Vincenzo
[15:10:34] Antonn_Fedorov fejen lõtte õt: Freddie_B_Scaletta
[15:10:34] Antonn_Fedorov megölte Freddie_B_Scaletta-t ezzel: Sniper - Pénz: 0Ft - Pos: -1794, -578, 15
[15:10:34] Antonn_Fedorov plusz kórház jail ideje 360 másodpercre nõtt (+180mp)
[15:11:57] Marcel_B_Hollywood plusz kórház jail ideje 120 másodpercre nõtt (+120mp)
[15:11:57] Marcel_B_Hollywood lábon lõtte õt: Antonn_Fedorov
[15:12:02] Don_Sorrentino sniperrel meglõtte õt: Krisztofer_Vincenzo
[15:13:21] Don_Sorrentino fejen lõtte õt: Carlos_D_Surenos
[15:13:21] Don_Sorrentino megölte Carlos_D_Surenos-t ezzel: M4 - Pénz: 0Ft - Pos: -1666, -770, 42
[15:13:21] Don_Sorrentino plusz kórház jail ideje 180 másodpercre nõtt (+180mp)
[15:13:23] Don_Sorrentino fejen lõtte õt: Tom_Zecchin
[15:13:23] Don_Sorrentino megölte Tom_Zecchin-t ezzel: M4 - Pénz: 120334Ft - Pos: -1691, -755, 39
[15:13:23] Don_Sorrentino plusz kórház jail ideje 360 másodpercre nõtt (+180mp)
[15:14:24] Dave_R_Vincenzo fejen lõtte õt: Marcel_B_Hollywood
[15:14:24] Dave_R_Vincenzo megölte Marcel_B_Hollywood-t ezzel: Sniper - Pénz: 0Ft - Pos: -1898, -813, 44
[15:14:24] Dave_R_Vincenzo plusz kórház jail ideje 360 másodpercre nõtt (+180mp)
[15:14:39] Don_Sorrentino plusz kórház jail ideje 480 másodpercre nõtt (+120mp)
[15:14:39] Don_Sorrentino lábon lõtte õt: Hugo_Toretto
[15:14:40] Don_Sorrentino plusz kórház jail ideje 600 másodpercre nõtt (+120mp)
[15:14:40] Don_Sorrentino lábon lõtte õt: Hugo_Toretto
[15:16:07] Dave_R_Vincenzo sniperrel meglõtte õt: Ryan_Lennox
[15:16:26] Paul_D_Cortez fejen lõtte õt: Mark_Bishop
[15:16:27] Paul_D_Cortez megölte Mark_Bishop-t ezzel: MP5 - Pénz: 0Ft - Pos: -2385, 118, 35
[15:16:27] Paul_D_Cortez plusz kórház jail ideje 180 másodpercre nõtt (+180mp)
[15:16:41] Dave_R_Vincenzo sniperrel meglõtte õt: Valor_Colin
[15:16:58] Dave_R_Vincenzo sniperrel meglõtte õt: Don_Sorrentino
[15:17:01] Dave_R_Vincenzo fejen lõtte õt: Elwood_JR_Sorrentino
[15:17:01] Dave_R_Vincenzo megölte Elwood_JR_Sorrentino-t ezzel: Sniper - Pénz: 31449Ft - Pos: -1709, -739, 37
[15:17:01] Dave_R_Vincenzo plusz kórház jail ideje 540 másodpercre nõtt (+180mp)
[15:18:44] Robert_Scaletta fejen lõtte õt: Valor_Colin
[15:18:45] Robert_Scaletta plusz kórház jail ideje 120 másodpercre nõtt (+120mp)
[15:18:45] Robert_Scaletta lábon lõtte õt: John_Kelin
[15:18:45] Robert_Scaletta megölte Valor_Colin-t ezzel: MP5 - Pénz: 0Ft - Pos: -1714, -742, 36
[15:18:45] Robert_Scaletta plusz kórház jail ideje 300 másodpercre nõtt (+180mp)
[15:21:35] Ryan_Lennox meghalt (NPC_Buszsofor_LS_SF1), oka: Autó | Lehet, hogy John_Kelin ölte meg, mert a közelben volt - Pénz: 0Ft - Pos
[15:21:59] Dave_R_Vincenzo sniperrel meglõtte õt: Tyler_Wish
[15:26:05] Dave_R_Vincenzo fejen lõtte õt: Darthy_M_Stillenacht
[15:26:05] Dave_R_Vincenzo megölte Darthy_M_Stillenacht-t ezzel: M4 - Pénz: 0Ft - Pos: -1416, -403, 5
[15:26:05] Dave_R_Vincenzo plusz kórház jail ideje 720 másodpercre nõtt (+180mp)
[15:26:06] Dave_R_Vincenzo fejen lõtte õt: Joshue_White
[15:26:06] Dave_R_Vincenzo fejen lõtte õt: Joshue_White
[15:26:06] Dave_R_Vincenzo fejen lõtte õt: Joshue_White
[15:26:06] Dave_R_Vincenzo fejen lõtte õt: Joshue_White
[15:26:06] Dave_R_Vincenzo fejen lõtte õt: Joshue_White
[15:26:06] Dave_R_Vincenzo fejen lõtte õt: Joshue_White
[15:26:08] Dave_R_Vincenzo fejen lõtte õt: Joshue_White
[15:26:08] Dave_R_Vincenzo fejen lõtte õt: Joshue_White
[15:26:08] Dave_R_Vincenzo fejen lõtte õt: Joshue_White
[15:26:08] Dave_R_Vincenzo fejen lõtte õt: Joshue_White
[15:26:09] Dave_R_Vincenzo fejen lõtte õt: Joshue_White
[15:26:09] Dave_R_Vincenzo fejen lõtte õt: Joshue_White
[15:26:09] Dave_R_Vincenzo fejen lõtte õt: Joshue_White
[15:26:09] Dave_R_Vincenzo fejen lõtte õt: Joshue_White
[15:26:09] Dave_R_Vincenzo fejen lõtte õt: Joshue_White
[15:26:09] Dave_R_Vincenzo fejen lõtte õt: Joshue_White
[15:26:09] Dave_R_Vincenzo fejen lõtte õt: Joshue_White
[15:26:09] Dave_R_Vincenzo fejen lõtte õt: Joshue_White
[15:26:10] Dave_R_Vincenzo fejen lõtte õt: Joshue_White
[15:26:10] Dave_R_Vincenzo fejen lõtte õt: Joshue_White
[15:31:16] Horvath_Adrian plusz kórház jail ideje 360 másodpercre nõtt (+120mp)
[15:31:16] Horvath_Adrian lábon lõtte õt: Dan_B_Hollywood
[15:35:58] Don_Sorrentino fejen lõtte õt: Henry_Tomasino
[15:35:58] Don_Sorrentino megölte Henry_Tomasino-t ezzel: M4 - Pénz: 0Ft - Pos: -1596, -799, 48
[15:35:58] Don_Sorrentino plusz kórház jail ideje 780 másodpercre nõtt (+180mp)
[15:40:31] Connor_O_Neill meghalt (-), oka: Leesett - Pénz: 0Ft - Pos: 50, 50, 2
[15:45:41] Don_Sorrentino sniperrel meglõtte õt: Dave_R_Vincenzo
[15:48:57] Dave_R_Vincenzo fejen lõtte õt: Rock_P_DImitriev
[15:48:57] Dave_R_Vincenzo megölte Rock_P_DImitriev-t ezzel: M4 - Pénz: 0Ft - Pos: -1589, -801, 49
[15:48:57] Dave_R_Vincenzo plusz kórház jail ideje 900 másodpercre nõtt (+180mp)
[15:49:00] Sidney_Tribiani fejen lõtte õt: Don_Sorrentino
[15:49:00] Sidney_Tribiani megölte Don_Sorrentino-t ezzel: MP5 - Pénz: 0Ft - Pos: -1643, -769, 44
[15:49:00] Sidney_Tribiani plusz kórház jail ideje 180 másodpercre nõtt (+180mp)
[15:49:15] Lorand_Vincenzo fejen lõtte õt: Stefan_D_Zecchin
[15:49:35] Sidney_Tribiani fejen lõtte õt: Elwood_JR_Sorrentino
[15:49:35] Sidney_Tribiani fejen lõtte õt: Elwood_JR_Sorrentino
[15:49:35] Sidney_Tribiani megölte Elwood_JR_Sorrentino-t ezzel: MP5 - Pénz: 0Ft - Pos: -1681, -751, 40
[15:49:35] Sidney_Tribiani plusz kórház jail ideje 360 másodpercre nõtt (+180mp)
[15:49:36] Sidney_Tribiani fejen lõtte õt: Elwood_JR_Sorrentino
[15:49:36] Sidney_Tribiani megölte Elwood_JR_Sorrentino-t ezzel: MP5 - Pénz: 0Ft - Pos: 0, 0, 0
[15:49:36] Sidney_Tribiani plusz kórház jail ideje 540 másodpercre nõtt (+180mp)
[15:50:35] Dave_R_Vincenzo fejen lõtte õt: Robert_Scaletta
[15:50:36] Dave_R_Vincenzo megölte Robert_Scaletta-t ezzel: M4 - Pénz: 151783Ft - Pos: -1542, -815, 54
[15:50:36] Dave_R_Vincenzo plusz kórház jail ideje 1080 másodpercre nõtt (+180mp)
[15:55:58] Tom_Torres meghalt (-), oka: Leesett - Pénz: 0Ft - Pos: 233, 1027, 27
[16:27:02] Thomas_Berzerk fejen lõtte õt: Strong_D_Black
[16:27:02] Thomas_Berzerk megölte Strong_D_Black-t ezzel: MP5 - Pénz: 0Ft - Pos: -1732, -730, 32
[16:27:02] Thomas_Berzerk plusz kórház jail ideje 420 másodpercre nõtt (+180mp)
[16:27:04] Henry_Tomasino fejen lõtte õt: Thomas_Berzerk
[16:27:04] Henry_Tomasino megölte Thomas_Berzerk-t ezzel: MP5 - Pénz: 0Ft - Pos: -1758, -656, 20
[16:27:04] Henry_Tomasino plusz kórház jail ideje 180 másodpercre nõtt (+180mp)
[16:27:10] Sidney_Tribiani fejen lõtte õt: Paul_D_Cortez
[16:27:10] Sidney_Tribiani megölte Paul_D_Cortez-t ezzel: MP5 - Pénz: 1000000Ft - Pos: -1736, -736, 33
[16:27:10] Sidney_Tribiani plusz kórház jail ideje 720 másodpercre nõtt (+180mp)
[16:27:11] Sidney_Tribiani fejen lõtte õt: Jason_Aciano
[16:27:11] Sidney_Tribiani megölte Jason_Aciano-t ezzel: MP5 - Pénz: 0Ft - Pos: -1737, -735, 32
[16:27:11] Sidney_Tribiani plusz kórház jail ideje 900 másodpercre nõtt (+180mp)
[16:27:11] Sidney_Tribiani fejen lõtte õt: Jason_Aciano
[16:29:33] Henry_Tomasino plusz kórház jail ideje 300 másodpercre nõtt (+120mp)
[16:29:33] Henry_Tomasino lábon lõtte õt: Horvath_Adrian
[16:54:53] Patrik_O_Neill meghalt (-), oka: Leesett - Pénz: 0Ft - Pos: 50, 50, 2
[16:59:15] Leone_S_Tomasso plusz kórház jail ideje 660 másodpercre nõtt (+120mp)
[16:59:15] Leone_S_Tomasso lábon lõtte õt: Sidney_Tribiani
[16:59:25] Leone_S_Tomasso fejen lõtte õt: Henry_Tomasino
[16:59:25] Leone_S_Tomasso megölte Henry_Tomasino-t ezzel: MP5 - Pénz: 0Ft - Pos: 2238, -1154, 1029
[16:59:25] Leone_S_Tomasso plusz kórház jail ideje 840 másodpercre nõtt (+180mp)
[16:59:25] Leone_S_Tomasso fejen lõtte õt: Henry_Tomasino
[16:59:25] Leone_S_Tomasso megölte Henry_Tomasino-t ezzel: MP5 - Pénz: 0Ft - Pos: 0, 0, 0
[16:59:25] Leone_S_Tomasso plusz kórház jail ideje 1020 másodpercre nõtt (+180mp)
[17:04:40] Carlos_D_Surenos lábon lõtte õt: Mark_Bishop
[17:04:42] Carlos_D_Surenos lábon lõtte õt: Tyler_Wish
[17:07:21] Dr_Bartos_Krisztian plusz kórház jail ideje 120 másodpercre nõtt (+120mp)
[17:07:21] Dr_Bartos_Krisztian lábon lõtte õt: Joe_Gates
[17:07:21] Dr_Bartos_Krisztian megölte Joe_Gates-t ezzel: AK47 - Pénz: 1000000Ft - Pos: 1911, -2433, 13
[17:07:21] Dr_Bartos_Krisztian plusz kórház jail ideje 300 másodpercre nõtt (+180mp)
[17:07:33] Dr_Bartos_Krisztian fejen lõtte õt: Leone_S_Tomasso
[17:07:33] Dr_Bartos_Krisztian megölte Leone_S_Tomasso-t ezzel: AK47 - Pénz: 0Ft - Pos: 1909, -2436, 13
[17:07:33] Dr_Bartos_Krisztian plusz kórház jail ideje 480 másodpercre nõtt (+180mp)
[17:07:38] Kevin_S_Tomasso plusz kórház jail ideje 420 másodpercre nõtt (+120mp)
[17:07:38] Kevin_S_Tomasso lábon lõtte õt: Dr_Bartos_Krisztian
[17:11:14] Sidney_Tribiani fejen lõtte õt: Cristofer_Francesko
[17:11:14] Sidney_Tribiani megölte Cristofer_Francesko-t ezzel: MP5 - Pénz: 0Ft - Pos: 1616, -1161, 23
[17:11:14] Sidney_Tribiani plusz kórház jail ideje 1080 másodpercre nõtt (+180mp)
[17:25:59] Max_Navarro meghalt (-), oka: Leesett - Pénz: 0Ft - Pos: 507, 815, -9
[17:33:47] Pekano_S_Barett plusz kórház jail ideje 120 másodpercre nõtt (+120mp)
[17:33:47] Pekano_S_Barett lábon lõtte õt: Tom_Torres
[17:43:02] Henry_Tomasino plusz kórház jail ideje 120 másodpercre nõtt (+120mp)
[17:43:02] Henry_Tomasino lábon lõtte õt: Krist_Roscoe
[17:43:25] Ryan_Lennox sniperrel meglõtte õt: Henry_Tomasino
[17:43:44] Ryan_Lennox sniperrel meglõtte õt: Strong_D_Black
[17:48:01] Jason_Toretto fejen lõtte õt: Freddie_B_Scaletta
[17:48:01] Jason_Toretto megölte Freddie_B_Scaletta-t ezzel: M4 - Pénz: 0Ft - Pos: 1087, -345, 73
[17:48:01] Jason_Toretto plusz kórház jail ideje 660 másodpercre nõtt (+180mp)
[17:52:01] Ryan_Lennox sniperrel meglõtte õt: Matt_Creed
[17:52:06] Sidney_Tribiani riflevel animba lõtte õt õt: Matt_Creed
[17:53:37] Sidney_Tribiani plusz kórház jail ideje 1200 másodpercre nõtt (+120mp)
[17:53:37] Sidney_Tribiani lábon lõtte õt: Ryan_Lennox
[17:53:38] Sidney_Tribiani plusz kórház jail ideje 1320 másodpercre nõtt (+120mp)
[17:53:38] Sidney_Tribiani lábon lõtte õt: Ryan_Lennox
[18:00:07] Henry_Tomasino sniperrel meglõtte õt: Nagato_Brasco
[18:00:08] Sidney_Tribiani fejen lõtte õt: Nagato_Brasco
[18:00:08] Sidney_Tribiani fejen lõtte õt: Nagato_Brasco
[18:00:08] Sidney_Tribiani megölte Nagato_Brasco-t ezzel: MP5 - Pénz: 0Ft - Pos: -2015, 172, 27
[18:00:08] Sidney_Tribiani plusz kórház jail ideje 1500 másodpercre nõtt (+180mp)
[18:00:20] Sidney_Tribiani fejen lõtte õt: Shura_Sharma
[18:00:20] Sidney_Tribiani megölte Shura_Sharma-t ezzel: MP5 - Pénz: 0Ft - Pos: -2026, 193, 30
[18:00:20] Sidney_Tribiani plusz kórház jail ideje 1680 másodpercre nõtt (+180mp)
[18:03:08] Dave_R_Vincenzo fejen lõtte õt: Lorand_Vincenzo
[18:06:09] Antonn_Fedorov sniperrel meglõtte õt: Nico_Butler
[18:07:56] Carlos_D_Surenos lábon lõtte õt: Ryder_T_Zecchin
[18:09:48] Tom_Torres sniperrel meglõtte õt: Markus_D_Zecchin
[18:12:02] Martin_B_Zecchin lábon lõtte õt: Antonn_Fedorov
[18:12:14] Dave_R_Vincenzo fejen lõtte õt: Max_D_Freeman
[18:12:35] Martin_B_Zecchin fejen lõtte õt: Dominic_Vincenzo
[18:17:22] Carlos_D_Surenos lábon lõtte õt: George_B_Hollywood
[18:17:55] Krist_Roscoe meghalt (-), oka: Leesett - Pénz: 0Ft - Pos: -1052, -1280, 132
[18:19:11] Carlos_D_Surenos lábon lõtte õt: Martin_B_Zecchin
[18:19:12] Carlos_D_Surenos lábon lõtte õt: Steve_Aoki
[18:19:13] Carlos_D_Surenos lábon lõtte õt: James_D_Ryan
[18:19:25] Sergei_B_Dueno fejen lõtte õt: Carlos_D_Surenos
[18:19:39] Sergei_B_Dueno lábon lõtte õt: Akos_Vincenzo
[18:19:42] Tom_Torres sniperrel meglõtte õt: Sergei_B_Dueno
[18:20:59] Martin_B_Zecchin fejen lõtte õt: James_Creed
[18:20:59] Martin_B_Zecchin megölte James_Creed-t ezzel: MP5 - Pénz: 0Ft - Pos: -1426, 1484, 11
[18:20:59] Martin_B_Zecchin plusz kórház jail ideje 1620 másodpercre nõtt (+180mp)
[18:21:50] Henry_Tomasino sniperrel meglõtte õt: David_Toretto
[18:21:54] Henry_Tomasino sniperrel meglõtte õt: Nick_R_Wilson
[18:23:17] Brandon_Toretto sniperrel meglõtte õt: Sidney_Tribiani
[18:24:21] Brandon_Toretto sniperrel meglõtte õt: Strong_D_Black
[18:25:00] Henry_Tomasino sniperrel meglõtte õt: Brandon_Toretto
[18:25:37] Nelson_Washington sniperrel meglõtte õt: Brandon_Toretto
[18:26:39] Henry_Tomasino sniperrel meglõtte õt: Nelson_Washington
[18:30:59] Henry_Tomasino sniperrel meglõtte õt: Lorand_Vincenzo
[18:31:00] Henry_Tomasino sniperrel meglõtte õt: Markus_D_Zecchin
[18:37:59] Henry_Tomasino sniperrel meglõtte õt: Nelson_Washington
[18:38:31] Nagato_Brasco plusz kórház jail ideje 120 másodpercre nõtt (+120mp)
[18:38:31] Nagato_Brasco lábon lõtte õt: Zero_Hopkins
[18:38:36] Nagato_Brasco fejen lõtte õt: Zero_Hopkins
[18:38:37] Nagato_Brasco megölte Zero_Hopkins-t ezzel: M4 - Pénz: 0Ft - Pos: 2598, -2410, 13
[18:38:37] Nagato_Brasco plusz kórház jail ideje 300 másodpercre nõtt (+180mp)
[18:38:45] Nelson_Washington fejen lõtte õt: Sidney_Tribiani
[18:38:45] Nelson_Washington megölte Sidney_Tribiani-t ezzel: MP5 - Pénz: 60154Ft - Pos: 1551, -993, 44
[18:38:45] Nelson_Washington plusz kórház jail ideje 180 másodpercre nõtt (+180mp)
[18:45:05] Leone_S_Tomasso meghalt (-), oka: Leesett - Pénz: 0Ft - Pos: 1480, 1286, 14
[19:15:50] Tyler_Wish megölte James_D_Freeman-t ezzel: Ököl - Pénz: 0Ft - Pos: -2468, 170, 35
[19:15:50] Tyler_Wish plusz kórház jail ideje 180 másodpercre nõtt (+180mp)
[19:21:31] Tom_Torres lábon lõtte õt: Ryder_T_Zecchin
[19:21:53] Carlos_D_Surenos lábon lõtte õt: Markus_D_Zecchin
[19:34:17] Akos_White fejen lõtte õt: Kiraly_Viktor
[19:34:17] Akos_White fejen lõtte õt: Kiraly_Viktor
[19:36:51] Joker_Creed fejen lõtte õt: Kiraly_Viktor
[19:36:51] Joker_Creed fejen lõtte õt: Kiraly_Viktor
[19:36:51] Joker_Creed fejen lõtte õt: Kiraly_Viktor
[19:36:51] Joker_Creed fejen lõtte õt: Kiraly_Viktor
[19:36:52] Joker_Creed fejen lõtte õt: Kiraly_Viktor
[19:36:52] Joker_Creed fejen lõtte õt: Kiraly_Viktor
[19:41:12] Joker_Creed fejen lõtte õt: Kiraly_Viktor
[19:42:26] Joe_Gates meghalt (-), oka: Leesett - Pénz: 0Ft - Pos: -434, 1418, 33
[19:46:40] Steve_J_Sorrentino fejen lõtte õt: Cristofer_Francesko
[19:46:40] Steve_J_Sorrentino megölte Cristofer_Francesko-t ezzel: Deagle - Pénz: 0Ft - Pos: 24, 1525, 12
[19:46:40] Steve_J_Sorrentino plusz kórház jail ideje 900 másodpercre nõtt (+180mp)
[19:47:01] Valor_Colin plusz kórház jail ideje 120 másodpercre nõtt (+120mp)
[19:47:01] Valor_Colin lábon lõtte õt: Zero_Hopkins
[19:47:01] Valor_Colin plusz kórház jail ideje 240 másodpercre nõtt (+120mp)
[19:47:01] Valor_Colin lábon lõtte õt: Zero_Hopkins
[19:47:01] Valor_Colin plusz kórház jail ideje 360 másodpercre nõtt (+120mp)
[19:47:01] Valor_Colin lábon lõtte õt: Zero_Hopkins
[19:51:04] Shura_Sharma fejen lõtte õt: Valor_Colin
[19:51:05] Shura_Sharma megölte Valor_Colin-t ezzel: Deagle - Pénz: 0Ft - Pos: 29, 1532, 12
[19:51:05] Shura_Sharma plusz kórház jail ideje 180 másodpercre nõtt (+180mp)
[19:51:29] Edie_Morra meghalt (-), oka: Leesett - Pénz: 0Ft - Pos: 50, 50, 2
[19:51:34] James_D_Freeman fejen lõtte õt: Antonn_Fedorov
[19:51:34] James_D_Freeman megölte Antonn_Fedorov-t ezzel: MP5 - Pénz: 0Ft - Pos: 136, -1454, 26
[19:51:34] James_D_Freeman plusz kórház jail ideje 180 másodpercre nõtt (+180mp)
[19:52:31] Ventura_Zecchin fejen lõtte õt: Henry_Tomasino
[19:52:31] Ventura_Zecchin fejen lõtte õt: Henry_Tomasino
[20:06:25] Patrick_Zecchin plusz kórház jail ideje 120 másodpercre nõtt (+120mp)
[20:06:25] Patrick_Zecchin lábon lõtte õt: Ralf_S_Tomasso
[20:06:25] Patrick_Zecchin plusz kórház jail ideje 240 másodpercre nõtt (+120mp)
[20:06:25] Patrick_Zecchin lábon lõtte õt: Ralf_S_Tomasso
[20:06:47] Patrick_Zecchin plusz kórház jail ideje 360 másodpercre nõtt (+120mp)
[20:06:47] Patrick_Zecchin lábon lõtte õt: Joe_Gates
[20:06:47] Patrick_Zecchin plusz kórház jail ideje 480 másodpercre nõtt (+120mp)
[20:06:47] Patrick_Zecchin lábon lõtte õt: Joe_Gates
[20:06:56] Patrick_Zecchin plusz kórház jail ideje 600 másodpercre nõtt (+120mp)
[20:06:56] Patrick_Zecchin lábon lõtte õt: Costa_Miles
[20:06:56] Patrick_Zecchin plusz kórház jail ideje 720 másodpercre nõtt (+120mp)
[20:06:56] Patrick_Zecchin lábon lõtte õt: Costa_Miles
[20:07:08] Kevin_S_Tomasso fejen lõtte õt: Patrick_Zecchin
[20:07:08] Kevin_S_Tomasso megölte Patrick_Zecchin-t ezzel: M4 - Pénz: 0Ft - Pos: 1273, -789, 1084
[20:07:08] Kevin_S_Tomasso plusz kórház jail ideje 600 másodpercre nõtt (+180mp)
[20:07:09] Denny_Toretto plusz kórház jail ideje 120 másodpercre nõtt (+120mp)
[20:07:09] Denny_Toretto lábon lõtte õt: Kevin_S_Tomasso
[20:07:10] Henrik_T_Scaletta fejen lõtte õt: Kevin_S_Tomasso
[20:07:10] Henrik_T_Scaletta megölte Kevin_S_Tomasso-t ezzel: M4 - Pénz: 0Ft - Pos: 1254, -793, 1084
[20:07:10] Henrik_T_Scaletta plusz kórház jail ideje 180 másodpercre nõtt (+180mp)
[20:32:51] Steve_J_Sorrentino fejen lõtte õt: Valor_Colin
[20:32:51] Steve_J_Sorrentino megölte Valor_Colin-t ezzel: M4 - Pénz: 0Ft - Pos: 2684, -2451, 13
[20:32:51] Steve_J_Sorrentino plusz kórház jail ideje 1080 másodpercre nõtt (+180mp)
[20:36:07] Tom_Strike fejen lõtte õt: Steve_Aoki
[20:36:10] Tom_Strike fejen lõtte õt: Steve_Aoki
[20:36:10] Tom_Strike fejen lõtte õt: Steve_Aoki
[20:36:11] Tom_Strike fejen lõtte õt: Steve_Aoki
[20:36:11] Tom_Strike fejen lõtte õt: Steve_Aoki
[20:36:11] Tom_Strike fejen lõtte õt: Steve_Aoki
[20:36:11] Tom_Strike fejen lõtte õt: Steve_Aoki
[20:36:11] Tom_Strike fejen lõtte õt: Steve_Aoki
[20:36:11] Tom_Strike fejen lõtte õt: Steve_Aoki
[20:36:12] Tom_Strike fejen lõtte õt: Steve_Aoki
[20:36:19] Tom_Strike megölte Steve_Aoki-t ezzel: MP5 - Pénz: 0Ft - Pos: -37, -87, 1003
[20:36:19] Tom_Strike plusz kórház jail ideje 180 másodpercre nõtt (+180mp)
[20:37:03] Pekano_S_Barett fejen lõtte õt: Johny_Morales
[20:37:04] Pekano_S_Barett megölte Johny_Morales-t ezzel: MP5 - Pénz: 18290Ft - Pos: 1787, -2050, 13
[20:37:04] Pekano_S_Barett plusz kórház jail ideje 300 másodpercre nõtt (+180mp)
[20:37:13] Tom_Strike fejen lõtte õt: Stefan_Berger
[20:37:13] Tom_Strike megölte Stefan_Berger-t ezzel: MP5 - Pénz: 25297Ft - Pos: -32, -89, 1003
[20:37:13] Tom_Strike plusz kórház jail ideje 360 másodpercre nõtt (+180mp)
[20:50:48] Markus_D_Zecchin sniperrel meglõtte õt: Krist_Roscoe
[20:50:51] Markus_D_Zecchin sniperrel meglõtte õt: Krist_Roscoe
[20:50:52] Markus_D_Zecchin sniperrel meglõtte õt: Krist_Roscoe
[20:50:53] Markus_D_Zecchin sniperrel meglõtte õt: Krist_Roscoe
[20:50:54] Markus_D_Zecchin sniperrel meglõtte õt: Krist_Roscoe
[20:51:34] Damien_Creed fejen lõtte õt: Henry_Tomasino
[20:51:37] Tom_Strike fejen lõtte õt: Henry_Tomasino
[20:51:37] Tom_Strike megölte Henry_Tomasino-t ezzel: MP5 - Pénz: 0Ft - Pos: -1966, 257, 35
[20:51:37] Tom_Strike plusz kórház jail ideje 540 másodpercre nõtt (+180mp)
[20:52:00] Markus_D_Zecchin fejen lõtte õt: Rock_P_DImitriev
[20:52:00] Markus_D_Zecchin megölte Rock_P_DImitriev-t ezzel: M4 - Pénz: 0Ft - Pos: -1924, 521, 202
[20:52:00] Markus_D_Zecchin plusz kórház jail ideje 180 másodpercre nõtt (+180mp)
[20:52:30] Damien_Creed fejen lõtte õt: Bryan_B_Hollywood
[20:52:30] Damien_Creed megölte Bryan_B_Hollywood-t ezzel: MP5 - Pénz: 45879Ft - Pos: -1993, 282, 33
[20:52:30] Damien_Creed plusz kórház jail ideje 180 másodpercre nõtt (+180mp)
[20:53:50] Diaz_Freeman plusz kórház jail ideje 120 másodpercre nõtt (+120mp)
[20:53:50] Diaz_Freeman lábon lõtte õt: Cristofer_Francesko
[20:53:50] Leone_S_Tomasso plusz kórház jail ideje 120 másodpercre nõtt (+120mp)
[20:53:50] Leone_S_Tomasso lábon lõtte õt: Diaz_Freeman
[20:53:51] Leone_S_Tomasso plusz kórház jail ideje 240 másodpercre nõtt (+120mp)
[20:53:51] Leone_S_Tomasso lábon lõtte õt: Diaz_Freeman
[20:53:51] Leone_S_Tomasso plusz kórház jail ideje 360 másodpercre nõtt (+120mp)
[20:53:51] Leone_S_Tomasso lábon lõtte õt: Diaz_Freeman
[20:54:14] Krist_Roscoe sniperrel meglõtte õt: Markus_D_Zecchin
[20:54:55] Krist_Roscoe plusz kórház jail ideje 120 másodpercre nõtt (+120mp)
[20:54:55] Krist_Roscoe lábon lõtte õt: James_Creed
[20:54:55] Krist_Roscoe plusz kórház jail ideje 240 másodpercre nõtt (+120mp)
[20:54:55] Krist_Roscoe lábon lõtte õt: James_Creed
[20:55:31] Patrick_Zecchin plusz kórház jail ideje 120 másodpercre nõtt (+120mp)
[20:55:31] Patrick_Zecchin lábon lõtte õt: Dave_R_Vincenzo
[20:56:40] Damien_Creed plusz kórház jail ideje 300 másodpercre nõtt (+120mp)
[20:56:40] Damien_Creed lábon lõtte õt: Matt_Creed
[20:56:51] Patrick_Zecchin plusz kórház jail ideje 240 másodpercre nõtt (+120mp)
[20:56:51] Patrick_Zecchin lábon lõtte õt: Damien_Creed
[20:56:51] Patrick_Zecchin plusz kórház jail ideje 360 másodpercre nõtt (+120mp)
[20:56:51] Patrick_Zecchin lábon lõtte õt: Damien_Creed
[20:56:51] Patrick_Zecchin plusz kórház jail ideje 480 másodpercre nõtt (+120mp)
[20:56:51] Patrick_Zecchin lábon lõtte õt: Damien_Creed
[21:02:40] Lorand_Vincenzo plusz kórház jail ideje 120 másodpercre nõtt (+120mp)
[21:02:40] Lorand_Vincenzo lábon lõtte õt: Joe_Gates
[21:02:41] Victor_Jr_Zecchin fejen lõtte õt: Leone_S_Tomasso
[21:02:42] Lorand_Vincenzo megölte Leone_S_Tomasso-t ezzel: MP5 - Pénz: 0Ft - Pos: 2138, 1608, 993
[21:02:42] Lorand_Vincenzo plusz kórház jail ideje 300 másodpercre nõtt (+180mp)
[21:02:43] Patrick_Zecchin plusz kórház jail ideje 600 másodpercre nõtt (+120mp)
[21:02:43] Patrick_Zecchin lábon lõtte õt: Lorand_Vincenzo
[21:02:43] Horvath_Adrian fejen lõtte õt: Kevin_S_Tomasso
[21:02:43] Patrick_Zecchin plusz kórház jail ideje 720 másodpercre nõtt (+120mp)
[21:02:43] Patrick_Zecchin lábon lõtte õt: Lorand_Vincenzo
[21:02:44] Horvath_Adrian megölte Kevin_S_Tomasso-t ezzel: MP5 - Pénz: 0Ft - Pos: 2158, 1609, 993
[21:02:44] Horvath_Adrian plusz kórház jail ideje 540 másodpercre nõtt (+180mp)
[21:02:45] Pekano_S_Barett plusz kórház jail ideje 420 másodpercre nõtt (+120mp)
[21:02:45] Pekano_S_Barett lábon lõtte õt: Patrick_Zecchin
[21:02:46] Tom_Torres plusz kórház jail ideje 120 másodpercre nõtt (+120mp)
[21:02:46] Tom_Torres lábon lõtte õt: Patrick_Zecchin
[21:02:47] Victor_Jr_Zecchin plusz kórház jail ideje 120 másodpercre nõtt (+120mp)
[21:02:47] Victor_Jr_Zecchin lábon lõtte õt: Freddie_B_Scaletta
[21:02:47] Tom_Torres plusz kórház jail ideje 240 másodpercre nõtt (+120mp)
[21:02:47] Tom_Torres lábon lõtte õt: Valor_Colin
[21:02:48] Victor_Jr_Zecchin plusz kórház jail ideje 240 másodpercre nõtt (+120mp)
[21:02:48] Victor_Jr_Zecchin lábon lõtte õt: Valor_Colin
[21:02:48] Tom_Torres plusz kórház jail ideje 360 másodpercre nõtt (+120mp)
[21:02:48] Tom_Torres lábon lõtte õt: Valor_Colin
[21:02:48] Tom_Torres megölte Valor_Colin-t ezzel: AK47 - Pénz: 0Ft - Pos: 2142, 1605, 993
[21:02:48] Tom_Torres plusz kórház jail ideje 540 másodpercre nõtt (+180mp)
[21:02:49] Pekano_S_Barett megölte Patrick_Zecchin-t ezzel: MP5 - Pénz: 0Ft - Pos: 2146, 1607, 993
[21:02:49] Pekano_S_Barett plusz kórház jail ideje 600 másodpercre nõtt (+180mp)
[21:04:15] Tom_Torres fejen lõtte õt: Freddie_B_Scaletta
[21:04:15] Tom_Torres megölte Freddie_B_Scaletta-t ezzel: Combat - Pénz: 0Ft - Pos: 2143, 1604, 993
[21:04:15] Tom_Torres plusz kórház jail ideje 720 másodpercre nõtt (+180mp)
[21:04:21] Tom_Torres plusz kórház jail ideje 840 másodpercre nõtt (+120mp)
[21:04:21] Tom_Torres lábon lõtte õt: David_Toretto
[21:05:28] Nagato_Brasco sniperrel meglõtte õt: Steve_Aoki
[21:06:40] Nagato_Brasco sniperrel meglõtte õt: Mark_Bishop
[21:06:49] Nagato_Brasco sniperrel meglõtte õt: Stefan_Berger
[21:07:06] Nagato_Brasco sniperrel meglõtte õt: Tom_Strike
[21:08:41] Tom_Torres plusz kórház jail ideje 960 másodpercre nõtt (+120mp)
[21:08:41] Tom_Torres lábon lõtte õt: Sam_Witwicky
[21:08:47] Horvath_Adrian plusz kórház jail ideje 660 másodpercre nõtt (+120mp)
[21:08:47] Horvath_Adrian lábon lõtte õt: John_Salivan
[21:08:47] Horvath_Adrian plusz kórház jail ideje 780 másodpercre nõtt (+120mp)
[21:08:47] Horvath_Adrian lábon lõtte õt: John_Salivan
[21:13:45] George_B_Hollywood plusz kórház jail ideje 120 másodpercre nõtt (+120mp)
[21:13:45] George_B_Hollywood lábon lõtte õt: Philip_Skipper
[21:17:56] Nagato_Brasco sniperrel meglõtte õt: Marcel_B_Hollywood
[21:18:18] Nagato_Brasco sniperrel meglõtte õt: Marcel_B_Hollywood
[21:22:27] Don_Sorrentino plusz kórház jail ideje 120 másodpercre nõtt (+120mp)
[21:22:27] Don_Sorrentino lábon lõtte õt: George_B_Hollywood
[21:26:26] Nagato_Brasco plusz kórház jail ideje 420 másodpercre nõtt (+120mp)
[21:26:26] Nagato_Brasco lábon lõtte õt: Henrik_T_Scaletta
[21:26:26] Nagato_Brasco plusz kórház jail ideje 540 másodpercre nõtt (+120mp)
[21:26:26] Nagato_Brasco lábon lõtte õt: Jin_Sorrentino
[21:26:27] Nagato_Brasco plusz kórház jail ideje 660 másodpercre nõtt (+120mp)
[21:26:27] Nagato_Brasco lábon lõtte õt: Jin_Sorrentino
[21:26:31] Nagato_Brasco plusz kórház jail ideje 780 másodpercre nõtt (+120mp)
[21:26:31] Nagato_Brasco lábon lõtte õt: Don_Sorrentino
[21:26:32] Nagato_Brasco plusz kórház jail ideje 900 másodpercre nõtt (+120mp)
[21:26:32] Nagato_Brasco lábon lõtte õt: Don_Sorrentino
[21:27:03] Tom_Torres plusz kórház jail ideje 1080 másodpercre nõtt (+120mp)
[21:27:03] Tom_Torres lábon lõtte õt: Nagato_Brasco
[21:30:50] Tom_Torres plusz kórház jail ideje 1200 másodpercre nõtt (+120mp)
[21:30:50] Tom_Torres lábon lõtte õt: Henry_Tomasino
[21:30:55] Pekano_S_Barett plusz kórház jail ideje 720 másodpercre nõtt (+120mp)
[21:30:55] Pekano_S_Barett lábon lõtte õt: Henry_Tomasino
[21:31:56] George_B_Hollywood fejen lõtte õt: Pekano_S_Barett
[21:31:56] George_B_Hollywood megölte Pekano_S_Barett-t ezzel: MP5 - Pénz: 2011Ft - Pos: 2146, 1608, 993
[21:31:56] George_B_Hollywood plusz kórház jail ideje 300 másodpercre nõtt (+180mp)
[21:32:43] Daniel_Sedin fejen lõtte õt: Ryder_T_Zecchin
[21:32:43] Daniel_Sedin megölte Ryder_T_Zecchin-t ezzel: MP5 - Pénz: 0Ft - Pos: 2419, -1729, 13
[21:32:43] Daniel_Sedin plusz kórház jail ideje 180 másodpercre nõtt (+180mp)
[21:37:20] George_B_Hollywood plusz kórház jail ideje 420 másodpercre nõtt (+120mp)
[21:37:20] George_B_Hollywood lábon lõtte õt: Natalia_Inferno
[21:37:24] Tom_Torres fejen lõtte õt: Natalia_Inferno
[21:37:24] Tom_Torres megölte Natalia_Inferno-t ezzel: Combat - Pénz: 0Ft - Pos: 2146, 1596, 995
[21:37:24] Tom_Torres plusz kórház jail ideje 1380 másodpercre nõtt (+180mp)
[21:39:03] Matt_Creed meghalt (-), oka: Leesett - Pénz: 0Ft - Pos: -577, -602, 20
[21:41:31] Tom_Torres fejen lõtte õt: Sam_Witwicky
[21:41:31] Tom_Torres fejen lõtte õt: Sam_Witwicky
[21:41:31] Tom_Torres fejen lõtte õt: Sam_Witwicky
[21:41:31] Tom_Torres fejen lõtte õt: Sam_Witwicky
[21:41:31] Tom_Torres fejen lõtte õt: Sam_Witwicky
[21:41:33] Tom_Torres megölte Sam_Witwicky-t ezzel: M4 - Pénz: 0Ft - Pos: 2145, 1609, 1000
[21:41:33] Tom_Torres plusz kórház jail ideje 1560 másodpercre nõtt (+180mp)
[21:42:59] Ryder_T_Zecchin meghalt (-), oka: Leesett - Pénz: 0Ft - Pos: 1538, 1530, 11
[21:44:33] Lorand_Vincenzo plusz kórház jail ideje 420 másodpercre nõtt (+120mp)
[21:44:33] Lorand_Vincenzo lábon lõtte õt: Nelson_Washington
[21:44:55] Ralf_S_Tomasso plusz kórház jail ideje 1380 másodpercre nõtt (+120mp)
[21:44:55] Ralf_S_Tomasso lábon lõtte õt: Lorand_Vincenzo
[21:44:55] Ralf_S_Tomasso plusz kórház jail ideje 1500 másodpercre nõtt (+120mp)
[21:44:55] Ralf_S_Tomasso lábon lõtte õt: Lorand_Vincenzo
[21:47:39] Atsuya_D_Freeman sniperrel meglõtte õt: James_D_Freeman
[21:47:57] Ralf_S_Tomasso megölte Markus_D_Zecchin-t ezzel: M4 - Pénz: 0Ft - Pos: 2176, 1590, 999
[21:47:57] Ralf_S_Tomasso plusz kórház jail ideje 1680 másodpercre nõtt (+180mp)
[21:48:01] Horvath_Adrian fejen lõtte õt: Ralf_S_Tomasso
[21:48:01] Horvath_Adrian megölte Ralf_S_Tomasso-t ezzel: MP5 - Pénz: 0Ft - Pos: 2183, 1592, 999
[21:48:01] Horvath_Adrian plusz kórház jail ideje 960 másodpercre nõtt (+180mp)
[21:48:01] Horvath_Adrian fejen lõtte õt: Ralf_S_Tomasso
[21:48:54] Atsuya_D_Freeman sniperrel meglõtte õt: James_D_Freeman
[21:48:56] Atsuya_D_Freeman sniperrel meglõtte õt: James_D_Freeman
[21:48:58] Atsuya_D_Freeman sniperrel meglõtte õt: James_D_Freeman
[21:48:59] Atsuya_D_Freeman sniperrel meglõtte õt: James_D_Freeman
[21:48:59] Atsuya_D_Freeman megölte James_D_Freeman-t ezzel: Sniper - Pénz: 0Ft - Pos: -1966, 562, 35
[21:48:59] Atsuya_D_Freeman plusz kórház jail ideje 180 másodpercre nõtt (+180mp)
[21:50:29] John_Salivan plusz kórház jail ideje 120 másodpercre nõtt (+120mp)
[21:50:29] John_Salivan lábon lõtte õt: Sergei_B_Dueno
[21:50:29] John_Salivan plusz kórház jail ideje 240 másodpercre nõtt (+120mp)
[21:50:29] John_Salivan lábon lõtte õt: Sergei_B_Dueno
[21:51:01] John_Salivan plusz kórház jail ideje 360 másodpercre nõtt (+120mp)
[21:51:01] John_Salivan lábon lõtte õt: James_D_Ryan
[21:54:05] Atsuya_D_Freeman sniperrel meglõtte õt: Max_Navarro
[21:54:16] John_Salivan plusz kórház jail ideje 480 másodpercre nõtt (+120mp)
[21:54:16] John_Salivan lábon lõtte õt: Henry_Tomasino
[21:55:59] John_Salivan plusz kórház jail ideje 600 másodpercre nõtt (+120mp)
[21:55:59] John_Salivan lábon lõtte õt: Costa_Miles
[21:57:40] John_Salivan plusz kórház jail ideje 720 másodpercre nõtt (+120mp)
[21:57:40] John_Salivan lábon lõtte õt: Valor_Colin
[21:58:07] Patrick_Zecchin sniperrel meglõtte õt: Tyler_Wish
[21:58:08] John_Salivan fejen lõtte õt: Philip_Skipper
[21:58:08] John_Salivan megölte Philip_Skipper-t ezzel: MP5 - Pénz: 0Ft - Pos: -1965, 554, 35
[21:58:08] John_Salivan plusz kórház jail ideje 900 másodpercre nõtt (+180mp)
[21:58:11] John_Salivan fejen lõtte õt: Lily_Miles
[21:58:11] John_Salivan megölte Lily_Miles-t ezzel: MP5 - Pénz: 3739Ft - Pos: -1961, 554, 35
[21:58:11] John_Salivan plusz kórház jail ideje 1080 másodpercre nõtt (+180mp)
[21:58:17] Atsuya_D_Freeman sniperrel meglõtte õt: Thomas_Berzerk
[21:58:23] Patrick_Zecchin sniperrel meglõtte õt: Tyler_Wish
[21:58:34] Kevin_S_Tomasso sniperrel meglõtte õt: Tyler_Wish
[22:00:31] Lorand_Vincenzo fejen lõtte õt: John_Salivan
[22:00:31] Lorand_Vincenzo megölte John_Salivan-t ezzel: M4 - Pénz: 0Ft - Pos: 2177, 1595, 999
[22:00:31] Lorand_Vincenzo plusz kórház jail ideje 600 másodpercre nõtt (+180mp)
[22:08:52] Atsuya_D_Freeman plusz kórház jail ideje 300 másodpercre nõtt (+120mp)
[22:08:52] Atsuya_D_Freeman lábon lõtte õt: Elwood_JR_Sorrentino
[22:08:52] Victor_Jr_Zecchin plusz kórház jail ideje 360 másodpercre nõtt (+120mp)
[22:08:52] Victor_Jr_Zecchin lábon lõtte õt: Patrick_Zecchin
[22:08:53] Atsuya_D_Freeman fejen lõtte õt: Elwood_JR_Sorrentino
[22:08:53] Atsuya_D_Freeman megölte Elwood_JR_Sorrentino-t ezzel: MP5 - Pénz: 0Ft - Pos: 1939, -2447, 13
[22:08:53] Atsuya_D_Freeman plusz kórház jail ideje 480 másodpercre nõtt (+180mp)
[22:08:53] Atsuya_D_Freeman fejen lõtte õt: Elwood_JR_Sorrentino
[22:08:53] Victor_Jr_Zecchin plusz kórház jail ideje 480 másodpercre nõtt (+120mp)
[22:08:53] Victor_Jr_Zecchin lábon lõtte õt: Kevin_S_Tomasso
[22:08:53] Victor_Jr_Zecchin plusz kórház jail ideje 600 másodpercre nõtt (+120mp)
[22:08:53] Victor_Jr_Zecchin lábon lõtte õt: Kevin_S_Tomasso
[22:08:53] Victor_Jr_Zecchin fejen lõtte õt: Kevin_S_Tomasso
[22:08:54] Victor_Jr_Zecchin megölte Kevin_S_Tomasso-t ezzel: AK47 - Pénz: 0Ft - Pos: 1938, -2445, 13
[22:08:54] Victor_Jr_Zecchin plusz kórház jail ideje 780 másodpercre nõtt (+180mp)
[22:08:54] Victor_Jr_Zecchin fejen lõtte õt: Kevin_S_Tomasso
[22:08:54] Victor_Jr_Zecchin fejen lõtte õt: Patrick_Zecchin
[22:08:54] Victor_Jr_Zecchin megölte Patrick_Zecchin-t ezzel: AK47 - Pénz: 0Ft - Pos: 1938, -2446, 13
[22:08:54] Victor_Jr_Zecchin plusz kórház jail ideje 960 másodpercre nõtt (+180mp)
[22:08:55] Joe_Gates fejen lõtte õt: Victor_Jr_Zecchin
[22:08:55] Joe_Gates megölte Victor_Jr_Zecchin-t ezzel: Combat - Pénz: 0Ft - Pos: 1942, -2458, 13
[22:08:55] Joe_Gates plusz kórház jail ideje 180 másodpercre nõtt (+180mp)
[22:08:55] Kevin_S_Tomasso megölte Tyler_Wish-t ezzel: M4 - Pénz: 0Ft - Pos: 1940, -2453, 13
[22:09:01] Horvath_Adrian plusz kórház jail ideje 1080 másodpercre nõtt (+120mp)
[22:09:01] Horvath_Adrian lábon lõtte õt: Don_Sorrentino
[22:09:01] Joe_Gates fejen lõtte õt: Victor_Jr_Zecchin
[22:09:01] Joe_Gates megölte Victor_Jr_Zecchin-t ezzel: Combat - Pénz: 0Ft - Pos: 1943, -2459, 13
[22:09:01] Joe_Gates plusz kórház jail ideje 360 másodpercre nõtt (+180mp)
[22:09:02] Atsuya_D_Freeman plusz kórház jail ideje 600 másodpercre nõtt (+120mp)
[22:09:02] Atsuya_D_Freeman lábon lõtte õt: Freddie_B_Scaletta
[22:09:02] Atsuya_D_Freeman plusz kórház jail ideje 720 másodpercre nõtt (+120mp)
[22:09:02] Atsuya_D_Freeman lábon lõtte õt: Freddie_B_Scaletta
[22:09:03] Joe_Gates fejen lõtte õt: Atsuya_D_Freeman
[22:09:04] Joe_Gates megölte Atsuya_D_Freeman-t ezzel: Combat - Pénz: 399Ft - Pos: 1944, -2457, 13
[22:09:04] Joe_Gates plusz kórház jail ideje 540 másodpercre nõtt (+180mp)
[22:09:04] Horvath_Adrian plusz kórház jail ideje 1200 másodpercre nõtt (+120mp)
[22:09:04] Horvath_Adrian lábon lõtte õt: Don_Sorrentino
[22:09:09] Joe_Gates fejen lõtte õt: Atsuya_D_Freeman
[22:09:09] Joe_Gates megölte Atsuya_D_Freeman-t ezzel: Combat - Pénz: 0Ft - Pos: 1944, -2458, 13
[22:09:09] Joe_Gates plusz kórház jail ideje 720 másodpercre nõtt (+180mp)
[22:09:09] Horvath_Adrian plusz kórház jail ideje 1320 másodpercre nõtt (+120mp)
[22:09:09] Horvath_Adrian lábon lõtte õt: Cristofer_Francesko
[22:09:10] Horvath_Adrian plusz kórház jail ideje 1440 másodpercre nõtt (+120mp)
[22:09:10] Horvath_Adrian lábon lõtte õt: Cristofer_Francesko
[22:09:16] Joe_Gates plusz kórház jail ideje 840 másodpercre nõtt (+120mp)
[22:09:16] Joe_Gates lábon lõtte õt: Horvath_Adrian
[22:09:17] Joe_Gates plusz kórház jail ideje 960 másodpercre nõtt (+120mp)
[22:09:17] Joe_Gates lábon lõtte õt: Horvath_Adrian
[22:09:19] Joe_Gates plusz kórház jail ideje 1080 másodpercre nõtt (+120mp)
[22:09:19] Joe_Gates lábon lõtte õt: Horvath_Adrian
[22:11:15] Markus_D_Zecchin plusz kórház jail ideje 120 másodpercre nõtt (+120mp)
[22:11:15] Markus_D_Zecchin lábon lõtte õt: Joe_Gates
[22:12:03] Lorand_Vincenzo plusz kórház jail ideje 720 másodpercre nõtt (+120mp)
[22:12:03] Lorand_Vincenzo lábon lõtte õt: Jin_Sorrentino
[22:30:05] James_Harris meghalt (NPC_Buszsofor_LS), oka: Autó | Lehet, hogy Charlie_Leanders ölte meg, mert a közelben volt - Pénz: 0Ft - 
[22:33:51] Georg_B_Hollywood fejen lõtte õt: Joker_Creed
[22:33:52] Georg_B_Hollywood megölte Joker_Creed-t ezzel: MP5 - Pénz: 39829Ft - Pos: 260, -1836, 3
[22:33:52] Georg_B_Hollywood plusz kórház jail ideje 360 másodpercre nõtt (+180mp)
[22:34:48] Thomas_Berzerk megölte Joe_Gates-t ezzel: Parachute - Pénz: 0Ft - Pos: -2463, 160, 35
[22:34:48] Thomas_Berzerk plusz kórház jail ideje 180 másodpercre nõtt (+180mp)
[22:35:15] Freddie_B_Scaletta meghalt (-), oka: Leesett - Pénz: 0Ft - Pos: -2457, 156, 35
[22:38:51] Akos_White fejen lõtte õt: William_Cortez
[22:38:51] William_Cortez plusz kórház jail ideje 120 másodpercre nõtt (+120mp)
[22:38:51] William_Cortez lábon lõtte õt: Akos_White
[22:38:51] Akos_White megölte William_Cortez-t ezzel: MP5 - Pénz: 64000Ft - Pos: 1409, -1715, 6
[22:38:51] Akos_White plusz kórház jail ideje 180 másodpercre nõtt (+180mp)
[22:48:25] Marcell_O_Neill meghalt (-), oka: Leesett - Pénz: 0Ft - Pos: 50, 80, 4
[23:02:48] Krist_Roscoe sniperrel meglõtte õt: Damien_Creed
[23:02:52] Matt_Creed megölte Damien_Creed-t ezzel: AK47 - Pénz: 285719Ft - Pos: -121, -1277, 2
[23:02:52] Matt_Creed plusz kórház jail ideje 180 másodpercre nõtt (+180mp)
[23:03:58] Joshue_White meghalt (-), oka: Leesett - Pénz: 10118Ft - Pos: 824, 1, 76
[23:37:07] Damien_Creed plusz kórház jail ideje 120 másodpercre nõtt (+120mp)
[23:37:07] Damien_Creed lábon lõtte õt: William_Cortez
[23:37:07] Damien_Creed plusz kórház jail ideje 240 másodpercre nõtt (+120mp)
[23:37:07] Damien_Creed lábon lõtte õt: Freddie_B_Scaletta
[23:37:43] Nick_Vitale plusz kórház jail ideje 420 másodpercre nõtt (+120mp)
[23:37:43] Nick_Vitale lábon lõtte õt: Damien_Creed
[23:37:44] Nick_Vitale plusz kórház jail ideje 540 másodpercre nõtt (+120mp)
[23:37:44] Nick_Vitale lábon lõtte õt: Damien_Creed
[23:43:01] William_Cortez plusz kórház jail ideje 120 másodpercre nõtt (+120mp)
[23:43:01] William_Cortez lábon lõtte õt: Freddie_B_Scaletta
[23:43:10] Nick_Vitale plusz kórház jail ideje 660 másodpercre nõtt (+120mp)
[23:43:10] Nick_Vitale lábon lõtte õt: Hanzon_Soprano
[23:50:15] Krist_Roscoe meghalt (-), oka: Leesett - Pénz: 285719Ft - Pos: -1114, -649, 59
[23:51:03] Kelin_Carry meghalt (-), oka: Leesett - Pénz: 0Ft - Pos: 696, -1108, 18
[23:55:55] John_Salivan fejen lõtte õt: Bentner_K_White
[23:55:55] John_Salivan megölte Bentner_K_White-t ezzel: MP5 - Pénz: 2457Ft - Pos: 721, -1371, 29
[23:55:55] John_Salivan plusz kórház jail ideje 180 másodpercre nõtt (+180mp)
