[02:01:48] Krisztofer_Vincenzo meghalt (-), oka: Leesett - Pénz: 103030Ft - Pos: 50, 50, 3
[02:01:56] Edie_Morra meghalt (-), oka: Leesett - Pénz: 0Ft - Pos: 49, 50, 1
[03:00:09] Krisztofer_Vincenzo meghalt (-), oka: Leesett - Pénz: 0Ft - Pos: -1630, 739, 16
[03:33:16] Steve_Aoki meghalt (-), oka: Leesett - Pénz: 0Ft - Pos: 298, 133, 7
[10:32:10] Jin_Sorrentino plusz kórház jail ideje 120 másodpercre nõtt (+120mp)
[10:32:10] Jin_Sorrentino lábon lõtte õt: Atsuya_D_Freeman
[10:32:10] Jin_Sorrentino plusz kórház jail ideje 240 másodpercre nõtt (+120mp)
[10:32:10] Jin_Sorrentino lábon lõtte õt: Atsuya_D_Freeman
[10:35:59] Charlie_Leanders fejen lõtte õt: Jin_Sorrentino
[10:35:59] Charlie_Leanders megölte Jin_Sorrentino-t ezzel: MP5 - Pénz: 0Ft - Pos: -2010, 167, 27
[10:35:59] Charlie_Leanders plusz kórház jail ideje 180 másodpercre nõtt (+180mp)
[10:36:14] Charlie_Leanders plusz kórház jail ideje 300 másodpercre nõtt (+120mp)
[10:36:14] Charlie_Leanders lábon lõtte õt: Nelson_Washington
[10:38:13] Matt_Creed fejen lõtte õt: Valor_Colin
[10:38:13] Matt_Creed megölte Valor_Colin-t ezzel: MP5 - Pénz: 0Ft - Pos: -926, -1082, 97
[10:38:13] Matt_Creed plusz kórház jail ideje 900 másodpercre nõtt (+180mp)
[10:38:14] Strong_D_Black fejen lõtte õt: Matt_Creed
[10:38:14] Strong_D_Black megölte Matt_Creed-t ezzel: MP5 - Pénz: 0Ft - Pos: -917, -1085, 97
[10:38:14] Strong_D_Black plusz kórház jail ideje 180 másodpercre nõtt (+180mp)
[10:39:32] Lapos_Istvan meghalt (-), oka: Leesett - Pénz: 2150Ft - Pos: 1408, -1733, 13
[10:39:51] Victor_Jr_Zecchin fejen lõtte õt: Strong_D_Black
[10:39:51] Victor_Jr_Zecchin megölte Strong_D_Black-t ezzel: MP5 - Pénz: 75006Ft - Pos: -906, -1099, 98
[10:39:51] Victor_Jr_Zecchin plusz kórház jail ideje 300 másodpercre nõtt (+180mp)
[10:40:04] Lucio_Zecchin plusz kórház jail ideje 120 másodpercre nõtt (+120mp)
[10:40:04] Lucio_Zecchin lábon lõtte õt: Charlie_Leanders
[10:40:05] Georg_B_Hollywood plusz kórház jail ideje 120 másodpercre nõtt (+120mp)
[10:40:05] Georg_B_Hollywood lábon lõtte õt: Atsuya_D_Freeman
[10:40:05] Georg_B_Hollywood megölte Atsuya_D_Freeman-t ezzel: MP5 - Pénz: 0Ft - Pos: -2031, 168, 28
[10:40:05] Georg_B_Hollywood plusz kórház jail ideje 300 másodpercre nõtt (+180mp)
[10:44:51] Victor_Jr_Zecchin riflevel animba lõtte õt õt: Charlie_Leanders
[10:45:11] Nelson_Washington plusz kórház jail ideje 120 másodpercre nõtt (+120mp)
[10:45:11] Nelson_Washington lábon lõtte õt: Victor_Jr_Zecchin
[10:55:49] Antonn_Fedorov fejen lõtte õt: Strong_D_Black
[10:55:49] Antonn_Fedorov megölte Strong_D_Black-t ezzel: MP5 - Pénz: 0Ft - Pos: -2101, 260, 35
[10:55:49] Antonn_Fedorov plusz kórház jail ideje 180 másodpercre nõtt (+180mp)
[10:55:54] Valor_Colin fejen lõtte õt: Antonn_Fedorov
[10:55:54] Valor_Colin megölte Antonn_Fedorov-t ezzel: MP5 - Pénz: 244096Ft - Pos: -2099, 199, 35
[10:55:54] Valor_Colin plusz kórház jail ideje 180 másodpercre nõtt (+180mp)
[10:59:03] Leone_Thomasino plusz kórház jail ideje 120 másodpercre nõtt (+120mp)
[10:59:03] Leone_Thomasino lábon lõtte õt: Lucio_Zecchin
[11:01:08] Ralf_S_Tomasso fejen lõtte õt: Georg_B_Hollywood
[11:01:08] Ralf_S_Tomasso megölte Georg_B_Hollywood-t ezzel: M4 - Pénz: 37406Ft - Pos: 1306, -1033, 30
[11:01:08] Ralf_S_Tomasso plusz kórház jail ideje 180 másodpercre nõtt (+180mp)
[11:12:16] Ralf_S_Tomasso sniperrel meglõtte õt: Valor_Colin
[11:13:01] Martin_B_Zecchin plusz kórház jail ideje 120 másodpercre nõtt (+120mp)
[11:13:01] Martin_B_Zecchin lábon lõtte õt: Leone_Thomasino
[11:13:21] Ralf_S_Tomasso plusz kórház jail ideje 300 másodpercre nõtt (+120mp)
[11:13:21] Ralf_S_Tomasso lábon lõtte õt: Mark_B_Hollywood
[11:14:24] Ralf_S_Tomasso sniperrel meglõtte õt: Strong_D_Black
[11:15:28] Markus_D_Zecchin meghalt (-), oka: Leesett - Pénz: 0Ft - Pos: 2523, -1671, 19
[11:15:31] Martin_B_Zecchin plusz kórház jail ideje 240 másodpercre nõtt (+120mp)
[11:15:31] Martin_B_Zecchin lábon lõtte õt: Nelson_Washington
[11:17:44] Ralf_S_Tomasso sniperrel meglõtte õt: Jack_Bronsons
[11:18:36] Martin_B_Zecchin sniperrel meglõtte õt: Ralf_S_Tomasso
[11:23:15] Martin_B_Zecchin plusz kórház jail ideje 360 másodpercre nõtt (+120mp)
[11:23:15] Martin_B_Zecchin lábon lõtte õt: Kevin_S_Tomasso
[11:23:15] Martin_B_Zecchin plusz kórház jail ideje 480 másodpercre nõtt (+120mp)
[11:23:15] Martin_B_Zecchin lábon lõtte õt: Kevin_S_Tomasso
[11:23:15] Martin_B_Zecchin plusz kórház jail ideje 600 másodpercre nõtt (+120mp)
[11:23:15] Martin_B_Zecchin lábon lõtte õt: Kevin_S_Tomasso
[11:26:34] Lorand_B_Hollywood plusz kórház jail ideje 120 másodpercre nõtt (+120mp)
[11:26:34] Lorand_B_Hollywood lábon lõtte õt: Denny_Toretto
[11:26:37] Joe_Gates fejen lõtte õt: Lorand_B_Hollywood
[11:26:37] Joe_Gates megölte Lorand_B_Hollywood-t ezzel: AK47 - Pénz: 38267Ft - Pos: 2591, -1755, 1
[11:26:37] Joe_Gates plusz kórház jail ideje 540 másodpercre nõtt (+180mp)
[11:27:32] Martin_B_Zecchin plusz kórház jail ideje 720 másodpercre nõtt (+120mp)
[11:27:32] Martin_B_Zecchin lábon lõtte õt: Joe_Gates
[11:30:03] Martin_B_Zecchin plusz kórház jail ideje 840 másodpercre nõtt (+120mp)
[11:30:03] Martin_B_Zecchin lábon lõtte õt: Costa_Miles
[11:41:36] Mark_B_Hollywood lábon lõtte õt: Stefan_Berger
[11:41:36] Mark_B_Hollywood lábon lõtte õt: Thomas_Berzerk
[11:41:38] Martin_B_Zecchin sniperrel meglõtte õt: Tyler_Wish
[11:41:50] Atsuya_D_Freeman lábon lõtte õt: Tom_D_Wayne
[11:42:04] Martin_B_Zecchin lábon lõtte õt: Darius_N_Ortega
[11:42:05] Atsuya_D_Freeman lábon lõtte õt: Martin_B_Zecchin
[11:42:10] Lorand_Vincenzo lábon lõtte õt: Atsuya_D_Freeman
[11:42:40] Victor_Jr_Zecchin fejen lõtte õt: Mark_B_Hollywood
[11:42:45] Valor_Colin fejen lõtte õt: Victor_Jr_Zecchin
[12:00:02] Steve_Aoki lábon lõtte õt: Darius_N_Ortega
[12:00:06] Steve_Aoki lábon lõtte õt: Atsuya_D_Freeman
[12:00:09] Steve_Aoki lábon lõtte õt: Victor_Jr_Zecchin
[12:00:19] Martin_B_Zecchin lábon lõtte õt: Tyler_Wish
[12:32:57] Martin_B_Zecchin fejen lõtte õt: Emanuel_Garcia
[12:32:57] Martin_B_Zecchin megölte Emanuel_Garcia-t ezzel: M4 - Pénz: 0Ft - Pos: -1945, 560, 202
[12:32:57] Martin_B_Zecchin plusz kórház jail ideje 1020 másodpercre nõtt (+180mp)
[12:44:25] Darius_N_Ortega plusz kórház jail ideje 120 másodpercre nõtt (+120mp)
[12:44:25] Darius_N_Ortega lábon lõtte õt: Georg_B_Hollywood
[12:44:25] Darius_N_Ortega plusz kórház jail ideje 240 másodpercre nõtt (+120mp)
[12:44:25] Darius_N_Ortega lábon lõtte õt: Georg_B_Hollywood
[12:44:25] Darius_N_Ortega plusz kórház jail ideje 360 másodpercre nõtt (+120mp)
[12:44:25] Darius_N_Ortega lábon lõtte õt: Georg_B_Hollywood
[12:44:26] Darius_N_Ortega plusz kórház jail ideje 480 másodpercre nõtt (+120mp)
[12:44:26] Darius_N_Ortega lábon lõtte õt: Georg_B_Hollywood
[12:44:28] Yamato_Bosco plusz kórház jail ideje 120 másodpercre nõtt (+120mp)
[12:44:28] Yamato_Bosco lábon lõtte õt: Darius_N_Ortega
[12:44:45] Yamato_Bosco plusz kórház jail ideje 240 másodpercre nõtt (+120mp)
[12:44:45] Yamato_Bosco lábon lõtte õt: Thomas_Berzerk
[12:46:11] Lucio_Zecchin plusz kórház jail ideje 120 másodpercre nõtt (+120mp)
[12:46:11] Lucio_Zecchin lábon lõtte õt: Joker_Creed
[12:46:12] Lucio_Zecchin plusz kórház jail ideje 240 másodpercre nõtt (+120mp)
[12:46:12] Lucio_Zecchin lábon lõtte õt: Atsuya_D_Freeman
[12:46:19] Lucio_Zecchin fejen lõtte õt: Mark_Bishop
[12:46:20] Lucio_Zecchin megölte Mark_Bishop-t ezzel: MP5 - Pénz: 45262Ft - Pos: -2742, 76, 4
[12:46:20] Lucio_Zecchin plusz kórház jail ideje 420 másodpercre nõtt (+180mp)
[12:46:28] Lucio_Zecchin fejen lõtte õt: Cody_Aciano
[12:46:28] Lucio_Zecchin megölte Cody_Aciano-t ezzel: MP5 - Pénz: 247000Ft - Pos: -2742, 75, 4
[12:46:28] Lucio_Zecchin plusz kórház jail ideje 600 másodpercre nõtt (+180mp)
[12:46:29] Lucio_Zecchin fejen lõtte õt: Darius_N_Ortega
[12:46:29] Lucio_Zecchin megölte Darius_N_Ortega-t ezzel: MP5 - Pénz: 3344Ft - Pos: -2741, 75, 4
[12:46:29] Lucio_Zecchin plusz kórház jail ideje 780 másodpercre nõtt (+180mp)
[12:46:29] Lucio_Zecchin fejen lõtte õt: Darius_N_Ortega
[12:46:38] Lucio_Zecchin fejen lõtte õt: Atsuya_D_Freeman
[12:46:38] Lucio_Zecchin fejen lõtte õt: Atsuya_D_Freeman
[12:46:38] Lucio_Zecchin megölte Atsuya_D_Freeman-t ezzel: MP5 - Pénz: 25806Ft - Pos: -2733, 84, 4
[12:46:38] Lucio_Zecchin plusz kórház jail ideje 960 másodpercre nõtt (+180mp)
[12:46:38] Lucio_Zecchin fejen lõtte õt: Atsuya_D_Freeman
[12:46:38] Lucio_Zecchin megölte Atsuya_D_Freeman-t ezzel: MP5 - Pénz: 0Ft - Pos: 0, 0, 0
[12:46:38] Lucio_Zecchin plusz kórház jail ideje 1140 másodpercre nõtt (+180mp)
[12:46:39] Lucio_Zecchin fejen lõtte õt: Joker_Creed
[12:46:39] Lucio_Zecchin megölte Joker_Creed-t ezzel: MP5 - Pénz: 140000Ft - Pos: -2732, 85, 4
[12:46:39] Lucio_Zecchin plusz kórház jail ideje 1320 másodpercre nõtt (+180mp)
[12:46:39] Lucio_Zecchin fejen lõtte õt: Joker_Creed
[12:48:09] Lucio_Zecchin fejen lõtte õt: Victor_Jr_Zecchin
[12:48:09] Lucio_Zecchin megölte Victor_Jr_Zecchin-t ezzel: MP5 - Pénz: 6000Ft - Pos: -2726, 81, 4
[12:48:09] Lucio_Zecchin plusz kórház jail ideje 1500 másodpercre nõtt (+180mp)
[12:49:09] Lucio_Zecchin fejen lõtte õt: Akos_White
[12:49:09] Lucio_Zecchin megölte Akos_White-t ezzel: MP5 - Pénz: 140000Ft - Pos: -2726, 80, 4
[12:49:09] Lucio_Zecchin plusz kórház jail ideje 1680 másodpercre nõtt (+180mp)
[12:49:09] Lucio_Zecchin fejen lõtte õt: Akos_White
[12:52:05] Joe_Gates fejen lõtte õt: Lucio_Zecchin
[12:52:05] Joe_Gates megölte Lucio_Zecchin-t ezzel: M4 - Pénz: 0Ft - Pos: -1954, 569, 35
[12:52:05] Joe_Gates plusz kórház jail ideje 720 másodpercre nõtt (+180mp)
[13:01:08] Georg_B_Hollywood meghalt (-), oka: Leesett - Pénz: 0Ft - Pos: -540, -901, 56
[13:38:35] Emanuel_Garcia lábon lõtte õt: Torres_Butler
[13:38:43] Hugo_Toretto lábon lõtte õt: Emanuel_Garcia
[13:38:46] Tom_Zecchin lábon lõtte õt: Stefan_Berger
[13:38:55] Dave_R_Vincenzo sniperrel meglõtte õt: Victor_Jr_Zecchin
[13:39:23] Dave_R_Vincenzo meghalt (-), oka: Leesett - Pénz: 829613Ft - Pos: 1864, -1175, 25
[14:20:24] Martin_B_Zecchin plusz kórház jail ideje 1140 másodpercre nõtt (+120mp)
[14:20:24] Martin_B_Zecchin lábon lõtte õt: Elwood_JR_Sorrentino
[14:20:24] Martin_B_Zecchin plusz kórház jail ideje 1260 másodpercre nõtt (+120mp)
[14:20:24] Martin_B_Zecchin lábon lõtte õt: Elwood_JR_Sorrentino
[14:20:35] Don_Sorrentino sniperrel meglõtte õt: Sergei_B_Dueno
[14:22:46] Don_Sorrentino plusz kórház jail ideje 120 másodpercre nõtt (+120mp)
[14:22:46] Don_Sorrentino lábon lõtte õt: Markus_D_Zecchin
[14:22:46] Don_Sorrentino plusz kórház jail ideje 240 másodpercre nõtt (+120mp)
[14:22:46] Don_Sorrentino lábon lõtte õt: Markus_D_Zecchin
[14:22:47] Nelson_Washington plusz kórház jail ideje 240 másodpercre nõtt (+120mp)
[14:22:47] Nelson_Washington lábon lõtte õt: Markus_D_Zecchin
[14:22:47] Don_Sorrentino plusz kórház jail ideje 360 másodpercre nõtt (+120mp)
[14:22:47] Don_Sorrentino lábon lõtte õt: Markus_D_Zecchin
[14:22:47] Don_Sorrentino plusz kórház jail ideje 480 másodpercre nõtt (+120mp)
[14:22:47] Don_Sorrentino lábon lõtte õt: Markus_D_Zecchin
[14:35:52] Tom_Torres fejen lõtte õt: Lorand_Vincenzo
[14:36:10] Bent_Washington lábon lõtte õt: Tom_D_Wayne
[14:36:30] Ryan_Lennox plusz kórház jail ideje 120 másodpercre nõtt (+120mp)
[14:36:30] Ryan_Lennox lábon lõtte õt: Mark_B_Hollywood
[14:37:07] Steve_Aoki lábon lõtte õt: Bent_Washington
[14:37:56] Tom_Torres sniperrel meglõtte õt: Valor_Colin
[14:38:21] Diaz_Freeman lábon lõtte õt: Yamato_Bosco
[14:38:26] Steve_Aoki lábon lõtte õt: Tom_Zecchin
[14:39:47] Hugo_Toretto fejen lõtte õt: Raul_Butler
[14:41:09] Ray_Washington lábon lõtte õt: Diaz_Freeman
[14:41:16] Antonn_Fedorov lábon lõtte õt: Max_D_Freeman
[14:41:19] Antonn_Fedorov fejen lõtte õt: Kevin_R_Sorrentino
[14:41:32] Antonn_Fedorov fejen lõtte õt: Ryder_T_Zecchin
[14:41:53] Ray_Washington fejen lõtte õt: Steve_Aoki
[14:41:59] Steve_Aoki plusz kórház jail ideje 120 másodpercre nõtt (+120mp)
[14:41:59] Steve_Aoki lábon lõtte õt: Ray_Washington
[14:41:59] Steve_Aoki plusz kórház jail ideje 240 másodpercre nõtt (+120mp)
[14:41:59] Steve_Aoki lábon lõtte õt: Ray_Washington
[14:42:00] Steve_Aoki plusz kórház jail ideje 360 másodpercre nõtt (+120mp)
[14:42:00] Steve_Aoki lábon lõtte õt: Ray_Washington
[14:42:00] Steve_Aoki fejen lõtte õt: Ray_Washington
[14:42:03] Steve_Aoki fejen lõtte õt: Antonn_Fedorov
[14:42:24] Steve_Aoki megölte Ray_Washington-t ezzel: M4 - Pénz: 0Ft - Pos: -1371, 1483, 11
[14:42:24] Steve_Aoki plusz kórház jail ideje 540 másodpercre nõtt (+180mp)
[14:44:29] Leone_Thomasino plusz kórház jail ideje 120 másodpercre nõtt (+120mp)
[14:44:29] Leone_Thomasino lábon lõtte õt: Gyorgy_Boyka
[14:44:29] Leone_Thomasino plusz kórház jail ideje 240 másodpercre nõtt (+120mp)
[14:44:29] Leone_Thomasino lábon lõtte õt: Gyorgy_Boyka
[14:44:29] Leone_Thomasino plusz kórház jail ideje 360 másodpercre nõtt (+120mp)
[14:44:29] Leone_Thomasino lábon lõtte õt: Gyorgy_Boyka
[14:52:31] Dave_S_Tomasso fejen lõtte õt: Georg_B_Hollywood
[14:52:31] Dave_S_Tomasso megölte Georg_B_Hollywood-t ezzel: MP5 - Pénz: 0Ft - Pos: 1360, -1206, 17
[14:52:31] Dave_S_Tomasso plusz kórház jail ideje 480 másodpercre nõtt (+180mp)
[14:57:50] Nelson_Washington plusz kórház jail ideje 360 másodpercre nõtt (+120mp)
[14:57:50] Nelson_Washington lábon lõtte õt: Stefan_Berger
[14:57:51] Nelson_Washington plusz kórház jail ideje 480 másodpercre nõtt (+120mp)
[14:57:51] Nelson_Washington lábon lõtte õt: Stefan_Berger
[15:03:39] Leone_Thomasino plusz kórház jail ideje 480 másodpercre nõtt (+120mp)
[15:03:39] Leone_Thomasino lábon lõtte õt: James_Creed
[15:03:39] Leone_Thomasino plusz kórház jail ideje 600 másodpercre nõtt (+120mp)
[15:03:39] Leone_Thomasino lábon lõtte õt: James_Creed
[15:03:39] Leone_Thomasino plusz kórház jail ideje 720 másodpercre nõtt (+120mp)
[15:03:39] Leone_Thomasino lábon lõtte õt: James_Creed
[15:04:54] Leone_Thomasino plusz kórház jail ideje 840 másodpercre nõtt (+120mp)
[15:04:54] Leone_Thomasino lábon lõtte õt: Krisztofer_Vincenzo
[15:05:18] Leone_Thomasino megölte James_Creed-t ezzel: M4 - Pénz: 52908Ft - Pos: 1826, -2087, 13
[15:05:18] Leone_Thomasino plusz kórház jail ideje 1020 másodpercre nõtt (+180mp)
[15:05:28] Lucio_Zecchin plusz kórház jail ideje 120 másodpercre nõtt (+120mp)
[15:05:28] Lucio_Zecchin lábon lõtte õt: Akos_Vincenzo
[15:05:29] Lucio_Zecchin plusz kórház jail ideje 240 másodpercre nõtt (+120mp)
[15:05:29] Lucio_Zecchin lábon lõtte õt: Akos_Vincenzo
[15:07:11] Yamato_Bosco plusz kórház jail ideje 360 másodpercre nõtt (+120mp)
[15:07:11] Yamato_Bosco lábon lõtte õt: Marcel_B_Hollywood
[15:08:34] Lucio_Zecchin plusz kórház jail ideje 360 másodpercre nõtt (+120mp)
[15:08:34] Lucio_Zecchin lábon lõtte õt: Akos_Vincenzo
[15:08:35] Lucio_Zecchin plusz kórház jail ideje 480 másodpercre nõtt (+120mp)
[15:08:35] Lucio_Zecchin lábon lõtte õt: Akos_Vincenzo
[15:08:35] Lucio_Zecchin plusz kórház jail ideje 600 másodpercre nõtt (+120mp)
[15:08:35] Lucio_Zecchin lábon lõtte õt: Akos_Vincenzo
[15:09:55] Hugo_Toretto sniperrel meglõtte õt: Dan_B_Hollywood
[15:10:29] Dave_R_Vincenzo sniperrel meglõtte õt: Leone_Thomasino
[15:10:40] Nelson_Washington plusz kórház jail ideje 600 másodpercre nõtt (+120mp)
[15:10:40] Nelson_Washington lábon lõtte õt: Dominic_Vincenzo
[15:10:51] Lucio_Zecchin fejen lõtte õt: Max_Navarro
[15:10:51] Lucio_Zecchin megölte Max_Navarro-t ezzel: MP5 - Pénz: 0Ft - Pos: 1957, -1998, 13
[15:10:51] Lucio_Zecchin plusz kórház jail ideje 780 másodpercre nõtt (+180mp)
[15:10:52] Lucio_Zecchin fejen lõtte õt: Marcel_B_Hollywood
[15:12:00] Dave_R_Vincenzo sniperrel meglõtte õt: Nelson_Washington
[15:12:15] Dave_R_Vincenzo sniperrel meglõtte õt: Nelson_Washington
[15:12:53] Tom_Zecchin plusz kórház jail ideje 120 másodpercre nõtt (+120mp)
[15:12:53] Tom_Zecchin lábon lõtte õt: Tom_Camorra
[15:12:54] Georg_B_Hollywood sniperrel meglõtte õt: Hugo_Toretto
[15:13:25] Tom_Zecchin plusz kórház jail ideje 240 másodpercre nõtt (+120mp)
[15:13:25] Tom_Zecchin lábon lõtte õt: Henrik_T_Scaletta
[15:13:44] Georg_B_Hollywood plusz kórház jail ideje 120 másodpercre nõtt (+120mp)
[15:13:44] Georg_B_Hollywood lábon lõtte õt: Costa_Miles
[15:14:10] Torres_Butler plusz kórház jail ideje 120 másodpercre nõtt (+120mp)
[15:14:10] Torres_Butler lábon lõtte õt: Ryan_Lennox
[15:14:11] Horvath_Adrian plusz kórház jail ideje 540 másodpercre nõtt (+120mp)
[15:14:11] Horvath_Adrian lábon lõtte õt: Georg_B_Hollywood
[15:14:11] Horvath_Adrian plusz kórház jail ideje 660 másodpercre nõtt (+120mp)
[15:14:11] Horvath_Adrian lábon lõtte õt: Georg_B_Hollywood
[15:14:58] Lucio_Zecchin plusz kórház jail ideje 900 másodpercre nõtt (+120mp)
[15:14:58] Lucio_Zecchin lábon lõtte õt: Horvath_Adrian
[15:14:58] Lucio_Zecchin plusz kórház jail ideje 1020 másodpercre nõtt (+120mp)
[15:14:58] Lucio_Zecchin lábon lõtte õt: Horvath_Adrian
[15:24:28] Dave_R_Vincenzo fejen lõtte õt: Georg_B_Hollywood
[15:24:28] Dave_R_Vincenzo megölte Georg_B_Hollywood-t ezzel: M4 - Pénz: 0Ft - Pos: 1896, -2061, 13
[15:24:28] Dave_R_Vincenzo plusz kórház jail ideje 180 másodpercre nõtt (+180mp)
[15:55:15] Bent_Washington fejen lõtte õt: Victor_Jr_Zecchin
[15:55:16] Lucio_Zecchin lábon lõtte õt: James_D_Freeman
[15:55:18] Hugo_Toretto lábon lõtte õt: Atsuya_D_Freeman
[15:55:18] Lucio_Zecchin lábon lõtte õt: Stefan_Berger
[15:55:30] Torres_Butler fejen lõtte õt: Tyler_Wish
[15:58:31] Patrick_Zecchin plusz kórház jail ideje 120 másodpercre nõtt (+120mp)
[15:58:31] Patrick_Zecchin lábon lõtte õt: Yamato_Bosco
[16:16:26] Tom_Camorra meghalt (-), oka: Leesett - Pénz: 0Ft - Pos: 313, 1062, 24
[16:16:26] Thomas_Berzerk meghalt (-), oka: Leesett - Pénz: 140166Ft - Pos: 316, 1064, 23
[16:23:24] Lucio_Zecchin lábon lõtte õt: Atsuya_D_Freeman
[16:23:24] Victor_Jr_Zecchin lábon lõtte õt: Bent_Washington
[16:23:26] Hugo_Toretto fejen lõtte õt: Darius_N_Ortega
[16:23:27] Victor_Jr_Zecchin fejen lõtte õt: Yamato_Bosco
[16:23:27] Tom_Zecchin lábon lõtte õt: Victor_Jr_Zecchin
[16:23:30] Lucio_Zecchin fejen lõtte õt: Mark_Bishop
[16:23:34] Cody_Aciano lábon lõtte õt: Tom_Zecchin
[16:23:35] Tyler_Wish lábon lõtte õt: Lucio_Zecchin
[16:23:36] Krisztofer_Vincenzo lábon lõtte õt: Cody_Aciano
[16:39:17] Stefan_Berger meghalt (-), oka: Leesett - Pénz: 0Ft - Pos: -2466, 146, 36
[16:40:50] Natalia_Inferno meghalt (-), oka: Leesett - Pénz: 0Ft - Pos: 1613, -1163, 24
[16:45:12] Georg_B_Hollywood fejen lõtte õt: Dave_Stone
[16:45:12] Georg_B_Hollywood megölte Dave_Stone-t ezzel: MP5 - Pénz: 1000Ft - Pos: 1710, -716, 47
[16:45:12] Georg_B_Hollywood plusz kórház jail ideje 180 másodpercre nõtt (+180mp)
[16:54:17] Don_Sorrentino plusz kórház jail ideje 600 másodpercre nõtt (+120mp)
[16:54:17] Don_Sorrentino lábon lõtte õt: Krisztofer_Vincenzo
[17:05:08] Henrik_T_Scaletta plusz kórház jail ideje 480 másodpercre nõtt (+120mp)
[17:05:08] Henrik_T_Scaletta lábon lõtte õt: Dave_R_Vincenzo
[17:32:21] Johnny_Wheeler meghalt (-), oka: Leesett - Pénz: 2431Ft - Pos: 489, 1402, 5
[17:35:50] Blake_Browns plusz kórház jail ideje 120 másodpercre nõtt (+120mp)
[17:35:50] Blake_Browns lábon lõtte õt: Leone_Thomasino
[17:36:30] Steve_J_Sorrentino fejen lõtte õt: Fekete_Erik
[17:36:30] Steve_J_Sorrentino megölte Fekete_Erik-t ezzel: M4 - Pénz: 37406Ft - Pos: 2136, 2021, 11
[17:36:30] Steve_J_Sorrentino plusz kórház jail ideje 180 másodpercre nõtt (+180mp)
[17:36:32] Steve_J_Sorrentino fejen lõtte õt: Earl_Fooster
[17:36:32] Steve_J_Sorrentino megölte Earl_Fooster-t ezzel: M4 - Pénz: 0Ft - Pos: 2135, 2022, 10
[17:36:32] Steve_J_Sorrentino plusz kórház jail ideje 360 másodpercre nõtt (+180mp)
[17:36:34] Steve_J_Sorrentino fejen lõtte õt: Blake_Browns
[17:36:34] Steve_J_Sorrentino megölte Blake_Browns-t ezzel: M4 - Pénz: 0Ft - Pos: 2135, 2022, 10
[17:36:34] Steve_J_Sorrentino plusz kórház jail ideje 540 másodpercre nõtt (+180mp)
[17:36:34] Steve_J_Sorrentino fejen lõtte õt: Blake_Browns
[17:38:24] Cody_Aciano meghalt (-), oka: Leesett - Pénz: 310Ft - Pos: 1908, -1038, 23
[17:50:25] Jason_Toretto fejen lõtte õt: Edie_Morra
[17:50:25] Jason_Toretto megölte Edie_Morra-t ezzel: M4 - Pénz: 0Ft - Pos: -792, -998, 80
[17:50:25] Jason_Toretto plusz kórház jail ideje 3600 másodpercre nõtt (+180mp)
[17:56:15] Dave_R_Vincenzo megölte James_Creed-t ezzel: Ököl - Pénz: 0Ft - Pos: 1339, 1342, 10
[17:56:15] Dave_R_Vincenzo plusz kórház jail ideje 360 másodpercre nõtt (+180mp)
[18:01:51] Krist_Roscoe fejen lõtte õt: Radovan_S_Barett
[18:01:51] Krist_Roscoe megölte Radovan_S_Barett-t ezzel: MP5 - Pénz: 37406Ft - Pos: 231, 181, 1003
[18:01:51] Krist_Roscoe plusz kórház jail ideje 180 másodpercre nõtt (+180mp)
[18:14:32] Tom_Zecchin fejen lõtte õt: Stefan_Berger
[18:14:38] Tom_Zecchin fejen lõtte õt: Charlie_Leanders
[18:16:02] Hugo_Toretto lábon lõtte õt: Paul_D_Cortez
[18:16:05] Hugo_Toretto lábon lõtte õt: Atsuya_D_Freeman
[18:16:06] Hugo_Toretto lábon lõtte õt: Victor_Jr_Zecchin
[18:16:07] Tyler_Wish lábon lõtte õt: Hugo_Toretto
[18:16:13] Tom_Zecchin fejen lõtte õt: Tyler_Wish
[18:16:13] Tom_Torres lábon lõtte õt: Mark_Bishop
[18:36:06] Earl_Fooster fejen lõtte õt: Leone_S_Tomasso
[18:36:06] Earl_Fooster megölte Leone_S_Tomasso-t ezzel: MP5 - Pénz: 52908Ft - Pos: 2725, -1105, 69
[18:36:06] Earl_Fooster plusz kórház jail ideje 180 másodpercre nõtt (+180mp)
[18:37:05] Patrick_Zecchin fejen lõtte õt: Blake_Browns
[18:37:06] Patrick_Zecchin megölte Blake_Browns-t ezzel: M4 - Pénz: 0Ft - Pos: 2700, -1014, 101
[18:37:06] Patrick_Zecchin plusz kórház jail ideje 300 másodpercre nõtt (+180mp)
[18:37:15] Patrick_Zecchin fejen lõtte õt: Earl_Fooster
[18:37:15] Patrick_Zecchin megölte Earl_Fooster-t ezzel: M4 - Pénz: 0Ft - Pos: 2752, -1224, 114
[18:37:15] Patrick_Zecchin plusz kórház jail ideje 480 másodpercre nõtt (+180mp)
[18:45:51] Milinte_Brasco sniperrel meglõtte õt: Mark_Bishop
[18:46:13] Dave_R_Vincenzo sniperrel meglõtte õt: Paul_D_Cortez
[18:46:21] Tyler_Wish fejen lõtte õt: Milinte_Brasco
[18:46:35] James_Creed lábon lõtte õt: Charlie_Leanders
[18:47:00] Tyler_Wish fejen lõtte õt: James_Creed
[18:47:00] James_Creed fejen lõtte õt: Tyler_Wish
[18:47:21] Hugo_Toretto fejen lõtte õt: Victor_Jr_Zecchin
[18:47:25] Hugo_Toretto lábon lõtte õt: Darius_N_Ortega
[18:47:26] Atsuya_D_Freeman lábon lõtte õt: Hugo_Toretto
[18:47:30] Norbert_N_Ortega fejen lõtte õt: Yamato_Bosco
[19:01:18] Norbert_N_Ortega fejen lõtte õt: Krisztofer_Vincenzo
[19:02:16] Dave_R_Vincenzo lábon lõtte õt: Stefan_Berger
[19:02:26] Atsuya_D_Freeman lábon lõtte õt: Dave_R_Vincenzo
[19:17:00] Atsuya_D_Freeman fejen lõtte õt: Dominic_Vincenzo
[19:21:49] Jason_Toretto fejen lõtte õt: Victor_Jr_Zecchin
[19:21:49] Jason_Toretto megölte Victor_Jr_Zecchin-t ezzel: M4 - Pénz: 135191Ft - Pos: -1609, -1208, 68
[19:21:49] Jason_Toretto plusz kórház jail ideje 3780 másodpercre nõtt (+180mp)
[19:21:57] Jason_Toretto plusz kórház jail ideje 3900 másodpercre nõtt (+120mp)
[19:21:57] Jason_Toretto lábon lõtte õt: Thomas_Berzerk
[19:22:43] Jason_Toretto fejen lõtte õt: Thomas_Berzerk
[19:22:43] Jason_Toretto megölte Thomas_Berzerk-t ezzel: Combat - Pénz: 0Ft - Pos: -1607, -1209, 68
[19:22:43] Jason_Toretto plusz kórház jail ideje 4080 másodpercre nõtt (+180mp)
[19:38:14] Tyler_Wish lábon lõtte õt: Markus_D_Zecchin
[19:38:23] Chris_S_Black fejen lõtte õt: Mark_Bishop
[19:38:30] Tyler_Wish lábon lõtte õt: Raul_Butler
[19:38:39] Damien_Creed fejen lõtte õt: Marcel_B_Hollywood
[19:38:39] Damien_Creed megölte Marcel_B_Hollywood-t ezzel: MP5 - Pénz: 4992Ft - Pos: 680, -602, 15
[19:38:39] Damien_Creed plusz kórház jail ideje 180 másodpercre nõtt (+180mp)
[19:38:42] Damien_Creed fejen lõtte õt: Jason_Toretto
[19:38:42] Damien_Creed megölte Jason_Toretto-t ezzel: MP5 - Pénz: 0Ft - Pos: 682, -602, 16
[19:38:42] Damien_Creed plusz kórház jail ideje 360 másodpercre nõtt (+180mp)
[19:38:46] Diaz_Freeman fejen lõtte õt: Tyler_Wish
[19:39:10] Paul_D_Cortez fejen lõtte õt: Valor_Colin
[19:39:35] Steve_Aoki fejen lõtte õt: Stefan_Berger
[19:39:35] Joe_Surenos lábon lõtte õt: Steve_Aoki
[19:39:42] Nico_Butler fejen lõtte õt: Paul_D_Cortez
[19:40:01] Cseszka_R_Davidson lábon lõtte õt: Cody_Aciano
[19:40:45] John_Salivan plusz kórház jail ideje 540 másodpercre nõtt (+120mp)
[19:40:45] John_Salivan lábon lõtte õt: James_Creed
[19:40:45] David_Toretto fejen lõtte õt: James_Creed
[19:40:45] David_Toretto megölte James_Creed-t ezzel: MP5 - Pénz: 148515Ft - Pos: 657, -578, 16
[19:40:45] David_Toretto plusz kórház jail ideje 180 másodpercre nõtt (+180mp)
[19:40:45] John_Salivan plusz kórház jail ideje 660 másodpercre nõtt (+120mp)
[19:40:45] John_Salivan lábon lõtte õt: James_Creed
[19:40:46] Damien_Creed fejen lõtte õt: John_Salivan
[19:40:46] Henrik_T_Scaletta plusz kórház jail ideje 600 másodpercre nõtt (+120mp)
[19:40:46] Henrik_T_Scaletta lábon lõtte õt: Damien_Creed
[19:40:46] Damien_Creed megölte John_Salivan-t ezzel: MP5 - Pénz: 9973Ft - Pos: 656, -587, 16
[19:40:46] Damien_Creed plusz kórház jail ideje 540 másodpercre nõtt (+180mp)
[19:40:48] Joe_Gates plusz kórház jail ideje 840 másodpercre nõtt (+120mp)
[19:40:48] Joe_Gates lábon lõtte õt: Damien_Creed
[19:40:48] Joe_Gates megölte Damien_Creed-t ezzel: M4 - Pénz: 238329Ft - Pos: 653, -579, 16
[19:40:48] Joe_Gates plusz kórház jail ideje 1020 másodpercre nõtt (+180mp)
[19:40:48] Joe_Gates plusz kórház jail ideje 1140 másodpercre nõtt (+120mp)
[19:40:48] Joe_Gates lábon lõtte õt: Damien_Creed
[19:40:53] Krisztofer_Vincenzo fejen lõtte õt: Joe_Gates
[19:40:53] Krisztofer_Vincenzo megölte Joe_Gates-t ezzel: M4 - Pénz: 0Ft - Pos: 645, -598, 16
[19:40:53] Krisztofer_Vincenzo plusz kórház jail ideje 180 másodpercre nõtt (+180mp)
[19:40:54] Ryder_T_Zecchin lábon lõtte õt: Norbert_N_Ortega
[19:40:55] Krisztofer_Vincenzo fejen lõtte õt: Daniel_Scaletta
[19:40:57] Krisztofer_Vincenzo fejen lõtte õt: David_Toretto
[19:40:57] Krisztofer_Vincenzo megölte David_Toretto-t ezzel: M4 - Pénz: 0Ft - Pos: 654, -578, 16
[19:40:57] Krisztofer_Vincenzo plusz kórház jail ideje 360 másodpercre nõtt (+180mp)
[19:40:59] Ryder_T_Zecchin lábon lõtte õt: Darius_N_Ortega
[19:41:00] Ryder_T_Zecchin lábon lõtte õt: Jerry_Hooward
[19:41:14] Kevin_S_Tomasso plusz kórház jail ideje 120 másodpercre nõtt (+120mp)
[19:41:14] Kevin_S_Tomasso lábon lõtte õt: Dominic_Vincenzo
[19:41:14] Kevin_S_Tomasso megölte Dominic_Vincenzo-t ezzel: M4 - Pénz: 0Ft - Pos: 654, -572, 16
[19:41:14] Kevin_S_Tomasso plusz kórház jail ideje 300 másodpercre nõtt (+180mp)
[19:41:20] Henrik_T_Scaletta fejen lõtte õt: Dave_R_Vincenzo
[19:41:20] Henrik_T_Scaletta megölte Dave_R_Vincenzo-t ezzel: M4 - Pénz: 192Ft - Pos: 655, -497, 16
[19:41:20] Henrik_T_Scaletta plusz kórház jail ideje 780 másodpercre nõtt (+180mp)
[19:45:10] Markus_D_Zecchin plusz kórház jail ideje 120 másodpercre nõtt (+120mp)
[19:45:10] Markus_D_Zecchin lábon lõtte õt: Steve_Aoki
[20:42:31] Hugo_Toretto fejen lõtte õt: Diaz_Freeman
[20:42:31] Diaz_Freeman plusz kórház jail ideje 2700 másodpercre nõtt (+120mp)
[20:42:31] Diaz_Freeman lábon lõtte õt: Hugo_Toretto
[20:43:31] Dave_R_Vincenzo sniperrel meglõtte õt: Valor_Colin
[20:45:06] Dave_R_Vincenzo fejen lõtte õt: Steve_Aoki
[20:46:58] Tom_Zecchin fejen lõtte õt: Ryder_T_Zecchin
[20:47:02] Tom_Zecchin fejen lõtte õt: Mark_B_Hollywood
[20:47:11] Tom_Zecchin fejen lõtte õt: Max_D_Freeman
[20:47:24] Tom_Zecchin fejen lõtte õt: Joe_Surenos
[20:47:38] Cseszka_R_Davidson lábon lõtte õt: Yamato_Bosco
[20:47:39] Damien_Creed fejen lõtte õt: Cseszka_R_Davidson
[20:47:40] Tom_Zecchin lábon lõtte õt: Markus_D_Zecchin
[20:47:41] James_Creed lábon lõtte õt: Martin_B_Zecchin
[20:47:45] Dave_R_Vincenzo lábon lõtte õt: Chris_S_Black
[20:49:13] Martin_B_Zecchin fejen lõtte õt: Diaz_Freeman
[20:49:13] Martin_B_Zecchin megölte Diaz_Freeman-t ezzel: MP5 - Pénz: 0Ft - Pos: -1475, 1493, 8
[20:49:13] Martin_B_Zecchin plusz kórház jail ideje 1440 másodpercre nõtt (+180mp)
[20:49:13] Martin_B_Zecchin fejen lõtte õt: Diaz_Freeman
[21:01:35] Ventura_Zecchin sniperrel meglõtte õt: Cristofer_Francesko
[21:01:48] Joe_Gates plusz kórház jail ideje 120 másodpercre nõtt (+120mp)
[21:01:48] Joe_Gates lábon lõtte õt: Tom_Zecchin
[21:01:50] Kevin_S_Tomasso plusz kórház jail ideje 420 másodpercre nõtt (+120mp)
[21:01:50] Kevin_S_Tomasso lábon lõtte õt: Torres_Butler
[21:01:50] Kevin_S_Tomasso plusz kórház jail ideje 540 másodpercre nõtt (+120mp)
[21:01:50] Kevin_S_Tomasso lábon lõtte õt: Torres_Butler
[21:01:55] Dave_R_Vincenzo fejen lõtte õt: Jin_Sorrentino
[21:01:55] Dave_R_Vincenzo megölte Jin_Sorrentino-t ezzel: Sniper - Pénz: 0Ft - Pos: 1590, -1106, 58
[21:01:55] Dave_R_Vincenzo plusz kórház jail ideje 180 másodpercre nõtt (+180mp)
[21:02:26] Dave_R_Vincenzo sniperrel meglõtte õt: Nick_R_Wilson
[21:02:28] Dave_R_Vincenzo sniperrel meglõtte õt: David_Toretto
[21:02:49] Ralf_S_Tomasso fejen lõtte õt: Damien_Creed
[21:02:49] Ralf_S_Tomasso megölte Damien_Creed-t ezzel: M4 - Pénz: 0Ft - Pos: 1493, -1043, 23
[21:02:49] Ralf_S_Tomasso plusz kórház jail ideje 480 másodpercre nõtt (+180mp)
[21:03:18] Patrick_Zecchin fejen lõtte õt: Dominic_Vincenzo
[21:03:18] Patrick_Zecchin megölte Dominic_Vincenzo-t ezzel: M4 - Pénz: 0Ft - Pos: 1530, -1067, 25
[21:03:18] Patrick_Zecchin plusz kórház jail ideje 660 másodpercre nõtt (+180mp)
[21:03:18] James_Creed plusz kórház jail ideje 29 másodpercre nõtt (+120mp)
[21:03:18] James_Creed lábon lõtte õt: Don_Sorrentino
[21:03:22] Dave_R_Vincenzo sniperrel meglõtte õt: Freddie_B_Scaletta
[21:03:22] James_Creed plusz kórház jail ideje 149 másodpercre nõtt (+120mp)
[21:03:22] James_Creed lábon lõtte õt: Freddie_B_Scaletta
[21:03:51] Dave_R_Vincenzo sniperrel meglõtte õt: Costa_Miles
[21:04:12] Ventura_Zecchin sniperrel meglõtte õt: Kevin_S_Tomasso
[21:04:19] Ventura_Zecchin sniperrel meglõtte õt: Horvath_Adrian
[21:04:24] Patrick_Zecchin plusz kórház jail ideje 780 másodpercre nõtt (+120mp)
[21:04:24] Patrick_Zecchin lábon lõtte õt: Yamato_Bosco
[21:04:25] Patrick_Zecchin plusz kórház jail ideje 900 másodpercre nõtt (+120mp)
[21:04:25] Patrick_Zecchin lábon lõtte õt: Yamato_Bosco
[21:04:58] Patrick_Zecchin fejen lõtte õt: Ventura_Zecchin
[21:04:58] Patrick_Zecchin megölte Ventura_Zecchin-t ezzel: M4 - Pénz: 8898Ft - Pos: 1327, -1143, 23
[21:04:58] Patrick_Zecchin plusz kórház jail ideje 1080 másodpercre nõtt (+180mp)
[21:05:12] Patrick_Zecchin fejen lõtte õt: Hugo_Toretto
[21:05:12] Patrick_Zecchin megölte Hugo_Toretto-t ezzel: M4 - Pénz: 0Ft - Pos: 1461, -1192, 20
[21:05:12] Patrick_Zecchin plusz kórház jail ideje 1260 másodpercre nõtt (+180mp)
[21:05:25] Dave_R_Vincenzo fejen lõtte õt: Daniel_Scaletta
[21:05:25] Dave_R_Vincenzo megölte Daniel_Scaletta-t ezzel: Sniper - Pénz: 0Ft - Pos: 1553, -1144, 24
[21:05:25] Dave_R_Vincenzo plusz kórház jail ideje 360 másodpercre nõtt (+180mp)
[21:05:54] Dave_R_Vincenzo sniperrel meglõtte õt: Joe_Gates
[21:06:15] James_Creed sniperrel meglõtte õt: Henrik_T_Scaletta
[21:06:19] Dave_R_Vincenzo sniperrel meglõtte õt: Zero_Hopkins
[21:06:41] James_Creed sniperrel meglõtte õt: Natalia_Inferno
[21:07:30] Dave_R_Vincenzo sniperrel meglõtte õt: Preston_R_Wilson
[21:08:37] Dave_R_Vincenzo sniperrel meglõtte õt: Patrick_Zecchin
[21:08:58] Dave_R_Vincenzo fejen lõtte õt: Marcel_B_Hollywood
[21:08:59] Dave_R_Vincenzo megölte Marcel_B_Hollywood-t ezzel: M4 - Pénz: 0Ft - Pos: 1583, -1081, 56
[21:08:59] Dave_R_Vincenzo plusz kórház jail ideje 540 másodpercre nõtt (+180mp)
[21:09:09] James_Creed sniperrel meglõtte õt: Marcell_O_Neill
[21:09:22] James_Creed sniperrel meglõtte õt: Henrik_T_Scaletta
[21:09:24] James_Creed sniperrel meglõtte õt: Henrik_T_Scaletta
[21:10:50] Kevin_L_Saltzman fejen lõtte õt: Dave_R_Vincenzo
[21:10:50] Kevin_L_Saltzman megölte Dave_R_Vincenzo-t ezzel: M4 - Pénz: 473Ft - Pos: 1591, -1078, 56
[21:10:50] Kevin_L_Saltzman plusz kórház jail ideje 180 másodpercre nõtt (+180mp)
[21:17:26] Kevin_S_Tomasso plusz kórház jail ideje 660 másodpercre nõtt (+120mp)
[21:17:26] Kevin_S_Tomasso lábon lõtte õt: James_Creed
[21:18:50] Kevin_L_Saltzman fejen lõtte õt: Tom_Torres
[21:18:50] Kevin_L_Saltzman megölte Tom_Torres-t ezzel: M4 - Pénz: 0Ft - Pos: 1450, -1156, 23
[21:18:50] Kevin_L_Saltzman plusz kórház jail ideje 360 másodpercre nõtt (+180mp)
[21:21:14] Kevin_S_Tomasso fejen lõtte õt: Raul_Butler
[21:21:14] Kevin_S_Tomasso megölte Raul_Butler-t ezzel: M4 - Pénz: 90082Ft - Pos: 1346, -1090, 23
[21:21:14] Kevin_S_Tomasso plusz kórház jail ideje 840 másodpercre nõtt (+180mp)
[21:24:30] Joe_Gates meghalt (-), oka: Leesett - Pénz: 0Ft - Pos: 1434, -1022, 25
[21:35:05] Stefan_Berger plusz kórház jail ideje 120 másodpercre nõtt (+120mp)
[21:35:05] Stefan_Berger lábon lõtte õt: Jin_Sorrentino
[21:36:52] Patrick_Zecchin fejen lõtte õt: Cody_Aciano
[21:36:52] Patrick_Zecchin megölte Cody_Aciano-t ezzel: M4 - Pénz: 0Ft - Pos: 329, -1833, 3
[21:36:52] Patrick_Zecchin plusz kórház jail ideje 1440 másodpercre nõtt (+180mp)
[21:45:20] Marcell_O_Neill meghalt (-), oka: Leesett - Pénz: 4200Ft - Pos: 1384, -1859, 13
[21:58:24] Natalia_Inferno meghalt (-), oka: Leesett - Pénz: 0Ft - Pos: 677, -819, 75
[22:01:23] Jason_Toretto fejen lõtte õt: Nelson_Washington
[22:01:23] Jason_Toretto megölte Nelson_Washington-t ezzel: Deagle - Pénz: 15082Ft - Pos: 1535, -1697, 13
[22:01:23] Jason_Toretto plusz kórház jail ideje 180 másodpercre nõtt (+180mp)
[22:07:55] Dukai_Roland meghalt (-), oka: Leesett - Pénz: 0Ft - Pos: -365, -908, 50
[22:21:35] Costa_Miles meghalt (-), oka: Leesett - Pénz: 40243Ft - Pos: -1642, 719, 15
[22:35:36] Matt_Creed sniperrel meglõtte õt: Yamato_Bosco
[22:35:43] Matt_Creed sniperrel meglõtte õt: Natalia_Inferno
[22:35:43] Krist_Roscoe plusz kórház jail ideje 300 másodpercre nõtt (+120mp)
[22:35:43] Krist_Roscoe lábon lõtte õt: Natalia_Inferno
[22:36:44] Matt_Creed sniperrel meglõtte õt: Antonn_Fedorov
[22:37:48] Nelson_Washington fejen lõtte õt: Freddie_B_Scaletta
[22:37:48] Nelson_Washington megölte Freddie_B_Scaletta-t ezzel: M4 - Pénz: 0Ft - Pos: -139, -1427, 2
[22:37:48] Nelson_Washington plusz kórház jail ideje 180 másodpercre nõtt (+180mp)
[22:38:53] William_Cortez fejen lõtte õt: Preston_R_Wilson
[22:38:53] William_Cortez megölte Preston_R_Wilson-t ezzel: MP5 - Pénz: 0Ft - Pos: -210, -1634, 2
[22:38:53] William_Cortez plusz kórház jail ideje 180 másodpercre nõtt (+180mp)
[22:38:55] Matt_Creed sniperrel meglõtte õt: Damien_Creed
[22:39:07] William_Cortez fejen lõtte õt: Marcel_B_Hollywood
[22:39:07] William_Cortez megölte Marcel_B_Hollywood-t ezzel: MP5 - Pénz: 0Ft - Pos: -209, -1635, 3
[22:39:07] William_Cortez plusz kórház jail ideje 360 másodpercre nõtt (+180mp)
[22:48:33] Sam_Witwicky plusz kórház jail ideje 120 másodpercre nõtt (+120mp)
[22:48:33] Sam_Witwicky lábon lõtte õt: Bent_Washington
[23:14:07] Damien_Creed plusz kórház jail ideje 120 másodpercre nõtt (+120mp)
[23:14:07] Damien_Creed lábon lõtte õt: Usate_Krukenberg
[23:14:08] Damien_Creed plusz kórház jail ideje 240 másodpercre nõtt (+120mp)
[23:14:08] Damien_Creed lábon lõtte õt: Usate_Krukenberg
[23:14:10] Damien_Creed plusz kórház jail ideje 360 másodpercre nõtt (+120mp)
[23:14:10] Damien_Creed lábon lõtte õt: Usate_Krukenberg
[23:14:13] Marcel_B_Hollywood plusz kórház jail ideje 120 másodpercre nõtt (+120mp)
[23:14:13] Marcel_B_Hollywood lábon lõtte õt: Damien_Creed
[23:30:18] Antonn_Fedorov meghalt (-), oka: Megfulladt - Pénz: 0Ft - Pos: 366, 4978, 7
[23:32:07] Henrik_T_Scaletta sniperrel meglõtte õt: Preston_R_Wilson
[23:32:08] Henrik_T_Scaletta sniperrel meglõtte õt: Preston_R_Wilson
[23:32:17] Henrik_T_Scaletta sniperrel meglõtte õt: Preston_R_Wilson
[23:32:22] Preston_R_Wilson fejen lõtte õt: Henrik_T_Scaletta
[23:32:43] Henrik_T_Scaletta fejen lõtte õt: Preston_R_Wilson
[23:32:43] Henrik_T_Scaletta fejen lõtte õt: Preston_R_Wilson
[23:33:48] Preston_R_Wilson lábon lõtte õt: Henrik_T_Scaletta
[23:33:59] Henrik_T_Scaletta fejen lõtte õt: Preston_R_Wilson
[23:34:27] Preston_R_Wilson fejen lõtte õt: Henrik_T_Scaletta
[23:47:37] Preston_R_Wilson fejen lõtte õt: Marcel_B_Hollywood
[23:47:37] Preston_R_Wilson megölte Marcel_B_Hollywood-t ezzel: M4 - Pénz: 62406Ft - Pos: 1374, -1454, 13
[23:47:37] Preston_R_Wilson plusz kórház jail ideje 180 másodpercre nõtt (+180mp)
[23:54:30] Antonn_Fedorov lábon lõtte õt: Tyler_Wish
[23:54:38] Tom_Torres lábon lõtte õt: Darius_N_Ortega
[23:54:44] Tom_Torres lábon lõtte õt: Norbert_N_Ortega
[23:54:49] Aldo_B_Dueno lábon lõtte õt: Dominic_Vincenzo
[23:54:58] Aldo_B_Dueno lábon lõtte õt: Tom_Torres
[23:55:34] Aldo_B_Dueno lábon lõtte õt: Antonn_Fedorov
[23:55:41] Aldo_B_Dueno lábon lõtte õt: Krisztofer_Vincenzo
[23:55:46] Aldo_B_Dueno lábon lõtte õt: Yamato_Bosco
