[01:27:22] Marcell_O_Neill plusz kórház jail ideje 120 másodpercre nõtt (+120mp)
[01:27:22] Marcell_O_Neill lábon lõtte õt: Nagato_Brasco
[01:27:23] Marcell_O_Neill megölte Nagato_Brasco-t ezzel: M4 - Pénz: 0Ft - Pos: 225, 1026, 1084
[01:27:23] Marcell_O_Neill plusz kórház jail ideje 300 másodpercre nõtt (+180mp)
[01:27:34] Marcell_O_Neill megölte Shura_Sharma-t ezzel: M4 - Pénz: 0Ft - Pos: 231, 1034, 1084
[01:27:34] Marcell_O_Neill plusz kórház jail ideje 480 másodpercre nõtt (+180mp)
[01:31:19] Marcell_O_Neill fejen lõtte õt: Akos_White
[01:31:19] Marcell_O_Neill megölte Akos_White-t ezzel: M4 - Pénz: 332856Ft - Pos: 2773, -1620, 10
[01:31:19] Marcell_O_Neill plusz kórház jail ideje 660 másodpercre nõtt (+180mp)
[01:33:25] Akos_White fejen lõtte õt: Marcell_O_Neill
[01:33:25] Akos_White megölte Marcell_O_Neill-t ezzel: M4 - Pénz: 1Ft - Pos: 2798, -1585, 10
[01:33:25] Akos_White plusz kórház jail ideje 180 másodpercre nõtt (+180mp)
[01:33:59] Marcell_O_Neill megölte Akos_White-t ezzel: M4 - Pénz: 0Ft - Pos: 2798, -1586, 10
[01:33:59] Marcell_O_Neill plusz kórház jail ideje 180 másodpercre nõtt (+180mp)
[01:43:12] Nagato_Brasco megölte Marcell_O_Neill-t ezzel: M4 - Pénz: 0Ft - Pos: -2748, 508, 18
[01:43:12] Nagato_Brasco plusz kórház jail ideje 180 másodpercre nõtt (+180mp)
[01:50:16] Shura_Sharma meghalt (-), oka: Leesett - Pénz: 0Ft - Pos: 1621, -1294, 40
[02:42:19] Shura_Sharma meghalt (-), oka: Leesett - Pénz: 0Ft - Pos: 50, 50, 3
[09:35:01] Atsuya_D_Freeman plusz kórház jail ideje 120 másodpercre nõtt (+120mp)
[09:35:01] Atsuya_D_Freeman lábon lõtte õt: Keny_Da_Silva
[09:55:28] Chris_S_Black fejen lõtte õt: Johan_B_Black
[09:55:28] Chris_S_Black megölte Johan_B_Black-t ezzel: Deagle - Pénz: 73004Ft - Pos: 2461, -1662, 13
[09:55:28] Chris_S_Black plusz kórház jail ideje 360 másodpercre nõtt (+180mp)
[09:56:10] Dave_R_Vincenzo meghalt (-), oka: Leesett - Pénz: 213221Ft - Pos: -539, -1007, 25
[10:15:09] Carlos_D_Surenos plusz kórház jail ideje 120 másodpercre nõtt (+120mp)
[10:15:09] Carlos_D_Surenos lábon lõtte õt: Don_Sorrentino
[10:15:10] Pekano_S_Barett fejen lõtte õt: Don_Sorrentino
[10:15:10] Pekano_S_Barett megölte Don_Sorrentino-t ezzel: MP5 - Pénz: 0Ft - Pos: 1452, 1576, 15
[10:15:10] Pekano_S_Barett plusz kórház jail ideje 180 másodpercre nõtt (+180mp)
[10:15:10] Pekano_S_Barett plusz kórház jail ideje 300 másodpercre nõtt (+120mp)
[10:15:10] Pekano_S_Barett lábon lõtte õt: Denny_Toretto
[10:16:07] Carlos_D_Surenos fejen lõtte õt: Strong_D_Black
[10:16:07] Carlos_D_Surenos megölte Strong_D_Black-t ezzel: Combat - Pénz: 0Ft - Pos: 1440, 1561, 12
[10:16:07] Carlos_D_Surenos plusz kórház jail ideje 300 másodpercre nõtt (+180mp)
[10:19:09] Dave_R_Vincenzo fejen lõtte õt: Jin_Sorrentino
[10:19:09] Dave_R_Vincenzo megölte Jin_Sorrentino-t ezzel: MP5 - Pénz: 0Ft - Pos: 1443, 1561, 13
[10:19:09] Dave_R_Vincenzo plusz kórház jail ideje 180 másodpercre nõtt (+180mp)
[10:20:14] Carlos_D_Surenos fejen lõtte õt: Denny_Toretto
[10:20:15] Carlos_D_Surenos fejen lõtte õt: Denny_Toretto
[10:20:15] Carlos_D_Surenos fejen lõtte õt: Denny_Toretto
[10:20:26] Carlos_D_Surenos megölte Denny_Toretto-t ezzel: Combat - Pénz: 258Ft - Pos: 1442, 1561, 13
[10:20:26] Carlos_D_Surenos plusz kórház jail ideje 480 másodpercre nõtt (+180mp)
[10:23:26] Georg_B_Hollywood plusz kórház jail ideje 120 másodpercre nõtt (+120mp)
[10:23:26] Georg_B_Hollywood lábon lõtte õt: Robert_Scaletta
[10:23:26] Georg_B_Hollywood plusz kórház jail ideje 240 másodpercre nõtt (+120mp)
[10:23:26] Georg_B_Hollywood lábon lõtte õt: Robert_Scaletta
[10:23:37] Georg_B_Hollywood fejen lõtte õt: Robert_Scaletta
[10:23:37] Georg_B_Hollywood megölte Robert_Scaletta-t ezzel: M4 - Pénz: 0Ft - Pos: 1741, -2088, 13
[10:23:37] Georg_B_Hollywood plusz kórház jail ideje 420 másodpercre nõtt (+180mp)
[10:23:37] Georg_B_Hollywood fejen lõtte õt: Robert_Scaletta
[10:27:31] Diaz_Freeman fejen lõtte õt: Ryan_B_Mike
[10:27:31] Diaz_Freeman megölte Ryan_B_Mike-t ezzel: AK47 - Pénz: 0Ft - Pos: 1853, -2098, 13
[10:27:31] Diaz_Freeman plusz kórház jail ideje 180 másodpercre nõtt (+180mp)
[10:27:40] Georg_B_Hollywood sniperrel meglõtte õt: John_Lawrence
[10:28:30] Georg_B_Hollywood fejen lõtte õt: John_Lawrence
[10:28:31] Georg_B_Hollywood megölte John_Lawrence-t ezzel: M4 - Pénz: -19089Ft - Pos: 1836, -2104, 13
[10:28:31] Georg_B_Hollywood plusz kórház jail ideje 600 másodpercre nõtt (+180mp)
[10:37:39] Diaz_Freeman fejen lõtte õt: Don_Sorrentino
[10:37:39] Diaz_Freeman megölte Don_Sorrentino-t ezzel: AK47 - Pénz: 0Ft - Pos: 1481, -1042, 23
[10:37:39] Diaz_Freeman plusz kórház jail ideje 360 másodpercre nõtt (+180mp)
[10:37:40] Diaz_Freeman fejen lõtte õt: Strong_D_Black
[10:38:08] Carlos_D_Surenos plusz kórház jail ideje 600 másodpercre nõtt (+120mp)
[10:38:08] Carlos_D_Surenos lábon lõtte õt: Robert_Scaletta
[10:38:08] Carlos_D_Surenos plusz kórház jail ideje 720 másodpercre nõtt (+120mp)
[10:38:08] Carlos_D_Surenos lábon lõtte õt: Robert_Scaletta
[10:38:09] Carlos_D_Surenos plusz kórház jail ideje 840 másodpercre nõtt (+120mp)
[10:38:09] Carlos_D_Surenos lábon lõtte õt: Robert_Scaletta
[10:38:09] Carlos_D_Surenos plusz kórház jail ideje 960 másodpercre nõtt (+120mp)
[10:38:09] Carlos_D_Surenos lábon lõtte õt: Robert_Scaletta
[10:38:36] Diaz_Freeman plusz kórház jail ideje 480 másodpercre nõtt (+120mp)
[10:38:36] Diaz_Freeman lábon lõtte õt: Keny_Da_Silva
[10:39:31] Carlos_D_Surenos plusz kórház jail ideje 1080 másodpercre nõtt (+120mp)
[10:39:31] Carlos_D_Surenos lábon lõtte õt: Ryan_B_Mike
[10:39:43] Carlos_D_Surenos plusz kórház jail ideje 1200 másodpercre nõtt (+120mp)
[10:39:43] Carlos_D_Surenos lábon lõtte õt: Ryan_B_Mike
[10:39:43] Carlos_D_Surenos fejen lõtte õt: Ryan_B_Mike
[10:39:43] Carlos_D_Surenos megölte Ryan_B_Mike-t ezzel: MP5 - Pénz: 0Ft - Pos: 1470, -1082, 23
[10:39:43] Carlos_D_Surenos plusz kórház jail ideje 1380 másodpercre nõtt (+180mp)
[10:39:43] Carlos_D_Surenos fejen lõtte õt: Ryan_B_Mike
[10:39:49] Georg_B_Hollywood fejen lõtte õt: Strong_D_Black
[10:39:49] Georg_B_Hollywood megölte Strong_D_Black-t ezzel: MP5 - Pénz: 0Ft - Pos: 1455, -1037, 23
[10:39:49] Georg_B_Hollywood plusz kórház jail ideje 780 másodpercre nõtt (+180mp)
[10:39:49] Georg_B_Hollywood fejen lõtte õt: Strong_D_Black
[10:45:31] Ralf_S_Tomasso plusz kórház jail ideje 960 másodpercre nõtt (+120mp)
[10:45:31] Ralf_S_Tomasso lábon lõtte õt: Charlie_Leanders
[10:48:54] Szekely_Klara fejen lõtte õt: Strong_D_Black
[10:48:54] Szekely_Klara megölte Strong_D_Black-t ezzel: MP5 - Pénz: 0Ft - Pos: 2210, -1469, 23
[10:48:54] Szekely_Klara plusz kórház jail ideje 180 másodpercre nõtt (+180mp)
[10:49:11] Patrick_Zecchin plusz kórház jail ideje 1080 másodpercre nõtt (+120mp)
[10:49:11] Patrick_Zecchin lábon lõtte õt: Atsuya_D_Freeman
[10:49:19] Pekano_S_Barett plusz kórház jail ideje 420 másodpercre nõtt (+120mp)
[10:49:19] Pekano_S_Barett lábon lõtte õt: Ryan_B_Mike
[10:49:19] Pekano_S_Barett plusz kórház jail ideje 540 másodpercre nõtt (+120mp)
[10:49:19] Pekano_S_Barett lábon lõtte õt: Ryan_B_Mike
[10:49:42] Pekano_S_Barett plusz kórház jail ideje 660 másodpercre nõtt (+120mp)
[10:49:42] Pekano_S_Barett lábon lõtte õt: Ryan_B_Mike
[10:50:48] Kevin_S_Tomasso fejen lõtte õt: Georg_B_Hollywood
[10:50:48] Kevin_S_Tomasso megölte Georg_B_Hollywood-t ezzel: M4 - Pénz: 0Ft - Pos: 2141, -2264, 22
[10:50:48] Kevin_S_Tomasso plusz kórház jail ideje 180 másodpercre nõtt (+180mp)
[10:52:53] Victor_Jr_Zecchin plusz kórház jail ideje 120 másodpercre nõtt (+120mp)
[10:52:53] Victor_Jr_Zecchin lábon lõtte õt: Don_Sorrentino
[10:52:55] Keny_Da_Silva fejen lõtte õt: Charlie_Leanders
[10:52:55] Keny_Da_Silva megölte Charlie_Leanders-t ezzel: Deagle - Pénz: 0Ft - Pos: 2140, -2114, 14
[10:52:55] Keny_Da_Silva plusz kórház jail ideje 180 másodpercre nõtt (+180mp)
[10:52:56] Victor_Jr_Zecchin plusz kórház jail ideje 240 másodpercre nõtt (+120mp)
[10:52:56] Victor_Jr_Zecchin lábon lõtte õt: Keny_Da_Silva
[10:52:56] Victor_Jr_Zecchin plusz kórház jail ideje 360 másodpercre nõtt (+120mp)
[10:52:56] Victor_Jr_Zecchin lábon lõtte õt: Keny_Da_Silva
[10:54:05] Cristofer_Francesko fejen lõtte õt: Charlie_Leanders
[10:54:05] Cristofer_Francesko megölte Charlie_Leanders-t ezzel: AK47 - Pénz: 0Ft - Pos: 2139, -2113, 13
[10:54:05] Cristofer_Francesko plusz kórház jail ideje 180 másodpercre nõtt (+180mp)
[10:54:40] Bryan_B_Hollywood fejen lõtte õt: Akos_B_Gates
[10:54:40] Bryan_B_Hollywood megölte Akos_B_Gates-t ezzel: MP5 - Pénz: 1074928Ft - Pos: 890, -767, 95
[10:54:40] Bryan_B_Hollywood plusz kórház jail ideje 180 másodpercre nõtt (+180mp)
[10:57:53] Kevin_S_Tomasso plusz kórház jail ideje 300 másodpercre nõtt (+120mp)
[10:57:53] Kevin_S_Tomasso lábon lõtte õt: Szekely_Klara
[10:57:55] Kevin_S_Tomasso fejen lõtte õt: Victor_Jr_Zecchin
[10:57:55] Kevin_S_Tomasso megölte Victor_Jr_Zecchin-t ezzel: M4 - Pénz: 608844Ft - Pos: 2293, -2210, 11
[10:57:55] Kevin_S_Tomasso plusz kórház jail ideje 480 másodpercre nõtt (+180mp)
[11:03:10] Dave_R_Vincenzo fejen lõtte õt: Robert_Scaletta
[11:03:10] Dave_R_Vincenzo megölte Robert_Scaletta-t ezzel: MP5 - Pénz: 0Ft - Pos: -1581, -802, 49
[11:03:10] Dave_R_Vincenzo plusz kórház jail ideje 360 másodpercre nõtt (+180mp)
[11:03:58] Dave_R_Vincenzo plusz kórház jail ideje 480 másodpercre nõtt (+120mp)
[11:03:58] Dave_R_Vincenzo lábon lõtte õt: Don_Sorrentino
[11:05:18] Carlos_D_Surenos fejen lõtte õt: Valor_Colin
[11:05:18] Carlos_D_Surenos megölte Valor_Colin-t ezzel: MP5 - Pénz: 0Ft - Pos: -1508, -820, 60
[11:05:18] Carlos_D_Surenos plusz kórház jail ideje 1560 másodpercre nõtt (+180mp)
[11:05:20] Carlos_D_Surenos fejen lõtte õt: Strong_D_Black
[11:05:20] Carlos_D_Surenos fejen lõtte õt: Strong_D_Black
[11:06:04] Dave_R_Vincenzo plusz kórház jail ideje 600 másodpercre nõtt (+120mp)
[11:06:04] Dave_R_Vincenzo lábon lõtte õt: Strong_D_Black
[11:11:28] Patrick_Zecchin fejen lõtte õt: Dave_R_Vincenzo
[11:11:28] Patrick_Zecchin megölte Dave_R_Vincenzo-t ezzel: M4 - Pénz: 0Ft - Pos: -1665, -455, 21
[11:11:28] Patrick_Zecchin plusz kórház jail ideje 1260 másodpercre nõtt (+180mp)
[12:06:44] Jason_Toretto sniperrel meglõtte õt: Georg_B_Hollywood
[12:11:16] William_Leroy meghalt (-), oka: Leesett - Pénz: 2760Ft - Pos: 944, -1226, 17
[12:34:38] Georg_B_Hollywood meghalt (-), oka: Leesett - Pénz: 0Ft - Pos: 1526, -1684, 13
[12:37:52] John_Volger meghalt (-), oka: Megfulladt - Pénz: 12500Ft - Pos: -925, 2310, 7
[12:43:02] Mark_B_Hollywood meghalt (-), oka: Leesett - Pénz: 559Ft - Pos: 1486, -1909, 23
[12:57:31] Krisztofer_Vincenzo meghalt (-), oka: Leesett - Pénz: 0Ft - Pos: 50, 50, 4
[13:39:54] Calvin_C_Broadus sniperrel meglõtte õt: Kazuyoshi_Akira
[13:40:02] Earl_Fooster plusz kórház jail ideje 120 másodpercre nõtt (+120mp)
[13:40:02] Earl_Fooster lábon lõtte õt: Max_Navarro
[13:40:48] George_B_Hollywood plusz kórház jail ideje 2160 másodpercre nõtt (+120mp)
[13:40:48] George_B_Hollywood lábon lõtte õt: Krisztofer_Vincenzo
[13:40:48] George_B_Hollywood plusz kórház jail ideje 2280 másodpercre nõtt (+120mp)
[13:40:48] George_B_Hollywood lábon lõtte õt: Krisztofer_Vincenzo
[13:41:47] Earl_Fooster fejen lõtte õt: Calvin_C_Broadus
[13:41:47] Earl_Fooster megölte Calvin_C_Broadus-t ezzel: MP5 - Pénz: 996271Ft - Pos: 2148, 1608, 1000
[13:41:47] Earl_Fooster plusz kórház jail ideje 300 másodpercre nõtt (+180mp)
[13:42:01] Tom_Torres fejen lõtte õt: Mark_B_Hollywood
[13:42:01] Mark_B_Hollywood plusz kórház jail ideje 120 másodpercre nõtt (+120mp)
[13:42:01] Mark_B_Hollywood lábon lõtte õt: Tom_Torres
[13:42:01] Tom_Torres megölte Mark_B_Hollywood-t ezzel: AK47 - Pénz: 5000Ft - Pos: 2221, 1568, 1000
[13:42:01] Tom_Torres plusz kórház jail ideje 360 másodpercre nõtt (+180mp)
[13:42:03] Ernesto_Surenos plusz kórház jail ideje 300 másodpercre nõtt (+120mp)
[13:42:03] Ernesto_Surenos lábon lõtte õt: Tom_Torres
[13:42:07] Earl_Fooster plusz kórház jail ideje 420 másodpercre nõtt (+120mp)
[13:42:07] Earl_Fooster lábon lõtte õt: Bruce_Inferno
[13:42:07] Earl_Fooster plusz kórház jail ideje 540 másodpercre nõtt (+120mp)
[13:42:07] Earl_Fooster lábon lõtte õt: Tom_Zecchin
[13:42:10] Niki_Freeman plusz kórház jail ideje 300 másodpercre nõtt (+120mp)
[13:42:10] Niki_Freeman lábon lõtte õt: Pekano_S_Barett
[13:42:11] Niki_Freeman plusz kórház jail ideje 420 másodpercre nõtt (+120mp)
[13:42:11] Niki_Freeman lábon lõtte õt: Pekano_S_Barett
[13:42:11] Ernesto_Surenos plusz kórház jail ideje 420 másodpercre nõtt (+120mp)
[13:42:11] Ernesto_Surenos lábon lõtte õt: Pekano_S_Barett
[13:42:40] James_Creed fejen lõtte õt: Niki_Freeman
[13:42:40] James_Creed megölte Niki_Freeman-t ezzel: M4 - Pénz: 0Ft - Pos: 2221, 1567, 1001
[13:42:40] James_Creed plusz kórház jail ideje 420 másodpercre nõtt (+180mp)
[13:42:44] Ernesto_Surenos plusz kórház jail ideje 540 másodpercre nõtt (+120mp)
[13:42:44] Ernesto_Surenos lábon lõtte õt: James_Creed
[13:42:44] Ernesto_Surenos plusz kórház jail ideje 660 másodpercre nõtt (+120mp)
[13:42:44] Ernesto_Surenos lábon lõtte õt: James_Creed
[13:44:55] Levy_B_Hollywood meghalt (-), oka: Leesett - Pénz: 1990043Ft - Pos: -1891, -116, 23
[13:45:29] Sidney_Tribiani plusz kórház jail ideje 120 másodpercre nõtt (+120mp)
[13:45:29] Sidney_Tribiani lábon lõtte õt: Joe_Surenos
[13:45:40] Sidney_Tribiani fejen lõtte õt: Bruce_Inferno
[13:45:40] Sidney_Tribiani megölte Bruce_Inferno-t ezzel: MP5 - Pénz: 0Ft - Pos: 2146, 1602, 1001
[13:45:40] Sidney_Tribiani plusz kórház jail ideje 300 másodpercre nõtt (+180mp)
[13:45:40] Sidney_Tribiani fejen lõtte õt: Bruce_Inferno
[13:45:51] Ryder_B_Dueno plusz kórház jail ideje 600 másodpercre nõtt (+120mp)
[13:45:51] Ryder_B_Dueno lábon lõtte õt: Sidney_Tribiani
[13:52:39] Dave_R_Vincenzo megölte Ernesto_Surenos-t ezzel: M4 - Pénz: 0Ft - Pos: 2218, 1551, 1004
[13:52:39] Dave_R_Vincenzo plusz kórház jail ideje 180 másodpercre nõtt (+180mp)
[13:54:03] Daniel_Scaletta fejen lõtte õt: Markus_D_Zecchin
[13:54:03] Daniel_Scaletta megölte Markus_D_Zecchin-t ezzel: M4 - Pénz: 0Ft - Pos: -2053, 448, 207
[13:54:03] Daniel_Scaletta plusz kórház jail ideje 1020 másodpercre nõtt (+180mp)
[13:57:44] Nelson_Washington plusz kórház jail ideje 120 másodpercre nõtt (+120mp)
[13:57:44] Nelson_Washington lábon lõtte õt: Ryder_B_Dueno
[13:59:58] Diaz_Freeman plusz kórház jail ideje 600 másodpercre nõtt (+120mp)
[13:59:58] Diaz_Freeman lábon lõtte õt: Daniel_Scaletta
[13:59:59] Diaz_Freeman plusz kórház jail ideje 720 másodpercre nõtt (+120mp)
[13:59:59] Diaz_Freeman lábon lõtte õt: Don_Sorrentino
[14:00:49] Diaz_Freeman fejen lõtte õt: Usate_Krukenberg
[14:00:50] Diaz_Freeman megölte Usate_Krukenberg-t ezzel: M4 - Pénz: 0Ft - Pos: -2007, 552, 34
[14:00:50] Diaz_Freeman plusz kórház jail ideje 900 másodpercre nõtt (+180mp)
[14:00:51] Diaz_Freeman fejen lõtte õt: Joshue_White
[14:00:52] Diaz_Freeman fejen lõtte õt: Joshue_White
[14:00:53] Diaz_Freeman fejen lõtte õt: Joshue_White
[14:00:53] Diaz_Freeman fejen lõtte õt: Joshue_White
[14:01:12] Nelson_Washington plusz kórház jail ideje 240 másodpercre nõtt (+120mp)
[14:01:12] Nelson_Washington lábon lõtte õt: George_B_Hollywood
[14:02:42] Mark_B_Hollywood sniperrel meglõtte õt: Nelson_Washington
[14:05:18] Sidney_Tribiani fejen lõtte õt: Steve_Aoki
[14:05:18] Sidney_Tribiani megölte Steve_Aoki-t ezzel: MP5 - Pénz: 0Ft - Pos: -693, -1000, 72
[14:05:18] Sidney_Tribiani plusz kórház jail ideje 480 másodpercre nõtt (+180mp)
[14:06:37] Levi_R_Zecchin fejen lõtte õt: Stefan_Berger
[14:06:37] Levi_R_Zecchin megölte Stefan_Berger-t ezzel: MP5 - Pénz: 0Ft - Pos: -18, -1522, 1
[14:06:37] Levi_R_Zecchin plusz kórház jail ideje 660 másodpercre nõtt (+180mp)
[14:10:53] Thomas_Blackwell meghalt (-), oka: Leesett - Pénz: 22638Ft - Pos: 1476, -1731, 13
[14:21:32] Lorand_Vincenzo fejen lõtte õt: Usate_Krukenberg
[14:21:32] Lorand_Vincenzo megölte Usate_Krukenberg-t ezzel: MP5 - Pénz: 0Ft - Pos: 2505, -1665, 13
[14:21:32] Lorand_Vincenzo plusz kórház jail ideje 180 másodpercre nõtt (+180mp)
[14:21:32] Lorand_Vincenzo fejen lõtte õt: Usate_Krukenberg
[14:21:33] Lorand_Vincenzo fejen lõtte õt: Joshue_White
[14:21:33] Lorand_Vincenzo fejen lõtte õt: Joshue_White
[14:21:33] Lorand_Vincenzo fejen lõtte õt: Joshue_White
[14:21:33] Lorand_Vincenzo fejen lõtte õt: Joshue_White
[14:21:33] Lorand_Vincenzo fejen lõtte õt: Joshue_White
[14:21:33] Lorand_Vincenzo fejen lõtte õt: Joshue_White
[14:21:33] Lorand_Vincenzo fejen lõtte õt: Joshue_White
[14:21:36] Lorand_Vincenzo fejen lõtte õt: Joshue_White
[14:22:22] Kazuyoshi_Akira plusz kórház jail ideje 120 másodpercre nõtt (+120mp)
[14:22:22] Kazuyoshi_Akira lábon lõtte õt: Joshue_White
[14:22:24] George_B_Hollywood fejen lõtte õt: Joshue_White
[14:22:24] Lorand_Vincenzo megölte Joshue_White-t ezzel: MP5 - Pénz: 0Ft - Pos: 2505, -1665, 13
[14:22:24] Lorand_Vincenzo plusz kórház jail ideje 360 másodpercre nõtt (+180mp)
[14:32:20] Markus_D_Zecchin fejen lõtte õt: Chris_S_Black
[14:32:20] Markus_D_Zecchin megölte Chris_S_Black-t ezzel: MP5 - Pénz: 73004Ft - Pos: 1460, -2446, 13
[14:32:20] Markus_D_Zecchin plusz kórház jail ideje 180 másodpercre nõtt (+180mp)
[14:32:20] Markus_D_Zecchin fejen lõtte õt: Chris_S_Black
[14:32:21] Markus_D_Zecchin megölte Chris_S_Black-t ezzel: MP5 - Pénz: 0Ft - Pos: 0, 0, 0
[14:32:21] Markus_D_Zecchin plusz kórház jail ideje 360 másodpercre nõtt (+180mp)
[14:36:03] Dan_B_Hollywood sniperrel meglõtte õt: Levi_R_Zecchin
[14:41:33] Costa_Miles plusz kórház jail ideje 120 másodpercre nõtt (+120mp)
[14:41:33] Costa_Miles lábon lõtte õt: Nagato_Brasco
[14:41:36] Valor_Colin plusz kórház jail ideje 120 másodpercre nõtt (+120mp)
[14:41:36] Valor_Colin lábon lõtte õt: Costa_Miles
[14:55:34] Akos_Vincenzo fejen lõtte õt: Freddie_B_Scaletta
[14:55:34] Akos_Vincenzo megölte Freddie_B_Scaletta-t ezzel: M4 - Pénz: 6865Ft - Pos: 613, -1458, 14
[14:55:34] Akos_Vincenzo plusz kórház jail ideje 180 másodpercre nõtt (+180mp)
[14:57:35] Tom_Torres fejen lõtte õt: Usate_Krukenberg
[14:57:35] Tom_Torres megölte Usate_Krukenberg-t ezzel: M4 - Pénz: 0Ft - Pos: -535, -904, 55
[14:57:35] Tom_Torres plusz kórház jail ideje 540 másodpercre nõtt (+180mp)
[14:57:37] Sidney_Tribiani fejen lõtte õt: Nelson_Washington
[14:57:37] Sidney_Tribiani megölte Nelson_Washington-t ezzel: MP5 - Pénz: 0Ft - Pos: 618, -1468, 14
[14:57:37] Sidney_Tribiani plusz kórház jail ideje 660 másodpercre nõtt (+180mp)
[14:57:50] Don_Sorrentino plusz kórház jail ideje 120 másodpercre nõtt (+120mp)
[14:57:50] Don_Sorrentino lábon lõtte õt: Sidney_Tribiani
[14:57:59] Ryan_Lennox meghalt (-), oka: Leesett - Pénz: 0Ft - Pos: 267, 1886, -29
[14:58:54] Dom_Wheeler meghalt (-), oka: Leesett - Pénz: 0Ft - Pos: 272, 1881, -29
[15:04:48] Levi_R_Zecchin fejen lõtte õt: Daniel_Scaletta
[15:04:48] Levi_R_Zecchin megölte Daniel_Scaletta-t ezzel: MP5 - Pénz: 0Ft - Pos: 745, -1436, 13
[15:04:48] Levi_R_Zecchin plusz kórház jail ideje 840 másodpercre nõtt (+180mp)
[15:05:15] Levi_R_Zecchin plusz kórház jail ideje 960 másodpercre nõtt (+120mp)
[15:05:15] Levi_R_Zecchin lábon lõtte õt: Jin_Sorrentino
[15:07:16] Levi_R_Zecchin fejen lõtte õt: Javier_B_Hollywood
[15:07:16] Levi_R_Zecchin megölte Javier_B_Hollywood-t ezzel: MP5 - Pénz: 0Ft - Pos: 700, -1122, 17
[15:07:16] Levi_R_Zecchin plusz kórház jail ideje 1140 másodpercre nõtt (+180mp)
[15:07:42] Nagato_Brasco sniperrel meglõtte õt: Zero_Hopkins
[15:07:55] Denny_Toretto fejen lõtte õt: Ventura_Zecchin
[15:07:55] Denny_Toretto megölte Ventura_Zecchin-t ezzel: M4 - Pénz: 0Ft - Pos: 710, -1112, 18
[15:07:55] Denny_Toretto plusz kórház jail ideje 180 másodpercre nõtt (+180mp)
[15:07:55] Denny_Toretto fejen lõtte õt: Levi_R_Zecchin
[15:07:55] Denny_Toretto megölte Levi_R_Zecchin-t ezzel: M4 - Pénz: 37406Ft - Pos: 710, -1112, 18
[15:07:55] Denny_Toretto plusz kórház jail ideje 360 másodpercre nõtt (+180mp)
[15:15:35] Markus_D_Zecchin lábon lõtte õt: James_Creed
[15:15:37] Markus_D_Zecchin lábon lõtte õt: Krisztofer_Vincenzo
[15:15:42] Lorand_Vincenzo lábon lõtte õt: Dave_R_Vincenzo
[15:17:28] Denny_Toretto fejen lõtte õt: Akos_White
[15:17:28] Denny_Toretto fejen lõtte õt: Akos_White
[15:17:28] Denny_Toretto megölte Akos_White-t ezzel: M4 - Pénz: 0Ft - Pos: -105, -1131, 1
[15:17:28] Denny_Toretto plusz kórház jail ideje 540 másodpercre nõtt (+180mp)
[15:25:52] Marcel_B_Hollywood plusz kórház jail ideje 1440 másodpercre nõtt (+120mp)
[15:25:52] Marcel_B_Hollywood lábon lõtte õt: Max_Navarro
[15:33:24] Lorand_Vincenzo lábon lõtte õt: Antonn_Fedorov
[15:34:19] Krisztofer_Vincenzo fejen lõtte õt: Lorand_Vincenzo
[15:35:35] Sergei_B_Dueno fejen lõtte õt: Tom_Torres
[15:36:27] James_Creed lábon lõtte õt: Markus_D_Zecchin
[15:36:29] Sergei_B_Dueno fejen lõtte õt: Dave_R_Vincenzo
[15:36:33] Krisztofer_Vincenzo fejen lõtte õt: Sergei_B_Dueno
[15:36:48] James_Creed lábon lõtte õt: Steve_Aoki
[15:38:27] Joe_Wheeler lábon lõtte õt: Krisztofer_Vincenzo
[15:38:29] Joe_Wheeler lábon lõtte õt: James_Creed
[15:43:35] Sergei_B_Dueno plusz kórház jail ideje 120 másodpercre nõtt (+120mp)
[15:43:35] Sergei_B_Dueno lábon lõtte õt: Jimmy_Doherty
[15:46:02] Tom_Torres plusz kórház jail ideje 660 másodpercre nõtt (+120mp)
[15:46:02] Tom_Torres lábon lõtte õt: Strong_D_Black
[15:46:03] Denny_Toretto fejen lõtte õt: Pekano_S_Barett
[15:46:03] Denny_Toretto megölte Pekano_S_Barett-t ezzel: M4 - Pénz: 0Ft - Pos: -981, -412, 35
[15:46:03] Denny_Toretto plusz kórház jail ideje 720 másodpercre nõtt (+180mp)
[15:46:04] Denny_Toretto fejen lõtte õt: Dave_R_Vincenzo
[15:46:04] Denny_Toretto megölte Dave_R_Vincenzo-t ezzel: M4 - Pénz: 52230Ft - Pos: -981, -412, 35
[15:46:04] Denny_Toretto plusz kórház jail ideje 900 másodpercre nõtt (+180mp)
[15:46:06] Krisztofer_Vincenzo fejen lõtte õt: Denny_Toretto
[15:46:06] Krisztofer_Vincenzo megölte Denny_Toretto-t ezzel: M4 - Pénz: 0Ft - Pos: -990, -425, 36
[15:46:06] Krisztofer_Vincenzo plusz kórház jail ideje 180 másodpercre nõtt (+180mp)
[15:47:04] Tom_Torres megölte Strong_D_Black-t ezzel: M4 - Pénz: 0Ft - Pos: -977, -396, 36
[15:47:04] Tom_Torres plusz kórház jail ideje 840 másodpercre nõtt (+180mp)
[15:48:51] Hugo_Toretto plusz kórház jail ideje 120 másodpercre nõtt (+120mp)
[15:48:51] Hugo_Toretto lábon lõtte õt: Dan_B_Hollywood
[15:49:01] Valor_Colin fejen lõtte õt: Hugo_Toretto
[15:49:01] Valor_Colin megölte Hugo_Toretto-t ezzel: AK47 - Pénz: 0Ft - Pos: -977, -441, 35
[15:49:01] Valor_Colin plusz kórház jail ideje 300 másodpercre nõtt (+180mp)
[15:59:16] Jimmy_Doherty meghalt (-), oka: Leesett - Pénz: 0Ft - Pos: 1053, -289, 77
[16:06:13] George_B_Hollywood fejen lõtte õt: Strong_D_Black
[16:06:13] George_B_Hollywood megölte Strong_D_Black-t ezzel: MP5 - Pénz: 0Ft - Pos: 2237, -1731, 13
[16:06:13] George_B_Hollywood plusz kórház jail ideje 2460 másodpercre nõtt (+180mp)
[16:11:39] Steve_Aoki meghalt (-), oka: Leesett - Pénz: 1Ft - Pos: 2593, -1669, 2
[16:13:11] Patrick_Zecchin fejen lõtte õt: Mester_Csaba
[16:13:11] Patrick_Zecchin megölte Mester_Csaba-t ezzel: M4 - Pénz: 0Ft - Pos: 1563, -1091, 23
[16:13:11] Patrick_Zecchin plusz kórház jail ideje 1440 másodpercre nõtt (+180mp)
[16:19:13] Dan_B_Hollywood fejen lõtte õt: Hugo_Toretto
[16:19:37] Tom_Zecchin plusz kórház jail ideje 120 másodpercre nõtt (+120mp)
[16:19:37] Tom_Zecchin lábon lõtte õt: Denny_Toretto
[16:19:37] Tom_Zecchin plusz kórház jail ideje 240 másodpercre nõtt (+120mp)
[16:19:37] Tom_Zecchin lábon lõtte õt: Denny_Toretto
[16:20:02] Dan_B_Hollywood fejen lõtte õt: Levi_R_Zecchin
[16:20:19] Dan_B_Hollywood fejen lõtte õt: Levi_R_Zecchin
[16:20:19] Dan_B_Hollywood megölte Levi_R_Zecchin-t ezzel: M4 - Pénz: 0Ft - Pos: 1449, 1563, 15
[16:20:19] Dan_B_Hollywood plusz kórház jail ideje 180 másodpercre nõtt (+180mp)
[16:20:40] Tom_Zecchin plusz kórház jail ideje 360 másodpercre nõtt (+120mp)
[16:20:40] Tom_Zecchin lábon lõtte õt: Dan_B_Hollywood
[16:21:15] Patrick_Zecchin fejen lõtte õt: Tom_Zecchin
[16:21:15] Patrick_Zecchin megölte Tom_Zecchin-t ezzel: M4 - Pénz: 0Ft - Pos: 1454, 1592, 15
[16:21:15] Patrick_Zecchin plusz kórház jail ideje 1620 másodpercre nõtt (+180mp)
[16:22:32] Steve_J_Sorrentino fejen lõtte õt: Sergei_B_Dueno
[16:22:32] Steve_J_Sorrentino megölte Sergei_B_Dueno-t ezzel: M4 - Pénz: 16250Ft - Pos: 1775, -2068, 13
[16:22:32] Steve_J_Sorrentino plusz kórház jail ideje 1260 másodpercre nõtt (+180mp)
[16:22:32] Don_Sorrentino fejen lõtte õt: Nico_Butler
[16:22:32] Don_Sorrentino megölte Nico_Butler-t ezzel: MP5 - Pénz: 0Ft - Pos: 1778, -2069, 13
[16:22:32] Don_Sorrentino plusz kórház jail ideje 300 másodpercre nõtt (+180mp)
[16:28:49] Markus_D_Zecchin meghalt (-), oka: Leesett - Pénz: 100000Ft - Pos: 2524, -1683, 19
[16:43:29] Tyler_Wish fejen lõtte õt: Cody_Aciano
[16:43:29] Tyler_Wish megölte Cody_Aciano-t ezzel: Deagle - Pénz: 543496Ft - Pos: -2451, 108, 35
[16:43:29] Tyler_Wish plusz kórház jail ideje 180 másodpercre nõtt (+180mp)
[17:05:18] Thomas_Berzerk fejen lõtte õt: Akos_Vincenzo
[17:05:18] Thomas_Berzerk megölte Akos_Vincenzo-t ezzel: MP5 - Pénz: 0Ft - Pos: 1944, -2433, 13
[17:05:18] Thomas_Berzerk plusz kórház jail ideje 180 másodpercre nõtt (+180mp)
[17:05:19] Thomas_Berzerk fejen lõtte õt: Javier_B_Hollywood
[17:05:19] Thomas_Berzerk megölte Javier_B_Hollywood-t ezzel: MP5 - Pénz: 0Ft - Pos: 1945, -2433, 13
[17:05:19] Thomas_Berzerk plusz kórház jail ideje 360 másodpercre nõtt (+180mp)
[17:05:19] Thomas_Berzerk fejen lõtte õt: Levy_B_Hollywood
[17:05:20] Thomas_Berzerk megölte Levy_B_Hollywood-t ezzel: MP5 - Pénz: 0Ft - Pos: 1944, -2432, 13
[17:05:20] Thomas_Berzerk plusz kórház jail ideje 540 másodpercre nõtt (+180mp)
[17:11:36] Steve_Aoki plusz kórház jail ideje 120 másodpercre nõtt (+120mp)
[17:11:36] Steve_Aoki lábon lõtte õt: Joe_Gates
[17:11:36] Steve_Aoki plusz kórház jail ideje 240 másodpercre nõtt (+120mp)
[17:11:36] Steve_Aoki lábon lõtte õt: Joe_Gates
[17:15:27] Paul_D_Cortez plusz kórház jail ideje 120 másodpercre nõtt (+120mp)
[17:15:27] Paul_D_Cortez lábon lõtte õt: Denny_Toretto
[17:15:28] Ralf_S_Tomasso plusz kórház jail ideje 1080 másodpercre nõtt (+120mp)
[17:15:28] Ralf_S_Tomasso lábon lõtte õt: Jason_Aciano
[17:15:30] Don_Sorrentino plusz kórház jail ideje 420 másodpercre nõtt (+120mp)
[17:15:30] Don_Sorrentino lábon lõtte õt: Thomas_Berzerk
[17:15:30] Don_Sorrentino plusz kórház jail ideje 540 másodpercre nõtt (+120mp)
[17:15:30] Don_Sorrentino lábon lõtte õt: Thomas_Berzerk
[17:15:32] Ralf_S_Tomasso plusz kórház jail ideje 1200 másodpercre nõtt (+120mp)
[17:15:32] Ralf_S_Tomasso lábon lõtte õt: Paul_D_Cortez
[17:15:33] Kevin_S_Tomasso fejen lõtte õt: Atsuya_D_Freeman
[17:15:33] Kevin_S_Tomasso megölte Atsuya_D_Freeman-t ezzel: Sniper - Pénz: 151284Ft - Pos: 660, -593, 16
[17:15:33] Kevin_S_Tomasso plusz kórház jail ideje 660 másodpercre nõtt (+180mp)
[17:15:36] Ralf_S_Tomasso fejen lõtte õt: Stefan_Berger
[17:15:36] Ralf_S_Tomasso megölte Stefan_Berger-t ezzel: M4 - Pénz: 0Ft - Pos: 660, -593, 16
[17:15:36] Ralf_S_Tomasso plusz kórház jail ideje 1380 másodpercre nõtt (+180mp)
[17:15:39] Ralf_S_Tomasso plusz kórház jail ideje 1500 másodpercre nõtt (+120mp)
[17:15:39] Ralf_S_Tomasso lábon lõtte õt: Szekely_Klara
[17:15:40] Don_Sorrentino fejen lõtte õt: Thomas_Berzerk
[17:15:40] Don_Sorrentino megölte Thomas_Berzerk-t ezzel: MP5 - Pénz: 3484239Ft - Pos: 656, -553, 16
[17:15:40] Don_Sorrentino plusz kórház jail ideje 720 másodpercre nõtt (+180mp)
[17:15:41] Kevin_S_Tomasso sniperrel meglõtte õt: Cody_Aciano
[17:16:34] Nick_R_Wilson plusz kórház jail ideje 120 másodpercre nõtt (+120mp)
[17:16:34] Nick_R_Wilson lábon lõtte õt: Freddie_B_Scaletta
[17:16:37] Don_Sorrentino plusz kórház jail ideje 840 másodpercre nõtt (+120mp)
[17:16:37] Don_Sorrentino lábon lõtte õt: Nick_R_Wilson
[17:16:37] Don_Sorrentino plusz kórház jail ideje 960 másodpercre nõtt (+120mp)
[17:16:37] Don_Sorrentino lábon lõtte õt: Nick_R_Wilson
[17:19:56] Kevin_S_Tomasso megölte Steve_Aoki-t ezzel: M4 - Pénz: 1049901Ft - Pos: 1927, -2416, 13
[17:19:56] Kevin_S_Tomasso plusz kórház jail ideje 840 másodpercre nõtt (+180mp)
[17:20:03] Kevin_S_Tomasso plusz kórház jail ideje 960 másodpercre nõtt (+120mp)
[17:20:03] Kevin_S_Tomasso lábon lõtte õt: Sidney_Tribiani
[17:20:09] Don_Sorrentino plusz kórház jail ideje 1080 másodpercre nõtt (+120mp)
[17:20:09] Don_Sorrentino lábon lõtte õt: Paul_D_Cortez
[17:20:09] Don_Sorrentino plusz kórház jail ideje 1200 másodpercre nõtt (+120mp)
[17:20:09] Don_Sorrentino lábon lõtte õt: Paul_D_Cortez
[17:20:10] Don_Sorrentino plusz kórház jail ideje 1320 másodpercre nõtt (+120mp)
[17:20:10] Don_Sorrentino lábon lõtte õt: Paul_D_Cortez
[17:20:10] Don_Sorrentino plusz kórház jail ideje 1440 másodpercre nõtt (+120mp)
[17:20:10] Don_Sorrentino lábon lõtte õt: Paul_D_Cortez
[17:34:41] Matt_Creed sniperrel meglõtte õt: Krist_Roscoe
[17:43:26] Matt_Creed plusz kórház jail ideje 300 másodpercre nõtt (+120mp)
[17:43:26] Matt_Creed lábon lõtte õt: Krist_Roscoe
[18:05:52] Ryder_B_Dueno meghalt (-), oka: Leesett - Pénz: 0Ft - Pos: 2853, -1556, 11
[18:16:20] Max_Navarro lábon lõtte õt: Santos_O_Neill
[18:16:21] Steve_Aoki lábon lõtte õt: Max_Navarro
[18:17:21] Markus_D_Zecchin fejen lõtte õt: Mark_B_Hollywood
[18:17:25] Markus_D_Zecchin sniperrel meglõtte õt: Steve_Aoki
[18:17:40] Markus_D_Zecchin lábon lõtte õt: Ryder_B_Dueno
[18:17:45] Joe_Wheeler lábon lõtte õt: Markus_D_Zecchin
[18:31:35] Joshue_White fejen lõtte õt: Tom_Strike
[18:31:35] Joshue_White megölte Tom_Strike-t ezzel: MP5 - Pénz: 0Ft - Pos: -1863, 171, 38
[18:31:35] Joshue_White plusz kórház jail ideje 180 másodpercre nõtt (+180mp)
[18:41:45] George_B_Hollywood fejen lõtte õt: Javier_B_Hollywood
[18:41:45] George_B_Hollywood megölte Javier_B_Hollywood-t ezzel: MP5 - Pénz: 0Ft - Pos: -1764, -87, 5
[18:41:45] George_B_Hollywood plusz kórház jail ideje 2640 másodpercre nõtt (+180mp)
[18:41:46] Tom_Torres fejen lõtte õt: Lorand_Vincenzo
[18:42:08] Carlos_D_Surenos lábon lõtte õt: Santos_O_Neill
[18:42:39] Tom_Zecchin fejen lõtte õt: Carlos_D_Surenos
[18:44:26] Antonn_Fedorov fejen lõtte õt: Kazuyoshi_Akira
[18:44:45] Krist_Roscoe sniperrel meglõtte õt: Hanzon_Soprano
[18:45:52] Tom_Torres lábon lõtte õt: Sergei_B_Dueno
[18:45:57] Antonn_Fedorov lábon lõtte õt: Joe_Wheeler
[18:46:05] Ryder_B_Dueno lábon lõtte õt: Antonn_Fedorov
[18:46:13] Mark_B_Hollywood lábon lõtte õt: James_Creed
[18:46:14] Tom_Zecchin lábon lõtte õt: Mark_B_Hollywood
[18:47:28] Tom_Zecchin lábon lõtte õt: Ryder_B_Dueno
[18:53:45] Levy_B_Hollywood plusz kórház jail ideje 120 másodpercre nõtt (+120mp)
[18:53:45] Levy_B_Hollywood lábon lõtte õt: Niki_Freeman
[18:53:46] Javier_B_Hollywood plusz kórház jail ideje 120 másodpercre nõtt (+120mp)
[18:53:46] Javier_B_Hollywood lábon lõtte õt: Niki_Freeman
[18:57:51] Krist_Roscoe meghalt (-), oka: Leesett - Pénz: 512236Ft - Pos: -1605, 668, 7
[19:21:27] Krist_Roscoe plusz kórház jail ideje 120 másodpercre nõtt (+120mp)
[19:21:27] Krist_Roscoe lábon lõtte õt: Matt_Creed
[19:27:03] Ryder_B_Dueno lábon lõtte õt: Torres_Butler
[19:28:00] Paul_Escobar fejen lõtte õt: Dan_B_Hollywood
[19:28:00] Paul_Escobar megölte Dan_B_Hollywood-t ezzel: Sniper - Pénz: 63606Ft - Pos: -2414, 38, 35
[19:28:00] Paul_Escobar plusz kórház jail ideje 180 másodpercre nõtt (+180mp)
[19:29:10] Tom_Torres fejen lõtte õt: Lorand_Vincenzo
[19:29:18] Joe_Wheeler lábon lõtte õt: Carlos_D_Surenos
[19:29:34] Dave_R_Vincenzo sniperrel meglõtte õt: Santos_O_Neill
[19:31:55] Ryder_B_Dueno lábon lõtte õt: Tom_Zecchin
[19:31:56] Tom_Torres lábon lõtte õt: Joe_Wheeler
[19:32:43] Matt_Creed plusz kórház jail ideje 420 másodpercre nõtt (+120mp)
[19:32:43] Matt_Creed lábon lõtte õt: Krist_Roscoe
[19:32:59] Kazuyoshi_Akira lábon lõtte õt: Antonn_Fedorov
[19:33:10] Tom_Torres lábon lõtte õt: Kazuyoshi_Akira
[19:33:18] Sergei_B_Dueno lábon lõtte õt: Dominic_Vincenzo
[19:33:47] Steve_Aoki lábon lõtte õt: James_Creed
[19:33:48] Steve_Aoki lábon lõtte õt: Damien_Creed
[19:34:09] Dave_R_Vincenzo sniperrel meglõtte õt: Steve_Aoki
[19:35:34] Nagato_Brasco plusz kórház jail ideje 300 másodpercre nõtt (+120mp)
[19:35:34] Nagato_Brasco lábon lõtte õt: Valor_Colin
[19:35:34] Nagato_Brasco plusz kórház jail ideje 420 másodpercre nõtt (+120mp)
[19:35:34] Nagato_Brasco lábon lõtte õt: Valor_Colin
[19:35:35] Nagato_Brasco plusz kórház jail ideje 540 másodpercre nõtt (+120mp)
[19:35:35] Nagato_Brasco lábon lõtte õt: Valor_Colin
[19:36:19] Ryan_Lennox plusz kórház jail ideje 120 másodpercre nõtt (+120mp)
[19:36:19] Ryan_Lennox lábon lõtte õt: Darthy_M_Stillenacht
[19:36:20] Ryan_Lennox plusz kórház jail ideje 240 másodpercre nõtt (+120mp)
[19:36:20] Ryan_Lennox lábon lõtte õt: Darthy_M_Stillenacht
[19:36:20] Ryan_Lennox plusz kórház jail ideje 360 másodpercre nõtt (+120mp)
[19:36:20] Ryan_Lennox lábon lõtte õt: Darthy_M_Stillenacht
[19:37:34] Zero_Hopkins plusz kórház jail ideje 120 másodpercre nõtt (+120mp)
[19:37:34] Zero_Hopkins lábon lõtte õt: Nagato_Brasco
[19:38:15] Mark_Bishop fejen lõtte õt: Darthy_M_Stillenacht
[19:38:15] Mark_Bishop megölte Darthy_M_Stillenacht-t ezzel: MP5 - Pénz: 10000Ft - Pos: -1966, -57, 26
[19:38:15] Mark_Bishop plusz kórház jail ideje 180 másodpercre nõtt (+180mp)
[19:39:40] Zero_Hopkins plusz kórház jail ideje 240 másodpercre nõtt (+120mp)
[19:39:40] Zero_Hopkins lábon lõtte õt: Nagato_Brasco
[19:39:41] Zero_Hopkins megölte Nagato_Brasco-t ezzel: M4 - Pénz: 0Ft - Pos: 146, 1376, 1088
[19:39:41] Zero_Hopkins plusz kórház jail ideje 420 másodpercre nõtt (+180mp)
[19:40:34] Tom_Torres fejen lõtte õt: Mark_B_Hollywood
[19:42:41] Patrick_Zecchin plusz kórház jail ideje 1740 másodpercre nõtt (+120mp)
[19:42:41] Patrick_Zecchin lábon lõtte õt: Nagato_Brasco
[19:42:41] Patrick_Zecchin plusz kórház jail ideje 1860 másodpercre nõtt (+120mp)
[19:42:41] Patrick_Zecchin lábon lõtte õt: Nagato_Brasco
[19:44:23] Nagato_Brasco plusz kórház jail ideje 740 másodpercre nõtt (+120mp)
[19:44:23] Nagato_Brasco lábon lõtte õt: Costa_Miles
[19:44:24] Nagato_Brasco plusz kórház jail ideje 860 másodpercre nõtt (+120mp)
[19:44:24] Nagato_Brasco lábon lõtte õt: Costa_Miles
[19:44:40] Costa_Miles fejen lõtte õt: Nagato_Brasco
[19:44:40] Costa_Miles megölte Nagato_Brasco-t ezzel: M4 - Pénz: 0Ft - Pos: 142, 1379, 1088
[19:44:40] Costa_Miles plusz kórház jail ideje 300 másodpercre nõtt (+180mp)
[19:46:12] Kevin_L_Saltzman fejen lõtte õt: Nagato_Brasco
[19:46:12] Kevin_L_Saltzman megölte Nagato_Brasco-t ezzel: M4 - Pénz: 0Ft - Pos: 134, 1366, 1083
[19:46:12] Kevin_L_Saltzman plusz kórház jail ideje 180 másodpercre nõtt (+180mp)
[19:48:57] Nagato_Brasco plusz kórház jail ideje 120 másodpercre nõtt (+120mp)
[19:48:57] Nagato_Brasco lábon lõtte õt: Costa_Miles
[19:48:58] Nagato_Brasco plusz kórház jail ideje 240 másodpercre nõtt (+120mp)
[19:48:58] Nagato_Brasco lábon lõtte õt: Costa_Miles
[19:48:58] Nagato_Brasco megölte Costa_Miles-t ezzel: M4 - Pénz: 5000Ft - Pos: 151, 1377, 1088
[19:48:58] Nagato_Brasco plusz kórház jail ideje 420 másodpercre nõtt (+180mp)
[19:50:46] Keny_Da_Silva plusz kórház jail ideje 300 másodpercre nõtt (+120mp)
[19:50:46] Keny_Da_Silva lábon lõtte õt: Nagato_Brasco
[19:50:46] Keny_Da_Silva plusz kórház jail ideje 420 másodpercre nõtt (+120mp)
[19:50:46] Keny_Da_Silva lábon lõtte õt: Nagato_Brasco
[19:50:46] Keny_Da_Silva plusz kórház jail ideje 540 másodpercre nõtt (+120mp)
[19:50:46] Keny_Da_Silva lábon lõtte õt: Nagato_Brasco
[19:52:07] John_Salivan meghalt (-), oka: Leesett - Pénz: 1805Ft - Pos: 1828, -1475, 12
[19:55:44] Carlos_D_Surenos plusz kórház jail ideje 1680 másodpercre nõtt (+120mp)
[19:55:44] Carlos_D_Surenos lábon lõtte õt: Mark_Bishop
[19:55:45] Carlos_D_Surenos plusz kórház jail ideje 1800 másodpercre nõtt (+120mp)
[19:55:45] Carlos_D_Surenos lábon lõtte õt: Stefan_Berger
[19:55:45] Carlos_D_Surenos plusz kórház jail ideje 1920 másodpercre nõtt (+120mp)
[19:55:45] Carlos_D_Surenos lábon lõtte õt: Ryan_Lennox
[19:55:45] Carlos_D_Surenos plusz kórház jail ideje 2040 másodpercre nõtt (+120mp)
[19:55:45] Carlos_D_Surenos lábon lõtte õt: Ryan_Lennox
[19:55:46] Carlos_D_Surenos plusz kórház jail ideje 2160 másodpercre nõtt (+120mp)
[19:55:46] Carlos_D_Surenos lábon lõtte õt: Stefan_Berger
[19:55:48] Carlos_D_Surenos plusz kórház jail ideje 2280 másodpercre nõtt (+120mp)
[19:55:48] Carlos_D_Surenos lábon lõtte õt: Thomas_Berzerk
[19:55:48] Carlos_D_Surenos plusz kórház jail ideje 2400 másodpercre nõtt (+120mp)
[19:55:48] Carlos_D_Surenos lábon lõtte õt: Thomas_Berzerk
[19:55:49] Carlos_D_Surenos plusz kórház jail ideje 2520 másodpercre nõtt (+120mp)
[19:55:49] Carlos_D_Surenos lábon lõtte õt: Thomas_Berzerk
[19:56:03] Carlos_D_Surenos fejen lõtte õt: Thomas_Berzerk
[19:56:03] Carlos_D_Surenos megölte Thomas_Berzerk-t ezzel: MP5 - Pénz: 0Ft - Pos: -117, -1149, 1
[19:56:03] Carlos_D_Surenos plusz kórház jail ideje 2700 másodpercre nõtt (+180mp)
[19:59:30] Lucio_Zecchin fejen lõtte õt: Ryan_Lennox
[19:59:30] Lucio_Zecchin megölte Ryan_Lennox-t ezzel: MP5 - Pénz: 0Ft - Pos: -121, -1150, 2
[19:59:30] Lucio_Zecchin plusz kórház jail ideje 180 másodpercre nõtt (+180mp)
[19:59:32] Lucio_Zecchin fejen lõtte õt: Stefan_Berger
[19:59:33] Lucio_Zecchin megölte Stefan_Berger-t ezzel: MP5 - Pénz: 0Ft - Pos: -122, -1149, 2
[19:59:33] Lucio_Zecchin plusz kórház jail ideje 360 másodpercre nõtt (+180mp)
[19:59:35] Lucio_Zecchin fejen lõtte õt: Mark_Bishop
[19:59:35] Lucio_Zecchin megölte Mark_Bishop-t ezzel: MP5 - Pénz: 0Ft - Pos: -125, -1147, 2
[19:59:35] Lucio_Zecchin plusz kórház jail ideje 540 másodpercre nõtt (+180mp)
[20:02:49] Sidney_Tribiani plusz kórház jail ideje 780 másodpercre nõtt (+120mp)
[20:02:49] Sidney_Tribiani lábon lõtte õt: Bryan_B_Hollywood
[20:02:49] Sidney_Tribiani fejen lõtte õt: Bryan_B_Hollywood
[20:02:49] Sidney_Tribiani megölte Bryan_B_Hollywood-t ezzel: MP5 - Pénz: 0Ft - Pos: -2075, 53, 33
[20:02:49] Sidney_Tribiani plusz kórház jail ideje 960 másodpercre nõtt (+180mp)
[20:08:09] Dave_R_Vincenzo sniperrel meglõtte õt: Darthy_M_Stillenacht
[20:09:22] Dave_R_Vincenzo fejen lõtte õt: Leone_S_Tomasso
[20:09:22] Dave_R_Vincenzo megölte Leone_S_Tomasso-t ezzel: Combat - Pénz: 2200Ft - Pos: -1873, 64, 19
[20:09:22] Dave_R_Vincenzo plusz kórház jail ideje 180 másodpercre nõtt (+180mp)
[20:09:46] Dave_R_Vincenzo fejen lõtte õt: Nelson_Washington
[20:09:46] Dave_R_Vincenzo megölte Nelson_Washington-t ezzel: Combat - Pénz: 0Ft - Pos: -1890, 8, 27
[20:09:46] Dave_R_Vincenzo plusz kórház jail ideje 360 másodpercre nõtt (+180mp)
[20:10:10] Denny_Toretto plusz kórház jail ideje 120 másodpercre nõtt (+120mp)
[20:10:10] Denny_Toretto lábon lõtte õt: Dave_R_Vincenzo
[20:10:10] Denny_Toretto plusz kórház jail ideje 240 másodpercre nõtt (+120mp)
[20:10:10] Denny_Toretto lábon lõtte õt: Dave_R_Vincenzo
[20:10:57] Dan_B_Hollywood sniperrel meglõtte õt: Lucio_Zecchin
[20:11:30] Antonn_Fedorov fejen lõtte õt: Denny_Toretto
[20:11:30] Antonn_Fedorov megölte Denny_Toretto-t ezzel: MP5 - Pénz: 0Ft - Pos: -1964, 190, 26
[20:11:30] Antonn_Fedorov plusz kórház jail ideje 540 másodpercre nõtt (+180mp)
[20:11:55] Carlos_D_Surenos plusz kórház jail ideje 2820 másodpercre nõtt (+120mp)
[20:11:55] Carlos_D_Surenos lábon lõtte õt: Don_Sorrentino
[20:12:02] Carlos_D_Surenos fejen lõtte õt: Freddie_B_Scaletta
[20:12:03] Carlos_D_Surenos megölte Freddie_B_Scaletta-t ezzel: MP5 - Pénz: 0Ft - Pos: -2053, 55, 28
[20:12:03] Carlos_D_Surenos plusz kórház jail ideje 3000 másodpercre nõtt (+180mp)
[20:12:26] Carlos_D_Surenos plusz kórház jail ideje 3120 másodpercre nõtt (+120mp)
[20:12:26] Carlos_D_Surenos lábon lõtte õt: Kevin_S_Tomasso
[20:12:39] Damien_Creed fejen lõtte õt: Levy_B_Hollywood
[20:12:39] Damien_Creed megölte Levy_B_Hollywood-t ezzel: MP5 - Pénz: 0Ft - Pos: -1902, 92, 27
[20:12:39] Damien_Creed plusz kórház jail ideje 180 másodpercre nõtt (+180mp)
[20:13:10] Dan_B_Hollywood sniperrel meglõtte õt: Carlos_D_Surenos
[20:16:01] Dan_B_Hollywood plusz kórház jail ideje 120 másodpercre nõtt (+120mp)
[20:16:01] Dan_B_Hollywood lábon lõtte õt: Damien_Creed
[20:16:48] Levi_R_Zecchin megölte Lucio_Zecchin-t ezzel: MP5 - Pénz: 365000Ft - Pos: -1900, 90, 27
[20:16:48] Levi_R_Zecchin plusz kórház jail ideje 180 másodpercre nõtt (+180mp)
[20:17:51] Antonn_Fedorov plusz kórház jail ideje 660 másodpercre nõtt (+120mp)
[20:17:51] Antonn_Fedorov lábon lõtte õt: Don_Sorrentino
[20:17:53] Antonn_Fedorov plusz kórház jail ideje 780 másodpercre nõtt (+120mp)
[20:17:53] Antonn_Fedorov lábon lõtte õt: Don_Sorrentino
[20:19:16] Dan_B_Hollywood sniperrel meglõtte õt: Levi_R_Zecchin
[20:19:17] Dan_B_Hollywood sniperrel meglõtte õt: Levi_R_Zecchin
[20:19:50] Dan_B_Hollywood plusz kórház jail ideje 240 másodpercre nõtt (+120mp)
[20:19:50] Dan_B_Hollywood lábon lõtte õt: Antonn_Fedorov
[20:22:01] Thomas_Berzerk fejen lõtte õt: James_D_Freeman
[20:22:01] Thomas_Berzerk megölte James_D_Freeman-t ezzel: MP5 - Pénz: 1805Ft - Pos: -1661, -770, 42
[20:29:38] Ralf_S_Tomasso fejen lõtte õt: Mark_Bishop
[20:29:38] Ralf_S_Tomasso megölte Mark_Bishop-t ezzel: M4 - Pénz: 0Ft - Pos: -285, 37, 1
[20:29:38] Ralf_S_Tomasso plusz kórház jail ideje 180 másodpercre nõtt (+180mp)
[20:31:41] Carlos_D_Surenos meghalt (NPC_Villamos_3), oka: Autó | Lehet, hogy Rick_Aciano ölte meg, mert a közelben volt - Pénz: 31440Ft -
[20:37:15] Tom_Zecchin lábon lõtte õt: Johny_Morales
[20:37:15] Mark_B_Hollywood lábon lõtte õt: Tom_Zecchin
[20:37:21] Mark_B_Hollywood lábon lõtte õt: Antonn_Fedorov
[20:37:28] Steve_Aoki lábon lõtte õt: Tom_Torres
[20:37:33] Dominic_Vincenzo lábon lõtte õt: Steve_Aoki
[20:37:38] Lorand_Vincenzo fejen lõtte õt: Dominic_Vincenzo
[20:43:21] Patrick_Zecchin meghalt (-), oka: Leesett - Pénz: 1013Ft - Pos: 69, -1529, 6
[20:45:06] William_Cortez plusz kórház jail ideje 1500 másodpercre nõtt (+120mp)
[20:45:06] William_Cortez lábon lõtte õt: Henrik_Sedin
[20:45:06] William_Cortez megölte Henrik_Sedin-t ezzel: MP5 - Pénz: 0Ft - Pos: -827, -1009, 84
[20:45:06] William_Cortez plusz kórház jail ideje 1680 másodpercre nõtt (+180mp)
[20:45:34] Ralf_S_Tomasso meghalt (-), oka: Leesett - Pénz: 0Ft - Pos: 1785, -1301, 14
[20:45:45] James_Creed fejen lõtte õt: Levy_B_Hollywood
[20:45:45] James_Creed megölte Levy_B_Hollywood-t ezzel: MP5 - Pénz: 0Ft - Pos: 2075, -2109, 13
[20:45:45] James_Creed plusz kórház jail ideje 600 másodpercre nõtt (+180mp)
[20:46:32] Ralf_S_Tomasso meghalt (-), oka: Leesett - Pénz: 0Ft - Pos: 1784, -1302, 14
[20:46:49] William_Cortez fejen lõtte õt: Usate_Krukenberg
[20:46:49] William_Cortez megölte Usate_Krukenberg-t ezzel: MP5 - Pénz: 0Ft - Pos: -355, -773, 29
[20:46:49] William_Cortez plusz kórház jail ideje 1860 másodpercre nõtt (+180mp)
[20:46:51] William_Cortez fejen lõtte õt: Darthy_M_Stillenacht
[20:46:51] William_Cortez megölte Darthy_M_Stillenacht-t ezzel: MP5 - Pénz: 0Ft - Pos: -358, -773, 29
[20:46:51] William_Cortez plusz kórház jail ideje 2040 másodpercre nõtt (+180mp)
[20:46:51] Nick_Vitale fejen lõtte õt: Darthy_M_Stillenacht
[20:46:51] Nick_Vitale megölte Darthy_M_Stillenacht-t ezzel: MP5 - Pénz: 0Ft - Pos: 0, 0, 0
[20:46:51] Nick_Vitale plusz kórház jail ideje 960 másodpercre nõtt (+180mp)
[20:47:52] Tom_Zecchin plusz kórház jail ideje 120 másodpercre nõtt (+120mp)
[20:47:52] Tom_Zecchin lábon lõtte õt: Akos_Vincenzo
[20:47:53] Carlos_D_Surenos plusz kórház jail ideje 120 másodpercre nõtt (+120mp)
[20:47:53] Carlos_D_Surenos lábon lõtte õt: Akos_Vincenzo
[20:47:53] Carlos_D_Surenos plusz kórház jail ideje 240 másodpercre nõtt (+120mp)
[20:47:53] Carlos_D_Surenos lábon lõtte õt: Akos_Vincenzo
[20:47:53] Carlos_D_Surenos megölte Akos_Vincenzo-t ezzel: M4 - Pénz: 0Ft - Pos: 1778, -2055, 13
[20:47:53] Carlos_D_Surenos plusz kórház jail ideje 420 másodpercre nõtt (+180mp)
[20:47:53] Carlos_D_Surenos fejen lõtte õt: Akos_Vincenzo
[20:47:53] Carlos_D_Surenos fejen lõtte õt: Akos_Vincenzo
[20:47:54] Tom_Zecchin fejen lõtte õt: Jason_B_Hollywood
[20:47:54] Tom_Zecchin megölte Jason_B_Hollywood-t ezzel: AK47 - Pénz: 0Ft - Pos: 1784, -2057, 13
[20:47:54] Tom_Zecchin plusz kórház jail ideje 300 másodpercre nõtt (+180mp)
[20:54:05] Krist_Roscoe fejen lõtte õt: Zero_Hopkins
[20:54:05] Krist_Roscoe megölte Zero_Hopkins-t ezzel: M4 - Pénz: 0Ft - Pos: -1575, 663, 7
[20:54:05] Krist_Roscoe plusz kórház jail ideje 300 másodpercre nõtt (+180mp)
[21:03:10] Mark_Bishop fejen lõtte õt: Paul_Escobar
[21:03:11] Mark_Bishop megölte Paul_Escobar-t ezzel: MP5 - Pénz: 0Ft - Pos: -1828, -531, 14
[21:03:11] Mark_Bishop plusz kórház jail ideje 180 másodpercre nõtt (+180mp)
[21:06:29] Henry_Tomasino plusz kórház jail ideje 120 másodpercre nõtt (+120mp)
[21:06:29] Henry_Tomasino lábon lõtte õt: Pablo_Scaletta
[21:09:58] Freddie_B_Scaletta megölte John_Salivan-t ezzel: MP5 - Pénz: 0Ft - Pos: 1613, -1705, 5
[21:09:58] Freddie_B_Scaletta plusz kórház jail ideje 180 másodpercre nõtt (+180mp)
[21:12:30] Jin_Sorrentino sniperrel meglõtte õt: Sidney_Tribiani
[21:13:15] Jason_B_Hollywood meghalt (-), oka: Leesett - Pénz: 0Ft - Pos: -88, -1032, 24
[21:13:38] Freddie_B_Scaletta plusz kórház jail ideje 300 másodpercre nõtt (+120mp)
[21:13:38] Freddie_B_Scaletta lábon lõtte õt: Max_Navarro
[21:13:39] Freddie_B_Scaletta plusz kórház jail ideje 420 másodpercre nõtt (+120mp)
[21:13:39] Freddie_B_Scaletta lábon lõtte õt: Max_Navarro
[21:13:39] Calvin_C_Broadus plusz kórház jail ideje 120 másodpercre nõtt (+120mp)
[21:13:39] Calvin_C_Broadus lábon lõtte õt: Freddie_B_Scaletta
[21:14:39] Jin_Sorrentino sniperrel meglõtte õt: Freddie_B_Scaletta
[21:14:42] Jin_Sorrentino sniperrel meglõtte õt: Calvin_C_Broadus
[21:14:51] Henry_Tomasino plusz kórház jail ideje 240 másodpercre nõtt (+120mp)
[21:14:51] Henry_Tomasino lábon lõtte õt: Jin_Sorrentino
[21:19:43] Daniel_Sedin plusz kórház jail ideje 300 másodpercre nõtt (+120mp)
[21:19:43] Daniel_Sedin lábon lõtte õt: Gyongyosi_Lajos
[21:21:53] Sergei_B_Dueno fejen lõtte õt: Damien_Creed
[21:22:11] Sergei_B_Dueno fejen lõtte õt: Carlos_D_Surenos
[21:22:16] Tom_Torres fejen lõtte õt: Johny_Morales
[21:22:46] Tom_Zecchin fejen lõtte õt: Mark_B_Hollywood
[21:23:02] Steve_Aoki fejen lõtte õt: Tom_Zecchin
[21:23:08] Sergei_B_Dueno sniperrel meglõtte õt: Tom_Torres
[21:24:57] Steve_Aoki lábon lõtte õt: Dominic_Vincenzo
[21:25:09] Dave_R_Vincenzo lábon lõtte õt: Steve_Aoki
[21:26:13] Kazuyoshi_Akira lábon lõtte õt: Dave_R_Vincenzo
[21:26:20] Antonn_Fedorov fejen lõtte õt: Sergei_B_Dueno
[21:26:36] Ryder_B_Dueno lábon lõtte õt: Antonn_Fedorov
[21:43:35] Tom_Zecchin fejen lõtte õt: Gyongyosi_Lajos
[21:43:35] Tom_Zecchin megölte Gyongyosi_Lajos-t ezzel: AK47 - Pénz: 9914Ft - Pos: 1456, 1552, 10
[21:43:35] Tom_Zecchin plusz kórház jail ideje 480 másodpercre nõtt (+180mp)
[21:44:54] Lucio_Zecchin fejen lõtte õt: Steve_Connor
[21:44:55] Lucio_Zecchin megölte Steve_Connor-t ezzel: M4 - Pénz: 0Ft - Pos: 2359, -2137, 13
[21:44:55] Lucio_Zecchin plusz kórház jail ideje 180 másodpercre nõtt (+180mp)
[21:50:24] Yamato_Bosco plusz kórház jail ideje 240 másodpercre nõtt (+120mp)
[21:50:24] Yamato_Bosco lábon lõtte õt: Henry_Tomasino
[21:51:21] Stefan_D_Zecchin fejen lõtte õt: Dominic_Vincenzo
[21:51:21] Stefan_D_Zecchin megölte Dominic_Vincenzo-t ezzel: M4 - Pénz: 0Ft - Pos: 2815, -1069, 29
[21:51:21] Stefan_D_Zecchin plusz kórház jail ideje 360 másodpercre nõtt (+180mp)
[21:51:50] Carlos_D_Surenos plusz kórház jail ideje 540 másodpercre nõtt (+120mp)
[21:51:50] Carlos_D_Surenos lábon lõtte õt: Henry_Tomasino
[21:51:51] Tom_Zecchin plusz kórház jail ideje 600 másodpercre nõtt (+120mp)
[21:51:51] Tom_Zecchin lábon lõtte õt: Henry_Tomasino
[21:51:51] Tom_Zecchin megölte Henry_Tomasino-t ezzel: AK47 - Pénz: 0Ft - Pos: 2793, -1087, 30
[21:51:51] Tom_Zecchin plusz kórház jail ideje 780 másodpercre nõtt (+180mp)
[21:51:52] Carlos_D_Surenos plusz kórház jail ideje 660 másodpercre nõtt (+120mp)
[21:51:52] Carlos_D_Surenos lábon lõtte õt: Henry_Tomasino
[21:53:08] Yamato_Bosco plusz kórház jail ideje 360 másodpercre nõtt (+120mp)
[21:53:08] Yamato_Bosco lábon lõtte õt: Henry_Tomasino
[21:53:12] Markus_D_Zecchin fejen lõtte õt: Carlos_D_Surenos
[21:53:12] Markus_D_Zecchin megölte Carlos_D_Surenos-t ezzel: MP5 - Pénz: 0Ft - Pos: 2836, -1064, 23
[21:53:12] Markus_D_Zecchin plusz kórház jail ideje 180 másodpercre nõtt (+180mp)
[21:53:16] Damien_Creed fejen lõtte õt: Markus_D_Zecchin
[21:53:16] Damien_Creed megölte Markus_D_Zecchin-t ezzel: AK47 - Pénz: 185500Ft - Pos: 2838, -1082, 23
[21:53:16] Damien_Creed plusz kórház jail ideje 360 másodpercre nõtt (+180mp)
[21:53:19] Max_Navarro fejen lõtte õt: James_Creed
[21:53:19] Max_Navarro megölte James_Creed-t ezzel: MP5 - Pénz: 37406Ft - Pos: 2839, -1062, 23
[21:53:19] Max_Navarro plusz kórház jail ideje 180 másodpercre nõtt (+180mp)
[21:53:19] Max_Navarro fejen lõtte õt: James_Creed
[21:53:19] Max_Navarro fejen lõtte õt: James_Creed
[21:53:21] Yamato_Bosco plusz kórház jail ideje 480 másodpercre nõtt (+120mp)
[21:53:21] Yamato_Bosco lábon lõtte õt: Max_Navarro
[21:53:28] Tom_Zecchin fejen lõtte õt: Max_Navarro
[21:53:28] Tom_Zecchin megölte Max_Navarro-t ezzel: AK47 - Pénz: 236383Ft - Pos: 2841, -1083, 23
[21:53:28] Tom_Zecchin plusz kórház jail ideje 960 másodpercre nõtt (+180mp)
[22:00:14] Ventura_Zecchin sniperrel meglõtte õt: Stefan_D_Zecchin
[22:06:17] Diego_Aciano plusz kórház jail ideje 120 másodpercre nõtt (+120mp)
[22:06:17] Diego_Aciano lábon lõtte õt: Steve_Aoki
[22:06:17] Diego_Aciano plusz kórház jail ideje 240 másodpercre nõtt (+120mp)
[22:06:17] Diego_Aciano lábon lõtte õt: Steve_Aoki
[22:06:17] Diego_Aciano plusz kórház jail ideje 360 másodpercre nõtt (+120mp)
[22:06:17] Diego_Aciano lábon lõtte õt: Steve_Aoki
[22:09:31] Tom_Zecchin plusz kórház jail ideje 1080 másodpercre nõtt (+120mp)
[22:09:31] Tom_Zecchin lábon lõtte õt: Daniel_Scaletta
[22:09:48] Leone_S_Tomasso fejen lõtte õt: Ventura_Zecchin
[22:09:48] Leone_S_Tomasso megölte Ventura_Zecchin-t ezzel: M4 - Pénz: 0Ft - Pos: -2418, 87, 34
[22:09:48] Leone_S_Tomasso plusz kórház jail ideje 180 másodpercre nõtt (+180mp)
[22:11:34] Tom_Zecchin plusz kórház jail ideje 1200 másodpercre nõtt (+120mp)
[22:11:34] Tom_Zecchin lábon lõtte õt: Leone_S_Tomasso
[22:13:11] Tom_Zecchin fejen lõtte õt: Adele_Scaletta
[22:13:11] Tom_Zecchin megölte Adele_Scaletta-t ezzel: AK47 - Pénz: 0Ft - Pos: -2483, -70, 27
[22:13:11] Tom_Zecchin plusz kórház jail ideje 1380 másodpercre nõtt (+180mp)
[22:14:02] Yamato_Bosco fejen lõtte õt: Valor_Colin
[22:14:03] Yamato_Bosco megölte Valor_Colin-t ezzel: MP5 - Pénz: 0Ft - Pos: -2388, 83, 35
[22:14:03] Yamato_Bosco plusz kórház jail ideje 660 másodpercre nõtt (+180mp)
[22:14:05] Kevin_S_Tomasso plusz kórház jail ideje 1080 másodpercre nõtt (+120mp)
[22:14:05] Kevin_S_Tomasso lábon lõtte õt: Yamato_Bosco
[22:14:55] Ralf_S_Tomasso plusz kórház jail ideje 120 másodpercre nõtt (+120mp)
[22:14:55] Ralf_S_Tomasso lábon lõtte õt: Tom_Zecchin
[22:14:55] Ralf_S_Tomasso plusz kórház jail ideje 240 másodpercre nõtt (+120mp)
[22:14:55] Ralf_S_Tomasso lábon lõtte õt: Tom_Zecchin
[22:14:57] Damien_Creed fejen lõtte õt: Kevin_S_Tomasso
[22:14:57] Damien_Creed megölte Kevin_S_Tomasso-t ezzel: AK47 - Pénz: 10979Ft - Pos: -2511, 46, 25
[22:14:57] Damien_Creed plusz kórház jail ideje 540 másodpercre nõtt (+180mp)
[22:15:31] Lucio_Zecchin fejen lõtte õt: Matt_Creed
[22:15:31] Lucio_Zecchin megölte Matt_Creed-t ezzel: M4 - Pénz: 0Ft - Pos: -2490, 79, 25
[22:15:31] Lucio_Zecchin plusz kórház jail ideje 360 másodpercre nõtt (+180mp)
[22:15:33] Lucio_Zecchin fejen lõtte õt: Krist_Roscoe
[22:15:33] Lucio_Zecchin fejen lõtte õt: Krist_Roscoe
[22:15:33] Lucio_Zecchin fejen lõtte õt: Krist_Roscoe
[22:15:35] Damien_Creed fejen lõtte õt: Marcel_B_Hollywood
[22:15:35] Damien_Creed megölte Marcel_B_Hollywood-t ezzel: AK47 - Pénz: 99089Ft - Pos: -2580, 42, 7
[22:15:35] Damien_Creed plusz kórház jail ideje 720 másodpercre nõtt (+180mp)
[22:19:18] Ryder_B_Dueno plusz kórház jail ideje 120 másodpercre nõtt (+120mp)
[22:19:18] Ryder_B_Dueno lábon lõtte õt: Diego_Aciano
[22:19:59] Jin_Sorrentino sniperrel meglõtte õt: Tom_Zecchin
[22:23:19] Don_Sorrentino plusz kórház jail ideje 120 másodpercre nõtt (+120mp)
[22:23:19] Don_Sorrentino lábon lõtte õt: Sidney_Tribiani
[22:24:12] Damien_Creed fejen lõtte õt: Don_Sorrentino
[22:24:12] Damien_Creed megölte Don_Sorrentino-t ezzel: Sniper - Pénz: 99089Ft - Pos: -2785, 149, 7
[22:24:12] Damien_Creed plusz kórház jail ideje 900 másodpercre nõtt (+180mp)
[22:24:31] Damien_Creed sniperrel meglõtte õt: Freddie_B_Scaletta
[22:28:20] Jin_Sorrentino megölte Tom_Zecchin-t ezzel: M4 - Pénz: 0Ft - Pos: -2770, 40, 7
[22:28:20] Jin_Sorrentino plusz kórház jail ideje 180 másodpercre nõtt (+180mp)
[22:28:39] Damien_Creed sniperrel meglõtte õt: Krist_Roscoe
[22:31:20] Charlie_Leanders meghalt (-), oka: Leesett - Pénz: 0Ft - Pos: -351, 2118, 55
[22:34:54] Steve_Aoki fejen lõtte õt: Diego_Aciano
[22:34:54] Steve_Aoki megölte Diego_Aciano-t ezzel: MP5 - Pénz: 0Ft - Pos: 1673, -1028, 39
[22:34:54] Steve_Aoki plusz kórház jail ideje 180 másodpercre nõtt (+180mp)
[22:36:06] Henrik_T_Scaletta plusz kórház jail ideje 120 másodpercre nõtt (+120mp)
[22:36:06] Henrik_T_Scaletta lábon lõtte õt: Yamato_Bosco
[22:36:07] Henrik_T_Scaletta fejen lõtte õt: Yamato_Bosco
[22:36:07] Henrik_T_Scaletta megölte Yamato_Bosco-t ezzel: M4 - Pénz: 1003Ft - Pos: -2867, -92, 6
[22:36:07] Henrik_T_Scaletta plusz kórház jail ideje 300 másodpercre nõtt (+180mp)
[22:36:07] Henrik_T_Scaletta fejen lõtte õt: Yamato_Bosco
[22:36:09] Henrik_T_Scaletta fejen lõtte õt: Lucio_Zecchin
[22:36:09] Henrik_T_Scaletta megölte Lucio_Zecchin-t ezzel: M4 - Pénz: 103242Ft - Pos: -2863, -92, 7
[22:36:09] Henrik_T_Scaletta plusz kórház jail ideje 480 másodpercre nõtt (+180mp)
[22:36:16] Henrik_T_Scaletta plusz kórház jail ideje 600 másodpercre nõtt (+120mp)
[22:36:16] Henrik_T_Scaletta lábon lõtte õt: Damien_Creed
[22:36:47] Jin_Sorrentino sniperrel meglõtte õt: Damien_Creed
[22:36:47] Jin_Sorrentino megölte Damien_Creed-t ezzel: Sniper - Pénz: 236383Ft - Pos: -2806, -39, 7
[22:36:47] Jin_Sorrentino plusz kórház jail ideje 360 másodpercre nõtt (+180mp)
[22:42:38] Jin_Sorrentino fejen lõtte õt: Pekano_S_Barett
[22:42:38] Jin_Sorrentino megölte Pekano_S_Barett-t ezzel: M4 - Pénz: 0Ft - Pos: -2847, -155, 10
[22:42:38] Jin_Sorrentino plusz kórház jail ideje 540 másodpercre nõtt (+180mp)
[22:54:52] Sergei_B_Dueno fejen lõtte õt: Johny_Morales
[22:54:52] Sergei_B_Dueno megölte Johny_Morales-t ezzel: MP5 - Pénz: 344353Ft - Pos: 2482, -1661, 13
[22:54:52] Sergei_B_Dueno plusz kórház jail ideje 180 másodpercre nõtt (+180mp)
[23:01:40] Nico_Butler plusz kórház jail ideje 29 másodpercre nõtt (+120mp)
[23:01:40] Nico_Butler lábon lõtte õt: Johny_Morales
