[00:26:19] Amos_Toretto sebzest kapott tole: Krisztofer_Vincenzo | sebzes: Ököl (-1.3) | E/P: 150.0/144.7 (S: 150.0/144.7) | Tav: 1.1
[00:34:09] Marcell_O_Neill sebzest kapott | sebzes: Zuhanas (-165.0) | E/P: 150.0/5.0 (S: 150.0/5.0)
[00:34:09] Marcell_O_Neill sebzest kapott | sebzes: Zuhanas (-3.3) | E/P: 150.0/5.0 (S: 150.0/5.0)
[00:39:19] Marcell_O_Neill sebzest kapott tole: Ryan_Brasco | sebzes: M4 (-20.0) | E/P: 150.0/5.0 (S: 150.0/5.0) | Tav: 9.6
[00:39:20] Marcell_O_Neill sebzest kapott | sebzes: Zuhanas (-3.3) | E/P: 150.0/0.0 (S: 150.0/0.0)
[00:39:27] Ryan_Brasco sebzest kapott | sebzes: Zuhanas (-3.3) | E/P: 0.0/5.0 (S: 0.0/5.0)
[02:53:06] Thomas_Berzerk sebzest kapott | sebzes: Zuhanas (-2.0) | E/P: 150.0/5.0 (S: 150.0/5.0)
[02:53:06] Thomas_Berzerk sebzest kapott | sebzes: Zuhanas (-15.0) | E/P: 150.0/5.0 (S: 150.0/5.0)
[02:54:07] Thomas_Berzerk sebzest kapott | sebzes: Zuhanas (-2.8) | E/P: 150.0/5.0 (S: 150.0/5.0)
[07:26:00] Ryan_Brasco sebzest kapott tole: Marcell_O_Neill | sebzes: Ököl (-1.3) | E/P: 150.0/5.0 (S: 150.0/5.0) | Tav: 0.8
[07:26:10] Marcell_O_Neill sebzest kapott tole: Ryan_Brasco | sebzes: Ököl (-6.6) | E/P: 150.0/5.0 (S: 150.0/5.0) | Tav: 1.2
[07:26:45] Ryan_Brasco sebzest kapott tole: Marcell_O_Neill | sebzes: Ököl (-1.3) | E/P: 150.0/3.6 (S: 150.0/3.6) | Tav: 0.8
[07:26:45] Ryan_Brasco sebzest kapott tole: Marcell_O_Neill | sebzes: Ököl (-1.3) | E/P: 150.0/2.3 (S: 150.0/2.3) | Tav: 0.9
[07:26:46] Ryan_Brasco sebzest kapott tole: Marcell_O_Neill | sebzes: Ököl (-1.3) | E/P: 150.0/1.0 (S: 150.0/1.0) | Tav: 0.6
[07:26:47] Ryan_Brasco sebzest kapott tole: Marcell_O_Neill | sebzes: Ököl (-1.3) | E/P: 149.7/0.0 (S: 149.7/0.0) | Tav: 0.7
[07:26:47] Ryan_Brasco sebzest kapott tole: Marcell_O_Neill | sebzes: Ököl (-2.3) | E/P: 148.3/0.0 (S: 148.3/0.0) | Tav: 0.6
[07:26:48] Ryan_Brasco sebzest kapott tole: Marcell_O_Neill | sebzes: Ököl (-3.9) | E/P: 146.0/0.0 (S: 146.0/0.0) | Tav: 0.8
[07:26:49] Ryan_Brasco sebzest kapott tole: Marcell_O_Neill | sebzes: Ököl (-2.3) | E/P: 142.1/0.0 (S: 142.1/0.0) | Tav: 0.6
[07:26:50] Ryan_Brasco sebzest kapott tole: Marcell_O_Neill | sebzes: Ököl (-3.9) | E/P: 139.8/0.0 (S: 139.8/0.0) | Tav: 0.9
[07:26:51] Ryan_Brasco sebzest kapott tole: Marcell_O_Neill | sebzes: Ököl (-1.3) | E/P: 135.8/0.0 (S: 135.8/0.0) | Tav: 1.2
[07:26:52] Ryan_Brasco sebzest kapott tole: Marcell_O_Neill | sebzes: Ököl (-3.9) | E/P: 134.5/0.0 (S: 134.5/0.0) | Tav: 0.8
[07:26:53] Ryan_Brasco sebzest kapott tole: Marcell_O_Neill | sebzes: Ököl (-1.3) | E/P: 130.5/0.0 (S: 130.5/0.0) | Tav: 1.2
[07:26:54] Ryan_Brasco sebzest kapott tole: Marcell_O_Neill | sebzes: Ököl (-1.3) | E/P: 129.2/0.0 (S: 129.2/0.0) | Tav: 1.1
[07:26:54] Ryan_Brasco sebzest kapott tole: Marcell_O_Neill | sebzes: Ököl (-2.3) | E/P: 127.9/0.0 (S: 127.9/0.0) | Tav: 1.1
[07:26:55] Ryan_Brasco sebzest kapott tole: Marcell_O_Neill | sebzes: Ököl (-1.3) | E/P: 125.6/0.0 (S: 125.6/0.0) | Tav: 0.7
[07:28:04] Marcell_O_Neill sebzest kapott | sebzes: Zuhanas (-4.9) | E/P: 148.3/0.0 (S: 148.3/0.0)
[07:30:33] Paul_D_Cortez sebzest kapott | sebzes: Zuhanas (-4.9) | E/P: 150.0/5.0 (S: 150.0/5.0)
[08:16:59] Ryan_Brasco sebzest kapott | sebzes: Zuhanas (-4.9) | E/P: 150.0/5.0 (S: 150.0/5.0)
[08:18:50] Ryan_Brasco sebzest kapott | sebzes: Zuhanas (-4.9) | E/P: 150.0/5.0 (S: 150.0/5.0)
[08:51:18] Mikhail_Bratislav sebzest kapott | sebzes: Zuhanas (-165.0) | E/P: 135.0/83.5 (S: 135.0/83.5)
[08:51:18] Mikhail_Bratislav sebzest kapott | sebzes: Zuhanas (-3.3) | E/P: 150.0/83.5 (S: 150.0/83.5)
[10:22:27] Damien_Creed sebzest kapott | sebzes: Zuhanas (-2.0) | E/P: 150.0/63.5 (S: 150.0/63.5)
