[09:01:01] Milinte_Brasco sebzest kapott tole: Marcell_O_Neill | sebzes: M4 (-20.0) | E/P: 150.0/0.0 (S: 150.0/0.0) | Tav: 3.6
[09:01:01] Marcell_O_Neill sebzest kapott tole: Milinte_Brasco | sebzes: AK47 (-40.0) | E/P: 150.0/0.0 (S: 150.0/0.0) | Tav: 3.5
[09:02:57] Marcell_O_Neill sebzest kapott tole: Milinte_Brasco | sebzes: AK47 (-40.0) | E/P: 150.0/0.0 (S: 150.0/0.0) | Tav: 28.3
[09:02:58] Milinte_Brasco sebzest kapott tole: Marcell_O_Neill | sebzes: M4 (-20.0) | E/P: 131.0/0.0 (S: 131.0/0.0) | Tav: 27.7
[09:03:05] Marcell_O_Neill sebzest kapott tole: Milinte_Brasco | sebzes: AK47 (-40.0) | E/P: 150.0/0.0 (S: 150.0/0.0) | Tav: 33.3
[09:03:17] Milinte_Brasco sebzest kapott tole: Marcell_O_Neill | sebzes: M4 (-20.0) | E/P: 150.0/0.0 (S: 150.0/0.0) | Tav: 8.3
[09:03:27] Milinte_Brasco sebzest kapott tole: Marcell_O_Neill | sebzes: M4 (-20.0) | E/P: 150.0/0.0 (S: 150.0/0.0) | Tav: 2.9
[09:03:28] Milinte_Brasco sebzest kapott tole: Marcell_O_Neill | sebzes: M4 (-20.0) | E/P: 130.0/0.0 (S: 130.0/0.0) | Tav: 2.9
[09:03:28] Milinte_Brasco sebzest kapott tole: Marcell_O_Neill | sebzes: M4 (-20.0) | E/P: 110.0/0.0 (S: 110.0/0.0) | Tav: 2.9
[09:03:28] Milinte_Brasco sebzest kapott tole: Marcell_O_Neill | sebzes: M4 (-20.0) | E/P: 90.0/0.0 (S: 90.0/0.0) | Tav: 2.9
[09:03:28] Milinte_Brasco sebzest kapott tole: Marcell_O_Neill | sebzes: M4 (-20.0) | E/P: 70.0/0.0 (S: 70.0/0.0) | Tav: 2.9
[09:03:29] Milinte_Brasco sebzest kapott tole: Marcell_O_Neill | sebzes: M4 (-20.0) | E/P: 50.0/0.0 (S: 50.0/0.0) | Tav: 2.9
[09:03:29] Milinte_Brasco sebzest kapott tole: Marcell_O_Neill | sebzes: M4 (-20.0) | E/P: 30.0/0.0 (S: 30.0/0.0) | Tav: 2.6
[09:03:29] Milinte_Brasco sebzest kapott tole: Marcell_O_Neill | sebzes: M4 (-20.0) | E/P: 10.0/0.0 (S: 10.0/0.0) | Tav: 2.6
[09:03:39] Marcell_O_Neill sebzest kapott tole: Milinte_Brasco | sebzes: AK47 (-40.0) | E/P: 150.0/0.0 (S: 150.0/0.0) | Tav: 18.8
[09:03:39] Marcell_O_Neill sebzest kapott tole: Milinte_Brasco | sebzes: AK47 (-40.0) | E/P: 110.0/0.0 (S: 110.0/0.0) | Tav: 18.7
[09:03:39] Milinte_Brasco sebzest kapott tole: Marcell_O_Neill | sebzes: M4 (-20.0) | E/P: 150.0/0.0 (S: 150.0/0.0) | Tav: 18.6
[09:03:46] Marcell_O_Neill sebzest kapott tole: Milinte_Brasco | sebzes: AK47 (-40.0) | E/P: 94.0/0.0 (S: 94.0/0.0) | Tav: 11.9
[09:03:55] Marcell_O_Neill sebzest kapott tole: Milinte_Brasco | sebzes: AK47 (-40.0) | E/P: 150.0/0.0 (S: 150.0/0.0) | Tav: 20.7
[09:04:04] Marcell_O_Neill sebzest kapott tole: Milinte_Brasco | sebzes: AK47 (-40.0) | E/P: 150.0/0.0 (S: 150.0/0.0) | Tav: 11.2
[09:04:04] Marcell_O_Neill sebzest kapott tole: Milinte_Brasco | sebzes: AK47 (-40.0) | E/P: 110.0/0.0 (S: 110.0/0.0) | Tav: 11.9
[09:04:06] Marcell_O_Neill sebzest kapott tole: Milinte_Brasco | sebzes: AK47 (-40.0) | E/P: 70.0/0.0 (S: 70.0/0.0) | Tav: 17.6
[09:04:06] Marcell_O_Neill sebzest kapott tole: Milinte_Brasco | sebzes: AK47 (-40.0) | E/P: 30.0/0.0 (S: 30.0/0.0) | Tav: 18.1
[09:04:13] Marcell_O_Neill sebzest kapott tole: Milinte_Brasco | sebzes: AK47 (-40.0) | E/P: 150.0/0.0 (S: 150.0/0.0) | Tav: 17.3
[09:04:14] Marcell_O_Neill sebzest kapott tole: Milinte_Brasco | sebzes: AK47 (-40.0) | E/P: 110.0/0.0 (S: 110.0/0.0) | Tav: 16.4
[09:04:14] Milinte_Brasco sebzest kapott tole: Marcell_O_Neill | sebzes: M4 (-20.0) | E/P: 150.0/0.0 (S: 150.0/0.0) | Tav: 16.3
[09:04:14] Milinte_Brasco sebzest kapott tole: Marcell_O_Neill | sebzes: M4 (-20.0) | E/P: 130.0/0.0 (S: 130.0/0.0) | Tav: 16.2
[09:04:15] Marcell_O_Neill sebzest kapott tole: Milinte_Brasco | sebzes: AK47 (-40.0) | E/P: 70.0/0.0 (S: 70.0/0.0) | Tav: 16.1
[09:04:20] Milinte_Brasco sebzest kapott tole: Marcell_O_Neill | sebzes: M4 (-20.0) | E/P: 149.0/0.0 (S: 149.0/0.0) | Tav: 18.2
[09:04:36] Marcell_O_Neill sebzest kapott tole: Milinte_Brasco | sebzes: AK47 (-40.0) | E/P: 150.0/0.0 (S: 150.0/0.0) | Tav: 26.1
[09:04:36] Marcell_O_Neill sebzest kapott tole: Milinte_Brasco | sebzes: AK47 (-40.0) | E/P: 110.0/0.0 (S: 110.0/0.0) | Tav: 26.1
[09:04:36] Marcell_O_Neill sebzest kapott tole: Milinte_Brasco | sebzes: AK47 (-40.0) | E/P: 70.0/0.0 (S: 70.0/0.0) | Tav: 26.1
[09:04:58] Marcell_O_Neill sebzest kapott tole: Milinte_Brasco | sebzes: AK47 (-40.0) | E/P: 150.0/0.0 (S: 150.0/0.0) | Tav: 7.5
[09:05:06] Marcell_O_Neill sebzest kapott tole: Milinte_Brasco | sebzes: AK47 (-40.0) | E/P: 150.0/0.0 (S: 150.0/0.0) | Tav: 33.3
[09:05:07] Marcell_O_Neill sebzest kapott tole: Milinte_Brasco | sebzes: AK47 (-40.0) | E/P: 110.0/0.0 (S: 110.0/0.0) | Tav: 32.2
[09:05:13] Marcell_O_Neill sebzest kapott tole: Milinte_Brasco | sebzes: AK47 (-40.0) | E/P: 150.0/0.0 (S: 150.0/0.0) | Tav: 10.2
[09:05:13] Milinte_Brasco sebzest kapott tole: Marcell_O_Neill | sebzes: M4 (-20.0) | E/P: 150.0/0.0 (S: 150.0/0.0) | Tav: 10.1
[09:05:25] Milinte_Brasco sebzest kapott tole: Marcell_O_Neill | sebzes: M4 (-20.0) | E/P: 130.0/0.0 (S: 130.0/0.0) | Tav: 14.1
[10:47:47] William_W_Andrews sebzest kapott tole: Krist_Roscoe | sebzes: M4 (-15.0) | E/P: 150.0/150.0 (S: 150.0/150.0) | Tav: 29.1
[10:47:47] William_W_Andrews sebzest kapott tole: Krist_Roscoe | sebzes: M4 (-15.0) | E/P: 150.0/135.0 (S: 150.0/135.0) | Tav: 29.1
[10:47:48] Krist_Roscoe sebzest kapott tole: William_W_Andrews | sebzes: M4 (-20.0) | E/P: 150.0/100.0 (S: 150.0/100.0) | Tav: 29.1
[10:47:51] William_W_Andrews sebzest kapott tole: Krist_Roscoe | sebzes: M4 (-15.0) | E/P: 150.0/120.0 (S: 150.0/120.0) | Tav: 29.1
[10:47:52] William_W_Andrews sebzest kapott tole: Krist_Roscoe | sebzes: M4 (-15.0) | E/P: 150.0/105.0 (S: 150.0/105.0) | Tav: 29.1
[10:47:52] William_W_Andrews sebzest kapott tole: Krist_Roscoe | sebzes: M4 (-15.0) | E/P: 150.0/90.0 (S: 150.0/90.0) | Tav: 29.1
[10:47:52] William_W_Andrews sebzest kapott tole: Krist_Roscoe | sebzes: M4 (-15.0) | E/P: 150.0/75.0 (S: 150.0/75.0) | Tav: 29.1
[10:47:52] William_W_Andrews sebzest kapott tole: Krist_Roscoe | sebzes: M4 (-15.0) | E/P: 150.0/60.0 (S: 150.0/60.0) | Tav: 29.1
[10:49:24] William_W_Andrews sebzest kapott tole: Krist_Roscoe | sebzes: Ököl (-2.6) | E/P: 150.0/0.0 (S: 150.0/0.0) | Tav: 0.8
[10:49:38] William_W_Andrews sebzest kapott tole: Krist_Roscoe | sebzes: Ököl (-2.6) | E/P: 147.3/0.0 (S: 147.3/0.0) | Tav: 0.8
[10:49:44] William_W_Andrews sebzest kapott tole: Krist_Roscoe | sebzes: Ököl (-1.3) | E/P: 144.7/0.0 (S: 144.7/0.0) | Tav: 1.7
[10:49:44] William_W_Andrews sebzest kapott tole: Krist_Roscoe | sebzes: Ököl (-1.3) | E/P: 143.3/0.0 (S: 143.3/0.0) | Tav: 1.3
[13:56:44] Patrik_O_Neill sebzest kapott tole: Mike_O_Neill | sebzes: M4 (-20.0) | E/P: 150.0/0.0 (S: 150.0/0.0) | Tav: 32.0
[13:56:46] Patrik_O_Neill sebzest kapott tole: Mike_O_Neill | sebzes: M4 (-20.0) | E/P: 130.0/0.0 (S: 130.0/0.0) | Tav: 21.3
[13:58:34] Patrik_O_Neill sebzest kapott tole: Mike_O_Neill | sebzes: M4 (-20.0) | E/P: 150.0/0.0 (S: 150.0/0.0) | Tav: 51.6
[13:59:05] Mike_O_Neill sebzest kapott tole: Patrik_O_Neill | sebzes: M4 (-20.0) | E/P: 150.0/0.0 (S: 150.0/0.0) | Tav: 15.0
[14:00:04] Patrik_O_Neill sebzest kapott tole: Mike_O_Neill | sebzes: M4 (-20.0) | E/P: 150.0/0.0 (S: 150.0/0.0) | Tav: 6.3
[14:00:04] Mike_O_Neill sebzest kapott tole: Patrik_O_Neill | sebzes: M4 (-20.0) | E/P: 150.0/0.0 (S: 150.0/0.0) | Tav: 6.3
[14:00:57] Patrik_O_Neill sebzest kapott tole: Mike_O_Neill | sebzes: M4 (-20.0) | E/P: 150.0/0.0 (S: 150.0/0.0) | Tav: 3.5
[14:05:28] Patrik_O_Neill sebzest kapott tole: Mike_O_Neill | sebzes: Ököl (-1.3) | E/P: 150.0/5.0 (S: 150.0/5.0) | Tav: 0.9
[14:05:31] Mike_O_Neill sebzest kapott tole: Patrik_O_Neill | sebzes: Ököl (-1.3) | E/P: 150.0/0.0 (S: 150.0/0.0) | Tav: 0.7
[14:05:41] Mike_O_Neill sebzest kapott tole: Patrik_O_Neill | sebzes: Ököl (-1.3) | E/P: 148.6/0.0 (S: 148.6/0.0) | Tav: 0.9
[14:06:03] Patrik_O_Neill sebzest kapott tole: Mike_O_Neill | sebzes: Ököl (-1.3) | E/P: 150.0/3.6 (S: 150.0/3.6) | Tav: 0.7
[14:06:04] Mike_O_Neill sebzest kapott tole: Patrik_O_Neill | sebzes: Ököl (-1.3) | E/P: 147.3/0.0 (S: 147.3/0.0) | Tav: 0.6
[14:06:08] Mike_O_Neill sebzest kapott tole: Patrik_O_Neill | sebzes: Ököl (-1.3) | E/P: 146.0/0.0 (S: 146.0/0.0) | Tav: 0.7
[14:06:30] Patrik_O_Neill sebzest kapott tole: Mike_O_Neill | sebzes: M4 (-20.0) | E/P: 150.0/0.0 (S: 150.0/0.0) | Tav: 32.0
[14:06:58] Patrik_O_Neill sebzest kapott tole: Mike_O_Neill | sebzes: M4 (-20.0) | E/P: 150.0/0.0 (S: 150.0/0.0) | Tav: 11.8
[14:07:20] Mike_O_Neill sebzest kapott tole: Patrik_O_Neill | sebzes: M4 (-20.0) | E/P: 150.0/0.0 (S: 150.0/0.0) | Tav: 13.9
[14:07:21] Mike_O_Neill sebzest kapott tole: Patrik_O_Neill | sebzes: M4 (-20.0) | E/P: 130.0/0.0 (S: 130.0/0.0) | Tav: 13.8
[14:07:21] Mike_O_Neill sebzest kapott tole: Patrik_O_Neill | sebzes: M4 (-20.0) | E/P: 110.0/0.0 (S: 110.0/0.0) | Tav: 13.8
[14:07:21] Patrik_O_Neill sebzest kapott tole: Mike_O_Neill | sebzes: M4 (-20.0) | E/P: 150.0/0.0 (S: 150.0/0.0) | Tav: 13.8
[14:08:05] Mike_O_Neill sebzest kapott tole: Patrik_O_Neill | sebzes: M4 (-20.0) | E/P: 131.0/0.0 (S: 131.0/0.0) | Tav: 19.5
[14:08:05] Mike_O_Neill sebzest kapott tole: Patrik_O_Neill | sebzes: M4 (-20.0) | E/P: 111.0/0.0 (S: 111.0/0.0) | Tav: 18.4
[14:08:05] Mike_O_Neill sebzest kapott tole: Patrik_O_Neill | sebzes: M4 (-20.0) | E/P: 91.0/0.0 (S: 91.0/0.0) | Tav: 17.8
[14:08:05] Mike_O_Neill sebzest kapott tole: Patrik_O_Neill | sebzes: M4 (-20.0) | E/P: 71.0/0.0 (S: 71.0/0.0) | Tav: 17.6
[14:08:05] Mike_O_Neill sebzest kapott tole: Patrik_O_Neill | sebzes: M4 (-20.0) | E/P: 51.0/0.0 (S: 51.0/0.0) | Tav: 17.5
[14:08:06] Mike_O_Neill sebzest kapott tole: Patrik_O_Neill | sebzes: M4 (-20.0) | E/P: 31.0/0.0 (S: 31.0/0.0) | Tav: 17.6
[14:08:06] Mike_O_Neill sebzest kapott tole: Patrik_O_Neill | sebzes: M4 (-20.0) | E/P: 11.0/0.0 (S: 11.0/0.0) | Tav: 17.6
[14:08:06] Mike_O_Neill sebzest kapott tole: Patrik_O_Neill | sebzes: M4 (-20.0) | E/P: 0.0/0.0 (S: 0.0/0.0) | Tav: 17.6
[14:08:24] Patrik_O_Neill sebzest kapott tole: Mike_O_Neill | sebzes: M4 (-20.0) | E/P: 150.0/0.0 (S: 150.0/0.0) | Tav: 5.5
[14:08:25] Mike_O_Neill sebzest kapott tole: Patrik_O_Neill | sebzes: M4 (-20.0) | E/P: 150.0/0.0 (S: 150.0/0.0) | Tav: 4.8
[14:09:28] Patrik_O_Neill sebzest kapott tole: Mike_O_Neill | sebzes: M4 (-20.0) | E/P: 150.0/0.0 (S: 150.0/0.0) | Tav: 19.3
[14:09:28] Patrik_O_Neill sebzest kapott tole: Mike_O_Neill | sebzes: M4 (-20.0) | E/P: 130.0/0.0 (S: 130.0/0.0) | Tav: 19.3
[14:09:28] Patrik_O_Neill sebzest kapott tole: Mike_O_Neill | sebzes: M4 (-20.0) | E/P: 110.0/0.0 (S: 110.0/0.0) | Tav: 19.3
[14:09:41] Patrik_O_Neill sebzest kapott tole: Mike_O_Neill | sebzes: M4 (-20.0) | E/P: 150.0/0.0 (S: 150.0/0.0) | Tav: 62.2
[14:10:00] Patrik_O_Neill sebzest kapott tole: Mike_O_Neill | sebzes: M4 (-20.0) | E/P: 150.0/0.0 (S: 150.0/0.0) | Tav: 9.2
[14:10:07] Patrik_O_Neill sebzest kapott tole: Mike_O_Neill | sebzes: M4 (-20.0) | E/P: 150.0/0.0 (S: 150.0/0.0) | Tav: 30.3
[14:10:36] Mike_O_Neill sebzest kapott tole: Patrik_O_Neill | sebzes: M4 (-20.0) | E/P: 150.0/0.0 (S: 150.0/0.0) | Tav: 23.3
[14:10:36] Mike_O_Neill sebzest kapott tole: Patrik_O_Neill | sebzes: M4 (-20.0) | E/P: 130.0/0.0 (S: 130.0/0.0) | Tav: 22.9
[14:10:36] Mike_O_Neill sebzest kapott tole: Patrik_O_Neill | sebzes: M4 (-20.0) | E/P: 110.0/0.0 (S: 110.0/0.0) | Tav: 21.9
[14:10:36] Mike_O_Neill sebzest kapott tole: Patrik_O_Neill | sebzes: M4 (-20.0) | E/P: 90.0/0.0 (S: 90.0/0.0) | Tav: 21.2
[14:10:36] Mike_O_Neill sebzest kapott tole: Patrik_O_Neill | sebzes: M4 (-20.0) | E/P: 70.0/0.0 (S: 70.0/0.0) | Tav: 21.1
[14:10:37] Mike_O_Neill sebzest kapott tole: Patrik_O_Neill | sebzes: M4 (-20.0) | E/P: 50.0/0.0 (S: 50.0/0.0) | Tav: 21.2
[14:10:37] Mike_O_Neill sebzest kapott tole: Patrik_O_Neill | sebzes: M4 (-20.0) | E/P: 30.0/0.0 (S: 30.0/0.0) | Tav: 21.2
[14:10:37] Mike_O_Neill sebzest kapott tole: Patrik_O_Neill | sebzes: M4 (-20.0) | E/P: 10.0/0.0 (S: 10.0/0.0) | Tav: 21.2
[14:10:37] Mike_O_Neill sebzest kapott tole: Patrik_O_Neill | sebzes: M4 (-20.0) | E/P: 0.0/0.0 (S: 0.0/0.0) | Tav: 21.2
[14:10:59] Mike_O_Neill sebzest kapott tole: Patrik_O_Neill | sebzes: M4 (-20.0) | E/P: 150.0/0.0 (S: 150.0/0.0) | Tav: 16.2
[14:11:00] Patrik_O_Neill sebzest kapott tole: Mike_O_Neill | sebzes: M4 (-20.0) | E/P: 150.0/0.0 (S: 150.0/0.0) | Tav: 16.1
[14:11:00] Mike_O_Neill sebzest kapott tole: Patrik_O_Neill | sebzes: M4 (-20.0) | E/P: 130.0/0.0 (S: 130.0/0.0) | Tav: 16.1
[14:11:00] Mike_O_Neill sebzest kapott tole: Patrik_O_Neill | sebzes: M4 (-20.0) | E/P: 110.0/0.0 (S: 110.0/0.0) | Tav: 16.1
[14:11:01] Mike_O_Neill sebzest kapott tole: Patrik_O_Neill | sebzes: M4 (-20.0) | E/P: 90.0/0.0 (S: 90.0/0.0) | Tav: 16.1
[14:11:01] Patrik_O_Neill sebzest kapott tole: Mike_O_Neill | sebzes: M4 (-20.0) | E/P: 130.0/0.0 (S: 130.0/0.0) | Tav: 16.0
[14:11:08] Mike_O_Neill sebzest kapott tole: Patrik_O_Neill | sebzes: M4 (-20.0) | E/P: 70.0/0.0 (S: 70.0/0.0) | Tav: 20.5
[14:11:08] Mike_O_Neill sebzest kapott tole: Patrik_O_Neill | sebzes: M4 (-20.0) | E/P: 50.0/0.0 (S: 50.0/0.0) | Tav: 19.8
[14:11:08] Mike_O_Neill sebzest kapott tole: Patrik_O_Neill | sebzes: M4 (-20.0) | E/P: 30.0/0.0 (S: 30.0/0.0) | Tav: 19.0
[14:11:09] Mike_O_Neill sebzest kapott tole: Patrik_O_Neill | sebzes: M4 (-20.0) | E/P: 10.0/0.0 (S: 10.0/0.0) | Tav: 18.6
[14:11:09] Mike_O_Neill sebzest kapott tole: Patrik_O_Neill | sebzes: M4 (-20.0) | E/P: 0.0/0.0 (S: 0.0/0.0) | Tav: 18.6
[14:12:54] Patrik_O_Neill sebzest kapott tole: Mike_O_Neill | sebzes: M4 (-20.0) | E/P: 150.0/0.0 (S: 150.0/0.0) | Tav: 0.6
[14:12:55] Patrik_O_Neill sebzest kapott tole: Mike_O_Neill | sebzes: M4 (-20.0) | E/P: 130.0/0.0 (S: 130.0/0.0) | Tav: 0.6
[14:12:56] Patrik_O_Neill sebzest kapott tole: Mike_O_Neill | sebzes: M4 (-20.0) | E/P: 110.0/0.0 (S: 110.0/0.0) | Tav: 1.7
[14:13:30] Mike_O_Neill sebzest kapott tole: Patrik_O_Neill | sebzes: M4 (-20.0) | E/P: 150.0/0.0 (S: 150.0/0.0) | Tav: 10.8
[21:13:45] Mike_O_Neill sebzest kapott tole: Patrik_O_Neill | sebzes: M4 (-20.0) | E/P: 150.0/0.0 (S: 150.0/0.0) | Tav: 6.6
[21:13:45] Mike_O_Neill sebzest kapott tole: Patrik_O_Neill | sebzes: M4 (-20.0) | E/P: 130.0/0.0 (S: 130.0/0.0) | Tav: 6.1
[20:14:26] Patrik_O_Neill sebzest kapott tole: Mike_O_Neill | sebzes: M4 (-20.0) | E/P: 150.0/0.0 (S: 150.0/0.0) | Tav: 8.6
[20:14:27] Mike_O_Neill sebzest kapott tole: Patrik_O_Neill | sebzes: M4 (-20.0) | E/P: 150.0/0.0 (S: 150.0/0.0) | Tav: 9.3
[20:14:31] Mike_O_Neill sebzest kapott tole: Patrik_O_Neill | sebzes: M4 (-20.0) | E/P: 130.0/0.0 (S: 130.0/0.0) | Tav: 9.4
[20:14:31] Mike_O_Neill sebzest kapott tole: Patrik_O_Neill | sebzes: M4 (-20.0) | E/P: 110.0/0.0 (S: 110.0/0.0) | Tav: 9.5
[20:14:31] Mike_O_Neill sebzest kapott tole: Patrik_O_Neill | sebzes: M4 (-20.0) | E/P: 90.0/0.0 (S: 90.0/0.0) | Tav: 9.5
[20:14:31] Mike_O_Neill sebzest kapott tole: Patrik_O_Neill | sebzes: M4 (-20.0) | E/P: 70.0/0.0 (S: 70.0/0.0) | Tav: 9.5
[20:14:31] Patrik_O_Neill sebzest kapott tole: Mike_O_Neill | sebzes: M4 (-20.0) | E/P: 130.0/0.0 (S: 130.0/0.0) | Tav: 9.5
[20:14:39] Patrik_O_Neill sebzest kapott tole: Mike_O_Neill | sebzes: M4 (-20.0) | E/P: 150.0/0.0 (S: 150.0/0.0) | Tav: 4.9
[20:14:40] Mike_O_Neill sebzest kapott tole: Patrik_O_Neill | sebzes: M4 (-20.0) | E/P: 89.0/0.0 (S: 89.0/0.0) | Tav: 5.4
[20:14:40] Mike_O_Neill sebzest kapott tole: Patrik_O_Neill | sebzes: M4 (-20.0) | E/P: 69.0/0.0 (S: 69.0/0.0) | Tav: 5.6
[20:14:40] Mike_O_Neill sebzest kapott tole: Patrik_O_Neill | sebzes: M4 (-20.0) | E/P: 49.0/0.0 (S: 49.0/0.0) | Tav: 5.6
[20:14:40] Patrik_O_Neill sebzest kapott tole: Mike_O_Neill | sebzes: M4 (-20.0) | E/P: 130.0/0.0 (S: 130.0/0.0) | Tav: 5.6
[20:14:48] Mike_O_Neill sebzest kapott tole: Patrik_O_Neill | sebzes: M4 (-20.0) | E/P: 74.0/0.0 (S: 74.0/0.0) | Tav: 13.1
[20:14:48] Mike_O_Neill sebzest kapott tole: Patrik_O_Neill | sebzes: M4 (-20.0) | E/P: 54.0/0.0 (S: 54.0/0.0) | Tav: 13.2
[20:14:48] Mike_O_Neill sebzest kapott tole: Patrik_O_Neill | sebzes: M4 (-20.0) | E/P: 34.0/0.0 (S: 34.0/0.0) | Tav: 12.9
[20:15:13] Patrik_O_Neill sebzest kapott tole: Mike_O_Neill | sebzes: M4 (-20.0) | E/P: 150.0/0.0 (S: 150.0/0.0) | Tav: 41.9
[20:15:56] Mike_O_Neill sebzest kapott tole: Patrik_O_Neill | sebzes: M4 (-20.0) | E/P: 150.0/0.0 (S: 150.0/0.0) | Tav: 41.1
[20:16:13] Patrik_O_Neill sebzest kapott tole: Mike_O_Neill | sebzes: M4 (-20.0) | E/P: 150.0/0.0 (S: 150.0/0.0) | Tav: 1.2
[20:16:14] Patrik_O_Neill sebzest kapott tole: Mike_O_Neill | sebzes: M4 (-20.0) | E/P: 130.0/0.0 (S: 130.0/0.0) | Tav: 1.2
[20:16:14] Patrik_O_Neill sebzest kapott tole: Mike_O_Neill | sebzes: M4 (-20.0) | E/P: 110.0/0.0 (S: 110.0/0.0) | Tav: 1.2
[20:16:14] Patrik_O_Neill sebzest kapott tole: Mike_O_Neill | sebzes: M4 (-20.0) | E/P: 90.0/0.0 (S: 90.0/0.0) | Tav: 1.2
[20:16:14] Mike_O_Neill sebzest kapott tole: Patrik_O_Neill | sebzes: M4 (-20.0) | E/P: 150.0/0.0 (S: 150.0/0.0) | Tav: 1.4
[20:16:14] Patrik_O_Neill sebzest kapott tole: Mike_O_Neill | sebzes: M4 (-20.0) | E/P: 70.0/0.0 (S: 70.0/0.0) | Tav: 1.4
[20:16:33] Patrik_O_Neill sebzest kapott tole: Mike_O_Neill | sebzes: M4 (-20.0) | E/P: 150.0/0.0 (S: 150.0/0.0) | Tav: 5.2
[20:16:40] Patrik_O_Neill sebzest kapott tole: Mike_O_Neill | sebzes: M4 (-20.0) | E/P: 150.0/0.0 (S: 150.0/0.0) | Tav: 17.1
[20:16:40] Patrik_O_Neill sebzest kapott tole: Mike_O_Neill | sebzes: M4 (-20.0) | E/P: 130.0/0.0 (S: 130.0/0.0) | Tav: 16.8
[20:16:40] Patrik_O_Neill sebzest kapott tole: Mike_O_Neill | sebzes: M4 (-20.0) | E/P: 110.0/0.0 (S: 110.0/0.0) | Tav: 16.4
[20:16:41] Mike_O_Neill sebzest kapott tole: Patrik_O_Neill | sebzes: M4 (-20.0) | E/P: 150.0/0.0 (S: 150.0/0.0) | Tav: 15.7
[20:16:52] Patrik_O_Neill sebzest kapott tole: Mike_O_Neill | sebzes: M4 (-20.0) | E/P: 136.0/0.0 (S: 136.0/0.0) | Tav: 4.3
[20:16:53] Patrik_O_Neill sebzest kapott tole: Mike_O_Neill | sebzes: M4 (-20.0) | E/P: 116.0/0.0 (S: 116.0/0.0) | Tav: 3.2
[20:17:06] Patrik_O_Neill sebzest kapott tole: Mike_O_Neill | sebzes: M4 (-20.0) | E/P: 150.0/0.0 (S: 150.0/0.0) | Tav: 36.3
[18:17:21] Mike_O_Neill sebzest kapott tole: Patrik_O_Neill | sebzes: M4 (-20.0) | E/P: 150.0/0.0 (S: 150.0/0.0) | Tav: 63.4
[20:17:34] Mike_O_Neill sebzest kapott tole: Patrik_O_Neill | sebzes: M4 (-20.0) | E/P: 130.0/0.0 (S: 130.0/0.0) | Tav: 60.8
[20:17:52] Patrik_O_Neill sebzest kapott tole: Mike_O_Neill | sebzes: M4 (-20.0) | E/P: 150.0/0.0 (S: 150.0/0.0) | Tav: 24.0
[20:18:09] Mike_O_Neill sebzest kapott tole: Patrik_O_Neill | sebzes: Ököl (-1.3) | E/P: 150.0/0.0 (S: 150.0/0.0) | Tav: 0.8
[20:18:14] Mike_O_Neill sebzest kapott tole: Patrik_O_Neill | sebzes: Ököl (-1.3) | E/P: 148.6/0.0 (S: 148.6/0.0) | Tav: 1.0
