[16:48:58] Ralf_S_Tomasso sebzest kapott tole: William_W_Andrews | sebzes: M4 (-20.0) | E/P: 150.0/0.0 (S: 150.0/0.0) | Tav: 12.9
[16:48:58] William_W_Andrews sebzest kapott tole: Ralf_S_Tomasso | sebzes: M4 (-20.0) | E/P: 150.0/0.0 (S: 150.0/0.0) | Tav: 12.9
[16:48:58] Ralf_S_Tomasso sebzest kapott tole: William_W_Andrews | sebzes: M4 (-20.0) | E/P: 149.0/0.0 (S: 149.0/0.0) | Tav: 12.9
[16:49:11] Edie_Morra sebzest kapott tole: Ralf_S_Tomasso | sebzes: M4 (-20.0) | E/P: 150.0/0.0 (S: 150.0/0.0) | Tav: 16.9
[16:49:16] Edie_Morra sebzest kapott tole: William_W_Andrews | sebzes: M4 (-20.0) | E/P: 0.0/0.0 (S: 0.0/0.0) | Tav: 18.9
[16:49:27] Ralf_S_Tomasso sebzest kapott tole: William_W_Andrews | sebzes: M4 (-20.0) | E/P: 150.0/0.0 (S: 150.0/0.0) | Tav: 16.8
[16:49:27] William_W_Andrews sebzest kapott tole: Ralf_S_Tomasso | sebzes: M4 (-20.0) | E/P: 75.0/0.0 (S: 75.0/0.0) | Tav: 16.8
[16:49:27] Ralf_S_Tomasso sebzest kapott tole: William_W_Andrews | sebzes: M4 (-20.0) | E/P: 136.0/0.0 (S: 136.0/0.0) | Tav: 16.8
[16:49:27] Ralf_S_Tomasso sebzest kapott tole: William_W_Andrews | sebzes: M4 (-20.0) | E/P: 116.0/0.0 (S: 116.0/0.0) | Tav: 16.8
[16:49:28] Ralf_S_Tomasso sebzest kapott tole: William_W_Andrews | sebzes: M4 (-20.0) | E/P: 96.0/0.0 (S: 96.0/0.0) | Tav: 16.8
[16:49:54] William_W_Andrews sebzest kapott tole: Edie_Morra | sebzes: M4 (-20.0) | E/P: 49.0/0.0 (S: 49.0/0.0) | Tav: 25.1
[16:49:58] William_W_Andrews sebzest kapott tole: Edie_Morra | sebzes: M4 (-20.0) | E/P: 0.0/0.0 (S: 0.0/0.0) | Tav: 34.6
[16:49:59] Edie_Morra sebzest kapott tole: William_W_Andrews | sebzes: M4 (-20.0) | E/P: 150.0/0.0 (S: 150.0/0.0) | Tav: 33.1
[16:50:00] William_W_Andrews sebzest kapott tole: Edie_Morra | sebzes: M4 (-20.0) | E/P: 0.0/0.0 (S: 0.0/0.0) | Tav: 31.9
[16:50:00] Edie_Morra sebzest kapott tole: Ralf_S_Tomasso | sebzes: M4 (-20.0) | E/P: 150.0/0.0 (S: 150.0/0.0) | Tav: 36.3
[16:50:16] William_W_Andrews sebzest kapott tole: Edie_Morra | sebzes: M4 (-20.0) | E/P: 150.0/0.0 (S: 150.0/0.0) | Tav: 8.5
[16:50:16] William_W_Andrews sebzest kapott tole: Edie_Morra | sebzes: M4 (-20.0) | E/P: 130.0/0.0 (S: 130.0/0.0) | Tav: 8.5
[16:50:16] William_W_Andrews sebzest kapott tole: Edie_Morra | sebzes: M4 (-20.0) | E/P: 110.0/0.0 (S: 110.0/0.0) | Tav: 8.5
[16:50:16] William_W_Andrews sebzest kapott tole: Edie_Morra | sebzes: M4 (-20.0) | E/P: 90.0/0.0 (S: 90.0/0.0) | Tav: 8.5
[16:50:16] William_W_Andrews sebzest kapott tole: Edie_Morra | sebzes: M4 (-20.0) | E/P: 70.0/0.0 (S: 70.0/0.0) | Tav: 8.5
[16:50:16] William_W_Andrews sebzest kapott tole: Edie_Morra | sebzes: M4 (-20.0) | E/P: 50.0/0.0 (S: 50.0/0.0) | Tav: 8.5
[16:50:17] William_W_Andrews sebzest kapott tole: Edie_Morra | sebzes: M4 (-20.0) | E/P: 30.0/0.0 (S: 30.0/0.0) | Tav: 8.5
[16:50:17] William_W_Andrews sebzest kapott tole: Edie_Morra | sebzes: M4 (-20.0) | E/P: 10.0/0.0 (S: 10.0/0.0) | Tav: 8.5
[16:50:31] William_W_Andrews sebzest kapott tole: Edie_Morra | sebzes: M4 (-20.0) | E/P: 150.0/0.0 (S: 150.0/0.0) | Tav: 42.9
[16:50:38] Edie_Morra sebzest kapott tole: William_W_Andrews | sebzes: M4 (-20.0) | E/P: 150.0/0.0 (S: 150.0/0.0) | Tav: 13.0
[16:50:46] Edie_Morra sebzest kapott tole: Ralf_S_Tomasso | sebzes: M4 (-20.0) | E/P: 150.0/0.0 (S: 150.0/0.0) | Tav: 23.5
[16:50:52] Ralf_S_Tomasso sebzest kapott tole: William_W_Andrews | sebzes: M4 (-20.0) | E/P: 150.0/0.0 (S: 150.0/0.0) | Tav: 22.7
[16:50:52] Ralf_S_Tomasso sebzest kapott tole: William_W_Andrews | sebzes: M4 (-20.0) | E/P: 130.0/0.0 (S: 130.0/0.0) | Tav: 23.2
[16:50:52] Ralf_S_Tomasso sebzest kapott tole: William_W_Andrews | sebzes: M4 (-20.0) | E/P: 110.0/0.0 (S: 110.0/0.0) | Tav: 23.8
[16:51:07] Edie_Morra sebzest kapott tole: William_W_Andrews | sebzes: M4 (-20.0) | E/P: 150.0/0.0 (S: 150.0/0.0) | Tav: 19.5
[16:51:09] William_W_Andrews sebzest kapott tole: Edie_Morra | sebzes: M4 (-20.0) | E/P: 150.0/0.0 (S: 150.0/0.0) | Tav: 17.5
[16:51:09] William_W_Andrews sebzest kapott tole: Edie_Morra | sebzes: M4 (-20.0) | E/P: 130.0/0.0 (S: 130.0/0.0) | Tav: 17.2
[16:51:10] William_W_Andrews sebzest kapott tole: Edie_Morra | sebzes: M4 (-20.0) | E/P: 110.0/0.0 (S: 110.0/0.0) | Tav: 16.9
[16:51:10] Edie_Morra sebzest kapott tole: William_W_Andrews | sebzes: M4 (-20.0) | E/P: 130.0/0.0 (S: 130.0/0.0) | Tav: 16.8
[16:51:10] William_W_Andrews sebzest kapott tole: Edie_Morra | sebzes: M4 (-20.0) | E/P: 90.0/0.0 (S: 90.0/0.0) | Tav: 16.8
[16:51:10] Edie_Morra sebzest kapott tole: William_W_Andrews | sebzes: M4 (-20.0) | E/P: 110.0/0.0 (S: 110.0/0.0) | Tav: 16.8
[16:51:10] Edie_Morra sebzest kapott tole: William_W_Andrews | sebzes: M4 (-20.0) | E/P: 90.0/0.0 (S: 90.0/0.0) | Tav: 16.6
[16:51:10] William_W_Andrews sebzest kapott tole: Edie_Morra | sebzes: M4 (-20.0) | E/P: 107.0/0.0 (S: 107.0/0.0) | Tav: 16.5
[16:51:16] William_W_Andrews sebzest kapott tole: Ralf_S_Tomasso | sebzes: M4 (-20.0) | E/P: 87.0/0.0 (S: 87.0/0.0) | Tav: 29.7
[16:51:23] William_W_Andrews sebzest kapott tole: Edie_Morra | sebzes: M4 (-20.0) | E/P: 150.0/0.0 (S: 150.0/0.0) | Tav: 36.6
[16:51:34] Ralf_S_Tomasso sebzest kapott tole: Edie_Morra | sebzes: M4 (-20.0) | E/P: 150.0/0.0 (S: 150.0/0.0) | Tav: 33.4
[16:51:34] Ralf_S_Tomasso sebzest kapott tole: Edie_Morra | sebzes: M4 (-20.0) | E/P: 130.0/0.0 (S: 130.0/0.0) | Tav: 33.3
[16:51:35] Ralf_S_Tomasso sebzest kapott tole: William_W_Andrews | sebzes: M4 (-20.0) | E/P: 110.0/0.0 (S: 110.0/0.0) | Tav: 9.9
[16:51:50] Edie_Morra sebzest kapott tole: William_W_Andrews | sebzes: M4 (-20.0) | E/P: 150.0/0.0 (S: 150.0/0.0) | Tav: 21.1
[16:51:51] Edie_Morra sebzest kapott tole: William_W_Andrews | sebzes: M4 (-20.0) | E/P: 130.0/0.0 (S: 130.0/0.0) | Tav: 17.4
[16:51:51] William_W_Andrews sebzest kapott tole: Edie_Morra | sebzes: M4 (-20.0) | E/P: 150.0/0.0 (S: 150.0/0.0) | Tav: 17.3
[16:52:14] Edie_Morra sebzest kapott tole: William_W_Andrews | sebzes: M4 (-20.0) | E/P: 110.0/0.0 (S: 110.0/0.0) | Tav: 22.6
[16:52:14] Edie_Morra sebzest kapott tole: William_W_Andrews | sebzes: M4 (-20.0) | E/P: 90.0/0.0 (S: 90.0/0.0) | Tav: 22.6
[16:52:14] Edie_Morra sebzest kapott tole: William_W_Andrews | sebzes: M4 (-20.0) | E/P: 70.0/0.0 (S: 70.0/0.0) | Tav: 22.6
[16:52:14] Edie_Morra sebzest kapott tole: William_W_Andrews | sebzes: M4 (-20.0) | E/P: 50.0/0.0 (S: 50.0/0.0) | Tav: 22.6
[16:52:15] Edie_Morra sebzest kapott tole: William_W_Andrews | sebzes: M4 (-20.0) | E/P: 30.0/0.0 (S: 30.0/0.0) | Tav: 22.6
[16:52:15] William_W_Andrews sebzest kapott tole: Edie_Morra | sebzes: M4 (-20.0) | E/P: 150.0/0.0 (S: 150.0/0.0) | Tav: 22.6
[16:52:15] Edie_Morra sebzest kapott tole: William_W_Andrews | sebzes: M4 (-20.0) | E/P: 44.0/0.0 (S: 44.0/0.0) | Tav: 22.6
[16:52:34] William_W_Andrews sebzest kapott tole: Ralf_S_Tomasso | sebzes: M4 (-20.0) | E/P: 150.0/0.0 (S: 150.0/0.0) | Tav: 43.1
[16:52:53] Edie_Morra sebzest kapott tole: William_W_Andrews | sebzes: M4 (-20.0) | E/P: 24.0/0.0 (S: 24.0/0.0) | Tav: 45.2
[16:52:54] Edie_Morra sebzest kapott tole: William_W_Andrews | sebzes: M4 (-20.0) | E/P: 4.0/0.0 (S: 4.0/0.0) | Tav: 45.2
[16:53:17] Ralf_S_Tomasso sebzest kapott tole: William_W_Andrews | sebzes: Combat (-14.8) | E/P: 150.0/0.0 (S: 150.0/0.0) | Tav: 21.0
[16:53:17] Ralf_S_Tomasso sebzest kapott tole: William_W_Andrews | sebzes: Combat (-9.9) | E/P: 135.1/0.0 (S: 135.1/0.0) | Tav: 20.9
[16:53:22] Edie_Morra sebzest kapott tole: William_W_Andrews | sebzes: Combat (-9.9) | E/P: 150.0/0.0 (S: 150.0/0.0) | Tav: 21.0
[16:53:34] Ralf_S_Tomasso sebzest kapott tole: William_W_Andrews | sebzes: M4 (-20.0) | E/P: 150.0/0.0 (S: 150.0/0.0) | Tav: 37.6
[16:53:34] Ralf_S_Tomasso sebzest kapott tole: William_W_Andrews | sebzes: M4 (-20.0) | E/P: 130.0/0.0 (S: 130.0/0.0) | Tav: 38.1
[16:53:40] William_W_Andrews sebzest kapott tole: Ralf_S_Tomasso | sebzes: M4 (-20.0) | E/P: 150.0/0.0 (S: 150.0/0.0) | Tav: 13.8
[16:53:42] Edie_Morra sebzest kapott tole: Ralf_S_Tomasso | sebzes: M4 (-20.0) | E/P: 150.0/0.0 (S: 150.0/0.0) | Tav: 35.4
[16:55:38] Edie_Morra sebzest kapott tole: Ralf_S_Tomasso | sebzes: M4 (-20.0) | E/P: 150.0/0.0 (S: 150.0/0.0) | Tav: 11.1
[16:55:45] William_W_Andrews sebzest kapott tole: Ralf_S_Tomasso | sebzes: M4 (-20.0) | E/P: 135.0/0.0 (S: 135.0/0.0) | Tav: 36.9
[16:55:45] William_W_Andrews sebzest kapott tole: Ralf_S_Tomasso | sebzes: M4 (-20.0) | E/P: 115.0/0.0 (S: 115.0/0.0) | Tav: 36.9
[16:55:53] Edie_Morra sebzest kapott tole: Ralf_S_Tomasso | sebzes: M4 (-20.0) | E/P: 150.0/0.0 (S: 150.0/0.0) | Tav: 13.2
[16:55:53] Edie_Morra sebzest kapott tole: Ralf_S_Tomasso | sebzes: M4 (-20.0) | E/P: 130.0/0.0 (S: 130.0/0.0) | Tav: 12.8
[16:55:53] Edie_Morra sebzest kapott tole: Ralf_S_Tomasso | sebzes: M4 (-20.0) | E/P: 110.0/0.0 (S: 110.0/0.0) | Tav: 12.2
[16:56:07] Ralf_S_Tomasso sebzest kapott tole: Edie_Morra | sebzes: M4 (-20.0) | E/P: 150.0/0.0 (S: 150.0/0.0) | Tav: 43.0
[16:56:07] Ralf_S_Tomasso sebzest kapott tole: Edie_Morra | sebzes: M4 (-20.0) | E/P: 130.0/0.0 (S: 130.0/0.0) | Tav: 43.1
[16:56:07] Ralf_S_Tomasso sebzest kapott tole: Edie_Morra | sebzes: M4 (-20.0) | E/P: 110.0/0.0 (S: 110.0/0.0) | Tav: 43.1
[16:56:15] Edie_Morra sebzest kapott tole: William_W_Andrews | sebzes: M4 (-20.0) | E/P: 150.0/0.0 (S: 150.0/0.0) | Tav: 29.3
[16:56:16] Edie_Morra sebzest kapott tole: William_W_Andrews | sebzes: M4 (-20.0) | E/P: 130.0/0.0 (S: 130.0/0.0) | Tav: 29.2
[16:56:16] Edie_Morra sebzest kapott tole: William_W_Andrews | sebzes: M4 (-20.0) | E/P: 110.0/0.0 (S: 110.0/0.0) | Tav: 29.2
[16:56:16] William_W_Andrews sebzest kapott tole: Edie_Morra | sebzes: M4 (-20.0) | E/P: 150.0/0.0 (S: 150.0/0.0) | Tav: 29.2
[16:56:18] Edie_Morra sebzest kapott tole: Ralf_S_Tomasso | sebzes: M4 (-20.0) | E/P: 150.0/0.0 (S: 150.0/0.0) | Tav: 23.1
[16:56:19] Ralf_S_Tomasso sebzest kapott tole: Edie_Morra | sebzes: M4 (-20.0) | E/P: 150.0/0.0 (S: 150.0/0.0) | Tav: 23.0
[16:56:25] William_W_Andrews sebzest kapott tole: Edie_Morra | sebzes: M4 (-20.0) | E/P: 150.0/0.0 (S: 150.0/0.0) | Tav: 3.7
[16:56:25] William_W_Andrews sebzest kapott tole: Edie_Morra | sebzes: M4 (-20.0) | E/P: 130.0/0.0 (S: 130.0/0.0) | Tav: 3.6
[16:56:25] William_W_Andrews sebzest kapott tole: Edie_Morra | sebzes: M4 (-20.0) | E/P: 110.0/0.0 (S: 110.0/0.0) | Tav: 3.5
[16:56:25] William_W_Andrews sebzest kapott tole: Edie_Morra | sebzes: M4 (-20.0) | E/P: 90.0/0.0 (S: 90.0/0.0) | Tav: 3.3
[16:56:25] William_W_Andrews sebzest kapott tole: Edie_Morra | sebzes: M4 (-20.0) | E/P: 70.0/0.0 (S: 70.0/0.0) | Tav: 3.2
[16:56:25] William_W_Andrews sebzest kapott tole: Edie_Morra | sebzes: M4 (-20.0) | E/P: 50.0/0.0 (S: 50.0/0.0) | Tav: 3.1
[16:56:25] William_W_Andrews sebzest kapott tole: Edie_Morra | sebzes: M4 (-20.0) | E/P: 30.0/0.0 (S: 30.0/0.0) | Tav: 2.9
[16:56:26] Edie_Morra sebzest kapott tole: William_W_Andrews | sebzes: M4 (-20.0) | E/P: 131.0/0.0 (S: 131.0/0.0) | Tav: 2.8
[16:56:35] Edie_Morra sebzest kapott tole: Ralf_S_Tomasso | sebzes: M4 (-20.0) | E/P: 150.0/0.0 (S: 150.0/0.0) | Tav: 37.5
[16:56:35] Edie_Morra sebzest kapott tole: William_W_Andrews | sebzes: M4 (-20.0) | E/P: 130.0/0.0 (S: 130.0/0.0) | Tav: 49.7
[16:56:35] Edie_Morra sebzest kapott tole: William_W_Andrews | sebzes: M4 (-20.0) | E/P: 110.0/0.0 (S: 110.0/0.0) | Tav: 49.0
[16:56:36] Edie_Morra sebzest kapott tole: Ralf_S_Tomasso | sebzes: M4 (-20.0) | E/P: 90.0/0.0 (S: 90.0/0.0) | Tav: 36.2
[16:56:43] William_W_Andrews sebzest kapott tole: Ralf_S_Tomasso | sebzes: M4 (-20.0) | E/P: 15.0/0.0 (S: 15.0/0.0) | Tav: 36.8
[16:56:49] Edie_Morra sebzest kapott tole: William_W_Andrews | sebzes: M4 (-20.0) | E/P: 150.0/0.0 (S: 150.0/0.0) | Tav: 42.4
[16:57:02] Ralf_S_Tomasso sebzest kapott tole: William_W_Andrews | sebzes: M4 (-20.0) | E/P: 150.0/0.0 (S: 150.0/0.0) | Tav: 23.7
[16:57:02] Ralf_S_Tomasso sebzest kapott tole: William_W_Andrews | sebzes: M4 (-20.0) | E/P: 130.0/0.0 (S: 130.0/0.0) | Tav: 23.8
[16:57:02] Ralf_S_Tomasso sebzest kapott tole: William_W_Andrews | sebzes: M4 (-20.0) | E/P: 110.0/0.0 (S: 110.0/0.0) | Tav: 24.1
[16:57:22] William_W_Andrews sebzest kapott tole: Ralf_S_Tomasso | sebzes: MP5 (-8.2) | E/P: 150.0/0.0 (S: 150.0/0.0) | Tav: 6.1
[16:57:30] Edie_Morra sebzest kapott tole: Ralf_S_Tomasso | sebzes: MP5 (-8.2) | E/P: 150.0/0.0 (S: 150.0/0.0) | Tav: 17.6
[16:57:32] Edie_Morra sebzest kapott tole: Ralf_S_Tomasso | sebzes: MP5 (-8.2) | E/P: 141.7/0.0 (S: 141.7/0.0) | Tav: 19.5
[16:57:45] William_W_Andrews sebzest kapott tole: Ralf_S_Tomasso | sebzes: M4 (-20.0) | E/P: 150.0/0.0 (S: 150.0/0.0) | Tav: 62.7
[16:57:49] Edie_Morra sebzest kapott tole: Ralf_S_Tomasso | sebzes: M4 (-20.0) | E/P: 150.0/0.0 (S: 150.0/0.0) | Tav: 69.4
[16:58:01] Edie_Morra sebzest kapott tole: Ralf_S_Tomasso | sebzes: M4 (-20.0) | E/P: 150.0/0.0 (S: 150.0/0.0) | Tav: 57.3
[16:58:02] Edie_Morra sebzest kapott tole: Ralf_S_Tomasso | sebzes: M4 (-20.0) | E/P: 130.0/0.0 (S: 130.0/0.0) | Tav: 55.1
[16:58:14] Edie_Morra sebzest kapott tole: William_W_Andrews | sebzes: M4 (-20.0) | E/P: 150.0/0.0 (S: 150.0/0.0) | Tav: 2.8
[16:58:23] William_W_Andrews sebzest kapott tole: Ralf_S_Tomasso | sebzes: M4 (-20.0) | E/P: 150.0/0.0 (S: 150.0/0.0) | Tav: 37.3
[16:58:50] Ralf_S_Tomasso sebzest kapott tole: Edie_Morra | sebzes: M4 (-20.0) | E/P: 150.0/0.0 (S: 150.0/0.0) | Tav: 24.9
[16:58:55] William_W_Andrews sebzest kapott tole: Edie_Morra | sebzes: M4 (-20.0) | E/P: 150.0/0.0 (S: 150.0/0.0) | Tav: 34.3
[16:58:55] Edie_Morra sebzest kapott tole: William_W_Andrews | sebzes: M4 (-20.0) | E/P: 150.0/0.0 (S: 150.0/0.0) | Tav: 34.3
[16:58:59] Edie_Morra sebzest kapott tole: Ralf_S_Tomasso | sebzes: M4 (-20.0) | E/P: 130.0/0.0 (S: 130.0/0.0) | Tav: 29.2
[16:58:59] Edie_Morra sebzest kapott tole: Ralf_S_Tomasso | sebzes: M4 (-20.0) | E/P: 110.0/0.0 (S: 110.0/0.0) | Tav: 30.2
[16:59:07] Edie_Morra sebzest kapott tole: Ralf_S_Tomasso | sebzes: M4 (-20.0) | E/P: 150.0/0.0 (S: 150.0/0.0) | Tav: 14.0
[16:59:22] Edie_Morra sebzest kapott tole: William_W_Andrews | sebzes: M4 (-20.0) | E/P: 150.0/0.0 (S: 150.0/0.0) | Tav: 18.8
[16:59:57] Edie_Morra sebzest kapott tole: Ralf_S_Tomasso | sebzes: M4 (-20.0) | E/P: 150.0/0.0 (S: 150.0/0.0) | Tav: 27.0
[16:59:58] Edie_Morra sebzest kapott tole: Ralf_S_Tomasso | sebzes: M4 (-20.0) | E/P: 130.0/0.0 (S: 130.0/0.0) | Tav: 27.6
[17:00:01] William_W_Andrews sebzest kapott tole: Ralf_S_Tomasso | sebzes: M4 (-20.0) | E/P: 150.0/0.0 (S: 150.0/0.0) | Tav: 10.6
[17:00:17] Edie_Morra sebzest kapott tole: William_W_Andrews | sebzes: M4 (-20.0) | E/P: 150.0/0.0 (S: 150.0/0.0) | Tav: 28.9
[17:00:17] Edie_Morra sebzest kapott tole: William_W_Andrews | sebzes: M4 (-20.0) | E/P: 130.0/0.0 (S: 130.0/0.0) | Tav: 28.8
[17:00:18] Edie_Morra sebzest kapott tole: William_W_Andrews | sebzes: M4 (-20.0) | E/P: 110.0/0.0 (S: 110.0/0.0) | Tav: 30.1
[17:01:40] William_W_Andrews sebzest kapott tole: Ralf_S_Tomasso | sebzes: Ököl (-1.3) | E/P: 150.0/0.0 (S: 150.0/0.0) | Tav: 10000.0
[17:01:40] William_W_Andrews sebzest kapott tole: Ralf_S_Tomasso | sebzes: Ököl (-1.3) | E/P: 148.6/0.0 (S: 148.6/0.0) | Tav: 0.6
[17:01:41] William_W_Andrews sebzest kapott tole: Ralf_S_Tomasso | sebzes: Ököl (-1.3) | E/P: 147.3/0.0 (S: 147.3/0.0) | Tav: 0.5
[17:01:41] William_W_Andrews sebzest kapott tole: Ralf_S_Tomasso | sebzes: Ököl (-1.3) | E/P: 146.0/0.0 (S: 146.0/0.0) | Tav: 0.5
[17:01:41] William_W_Andrews sebzest kapott tole: Ralf_S_Tomasso | sebzes: Ököl (-1.3) | E/P: 144.7/0.0 (S: 144.7/0.0) | Tav: 0.5
[17:01:42] Edie_Morra sebzest kapott tole: Ralf_S_Tomasso | sebzes: Ököl (-1.3) | E/P: 150.0/0.0 (S: 150.0/0.0) | Tav: 10000.0
[17:01:43] William_W_Andrews sebzest kapott tole: Ralf_S_Tomasso | sebzes: Ököl (-1.3) | E/P: 143.3/0.0 (S: 143.3/0.0) | Tav: 0.0
[17:01:44] William_W_Andrews sebzest kapott tole: Ralf_S_Tomasso | sebzes: Ököl (-2.3) | E/P: 142.0/0.0 (S: 142.0/0.0) | Tav: 0.7
[17:01:47] William_W_Andrews sebzest kapott tole: Ralf_S_Tomasso | sebzes: Ököl (-1.3) | E/P: 139.7/0.0 (S: 139.7/0.0) | Tav: 1.1
[17:03:10] Edie_Morra sebzest kapott tole: Ralf_S_Tomasso | sebzes: Ököl (-1.3) | E/P: 148.6/0.0 (S: 148.6/0.0) | Tav: 0.9
[17:03:12] Ralf_S_Tomasso sebzest kapott tole: Edie_Morra | sebzes: Ököl (-1.3) | E/P: 150.0/0.0 (S: 150.0/0.0) | Tav: 0.8
[17:03:13] Edie_Morra sebzest kapott tole: Ralf_S_Tomasso | sebzes: Ököl (-1.3) | E/P: 147.3/0.0 (S: 147.3/0.0) | Tav: 0.9
[17:03:14] Edie_Morra sebzest kapott tole: Ralf_S_Tomasso | sebzes: Ököl (-2.3) | E/P: 146.0/0.0 (S: 146.0/0.0) | Tav: 1.1
[17:03:14] Edie_Morra sebzest kapott tole: Ralf_S_Tomasso | sebzes: Ököl (-3.9) | E/P: 143.7/0.0 (S: 143.7/0.0) | Tav: 1.3
[17:03:15] Edie_Morra sebzest kapott tole: Ralf_S_Tomasso | sebzes: Ököl (-1.3) | E/P: 139.7/0.0 (S: 139.7/0.0) | Tav: 1.4
[17:03:16] Ralf_S_Tomasso sebzest kapott tole: Edie_Morra | sebzes: Ököl (-1.9) | E/P: 148.6/0.0 (S: 148.6/0.0) | Tav: 0.7
[17:03:16] Ralf_S_Tomasso sebzest kapott tole: Edie_Morra | sebzes: Ököl (-5.2) | E/P: 146.6/0.0 (S: 146.6/0.0) | Tav: 0.7
[17:03:17] Ralf_S_Tomasso sebzest kapott tole: Edie_Morra | sebzes: Ököl (-6.6) | E/P: 141.4/0.0 (S: 141.4/0.0) | Tav: 0.7
[17:03:18] Ralf_S_Tomasso sebzest kapott tole: Edie_Morra | sebzes: Ököl (-6.6) | E/P: 134.8/0.0 (S: 134.8/0.0) | Tav: 0.7
[17:03:18] Ralf_S_Tomasso sebzest kapott tole: Edie_Morra | sebzes: Ököl (-6.6) | E/P: 128.2/0.0 (S: 128.2/0.0) | Tav: 0.8
[17:03:19] Ralf_S_Tomasso sebzest kapott tole: Edie_Morra | sebzes: Ököl (-1.9) | E/P: 121.6/0.0 (S: 121.6/0.0) | Tav: 0.8
[17:03:19] Ralf_S_Tomasso sebzest kapott tole: Edie_Morra | sebzes: Ököl (-5.2) | E/P: 119.6/0.0 (S: 119.6/0.0) | Tav: 0.6
[17:03:31] Edie_Morra sebzest kapott tole: Ralf_S_Tomasso | sebzes: Ököl (-2.6) | E/P: 138.4/0.0 (S: 138.4/0.0) | Tav: 0.7
[17:03:31] Ralf_S_Tomasso sebzest kapott tole: Edie_Morra | sebzes: Ököl (-1.9) | E/P: 114.3/0.0 (S: 114.3/0.0) | Tav: 0.7
[17:03:32] Edie_Morra sebzest kapott tole: Ralf_S_Tomasso | sebzes: Ököl (-1.6) | E/P: 135.8/0.0 (S: 135.8/0.0) | Tav: 0.5
[17:03:32] Edie_Morra sebzest kapott tole: Ralf_S_Tomasso | sebzes: Ököl (-2.6) | E/P: 134.1/0.0 (S: 134.1/0.0) | Tav: 1.1
[17:03:33] Edie_Morra sebzest kapott tole: Ralf_S_Tomasso | sebzes: Ököl (-1.6) | E/P: 131.5/0.0 (S: 131.5/0.0) | Tav: 1.1
[17:03:34] Edie_Morra sebzest kapott tole: Ralf_S_Tomasso | sebzes: Ököl (-4.2) | E/P: 129.8/0.0 (S: 129.8/0.0) | Tav: 1.3
[17:03:35] Edie_Morra sebzest kapott tole: Ralf_S_Tomasso | sebzes: Ököl (-2.6) | E/P: 125.5/0.0 (S: 125.5/0.0) | Tav: 1.2
[17:03:36] Edie_Morra sebzest kapott tole: Ralf_S_Tomasso | sebzes: Ököl (-6.6) | E/P: 122.9/0.0 (S: 122.9/0.0) | Tav: 1.2
[17:03:38] Edie_Morra sebzest kapott tole: Ralf_S_Tomasso | sebzes: Ököl (-2.6) | E/P: 116.3/0.0 (S: 116.3/0.0) | Tav: 1.1
[17:03:38] Edie_Morra sebzest kapott tole: Ralf_S_Tomasso | sebzes: Ököl (-1.6) | E/P: 113.6/0.0 (S: 113.6/0.0) | Tav: 1.1
[17:03:43] Ralf_S_Tomasso sebzest kapott tole: Edie_Morra | sebzes: Ököl (-1.9) | E/P: 112.3/0.0 (S: 112.3/0.0) | Tav: 1.6
[17:03:43] Edie_Morra sebzest kapott tole: Ralf_S_Tomasso | sebzes: Ököl (-1.6) | E/P: 112.0/0.0 (S: 112.0/0.0) | Tav: 1.0
[17:03:44] Ralf_S_Tomasso sebzest kapott tole: Edie_Morra | sebzes: Ököl (-5.2) | E/P: 110.3/0.0 (S: 110.3/0.0) | Tav: 0.6
[17:03:44] Edie_Morra sebzest kapott tole: Ralf_S_Tomasso | sebzes: Ököl (-4.2) | E/P: 110.3/0.0 (S: 110.3/0.0) | Tav: 0.6
[17:03:45] Ralf_S_Tomasso sebzest kapott tole: Edie_Morra | sebzes: Ököl (-6.6) | E/P: 105.1/0.0 (S: 105.1/0.0) | Tav: 0.8
[17:03:45] Ralf_S_Tomasso sebzest kapott tole: Edie_Morra | sebzes: Ököl (-6.6) | E/P: 98.5/0.0 (S: 98.5/0.0) | Tav: 0.8
[17:03:45] Edie_Morra sebzest kapott tole: Ralf_S_Tomasso | sebzes: Ököl (-6.6) | E/P: 106.1/0.0 (S: 106.1/0.0) | Tav: 0.8
[17:03:45] Ralf_S_Tomasso sebzest kapott tole: Edie_Morra | sebzes: Ököl (-6.6) | E/P: 91.9/0.0 (S: 91.9/0.0) | Tav: 0.8
[17:03:46] Edie_Morra sebzest kapott tole: Ralf_S_Tomasso | sebzes: Ököl (-6.6) | E/P: 99.5/0.0 (S: 99.5/0.0) | Tav: 0.8
[17:03:46] Edie_Morra sebzest kapott tole: Ralf_S_Tomasso | sebzes: Ököl (-6.6) | E/P: 92.9/0.0 (S: 92.9/0.0) | Tav: 0.8
[17:03:46] Ralf_S_Tomasso sebzest kapott tole: Edie_Morra | sebzes: Ököl (-1.9) | E/P: 85.3/0.0 (S: 85.3/0.0) | Tav: 0.7
[17:03:47] Ralf_S_Tomasso sebzest kapott tole: Edie_Morra | sebzes: Ököl (-5.2) | E/P: 83.3/0.0 (S: 83.3/0.0) | Tav: 0.7
[17:03:47] Edie_Morra sebzest kapott tole: Ralf_S_Tomasso | sebzes: Ököl (-2.6) | E/P: 86.3/0.0 (S: 86.3/0.0) | Tav: 0.7
[17:03:48] Ralf_S_Tomasso sebzest kapott tole: Edie_Morra | sebzes: Ököl (-6.6) | E/P: 78.0/0.0 (S: 78.0/0.0) | Tav: 0.7
[17:03:48] Ralf_S_Tomasso sebzest kapott tole: Edie_Morra | sebzes: Ököl (-6.6) | E/P: 71.4/0.0 (S: 71.4/0.0) | Tav: 0.7
[17:03:48] Edie_Morra sebzest kapott tole: Ralf_S_Tomasso | sebzes: Ököl (-2.6) | E/P: 83.6/0.0 (S: 83.6/0.0) | Tav: 0.7
[17:03:49] Ralf_S_Tomasso sebzest kapott tole: Edie_Morra | sebzes: Ököl (-6.6) | E/P: 64.8/0.0 (S: 64.8/0.0) | Tav: 0.7
[17:03:49] Edie_Morra sebzest kapott tole: Ralf_S_Tomasso | sebzes: Ököl (-1.6) | E/P: 81.0/0.0 (S: 81.0/0.0) | Tav: 0.7
[17:03:49] Ralf_S_Tomasso sebzest kapott tole: Edie_Morra | sebzes: Ököl (-1.9) | E/P: 58.2/0.0 (S: 58.2/0.0) | Tav: 0.7
[17:03:50] Edie_Morra sebzest kapott tole: Ralf_S_Tomasso | sebzes: Ököl (-4.2) | E/P: 79.3/0.0 (S: 79.3/0.0) | Tav: 0.6
[17:03:50] Ralf_S_Tomasso sebzest kapott tole: Edie_Morra | sebzes: Ököl (-5.2) | E/P: 56.2/0.0 (S: 56.2/0.0) | Tav: 0.6
[17:03:51] Ralf_S_Tomasso sebzest kapott tole: Edie_Morra | sebzes: Ököl (-6.6) | E/P: 50.9/0.0 (S: 50.9/0.0) | Tav: 0.7
[17:03:51] Edie_Morra sebzest kapott tole: Ralf_S_Tomasso | sebzes: Ököl (-6.6) | E/P: 75.0/0.0 (S: 75.0/0.0) | Tav: 0.7
[17:03:51] Ralf_S_Tomasso sebzest kapott tole: Edie_Morra | sebzes: Ököl (-6.6) | E/P: 44.3/0.0 (S: 44.3/0.0) | Tav: 0.7
[17:03:51] Edie_Morra sebzest kapott tole: Ralf_S_Tomasso | sebzes: Ököl (-6.6) | E/P: 68.4/0.0 (S: 68.4/0.0) | Tav: 0.7
[17:03:52] Ralf_S_Tomasso sebzest kapott tole: Edie_Morra | sebzes: Ököl (-6.6) | E/P: 37.7/0.0 (S: 37.7/0.0) | Tav: 0.7
[17:03:52] Edie_Morra sebzest kapott tole: Ralf_S_Tomasso | sebzes: Ököl (-6.6) | E/P: 61.8/0.0 (S: 61.8/0.0) | Tav: 0.7
[17:03:52] Ralf_S_Tomasso sebzest kapott tole: Edie_Morra | sebzes: Ököl (-1.9) | E/P: 31.1/0.0 (S: 31.1/0.0) | Tav: 0.7
[17:03:53] Edie_Morra sebzest kapott tole: Ralf_S_Tomasso | sebzes: Ököl (-2.6) | E/P: 55.2/0.0 (S: 55.2/0.0) | Tav: 0.7
[17:03:53] Ralf_S_Tomasso sebzest kapott tole: Edie_Morra | sebzes: Ököl (-5.2) | E/P: 29.2/0.0 (S: 29.2/0.0) | Tav: 0.6
[17:03:53] Edie_Morra sebzest kapott tole: Ralf_S_Tomasso | sebzes: Ököl (-1.6) | E/P: 52.6/0.0 (S: 52.6/0.0) | Tav: 0.6
[17:03:54] Ralf_S_Tomasso sebzest kapott tole: Edie_Morra | sebzes: Ököl (-6.6) | E/P: 23.9/0.0 (S: 23.9/0.0) | Tav: 0.8
[17:03:55] Ralf_S_Tomasso sebzest kapott tole: Edie_Morra | sebzes: Ököl (-6.6) | E/P: 17.3/0.0 (S: 17.3/0.0) | Tav: 0.8
[17:04:01] Edie_Morra sebzest kapott tole: Ralf_S_Tomasso | sebzes: Ököl (-1.3) | E/P: 50.9/0.0 (S: 50.9/0.0) | Tav: 1.1
[17:04:03] Ralf_S_Tomasso sebzest kapott tole: Edie_Morra | sebzes: Ököl (-5.2) | E/P: 20.0/0.0 (S: 20.0/0.0) | Tav: 0.7
[17:04:03] Ralf_S_Tomasso sebzest kapott tole: Edie_Morra | sebzes: Ököl (-1.9) | E/P: 15.0/0.0 (S: 15.0/0.0) | Tav: 0.6
[17:04:04] Ralf_S_Tomasso sebzest kapott tole: Edie_Morra | sebzes: Ököl (-5.2) | E/P: 13.0/0.0 (S: 13.0/0.0) | Tav: 0.7
[17:04:09] Ralf_S_Tomasso sebzest kapott tole: Edie_Morra | sebzes: Ököl (-1.9) | E/P: 150.0/0.0 (S: 150.0/0.0) | Tav: 1.3
[17:04:11] Ralf_S_Tomasso sebzest kapott tole: Edie_Morra | sebzes: Ököl (-1.9) | E/P: 148.0/0.0 (S: 148.0/0.0) | Tav: 1.2
[17:04:12] Ralf_S_Tomasso sebzest kapott tole: Edie_Morra | sebzes: Ököl (-5.2) | E/P: 146.0/0.0 (S: 146.0/0.0) | Tav: 0.7
[17:04:13] Ralf_S_Tomasso sebzest kapott tole: Edie_Morra | sebzes: Ököl (-1.9) | E/P: 140.7/0.0 (S: 140.7/0.0) | Tav: 1.0
[17:04:14] Ralf_S_Tomasso sebzest kapott tole: Edie_Morra | sebzes: Ököl (-1.3) | E/P: 138.7/0.0 (S: 138.7/0.0) | Tav: 0.7
[17:04:15] Edie_Morra sebzest kapott tole: Ralf_S_Tomasso | sebzes: Ököl (-2.6) | E/P: 49.6/0.0 (S: 49.6/0.0) | Tav: 0.7
[17:04:16] Edie_Morra sebzest kapott tole: Ralf_S_Tomasso | sebzes: Ököl (-1.6) | E/P: 47.0/0.0 (S: 47.0/0.0) | Tav: 0.9
[17:04:17] Edie_Morra sebzest kapott tole: Ralf_S_Tomasso | sebzes: Ököl (-4.2) | E/P: 45.3/0.0 (S: 45.3/0.0) | Tav: 1.0
[17:04:20] Edie_Morra sebzest kapott tole: Ralf_S_Tomasso | sebzes: Ököl (-2.6) | E/P: 41.0/0.0 (S: 41.0/0.0) | Tav: 0.5
[17:04:20] Ralf_S_Tomasso sebzest kapott tole: Edie_Morra | sebzes: Ököl (-1.9) | E/P: 137.4/0.0 (S: 137.4/0.0) | Tav: 0.5
[17:04:21] Edie_Morra sebzest kapott tole: Ralf_S_Tomasso | sebzes: Ököl (-1.6) | E/P: 38.4/0.0 (S: 38.4/0.0) | Tav: 0.6
[17:04:22] Edie_Morra sebzest kapott tole: Ralf_S_Tomasso | sebzes: Ököl (-4.2) | E/P: 36.8/0.0 (S: 36.8/0.0) | Tav: 1.0
[17:04:23] Edie_Morra sebzest kapott tole: Ralf_S_Tomasso | sebzes: Ököl (-6.6) | E/P: 32.5/0.0 (S: 32.5/0.0) | Tav: 1.7
[17:04:26] Edie_Morra sebzest kapott tole: Ralf_S_Tomasso | sebzes: Ököl (-2.6) | E/P: 25.9/0.0 (S: 25.9/0.0) | Tav: 0.8
[17:04:27] Edie_Morra sebzest kapott tole: Ralf_S_Tomasso | sebzes: Ököl (-1.6) | E/P: 23.2/0.0 (S: 23.2/0.0) | Tav: 0.7
[17:04:28] Edie_Morra sebzest kapott tole: Ralf_S_Tomasso | sebzes: Ököl (-4.2) | E/P: 21.6/0.0 (S: 21.6/0.0) | Tav: 0.9
[17:04:29] Edie_Morra sebzest kapott tole: Ralf_S_Tomasso | sebzes: Ököl (-2.6) | E/P: 17.3/0.0 (S: 17.3/0.0) | Tav: 1.5
[17:04:32] Edie_Morra sebzest kapott tole: Ralf_S_Tomasso | sebzes: Ököl (-6.6) | E/P: 15.0/0.0 (S: 15.0/0.0) | Tav: 0.8
[17:04:33] Edie_Morra sebzest kapott tole: Ralf_S_Tomasso | sebzes: Ököl (-6.6) | E/P: 8.3/0.0 (S: 8.3/0.0) | Tav: 0.8
[17:04:33] Edie_Morra sebzest kapott tole: Ralf_S_Tomasso | sebzes: Ököl (-6.6) | E/P: 1.7/0.0 (S: 1.7/0.0) | Tav: 0.8
[17:24:00] William_W_Andrews sebzest kapott tole: Ralf_S_Tomasso | sebzes: M4 (-20.0) | E/P: 150.0/150.0 (S: 150.0/150.0) | Tav: 58.5
[17:24:01] William_W_Andrews sebzest kapott tole: Ralf_S_Tomasso | sebzes: M4 (-20.0) | E/P: 150.0/130.0 (S: 150.0/130.0) | Tav: 58.0
[17:24:01] William_W_Andrews sebzest kapott tole: Ralf_S_Tomasso | sebzes: M4 (-20.0) | E/P: 150.0/110.0 (S: 150.0/110.0) | Tav: 57.8
[17:24:01] William_W_Andrews sebzest kapott tole: Ralf_S_Tomasso | sebzes: M4 (-20.0) | E/P: 150.0/90.0 (S: 150.0/90.0) | Tav: 57.7
[17:24:05] William_W_Andrews sebzest kapott tole: Ralf_S_Tomasso | sebzes: M4 (-20.0) | E/P: 149.2/70.0 (S: 149.2/70.0) | Tav: 47.5
[17:24:05] William_W_Andrews sebzest kapott tole: Ralf_S_Tomasso | sebzes: M4 (-20.0) | E/P: 0.0/50.0 (S: 0.0/50.0) | Tav: 47.4
[17:24:05] William_W_Andrews sebzest kapott tole: Ralf_S_Tomasso | sebzes: M4 (-20.0) | E/P: 0.0/30.0 (S: 0.0/30.0) | Tav: 46.7
[17:24:06] William_W_Andrews sebzest kapott tole: Ralf_S_Tomasso | sebzes: M4 (-20.0) | E/P: 0.0/10.0 (S: 0.0/10.0) | Tav: 46.3
[17:24:06] William_W_Andrews sebzest kapott tole: Ralf_S_Tomasso | sebzes: M4 (-20.0) | E/P: 0.0/0.0 (S: 0.0/0.0) | Tav: 45.8
[17:24:06] William_W_Andrews sebzest kapott tole: Ralf_S_Tomasso | sebzes: M4 (-20.0) | E/P: 0.0/0.0 (S: 0.0/0.0) | Tav: 45.4
[17:24:07] William_W_Andrews sebzest kapott tole: Ralf_S_Tomasso | sebzes: M4 (-20.0) | E/P: 0.0/0.0 (S: 0.0/0.0) | Tav: 45.0
[17:24:07] William_W_Andrews sebzest kapott tole: Ralf_S_Tomasso | sebzes: M4 (-20.0) | E/P: 0.0/0.0 (S: 0.0/0.0) | Tav: 44.6
[17:24:08] William_W_Andrews sebzest kapott tole: Ralf_S_Tomasso | sebzes: M4 (-20.0) | E/P: 0.0/0.0 (S: 0.0/0.0) | Tav: 43.9
[17:24:08] William_W_Andrews sebzest kapott tole: Ralf_S_Tomasso | sebzes: M4 (-20.0) | E/P: 0.0/0.0 (S: 0.0/0.0) | Tav: 43.5
[17:24:09] William_W_Andrews sebzest kapott tole: Ralf_S_Tomasso | sebzes: M4 (-20.0) | E/P: 0.0/0.0 (S: 0.0/0.0) | Tav: 42.7
