[00:37:12] Dolph_F_Gates sebzest kapott tole: Marcell_O_Neill | sebzes: Ököl (-1.3) | E/P: 150.0/150.0 (S: 150.0/150.0) | Tav: 0.9
[00:37:13] Dolph_F_Gates sebzest kapott tole: Marcell_O_Neill | sebzes: Ököl (-1.9) | E/P: 150.0/148.6 (S: 150.0/148.6) | Tav: 0.7
[00:37:13] Dolph_F_Gates sebzest kapott tole: Marcell_O_Neill | sebzes: Ököl (-5.2) | E/P: 150.0/146.6 (S: 150.0/146.6) | Tav: 0.7
[00:37:14] Dolph_F_Gates sebzest kapott tole: Marcell_O_Neill | sebzes: Ököl (-1.9) | E/P: 150.0/141.4 (S: 150.0/141.4) | Tav: 0.7
[00:37:15] Dolph_F_Gates sebzest kapott tole: Marcell_O_Neill | sebzes: Ököl (-5.2) | E/P: 150.0/139.4 (S: 150.0/139.4) | Tav: 0.7
[00:37:16] Dolph_F_Gates sebzest kapott tole: Marcell_O_Neill | sebzes: Ököl (-1.9) | E/P: 150.0/134.1 (S: 150.0/134.1) | Tav: 0.8
[00:38:35] Dolph_F_Gates sebzest kapott tole: Marcell_O_Neill | sebzes: Ököl (-6.6) | E/P: 150.0/132.1 (S: 150.0/132.1) | Tav: 1.1
[00:38:36] Dolph_F_Gates sebzest kapott tole: Marcell_O_Neill | sebzes: Ököl (-6.6) | E/P: 150.0/125.5 (S: 150.0/125.5) | Tav: 1.1
[00:38:36] Dolph_F_Gates sebzest kapott tole: Marcell_O_Neill | sebzes: Ököl (-6.6) | E/P: 150.0/118.9 (S: 150.0/118.9) | Tav: 1.1
[00:38:37] Marcell_O_Neill sebzest kapott tole: Dolph_F_Gates | sebzes: Ököl (-1.3) | E/P: 150.0/5.0 (S: 150.0/5.0) | Tav: 1.0
[00:38:37] Marcell_O_Neill sebzest kapott tole: Dolph_F_Gates | sebzes: Ököl (-2.3) | E/P: 150.0/3.6 (S: 150.0/3.6) | Tav: 0.8
[00:38:38] Marcell_O_Neill sebzest kapott tole: Dolph_F_Gates | sebzes: Ököl (-3.9) | E/P: 150.0/1.3 (S: 150.0/1.3) | Tav: 0.8
[00:38:39] Marcell_O_Neill sebzest kapott tole: Dolph_F_Gates | sebzes: Ököl (-1.3) | E/P: 147.4/0.0 (S: 147.4/0.0) | Tav: 0.8
[00:38:39] Marcell_O_Neill sebzest kapott tole: Dolph_F_Gates | sebzes: Ököl (-2.3) | E/P: 146.0/0.0 (S: 146.0/0.0) | Tav: 0.8
[00:38:40] Marcell_O_Neill sebzest kapott tole: Dolph_F_Gates | sebzes: Ököl (-3.9) | E/P: 143.7/0.0 (S: 143.7/0.0) | Tav: 0.8
[00:38:40] Marcell_O_Neill sebzest kapott tole: Dolph_F_Gates | sebzes: Ököl (-1.3) | E/P: 139.8/0.0 (S: 139.8/0.0) | Tav: 0.7
[00:38:41] Marcell_O_Neill sebzest kapott tole: Dolph_F_Gates | sebzes: Ököl (-2.3) | E/P: 138.4/0.0 (S: 138.4/0.0) | Tav: 0.7
[00:38:41] Marcell_O_Neill sebzest kapott tole: Dolph_F_Gates | sebzes: Ököl (-3.9) | E/P: 136.1/0.0 (S: 136.1/0.0) | Tav: 0.7
[00:38:53] Dolph_F_Gates sebzest kapott tole: Marcell_O_Neill | sebzes: Ököl (-1.3) | E/P: 150.0/112.3 (S: 150.0/112.3) | Tav: 0.7
[00:38:55] Dolph_F_Gates sebzest kapott tole: Marcell_O_Neill | sebzes: Ököl (-6.6) | E/P: 150.0/111.0 (S: 150.0/111.0) | Tav: 1.3
[00:38:59] Dolph_F_Gates sebzest kapott tole: Marcell_O_Neill | sebzes: Ököl (-1.3) | E/P: 150.0/104.4 (S: 150.0/104.4) | Tav: 1.2
[00:42:29] Dolph_F_Gates sebzest kapott tole: Marcell_O_Neill | sebzes: Ököl (-1.3) | E/P: 150.0/103.1 (S: 150.0/103.1) | Tav: 1.0
[00:42:30] Dolph_F_Gates sebzest kapott tole: Marcell_O_Neill | sebzes: Ököl (-1.3) | E/P: 150.0/101.8 (S: 150.0/101.8) | Tav: 1.3
[00:42:31] Dolph_F_Gates sebzest kapott tole: Marcell_O_Neill | sebzes: Ököl (-1.3) | E/P: 150.0/100.5 (S: 150.0/100.5) | Tav: 10000.0
[00:49:06] Dolph_F_Gates sebzest kapott tole: Marcell_O_Neill | sebzes: Ököl (-1.3) | E/P: 150.0/0.0 (S: 150.0/0.0) | Tav: 0.7
[00:49:07] Dolph_F_Gates sebzest kapott tole: Marcell_O_Neill | sebzes: Ököl (-1.3) | E/P: 148.6/0.0 (S: 148.6/0.0) | Tav: 0.7
[00:49:08] Dolph_F_Gates sebzest kapott tole: Marcell_O_Neill | sebzes: Ököl (-1.3) | E/P: 147.3/0.0 (S: 147.3/0.0) | Tav: 0.7
[00:49:08] Dolph_F_Gates sebzest kapott tole: Marcell_O_Neill | sebzes: Ököl (-1.3) | E/P: 146.0/0.0 (S: 146.0/0.0) | Tav: 0.7
[00:49:09] Dolph_F_Gates sebzest kapott tole: Marcell_O_Neill | sebzes: Ököl (-1.3) | E/P: 144.7/0.0 (S: 144.7/0.0) | Tav: 0.7
[00:49:09] Dolph_F_Gates sebzest kapott tole: Marcell_O_Neill | sebzes: Ököl (-1.3) | E/P: 143.3/0.0 (S: 143.3/0.0) | Tav: 0.7
[00:49:10] Dolph_F_Gates sebzest kapott tole: Marcell_O_Neill | sebzes: Ököl (-1.3) | E/P: 142.0/0.0 (S: 142.0/0.0) | Tav: 0.7
[00:49:10] Dolph_F_Gates sebzest kapott tole: Marcell_O_Neill | sebzes: Ököl (-1.3) | E/P: 140.7/0.0 (S: 140.7/0.0) | Tav: 0.7
[00:49:11] Dolph_F_Gates sebzest kapott tole: Marcell_O_Neill | sebzes: Ököl (-1.3) | E/P: 139.4/0.0 (S: 139.4/0.0) | Tav: 0.7
[00:49:12] Dolph_F_Gates sebzest kapott tole: Marcell_O_Neill | sebzes: Ököl (-1.3) | E/P: 138.1/0.0 (S: 138.1/0.0) | Tav: 0.7
[00:49:12] Dolph_F_Gates sebzest kapott tole: Marcell_O_Neill | sebzes: Ököl (-1.3) | E/P: 136.7/0.0 (S: 136.7/0.0) | Tav: 0.7
[00:49:12] Dolph_F_Gates sebzest kapott tole: Marcell_O_Neill | sebzes: Ököl (-1.3) | E/P: 135.4/0.0 (S: 135.4/0.0) | Tav: 0.7
[00:49:13] Dolph_F_Gates sebzest kapott tole: Marcell_O_Neill | sebzes: Ököl (-1.3) | E/P: 134.1/0.0 (S: 134.1/0.0) | Tav: 0.7
[00:49:13] Dolph_F_Gates sebzest kapott tole: Marcell_O_Neill | sebzes: Ököl (-2.3) | E/P: 132.8/0.0 (S: 132.8/0.0) | Tav: 0.7
[00:49:14] Dolph_F_Gates sebzest kapott tole: Marcell_O_Neill | sebzes: Ököl (-1.9) | E/P: 130.5/0.0 (S: 130.5/0.0) | Tav: 0.7
[00:49:15] Dolph_F_Gates sebzest kapott tole: Marcell_O_Neill | sebzes: Ököl (-5.2) | E/P: 128.5/0.0 (S: 128.5/0.0) | Tav: 0.7
[00:49:16] Dolph_F_Gates sebzest kapott tole: Marcell_O_Neill | sebzes: Ököl (-1.9) | E/P: 123.2/0.0 (S: 123.2/0.0) | Tav: 0.7
[00:49:16] Dolph_F_Gates sebzest kapott tole: Marcell_O_Neill | sebzes: Ököl (-5.2) | E/P: 121.2/0.0 (S: 121.2/0.0) | Tav: 0.7
[00:49:17] Dolph_F_Gates sebzest kapott tole: Marcell_O_Neill | sebzes: Ököl (-1.9) | E/P: 116.0/0.0 (S: 116.0/0.0) | Tav: 0.7
[00:49:18] Dolph_F_Gates sebzest kapott tole: Marcell_O_Neill | sebzes: Ököl (-5.2) | E/P: 114.0/0.0 (S: 114.0/0.0) | Tav: 0.7
[00:49:19] Dolph_F_Gates sebzest kapott tole: Marcell_O_Neill | sebzes: Ököl (-1.9) | E/P: 108.7/0.0 (S: 108.7/0.0) | Tav: 0.7
[00:49:19] Dolph_F_Gates sebzest kapott tole: Marcell_O_Neill | sebzes: Ököl (-5.2) | E/P: 106.7/0.0 (S: 106.7/0.0) | Tav: 0.7
[00:49:20] Dolph_F_Gates sebzest kapott tole: Marcell_O_Neill | sebzes: Ököl (-1.9) | E/P: 101.4/0.0 (S: 101.4/0.0) | Tav: 0.7
[00:49:21] Dolph_F_Gates sebzest kapott tole: Marcell_O_Neill | sebzes: Ököl (-5.2) | E/P: 99.5/0.0 (S: 99.5/0.0) | Tav: 0.7
[00:49:22] Dolph_F_Gates sebzest kapott tole: Marcell_O_Neill | sebzes: Ököl (-1.9) | E/P: 94.2/0.0 (S: 94.2/0.0) | Tav: 0.8
[00:50:06] Dolph_F_Gates sebzest kapott tole: Marcell_O_Neill | sebzes: Ököl (-1.9) | E/P: 92.2/0.0 (S: 92.2/0.0) | Tav: 1.2
[00:50:06] Dolph_F_Gates sebzest kapott tole: Marcell_O_Neill | sebzes: Ököl (-1.3) | E/P: 90.2/0.0 (S: 90.2/0.0) | Tav: 1.2
[00:50:07] Dolph_F_Gates sebzest kapott tole: Marcell_O_Neill | sebzes: Ököl (-1.9) | E/P: 88.9/0.0 (S: 88.9/0.0) | Tav: 1.1
[00:50:07] Dolph_F_Gates sebzest kapott tole: Marcell_O_Neill | sebzes: Ököl (-2.3) | E/P: 86.9/0.0 (S: 86.9/0.0) | Tav: 1.2
[00:50:08] Dolph_F_Gates sebzest kapott tole: Marcell_O_Neill | sebzes: Ököl (-1.9) | E/P: 84.6/0.0 (S: 84.6/0.0) | Tav: 1.1
[00:50:08] Dolph_F_Gates sebzest kapott tole: Marcell_O_Neill | sebzes: Ököl (-5.2) | E/P: 82.6/0.0 (S: 82.6/0.0) | Tav: 1.1
[00:50:09] Dolph_F_Gates sebzest kapott tole: Marcell_O_Neill | sebzes: Ököl (-1.9) | E/P: 77.3/0.0 (S: 77.3/0.0) | Tav: 1.2
[00:50:10] Dolph_F_Gates sebzest kapott tole: Marcell_O_Neill | sebzes: Ököl (-5.2) | E/P: 75.4/0.0 (S: 75.4/0.0) | Tav: 1.1
[00:50:11] Dolph_F_Gates sebzest kapott tole: Marcell_O_Neill | sebzes: Ököl (-1.9) | E/P: 70.1/0.0 (S: 70.1/0.0) | Tav: 1.1
[00:50:21] Dolph_F_Gates sebzest kapott tole: Marcell_O_Neill | sebzes: Ököl (-1.9) | E/P: 68.1/0.0 (S: 68.1/0.0) | Tav: 0.7
[00:50:22] Dolph_F_Gates sebzest kapott tole: Marcell_O_Neill | sebzes: Ököl (-5.2) | E/P: 68.1/0.0 (S: 68.1/0.0) | Tav: 0.7
[00:50:23] Dolph_F_Gates sebzest kapott tole: Marcell_O_Neill | sebzes: Ököl (-6.6) | E/P: 62.8/0.0 (S: 62.8/0.0) | Tav: 0.7
[00:57:35] Dolph_F_Gates sebzest kapott tole: Marcell_O_Neill | sebzes: Ököl (-1.9) | E/P: 56.2/0.0 (S: 56.2/0.0) | Tav: 1.1
[00:57:36] Dolph_F_Gates sebzest kapott tole: Marcell_O_Neill | sebzes: Ököl (-5.2) | E/P: 54.2/0.0 (S: 54.2/0.0) | Tav: 0.6
[00:57:37] Dolph_F_Gates sebzest kapott tole: Marcell_O_Neill | sebzes: Ököl (-1.9) | E/P: 49.0/0.0 (S: 49.0/0.0) | Tav: 0.7
[00:57:37] Dolph_F_Gates sebzest kapott tole: Marcell_O_Neill | sebzes: Ököl (-5.2) | E/P: 47.0/0.0 (S: 47.0/0.0) | Tav: 0.7
[00:57:38] Dolph_F_Gates sebzest kapott tole: Marcell_O_Neill | sebzes: Ököl (-6.6) | E/P: 41.7/0.0 (S: 41.7/0.0) | Tav: 0.7
[00:57:39] Dolph_F_Gates sebzest kapott tole: Marcell_O_Neill | sebzes: Ököl (-6.6) | E/P: 35.1/0.0 (S: 35.1/0.0) | Tav: 0.7
[00:57:39] Dolph_F_Gates sebzest kapott tole: Marcell_O_Neill | sebzes: Ököl (-6.6) | E/P: 28.5/0.0 (S: 28.5/0.0) | Tav: 0.7
[00:57:40] Dolph_F_Gates sebzest kapott tole: Marcell_O_Neill | sebzes: Ököl (-1.9) | E/P: 21.9/0.0 (S: 21.9/0.0) | Tav: 0.8
[00:57:41] Dolph_F_Gates sebzest kapott tole: Marcell_O_Neill | sebzes: Ököl (-5.2) | E/P: 19.9/0.0 (S: 19.9/0.0) | Tav: 0.7
[00:58:01] Patrik_O_Neill sebzest kapott tole: Marcell_O_Neill | sebzes: Ököl (-1.3) | E/P: 150.0/5.0 (S: 150.0/5.0) | Tav: 1.1
[00:58:01] Dolph_F_Gates sebzest kapott tole: Marcell_O_Neill | sebzes: Ököl (-1.3) | E/P: 20.0/0.0 (S: 20.0/0.0) | Tav: 0.8
[00:58:02] Patrik_O_Neill sebzest kapott tole: Marcell_O_Neill | sebzes: Ököl (-1.3) | E/P: 150.0/3.6 (S: 150.0/3.6) | Tav: 0.7
[00:58:03] Patrik_O_Neill sebzest kapott tole: Marcell_O_Neill | sebzes: Ököl (-1.3) | E/P: 150.0/2.3 (S: 150.0/2.3) | Tav: 0.9
[00:58:04] Dolph_F_Gates sebzest kapott tole: Marcell_O_Neill | sebzes: Ököl (-1.3) | E/P: 18.6/0.0 (S: 18.6/0.0) | Tav: 0.9
[00:59:33] Dolph_F_Gates sebzest kapott tole: Marcell_O_Neill | sebzes: Ököl (-1.3) | E/P: 17.3/0.0 (S: 17.3/0.0) | Tav: 0.7
[00:59:34] Dolph_F_Gates sebzest kapott tole: Marcell_O_Neill | sebzes: Ököl (-1.3) | E/P: 16.0/0.0 (S: 16.0/0.0) | Tav: 1.1
[00:59:54] Patrik_O_Neill sebzest kapott tole: Marcell_O_Neill | sebzes: Ököl (-1.3) | E/P: 150.0/1.0 (S: 150.0/1.0) | Tav: 1.1
[00:59:55] Marcell_O_Neill sebzest kapott tole: Patrik_O_Neill | sebzes: Ököl (-1.3) | E/P: 71.2/5.0 (S: 71.2/5.0) | Tav: 0.7
[00:59:58] Patrik_O_Neill sebzest kapott tole: Marcell_O_Neill | sebzes: Ököl (-2.3) | E/P: 149.7/0.0 (S: 149.7/0.0) | Tav: 0.6
[00:59:59] Patrik_O_Neill sebzest kapott tole: Marcell_O_Neill | sebzes: Ököl (-3.9) | E/P: 147.4/0.0 (S: 147.4/0.0) | Tav: 0.6
[00:59:59] Marcell_O_Neill sebzest kapott tole: Patrik_O_Neill | sebzes: Ököl (-1.3) | E/P: 71.2/3.6 (S: 71.2/3.6) | Tav: 0.5
[01:00:00] Marcell_O_Neill sebzest kapott tole: Patrik_O_Neill | sebzes: Ököl (-2.3) | E/P: 71.2/2.3 (S: 71.2/2.3) | Tav: 0.6
[01:00:01] Marcell_O_Neill sebzest kapott tole: Patrik_O_Neill | sebzes: Ököl (-1.3) | E/P: 71.2/0.0 (S: 71.2/0.0) | Tav: 0.6
[01:00:01] Patrik_O_Neill sebzest kapott tole: Marcell_O_Neill | sebzes: Ököl (-2.9) | E/P: 143.4/0.0 (S: 143.4/0.0) | Tav: 0.6
[01:00:02] Marcell_O_Neill sebzest kapott tole: Patrik_O_Neill | sebzes: Ököl (-1.3) | E/P: 69.9/0.0 (S: 69.9/0.0) | Tav: 0.6
[01:00:02] Marcell_O_Neill sebzest kapott tole: Patrik_O_Neill | sebzes: Ököl (-1.3) | E/P: 68.6/0.0 (S: 68.6/0.0) | Tav: 0.6
[01:00:02] Patrik_O_Neill sebzest kapott tole: Marcell_O_Neill | sebzes: Ököl (-2.9) | E/P: 140.4/0.0 (S: 140.4/0.0) | Tav: 0.6
[01:00:03] Marcell_O_Neill sebzest kapott tole: Patrik_O_Neill | sebzes: Ököl (-1.3) | E/P: 67.3/0.0 (S: 67.3/0.0) | Tav: 0.6
[01:00:03] Marcell_O_Neill sebzest kapott tole: Patrik_O_Neill | sebzes: Ököl (-1.3) | E/P: 65.9/0.0 (S: 65.9/0.0) | Tav: 0.4
[01:00:04] Patrik_O_Neill sebzest kapott tole: Marcell_O_Neill | sebzes: Ököl (-2.9) | E/P: 137.5/0.0 (S: 137.5/0.0) | Tav: 0.6
[01:00:04] Marcell_O_Neill sebzest kapott tole: Patrik_O_Neill | sebzes: Ököl (-1.3) | E/P: 64.6/0.0 (S: 64.6/0.0) | Tav: 0.6
[01:00:04] Patrik_O_Neill sebzest kapott tole: Marcell_O_Neill | sebzes: Ököl (-3.9) | E/P: 134.5/0.0 (S: 134.5/0.0) | Tav: 0.6
[01:00:05] Marcell_O_Neill sebzest kapott tole: Patrik_O_Neill | sebzes: Ököl (-1.3) | E/P: 63.3/0.0 (S: 63.3/0.0) | Tav: 0.5
[01:00:06] Patrik_O_Neill sebzest kapott tole: Marcell_O_Neill | sebzes: Ököl (-2.9) | E/P: 130.5/0.0 (S: 130.5/0.0) | Tav: 0.3
[01:00:07] Marcell_O_Neill sebzest kapott tole: Patrik_O_Neill | sebzes: Ököl (-1.3) | E/P: 62.0/0.0 (S: 62.0/0.0) | Tav: 1.0
[01:00:07] Patrik_O_Neill sebzest kapott tole: Marcell_O_Neill | sebzes: Ököl (-1.3) | E/P: 127.6/0.0 (S: 127.6/0.0) | Tav: 1.0
[01:00:08] Patrik_O_Neill sebzest kapott tole: Marcell_O_Neill | sebzes: Ököl (-2.9) | E/P: 126.2/0.0 (S: 126.2/0.0) | Tav: 0.7
[01:00:08] Patrik_O_Neill sebzest kapott tole: Marcell_O_Neill | sebzes: Ököl (-3.9) | E/P: 123.3/0.0 (S: 123.3/0.0) | Tav: 0.6
[01:00:09] Marcell_O_Neill sebzest kapott tole: Patrik_O_Neill | sebzes: Ököl (-1.3) | E/P: 60.7/0.0 (S: 60.7/0.0) | Tav: 0.7
[01:00:10] Marcell_O_Neill sebzest kapott tole: Patrik_O_Neill | sebzes: Ököl (-1.3) | E/P: 59.3/0.0 (S: 59.3/0.0) | Tav: 0.6
[01:00:10] Patrik_O_Neill sebzest kapott tole: Marcell_O_Neill | sebzes: Ököl (-54.1) | E/P: 119.3/0.0 (S: 119.3/0.0) | Tav: 0.6
[01:00:10] Marcell_O_Neill sebzest kapott tole: Patrik_O_Neill | sebzes: Ököl (-1.3) | E/P: 58.0/0.0 (S: 58.0/0.0) | Tav: 0.6
[01:00:11] Patrik_O_Neill sebzest kapott tole: Marcell_O_Neill | sebzes: Ököl (-6.6) | E/P: 65.2/0.0 (S: 65.2/0.0) | Tav: 0.6
[01:00:11] Marcell_O_Neill sebzest kapott tole: Patrik_O_Neill | sebzes: Ököl (-1.3) | E/P: 56.7/0.0 (S: 56.7/0.0) | Tav: 0.7
[01:00:12] Patrik_O_Neill sebzest kapott tole: Marcell_O_Neill | sebzes: Ököl (-6.6) | E/P: 58.6/0.0 (S: 58.6/0.0) | Tav: 0.6
[01:00:12] Marcell_O_Neill sebzest kapott tole: Patrik_O_Neill | sebzes: Ököl (-1.3) | E/P: 55.4/0.0 (S: 55.4/0.0) | Tav: 0.6
[01:00:13] Patrik_O_Neill sebzest kapott tole: Marcell_O_Neill | sebzes: Ököl (-1.3) | E/P: 52.0/0.0 (S: 52.0/0.0) | Tav: 0.7
[01:00:14] Patrik_O_Neill sebzest kapott tole: Marcell_O_Neill | sebzes: Ököl (-3.9) | E/P: 50.7/0.0 (S: 50.7/0.0) | Tav: 0.8
[01:00:16] Patrik_O_Neill sebzest kapott tole: Marcell_O_Neill | sebzes: Ököl (-54.1) | E/P: 46.7/0.0 (S: 46.7/0.0) | Tav: 1.1
[01:00:19] Patrik_O_Neill sebzest kapott tole: Marcell_O_Neill | sebzes: Ököl (-6.6) | E/P: 15.0/0.0 (S: 15.0/0.0) | Tav: 0.7
[01:00:25] Marcell_O_Neill sebzest kapott tole: Dolph_F_Gates | sebzes: Deagle (-69.3) | E/P: 54.1/0.0 (S: 54.1/0.0) | Tav: 4.7
[01:02:16] Patrik_O_Neill sebzest kapott tole: Marcell_O_Neill | sebzes: Ököl (-1.3) | E/P: 150.0/0.0 (S: 150.0/0.0) | Tav: 0.7
[01:02:17] Patrik_O_Neill sebzest kapott tole: Marcell_O_Neill | sebzes: Ököl (-2.9) | E/P: 148.6/0.0 (S: 148.6/0.0) | Tav: 0.7
[01:03:32] Dolph_F_Gates sebzest kapott tole: Marcell_O_Neill | sebzes: Ököl (-1.3) | E/P: 150.0/0.0 (S: 150.0/0.0) | Tav: 1.0
[01:13:54] Patrik_O_Neill sebzest kapott tole: Marcell_O_Neill | sebzes: AK47 (-40.0) | E/P: 150.0/0.0 (S: 150.0/0.0) | Tav: 1.9
[01:13:54] Patrik_O_Neill sebzest kapott tole: Marcell_O_Neill | sebzes: AK47 (-40.0) | E/P: 110.0/0.0 (S: 110.0/0.0) | Tav: 1.9
[01:13:55] Patrik_O_Neill sebzest kapott tole: Marcell_O_Neill | sebzes: AK47 (-40.0) | E/P: 69.8/0.0 (S: 69.8/0.0) | Tav: 3.0
[01:13:56] Dolph_F_Gates sebzest kapott tole: Marcell_O_Neill | sebzes: AK47 (-40.0) | E/P: 120.0/5.0 (S: 120.0/5.0) | Tav: 3.0
[01:13:56] Dolph_F_Gates sebzest kapott tole: Marcell_O_Neill | sebzes: AK47 (-40.0) | E/P: 85.0/0.0 (S: 85.0/0.0) | Tav: 3.0
[01:13:56] Dolph_F_Gates sebzest kapott tole: Marcell_O_Neill | sebzes: AK47 (-40.0) | E/P: 45.0/0.0 (S: 45.0/0.0) | Tav: 3.0
[01:14:40] Marcell_O_Neill sebzest kapott tole: Dolph_F_Gates | sebzes: Ököl (-1.3) | E/P: 150.0/0.0 (S: 150.0/0.0) | Tav: 0.6
[01:14:41] Marcell_O_Neill sebzest kapott tole: Dolph_F_Gates | sebzes: Ököl (-2.3) | E/P: 148.6/0.0 (S: 148.6/0.0) | Tav: 0.6
[01:14:41] Marcell_O_Neill sebzest kapott tole: Dolph_F_Gates | sebzes: Ököl (-3.9) | E/P: 146.3/0.0 (S: 146.3/0.0) | Tav: 1.0
[01:14:42] Marcell_O_Neill sebzest kapott tole: Dolph_F_Gates | sebzes: Ököl (-2.3) | E/P: 142.4/0.0 (S: 142.4/0.0) | Tav: 1.0
[01:14:45] Dolph_F_Gates sebzest kapott tole: Marcell_O_Neill | sebzes: AK47 (-40.0) | E/P: 150.0/0.0 (S: 150.0/0.0) | Tav: 4.8
[01:14:45] Dolph_F_Gates sebzest kapott tole: Marcell_O_Neill | sebzes: AK47 (-40.0) | E/P: 110.0/0.0 (S: 110.0/0.0) | Tav: 4.8
[01:14:45] Dolph_F_Gates sebzest kapott tole: Marcell_O_Neill | sebzes: AK47 (-40.0) | E/P: 70.0/0.0 (S: 70.0/0.0) | Tav: 4.8
[01:14:45] Dolph_F_Gates sebzest kapott tole: Marcell_O_Neill | sebzes: AK47 (-40.0) | E/P: 30.0/0.0 (S: 30.0/0.0) | Tav: 4.8
[01:14:54] Marcell_O_Neill sebzest kapott tole: Dolph_F_Gates | sebzes: Ököl (-1.3) | E/P: 140.0/0.0 (S: 140.0/0.0) | Tav: 0.7
[01:14:54] Marcell_O_Neill sebzest kapott tole: Dolph_F_Gates | sebzes: Ököl (-2.3) | E/P: 138.7/0.0 (S: 138.7/0.0) | Tav: 0.8
[01:14:55] Marcell_O_Neill sebzest kapott tole: Dolph_F_Gates | sebzes: Ököl (-3.9) | E/P: 136.4/0.0 (S: 136.4/0.0) | Tav: 0.8
[01:14:57] Dolph_F_Gates sebzest kapott tole: Marcell_O_Neill | sebzes: AK47 (-40.0) | E/P: 150.0/0.0 (S: 150.0/0.0) | Tav: 0.7
[02:07:19] Patrik_O_Neill sebzest kapott tole: Michael_Franzese | sebzes: Ököl (-5.2) | E/P: 150.0/0.0 (S: 150.0/0.0) | Tav: 0.6
[02:07:30] Patrik_O_Neill sebzest kapott tole: Michael_Franzese | sebzes: Ököl (-1.9) | E/P: 144.7/0.0 (S: 144.7/0.0) | Tav: 1.1
[02:07:31] Patrik_O_Neill sebzest kapott tole: Michael_Franzese | sebzes: Ököl (-5.2) | E/P: 142.7/0.0 (S: 142.7/0.0) | Tav: 1.4
[02:10:45] Patrik_O_Neill sebzest kapott tole: Michael_Franzese | sebzes: Ököl (-1.9) | E/P: 137.4/0.0 (S: 137.4/0.0) | Tav: 0.7
[02:10:45] Patrik_O_Neill sebzest kapott tole: Michael_Franzese | sebzes: Ököl (-5.2) | E/P: 135.4/0.0 (S: 135.4/0.0) | Tav: 0.7
[02:10:47] Patrik_O_Neill sebzest kapott tole: Michael_Franzese | sebzes: Ököl (-5.2) | E/P: 130.2/0.0 (S: 130.2/0.0) | Tav: 0.7
[02:10:48] Patrik_O_Neill sebzest kapott tole: Michael_Franzese | sebzes: Ököl (-6.6) | E/P: 124.9/0.0 (S: 124.9/0.0) | Tav: 0.6
[02:10:48] Patrik_O_Neill sebzest kapott tole: Michael_Franzese | sebzes: Ököl (-6.6) | E/P: 118.3/0.0 (S: 118.3/0.0) | Tav: 0.6
[02:10:50] Michael_Franzese sebzest kapott tole: Patrik_O_Neill | sebzes: Ököl (-2.3) | E/P: 150.0/5.0 (S: 150.0/5.0) | Tav: 1.1
[02:22:21] Patrik_O_Neill sebzest kapott tole: Michael_Franzese | sebzes: Ököl (-2.3) | E/P: 111.7/0.0 (S: 111.7/0.0) | Tav: 1.0
[02:22:22] Patrik_O_Neill sebzest kapott tole: Michael_Franzese | sebzes: Ököl (-3.9) | E/P: 109.4/0.0 (S: 109.4/0.0) | Tav: 1.0
[18:21:33] Michael_Franzese sebzest kapott tole: Marcell_O_Neill | sebzes: Ököl (-1.9) | E/P: 150.0/5.0 (S: 150.0/5.0) | Tav: 0.5
[18:21:34] Michael_Franzese sebzest kapott tole: Marcell_O_Neill | sebzes: Ököl (-1.9) | E/P: 150.0/3.0 (S: 150.0/3.0) | Tav: 1.0
[22:14:55] Jose_Washington sebzest kapott tole: Nelson_Washington | sebzes: Ököl (-1.3) | E/P: 116.6/100.0 (S: 116.6/100.0) | Tav: 0.7
[22:14:56] Jose_Washington sebzest kapott tole: Nelson_Washington | sebzes: Ököl (-2.3) | E/P: 116.6/98.6 (S: 116.6/98.6) | Tav: 1.0
[22:22:31] Michael_Franzese sebzest kapott tole: KrisT_Roscoe | sebzes: Ököl (-1.3) | E/P: 150.0/5.0 (S: 150.0/5.0) | Tav: 0.7
[22:32:19] Kevin_S_Tomasso sebzest kapott tole: Henrik_T_Scaletta | sebzes: Sniper (-41.2) | E/P: 150.0/100.0 (S: 150.0/100.0) | Tav: 129.6
[22:32:20] Kevin_S_Tomasso sebzest kapott tole: Henrik_T_Scaletta | sebzes: Sniper (-41.2) | E/P: 150.0/58.7 (S: 150.0/58.7) | Tav: 129.6
[22:34:22] Damien_Creed sebzest kapott tole: Ralf_S_Tomasso | sebzes: M4 (-20.0) | E/P: 150.0/100.0 (S: 150.0/100.0) | Tav: 62.1
[22:34:31] James_Creed sebzest kapott tole: Ralf_S_Tomasso | sebzes: M4 (-20.0) | E/P: 140.0/100.0 (S: 140.0/100.0) | Tav: 57.9
[22:34:31] James_Creed sebzest kapott tole: Ralf_S_Tomasso | sebzes: M4 (-20.0) | E/P: 140.0/80.0 (S: 140.0/80.0) | Tav: 57.9
[22:34:32] James_Creed sebzest kapott tole: Ralf_S_Tomasso | sebzes: M4 (-20.0) | E/P: 140.0/60.0 (S: 140.0/60.0) | Tav: 58.4
[22:34:44] Damien_Creed sebzest kapott tole: Ralf_S_Tomasso | sebzes: M4 (-20.0) | E/P: 150.0/80.0 (S: 150.0/80.0) | Tav: 32.6
[22:35:30] Ralf_S_Tomasso sebzest kapott tole: Krisztofer_Vincenzo | sebzes: Sniper (-41.2) | E/P: 150.0/150.0 (S: 150.0/150.0) | Tav: 151.4
[22:35:31] Ralf_S_Tomasso sebzest kapott tole: Krisztofer_Vincenzo | sebzes: Sniper (-41.2) | E/P: 150.0/108.7 (S: 150.0/108.7) | Tav: 152.6
[22:35:33] Kevin_R_Sorrentino sebzest kapott tole: Sergei_B_Dueno | sebzes: Ököl (-1.3) | E/P: 43.8/100.0 (S: 43.8/100.0) | Tav: 0.6
[22:35:34] Kevin_R_Sorrentino sebzest kapott tole: Sergei_B_Dueno | sebzes: Ököl (-1.3) | E/P: 43.8/98.6 (S: 43.8/98.6) | Tav: 0.6
[22:35:34] Aldo_B_Dueno sebzest kapott tole: Sergei_B_Dueno | sebzes: Ököl (-1.3) | E/P: 42.0/5.0 (S: 42.0/5.0) | Tav: 0.7
[22:35:46] Kevin_R_Sorrentino sebzest kapott tole: Sergei_B_Dueno | sebzes: M4 (-20.0) | E/P: 150.0/0.0 (S: 150.0/0.0) | Tav: 33.4
[22:36:00] Sergei_B_Dueno sebzest kapott tole: Kevin_R_Sorrentino | sebzes: MP5 (-8.2) | E/P: 150.0/0.0 (S: 150.0/0.0) | Tav: 14.8
[22:36:00] Sergei_B_Dueno sebzest kapott tole: Kevin_R_Sorrentino | sebzes: MP5 (-8.2) | E/P: 141.7/0.0 (S: 141.7/0.0) | Tav: 14.8
[22:36:04] Sergei_B_Dueno sebzest kapott tole: Kevin_R_Sorrentino | sebzes: MP5 (-8.2) | E/P: 133.5/0.0 (S: 133.5/0.0) | Tav: 15.1
[22:36:13] Kevin_R_Sorrentino sebzest kapott tole: Aldo_B_Dueno | sebzes: MP5 (-8.2) | E/P: 150.0/0.0 (S: 150.0/0.0) | Tav: 1.2
[22:36:13] Kevin_R_Sorrentino sebzest kapott tole: Aldo_B_Dueno | sebzes: MP5 (-8.2) | E/P: 141.7/0.0 (S: 141.7/0.0) | Tav: 1.1
[22:36:13] Aldo_B_Dueno sebzest kapott tole: Kevin_R_Sorrentino | sebzes: Combat (-39.6) | E/P: 150.0/0.0 (S: 150.0/0.0) | Tav: 1.1
[22:36:13] Kevin_R_Sorrentino sebzest kapott tole: Aldo_B_Dueno | sebzes: MP5 (-8.2) | E/P: 133.5/0.0 (S: 133.5/0.0) | Tav: 1.1
[22:36:14] Aldo_B_Dueno sebzest kapott tole: Kevin_R_Sorrentino | sebzes: Combat (-39.6) | E/P: 110.3/0.0 (S: 110.3/0.0) | Tav: 1.1
[22:36:14] Aldo_B_Dueno sebzest kapott tole: Kevin_R_Sorrentino | sebzes: Combat (-39.6) | E/P: 70.7/0.0 (S: 70.7/0.0) | Tav: 1.1
[22:36:14] Aldo_B_Dueno sebzest kapott tole: Kevin_R_Sorrentino | sebzes: Combat (-39.6) | E/P: 31.1/0.0 (S: 31.1/0.0) | Tav: 1.1
[22:36:14] Kevin_R_Sorrentino sebzest kapott tole: Aldo_B_Dueno | sebzes: MP5 (-8.2) | E/P: 125.2/0.0 (S: 125.2/0.0) | Tav: 1.1
[22:36:15] Ralf_S_Tomasso sebzest kapott tole: Henrik_T_Scaletta | sebzes: Sniper (-41.2) | E/P: 150.0/67.5 (S: 150.0/67.5) | Tav: 132.5
[22:36:21] Sergei_B_Dueno sebzest kapott tole: Aldo_B_Dueno | sebzes: M4 (-20.0) | E/P: 150.0/0.0 (S: 150.0/0.0) | Tav: 9.0
[22:36:34] Aldo_B_Dueno sebzest kapott tole: Sergei_B_Dueno | sebzes: M4 (-20.0) | E/P: 150.0/0.0 (S: 150.0/0.0) | Tav: 6.6
[22:36:40] Aldo_B_Dueno sebzest kapott tole: Kevin_R_Sorrentino | sebzes: Combat (-19.8) | E/P: 150.0/0.0 (S: 150.0/0.0) | Tav: 21.6
[22:36:41] Aldo_B_Dueno sebzest kapott tole: Kevin_R_Sorrentino | sebzes: Combat (-19.8) | E/P: 130.1/0.0 (S: 130.1/0.0) | Tav: 21.5
[22:36:41] Aldo_B_Dueno sebzest kapott tole: Kevin_R_Sorrentino | sebzes: Combat (-29.7) | E/P: 110.3/0.0 (S: 110.3/0.0) | Tav: 21.5
[22:36:41] Aldo_B_Dueno sebzest kapott tole: Kevin_R_Sorrentino | sebzes: Combat (-24.7) | E/P: 80.6/0.0 (S: 80.6/0.0) | Tav: 21.5
[22:36:42] Aldo_B_Dueno sebzest kapott tole: Kevin_R_Sorrentino | sebzes: Combat (-14.8) | E/P: 55.9/0.0 (S: 55.9/0.0) | Tav: 21.5
[22:36:42] Aldo_B_Dueno sebzest kapott tole: Kevin_R_Sorrentino | sebzes: Combat (-14.8) | E/P: 41.0/0.0 (S: 41.0/0.0) | Tav: 21.5
[22:39:50] Matt_Creed sebzest kapott tole: KrisT_Roscoe | sebzes: Ököl (-1.3) | E/P: 113.6/5.0 (S: 113.6/5.0) | Tav: 1.0
[22:40:11] Troy_Brooks sebzest kapott tole: George_B_Hollywood | sebzes: Ököl (-1.3) | E/P: 26.0/5.0 (S: 26.0/5.0) | Tav: 1.1
[22:40:13] Costa_Miles sebzest kapott tole: George_B_Hollywood | sebzes: Ököl (-1.3) | E/P: 150.0/100.0 (S: 150.0/100.0) | Tav: 0.5
[22:43:00] Matt_Creed sebzest kapott tole: KrisT_Roscoe | sebzes: Ököl (-1.3) | E/P: 113.6/3.6 (S: 113.6/3.6) | Tav: 0.7
[22:43:03] Matt_Creed sebzest kapott tole: KrisT_Roscoe | sebzes: Ököl (-1.3) | E/P: 113.6/2.3 (S: 113.6/2.3) | Tav: 0.6
[22:43:04] Matt_Creed sebzest kapott tole: KrisT_Roscoe | sebzes: Ököl (-2.3) | E/P: 113.6/1.0 (S: 113.6/1.0) | Tav: 0.7
[22:44:20] George_B_Hollywood sebzest kapott tole: Kevin_R_Sorrentino | sebzes: Combat (-9.9) | E/P: 150.0/0.0 (S: 150.0/0.0) | Tav: 35.6
[22:44:20] George_B_Hollywood sebzest kapott tole: Kevin_R_Sorrentino | sebzes: Combat (-9.9) | E/P: 140.1/0.0 (S: 140.1/0.0) | Tav: 35.6
[22:44:21] George_B_Hollywood sebzest kapott tole: Kevin_R_Sorrentino | sebzes: Combat (-14.8) | E/P: 130.2/0.0 (S: 130.2/0.0) | Tav: 35.6
[22:44:49] George_B_Hollywood sebzest kapott tole: Kevin_R_Sorrentino | sebzes: MP5 (-8.2) | E/P: 150.0/0.0 (S: 150.0/0.0) | Tav: 6.5
[22:44:49] George_B_Hollywood sebzest kapott tole: Kevin_R_Sorrentino | sebzes: MP5 (-8.2) | E/P: 141.7/0.0 (S: 141.7/0.0) | Tav: 6.6
[22:44:49] George_B_Hollywood sebzest kapott tole: Kevin_R_Sorrentino | sebzes: MP5 (-8.2) | E/P: 133.5/0.0 (S: 133.5/0.0) | Tav: 6.6
[22:44:50] George_B_Hollywood sebzest kapott tole: Kevin_R_Sorrentino | sebzes: MP5 (-8.2) | E/P: 125.2/0.0 (S: 125.2/0.0) | Tav: 6.7
[22:44:50] George_B_Hollywood sebzest kapott tole: Kevin_R_Sorrentino | sebzes: MP5 (-8.2) | E/P: 117.0/0.0 (S: 117.0/0.0) | Tav: 6.7
[22:44:50] George_B_Hollywood sebzest kapott tole: Kevin_R_Sorrentino | sebzes: MP5 (-8.2) | E/P: 108.7/0.0 (S: 108.7/0.0) | Tav: 6.8
[22:44:50] George_B_Hollywood sebzest kapott tole: Kevin_R_Sorrentino | sebzes: MP5 (-8.2) | E/P: 100.5/0.0 (S: 100.5/0.0) | Tav: 6.8
[22:44:50] George_B_Hollywood sebzest kapott tole: Kevin_R_Sorrentino | sebzes: MP5 (-8.2) | E/P: 92.2/0.0 (S: 92.2/0.0) | Tav: 6.8
[22:44:50] George_B_Hollywood sebzest kapott tole: Kevin_R_Sorrentino | sebzes: MP5 (-8.2) | E/P: 84.0/0.0 (S: 84.0/0.0) | Tav: 6.8
[22:44:50] George_B_Hollywood sebzest kapott tole: Kevin_R_Sorrentino | sebzes: MP5 (-8.2) | E/P: 75.7/0.0 (S: 75.7/0.0) | Tav: 6.8
[22:44:51] George_B_Hollywood sebzest kapott tole: Kevin_R_Sorrentino | sebzes: MP5 (-8.2) | E/P: 67.5/0.0 (S: 67.5/0.0) | Tav: 6.9
[22:44:51] George_B_Hollywood sebzest kapott tole: Kevin_R_Sorrentino | sebzes: MP5 (-8.2) | E/P: 59.2/0.0 (S: 59.2/0.0) | Tav: 6.9
[22:44:51] George_B_Hollywood sebzest kapott tole: Kevin_R_Sorrentino | sebzes: MP5 (-8.2) | E/P: 51.0/0.0 (S: 51.0/0.0) | Tav: 6.8
[22:45:12] George_B_Hollywood sebzest kapott tole: Kevin_R_Sorrentino | sebzes: Combat (-4.9) | E/P: 150.0/0.0 (S: 150.0/0.0) | Tav: 33.6
[22:45:12] George_B_Hollywood sebzest kapott tole: Kevin_R_Sorrentino | sebzes: Combat (-9.9) | E/P: 145.0/0.0 (S: 145.0/0.0) | Tav: 33.6
[22:45:13] George_B_Hollywood sebzest kapott tole: Kevin_R_Sorrentino | sebzes: Combat (-4.9) | E/P: 135.1/0.0 (S: 135.1/0.0) | Tav: 33.6
[22:45:18] Kevin_R_Sorrentino sebzest kapott tole: George_B_Hollywood | sebzes: M4 (-20.0) | E/P: 150.0/0.0 (S: 150.0/0.0) | Tav: 32.8
[23:38:14] Edie_Morra sebzest kapott tole: KrisT_Roscoe | sebzes: Ököl (-1.3) | E/P: 150.0/5.0 (S: 150.0/5.0) | Tav: 0.7
[23:38:15] Edie_Morra sebzest kapott tole: KrisT_Roscoe | sebzes: Ököl (-1.3) | E/P: 150.0/3.6 (S: 150.0/3.6) | Tav: 0.7
[23:39:32] Milinte_Brasco sebzest kapott tole: Marcell_O_Neill | sebzes: Ököl (-1.3) | E/P: 150.0/5.0 (S: 150.0/5.0) | Tav: 0.8
[23:39:45] Milinte_Brasco sebzest kapott tole: Marcell_O_Neill | sebzes: Ököl (-1.3) | E/P: 150.0/3.6 (S: 150.0/3.6) | Tav: 0.9
[23:39:46] Milinte_Brasco sebzest kapott tole: Marcell_O_Neill | sebzes: Ököl (-1.3) | E/P: 150.0/2.3 (S: 150.0/2.3) | Tav: 0.7
[23:39:47] Milinte_Brasco sebzest kapott tole: Marcell_O_Neill | sebzes: Ököl (-1.3) | E/P: 150.0/1.0 (S: 150.0/1.0) | Tav: 0.7
[23:39:47] Milinte_Brasco sebzest kapott tole: Marcell_O_Neill | sebzes: Ököl (-1.3) | E/P: 149.7/0.0 (S: 149.7/0.0) | Tav: 0.7
[23:39:48] Milinte_Brasco sebzest kapott tole: Marcell_O_Neill | sebzes: Ököl (-1.3) | E/P: 148.3/0.0 (S: 148.3/0.0) | Tav: 0.7
[23:39:48] Milinte_Brasco sebzest kapott tole: Marcell_O_Neill | sebzes: Ököl (-1.3) | E/P: 147.0/0.0 (S: 147.0/0.0) | Tav: 0.7
[23:39:49] Milinte_Brasco sebzest kapott tole: Marcell_O_Neill | sebzes: Ököl (-1.3) | E/P: 145.7/0.0 (S: 145.7/0.0) | Tav: 0.7
[23:39:49] Milinte_Brasco sebzest kapott tole: Marcell_O_Neill | sebzes: Ököl (-1.3) | E/P: 144.4/0.0 (S: 144.4/0.0) | Tav: 0.7
[23:49:30] Mike_O_Neill sebzest kapott tole: Steve_Aoki | sebzes: Ököl (-1.3) | E/P: 132.0/5.0 (S: 132.0/5.0) | Tav: 0.8
[23:55:37] Vin_Alpacino sebzest kapott tole: Steve_Aoki | sebzes: M4 (-20.0) | E/P: 150.0/0.0 (S: 150.0/0.0) | Tav: 9.3
[23:55:37] Aldo_B_Dueno sebzest kapott tole: Vin_Alpacino | sebzes: M4 (-20.0) | E/P: 150.0/0.0 (S: 150.0/0.0) | Tav: 2.5
[23:55:37] Aldo_B_Dueno sebzest kapott tole: Steve_Aoki | sebzes: M4 (-20.0) | E/P: 130.0/0.0 (S: 130.0/0.0) | Tav: 11.7
[23:55:44] Steve_Aoki sebzest kapott tole: Aldo_B_Dueno | sebzes: M4 (-20.0) | E/P: 150.0/0.0 (S: 150.0/0.0) | Tav: 23.2
[23:55:53] Vin_Alpacino sebzest kapott tole: Aldo_B_Dueno | sebzes: M4 (-20.0) | E/P: 150.0/0.0 (S: 150.0/0.0) | Tav: 11.7
[23:56:00] Vin_Alpacino sebzest kapott tole: Steve_Aoki | sebzes: M4 (-20.0) | E/P: 150.0/0.0 (S: 150.0/0.0) | Tav: 25.4
[23:56:00] Vin_Alpacino sebzest kapott tole: Steve_Aoki | sebzes: M4 (-20.0) | E/P: 130.0/0.0 (S: 130.0/0.0) | Tav: 24.2
[23:56:01] Vin_Alpacino sebzest kapott tole: Steve_Aoki | sebzes: M4 (-20.0) | E/P: 110.0/0.0 (S: 110.0/0.0) | Tav: 24.0
[23:56:01] Vin_Alpacino sebzest kapott tole: Steve_Aoki | sebzes: M4 (-20.0) | E/P: 90.0/0.0 (S: 90.0/0.0) | Tav: 24.1
[23:56:01] Steve_Aoki sebzest kapott tole: Vin_Alpacino | sebzes: M4 (-20.0) | E/P: 150.0/0.0 (S: 150.0/0.0) | Tav: 24.1
[23:56:01] Vin_Alpacino sebzest kapott tole: Steve_Aoki | sebzes: M4 (-20.0) | E/P: 150.0/0.0 (S: 150.0/0.0) | Tav: 24.1
[23:56:09] Vin_Alpacino sebzest kapott tole: Steve_Aoki | sebzes: M4 (-20.0) | E/P: 130.0/0.0 (S: 130.0/0.0) | Tav: 2.1
[23:56:11] Steve_Aoki sebzest kapott tole: Aldo_B_Dueno | sebzes: M4 (-20.0) | E/P: 135.0/0.0 (S: 135.0/0.0) | Tav: 30.4
[23:56:12] Steve_Aoki sebzest kapott tole: Aldo_B_Dueno | sebzes: M4 (-20.0) | E/P: 115.0/0.0 (S: 115.0/0.0) | Tav: 30.2
[23:56:32] Aldo_B_Dueno sebzest kapott tole: Steve_Aoki | sebzes: M4 (-20.0) | E/P: 150.0/0.0 (S: 150.0/0.0) | Tav: 16.2
[23:56:32] Aldo_B_Dueno sebzest kapott tole: Steve_Aoki | sebzes: M4 (-20.0) | E/P: 130.0/0.0 (S: 130.0/0.0) | Tav: 15.9
[23:56:36] Aldo_B_Dueno sebzest kapott tole: Steve_Aoki | sebzes: M4 (-20.0) | E/P: 110.0/0.0 (S: 110.0/0.0) | Tav: 11.2
[23:56:36] Steve_Aoki sebzest kapott tole: Aldo_B_Dueno | sebzes: MP5 (-8.2) | E/P: 150.0/0.0 (S: 150.0/0.0) | Tav: 11.0
[23:56:39] Aldo_B_Dueno sebzest kapott tole: Vin_Alpacino | sebzes: M4 (-20.0) | E/P: 92.0/0.0 (S: 92.0/0.0) | Tav: 14.0
[23:56:39] Aldo_B_Dueno sebzest kapott tole: Vin_Alpacino | sebzes: M4 (-20.0) | E/P: 72.0/0.0 (S: 72.0/0.0) | Tav: 14.3
[23:56:40] Aldo_B_Dueno sebzest kapott tole: Vin_Alpacino | sebzes: M4 (-20.0) | E/P: 52.0/0.0 (S: 52.0/0.0) | Tav: 14.9
[23:56:40] Aldo_B_Dueno sebzest kapott tole: Vin_Alpacino | sebzes: M4 (-20.0) | E/P: 32.0/0.0 (S: 32.0/0.0) | Tav: 14.1
[23:56:41] Vin_Alpacino sebzest kapott tole: Aldo_B_Dueno | sebzes: MP5 (-8.2) | E/P: 150.0/0.0 (S: 150.0/0.0) | Tav: 14.9
[23:56:45] Aldo_B_Dueno sebzest kapott tole: Steve_Aoki | sebzes: M4 (-20.0) | E/P: 18.0/0.0 (S: 18.0/0.0) | Tav: 1.1
[23:56:46] Aldo_B_Dueno sebzest kapott tole: Steve_Aoki | sebzes: M4 (-20.0) | E/P: 0.0/0.0 (S: 0.0/0.0) | Tav: 1.0
[23:56:48] Aldo_B_Dueno sebzest kapott tole: Vin_Alpacino | sebzes: Combat (-9.9) | E/P: 0.0/0.0 (S: 0.0/0.0) | Tav: 18.7
[23:56:52] Steve_Aoki sebzest kapott tole: Aldo_B_Dueno | sebzes: MP5 (-8.2) | E/P: 150.0/0.0 (S: 150.0/0.0) | Tav: 14.7
[23:56:52] Steve_Aoki sebzest kapott tole: Aldo_B_Dueno | sebzes: MP5 (-8.2) | E/P: 141.7/0.0 (S: 141.7/0.0) | Tav: 14.8
[23:56:53] Steve_Aoki sebzest kapott tole: Vin_Alpacino | sebzes: Combat (-4.9) | E/P: 133.5/0.0 (S: 133.5/0.0) | Tav: 22.5
[23:56:58] Steve_Aoki sebzest kapott tole: Aldo_B_Dueno | sebzes: MP5 (-8.2) | E/P: 150.0/0.0 (S: 150.0/0.0) | Tav: 9.7
[23:56:59] Steve_Aoki sebzest kapott tole: Aldo_B_Dueno | sebzes: MP5 (-8.2) | E/P: 141.7/0.0 (S: 141.7/0.0) | Tav: 9.1
[23:56:59] Steve_Aoki sebzest kapott tole: Aldo_B_Dueno | sebzes: MP5 (-8.2) | E/P: 133.5/0.0 (S: 133.5/0.0) | Tav: 8.5
[23:56:59] Steve_Aoki sebzest kapott tole: Aldo_B_Dueno | sebzes: MP5 (-8.2) | E/P: 125.2/0.0 (S: 125.2/0.0) | Tav: 8.2
[23:57:17] Vin_Alpacino sebzest kapott tole: Aldo_B_Dueno | sebzes: MP5 (-8.2) | E/P: 150.0/0.0 (S: 150.0/0.0) | Tav: 7.3
[23:57:26] Vin_Alpacino sebzest kapott tole: Aldo_B_Dueno | sebzes: MP5 (-8.2) | E/P: 150.0/0.0 (S: 150.0/0.0) | Tav: 12.1
[23:57:26] Vin_Alpacino sebzest kapott tole: Aldo_B_Dueno | sebzes: MP5 (-8.2) | E/P: 141.7/0.0 (S: 141.7/0.0) | Tav: 12.1
[23:57:26] Vin_Alpacino sebzest kapott tole: Aldo_B_Dueno | sebzes: MP5 (-8.2) | E/P: 133.5/0.0 (S: 133.5/0.0) | Tav: 12.2
[23:57:26] Vin_Alpacino sebzest kapott tole: Aldo_B_Dueno | sebzes: MP5 (-8.2) | E/P: 125.2/0.0 (S: 125.2/0.0) | Tav: 12.2
[23:57:26] Vin_Alpacino sebzest kapott tole: Aldo_B_Dueno | sebzes: MP5 (-8.2) | E/P: 117.0/0.0 (S: 117.0/0.0) | Tav: 12.2
[23:57:26] Vin_Alpacino sebzest kapott tole: Aldo_B_Dueno | sebzes: MP5 (-8.2) | E/P: 108.7/0.0 (S: 108.7/0.0) | Tav: 12.2
[23:57:29] Steve_Aoki sebzest kapott tole: Aldo_B_Dueno | sebzes: MP5 (-8.2) | E/P: 150.0/0.0 (S: 150.0/0.0) | Tav: 10.9
[23:57:29] Steve_Aoki sebzest kapott tole: Aldo_B_Dueno | sebzes: MP5 (-8.2) | E/P: 141.7/0.0 (S: 141.7/0.0) | Tav: 10.8
[23:57:29] Steve_Aoki sebzest kapott tole: Aldo_B_Dueno | sebzes: MP5 (-8.2) | E/P: 133.5/0.0 (S: 133.5/0.0) | Tav: 10.8
[23:57:30] Aldo_B_Dueno sebzest kapott tole: Steve_Aoki | sebzes: MP5 (-8.2) | E/P: 150.0/0.0 (S: 150.0/0.0) | Tav: 10.8
