[00:31:58] Amos_Toretto mondja OOC: (( 19377 ))
[00:35:39] Marcell_O_Neill mondja OOC: (( pill ))
[00:35:50] Phil_Stinson mondja OOC: (( . ))
[00:36:46] Ryan Brasco mondja: touchpaddal nehéz lõni
[00:37:03] Ryan Brasco mondja: csak legyen jó
[00:38:13] Ryan Brasco mondja: ez mi a fasz am?
[00:38:18] Krisztofer_Vincenzo mondja OOC: (( titkos ))
[00:39:34] Marcell_O_Neill mondja OOC: (( rohadék ))
[02:52:08] * megüti magát ((Thomas_Berzerk))
[02:52:37] * koccan ((Thomas_Berzerk))
[02:54:10] * megüti magát ((Thomas_Berzerk))
[02:54:51] * megüti magát ((Thomas_Berzerk))
[07:26:06] Marcell_O_Neill mondja OOC: (( am ))
[07:26:11] Marcell_O_Neill mondja OOC: (( jó e má ))
[07:26:58] Ryan Brasco mondja: dik
[07:27:30] Paul_D_Cortez mondja OOC: (( :( ))
[07:28:00] (( (Szajkendo)Paul_D_Cortez mondja OOC: faxa ))
[07:28:39] Paul_D_Cortez mondja OOC: (( ninsc eladó pp-d? ))
[07:28:41] Marcell_O_Neill mondja OOC: (( a-a ))
[07:29:15] Paul_D_Cortez mondja OOC: (( öv.. ))
[08:12:59] Ryan Brasco mondja: asdasdsada
[08:13:01] Ryan Brasco mondja: sasddassdasad
[08:54:33] [Kovacs Adam]Kovacs_Adam mondja: df
[08:54:52] [Kovacs Adam]Kovacs_Adam mondja: sfsdf
[08:54:54] [Kovacs Adam]Kovacs_Adam mondja: df
[08:54:55] [Kovacs Adam]Kovacs_Adam mondja: dfdsfa
[08:54:56] [Kovacs Adam]Kovacs_Adam mondja: dfsdft
[08:56:09] [Kovacs Adam]Kovacs_Adam mondja: df
[08:57:41] [Kovacs Adam]Kovacs_Adam mondja: sfsd
[08:57:43] [Kovacs Adam]Kovacs_Adam mondja: fsdfsdt
[08:57:45] [Kovacs Adam]Kovacs_Adam mondja: sa
[08:58:26] [Kovacs Adam]Kovacs_Adam mondja: sdsfds
[08:58:27] [Kovacs Adam]Kovacs_Adam mondja: fsdfs
[08:58:54] Mikhail Bratislav mondja: Sokáig tartott
[08:58:58] Natalia Inferno mondja: :Ö
[08:59:01] Natalia Inferno mondja: (())
[08:59:02] Natalia Inferno mondja: ÜD
[08:59:03] Natalia Inferno mondja: v
[08:59:25] [Kovacs Adam]Kovacs_Adam mondja: werwer
[08:59:30] Natalia Inferno mondja: Nem rossz
