[07:47:57] Csendes Marcell mondja: Csõ
[07:50:02] Edie_Morra mondja OOC: (( xD ))
[07:50:52] Csendes_Marcell mondja OOC: (( na mi van scripter bácsi ))
[07:51:05] Csendes Marcell mondja: ts-n
[07:51:08] Csendes Marcell mondja: aktiváld be
[07:51:09] Csendes Marcell mondja: a hangot
[07:51:11] Csendes Marcell mondja: fentvagyok
[08:25:11] William_W_Andrews mondja OOC: ((  /k ))
[08:25:50] William_W_Andrews mondja OOC: ((  /sss leader ))
[08:35:26] William_W_Andrews mondja OOC: (( /k felirat be ))
[08:38:10] William_W_Andrews mondja OOC: (( /kormány akitüntetés 16 6 ))
[08:40:13] William_W_Andrews mondja OOC: (( t/Q ))
[08:49:20] Barney_Stinson mondja OOC: (( ja ))
[08:51:19] Barney_Stinson mondja OOC: (( csá ))
[08:51:20] [William_W_Andrews]Mr.William mondja OOC: (( . ))
[08:57:03] Barney Stinson ordítja: FIGYELEM! TEK! AZONNAL FEL A KEZEKKEL!!!
[08:57:27] Barney Stinson ordítja: FIGYELEM! TEK! AZONNAL FEL A KEZEKKEL!!!
[08:57:47] Barney Stinson ordítja: FIGYELEM! TEK! AZONNAL FEL A KEZEKKEL!!!
[09:07:24] Ralf_S_Tomasso mondja OOC: (( . ))
[09:16:06] Barney_Stinson mondja OOC: (( w ))
[09:21:42] Barney_Stinson mondja OOC: (( v szín 0 0 ))
[09:27:56] Milinte Brasco mondja: -2
[09:33:23] Milinte Brasco mondja: 285
[09:34:23] Ralf_S_Tomasso mondja OOC: ((  #/q ))
[09:37:08] Milinte Brasco mondja:  pb nevezés 4
[09:42:59] Milinte Brasco mondja: 19 kill
[09:43:01] Milinte Brasco mondja: 0 halál
[09:45:08] Milinte Brasco mondja: 1es mapp
[09:45:08] Milinte Brasco mondja: az
[09:45:10] Milinte Brasco mondja: amit te akarsz
[09:45:13] Milinte Brasco mondja: ahol nevekkel
[09:45:14] Milinte Brasco mondja: látsz mindenkit
[09:45:18] Ralf S Tomasso mondja: Nem a
[09:45:19] Ralf S Tomasso mondja: z
[09:45:20] Milinte Brasco mondja: de az
[09:45:20] Ralf S Tomasso mondja: eredeti
[09:45:21] Milinte Brasco mondja: az volt régen
[09:45:24] Ralf S Tomasso mondja: hanem az izés
[09:45:35] Milinte Brasco mondja: m4 asiimov
[09:45:40] Milinte Brasco mondja: setskin
[09:45:46] Milinte Brasco mondja: melyik kell
[09:45:47] Milinte Brasco mondja: melyik kell
[09:46:00] Ralf_S_Tomasso mondja OOC: (( 240 ))
[09:46:06] Milinte Brasco mondja: pb nevezés 4
[09:46:17] Milinte Brasco mondja: pb nevezés 1
[09:50:00] Milinte Brasco mondja: te
[09:50:01] Milinte Brasco mondja: low
[09:50:11] Ralf S Tomasso mondja: anyádat
[09:50:12] Ralf S Tomasso mondja: te
[09:50:13] Ralf S Tomasso mondja: gáchi
[09:50:23] Ralf S Tomasso mondja: ABNYÁD
[09:50:47] Milinte Brasco mondja: camper
[09:51:04] Randy_Brasco mondja OOC: (( ja kell ))
[09:52:11] Ralf_S_Tomasso mondja OOC: (( Én vehetek kocsit? ))
[09:52:14] Ralf_S_Tomasso mondja OOC: (( vagy visszaadod? ))
[09:52:34] Ralf S Tomasso mondja: naaaaa
[09:52:37] Ralf S Tomasso mondja: (())
[09:52:48] Ralf_S_Tomasso mondja OOC: (( Edáj ))
[09:52:56] Milinte Brasco mondja: adj adminw
[09:53:58] Milinte Brasco mondja: bérlõ
[09:53:58] Milinte Brasco mondja: most
[09:54:14] Ralf_S_Tomasso mondja OOC: (( Edie ))
[09:54:17] Ralf_S_Tomasso mondja OOC: (( megvehetem az Infit? ))
[09:54:20] Ralf_S_Tomasso mondja OOC: (( eddig is volt ))
[09:54:25] Milinte_Brasco mondja OOC: (( ez idg szerver ))
[09:54:28] Milinte_Brasco mondja OOC: (( szóval tök m1 ))
[09:54:29] Ralf_S_Tomasso mondja OOC: (( a-a ))
[09:54:31] Milinte Brasco mondja: de
[09:54:32] Ralf_S_Tomasso mondja OOC: (( nem ))
[09:54:34] Milinte Brasco mondja: DE
[09:54:52] Ralf_S_Tomasso mondja OOC: (( Edie ))
[09:54:55] Ralf_S_Tomasso mondja OOC: (( megvehetem az infit? ))
[09:55:18] Milinte Brasco mondja: eduie
[09:55:24] Edie Morra mondja: Na
[09:55:31] Edie_Morra mondja OOC: (( a sultan ))
[09:55:43] Ralf_S_Tomasso mondja OOC: (( egy sultanom meg egy infim volt ))
[09:55:45] Milinte Brasco mondja: nekem
[09:55:47] Milinte Brasco mondja: 2infernus
[09:55:55] Milinte Brasco mondja: 1boxvillde
[09:56:05] Edie Morra mondja: Nem adjuk vissza mert sok volt
[09:56:09] Edie Morra mondja: a szerveren
[09:56:12] Edie Morra mondja: max nektek
[09:56:12] Milinte Brasco mondja: infernus
[09:56:21] Ralf_S_Tomasso mondja OOC: (( akkor megvehetem? ))
[09:56:34] Milinte Brasco mondja: ?
[09:57:24] Ralf_S_Tomasso mondja OOC: (( És Edie ))
[09:58:44] Randy_Brasco mondja OOC: (( itt lent /getcar 784 ))
[09:59:34] Randy_Brasco mondja OOC: (( getcar 784 ))
[09:59:44] Randy_Brasco mondja OOC: (( /v szin 0 0 ))
[09:59:49] Ralf_S_Tomasso mondja OOC: (( hallod ))
[09:59:56] Ralf_S_Tomasso mondja OOC: (( végülis most akkor mégsem leszek FõadminSegéd ))
[09:59:57] Ralf_S_Tomasso mondja OOC: (( ? ))
[10:02:43] [Jármûben] Milinte Brasco mondja: race join
[10:02:45] [Jármûben] Milinte Brasco mondja: race tuning
[10:10:46] [Jármûben] Milinte Brasco mondja: 6uf 
[10:11:53] Milinte Brasco mondja: lecgó
[10:11:55] Milinte Brasco mondja: pébé
[10:12:37] Milinte Brasco mondja: tele
[10:12:37] Milinte Brasco mondja: pb
[10:12:56] Milinte Brasco mondja: kaki
[10:12:56] Milinte Brasco mondja: vagy
[10:13:17] [Jármûben] Milinte Brasco mondja: cs
[10:13:28] [Jármûben] Milinte Brasco mondja: szarvagy
[10:15:03] Ralf_S_Tomasso mondja OOC: (( swaggish ))
[10:15:17] Ralf_S_Tomasso mondja OOC: (( Capo ))
[10:15:17] Ralf_S_Tomasso mondja OOC: (( egy ))
[10:15:19] Ralf_S_Tomasso mondja OOC: (( noob ))
[10:15:35] [Jármûben] Milinte Brasco mondja: pro
[10:15:54] [Jármûben] Milinte Brasco mondja: crs
[10:18:20] Ralf_S_Tomasso mondja OOC: (( edie ))
[10:18:22] Ralf_S_Tomasso mondja OOC: (( kell én  ))
[10:18:26] Ralf_S_Tomasso mondja OOC: (( vagy ))
[10:18:32] Ralf_S_Tomasso mondja OOC: (( léphetek? ))
[10:18:37] Milinte Brasco mondja: nem
[10:18:38] Milinte Brasco mondja: jössz
[10:18:39] Milinte Brasco mondja: pb
[10:18:41] Ralf_S_Tomasso mondja OOC: (( Nem ))
[10:18:43] Milinte Brasco mondja: megtanítalak
[10:18:43] Milinte Brasco mondja: lõni
[10:18:44] Milinte Brasco mondja: gyökér
[10:18:44] Edie_Morra mondja OOC: (( mehetsz ))
[10:18:58] Milinte Brasco mondja: pb
[10:18:59] Milinte Brasco mondja: vagy
[10:19:00] Milinte Brasco mondja: war
[10:19:26] Barney_Stinson mondja OOC: (( azta ))
[10:22:12] Milinte Brasco mondja: az infimet hagy kapjam vissza
[10:22:18] Milinte Brasco mondja: az infimet hagy kapjam vissza, mert 2 volt
[10:22:29] Edie Morra mondja: 1-et
[10:22:33] Milinte Brasco mondja: :|
[10:22:33] Milinte Brasco mondja: az is jó
[10:28:13] Milinte Brasco mondja: mit?
[10:28:37] Milinte Brasco mondja: makeleader 
[10:28:40] Milinte Brasco mondja: 1 
[10:28:43] Milinte Brasco mondja: milinte
[10:29:33] Milinte Brasco mondja: elbújta
[10:29:35] Milinte Brasco mondja: m
[10:29:48] Milinte Brasco ordítja: MIT CSINÁLSZ A KOCSIMMAL ?!!
[10:32:48] Randy_Brasco mondja OOC: (( sceeniulow ))
[10:33:35] Barney_Stinson mondja OOC: (( na ))
[10:33:40] Milinte Brasco mondja: na
[10:33:44] Milinte Brasco mondja: pb?
[10:33:47] Randy_Brasco mondja OOC: (( /uf 19 ))
[10:33:48] Barney_Stinson mondja OOC: (( ááh ))
[10:34:09] Barney_Stinson mondja OOC: (( grat ))
[10:34:37] Barney_Stinson mondja OOC: (( :'( ))
[10:35:01] Barney_Stinson mondja OOC: (( ügyik ))
[10:35:02] Barney_Stinson mondja OOC: (( xd ))
[10:35:05] Barney_Stinson mondja OOC: (( saját magatokat is megölitek ))
[10:35:20] Milinte Brasco ordítja: ASD!!
[10:35:25] Milinte Brasco ordítja: /B NEM LEHET BESZÉLNI KÓRHÁZBAN!!
[10:35:37] Milinte Brasco mondja: makeleader
[10:35:39] Milinte Brasco mondja: makeleader 1 17
[10:35:54] Milinte Brasco mondja: aztán
[10:35:58] Milinte Brasco mondja: getcar 787
[10:36:00] Milinte Brasco mondja: csinád pls
[10:36:02] Milinte Brasco mondja: bugos a kocsim
[10:36:04] Milinte Brasco mondja: makeleader 1 17
[10:36:05] Barney_Stinson mondja OOC: (( MIBAJA ))
[10:36:07] Barney_Stinson mondja OOC: (( mibaja ))
[10:36:08] Milinte Brasco mondja: SZAR
[10:36:09] Milinte Brasco mondja: MEGCSINÁLOM
[10:36:21] Milinte Brasco mondja: és most
[10:36:24] Milinte Brasco mondja: makeleader 1 17
[10:36:29] Milinte Brasco mondja: közben bassz rá 
[10:36:31] Milinte Brasco mondja: egy szerelést
[10:36:34] Milinte Brasco mondja: mert nem jó a kerék
[10:37:29] Milinte Brasco ordítja: kereket!!
[10:37:45] [Jármûben] Milinte Brasco mondja: ty
[10:40:06] [Jármûben] Milinte Brasco mondja: hát
[10:40:07] [Jármûben] Milinte Brasco mondja: nem tudok mozogni
[10:40:11] [Jármûben] Milinte Brasco mondja: semerre
[10:40:20] [Jármûben] Milinte Brasco mondja: ne robbanjon fel
[10:40:28] [Jármûben] Milinte Brasco mondja: ezaz
[10:40:48] [Jármûben] Milinte Brasco mondja: pb?
[10:40:50] Barney_Stinson mondja OOC: (( nitrozz ))
[10:40:59] Barney_Stinson mondja OOC: (( nemtokk ))
[10:41:02] Barney_Stinson mondja OOC: (( most dolgom van ))
[10:41:04] Barney_Stinson mondja OOC: (( majd leszek ))
[10:41:07] Barney_Stinson mondja OOC: (( mond mi kellene ))
[10:41:07] Barney_Stinson mondja OOC: (( :D ))
[10:41:12] [Jármûben] Milinte Brasco mondja: figy
[10:41:17] [Jármûben] Milinte Brasco mondja: jó elbasztam
[10:41:23] [Jármûben] Milinte Brasco mondja: ülj b
[10:41:42] [Jármûben] Milinte Brasco mondja: faszom
[10:41:44] Barney_Stinson mondja OOC: (( xDû ))
[10:41:44] [Jármûben] Milinte Brasco mondja: régen itt
[10:41:45] [Jármûben] Milinte Brasco mondja: sfpd vel
[10:41:46] Barney_Stinson mondja OOC: (( ne keménykedj ))
[10:41:47] [Jármûben] Milinte Brasco mondja: hátraszaltót csináltam
[10:41:47] Barney_Stinson mondja OOC: (( xd ))
[10:41:48] [Jármûben] Milinte Brasco mondja: amikor jöttem
[10:41:49] [Jármûben] Milinte Brasco mondja: boltrobra
[10:43:06] William W Andrews ordítja: lázas vagyok :S!!
[10:43:30] Milinte Brasco mondja: s
[10:43:32] Milinte Brasco mondja: semmi
[10:43:58] Milinte Brasco mondja: szétütlek
[10:48:00] Barney Stinson mondja: Na mi van parik
[10:48:03] Patrik O Neill mondja: csáó
[10:48:06] Barney Stinson mondja: Nem meg mondtam
[10:48:09] Barney Stinson mondja: hogy megvesszük
[10:48:16] Patrik O Neill mondja: sikerült 
[10:48:27] Barney Stinson ordítja: medikopter 117!!
[10:48:30] Barney Stinson ordítja: légimentõk!!
[10:48:30] Patrik O Neill mondja: jaja
[10:49:01] Patrik O Neill mondja: kinevezni kitusz ?
[10:49:07] Barney Stinson mondja: leader?
[10:49:10] Patrik O Neill mondja: admin
[10:49:26] Patrik O Neill mondja: király
[10:49:28] Patrik O Neill mondja: köszi
[10:49:52] Randy_Brasco mondja OOC: (( . ))
[10:50:27] [Jármûben] Patrik O Neill mondja: dikk
[10:52:29] [Jármûben] Barney Stinson mondja: itt a motorom
[10:52:36] [Jármûben] Barney Stinson mondja: átadom a mentõt
[10:52:38] [Jármûben] Barney Stinson mondja: uram
[10:52:50] [Jármûben] Patrik O Neill mondja: köszönöm
[10:58:32] Edie Morra mondja: Üdv
[10:58:33] Patrik O Neill mondja: üdvözlöm uram
[10:58:37] Patrik O Neill mondja: mi történt ?
[10:58:37] Edie Morra mondja: Lelõtek
[10:58:49] Edie Morra mondja: Meglõtek
[10:58:51] Edie Morra mondja: khm
[10:59:21] * sérült mellet hordágy ((Patrik_O_Neill))
[11:00:04] Patrik_O_Neill mondja OOC: (( gyere a kocsihoz ))
[11:01:39] Patrik_O_Neill mondja OOC: (( sorry édesanyám szolt ))
[11:03:35] * áttütött a nyomó kötés ((Edie_Morra))
[11:04:31] Patrik_O_Neill mondja OOC: (( xD ))
[11:05:12] * csatanás hang ((Patrik_O_Neill))
[11:05:49] Edie Morra mondja: Ne
[11:05:53] Edie Morra mondja: Áááá
[11:05:57] Edie Morra ordítja: P!!
[11:06:05] Patrik O Neill mondja: nyugalom uram
[11:06:08] Edie Morra ordítja: Sssh!!
[11:06:14] Patrik O Neill mondja: rendbe fog jönni sajnos ez fájdalomal jár
[11:07:12] Dolph F Gates mondja: hy
[11:07:29] Edie Morra ordítja: dolph!!
[11:07:38] Edie Morra mondja: Khm
[11:07:42] Edie Morra mondja: Dog
[11:07:50] Edie Morra mondja: Tudja a kedvenc kis kutyám
[11:07:55] Patrik O Neill mondja: jah
[11:07:55] Edie Morra mondja: rá gondolok épp
[11:07:59] Patrik O Neill mondja: értem uram
[11:08:10] Patrik O Neill mondja: jobban érzi magát ?
[11:09:12] Patrik O Neill mondja: jobban van uram ?
[11:09:39] Edie Morra mondja: 2 Kérdés ig fk kocsikat hogy törlök?
[11:11:52] Dolph F Gates mondja: mond
[11:12:03] Edie_Morra mondja OOC: (( 1. ig fk kocsikat hogyan törlök ))
[11:12:23] Edie_Morra mondja OOC: (( 2. Hogyan törlök új kocsikat ))
[11:12:35] Edie_Morra mondja OOC: (( 3. hogyan rakok le házakat ))
[11:12:43] Edie_Morra mondja OOC: (( ennyi kérdésem lett volna ))
[11:12:59] * A kapu kinyílik. ((Mike_O_Neill))
[11:13:01] * A kapu bezárul. ((Mike_O_Neill))
[11:13:09] Dolph F Gates mondja: 1. /fk elad azthiszem
[11:13:19] Dolph F Gates mondja: 2. amit le hiv /veh kocsikat arra gondolsz ?
[11:13:28] Dolph F Gates mondja: 3. /ujház
[11:14:09] Dolph F Gates mondja: egybe nem tudod törölni
[11:14:17] Dolph F Gates mondja: az összes FK kocsikat
[11:16:52] Patrik_O_Neill mondja OOC: (( van egy kis hiba xd ))
[11:17:23] Patrik_O_Neill mondja OOC: (( hallod xd ))
[11:17:27] Patrik_O_Neill mondja OOC: (( kicsit buggos ))
[11:17:38] Patrik_O_Neill mondja OOC: (( /Report channelstatus 1 be nem ír xd ))
[11:18:49] Tyler Wish mondja: /adat 16
[11:18:52] Tyler Wish mondja: (())
[11:21:24] * A kapu kinyílik. ((Mike_O_Neill))
[11:21:27] * A kapu bezárul. ((Mike_O_Neill))
[11:28:07] Tyler_Wish mondja OOC: (( . ))
[11:28:50] Tyler_Wish mondja OOC: (( . ))
[11:29:58] Tyler_Wish mondja OOC: (( - ))
[11:31:06] Tyler_Wish mondja OOC: (( . ))
[11:36:56] ***Mikrofon***William W Andrews: Próba***
[11:44:58] William_W_Andrews mondja OOC: (( Securicar ))
[11:45:08] William_W_Andrews mondja OOC: (( Securicar ))
[11:45:30] William_W_Andrews mondja OOC: (( doplh ))
[11:45:36] William_W_Andrews mondja OOC: (( dolph* ))
[11:45:40] Dolph F Gates mondja: hm?
[11:45:41] William_W_Andrews mondja OOC: (( sry elírtam :S ))
[11:45:45] William_W_Andrews mondja OOC: (( izé ))
[11:45:48] William_W_Andrews mondja OOC: (( SSS-be be tudsz rakni ))
[11:45:50] William_W_Andrews mondja OOC: (( mint leader? ))
[11:45:55] Dolph F Gates mondja: no
[11:45:55] Mike_O_Neill mondja OOC: (( T/fk lista ))
[11:46:01] William_W_Andrews mondja OOC: (( arra ki tud berakni? ))
[11:46:03] Dolph F Gates mondja: oda ugy tudsz leadert adni
[11:46:07] Dolph F Gates mondja: ha bevagy irva a modba
[11:46:10] Dolph F Gates mondja: az SSS közé
[11:46:13] William_W_Andrews mondja OOC: (( értem ))
[11:46:17] Dolph F Gates mondja: jelenleg senki elvileg
[11:46:25] Dolph F Gates mondja: max Franklin Terno tudna
[11:46:28] Dolph F Gates mondja: de nem 100
[11:46:34] Dolph F Gates mondja: de így tudom
[11:46:48] William_W_Andrews mondja OOC: (( vágom ))
[11:48:12] William_W_Andrews mondja OOC: (( dolph ))
[11:48:17] Dolph F Gates mondja: ?
[11:48:20] William_W_Andrews mondja OOC: (( ez mi? /desync ))
[11:48:35] Dolph F Gates mondja: soha nem használtam
[11:48:38] Dolph F Gates mondja: nemtudom
[11:48:41] William_W_Andrews mondja OOC: (( én is most ládtam ))
[11:52:51] William_W_Andrews mondja OOC: (( ????aaddddddddddddd/q ))
[11:53:02] Patrik_O_Neill mondja OOC: (( :( ))
[11:57:43] Milinte Brasco mondja: 911
[11:57:44] Milinte Brasco mondja: valami
[11:57:44] Milinte Brasco mondja: talán
[11:57:49] Milinte Brasco mondja: 14911
[12:23:23] Barney Stinson mondja: Szia
[12:23:24] Dolph F Gates mondja: csõ..
[12:23:26] Barney Stinson mondja: Hogy hívnak
[12:23:32] Dolph F Gates mondja: mi ?
[12:23:52] Barney Stinson mondja: gyere
[12:23:55] Barney Stinson mondja: mutatok valamit
[12:23:55] Dolph F Gates mondja: hova?
[12:24:01] Barney Stinson mondja: hogylehet
[12:24:04] Barney Stinson mondja: repülni
[12:24:07] Barney Stinson mondja: flymode szar
[12:24:13] Barney Stinson mondja: ja
[12:24:13] Barney Stinson mondja: nem
[12:24:14] Dolph F Gates mondja: csak egyes helyeken
[12:24:15] Barney Stinson mondja: mûkszik
[12:25:11] Barney Stinson mondja: itt
[12:25:13] Barney Stinson mondja: a sabrém
[12:25:17] Dolph F Gates mondja: b+
[12:25:20] Dolph F Gates mondja: ezért ide rángatsz
[12:25:25] Dolph F Gates mondja: csinálom az FKkat
[12:25:31] Dolph F Gates mondja: megyek vissza
[12:26:01] Barney Stinson mondja: lol
[12:28:14] Barney Stinson mondja: miez
[12:28:15] Barney Stinson mondja: DOlph
[12:28:34] Dolph F Gates mondja: legális FK kocsiakt adom el frakciost
[12:28:39] Barney Stinson mondja: Ja
[12:28:40] Barney Stinson mondja: ez
[12:28:43] Barney Stinson mondja: a aukcio
[12:28:44] Barney Stinson mondja: fasz?
[12:28:50] Dolph F Gates mondja: azt majd az adott leader választ 7et amit adminok adnak
[12:28:59] Dolph F Gates mondja: a többit õk veszik maguk
[12:29:09] Dolph F Gates mondja: nem
[12:29:12] Dolph F Gates mondja: aukció az más
[12:29:21] Dolph F Gates mondja: és FK kocsiakt csak egyesével lehet eladni -.- csak itt
[12:29:22] Barney Stinson mondja: Na
[12:29:24] Barney Stinson mondja: én megyek
[12:29:25] Barney Stinson mondja: segítesz?
[12:29:28] Barney Stinson mondja: fk kocsikat
[12:29:31] Barney Stinson mondja: hogykell törölni stb
[12:29:48] Dolph F Gates mondja: berakod magad 1 legális FK frakcióba /makeleader 17 FK ID
[12:34:54] * A kapu kinyílik. ((Mike_O_Neill))
[12:34:55] * A kapu bezárul. ((Mike_O_Neill))
[12:36:47] Edie_Morra mondja OOC: (( Köszi ))
[12:38:34] * A kapu kinyílik. ((Mike_O_Neill))
[12:38:37] * A kapu bezárul. ((Mike_O_Neill))
[12:39:50] * A kapu kinyílik. ((Mike_O_Neill))
[12:39:57] * A kapu bezárul. ((Mike_O_Neill))
[12:41:03] Tyler_Wish mondja OOC: (( . ))
[12:41:04] Tyler_Wish mondja OOC: (( s ))
[12:41:17] Tyler_Wish mondja OOC: (( Edie ))
[12:42:41] Mike_O_Neill mondja OOC: (( #fk vesz 523 ))
[12:42:54] Mike_O_Neill mondja OOC: (( Dolp ))
[12:42:58] Mike_O_Neill mondja OOC: (( Dolph ))
[12:43:02] Dolph F Gates mondja: hm ?
[12:43:09] [Tyler_Wish]Tyler_Wish mondja OOC: (( . ))
[12:43:15] Mike_O_Neill mondja OOC: (( le van korlátozva az ID 523 ))
[12:43:19] [Tyler_Wish]Tyler_Wish mondja OOC: (( . ))
[12:43:23] [Tyler_Wish]Tyler_Wish mondja OOC: (( Edie ))
[12:43:26] Mike_O_Neill mondja OOC: (( LSMDnek szeretné patrik ))
[12:43:28] Dolph F Gates mondja: hogy le van ? O.o
[12:43:33] Dolph F Gates mondja: ja
[12:43:34] Edie_Morra mondja OOC: (( igen? ))
[12:43:35] Dolph F Gates mondja: kocsi ?
[12:43:39] [Tyler_Wish]Tyler_Wish mondja OOC: (( Akkor lehetne egy Yakuza? ))
[12:43:40] Dolph F Gates mondja: az milyen kocsi ?
[12:43:55] Dolph F Gates mondja: ez rendõrségi
[12:44:03] Dolph F Gates mondja: akkor inkább wayfarer
[12:44:09] Edie_Morra mondja OOC: (( De akkor esküdj meg, hogy szövik leszünk ))
[12:44:18] [Tyler_Wish]Tyler_Wish mondja OOC: (( oké :D ))
[12:44:27] Dolph F Gates mondja: amugy ezeket ucp-n lehetne állítani a korlátozást
[12:44:40] Dolph F Gates mondja: de OMSZ-nek ne legyen már PD kocsi : D
[12:45:02] [Tyler_Wish]Tyler_Wish mondja OOC: (( majd IC is megbeszéljük ))
[12:45:07] [Tyler_Wish]Tyler_Wish mondja OOC: (( akk átállítom magam ok? ))
[12:46:15] Edie_Morra mondja OOC: (( :) ))
[12:46:19] [Tyler_Wish]Tyler_Wish mondja OOC: (( :) ))
[12:46:25] Mike_O_Neill mondja OOC: (( t/makeleader 2 0 ))
[12:46:25] [Tyler_Wish]Tyler_Wish mondja OOC: (( na hol a HQ xD ))
[12:47:26] [Tyler_Wish]Tyler_Wish mondja OOC: (( asszem tudom hol van de nincsenek teleportok ))
[12:49:11] [Tyler_Wish]Tyler_Wish mondja OOC: (( 1 perc és jövök ))
[12:53:05] Mike_O_Neill mondja OOC: (( =tele ))
[12:54:11] [Tyler_Wish]Tyler_Wish mondja OOC: (( nincs teleport ))
[12:55:52] [Tyler_Wish]Tyler_Wish mondja OOC: (( mappolok majd egy HQt yakunak ))
[12:57:35] Mike_O_Neill mondja OOC: (( =enter ))
[12:57:39] [Tyler_Wish]Tyler_Wish mondja OOC: (( hogy írtok zölddel? :D ))
[12:58:19] Dolph F Gates mondja: yakuza széf ?
[12:58:24] [Tyler_Wish]Tyler_Wish mondja OOC: (( nem tudom hol van nincs port ))
[12:58:32] Dolph F Gates mondja:  /széf go 6
[12:59:23] Dolph F Gates mondja: mond
[12:59:29] Edie_Morra mondja OOC: (( hmm? ))
[12:59:46] Dolph F Gates mondja: nem tudom mit szeretnél : D
[13:00:05] Dolph_F_Gates mondja OOC: (( minden FK széfbe 15 misi van, az a kezdõ. ))
[13:00:08] Dolph_F_Gates mondja OOC: (( mondjad xD ))
[13:00:13] Edie_Morra mondja OOC: (( Hol a yaku hq? ))
[13:00:23] [Tyler_Wish]Tyler_Wish mondja OOC: (( ott volt ahol voltunk de nincs teleport ))
[13:00:42] [Tyler_Wish]Tyler_Wish mondja OOC: (( le tudnánk rakni ha valaki tudja hogy hova kell :D ))
[13:01:20] Dolph_F_Gates mondja OOC: (( dicsak ))
[13:01:23] Connor O Neill mondja: #aduty
[13:01:30] Dolph_F_Gates mondja OOC: (( õõõõõõõ yaku hq ))
[13:01:34] Dolph_F_Gates mondja OOC: (( az jokérdés ))
[13:02:55] Connor_O_Neill mondja OOC: (( skacok ))
[13:03:01] Connor_O_Neill mondja OOC: (( nem enged belépni sozli ))
[13:03:53] Connor O Neill mondja: miageci
[13:06:29] [Tyler_Wish]Tyler_Wish mondja OOC: (( akkor Rioval mi lesz? ))
[13:07:07] William_W_Andrews mondja OOC: (( lefoglal ))
[13:07:56] * A kapu kinyílik. ((Mike_O_Neill))
[13:08:33] [Tyler_Wish]Tyler_Wish mondja OOC: (( nincs kitörölve vajon? :D ))
[13:09:09] Connor O Neill mondja: a
[13:09:51] * A kapu bezárul. ((Mike_O_Neill))
[13:10:40] * A kapu kinyílik. ((Mike_O_Neill))
[13:10:48] * A kapu bezárul. ((Mike_O_Neill))
[13:11:31] * A kapu kinyílik. ((Mike_O_Neill))
[13:12:50] [Tyler_Wish]Tyler_Wish mondja OOC: (( Edie ))
[13:13:45] * A kapu bezárul. ((Mike_O_Neill))
[13:14:38] [Tyler_Wish]Tyler_Wish mondja OOC: (( küldd akkor a mod pwnjét és megnézem a yaku HQt meg megcsinálom amit mondtál ))
[13:15:58] Connor_O_Neill mondja OOC: (( a ))
[13:16:10] [Tyler_Wish]Tyler_Wish mondja OOC: (( xD ))
[13:16:14] [Tyler_Wish]Tyler_Wish mondja OOC: (( sobeit xD ))
[13:16:36] [Tyler_Wish]Tyler_Wish mondja OOC: (( Edie ))
[13:17:02] * A kapu kinyílik. ((Mike_O_Neill))
[13:18:26] Connor_O_Neill mondja OOC: (( jóreggelt ))
[13:18:51] Patrik_O_Neill mondja OOC: (( aholy ))
[13:18:52] Connor_O_Neill mondja OOC: (( eh ez a skin ))
[13:19:09] Patrik_O_Neill mondja OOC: (( pill ))
[13:19:23] Patrik_O_Neill mondja OOC: (( jaja ez az én skinem neked meg a tûzoltó xd ))
[13:20:57] Patrik_O_Neill mondja OOC: (( vagyok ))
[13:21:14] Patrik_O_Neill mondja OOC: (( parancsokat ))
[13:21:18] Patrik_O_Neill mondja OOC: (( /ah val nézel meg ))
[13:21:26] Connor O Neill mondja: azt tudom nyugi
[13:21:28] Connor O Neill mondja: (())
[13:22:37] Connor_O_Neill mondja OOC: (( reportosba hogy lehet? ))
[13:22:43] Patrik_O_Neill mondja OOC: (( /onduty 1 ))
[13:24:09] Dolph_F_Gates mondja OOC: (( yes? ))
[13:24:09] Mike_O_Neill mondja OOC: (( ez milyen hq? ))
[13:24:18] Dolph_F_Gates mondja OOC: (( SWAT nak használták ))
[13:24:20] [Tyler_Wish]Tyler_Wish mondja OOC: (( xD ))
[13:24:20] Mike_O_Neill mondja OOC: (( Ide akarja SFPD-t ))
[13:24:22] Dolph_F_Gates mondja OOC: (( SWAt kocsik ))
[13:24:24] Milinte_Brasco mondja OOC: (( amúgy 4 es mappon ))
[13:24:28] Mike_O_Neill mondja OOC: (( akkor ezek a kocsik eladhatók? ))
[13:24:31] Milinte_Brasco mondja OOC: (( van bent ig lerakott object ami nem kéne oda ))
[13:24:35] Milinte_Brasco mondja OOC: (( ilyen fa fal cucc ))
[13:24:41] Dolph_F_Gates mondja OOC: (( SWAT Al frakcio,nem tudom h. kell eladni õket ))
[13:24:47] Dolph_F_Gates mondja OOC: (( az alfrakcióból ))
[13:26:24] Connor_O_Neill mondja OOC: (( de ))
[13:26:27] Connor_O_Neill mondja OOC: (( ezek mik ))
[13:26:35] Milinte Brasco mondja: pb nevezés 4
[13:26:37] Patrik_O_Neill mondja OOC: (( Mike féle táblák  ))
[13:26:43] Patrik_O_Neill mondja OOC: (( csak nincs kliens ))
[13:26:48] Patrik_O_Neill mondja OOC: (( és amiatt buggosak ))
[13:26:49] Connor_O_Neill mondja OOC: (( ja de akkor ))
[13:26:56] Connor_O_Neill mondja OOC: (( te us ilyen sárga cuccot látsz ))
[13:27:02] Patrik_O_Neill mondja OOC: (( jaja ))
[13:27:05] Patrik_O_Neill mondja OOC: (( jaja ))
[13:27:07] Connor_O_Neill mondja OOC: (( jaok mert tudod ))
[13:27:12] Connor_O_Neill mondja OOC: (( újraraktam sampot meg mindent ))
[13:27:17] Connor_O_Neill mondja OOC: (( azthittem én vagyok bugos ))
[13:27:22] Patrik_O_Neill mondja OOC: (( én is meg gépet ujrahuztam xd ))
[13:31:42] Milinte Brasco mondja: lábon lõtted
[13:31:42] Milinte Brasco mondja: lol
[13:33:02] [Tyler_Wish]Tyler_Wish mondja OOC: (( na xD ))
[13:33:04] Milinte Brasco mondja: még1
[13:33:04] Milinte Brasco mondja: most
[13:33:06] Milinte Brasco mondja: ak val megyek
[13:33:07] [Tyler_Wish]Tyler_Wish mondja OOC: (( nem xD ))
[13:33:08] Milinte Brasco mondja: az m4 egy fos
[13:33:11] Milinte Brasco mondja: egyet
[13:33:16] Patrik_O_Neill mondja OOC: (( shoot ))
[13:33:19] [Tyler_Wish]Tyler_Wish mondja OOC: (( soha többé xD ))
[13:33:21] Milinte Brasco mondja: 1et
[13:33:33] [Tyler_Wish]Tyler_Wish mondja OOC: (( még ha lehetne futni xD ))
[13:33:36] Milinte Brasco mondja: akkor
[13:33:37] Milinte Brasco mondja: másik mapp
[13:33:46] [Tyler_Wish]Tyler_Wish mondja OOC: (( sniper kéne ))
[13:33:50] Milinte Brasco mondja: ezen lehet futni
[13:33:51] [Tyler_Wish]Tyler_Wish mondja OOC: (( azzal jobb vagyok ))
[13:33:51] Milinte Brasco mondja: ja nem lenne rossz
[13:33:54] Milinte Brasco mondja: olyan jó sniper modom van
[13:33:58] Milinte Brasco mondja: asiimov
[13:33:59] Milinte Brasco mondja: csgo
[13:34:03] [Tyler_Wish]Tyler_Wish mondja OOC: (( nekem jobb :D ))
[13:34:11] Milinte Brasco mondja: azelõtt silenced volt
[13:34:11] Edie_Morra mondja OOC: (( Market ))
[13:34:14] Milinte Brasco mondja: nevezz t
[13:34:15] Milinte Brasco mondja: 2-esre.
[13:34:20] [Tyler_Wish]Tyler_Wish mondja OOC: (( csak most nincs benn mert ujra lett rakva a gép ))
[13:34:34] [Tyler_Wish]Tyler_Wish mondja OOC: (( majd linkelem ))
[13:34:40] Milinte Brasco mondja: oks
[13:34:41] Milinte Brasco mondja: nevezz
[13:34:42] Milinte Brasco mondja: pb nevezés 2
[13:34:44] Milinte Brasco mondja: gyorsan
[13:34:48] Milinte Brasco mondja: ondtuy
[13:34:49] Milinte Brasco mondja: off
[13:36:20] Mike_O_Neill mondja OOC: (( =gotopos ))
[13:38:24] * A kapu kinyílik. ((Mike_O_Neill))
[13:38:27] * A kapu bezárul. ((Mike_O_Neill))
[13:38:49] [Tyler Wish]Tyler_Wish mondja: dikk
[13:40:13] Milinte Brasco mondja: na
[13:40:15] Milinte Brasco mondja: most
[13:40:16] Milinte Brasco mondja: tuti ak m lesz
[13:40:18] [Tyler_Wish]Tyler_Wish mondja OOC: (( hagyjál xD ))
[13:40:21] Milinte Brasco mondja: egy 4 est
[13:42:51] [Tyler_Wish]Tyler_Wish mondja OOC: (( küldöd akkor a modot? ))
[13:43:00] [Tyler_Wish]Tyler_Wish mondja OOC: (( megkéne nézni az intit ))
[13:49:23] Edie_Morra mondja OOC: (( ./biz név ~r~] Morra  ~w~Airsoft Kft ~r~] ))
[13:51:05] Edie_Morra mondja OOC: (( ./biz név ~b~] Morra  ~w~Airsoft Kft ~b~] ))
[13:57:23] Edie_Morra mondja OOC: (( gyer pb ))
[13:58:46] [Tyler_Wish]Tyler_Wish mondja OOC: (( am rionak nincs bejárata ))
[14:05:17] Edie_Morra mondja OOC: (( gg ))
[14:05:20] Edie_Morra mondja OOC: (( még egy? ))
[14:05:20] [Tyler_Wish]Tyler_Wish mondja OOC: (( :D ))
[14:05:23] [Tyler_Wish]Tyler_Wish mondja OOC: (( nem :D ))
[14:05:32] [Tyler_Wish]Tyler_Wish mondja OOC: (( meg kéne csinálni a yaku intit ))
[14:08:50] Mike_O_Neill mondja OOC: (( 6abiz go 11 ))
[14:09:08] [Tyler_Wish]Tyler_Wish mondja OOC: (( hallod ))
[14:09:20] [Tyler_Wish]Tyler_Wish mondja OOC: (( ö ))
[14:09:23] Dolph_F_Gates mondja OOC: (( mond ))
[14:09:31] [Tyler_Wish]Tyler_Wish mondja OOC: (( gotocar 131nél van a garázs ))
[14:09:33] [Tyler_Wish]Tyler_Wish mondja OOC: (( inti ))
[14:10:09] [Tyler_Wish]Tyler_Wish mondja OOC: (( inti ))
[14:10:49] [Tyler_Wish]Tyler_Wish mondja OOC: (( egy széfhelyet kell keresni még ))
[14:11:08] Dolph_F_Gates mondja OOC: (( ne menj még bele ))
[14:11:11] Dolph_F_Gates mondja OOC: (( a teleportba ))
[14:12:31] [Tyler_Wish]Tyler_Wish mondja OOC: (( meg majd tetõre is intin belül ))
[14:12:35] [Tyler_Wish]Tyler_Wish mondja OOC: (( meg majd tetõre is intin belül ))
[14:12:46] [Tyler_Wish]Tyler_Wish mondja OOC: (( itt pl ))
[14:13:03] [Tyler_Wish]Tyler_Wish mondja OOC: (( itt pl ))
[14:13:06] [Tyler_Wish]Tyler_Wish mondja OOC: (( tetõre ))
[14:13:08] Dolph_F_Gates mondja OOC: (( õõ ))
[14:13:10] [Tyler_Wish]Tyler_Wish mondja OOC: (( gotocar 133 ))
[14:13:11] Dolph_F_Gates mondja OOC: (( menj ki 1 percre ))
[14:13:13] Dolph_F_Gates mondja OOC: (( és maradj kint ))
[14:14:23] Dolph_F_Gates mondja OOC: (( na idg. megteszi ))
[14:14:25] Dolph_F_Gates mondja OOC: (( meg a tetõre ))
[14:14:57] [Tyler_Wish]Tyler_Wish mondja OOC: (( gotocar 133 ))
[14:15:19] Dolph_F_Gates mondja OOC: (( menj be az intibe ))
[14:15:26] Dolph_F_Gates mondja OOC: (( és oda ahova a tp kell ))
[14:15:30] Dolph_F_Gates mondja OOC: (( vagyis nemkell ))
[14:15:32] [Tyler_Wish]Tyler_Wish mondja OOC: (( ok ))
[14:16:04] Dolph_F_Gates mondja OOC: (( áá ))
[14:16:05] Dolph_F_Gates mondja OOC: (( xd ))
[14:16:44] Dolph F Gates mondja: csak le kell menni
[14:17:59] [Tyler_Wish]Tyler_Wish mondja OOC: (( zsír köszi ))
[14:18:08] [Tyler_Wish]Tyler_Wish mondja OOC: (( még egy széf és sztem kész ))
[14:20:08] * A kapu kinyílik. ((Mike_O_Neill))
[14:20:15] Dolph F Gates mondja: asd
[14:20:16] [Tyler_Wish]Tyler_Wish mondja OOC: (( váó ))
[14:20:23] Dolph F Gates mondja: álmomba se gondoltam volna
[14:20:29] [Tyler_Wish]Tyler_Wish mondja OOC: (( én is csak próbáltam xD ))
[14:20:30] Dolph F Gates mondja: full jó állca
[14:22:07] Edie Morra mondja: gyere
[14:22:24] Edie Morra mondja: Ez még az al-jezera
[14:22:26] Edie Morra mondja: vagy mi
[14:22:33] [Tyler_Wish]Tyler_Wish mondja OOC: (( arab maffia :D ))
[14:22:38] Edie_Morra mondja OOC: (( az ))
[14:22:43] Edie Morra mondja: és te nem yaku leszel?
[14:22:54] [Tyler_Wish]Tyler_Wish mondja OOC: (( dehogynem ))
[14:22:56] Edie Morra mondja: majd mappoltatok neked jobbat
[14:23:00] [Tyler_Wish]Tyler_Wish mondja OOC: (( ok ))
[14:23:53] Dolph F Gates mondja: úgyisjó
[14:24:04] Dolph F Gates mondja: amugy te scripter leszel ?
[14:25:08] [Tyler_Wish]Tyler_Wish mondja OOC: (( igne ))
[14:25:09] [Tyler_Wish]Tyler_Wish mondja OOC: (( igen ))
[14:25:24] Dolph F Gates mondja: mennyire érted a dolgokat ? : D
[14:25:40] [Tyler_Wish]Tyler_Wish mondja OOC: (( scriptelni tudok csak hozzá kell szokni ehhez a modhoz hogy mi hogy van ))
[14:25:51] Dolph F Gates mondja: naja
[14:25:56] Dolph F Gates mondja: akkor úgy tudsz akkor jo
[14:25:57] [Tyler_Wish]Tyler_Wish mondja OOC: (( raktál be pénzt? ))
[14:26:04] Dolph F Gates mondja: ja
[14:26:10] [Tyler_Wish]Tyler_Wish mondja OOC: (( akkor megyek veszek majd szólok ha megvan ))
[14:28:01] Mike_O_Neill mondja OOC: (( =enter ))
[14:30:34] Mike_O_Neill mondja OOC: (( t/tele ))
[14:31:42] [Tyler_Wish]Tyler_Wish mondja OOC: (( hol van? xD ))
[14:31:59] Dolph F Gates mondja:  /fk lista
[14:32:01] Dolph F Gates mondja:  /getcar
[14:32:03] Dolph F Gates mondja: csõ
[14:32:30] [Tyler_Wish]Tyler_Wish mondja OOC: (( rendszámok: 19,21,131,133 xD ))
[14:32:41] Dolph F Gates mondja: akkor megvan az 5 ?
[14:32:52] [Tyler_Wish]Tyler_Wish mondja OOC: (( még 3 van csak ))
[14:33:03] Dolph F Gates mondja: oksi
[14:33:08] [Tyler_Wish]Tyler_Wish mondja OOC: (( bakker ))
[14:33:09] [Tyler_Wish]Tyler_Wish mondja OOC: (( xD ))
[14:33:21] [Tyler_Wish]Tyler_Wish mondja OOC: (( targonca xD ))
[14:33:42] [Tyler_Wish]Tyler_Wish mondja OOC: (( megvan ))
[14:36:57] Mike_O_Neill mondja OOC: ((  /vr 3 ))
[14:37:04] Mike_O_Neill mondja OOC: ((  /vr 3 ))
[14:52:27] Connor_O_Neill mondja OOC: (( na ))
[14:52:32] Connor_O_Neill mondja OOC: (( kocsik meg is vannak látom :D ))
[14:54:06] Dolph F Gates mondja: dikk
[14:54:08] Barney_Stinson mondja OOC: (( xD ))
[14:54:14] Dolph F Gates mondja: mondtam h. minden fk kocsi delete lesz
[14:54:19] Dolph F Gates mondja: majd a leader választja
[14:54:29] Barney_Stinson mondja OOC: (( xD ))
[14:54:31] Dolph F Gates mondja: illegális 2+5
[14:54:36] Barney_Stinson mondja OOC: (( leader ))
[14:54:37] Barney_Stinson mondja OOC: (( vagyok ))
[14:54:38] Dolph F Gates mondja: PSz-Heli alap +5 amit kér
[14:54:52] Dolph F Gates mondja: legálisok meg 7et választhat ami kell
[14:54:57] Dolph F Gates mondja: és admin adja rá a pénzt
[14:55:07] Dolph F Gates mondja: a többit maguknak kell megvenni
[14:57:22] Connor_O_Neill mondja OOC: (( jah ))
[14:57:36] Barney_Stinson mondja OOC: (( geci nagy lesz ))
[14:57:38] Barney_Stinson mondja OOC: (( a házam ))
[14:57:39] Connor_O_Neill mondja OOC: (( majd nem tudom lehet a nagy tûzoltókocsik nem is lesznek ))
[14:57:39] Barney_Stinson mondja OOC: (( xd ))
[14:57:45] Connor_O_Neill mondja OOC: (( hanem a kisebbek ))
[14:57:55] Connor_O_Neill mondja OOC: (( nagoynnak vízágyúját úgysem lehet használni :/ ))
[14:58:09] Patrik_O_Neill mondja OOC: (( jaja sajna ))
[14:58:36] Barney_Stinson mondja OOC: (( hogykell ))
[14:59:07] Barney_Stinson mondja OOC: (( xD ))
[14:59:09] Connor_O_Neill mondja OOC: (( meglehet venni õket? ))
[14:59:09] Dolph F Gates mondja: hallod
[14:59:16] Dolph F Gates mondja: ig miért nem töltöd be az objectet?
[14:59:17] Patrik_O_Neill mondja OOC: (( azt nézem ))
[14:59:18] Mike_O_Neill mondja OOC: (( 6kapu ))
[14:59:21] Barney_Stinson mondja OOC: (( ig? ))
[14:59:23] Barney_Stinson mondja OOC: (( az úgy fos ))
[14:59:24] Barney_Stinson mondja OOC: (( lassú ))
[14:59:25] Barney_Stinson mondja OOC: (( xd ))
[14:59:30] Connor_O_Neill mondja OOC: (( nekem egy buffalo kell csak majd :D ))
[14:59:37] Barney_Stinson mondja OOC: (( már kész van az egész ))
[14:59:37] Patrik_O_Neill mondja OOC: (( nekem az infi ))
[14:59:43] Dolph F Gates mondja: ávgesz
[14:59:45] Patrik_O_Neill mondja OOC: (( 2 darab ppontba került ))
[14:59:55] Connor_O_Neill mondja OOC: (( barney lel ))
[15:00:13] Connor_O_Neill mondja OOC: (( elmében itt vagyok ne felejtsétek ))
[15:00:16] Connor_O_Neill mondja OOC: (( xd ))
[15:00:44] Patrik_O_Neill mondja OOC: (( csak nincs kocsim semmi xd ))
[15:00:53] Patrik_O_Neill mondja OOC: (( de akkor majd ezt had kaphassam vissza ))
[15:00:55] Barney_Stinson mondja OOC: (( csõ ))
[15:00:57] Barney_Stinson mondja OOC: (( xd ))
[15:01:04] Connor_O_Neill mondja OOC: (( csecs ))
[15:01:08] Connor_O_Neill mondja OOC: ((  /tele ))
[15:01:27] Patrik_O_Neill mondja OOC: (( csak nincs kocsim semmi xd ))
[15:01:30] Patrik_O_Neill mondja OOC: (( de akkor majd ezt had kaphassam vissza ))
[15:01:35] Patrik_O_Neill mondja OOC: (( mert két ppontom volt ))
[15:21:56] * A kapu kinyílik. ((Mike_O_Neill))
[15:22:24] * A kapu bezárul. ((Mike_O_Neill))
[15:26:34] Edie Morra mondja: /gps be
[15:28:23] Mike_O_Neill mondja OOC: (( 6nevek ))
[15:28:58] Barney Stinson mondja: stats
[15:35:35] William_W_Andrews mondja OOC: (( honnan tudtad meg az IP-t? ))
[15:35:43] William_W_Andrews mondja OOC: (( honnan tudtad meg az IP-t? ))
[15:35:54] Krist_Roscoe mondja OOC: (( próbálgattam :D ))
[15:35:59] William_W_Andrews mondja OOC: (( hogyne ))
[15:36:03] Krist_Roscoe mondja OOC: (( xd ))
[15:36:06] William_W_Andrews mondja OOC: (( akkor most hívjam én is a haverjaimat? XD ))
[15:36:10] William_W_Andrews mondja OOC: (( lenne egy pár ))
[15:56:24] Barney Stinson mondja: Patrik
[15:56:34] Barney Stinson mondja: Hallod
[15:56:36] Mike O Neill mondja: ?
[15:56:39] Barney Stinson mondja: És úgy mit szólnál
[15:56:43] Barney Stinson mondja: ha liftel menne fel
[15:56:45] Barney Stinson mondja: nem lépcsõ
[15:56:53] Barney Stinson mondja: sorry
[15:56:56] Mike O Neill mondja: hát
[15:56:58] [Jármûben] Patrik O Neill mondja: jah
[15:57:07] Barney Stinson mondja: szal nincs ilyen
[15:57:09] Barney Stinson mondja: magas lépcsõ fos
[15:57:13] Barney Stinson mondja: csak lift
[15:57:17] Patrik O Neill mondja: az is jó 
[15:57:21] Mike O Neill mondja: ha megmapolod a helyét
[15:57:28] Barney Stinson mondja: már kész
[15:57:31] Mike O Neill mondja: ahonnan indul, ahová érkezik
[15:57:41] Barney Stinson mondja: De az script
[15:57:42] Barney Stinson mondja: nem?
[15:57:44] Barney Stinson mondja: a lift
[15:57:47] Patrik O Neill mondja: igen
[15:57:47] Barney Stinson mondja: ig script
[15:57:49] Barney Stinson mondja: ilyen ajtó cucc
[15:57:56] Barney Stinson mondja: saját magát
[15:58:09] Mike O Neill mondja: teleport
[15:58:50] Krist_Roscoe mondja OOC: (( ezt tûntesd el pölösö ))
[15:58:54] Krist_Roscoe mondja OOC: (( :D ))
[15:58:57] Barney Stinson mondja: elkéne
[15:59:08] Krist Roscoe mondja: kósza pénz
[15:59:19] [Jármûben] Mike O Neill mondja: majd törlõdik
[16:01:12] Krist_Roscoe mondja OOC: (( mennem kell sajnos ))
[16:01:16] [Jármûben] Krist Roscoe mondja: hnap majd leszek
[16:01:19] [Jármûben] Krist Roscoe mondja: puszi
[16:07:49] Patrik_O_Neill mondja OOC: (( kcs cst ))
[16:07:52] Patrik_O_Neill mondja OOC: (( :D ))
[16:13:27] Mike O Neill mondja:  /dice
[16:28:46] Mike O Neill mondja: f e 31
[18:03:31] Barney_Stinson mondja OOC: (( ajto ))
