[08:53:32] Milinte Brasco mondja: átkéne írni
[08:53:34] Milinte Brasco mondja: szabályzatban
[08:53:41] Milinte Brasco mondja: hogyha valaki Beveri a fejét
[08:53:44] Milinte Brasco mondja: az ne /me , /va legyen
[08:53:46] Milinte Brasco mondja: hanem /do
[08:53:53] Milinte Brasco mondja: mivel a /me beveri a fejét
[08:53:57] Milinte Brasco mondja: az olyan mintha szándékos lenne
[08:54:00] Milinte Brasco mondja: hisz az cselekvés
[08:55:40] Milinte Brasco mondja: a
[08:59:33] Milinte Brasco mondja: pb nevezés 4
[08:59:46] Milinte Brasco mondja: setskill
[08:59:47] Milinte Brasco mondja: asszem
[09:00:00] Milinte Brasco mondja: setstat
[09:00:09] Milinte Brasco mondja: m4 1600
[10:28:02] James_Ryan mondja OOC: (( asd ))
[10:29:45] William_W_Andrews mondja OOC: (( /k elad ))
[10:30:06] William_W_Andrews mondja OOC: (( /k elad ))
[10:34:27] William_W_Andrews mondja OOC: (( /V VESZ ))
[10:34:30] William_W_Andrews mondja OOC: (( /V ELAD ))
[10:39:24] Krist Roscoe mondja: 1v1
[10:39:31] Krist Roscoe mondja: elverlek
[10:39:47] Krist Roscoe mondja: még õ fõadmin
[10:39:50] Krist Roscoe mondja: válaszoljál
[10:39:56] William_W_Andrews mondja OOC: (( xd ))
[10:39:59] William_W_Andrews mondja OOC: (( ts? ))
[10:40:03] Krist Roscoe mondja:  /gun 17 31 700
[10:40:05] Krist Roscoe mondja: oksa
[10:40:09] Krist Roscoe mondja: de addig addolj
[10:40:13] Krist Roscoe mondja: mellény sem kelll nekem
[11:06:21] [William_W_Andrews]William_W_Andrews mondja OOC: (( ts? ))
[11:06:25] Dolph F Gates mondja: aa
[11:06:28] [William_W_Andrews]William_W_Andrews mondja OOC: (( mert? ))
[11:06:50] Dolph F Gates mondja: egyszerûen nem, én nem vagyok az a TS fan
[11:06:53] Dolph F Gates mondja: utálom a TS-t
[11:07:03] [William_W_Andrews]William_W_Andrews mondja OOC: (( skype? ))
[11:07:07] Dolph F Gates mondja: ritka eset ha fel megyek és ha FEL tudok
[11:07:14] Dolph F Gates mondja: nem mikrofonozok
[11:07:15] Dolph F Gates mondja: sehol
[11:07:23] Dolph F Gates mondja: skypem nincs
[11:07:24] [William_W_Andrews]William_W_Andrews mondja OOC: (( mert? :D ))
[11:07:35] [William_W_Andrews]William_W_Andrews mondja OOC: (( kár, hogy nem beszélgetsz mikrofonon :S ))
[11:11:49] [William_W_Andrews]William_W_Andrews mondja OOC: (( 6 ))
[11:50:24] Dolph F Gates mondja: nem értem akkor
[11:50:30] Dolph F Gates mondja: william h. tud rám gotozni
[11:50:37] Mike_O_Neill mondja OOC: (( passz ))
[11:50:42] Mike_O_Neill mondja OOC: (( ja de tudom ))
[11:50:46] Mike_O_Neill mondja OOC: (( cheat ))
[11:50:55] Dolph F Gates mondja: az
[11:55:34] Randy_Brasco mondja OOC: (( carx drift ))
[11:57:46] Dolph F Gates mondja: na
[11:57:49] Marcell_O_Neill mondja OOC: (( vetem ))
[11:57:49] Mike_O_Neill mondja OOC: (( de a családfõ én leszek xddd ))
[11:57:50] Marcell_O_Neill mondja OOC: (( kocsikat ))
[11:57:51] Dolph F Gates mondja: akkor csinálj vele valamit
[11:57:52] Marcell_O_Neill mondja OOC: (( kormánynak ))
[11:57:56] Marcell_O_Neill mondja OOC: (( nyilván ))
[11:58:08] Marcell_O_Neill mondja OOC: (( írtam neki ))
[11:58:20] Dolph F Gates mondja: azért mit meg nem enged magának
[11:58:21] Dolph F Gates mondja: -.-
[11:58:27] Dolph F Gates mondja: felrakom már én is
[11:58:33] Marcell_O_Neill mondja OOC: (( nemár ))
[11:58:34] Marcell_O_Neill mondja OOC: (( xd ))
[11:58:37] Marcell_O_Neill mondja OOC: (( cheateltek ))
[11:58:39] Marcell_O_Neill mondja OOC: (( bannollak ))
[11:58:42] Marcell_O_Neill mondja OOC: (( titeket xd ))
[11:58:43] Dolph F Gates mondja: de az ilyen felbax Marci
[11:58:47] Mike_O_Neill mondja OOC: (( kezdheted williammel ))
[11:58:48] Marcell_O_Neill mondja OOC: (( majd viszarkaom most ))
[11:58:58] Dolph F Gates mondja: TS-t csinálta, most van idg joga.
[11:58:58] Marcell_O_Neill mondja OOC: (( as admin szint melyik? ))
[11:59:01] Dolph F Gates mondja: és akkor cheat ?
[11:59:11] Mike_O_Neill mondja OOC: (( /helper2 az örök AS ))
[11:59:17] Marcell_O_Neill mondja OOC: (( de elõbb 0 nem? ))
[11:59:23] Marcell_O_Neill mondja OOC: (( makeadminra  ))
[11:59:25] Dolph F Gates mondja: úgysem törli le a csitet
[11:59:26] Mike_O_Neill mondja OOC: (( aham ))
[11:59:27] Dolph F Gates mondja: szóval mind1
[11:59:57] Mike_O_Neill mondja OOC: (( Szépvót ))
[12:00:05] Marcell_O_Neill mondja OOC: (( francbamá ))
[12:00:09] Dolph F Gates mondja: nembajaz
[12:00:19] Mike_O_Neill mondja OOC: (( szóköz nélkül ))
[12:00:30] Marcell_O_Neill mondja OOC: (( örökre hogy? ))
[12:00:41] Mike_O_Neill mondja OOC: ((  t/helper2 16 ))
[12:01:00] Dolph F Gates mondja: kösz
[12:01:13] Dolph F Gates mondja:  /as
[12:01:17] Marcell_O_Neill mondja OOC: (( xD ))
[12:01:18] Mike_O_Neill mondja OOC: (( xdd ))
[12:01:36] Dolph F Gates mondja: mond meg neki ha rajta kapom 1 cheaton bannolom
[12:01:38] Dolph F Gates mondja: és nem érdekel
[12:03:52] Dolph F Gates mondja: mondott valamit ?
[12:04:28] Marcell_O_Neill mondja OOC: (( gyere ))
[12:04:41] [Jármûben] Dolph F Gates mondja: már tudod h. kell le hívni
[12:04:42] [Jármûben] Dolph F Gates mondja: pro
[12:04:52] Marcell_O_Neill mondja OOC: (( XD ))
[12:05:40] [Jármûben] Dolph F Gates mondja: ez is bugos
[12:05:43] Marcell_O_Neill mondja OOC: (( MI? ))
[12:05:49] [Jármûben] Dolph F Gates mondja: a széf érték
[12:05:55] [Jármûben] Dolph F Gates mondja: utólag 500 misit tettem be
[12:06:00] [Jármûben] Dolph F Gates mondja: és 460k-t ír
[12:06:01] Marcell_O_Neill mondja OOC: (( mikor? ))
[12:06:05] [Jármûben] Dolph F Gates mondja: most
[12:06:21] [Jármûben] Dolph F Gates mondja: de majd 
[12:06:30] [Jármûben] Dolph F Gates mondja: Tyler bugmentesít
[12:06:43] [Jármûben] Dolph F Gates mondja: most biztos kivan 
[12:06:47] [Jármûben] Dolph F Gates mondja: azthiszi én csináltam
[12:06:52] Marcell_O_Neill mondja OOC: (( jaja ))
[12:07:00] [Jármûben] Dolph F Gates mondja: különösen nem érdekel
[12:07:11] Marcell_O_Neill mondja OOC: (( engem sem végülis csak ideigelens ))
[12:07:14] [Jármûben] Dolph F Gates mondja: ugyan úgy cheatelni fog szóval mind1
[12:07:14] Marcell_O_Neill mondja OOC: (( nemtudom mit pattog most ))
[12:07:49] Dolph F Gates mondja: és az ilyenek nem lesz jo ha ki jutnak a playerek elé
[12:08:16] Marcell_O_Neill mondja OOC: (( xd ))
[12:08:16] Dolph F Gates mondja: na mind1
[12:08:19] Dolph F Gates mondja: nekem8 : D
[12:08:42] Dolph F Gates mondja: neked meg vannak a V-s kocsik
[12:08:51] Dolph_F_Gates mondja OOC: (( akkor tõlemh ova tünt ))
[12:09:05] Marcell O Neill mondja: Tegnap
[12:09:07] Marcell O Neill mondja: törölte
[12:09:18] Dolph_F_Gates mondja OOC: (( az full jó ))
[12:13:30] Mike_O_Neill mondja OOC: (( pickupot hogy tudom módosítani? ))
[12:13:42] Dolph F Gates mondja: azt sehogy
[12:13:53] Mike_O_Neill mondja OOC: (( törölni s lerakni újat? ))
[12:14:07] Dolph F Gates mondja: kéne az idje
[12:14:19] Mike_O_Neill mondja OOC: (( 2 ))
[12:15:39] Dolph F Gates mondja:  /parancsajto
[12:15:42] Dolph F Gates mondja: és nem döb a tp
[12:15:54] Mike_O_Neill mondja OOC: (( azt tudom ))
[12:17:19] Mike_O_Neill mondja OOC: (( ISTEN VAGYOK ))
[12:21:49] Dolph F Gates mondja: ja van sok féle
[12:21:55] Dolph F Gates mondja: GTA lll is
[12:22:19] Mike_O_Neill mondja OOC: (( kellenek ide? ))
[12:25:42] Mike_O_Neill mondja OOC: (( kellenek ide? ))
[12:54:19] Ralf_S_Tomasso mondja OOC: (( . ))
[13:30:21] Connor_O_Neill mondja OOC: (( faú ))
[13:30:26] Connor_O_Neill mondja OOC: (( . ))
[13:38:51] Mike_O_Neill mondja OOC: (( xddd ))
[13:44:32] Marcell_O_Neill mondja OOC: (( elbasztam ))
[13:44:33] Marcell_O_Neill mondja OOC: (( xd ))
[13:44:48] Connor O Neill mondja: apád
[13:44:51] Marcell_O_Neill mondja OOC: (( igen? ))
[13:45:04] Connor_O_Neill mondja OOC: (( ezt a scrrenshotot hibát csinálom ))
[13:45:07] Connor_O_Neill mondja OOC: (( tököknek nem menti ))
[13:46:28] Marcell O Neill ordítja: aha!!
[13:47:22] Marcell_O_Neill mondja OOC: (( nem enged írni ))
[13:47:27] Marcell_O_Neill mondja OOC: (( nem vagyok benne ))
[13:47:29] Marcell_O_Neill mondja OOC: (( a modba ))
[13:47:29] Marcell_O_Neill mondja OOC: (( még ))
[13:47:32] Dolph F Gates mondja: ja
[13:47:38] Marcell_O_Neill mondja OOC: (( EZ IS A TE ))
[13:47:40] Marcell_O_Neill mondja OOC: (( HIBÁD ))
[13:47:46] Marcell_O_Neill mondja OOC: (( XD ))
[13:47:46] Dolph F Gates mondja: MÉG
[13:47:50] Dolph F Gates mondja: elküldtemá?
[13:47:59] Marcell_O_Neill mondja OOC: (( a-a ))
[13:48:01] Marcell_O_Neill mondja OOC: (( lol ))
[13:48:03] Marcell_O_Neill mondja OOC: (( hogy beakadt ))
[13:48:06] Marcell_O_Neill mondja OOC: (( még utána is ))
[13:48:08] Marcell_O_Neill mondja OOC: (( öklendeztél ))
[13:48:09] Marcell_O_Neill mondja OOC: (( XD ))
[13:48:44] Dolph F Gates mondja: faxom
[13:48:48] Dolph F Gates mondja: mindjárt befosok
[13:48:54] Marcell_O_Neill mondja OOC: (( xD ))
[13:49:00] Dolph F Gates mondja: nemvagy modba nem engedi he
[13:49:13] Dolph F Gates mondja: szopdki
[13:49:46] Dolph F Gates mondja: nemár
[13:52:17] Marcell_O_Neill mondja OOC: (( xD ))
