[12:37:47] Marcell O Neill mondja: Hát
[12:37:56] Marcell_O_Neill mondja OOC: (( Mire célzol ))
[12:37:57] Marcell_O_Neill mondja OOC: (( hogy ))
[12:38:00] Marcell_O_Neill mondja OOC: (( kié legyen? ))
[12:38:03] Mike_O_Neill mondja OOC: (( tulajok, ilyenek ))
[12:38:14] Marcell_O_Neill mondja OOC: (( És ha ))
[12:38:20] Marcell_O_Neill mondja OOC: (( adnánk modiknak? ))
[12:38:29] Mike_O_Neill mondja OOC: (( nem ))
[12:38:41] Mike_O_Neill mondja OOC: (( playerek hisztizni fognak h elõnnyel indulnak ))
[12:38:46] Marcell_O_Neill mondja OOC: (( igaz ))
[12:38:54] Mike_O_Neill mondja OOC: (( ezért nincs nekünk se semmink ))
[12:38:58] Mike_O_Neill mondja OOC: (( am ))
[12:39:04] Mike_O_Neill mondja OOC: (( ha töröltétek az autókat ))
[12:39:09] Mike_O_Neill mondja OOC: (( hogy adunk vissza? :'DD ))
[12:39:14] Marcell_O_Neill mondja OOC: (( nekem ))
[12:39:16] Mike_O_Neill mondja OOC: (( mi alapján? ))
[12:39:17] Marcell_O_Neill mondja OOC: (( van másik adatbázis ))
[12:39:19] Marcell_O_Neill mondja OOC: (( ott megnézem ))
[12:39:20] Marcell_O_Neill mondja OOC: (( xd ))
[12:39:24] Marcell_O_Neill mondja OOC: (( ha kamuzik kiderül ))
[12:39:28] Marcell_O_Neill mondja OOC: (( úgy kell majd ))
[12:39:34] Marcell_O_Neill mondja OOC: (( hogy mondjuk hogy töröltük ))
[12:39:38] Marcell_O_Neill mondja OOC: (( megkérdezzük mi vlt ))
[12:39:42] Marcell_O_Neill mondja OOC: (( és ha kamuzik azt látom ))
[12:39:46] Marcell_O_Neill mondja OOC: (( ha nem akkor visszakapja ))
[12:40:22] Mike_O_Neill mondja OOC: (( Ömm, akkor majd írd le nekem pübe QQn hogy milyen esetekben adunk vissza, meg mit és hogy ))
[12:40:37] Mike_O_Neill mondja OOC: (( s akkor kiírom fórumra ))
[12:41:03] Marcell_O_Neill mondja OOC: (( Okés ))
[12:41:08] Mike_O_Neill mondja OOC: (( akkor lehet törölni a házakat/garázsokat? ))
[12:41:13] Marcell_O_Neill mondja OOC: (( jaja ))
[12:42:42] Marcell_O_Neill mondja OOC: (( Mike ))
[12:43:55] Marcell_O_Neill mondja OOC: (( jó kocsi?xD ))
[12:44:03] Dolph F Gates mondja: jobbat nem találtál ?
[12:44:08] Marcell_O_Neill mondja OOC: (( Kedvenc ))
[12:44:09] Marcell_O_Neill mondja OOC: (( kocsim ))
[12:44:09] Marcell_O_Neill mondja OOC: (( na ))
[12:44:10] Marcell_O_Neill mondja OOC: (( xd ))
[12:44:13] Dolph F Gates mondja: vagyis
[12:44:16] Dolph F Gates mondja: csak a kerék szar
[12:44:17] Marcell_O_Neill mondja OOC: (( Csak fura feketébe ))
[12:44:23] Dolph F Gates mondja: szinezd át
[12:44:25] Dolph F Gates mondja: pl. fehér
[12:44:25] Marcell_O_Neill mondja OOC: (( Nem szar csak levan festve xd ))
[12:44:29] Marcell_O_Neill mondja OOC: (( Patt be ))
[12:44:51] [Jármûben] Dolph F Gates mondja: akkor amerikai kocsik lesznek
[12:44:58] Marcell_O_Neill mondja OOC: (( Xd ))
[12:45:02] Marcell_O_Neill mondja OOC: (( xd ))
[12:45:14] Marcell_O_Neill mondja OOC: (( UGORJ ))
[12:45:14] Marcell_O_Neill mondja OOC: (( fel ))
[12:45:21] [Jármûben] Dolph F Gates mondja: de ne legyen minden kocsi modolva
[12:45:26] Marcell_O_Neill mondja OOC: (( a-a ))
[12:45:42] [Jármûben] Dolph F Gates mondja: de van ennél szebb Sabre mod is
[12:45:44] Marcell_O_Neill mondja OOC: (( ezaz ))
[12:45:47] [Jármûben] Dolph F Gates mondja: mármint Dodge
[12:45:48] Marcell_O_Neill mondja OOC: (( tudom majd nézek ))
[12:45:49] Marcell_O_Neill mondja OOC: (( jobbat ))
[12:45:58] Mike_O_Neill mondja OOC: (( /kcs ak ))
[12:46:03] [Jármûbõl] Dolph F Gates mondja: meg 1
[12:46:04] Mike_O_Neill mondja OOC: (( nem látom Dolphot xd ))
[12:46:05] [Jármûben] Dolph F Gates mondja: Lada kell
[12:46:16] [Jármûben] Dolph F Gates mondja: pl. sentinel helyére
[12:46:23] [Jármûben] Dolph F Gates mondja: bár ha amerikai rp.t fogunk tolni
[12:46:25] Mike_O_Neill mondja OOC: (( ionkább manana ))
[12:46:28] Marcell_O_Neill mondja OOC: (( manana ))
[12:46:29] Marcell_O_Neill mondja OOC: (( jaja ))
[12:46:31] Marcell_O_Neill mondja OOC: (( M/otor ))
[12:46:34] [Jármûben] Dolph F Gates mondja: az már nem jó
[12:46:44] [Jármûben] Dolph F Gates mondja: manana 2 személyes
[12:46:50] [Jármûben] Dolph F Gates mondja: a lada meg 4
[12:46:52] Marcell_O_Neill mondja OOC: (( Tankoljunk ))
[12:46:54] Marcell_O_Neill mondja OOC: (( fiaim ))
[12:46:55] Marcell_O_Neill mondja OOC: (( XD ))
[12:47:05] [Jármûben] Dolph F Gates mondja: na
[12:47:08] [Jármûben] Dolph F Gates mondja: akkor a kutatkat
[12:47:15] [Jármûben] Dolph F Gates mondja: nullázd le pénzileg 
[12:47:20] [Jármûben] Dolph F Gates mondja: és add el mindet
[12:47:28] [Jármûben] Dolph F Gates mondja: SQL-bõl oldható ?
[12:47:33] Marcell_O_Neill mondja OOC: (( aha ))
[12:47:36] [Jármûben] Dolph F Gates mondja: oksi
[12:47:53] [Jármûben] Dolph F Gates mondja: akkor nem lesz lada
[12:47:58] [Jármûben] Dolph F Gates mondja: Manana 2 ajtos, lada 4
[12:48:39] Marcell_O_Neill mondja OOC: (( XD ))
[12:49:24] Marcell_O_Neill mondja OOC: (( Amugy ))
[12:49:27] Marcell_O_Neill mondja OOC: (( olyan mintha ))
[12:49:34] Marcell_O_Neill mondja OOC: (( dnb-zne xD ))
[12:49:49] Marcell_O_Neill mondja OOC: (( északi ))
[12:49:50] Marcell_O_Neill mondja OOC: (( XD ))
[13:11:18] [Jármûben] Mike O Neill mondja: 6crs
[15:42:53] Connor_O_Neill mondja OOC: (( 563 ))
[15:43:01] Connor_O_Neill mondja OOC: (( Raindance ))
[16:01:22] Marcell O Neill mondja: most
[16:01:29] Connor_O_Neill mondja OOC: (( miafasz ))
[16:01:30] Marcell O Neill mondja: ez a szín
[16:02:04] Connor_O_Neill mondja OOC: (( megvan ))
[16:26:12] Connor O Neill mondja: 2909
[16:38:49] Marcell_O_Neill mondja OOC: (( Szia ))
[16:38:50] Marcell_O_Neill mondja OOC: (( xd ))
[16:38:58] Connor_O_Neill mondja OOC: (( SegíthetekM ))
[16:41:14] [Marcell_O_Neill]kisbuzi mondja OOC: (( xd ))
[16:41:15] [Marcell_O_Neill]kisbuzi mondja OOC: (( xD ))
[20:03:19] Dolph F Gates mondja: neked most nincs adminod
[20:03:28] Dolph F Gates mondja: csak amivel a modba vagy ?
[20:03:38] Dolph F Gates mondja: v. Clint taktikáid vannak ?
[20:03:45] Dolph F Gates mondja: ucp-n is ? 
[20:04:19] Marcell O Neill mondja: De van
[20:04:26] Marcell O Neill mondja: aha
[20:04:28] Dolph F Gates mondja: ucp.n nem talállak
[20:04:30] Marcell_O_Neill mondja OOC: (( tudom ))
[20:04:32] Marcell_O_Neill mondja OOC: (( Patrik se ))
[20:04:32] Dolph F Gates mondja: azért mondom
[20:04:34] Dolph F Gates mondja: tudom én
[20:04:40] Dolph F Gates mondja: nem vagyok én olyan hülye
[20:04:56] Dolph F Gates mondja: höhh
[20:04:59] Dolph F Gates mondja: még ig is
[20:05:01] Dolph F Gates mondja: clint jogok
[20:05:06] Marcell_O_Neill mondja OOC: (( XD ))
[20:05:07] Marcell_O_Neill mondja OOC: (( aha ))
[20:05:12] Marcell_O_Neill mondja OOC: (( Clintet se jelezte ))
[20:05:15] Marcell_O_Neill mondja OOC: (( talán ucp-n ))
[20:05:16] Dolph F Gates mondja: tudom
[20:05:17] Marcell_O_Neill mondja OOC: (( meg adatbázisba ))
[20:05:18] Dolph F Gates mondja: ottse
[20:05:18] Marcell_O_Neill mondja OOC: (( van ))
[20:05:20] Marcell_O_Neill mondja OOC: (( egy olyan ))
[20:05:23] Marcell_O_Neill mondja OOC: (( rangom ))
[20:05:24] Dolph F Gates mondja: tudom
[20:05:25] Marcell_O_Neill mondja OOC: (( hogy clint ))
[20:05:25] Marcell_O_Neill mondja OOC: (( xd ))
[20:05:26] Dolph F Gates mondja: Clint
[20:05:29] Marcell_O_Neill mondja OOC: (( xD ))
[20:05:33] Dolph F Gates mondja: jöhet az is
[20:05:34] Marcell_O_Neill mondja OOC: (( õ adta ))
[20:05:45] Dolph F Gates mondja: de
[20:05:48] Dolph F Gates mondja: feltöltöttedmá?
[20:13:33] Marcell O Neill mondja: goto 18
[20:14:01] Marcell_O_Neill mondja OOC: (( XD ))
[20:17:03] Dolph F Gates ordítja: küldjed má !!
[20:17:35] Dolph F Gates ordítja: küldjed má !!
[20:18:25] Dolph F Gates ordítja: More!!
[20:18:31] Dolph F Gates ordítja: Küldmár azt a szart-e!!
[21:39:37] Marcell O Neill ordítja: kurva geci ne dudálj!!
[21:39:40] Mike O Neill ordítja: Anyádatmár!!
[21:41:27] Marcell O Neill ordítja: kurva geci ne dudálj!!
[23:37:29] Ralf_S_Tomasso mondja OOC: (( Rossz elõérzetem van ))
[23:37:37] Mike O Neill mondja: mire gondolsz?
[23:37:51] Ralf_S_Tomasso mondja OOC: (( háát  ))
[23:37:53] Ralf_S_Tomasso mondja OOC: (( nemtudom ))
[23:38:02] Ralf_S_Tomasso mondja OOC: (( majd ))
[23:38:04] Ralf_S_Tomasso mondja OOC: (( kifejtem ))
