[00:05:41] Ryan Brasco mondja: aû
[00:13:05] Ryan Brasco mondja: a
[10:10:58] Ryan_Brasco mondja OOC: (( szeva mondd ))
[10:11:11] Ryan_Brasco mondja OOC: (( bent van a zecchin birtok már amúgy ))
[10:11:15] Damien_Creed mondja OOC: (( csáó ))
[10:11:24] Damien_Creed mondja OOC: (( bocsi csak válaszoltam fórumon is :D ))
[10:11:39] Damien_Creed mondja OOC: (( Na gondolom még mindig buggos az object ))
[10:11:47] Ryan_Brasco mondja OOC: (( hát igazából az nem bug ))
[10:11:49] Damien_Creed mondja OOC: (( kérdeznmém hogy ide lehetne hátra.? ))
[10:11:56] Ryan_Brasco mondja OOC: (( a samp 0.3z maximum 1000 removet enged meg ))
[10:12:01] Ryan_Brasco mondja OOC: (( és ez meglett nem rég ))
[10:12:03] Damien_Creed mondja OOC: (( :S ))
[10:12:14] Damien_Creed mondja OOC: (( Am kilett véve a vh park is ))
[10:12:17] Ryan_Brasco mondja OOC: (( kivettem a brasco birtokot, az kb 250 removet foglalt ))
[10:12:23] Szabina_S_White mondja OOC: (( . ))
[10:12:25] Ryan_Brasco mondja OOC: (( már ott van a vh park ))
[10:12:29] Damien_Creed mondja OOC: (( kivan véve a brasco.? ))
[10:12:35] Ryan_Brasco mondja OOC: (( csak rossz objectet töltött fel marci ))
[10:12:44] Ryan_Brasco mondja OOC: (( igen ki lett véve a sok remove miatt, új lesz mappolva ))
[10:12:54] Damien_Creed mondja OOC: (( meg mappolhatom ha gondolod ))
[10:13:01] Ryan_Brasco mondja OOC: (( az a baj a katona meg az lcn hq is 140 removet foglal ))
[10:13:04] Ryan_Brasco mondja OOC: (( fejenként ))
[10:13:06] Damien_Creed mondja OOC: (( de a Creed birtoknál asszem 20 remove van ))
[10:13:23] Damien_Creed mondja OOC: (( igen mert rossz helyre mappolták :S ))
[10:13:28] Ryan_Brasco mondja OOC: (( most fogom összeszámolni hogy hány remove lehet még kb ))
[10:13:33] Damien_Creed mondja OOC: (( én mappoltam egy katona hq-t is ))
[10:13:47] Damien_Creed mondja OOC: (( Krisz megtudná mutatni azt is ))
[10:13:53] Damien_Creed mondja OOC: (( ott is max 20-30 remove van ))
[10:14:08] Ryan_Brasco mondja OOC: (( direkt felvittem a magánbirtok árakat mert már így is túl sok van ))
[10:14:16] Ryan_Brasco mondja OOC: (( már egy remove 20millió/object lesz ))
[10:14:17] Damien_Creed mondja OOC: (( most kell megint egy ))
[10:14:27] Damien_Creed mondja OOC: (( Tyler Wish megkért ))
[10:14:35] Damien_Creed mondja OOC: (( Régi scaletta ))
[10:14:35] Ryan_Brasco mondja OOC: (( láttam yaku hq + birtok ))
[10:14:39] Damien_Creed mondja OOC: (( ahham ))
[10:14:59] Ryan_Brasco mondja OOC: (( majd ha összeszámoltam a remove-kat akkor írok egy pm-et fórumon ))
[10:15:07] Damien_Creed mondja OOC: (( de am Leader azt mondta a régi yaku hq ami ott volt, az jó lenne ))
[10:15:19] Damien_Creed mondja OOC: (( Nincs az meg valahol.? ))
[10:15:27] Ryan_Brasco mondja OOC: (( hát nekem biztos nincs ))
[10:15:27] Damien_Creed mondja OOC: (( mert asszem ott nincs remove ))
[10:15:42] Ryan_Brasco mondja OOC: (( meg kell kérdezni ki mappolta hátha megvan még neki ))
[10:16:00] Damien_Creed mondja OOC: (( És ha össze számoltad a removeket akkor betud oda kerülni a birtokom.? ))
[10:16:14] Ryan_Brasco mondja OOC: (( meglátjuk, ezért fogok pmet írni ))
[10:16:20] Damien_Creed mondja OOC: (( Oksa ))
[10:16:24] Ryan_Brasco mondja OOC: (( na el is kezdem pá ))
[10:16:28] Damien_Creed mondja OOC: (( csáó ))
[10:17:34] Szabina_S_White mondja OOC: (( . ))
[10:20:30] [Damien_Creed]* Valaki 20 Rendõrség mellett van autópálya, az alatt van egy hely ahova le vannak rakva
[11:09:34] Ryan Brasco mondja: kaja
[11:10:48] Bart_S_Tomasso mondja OOC: (( . ))
[12:00:10] Nico_Butler mondja OOC: (( . ))
[12:00:31] Joe_Wheeler mondja OOC: (( . ))
[12:00:39] Joe_Wheeler mondja OOC: (( . ))
[12:07:48] Joe_Wheeler mondja OOC: (( . ))
[12:08:55] Nico_Butler mondja OOC: (( szerinted ki bugoltatta ))
[12:08:59] Nico_Butler mondja OOC: (( ? ))
[12:09:07] Joe_Wheeler mondja OOC: (( akinek rasztás skinje van ))
[12:09:12] Joe_Wheeler mondja OOC: (( carlos ))
[12:09:15] Joe_Wheeler mondja OOC: (( spike ))
[12:09:21] Joe_Wheeler mondja OOC: (( kazuya ))
[12:09:26] Joe_Wheeler mondja OOC: (( kit? ))
[12:09:30] Joe_Wheeler mondja OOC: (( sztem carlos volt ))
[12:09:32] Nico_Butler mondja OOC: (( carlos volt az elso ))
[12:09:39] Joe_Wheeler mondja OOC: (( de nem tudom pontosan ))
[12:09:46] Nico Butler ordítja: gyere!!
[12:10:25] Nico_Butler mondja OOC: (( carlos szerintem .. ))
[12:10:29] Joe_Wheeler mondja OOC: (( nem kéne kapjunk az öszesen büntetést ))
[12:10:37] Joe_Wheeler mondja OOC: (( valamit kell csináljunk ))
[12:10:37] Nico_Butler mondja OOC: (( Carlos az .. ))
[12:10:46] Joe_Wheeler mondja OOC: (( mikor volt az? ))
[12:10:51] Joe_Wheeler mondja OOC: (( a wr ))
[12:10:53] Nico_Butler mondja OOC: (( tegnap ))
[12:11:05] Joe_Wheeler mondja OOC: (( asszem ö volt ))
[12:11:11] Joe_Wheeler mondja OOC: (( nekem is van itt házam ))
[12:11:14] Joe_Wheeler mondja OOC: (( vagos basen ))
[12:11:18] Nico_Butler mondja OOC: (( :D ))
[12:11:36] Nico_Butler mondja OOC: (( na pill ))
[12:13:03] Joe_Wheeler mondja OOC: (( ki lesz a leader? ))
[12:13:09] Joe_Wheeler mondja OOC: (( mark helyett? ))
[12:13:15] Nico_Butler mondja OOC: (( meg nem tudom ))
[12:13:51] Nico Butler mondja: gyere
[12:16:46] Nico_Butler mondja OOC: (( szerintem carlos volt ))
[23:04:40] Bart_S_Tomasso mondja OOC: (( . ))
[23:09:11] Mateusz_M_Walker mondja OOC: (( ingyenjavítás forever! :D ))
[23:09:34] Mike O Neill mondja: 6exit
[23:12:36] Georg B Hollywood mondja: csücs be
[23:12:43] Georg B Hollywood mondja: a kocsiba
[23:13:09] * F.B.I ((Georg_B_Hollywood))
[23:13:12] [Jármûben] Georg B Hollywood mondja: oooh
[23:13:17] * A kapu kinyílik. ((Mike_O_Neill))
[23:13:20] [Jármûben] Georg B Hollywood mondja: szoval ezért hagytal el minket? 
[23:13:24] [Jármûben] Georg B Hollywood mondja: hhmm
[23:13:26] * A kapu bezárul. ((Mike_O_Neill))
[23:13:30] [Jármûben] Bart S Tomasso mondja: nem akartam
[23:14:07] [Jármûben] Georg B Hollywood mondja: hol is van a bázisotok?
[23:14:35] [Jármûben] Bart S Tomasso mondja: nem tudom
[23:15:27] Mateusz_M_Walker mondja OOC: (( Ingyen javítás forever :P ))
[23:15:28] Amos_Toretto mondja OOC: (( ? ))
[23:15:29] Keny_Eastwood mondja OOC: (( töröld ki kérlek ))
[23:15:36] [Jármûben] Bart S Tomasso mondja: elõre
[23:15:50] Keny_Eastwood mondja OOC: (( azt írja szerkesztik ))
[23:15:57] [Jármûben] Georg B Hollywood mondja: merere,
[23:15:58] [Jármûben] Bart S Tomasso mondja: nem vagyok egy nagy navigátor
[23:16:00] [Jármûben] Bart S Tomasso mondja: fõleg ha félek
[23:16:13] Amos_Toretto mondja OOC: (( debugolni kell ilyenkor ))
[23:16:13] Keny_Eastwood mondja OOC: (( én nem tudtam törölni ))
[23:16:17] Keny_Eastwood mondja OOC: (( ok ))
[23:16:20] Keny_Eastwood mondja OOC: (( figyelj már ))
[23:16:26] [Jármûben] Bart S Tomasso mondja: hova megyünk?
[23:16:28] Keny_Eastwood mondja OOC: (( aim tudsz törölni objekteket ? ))
[23:16:39] Amos_Toretto mondja OOC: (( elméletileg igen ))
[23:16:43] * Durr ((Georg_B_Hollywood))
[23:16:46] [Jármûben] Bart S Tomasso mondja: aúúúúúúú
[23:16:51] Keny_Eastwood mondja OOC: (( nézd meg hogy pl itt a bokrot tudod-e ))
[23:16:52] [Jármûben] Bart S Tomasso mondja: nagyon fáj
[23:16:53] [Jármûben] Georg B Hollywood mondja: nemkérdezem többször
[23:16:54] Mateusz_M_Walker mondja OOC: (( meep meep meep ))
[23:16:56] [Jármûben] Georg B Hollywood mondja: a kurva életbe
[23:16:58] Keny_Eastwood mondja OOC: (( vagy fát ))
[23:16:59] [Jármûben] Georg B Hollywood mondja: megfüzetsz
[23:17:00] [Jármûben] Bart S Tomasso mondja: neeeee
[23:17:03] [Jármûben] Georg B Hollywood mondja: merre megyünk?
[23:17:13] [Jármûben] Bart S Tomasso mondja: nem akaroook
[23:17:14] [Jármûben] Bart S Tomasso mondja: neeeee
[23:17:32] [Jármûben] Bart S Tomasso mondja: neeee
[23:17:32] [Jármûben] Georg B Hollywood mondja: utljára kérdezem
[23:17:34] Mateusz_M_Walker mondja OOC: (( Ilyenkor jobban terjed az OOC? xD ))
[23:17:44] [Jármûben] Bart S Tomasso mondja: nem akarok meghalni még
[23:18:04] Keny_Eastwood mondja OOC: (( vagy ezt csak mtaval lehet ? ))
[23:18:13] [Jármûben] Bart S Tomasso mondja: esküszöm, hogy nem tudom hogy merre akarunk menni
[23:18:27] [Jármûben] Georg B Hollywood mondja: F.B.I bázisra
[23:18:30] Amos_Toretto mondja OOC: (( hát én ezt most nem tudom törölni, amúgy igen ))
[23:18:35] [Jármûben] Georg B Hollywood mondja: tudodd
[23:18:39] [Jármûben] Bart S Tomasso mondja: nem tudom hogy merre van
[23:18:40] [Jármûben] Georg B Hollywood mondja: ahova jelentkeztél
[23:18:41] Keny_Eastwood mondja OOC: (( és olyant tudsz ? ))
[23:18:44] Amos_Toretto mondja OOC: (( akkor csak úgy, megcsináljam? ))
[23:18:47] Amos_Toretto mondja OOC: (( tudok ))
[23:18:48] Keny_Eastwood mondja OOC: (( jah ))
[23:18:49] Keny_Eastwood mondja OOC: (( várj ))
[23:18:52] Keny_Eastwood mondja OOC: (( ami kéne ))
[23:19:02] Keny_Eastwood mondja OOC: (( ezek a fák bokrok itt a sarokba tünjenek el ))
[23:19:11] Keny_Eastwood mondja OOC: (( a virágot nem tudod ))
[23:19:15] Keny_Eastwood mondja OOC: (( mtaba próbáltam ))
[23:19:20] Keny_Eastwood mondja OOC: (( a kerítés maradjon ))
[23:19:21] [Jármûben] Bart S Tomasso mondja: nem voltam még ott esküszöm
[23:19:23] Keny_Eastwood mondja OOC: (( meg még ))
[23:19:30] Amos_Toretto mondja OOC: (( okés ))
[23:19:34] Keny_Eastwood mondja OOC: (( igazából a házat akarom lecserélni ))
[23:19:37] [Jármûben] Bart S Tomasso mondja: kiküldték postára a jelvényemet és a régi cuccaimat
[23:19:42] Keny_Eastwood mondja OOC: (( és az helyett egy másikat ))
[23:19:55] Keny_Eastwood mondja OOC: (( azt tudsz lerakni ig vagy csak mappolással ))
[23:20:07] Amos_Toretto mondja OOC: (( házat tudok ig ))
[23:20:10] Keny_Eastwood mondja OOC: (( okay ))
[23:20:14] Keny_Eastwood mondja OOC: (( akkor még amit ki kell venni ))
[23:20:17] Amos_Toretto mondja OOC: (( csak kell az id ))
[23:20:23] Keny_Eastwood mondja OOC: (( az a fa ))
[23:20:27] Keny_Eastwood mondja OOC: (( meg a ház ))
[23:20:32] Amos_Toretto mondja OOC: (( okés ))
[23:20:33] Keny_Eastwood mondja OOC: (( és akkor helyére másik megy ))
[23:20:46] Amos_Toretto mondja OOC: (( de aszem nincsen remove hely ))
[23:20:56] Keny_Eastwood mondja OOC: (( oda meg egy garázs object ))
[23:20:59] Amos_Toretto mondja OOC: (( majd többieket megkérdezem ))
[23:20:59] Keny_Eastwood mondja OOC: (( remove hely ? ))
[23:21:09] Keny_Eastwood mondja OOC: (( ezt a házat ki lehet ))
[23:21:15] Keny_Eastwood mondja OOC: (( mert régen is ki volt ))
[23:21:22] Keny_Eastwood mondja OOC: (( még a martinéknál ))
[23:21:25] Amos_Toretto mondja OOC: (( jah, a szerver nem bír el több törlést, de megnézem mibõl lehet nyerni ))
[23:21:36] Keny_Eastwood mondja OOC: (( okay ))
[23:21:39] Amos_Toretto mondja OOC: (( ki lehet jah ))
[23:21:48] Amos_Toretto mondja OOC: (( próbáltam már ))
[23:21:51] Keny_Eastwood mondja OOC: (( hát az jó lenne ha ki tudnád õket :D ))
[23:21:54] [Jármûben] Bart S Tomasso mondja: mit keresel?
[23:22:11] Keny_Eastwood mondja OOC: (( vagy nyernél valamit :D ))
[23:22:12] Georg B Hollywood mondja: menj elöttem
[23:22:14] Keny_Eastwood mondja OOC: (( vagy mi van :D ))
[23:22:31] Amos_Toretto mondja OOC: (( remélhetõleg összejön ))
[23:22:49] Bart S Tomasso mondja: nincs nállam semmi
[23:24:33] Bart S Tomasso mondja: nincs nálllam semmi
[23:24:36] Bart S Tomasso mondja: hidd már el
