[00:00:02] Daniel Gatsby mondja: Szia 
[00:00:06] Oliver Aciano mondja: Lelettél csukva??
[00:00:10] Daniel Gatsby mondja: Nem tudom
[00:00:13] Daniel Gatsby mondja: Be lettem csukva
[00:00:17] Oliver Aciano mondja: Meglátogattalak
[00:00:22] [TELEFON]Angelina_Freeman mondja Nagato_Brasco-nek: (( majd keresel valakit ))
[00:00:22] Oliver Aciano mondja: Ha nemgond
[00:00:26] [TELEFON]Nagato_Brasco mondja Angelina_Freeman-nek: (( :( ))
[00:00:27] Daniel Gatsby mondja: Nem zavarsz 
[00:00:28] [TELEFON]Angelina_Freeman mondja Nagato_Brasco-nek: (( Nekem is van veszteségem ))
[00:00:32] Daniel Gatsby mondja: Reménykedem hogy kiengednek.
[00:00:34] Oliver_Aciano mondja OOC: (( nah lépek csácsá xDD Nemámm :D ))
[00:00:38] Daniel_Gatsby mondja OOC: (( ne már xd ))
[00:00:42] [TELEFON]Angelina_Freeman mondja Nagato_Brasco-nek: (( Hivatalos vásárlási segédem és társalkodónõmet vesztettem el ))
[00:00:42] Oliver Aciano mondja: Itt a kulcs nállam
[00:00:47] Daniel Gatsby mondja: Nyissd ki !
[00:00:48] [TELEFON]Angelina_Freeman mondja Nagato_Brasco-nek: (( Lily májölöszöt ))
[00:00:56] Daniel_Gatsby mondja OOC: (( ilyezgetsz szarzsák xd ))
[00:01:09] Angelina_Freeman mondja OOC: (( koszonomo ezt a kék mókus kocsit :D ))
[00:01:10] Marcell_O_Neill mondja OOC: (( Lily jön vissza xd ))
[00:01:12] [TELEFON]Nagato_Brasco mondja Angelina_Freeman-nek: (( Értem... ))
[00:01:15] Marcell_O_Neill mondja OOC: (( nincsmit ))
[00:01:31] Angelina_Freeman mondja OOC: (( de ne jojjon en sem leszek :p ))
[00:01:37] Oliver_Aciano mondja OOC: (( go sf. ))
[00:01:38] Marcell_O_Neill mondja OOC: (( okés ))
[00:01:38] Angelina_Freeman mondja OOC: (( tanuljon csak ))
[00:01:40] Marcell_O_Neill mondja OOC: (( nem para ))
[00:01:43] Angelina_Freeman mondja OOC: (( :p ))
[00:01:43] Daniel_Gatsby mondja OOC: (( vigyél fûnyiroshoz utána xd ))
[00:01:44] Oliver_Aciano mondja OOC: (( bszt nyitni neked ))
[00:01:49] Marcell_O_Neill mondja OOC: (( elleszek nélküled xd ))
[00:01:52] Daniel_Gatsby mondja OOC: (( oksa moksa ))
[00:01:54] Angelina_Freeman mondja OOC: (( így is felelni fog szerdán. ))
[00:02:01] Marcell_O_Neill mondja OOC: (( dik osztálytársad?XDDD ))
[00:02:07] Angelina_Freeman mondja OOC: (( jeszus hál'istennek nem ))
[00:02:08] [Jármûben] Daniel Gatsby mondja: Nem bánod ha betolok egy szenyát? kilyukad a gyomrom.
[00:02:13] Marcell_O_Neill mondja OOC: (( aakkor is ismered xD ))
[00:02:14] [Jármûben] Oliver Aciano mondja: Nem
[00:02:18] Angelina_Freeman mondja OOC: (( akkor már kinyírtuk volna egymást ))
[00:02:21] [Jármûben] Daniel Gatsby mondja: Kösz
[00:02:23] Angelina_Freeman mondja OOC: (( hát szoktunk beszélni ))
[00:02:28] [Jármûben] Oliver Aciano mondja: Énis megyek venni
[00:02:33] [Jármûben] Daniel Gatsby mondja: Oksa
[00:02:36] [Jármûben] Daniel Gatsby mondja: Hugyálnom is kéne
[00:02:39] Angelina_Freeman mondja OOC: (( egyszer meg kellene azt a debreceni kirandulast ejetnunk :p ))
[00:02:40] Marcell_O_Neill mondja OOC: (( értem ))
[00:02:44] Angelina_Freeman mondja OOC: (( de már olyan hideg van :( ))
[00:02:52] [Jármûben] Daniel Gatsby mondja: Van valahol wc vagy valami?
[00:02:52] Marcell_O_Neill mondja OOC: (( hát én mar vegeztem :s ))
[00:02:58] Angelina_Freeman mondja OOC: (( elmséz? ))
[00:02:59] [Jármûben] Oliver Aciano mondja: Féi
[00:03:00] Marcell_O_Neill mondja OOC: (( szerenádon akkora jó éjszaka volt XD ))
[00:03:03] Angelina_Freeman mondja OOC: (( maradhatsz nyugodtan ))
[00:03:05] [Jármûben] Daniel Gatsby mondja: Ott van slozi?
[00:03:06] Marcell_O_Neill mondja OOC: (( a-a érettséginek vége.xd ))
[00:03:10] Marcell_O_Neill mondja OOC: (( már dolgozom ))
[00:03:13] Angelina_Freeman mondja OOC: (( én is ))
[00:03:17] Marcell_O_Neill mondja OOC: (( de irl mondom :D ))
[00:03:19] Angelina_Freeman mondja OOC: (( holnap szabi napot kaptam ))
[00:03:22] Marcell_O_Neill mondja OOC: (( ja ))
[00:03:22] Daniel Gatsby mondja: Itt van pisilde ?
[00:03:23] Angelina_Freeman mondja OOC: (( én is irl ))
[00:03:25] Angelina_Freeman mondja OOC: (( + fõsuli ))
[00:03:29] Marcell_O_Neill mondja OOC: (( :DD nekem napi 2 óra munka ))
[00:03:30] Angelina_Freeman mondja OOC: (( grat a melóhoz ))
[00:03:32] Marcell_O_Neill mondja OOC: (( szóval kibírom ))
[00:03:32] Oliver Aciano mondja: Nincs de hugyozz ide
[00:03:34] Marcell_O_Neill mondja OOC: (( köszi :D ))
[00:03:35] Angelina_Freeman mondja OOC: (( josok xd ))
[00:03:44] Marcell_O_Neill mondja OOC: (( hagyjad igy keresek 80ezret :D ))
[00:03:48] Marcell_O_Neill mondja OOC: (( 2 óra munkával :D ))
[00:03:53] Angelina_Freeman mondja OOC: (( én ha bemegyek reggel hattól délután háromig ))
[00:03:58] [TELEFON]Angelina_Freeman mondja Nagato_Brasco-nek: de csak heti háromszor
[00:04:01] [TELEFON]Angelina_Freeman mondja Nagato_Brasco-nek: (())
[00:04:05] Angelina_Freeman mondja OOC: (( :p ))
[00:04:08] [TELEFON]Nagato_Brasco mondja Angelina_Freeman-nek: (( Én most leteszem ))
[00:04:13] [TELEFON]Nagato_Brasco mondja Angelina_Freeman-nek: ((Majd hivj ha kellem ))
[00:04:15] [TELEFON]Angelina_Freeman mondja Nagato_Brasco-nek: (( rendben szia ))
[00:04:20] Daniel Gatsby mondja: Kurva jólesett 
[00:04:24] Angelina_Freeman mondja OOC: (( hol dolgozol? ))
[00:04:26] Angelina_Freeman mondja OOC: (( en is megyek :p ))
[00:04:26] [Jármûben] Oliver Aciano mondja: Elhiszem
[00:04:27] Marcell_O_Neill mondja OOC: (( itthon :D ))
[00:04:36] Marcell_O_Neill mondja OOC: (( Távmunka :D ))
[00:04:37] Angelina_Freeman mondja OOC: (( de jo valakinek csaladi vallalkozas ))
[00:04:44] [Nagato_Brasco]* Valaki -nek nem esik baja
[00:04:59] Marcell_O_Neill mondja OOC: (( nem az xd ))
[00:05:02] Daniel_Gatsby mondja OOC: (( lel ))
[00:05:03] Angelina_Freeman mondja OOC: (( :p ))
[00:05:04] Oliver_Aciano mondja OOC: (( szerelõ hq ))
[00:05:09] Daniel_Gatsby mondja OOC: (( de menõ :D ))
[00:05:11] Patrik O Neill ordítja: CSOKI!!
[00:05:12] Marcell_O_Neill mondja OOC: (( bajszos skin jobb ))
[00:05:15] Marcell_O_Neill mondja OOC: (( nekem az kell ))
[00:05:20] Patrik O Neill ordítja: jah nem Keksz!!
[00:05:26] Angelina_Freeman mondja OOC: (( 178? ))
[00:05:54] Angelina_Freeman mondja OOC: (( 178-as? ))
[00:05:55] Daniel_Gatsby mondja OOC: (( kurva menõ :D ))
[00:06:01] Oliver_Aciano mondja OOC: (( jahh ))
[00:06:26] Daniel_Gatsby mondja OOC: (( jo hát már most bele szerettem a szeorba xd ))
[00:06:50] Daniel_Gatsby mondja OOC: (( ez itt mi volt? csomagszállító? ))
[00:06:50] Angelina_Freeman mondja OOC: (( . ))
[00:06:56] Edie Morra mondja: Csajozunk?
[00:06:57] Daniel_Gatsby mondja OOC: (( azok a piros bizgentyûk ))
[00:06:58] Henrik T Scaletta mondja: Te nagato
[00:07:02] Oliver_Aciano mondja OOC: (( itt lehet benzint szállitani a kutakhoz ))
[00:07:04] Marcell_O_Neill mondja OOC: (( hagyjad mar xd ))
[00:07:04] Angelina Freeman mondja: nyem
[00:07:07] Marcell_O_Neill mondja OOC: (( csak adtam neki kocsit :D ))
[00:07:08] Edie_Morra mondja OOC: (( xD ))
[00:07:10] Angelina_Freeman mondja OOC: (( fuj de csuf skined van ))
[00:07:14] Oliver_Aciano mondja OOC: (( kamionnal ))
[00:07:15] Marcell_O_Neill mondja OOC: (( jolvan ez xd ))
[00:07:18] Angelina_Freeman mondja OOC: (( 178? ))
[00:07:24] Marcell_O_Neill mondja OOC: (( 179-es ))
[00:07:25] Daniel_Gatsby mondja OOC: (( de benzinnel jobban keres mint amugykélpp :D ))
[00:07:29] Angelina_Freeman mondja OOC: (( nem tudom ))
[00:07:34] Angelina_Freeman mondja OOC: (( egyszer kerestünk lilyvel egy skint ))
[00:07:36] Henrik T Scaletta mondja: sisak elkopott kicsit
[00:07:37] Angelina_Freeman mondja OOC: (( 178-as asszem ))
[00:07:41] Angelina_Freeman mondja OOC: (( vagy 179 nem tudom ))
[00:07:42] Oliver_Aciano mondja OOC: (( jah én mindig benzint szállitok. ))
[00:07:49] Oliver_Aciano mondja OOC: (( 1 fuvar az 150 ropi ))
[00:07:49] Henrik T Scaletta mondja: legalább feltartotta az esést
[00:07:50] Angelina_Freeman mondja OOC: (( azt tudom 170 és 180 között van :p ))
[00:07:51] Daniel_Gatsby mondja OOC: (( mennyit kapsz ?  ))
[00:07:55] Daniel_Gatsby mondja OOC: (( az jo :D ))
[00:08:07] Oliver_Aciano mondja OOC: (( ezeket nemtom xDD ))
[00:08:12] Marcell_O_Neill mondja OOC: (( ja beragadt?xd ))
[00:08:14] Angelina_Freeman mondja OOC: (( de csug ))
[00:08:19] Daniel_Gatsby mondja OOC: (( xd na go sf azt go fûnyiró xdd dddd ))
[00:08:23] [Jármûben] Henrik T Scaletta mondja: 6me nem látott semmit
[00:08:26] [Jármûben] Henrik T Scaletta mondja: (())
[00:08:32] Angelina_Freeman mondja OOC: (( jajjj ))
[00:08:36] Oliver_Aciano mondja OOC: (( szálj ki ))
[00:08:44] Angelina_Freeman mondja OOC: (( emlékeztek mikor a nav kommandót bemodolták lány skinre? ))
[00:08:50] Angelina_Freeman mondja OOC: (( és lányosan sétált? :D ))
[00:08:59] Angelina Freeman mondja: ne morogj
[00:09:01] Angelina Freeman mondja: nem vagy cica
[00:09:07] Oliver_Aciano mondja OOC: (( xDD ))
[00:09:10] Daniel_Gatsby mondja OOC: (( na? XD ))
[00:09:17] Daniel_Gatsby mondja OOC: (( kérsz egy puszit ?Xd ))
[00:09:21] Angelina_Freeman mondja OOC: (( :P ))
[00:09:27] Oliver_Aciano mondja OOC: (( nemvok buzii xDD ))
[00:09:32] Marcell_O_Neill mondja OOC: (( de fasza a Hunter ))
[00:09:33] Angelina_Freeman mondja OOC: (( :( ))
[00:09:34] Daniel_Gatsby mondja OOC: (( ki tudja xdd  ))
[00:09:45] Daniel_Gatsby mondja OOC: (( magasabb vok ic mint te xd ))
[00:10:01] Nagato Brasco mondja: HotracingA
[00:10:02] Oliver_Aciano mondja OOC: (( nem ))
[00:10:03] Marcell_O_Neill mondja OOC: (( de ez csalas ugye tudod xd ))
[00:10:05] Daniel_Gatsby mondja OOC: (( mai világba már gáz ha az ember nm buzi xd  ))
[00:10:06] Nagato Brasco mondja: (())
[00:10:10] Nagato_Brasco mondja OOC: (( Mármint mi? XD ))
[00:10:13] Angelina Freeman mondja: nedmelj
[00:10:14] Marcell_O_Neill mondja OOC: (( id? ))
[00:10:14] Nagato_Brasco mondja OOC: (( Miért csalás? ))
[00:10:19] Nagato_Brasco mondja OOC: (( Nekem rohadtul 2 autóm lehet IC... ))
[00:10:23] Nagato_Brasco mondja OOC: (( Mig másnak 3 -.-" ))
[00:10:27] Marcell_O_Neill mondja OOC: (( kinek van 3? ))
[00:10:30] Oliver_Aciano mondja OOC: (( gyere ide ))
[00:10:41] Marcell_O_Neill mondja OOC: (( nem azt mondtam hogy csalas ))
[00:10:43] Oliver_Aciano mondja OOC: (( GYERE ide ))
[00:10:43] Nagato_Brasco mondja OOC: (( Akárkinek aki megszerzi mind a 3 at. ))
[00:10:46] Marcell_O_Neill mondja OOC: (( csak hogy ide get-elem  ))
[00:10:49] Oliver Aciano ordítja: Héé gyere ide!!
[00:10:52] Daniel Gatsby mondja: Na?
[00:10:54] Nagato_Brasco mondja OOC: (( Ondutyban nem használhatom. ))
[00:11:02] Oliver_Aciano mondja OOC: (( id-d? ))
[00:11:03] Nagato_Brasco mondja OOC: (( azaz azon kivül. ))
[00:11:03] Marcell_O_Neill mondja OOC: (( id? ))
[00:11:07] Daniel_Gatsby mondja OOC: (( 25 :3 ))
[00:11:18] Angelina_Freeman mondja OOC: (( nah ))
[00:11:19] Daniel_Gatsby mondja OOC: (( oh zsir :D XD ))
[00:11:20] Angelina_Freeman mondja OOC: (( ne dmelj ))
[00:11:25] Angelina_Freeman mondja OOC: (( pkra teszlek!!! :p ))
[00:11:29] Oliver_Aciano mondja OOC: (( használhatod ))
[00:11:34] Marcell_O_Neill mondja OOC: (( Rád emlékszem ))
[00:11:36] Nagato_Brasco mondja OOC: (( 494 ))
[00:11:36] Marcell_O_Neill mondja OOC: (( Henrik ))
[00:11:37] Daniel_Gatsby mondja OOC: (( de kinyitni se to mxd ))
[00:11:42] Nagato_Brasco mondja OOC: (( De nem rendszám ))
[00:11:42] Henrik_T_Scaletta mondja OOC: (( és mire? :D ))
[00:11:45] Oliver_Aciano mondja OOC: (( N betû ))
[00:11:48] Angelina_Freeman mondja OOC: (( jaj beragadt az eger :p ))
[00:11:48] Nagato_Brasco mondja OOC: (( Hanem Autó ID ))
[00:11:52] Angelina_Freeman mondja OOC: (( Edie ))
[00:11:53] Daniel_Gatsby mondja OOC: (( semmi xd ))
[00:11:54] Marcell_O_Neill mondja OOC: (( az nem jo ))
[00:11:57] Nagato_Brasco mondja OOC: (( Azt kéne 1es autómra berakni mint vissza adás. ))
[00:11:57] Oliver_Aciano mondja OOC: (( /v zár?? ))
[00:12:00] Angelina_Freeman mondja OOC: (( szeretnék pk-ra tenni valakit :p ))
[00:12:01] Nagato_Brasco mondja OOC: (( HE? ))
[00:12:03] Daniel_Gatsby mondja OOC: (( nem a tied xd ))
[00:12:04] Marcell_O_Neill mondja OOC: (( nem jo id ))
[00:12:07] Angelina_Freeman mondja OOC: (( krampusz skine van és ütögetett :) ))
[00:12:09] Marcell_O_Neill mondja OOC: (( várj ))
[00:12:16] Angelina_Freeman mondja OOC: (( elkapod majd az álnokot? :d ))
[00:12:17] Marcell_O_Neill mondja OOC: (( igyse ))
[00:12:20] Edie_Morra mondja OOC: (( értem ))
[00:12:23] Daniel_Gatsby mondja OOC: (( melyik betû a motor ?XD ))
[00:12:25] Nagato Brasco mondja: b 503
[00:12:27] Nagato_Brasco mondja OOC: (( 503 ))
[00:12:28] Oliver_Aciano mondja OOC: (( space ))
[00:12:29] Nagato Brasco mondja: (())
[00:12:32] Edie_Morra mondja OOC: (( biztos valami buzi gyerek ))
[00:12:32] Angelina_Freeman mondja OOC: (( köszönöm segítõkészségedet ))
[00:12:33] Daniel_Gatsby mondja OOC: (( oh  dik xd ))
[00:12:36] Angelina_Freeman mondja OOC: (( hat biztos ))
[00:12:40] Marcell_O_Neill mondja OOC: (( Nincs is kocsid te ))
[00:12:46] Marcell_O_Neill mondja OOC: (( hát mivan itt xd ))
[00:12:47] Angelina_Freeman mondja OOC: (( örülök hogy segítenek ))
[00:12:47] Nagato_Brasco mondja OOC: (( Jéé tényleg?? ))
[00:12:52] Nagato_Brasco mondja OOC: (( Gondoltam vissza adod... XD ))
[00:12:54] Angelina_Freeman mondja OOC: (( nem ugy mint zoe vagy kyle ))
[00:12:56] Daniel_Gatsby mondja OOC: (( én nem tom zárogatni xd ))
[00:12:57] Marcell_O_Neill mondja OOC: (( baszod írtam vagy 100x ))
[00:12:59] Henrik_T_Scaletta mondja OOC: (( Marcel 1 PD kocsi helyett lehet kérni egy PD helit? ))
[00:13:00] Oliver_Aciano mondja OOC: (( jó nem?? ))
[00:13:01] Nagato_Brasco mondja OOC: (( MIT ?XD ))
[00:13:04] Daniel_Gatsby mondja OOC: (( ja menõ :D ))
[00:13:09] Nagato_Brasco mondja OOC: (( Délután óta könyörgök hogy add vissza :D ))
[00:13:10] Edie_Morra mondja OOC: (( am tetszik a szerver? Bár még semmi sincs betéve ))
[00:13:19] Oliver_Aciano mondja OOC: (( álicsd le ))
[00:13:19] Marcell_O_Neill mondja OOC: (( van már helitek? ))
[00:13:23] Henrik_T_Scaletta mondja OOC: (( nincs ))
[00:13:25] Angelina_Freeman mondja OOC: (( hát nem tetszik :p most ne men vagyok a koztarsasagi elnok ))
[00:13:26] Henrik_T_Scaletta mondja OOC: (( azért :D ))
[00:13:26] Marcell_O_Neill mondja OOC: (( akkor igen ))
[00:13:30] Oliver_Aciano mondja OOC: (( és /v park-ozd le hátha megy ))
[00:13:35] Henrik_T_Scaletta mondja OOC: (( akkor 1 kocsit alakits át pls ))
[00:13:38] Nagato Brasco mondja: JAJJ DE SZÉP!!
[00:13:43] Daniel_Gatsby mondja OOC: (( nem az enyém xd ))
[00:13:45] Nagato_Brasco mondja OOC: (( JÛRMÛVETT!!! ))
[00:13:49] Edie_Morra mondja OOC: (( xD ))
[00:13:49] Henrik_T_Scaletta mondja OOC: (( 540 rendszámot pl ))
[00:13:49] Marcell_O_Neill mondja OOC: (( hol a kocsi? ))
[00:13:50] Angelina_Freeman mondja OOC: (( amúgy biztos jó lesz :D ))
[00:13:51] Nagato_Brasco mondja OOC: (( Vettem egy Jûrmûvet XD ))
[00:13:55] Oliver_Aciano mondja OOC: (( akkor csak beinditani tod ))
[00:13:58] Angelina_Freeman mondja OOC: (( csak már nem nekem valo.. ))
[00:13:59] Daniel_Gatsby mondja OOC: (( jaa xd ))
[00:14:02] Marcell_O_Neill mondja OOC: (( jármû van írva.. ))
[00:14:03] Daniel_Gatsby mondja OOC: (( gyere megyünk bank xd ))
[00:14:06] Marcell_O_Neill mondja OOC: (( nem tudom te mit olvasol xd ))
[00:14:14] Nagato_Brasco mondja OOC: (( Se benya se semmi, ))
[00:14:15] Marcell_O_Neill mondja OOC: (( vak vagy?XD ))
[00:14:18] Angelina_Freeman mondja OOC: (( túl sok sérelmem van itt régrõl így nem biztos hogy látható leszek itt sokszor ))
[00:14:19] Nagato_Brasco mondja OOC: (( Mi a gecii? ))
[00:14:19] Henrik_T_Scaletta mondja OOC: (( Nagato valamit szívott tudod ))
[00:14:20] Daniel_Gatsby mondja OOC: (( :'( ))
[00:14:29] Oliver_Aciano mondja OOC: (( majd vezetheted :* ))
[00:14:33] Marcell_O_Neill mondja OOC: (( dl ))
[00:14:35] Daniel_Gatsby mondja OOC: (( furikázd a picsám xd ))
[00:14:37] Marcell_O_Neill mondja OOC: (( kész ))
[00:14:47] Nagato_Brasco mondja OOC: (( Marcell bácsi ))
[00:14:47] Daniel_Gatsby mondja OOC: (( SF BANK! XD ))
[00:14:50] Nagato_Brasco mondja OOC: (( Most 1 kérdésem van ))
[00:14:50] Marcell_O_Neill mondja OOC: (( kész van ))
[00:14:53] Nagato_Brasco mondja OOC: (( Hogy viszem el? :D ))
[00:14:54] Marcell_O_Neill mondja OOC: (( mond ))
[00:14:58] Marcell_O_Neill mondja OOC: (( hová? ))
[00:15:04] Nagato_Brasco mondja OOC: (( Lépjek onduTYba? ))
[00:15:13] Marcell_O_Neill mondja OOC: (( hát ne xd ))
[00:15:16] Marcell_O_Neill mondja OOC: (( vigyed siman xd ))
[00:15:22] Nagato_Brasco mondja OOC: (( De tilos... ))
[00:15:28] Marcell_O_Neill mondja OOC: (( akkor igen ))
[00:15:29] Nagato_Brasco mondja OOC: (( Vagy... új tulajok új szabályok? ))
[00:15:29] Marcell_O_Neill mondja OOC: (( na :D ))
[00:15:32] Oliver_Aciano mondja OOC: (( nézd ))
[00:15:32] Marcell_O_Neill mondja OOC: (( igen ))
[00:15:34] Marcell_O_Neill mondja OOC: (( lépj be ))
[00:15:37] Oliver_Aciano mondja OOC: (( tük jó ))
[00:15:38] Daniel_Gatsby mondja OOC: (( :DD ))
[00:15:41] Nagato_Brasco mondja OOC: (( Akkor elviszem késõbb... ))
[00:15:44] Daniel_Gatsby mondja OOC: (( de behajtani tilos xd ))
[00:15:46] Marcell_O_Neill mondja OOC: (( elvigyrem? ))
[00:15:49] Marcell_O_Neill mondja OOC: (( hol van a házad? ))
[00:15:52] Nagato Brasco mondja: 112
[00:15:56] Nagato Brasco mondja: (())
[00:16:00] Nagato_Brasco mondja OOC: (( 112-es házikó. ))
[00:16:06] Daniel_Gatsby mondja OOC: (( azt kiszámítottad xd ))
[00:16:08] Henrik_T_Scaletta mondja OOC: (( Marcel 540 LSPDt getelnéd és átalakítanád a 497es IDjû kocsira pls? ))
[00:16:10] Marcell_O_Neill mondja OOC: (( vigyázok rá ))
[00:16:10] Edie_Morra mondja OOC: (( mennem kell a szerver 100 sebbõl vérzik vár a meló ))
[00:16:12] Marcell_O_Neill mondja OOC: (( engedj ki ))
[00:16:16] Marcell_O_Neill mondja OOC: (( megcsinálom Henrik csak ))
[00:16:17] Nagato_Brasco mondja OOC: (( Puszillak ))
[00:16:19] Angelina_Freeman mondja OOC: (( okés szio ))
[00:16:20] Marcell_O_Neill mondja OOC: (( ahhoz jönnötök kell majd ))
[00:16:22] Edie_Morra mondja OOC: (( szia jó éjt ))
[00:16:22] Marcell_O_Neill mondja OOC: (( LSBe tudod ))
[00:16:24] Angelina_Freeman mondja OOC: (( bocsi de ez így vN ))
[00:16:26] Marcell_O_Neill mondja OOC: (( a spawn helyre ))
[00:16:27] Henrik_T_Scaletta mondja OOC: (( rendben köszi ))
[00:16:27] Angelina_Freeman mondja OOC: (( jóéjt szia :D ))
[00:16:31] Daniel_Gatsby mondja OOC: (( van utlevelem  bibibi xd ))
[00:16:45] Angelina_Freeman mondja OOC: (( Sok sikert ))
[00:16:49] Marcell_O_Neill mondja OOC: (( ülj már be ))
[00:16:50] Angelina_Freeman mondja OOC: (( :) ))
[00:16:53] Edie_Morra mondja OOC: (( köszönjük ))
[00:16:57] Henrik_T_Scaletta mondja OOC: (( ott is jó :S ))
[00:17:03] Angelina_Freeman mondja OOC: (( Viszont ))
[00:17:04] Daniel_Gatsby mondja OOC: (( veszek gumit dugunk? ))
[00:17:08] Daniel_Gatsby mondja OOC: (( répát a földbe? :+ ))
[00:17:12] Oliver_Aciano mondja OOC: (( jahh xDD ))
[00:17:12] Edie_Morra mondja OOC: (( igen? ))
[00:17:14] Angelina_Freeman mondja OOC: (( sajnálom hogy a Demokráciám el lett törölve :/ ))
[00:17:17] Daniel_Gatsby mondja OOC: (( zsir :D XD ))
[00:17:19] Angelina_Freeman mondja OOC: (( mármint a pártom ))
[00:17:21] Oliver_Aciano mondja OOC: (( mutizok mégvalamit ))
[00:17:26] Daniel_Gatsby mondja OOC: (( kk ))
[00:17:29] Henrik_T_Scaletta mondja OOC: (( kb az autósboltnál van ))
[00:17:32] Edie_Morra mondja OOC: (( :S ))
[00:17:36] Angelina_Freeman mondja OOC: (( de talan még egyszer visszatérek.. ))
[00:17:41] Oliver_Aciano mondja OOC: (( befogsz szarni rajta ))
[00:17:46] Angelina Freeman mondja: jesszus szent isten
[00:17:53] Angelina Freeman ordítja: jézus szent angi!!
[00:17:55] [Emma_Stone]* Valaki beveri a fejét.
[00:18:00] Marcell_O_Neill mondja OOC: (( itt volt a birtokom :$ ))
[00:18:05] Henrik_T_Scaletta mondja OOC: (( :d ))
[00:18:10] Angelina Freeman ordítja: Éljen az elnökasszony!!
[00:18:19] Oliver_Aciano mondja OOC: (( gyere a fához ))
[00:18:20] Henrik_T_Scaletta mondja OOC: (( csak volt xd ))
[00:18:24] Oliver_Aciano mondja OOC: (( /alma ))
[00:18:41] Daniel_Gatsby mondja OOC: (( hagyjad már XDD ))
[00:18:47] Daniel_Gatsby mondja OOC: (( és ez mire jó ?XD ))
[00:18:50] Oliver_Aciano mondja OOC: (( dede kajja xDD ))
[00:18:54] [Connor_O_Neill]* Valaki egy kötõkút
[00:19:00] Connor_O_Neill mondja OOC: (( köpõ eh ))
[00:19:06] Daniel_Gatsby mondja OOC: (( és ez mire jó ?XD ))
[00:19:12] Oliver_Aciano mondja OOC: (( kaja ha megéhezeel :D ))
[00:19:19] Angelina Freeman ordítja: Éljen az elnökasszony!!
[00:19:23] Daniel_Gatsby mondja OOC: (( de le lehet adni is azt is irja xd ))
[00:19:34] Oliver_Aciano mondja OOC: (( ahha pénzt kapsz érta ))
[00:19:40] Marcell_O_Neill mondja OOC: (( XD ))
[00:19:44] Henrik_T_Scaletta mondja OOC: (( xd ))
[00:19:45] Angelina Freeman ordítja: Éljen az elnökasszony!!
[00:19:45] Daniel_Gatsby mondja OOC: (( hol kell leadni ?XD sokat kapsz érte? Xd ))
[00:19:48] Marcell_O_Neill mondja OOC: (( megoldom ))
[00:20:04] Oliver_Aciano mondja OOC: (( ha megszedsz egy kocsinyit akkor sokat ér az de a kocsiba 3000 fér ))
[00:20:20] Daniel_Gatsby mondja OOC: (( várj xd  ))
[00:20:28] Daniel_Gatsby mondja OOC: (( gyere  ))
[00:20:36] Henrik_T_Scaletta mondja OOC: (( am szervert Scriptelni mennyire tudsz? :D ))
[00:20:39] [ Nagato Brasco o< Adja fel! nincs esélye! ]
[00:20:53] Marcell_O_Neill mondja OOC: (( 5# XD ))
[00:20:58] Marcell_O_Neill mondja OOC: (( szazalek ))
[00:21:02] Henrik_T_Scaletta mondja OOC: (( Xd ))
[00:21:04] Marcell_O_Neill mondja OOC: (( de tanulom :Dw ))
[00:21:07] Henrik_T_Scaletta mondja OOC: (( az a jó :D ))
[00:21:30] [Jármûbõl] Angelina Freeman mondja: elneussmar
[00:21:32] Oliver_Aciano mondja OOC: (( nahh menyni?? ))
[00:21:33] Daniel_Gatsby mondja OOC: (( 9600 az kurva  jó xd ))
[00:21:36] [Jármûbõl] Angelina Freeman mondja: szia
[00:21:37] Connor_O_Neill mondja OOC: (( Roland? ))
[00:21:40] Daniel_Gatsby mondja OOC: (( és ez csak 49 db volt xd ))
[00:21:44] Angelina_Freeman mondja OOC: (( ki? ))
[00:21:51] Connor_O_Neill mondja OOC: (( nemide xd ))
[00:21:52] Oliver_Aciano mondja OOC: (( akk szorozd meg 3000 ))
[00:21:56] Henrik_T_Scaletta mondja OOC: (( am ismerek 1 embert aki azért ért hozzá ))
[00:22:06] Connor_O_Neill mondja OOC: (( hlai ))
[00:22:11] Connor_O_Neill mondja OOC: (( nem tudok ic írni xd ))
[00:22:15] [Jármûbõl] Angelina Freeman mondja: mer?
[00:22:20] Daniel_Gatsby mondja OOC: (( 150k  ))
[00:22:22] Connor_O_Neill mondja OOC: (( dutyban nem lehet ))
[00:22:25] [Jármûbõl] Angelina Freeman mondja: nem zavar
[00:22:47] Daniel_Gatsby mondja OOC: (( mondjuk annyi idõ alatt még leszeded 200 szor kamionozo lxd ))
[00:22:57] Daniel_Gatsby mondja OOC: (( ez mi szar ?Xd ))
[00:23:03] [Jármûbõl] Angelina Freeman mondja: walnervagyodaat
[00:23:03] Oliver_Aciano mondja OOC: (( csak a kocsiszedést azt tõbben kell mert kurva lassan szedné meg egy ember ))
[00:23:18] Connor_O_Neill mondja OOC: (( a-a ))
[00:23:22] Daniel_Gatsby mondja OOC: (( hát ez az xd jó rp hogy csoportos alma szedés  ))
[00:23:24] Connor_O_Neill mondja OOC: (( hülyeség volt ott belekezdeni ))
[00:23:32] [Jármûbõl] Angelina Freeman mondja: jah  nekem is
[00:23:34] Oliver_Aciano mondja OOC: (( jahh xDD ))
[00:23:38] * megrázkodnak ((Daniel_Gatsby))
[00:23:39] Connor_O_Neill mondja OOC: (( :D ))
[00:23:45] [Jármûbõl] Angelina Freeman mondja: én caks bobby miatt mentem fel
[00:23:56] Connor_O_Neill mondja OOC: (( azki? ))
[00:23:57] [Jármûbõl] Angelina Freeman mondja: es mar két cég vezetõje vagyok..
[00:23:59] Marcell_O_Neill mondja OOC: (( ja hogy nem erre XDDD ))
[00:24:00] [Jármûbõl] Angelina Freeman mondja: Bobby bonanno
[00:24:04] Connor_O_Neill mondja OOC: (( :D ))
[00:24:05] Henrik_T_Scaletta mondja OOC: (( xd ))
[00:24:07] [Jármûbõl] Angelina Freeman mondja: ccn leader volt
[00:24:22] * kopp kopp ((Kovats_Bela))
[00:24:27] Connor_O_Neill mondja OOC: (( na de ))
[00:24:31] Connor_O_Neill mondja OOC: (( óóc írj :DE ))
[00:24:32] [Jármûbõl] Angelina Freeman mondja: Ha itt nem lenne ennyi sérelmem hidd el itt lennék.
[00:24:40] Angelina_Freeman mondja OOC: (( .. ))
[00:24:49] Henrik_T_Scaletta mondja OOC: (( mit keresünk itt? ))
[00:24:52] Marcell_O_Neill mondja OOC: (( itt a háza ))
[00:24:53] Angelina_Freeman mondja OOC: (( mar a kormanyban lennek most ))
[00:24:58] Henrik_T_Scaletta mondja OOC: (( jah ))
[00:25:09] Connor_O_Neill mondja OOC: (( kormány ))
[00:25:12] Angelina_Freeman mondja OOC: (( hm? ))
[00:25:15] Oliver_Aciano mondja OOC: (( /enter ))
[00:25:18] Connor_O_Neill mondja OOC: (( mehetsz ))
[00:25:23] Daniel_Gatsby mondja OOC: (( éjféltõl 6 ig zárva ))
[00:25:28] Daniel_Gatsby mondja OOC: (( elkéstünk xd ))
[00:25:31] Angelina_Freeman mondja OOC: (( hova? ))
[00:25:36] Oliver_Aciano mondja OOC: (( akk bemászunk hátúl xDd ))
[00:25:36] Angelina_Freeman mondja OOC: (( hogy ))
[00:25:39] Connor_O_Neill mondja OOC: (( kormány ))
[00:25:40] Oliver_Aciano mondja OOC: (( gyere ))
[00:25:41] Daniel_Gatsby mondja OOC: (( ?XD  ))
[00:25:47] Angelina_Freeman mondja OOC: (( de rám bízták a radiot ))
[00:25:51] Angelina_Freeman mondja OOC: (( nekem azt rendbe kell hozni ))
[00:25:53] Daniel_Gatsby mondja OOC: (( asd villamos xd ))
[00:25:53] Oliver_Aciano mondja OOC: (( xdD ))
[00:25:57] Angelina_Freeman mondja OOC: (( mert ki más ha nem a tapasztalt angi ))
[00:25:59] Oliver_Aciano mondja OOC: (( jahh :D ))
[00:26:01] Angelina_Freeman mondja OOC: (( de hallog ))
[00:26:04] Angelina_Freeman mondja OOC: (( nem értem azokat ))
[00:26:10] Angelina_Freeman mondja OOC: (( konkurens szerorol voltam ))
[00:26:13] Daniel_Gatsby mondja OOC: (( menõ lenne ha civil npc k mászkálnának közbe az utcákon xd  ))
[00:26:15] Henrik_T_Scaletta mondja OOC: (( nagato üzeni stop ))
[00:26:18] Angelina_Freeman mondja OOC: (( és mégis jobban megbecsülnek mint itt valaha ))
[00:26:20] Marcell_O_Neill mondja OOC: (( ? ))
[00:26:25] Oliver_Aciano mondja OOC: (( huu az jahh ))
[00:26:26] Angelina_Freeman mondja OOC: (( most érted. ))
[00:26:29] Angelina_Freeman mondja OOC: (( itt utálnak sokan ))
[00:26:31] Connor_O_Neill mondja OOC: (( aha csak ))
[00:26:32] Henrik_T_Scaletta mondja OOC: (( XD ))
[00:26:32] Patrik O Neill ordítja: I AM KEKSZ!!
[00:26:34] Nagato_Brasco mondja OOC: (( Dobj rá egy repairt 3 at. ))
[00:26:35] Patrik_O_Neill mondja OOC: (( :D ))
[00:26:36] Marcell_O_Neill mondja OOC: (( mert ez normális,XD ))
[00:26:36] Daniel_Gatsby mondja OOC: (( ugyan ugy ki tudnád rabolni  ))
[00:26:36] Angelina Freeman ordítja: oks csa!!
[00:26:36] Connor_O_Neill mondja OOC: (( ott pár hete kezdted.. ))
[00:26:38] Marcell_O_Neill mondja OOC: (( itt leszállni?xD ))
[00:26:41] Nagato_Brasco mondja OOC: (( Ez az állat nekem jött ))
[00:26:43] Daniel_Gatsby mondja OOC: (( stb xd ))
[00:26:44] Patrik O Neill ordítja: csak vicceltem!!
[00:26:47] Angelina Freeman ordítja: jo!!
[00:26:49] Angelina Freeman ordítja: csa!!
[00:26:52] Nagato_Brasco mondja OOC: (( Bárhól leszállok... ))
[00:26:53] Patrik O Neill ordítja: csáó!!
[00:26:55] Oliver_Aciano mondja OOC: (( /enter ))
[00:27:01] Nagato_Brasco mondja OOC: (( Dobsz rá egy repairt? ))
[00:27:03] [Jármûbõl] Angelina Freeman mondja: ez normalis?
[00:27:08] Nagato_Brasco mondja OOC: (( Edievel hülyültnük XD ))
[00:27:11] Marcell_O_Neill mondja OOC: (( jó de vigyázz ))
[00:27:18] Daniel_Gatsby mondja OOC: (( menõ xd ))
[00:27:19] [Jármûbõl] Connor O Neill mondja: miért?
[00:27:22] Marcell_O_Neill mondja OOC: (( dik ))
[00:27:31] Angelina_Freeman mondja OOC: (( elne usd mar ))
[00:27:34] Angelina_Freeman mondja OOC: (( hé ))
[00:27:37] Nagato Brasco mondja: Király egy kocsi
[00:27:40] Nagato Brasco mondja: Már itt sem vagyok
[00:27:43] Connor_O_Neill mondja OOC: (( ts ))
[00:27:50] Connor_O_Neill mondja OOC: (( en dumálnuk nygui D ))
[00:28:01] Angelina_Freeman mondja OOC: (( ah ertelek ))
[00:28:04] Oliver_Aciano mondja OOC: (( várj ))
[00:28:07] Daniel_Gatsby mondja OOC: (( na mivan X?d ))
[00:28:17] Oliver_Aciano mondja OOC: (( megkérdek egy admint ))
[00:28:17] Angelina_Freeman mondja OOC: (( cska én ezt nem értem ))
[00:28:23] Connor_O_Neill mondja OOC: (( mit? ))
[00:28:24] Daniel_Gatsby mondja OOC: (( addig körül nézek xd maradj itt xd ))
[00:28:25] Oliver_Aciano mondja OOC: (( hogy hol lehet a bankba menni ))
[00:28:26] Angelina_Freeman mondja OOC: (( itt mindenki utal nagy részt ))
[00:28:33] Angelina_Freeman mondja OOC: (( és ott pedig örömmel fogadtak ))
[00:28:47] Connor_O_Neill mondja OOC: (( ezt ne mondd úgy ))
[00:28:57] Connor_O_Neill mondja OOC: (( mintha ITT nem így lett volna.. 2012-ben ))
[00:29:04] Angelina_Freeman mondja OOC: (( nem így volt ))
[00:29:05] Daniel_Gatsby mondja OOC: (( na ? ))
[00:29:12] Angelina_Freeman mondja OOC: (( itt ne mez volt ))
[00:29:25] Nagato Brasco mondja: Veszek kaját
[00:29:30] Oliver_Aciano mondja OOC: (( pill ))
[00:29:32] Connor_O_Neill mondja OOC: (( jössz ts? :p ))
[00:29:34] Daniel_Gatsby mondja OOC: (( kk ))
[00:29:34] Oliver_Aciano mondja OOC: (( :D ))
[00:29:42] Angelina_Freeman mondja OOC: (( majd ))
[00:29:46] Marcell_O_Neill mondja OOC: (( ezmiez? ))
[00:29:47] Angelina_Freeman mondja OOC: (( am ))
[00:29:49] Marcell_O_Neill mondja OOC: (( ki volt ez a fogyi ))
[00:29:50] Connor_O_Neill mondja OOC: (( 1 éve majd :D ))
[00:29:54] Angelina_Freeman mondja OOC: (( szerintem van itt most több fa itt? ))
[00:29:56] Nagato_Brasco mondja OOC: (( Nem indul ))
[00:30:01] Connor_O_Neill mondja OOC: (( zöldesítés történt ))
[00:30:07] Angelina_Freeman mondja OOC: (( kicsinalta? ))
[00:30:12] Angelina_Freeman mondja OOC: (( jol nez ki am ))
[00:30:18] Daniel_Gatsby mondja OOC: (( eltüntél xd ))
[00:30:22] Oliver_Aciano mondja OOC: (( gyere ))
[00:30:23] Marcell_O_Neill mondja OOC: (( istenem ))
[00:30:29] Oliver_Aciano mondja OOC: (( gyere ))
[00:30:29] Connor_O_Neill mondja OOC: (( pedro asszem még ))
[00:30:32] Oliver_Aciano mondja OOC: (( gyere ))
[00:30:34] Daniel_Gatsby mondja OOC: (( nem látlak xd ))
[00:30:40] Henrik_T_Scaletta mondja OOC: (( am cargot is vissza lehet kérni? ))
[00:30:41] Nagato_Brasco mondja OOC: (( Az eyném? ))
[00:30:44] Oliver_Aciano mondja OOC: (( gyere ))
[00:30:46] Connor_O_Neill mondja OOC: (( neked nincs meló? ))
[00:30:52] Oliver_Aciano mondja OOC: (( itt ))
[00:30:53] Angelina_Freeman mondja OOC: (( ic v. irl? ))
[00:30:56] Oliver_Aciano mondja OOC: (( álj mellém ))
[00:30:56] Edie_Morra mondja OOC: (( mi a faszét vannak itt? ))
[00:30:57] Nagato_Brasco mondja OOC: (( Algernon Youngmay ))
[00:30:57] Daniel_Gatsby mondja OOC: (( mit ? ))
[00:30:59] Connor_O_Neill mondja OOC: (( irl ))
[00:31:00] Oliver_Aciano mondja OOC: (( /enter ))
[00:31:02] Nagato_Brasco mondja OOC: (( ID 16 volt. ))
[00:31:05] Angelina_Freeman mondja OOC: (( hétfõn szerdán és csütörtökön ))
[00:31:10] Connor_O_Neill mondja OOC: (( hányra? ))
[00:31:11] Oliver_Aciano mondja OOC: (( mellém ))
[00:31:11] Angelina_Freeman mondja OOC: (( de most szabi napom lesz holnap ))
[00:31:17] Daniel_Gatsby mondja OOC: (( de nem jó xd ))
[00:31:26] Angelina_Freeman mondja OOC: (( hát 06:20-tól 15:00-ig ))
[00:31:28] Oliver_Aciano mondja OOC: (( próbálgads ))
[00:31:29] Connor_O_Neill mondja OOC: (( nekem 7:30-tól 17:10-ig >.< ))
[00:31:35] Oliver_Aciano mondja OOC: (( nekem jóvolt az elõbb ))
[00:31:37] Daniel_Gatsby mondja OOC: (( meddig ?XD ))
[00:31:40] Daniel_Gatsby mondja OOC: (( meddig ?XD ))
[00:31:41] Angelina_Freeman mondja OOC: (( na de jo ))
[00:31:47] Daniel_Gatsby mondja OOC: (( kaptam kreditet xd ))
[00:31:48] Nagato_Brasco mondja OOC: (( Hova? ))
[00:31:55] Angelina_Freeman mondja OOC: (( kik az adminok? ))
[00:32:00] Henrik_T_Scaletta mondja OOC: (( am cargot is vissza lehet kérni? ))
[00:32:08] Oliver_Aciano mondja OOC: (( /exit ))
[00:32:10] Oliver_Aciano mondja OOC: (( itt ))
[00:32:15] Angelina_Freeman mondja OOC: (( kik az adminok itt most? ))
[00:32:19] Oliver_Aciano mondja OOC: (( xDD ))
[00:32:19] Daniel_Gatsby mondja OOC: (( ez eddig ne mjutott eszedbeM .. .xd ))
[00:32:28] Henrik_T_Scaletta mondja OOC: (( ugorj és úgy geteld ))
[00:32:30] Marcell_O_Neill mondja OOC: (( a-a sima maverick egyenlõre ))
[00:32:31] Connor_O_Neill mondja OOC: (( Én, Ralf, Patrik, Nagato ))
[00:32:38] Henrik_T_Scaletta mondja OOC: (( rendben ))
[00:32:41] Oliver_Aciano mondja OOC: (( itt a széf ))
[00:32:42] Angelina_Freeman mondja OOC: (( ennyi? ))
[00:32:44] Daniel_Gatsby mondja OOC: (( hány pd s van ? ))
[00:32:51] Oliver_Aciano mondja OOC: (( 2 ))
[00:33:01] Angelina_Freeman mondja OOC: (( és az a milinte? ))
[00:33:06] Angelina_Freeman mondja OOC: (( az nem? ))
[00:33:06] Connor_O_Neill mondja OOC: (( Ja és õ ))
[00:33:08] Oliver_Aciano mondja OOC: (( gyere menjûnk fell ))
[00:33:09] Angelina_Freeman mondja OOC: (( oh. ))
[00:33:21] Angelina_Freeman mondja OOC: (( eljen zoe es kyle ugye? ... ))
[00:33:22] Nagato_Brasco mondja OOC: (( Én? ))
[00:33:28] Oliver_Aciano mondja OOC: (( /enter ))
[00:33:28] Connor_O_Neill mondja OOC: (( õk nem jönnek ))
[00:33:32] Nagato_Brasco mondja OOC: (( Venni pár új dögöt a frakciónak ))
[00:33:33] Angelina_Freeman mondja OOC: (( hát.. ))
[00:33:37] Nagato_Brasco mondja OOC: (( Ez Edienek kell ))
[00:33:52] Nagato_Brasco mondja OOC: (( Itt áll elötted ))
[00:33:54] Marcell_O_Neill mondja OOC: (( Henrik LSPD? ))
[00:33:55] Angelina_Freeman mondja OOC: (( Marci meg pedro jóban vannak lehet pedro jon ))
[00:33:55] Oliver_Aciano mondja OOC: (( /bsz nyit ))
[00:33:58] Henrik_T_Scaletta mondja OOC: (( jah ))
[00:34:02] Henrik_T_Scaletta mondja OOC: (( 540es jármû ))
[00:34:02] Marcell_O_Neill mondja OOC: (( ja tényleg ))
[00:34:03] Angelina_Freeman mondja OOC: (( az meg visszahúzná talán az egész brasco bagázst ))
[00:34:04] Connor_O_Neill mondja OOC: (( a-a ))
[00:34:06] Marcell_O_Neill mondja OOC: (( fk vesz jó? ))
[00:34:09] Oliver_Aciano mondja OOC: (( belép most ))
[00:34:10] Angelina_Freeman mondja OOC: (( de sztem ez így van Milintével is ))
[00:34:12] Henrik_T_Scaletta mondja OOC: (( õ rendben  ))
[00:34:15] Marcell_O_Neill mondja OOC: (( ide ird bre ))
[00:34:17] Oliver_Aciano mondja OOC: (( /stats-ban ott a pinkod ))
[00:34:20] Marcell_O_Neill mondja OOC: (( várj ))
[00:34:20] Angelina_Freeman mondja OOC: (( jó most pedro jol meg van odaat ))
[00:34:23] Marcell_O_Neill mondja OOC: (( míg elmegy ))
[00:34:25] Marcell_O_Neill mondja OOC: (( nagato ))
[00:34:38] Henrik_T_Scaletta mondja OOC: (( 80misire írd át a széf tartalmát ))
[00:34:43] Henrik_T_Scaletta mondja OOC: (( és megveszem ))
[00:34:44] Daniel_Gatsby mondja OOC: (( tudom csak nem láttam hova van irva xd ))
[00:34:48] Daniel_Gatsby mondja OOC: (( hitel az hogyan mökszik X?D ))
[00:34:59] Oliver_Aciano mondja OOC: (( inkább ne xDD ))
[00:35:05] Oliver_Aciano mondja OOC: (( nem bizok meg benne ))
[00:35:06] Marcell_O_Neill mondja OOC: (( fk id? ))
[00:35:14] Daniel_Gatsby mondja OOC: (( go ki ))
[00:35:17] Henrik_T_Scaletta mondja OOC: (( azt nem tom  ))
[00:35:26] Connor_O_Neill mondja OOC: (( an ))
[00:35:29] Connor_O_Neill mondja OOC: (( am ))
[00:35:32] [Jármûbõl] Angelina Freeman mondja: hm?
[00:35:36] Marcell_O_Neill mondja OOC: (( most ))
[00:35:36] [Jármûbõl] Angelina Freeman mondja: (())
[00:35:37] Connor_O_Neill mondja OOC: (( kikre gondolod, hogy "utálnak"? ))
[00:35:37] Edie_Morra mondja OOC: (( nem hiszem ))
[00:35:48] Angelina_Freeman mondja OOC: (( elég sokan ))
[00:35:54] Angelina_Freeman mondja OOC: (( meg mondták i ))
[00:35:58] Angelina_Freeman mondja OOC: (( nem tudok mindenkit névrõl ))
[00:36:04] Nagato_Brasco mondja OOC: (( Ezt 584-re.. ))
[00:36:10] Oliver_Aciano mondja OOC: (( nahh milyen?? ))
[00:36:13] Daniel_Gatsby mondja OOC: (( ja vohyáé fünyiroshoz xd ))
[00:36:13] Connor_O_Neill mondja OOC: (( és mit tudnak csinálni? :D biztos vagoyk benne engem sem csípnek páran, nem kell foglalkozni velük ))
[00:36:16] Marcell_O_Neill mondja OOC: (( REPÜLJ ))
[00:36:17] Nagato_Brasco mondja OOC: (( Ezt 584-re.. ))
[00:36:17] Daniel_Gatsby mondja OOC: (( menõ :D ))
[00:36:18] Henrik_T_Scaletta mondja OOC: (( lopják a patriotot :S ))
[00:36:18] [Jármûben] Nagato Brasco mondja: Megtudod?
[00:36:19] Oliver_Aciano mondja OOC: (( a bankos rendszer?? ))
[00:36:21] Marcell_O_Neill mondja OOC: (( XD ))
[00:36:26] Nagato Brasco mondja: RP szempontjából fontos lenne.
[00:36:27] Angelina_Freeman mondja OOC: (( te admin vagy ))
[00:36:28] Nagato Brasco mondja: (())
[00:36:33] Edie_Morra mondja OOC: (( ez miért nem jó? ))
[00:36:34] Daniel_Gatsby mondja OOC: (( az kurva jó xd régen volt ilyen szín is  ))
[00:36:35] Henrik_T_Scaletta mondja OOC: (( ezt hogy fogom átfesteni? ))
[00:36:37] Daniel_Gatsby mondja OOC: (( csak kivették ))
[00:36:38] Connor_O_Neill mondja OOC: (( nem mostanra gondolta ))
[00:36:38] Henrik_T_Scaletta mondja OOC: (( xd ))
[00:36:39] Oliver_Aciano mondja OOC: (( tõk menó h szelõzõn mászol be ))
[00:36:39] Angelina_Freeman mondja OOC: (( de amég engem egy admin nem csíp addig én nme sok mindent kezdek :D ))
[00:36:41] Connor_O_Neill mondja OOC: (( régebbrõl ))
[00:36:42] Nagato_Brasco mondja OOC: (( Mert IRL ha háború van... ))
[00:36:44] Marcell_O_Neill mondja OOC: (( sf-be ))
[00:36:46] Marcell_O_Neill mondja OOC: (( mûhely ))
[00:36:47] Angelina_Freeman mondja OOC: (( én meg mostról ))
[00:36:50] Nagato_Brasco mondja OOC: (( A tankot rohadtul nem viszik el a benzinkútra tankolni ))
[00:36:53] Daniel_Gatsby mondja OOC: (( fõleg mikor menekülésnél eltévedsz xd ))
[00:37:00] Connor_O_Neill mondja OOC: (( ha az számít én <3 ))
[00:37:06] Edie_Morra mondja OOC: (( tankold meg ))
[00:37:08] Angelina_Freeman mondja OOC: (( nem számít hogy te most <3 ))
[00:37:11] Nagato_Brasco mondja OOC: (( Nem úgy értem. ))
[00:37:13] Edie_Morra mondja OOC: (( vr 3 ))
[00:37:20] Connor_O_Neill mondja OOC: (( eh holvan hq xd ))
[00:37:24] Nagato_Brasco mondja OOC: (( 5 ös admintól van javitás .:D ))
[00:37:31] Edie_Morra mondja OOC: (( akkor javítom ))
[00:37:32] Nagato_Brasco mondja OOC: (( 4es vagyok :) Majd pár hónap múlva :D ))
[00:37:35] Nagato_Brasco mondja OOC: (( De nem ez a baj ))
[00:37:46] Nagato_Brasco mondja OOC: (( Benzinszállitó trailert akartam venni a katonaságnak ))
[00:37:50] Henrik_T_Scaletta mondja OOC: (( régi vagy új? ))
[00:37:54] Nagato_Brasco mondja OOC: (( Mert ugye azt is szoktak szállitani... ))
[00:38:06] Nagato_Brasco mondja OOC: (( Abban ideggázt, vagy gyulékony anyagot... ))
[00:38:11] Nagato_Brasco mondja OOC: (( Tehát RP-zni, érted? ))
[00:38:20] Marcell_O_Neill mondja OOC: (( itt ))
[00:38:22] Nagato_Brasco mondja OOC: (( Bocsi ))
[00:38:24] Marcell_O_Neill mondja OOC: (( majd jobbra ))
[00:38:26] Marcell_O_Neill mondja OOC: (( úgy értem ))
[00:38:27] Nagato_Brasco mondja OOC: (( Esetleg kaphatnánk egyet? ))
[00:38:31] Connor_O_Neill mondja OOC: (( hát pedig azokkal kéne pont "foglalkozni" akik érdeklõdnek is irántad :D ))
[00:38:31] Marcell_O_Neill mondja OOC: (( a tûzoltóság ))
[00:38:34] Marcell_O_Neill mondja OOC: (( környékén tudod ))
[00:38:39] Nagato_Brasco mondja OOC: (( 584-bõl? ))
[00:38:40] Angelina_Freeman mondja OOC: (( ki lenne az? ))
[00:38:40] Marcell_O_Neill mondja OOC: (( vissza na xD ))
[00:38:42] Oliver_Aciano mondja OOC: (( hol a fûnyiros?? ))
[00:38:42] Nagato_Brasco mondja OOC: (( Gyere. ))
[00:38:43] Marcell_O_Neill mondja OOC: (( balra ))
[00:38:44] Angelina_Freeman mondja OOC: (( mondd :) ))
[00:38:57] Marcell_O_Neill mondja OOC: (( ott ))
[00:39:00] Marcell_O_Neill mondja OOC: (( jobbra ))
[00:39:02] Marcell_O_Neill mondja OOC: (( nemez xd ))
[00:39:05] Marcell_O_Neill mondja OOC: (( feljebb ))
[00:39:07] Marcell_O_Neill mondja OOC: (( és elõlre ))
[00:39:08] Marcell_O_Neill mondja OOC: (( tudod ))
[00:39:10] Marcell_O_Neill mondja OOC: (( =/b ezaz ))
[00:39:11] Connor_O_Neill mondja OOC: (( rosszul értelmezel ))
[00:39:12] Oliver_Aciano mondja OOC: (( mert én nemvoltam fûnyiros sose xDD ))
[00:39:17] Edie_Morra mondja OOC: (( nem lehet venni trailert? ))
[00:39:23] Nagato_Brasco mondja OOC: (( Nem ))
[00:39:26] Angelina_Freeman mondja OOC: (( én már itt abban sem bízok, aki még egy rossz szót sem mondott felém. ))
[00:39:27] Daniel_Gatsby mondja OOC: (( /gps fûnyírók  ))
[00:39:32] Daniel_Gatsby mondja OOC: (( xd ))
[00:39:35] Marcell_O_Neill mondja OOC: (( szálj ki ))
[00:39:39] Connor_O_Neill mondja OOC: (( Lehet játszani tovább, nem kell túlaprózni semmit :D ))
[00:39:48] Emma Stone mondja: na
[00:39:52] Daniel_Gatsby mondja OOC: (( gleenpark ))
[00:40:04] Nagato_Brasco mondja OOC: (( Na ilyen kellene. ))
[00:40:05] Edie_Morra mondja OOC: (( jah vágom tanker ))
[00:40:06] Angelina_Freeman mondja OOC: (( mindig azon agyalok mit rontottam el ))
[00:40:09] Nagato_Brasco mondja OOC: (( Katonai eszközökre. ))
[00:40:15] Angelina_Freeman mondja OOC: (( miért adtam én egy-két embernek leadert ccnben ))
[00:40:16] Henrik_T_Scaletta mondja OOC: (( kösz ))
[00:40:23] Marcell_O_Neill mondja OOC: (( nincsmit ))
[00:40:24] Angelina_Freeman mondja OOC: (( mondjuk pl a nyalisnak is... ))
[00:40:25] Connor_O_Neill mondja OOC: (( Mikor kezdtek utálni ahogy te állítod.. ))
[00:40:26] Nagato_Brasco mondja OOC: (( Biológiai vagy vegyi anyagokat... ebben szállitani, a kutató bázisra... ))
[00:40:32] Nagato_Brasco mondja OOC: (( Mert Fort De Morgan egy kutató bázis... ))
[00:40:36] Angelina_Freeman mondja OOC: (( mindig volt utálóm ))
[00:40:43] Angelina_Freeman mondja OOC: (( de legfõbb képp kormányba lépésemkor ))
[00:40:47] Nagato_Brasco mondja OOC: (( És ez jó lenne... érted? ))
[00:40:55] * megrázkodnak ((Daniel_Gatsby))
[00:40:57] Edie_Morra mondja OOC: (( id-t mond mit kell mire ))
[00:40:58] Nagato_Brasco mondja OOC: (( Mert fegyverre ott a barracks ))
[00:41:01] Edie_Morra mondja OOC: (( és csinálom ))
[00:41:03] Connor_O_Neill mondja OOC: (( és? mindig nem tudom mit érdekelnek az ilyen emberek ))
[00:41:03] Angelina_Freeman mondja OOC: (( akkor jött be ugye hogy a legtöbb ismeretlen Brasco, admint, as-t kapott ))
[00:41:06] Nagato_Brasco mondja OOC: (( Õõõ ))
[00:41:12] Nagato_Brasco mondja OOC: (( 641-et  ))
[00:41:17] Edie_Morra mondja OOC: (( ok ))
[00:41:20] Angelina_Freeman mondja OOC: (( az, hogy én szót emelek az igazságtalanságért ))
[00:41:21] Nagato_Brasco mondja OOC: (( Az a rendszáma. ))
[00:41:24] Nagato_Brasco mondja OOC: (( Getelem ))
[00:41:29] Angelina_Freeman mondja OOC: (( LEon Toretto mire kapott FAS-t régen? ))
[00:41:35] Angelina_Freeman mondja OOC: (( alig láttam valaha adminnak ))
[00:41:39] Nagato_Brasco mondja OOC: (( Ebbõl az autóból kellene egy ilyen trailer. ))
[00:41:40] Angelina_Freeman mondja OOC: (( és FAS lett ))
[00:41:45] Angelina_Freeman mondja OOC: (( utána Kyle ))
[00:41:46] Nagato_Brasco mondja OOC: (( 1 bázisra elég 1. ))
[00:41:48] Connor_O_Neill mondja OOC: (( biztos volt rá ok.. ))
[00:41:50] Angelina_Freeman mondja OOC: (( Zoe ))
[00:41:53] Angelina_Freeman mondja OOC: (( biztos ))
[00:42:05] Daniel_Gatsby mondja OOC: (( sdf rz mi ? ))
[00:42:11] Daniel_Gatsby mondja OOC: (( gec i xd ))
[00:42:12] Angelina_Freeman mondja OOC: (( Kyle-Zoe-Kashin csak úgy kitúrták lilient a helyérõl ))
[00:42:15] Oliver_Aciano mondja OOC: (( bolt ))
[00:42:19] Daniel_Gatsby mondja OOC: (( fasza :DDD ))
[00:42:20] Oliver_Aciano mondja OOC: (( egy parkoloval :D ))
[00:42:30] Daniel_Gatsby mondja OOC: (( lottozoo xd ))
[00:42:33] Connor_O_Neill mondja OOC: (( jah ))
[00:42:34] Angelina_Freeman mondja OOC: (( Lilynek volt egy-két ugye de akkor is  ))
[00:42:34] Daniel_Gatsby mondja OOC: (( vesze d ))
[00:42:42] Angelina_Freeman mondja OOC: (( az egy dolog hogy julcsaval ment rabolgatni ))
[00:42:46] Daniel_Gatsby mondja OOC: (( napsztmeg ))
[00:42:48] Daniel Gatsby mondja: 6b nicns kessem 
[00:42:49] Daniel_Gatsby mondja OOC: (( xd ))
[00:42:55] Angelina_Freeman mondja OOC: (( ugy hogy sok boldogságot zoenak es kylenak ))
[00:43:01] Angelina_Freeman mondja OOC: (( hogy a kutya kergetne meg oket ))
[00:43:07] Patrik_O_Neill mondja OOC: (( xD ))
[00:43:09] Oliver_Aciano mondja OOC: (( miazhogy nincs?, ))
[00:43:12] Oliver_Aciano mondja OOC: (( /lotto ))
[00:43:13] Angelina_Freeman mondja OOC: (( ? ))
[00:43:15] Marcell_O_Neill mondja OOC: (( XD ))
[00:43:16] Oliver_Aciano mondja OOC: (( /lotto ))
[00:43:24] Daniel_Gatsby mondja OOC: (( na bazdmeg máárr xd ))
[00:43:25] Connor_O_Neill mondja OOC: (( ejnye ))
[00:43:26] Oliver_Aciano mondja OOC: (( /lotto ))
[00:43:29] Angelina_Freeman mondja OOC: (( inkb lelepek mert kissebsegi erzetem van ))
[00:43:32] Daniel_Gatsby mondja OOC: (( na bazdmeg máárr xd ))
[00:43:34] Marcell_O_Neill mondja OOC: (( bizniszt nem adunk vissza :S ))
[00:43:38] Marcell_O_Neill mondja OOC: (( de kocsit tudok ))
[00:43:39] Connor_O_Neill mondja OOC: (( tetudod ))
[00:43:42] Daniel_Gatsby mondja OOC: (( na bazdmeg máárr xd ))
[00:43:43] Archie B Hollywood mondja: komolyan?
[00:43:45] Oliver_Aciano mondja OOC: (( /lotto ))
[00:43:47] Marcell_O_Neill mondja OOC: (( aha xd ))
[00:43:49] Daniel_Gatsby mondja OOC: (( beragtam kesst bank xd ))
[00:43:51] Angelina_Freeman mondja OOC: (( azthittem egy admin talit zavartam meg. ))
[00:43:55] Archie B Hollywood mondja: de mért
[00:43:59] Archie B Hollywood mondja: 1éves munka a semmibe 
[00:44:01] Marcell_O_Neill mondja OOC: (( mert egyenlõre adminkézbe van ))
[00:44:02] Connor_O_Neill mondja OOC: (( nincs semmilyen tali :D ))
[00:44:04] Oliver_Aciano mondja OOC: (( bsz-rõl leveszi ))
[00:44:05] Archie B Hollywood mondja: de gyémántot igen?
[00:44:05] Marcell_O_Neill mondja OOC: (( de utána megveheted  ))
[00:44:07] Angelina_Freeman mondja OOC: (( hat joh ))
[00:44:12] Oliver_Aciano mondja OOC: (( /lotto ))
[00:44:12] Daniel_Gatsby mondja OOC: (( nekem azt mondja nincs elék pénzed ))
[00:44:14] Marcell_O_Neill mondja OOC: (( fu azt nem tudom ))
[00:44:18] Marcell_O_Neill mondja OOC: (( majd megkérdem Edie-t még ))
[00:44:18] Archie_B_Hollywood mondja OOC: (( volt nekem ))
[00:44:24] Daniel_Gatsby mondja OOC: (( 1500 ft nak kell lennie ))
[00:44:26] Connor_O_Neill mondja OOC: (( nagato szerint lenyúltalak xd ))
[00:44:34] Angelina_Freeman mondja OOC: (( ... ))
[00:44:40] Oliver_Aciano mondja OOC: (( nekem engedte :D ))
[00:44:46] Connor_O_Neill mondja OOC: (( van bajod nagival amúgy vagy micsoda? ))
[00:44:47] Daniel_Gatsby mondja OOC: (( mert volt nálad kp nem? ))
[00:44:47] Angelina_Freeman mondja OOC: (( Nagato olyan kis rendes csak túl dramatizálja a dolgokat ))
[00:44:51] Angelina_Freeman mondja OOC: (( nincs ))
[00:44:53] Archie B Hollywood mondja: infernus monster sultan
[00:44:55] Angelina_Freeman mondja OOC: (( nagyon aranyos meg minden ))
[00:44:55] Oliver_Aciano mondja OOC: (( nemtom xDD ))
[00:44:59] Daniel_Gatsby mondja OOC: (( nyilván xd ))
[00:45:01] Oliver_Aciano mondja OOC: (( nemnéztem, :D ))
[00:45:01] Connor_O_Neill mondja OOC: (( hallanád tsen :D ))
[00:45:02] Marcell_O_Neill mondja OOC: (( sultant adok ))
[00:45:02] Angelina_Freeman mondja OOC: (( sajnálom is hogy itt hagyom ))
[00:45:04] Archie B Hollywood mondja: monstert nem tudom használni adj helyette infit
[00:45:07] Angelina_Freeman mondja OOC: (( jajjj nem akarom ))
[00:45:12] Marcell_O_Neill mondja OOC: (( figy ))
[00:45:13] Angelina_Freeman mondja OOC: (( egyszer meghallgattam énekelni :p ))
[00:45:22] Marcell_O_Neill mondja OOC: (( amit nem adunk már ))
[00:45:33] Connor_O_Neill mondja OOC: (( jah ))
[00:45:36] Connor_O_Neill mondja OOC: (( rendes gyerek ))
[00:45:38] Marcell_O_Neill mondja OOC: (( az: infi, bullet, turismo, shamal, maverick,  ))
[00:45:40] Angelina_Freeman mondja OOC: (( hát az ))
[00:45:44] Oliver_Aciano mondja OOC: (( xDD ))
[00:45:47] Daniel_Gatsby mondja OOC: (( megnézem mennyit keres xd ))
[00:45:48] Marcell_O_Neill mondja OOC: (( sultant se nagyon, de neked még adok szívesen ))
[00:45:52] Edie_Morra mondja OOC: (( ide kell ))
[00:45:54] Edie_Morra mondja OOC: (( ? ))
[00:45:56] Archie B Hollywood mondja: jóvan
[00:46:00] Nagato Brasco mondja: Ühüm.
[00:46:01] Archie B Hollywood mondja: akkor most mivan 3 sultan?
[00:46:02] Nagato Brasco mondja: (())
[00:46:02] Angelina_Freeman mondja OOC: (( de tényleg az :) ))
[00:46:12] Marcell_O_Neill mondja OOC: (( 1ház 1 kocsit ))
[00:46:17] Connor_O_Neill mondja OOC: (( balátod ))
[00:46:21] Connor_O_Neill mondja OOC: (( na ))
[00:46:25] Angelina_Freeman mondja OOC: (( balatom? ))
[00:46:31] Archie B Hollywood mondja: jóvan
[00:46:33] Connor_O_Neill mondja OOC: (( nalátod ))
[00:46:35] Archie B Hollywood mondja: akkor fullos sultan
[00:46:42] Angelina_Freeman mondja OOC: (( micsodat? ))
[00:46:50] Angelina_Freeman mondja OOC: (( úgy sem fogok vele osszejonni ic... ))
[00:46:58] Marcell_O_Neill mondja OOC: (( tuningot nem tudok adni :s ))
[00:46:58] Connor_O_Neill mondja OOC: (( volt idõ mikor nem bírtad nem? ))
[00:47:01] Angelina_Freeman mondja OOC: (( ha egyszer nem is fogok itt jatszani max lilyvel talizunk ))
[00:47:02] Daniel_Gatsby mondja OOC: (( 400 ft / cp xd ))
[00:47:06] Angelina_Freeman mondja OOC: (( nem volt olyan :D ))
[00:47:07] Archie B Hollywood mondja: jóvan
[00:47:09] Archie B Hollywood mondja: lovét
[00:47:11] Connor_O_Neill mondja OOC: (( õ hétköznaponként nem is nagyon elérhetõ, tudod katona ))
[00:47:12] Daniel_Gatsby mondja OOC: (( asd ird be h /sex xdd ))
[00:47:13] Archie B Hollywood mondja: mennyit adok vissza?
[00:47:14] Marcell_O_Neill mondja OOC: (( elvették ))
[00:47:15] Oliver_Aciano mondja OOC: (( jóaz?? ))
[00:47:20] Marcell_O_Neill mondja OOC: (( 10 misi ami van ))
[00:47:27] Angelina_Freeman mondja OOC: (( tudod többet tudok róla mint te azt elképzelhetnéd :p ))
[00:47:33] Oliver_Aciano mondja OOC: (( Uhh nemár,?? ))
[00:47:36] Marcell_O_Neill mondja OOC: (( sorry, de mindenki így kapta ))
[00:47:36] Connor_O_Neill mondja OOC: (( : ))
[00:47:38] Archie B Hollywood mondja: az se nem sok 
[00:47:40] Daniel_Gatsby mondja OOC: (( xd ))
[00:47:51] Marcell_O_Neill mondja OOC: (( még én is ))
[00:47:54] Connor_O_Neill mondja OOC: (( én kérek elnézést xd ))
[00:47:56] Archie B Hollywood mondja: azért ez kibaszás 800misi vagyonom volt 
[00:48:00] Angelina_Freeman mondja OOC: (( megbocsajtom ))
[00:48:06] Edie_Morra mondja OOC: (( az... ))
[00:48:11] Marcell_O_Neill mondja OOC: (( elhiszem Archie én se vagyok boldog XD ))
[00:48:17] Angelina_Freeman mondja OOC: (( hát szegény Nagatonak kellene baratnot keresned ))
[00:48:17] Marcell_O_Neill mondja OOC: (( nekem is veszett el ))
[00:48:20] Archie_B_Hollywood mondja OOC: (( jóvan persze sok volt a pénz ))
[00:48:22] Marcell_O_Neill mondja OOC: (( és nem adok magamnak ))
[00:48:24] Archie_B_Hollywood mondja OOC: (( igy kell ))
[00:48:27] Archie_B_Hollywood mondja OOC: (( most ))
[00:48:31] Marcell_O_Neill mondja OOC: (( majd veszel valamit :D ))
[00:48:33] Marcell_O_Neill mondja OOC: (( ügyes vagy te ))
[00:48:39] Connor_O_Neill mondja OOC: (( honnan? xd ))
[00:48:41] Daniel_Gatsby mondja OOC: (( sírok xDD ))
[00:48:41] Angelina_Freeman mondja OOC: (( keress neki valakit ))
[00:48:45] Marcell_O_Neill mondja OOC: (( te jó fk vezetõ vagy ))
[00:48:47] Angelina_Freeman mondja OOC: (( passz ))
[00:48:47] Daniel_Gatsby mondja OOC: (( hát gecii xd ))
[00:48:49] Marcell_O_Neill mondja OOC: (( ismerlek ))
[00:48:52] Connor_O_Neill mondja OOC: (( az lesz elsõ dolgom.. :D ))
[00:48:53] Angelina_Freeman mondja OOC: (( de keress neki valahonnan ))
[00:48:58] Angelina_Freeman mondja OOC: (( jojo ))
[00:48:59] Archie B Hollywood mondja: tudom én azt 
[00:49:01] Daniel_Gatsby mondja OOC: (( és lehet fiu fiu beszars xd ))
[00:49:01] Oliver_Aciano mondja OOC: (( ninc snállam ennyi pénz ))
[00:49:02] Marcell_O_Neill mondja OOC: (( XD ))
[00:49:13] Angelina_Freeman mondja OOC: (( Tényleg, szegénynek kell valaki :D ))
[00:49:15] Daniel_Gatsby mondja OOC: (( jó én siro kxd ))
[00:49:21] Oliver_Aciano mondja OOC: (( fbi hq ))
[00:49:21] Angelina_Freeman mondja OOC: (( legalább ic ))
[00:49:21] Daniel_Gatsby mondja OOC: (( mennyünk be xd ))
[00:49:30] Archie_B_Hollywood mondja OOC: (( adminszintel mivan? ))
[00:49:37] Connor_O_Neill mondja OOC: (( csakis ic xd ))
[00:49:44] Marcell_O_Neill mondja OOC: (( akarsz jönni? ))
[00:49:47] Marcell_O_Neill mondja OOC: (( vissza? ))
[00:49:50] Angelina_Freeman mondja OOC: (( am hanyas admin vagy? :D ))
[00:49:51] Daniel_Gatsby mondja OOC: (( de ez csak garázs xd ))
[00:49:54] Oliver_Aciano mondja OOC: (( szép ))
[00:49:55] Archie_B_Hollywood mondja OOC: (( nem tudom egyenlõre mit kapok ))
[00:49:56] Angelina_Freeman mondja OOC: (( te is 4-es? :d ))
[00:50:00] Connor_O_Neill mondja OOC: (( 1 ))
[00:50:08] Angelina_Freeman mondja OOC: (( jah azt hittem mindenki négyes admin ))
[00:50:12] Angelina_Freeman mondja OOC: (( :D ))
[00:50:19] Connor_O_Neill mondja OOC: (( dehogy ))
[00:50:28] Connor_O_Neill mondja OOC: (( aztán mindenki jön vele h ))
[00:50:31] Daniel_Gatsby mondja OOC: (( nem tod? Xd ))
[00:50:38] Connor_O_Neill mondja OOC: (( én vagyok a szarember szépen felnyaltam magam mikor tettem is valamit.. ))
[00:50:38] Oliver_Aciano mondja OOC: (( nem ))
[00:50:40] Nagato_Brasco mondja OOC: (( Csodás. ))
[00:50:43] Marcell_O_Neill mondja OOC: (( pill ))
[00:50:46] Marcell_O_Neill mondja OOC: (( és jövök ))
[00:50:48] Marcell_O_Neill mondja OOC: (( ahegy ))
[00:50:48] Archie B Hollywood mondja: jóvan
[00:50:49] Angelina_Freeman mondja OOC: (( tettél le valamit? :o ))
[00:50:53] Angelina_Freeman mondja OOC: (( naaa csak viccelek :D ))
[00:50:57] Daniel Gatsby mondja: Hivom
[00:50:59] Angelina_Freeman mondja OOC: (( nézd ))
[00:51:02] Marcell_O_Neill mondja OOC: (( nemar ezt a sknt xd ))
[00:51:02] Angelina_Freeman mondja OOC: (( :) ))
[00:51:03] Connor_O_Neill mondja OOC: (( igen, de ezt inkább a tulajok tudják ))
[00:51:08] Marcell_O_Neill mondja OOC: (( tudod ki az Archie B Hollywood? ))
[00:51:12] Marcell_O_Neill mondja OOC: (( admin volt anno ))
[00:51:14] Daniel Gatsby mondja: 5.
[00:51:18] Angelina_Freeman mondja OOC: (( ezen kézifék van? :o ))
[00:51:20] Connor_O_Neill mondja OOC: (( nemis itt van helye xd ))
[00:51:22] Marcell_O_Neill mondja OOC: (( megkérdeztem õket ))
[00:51:23] Daniel Gatsby mondja: tetõ?
[00:51:28] Daniel Gatsby mondja: 20.
[00:51:29] Oliver Aciano mondja: Oké
[00:51:37] Marcell_O_Neill mondja OOC: (( hogy a többiek mit gondolnak ))
[00:51:39] Marcell_O_Neill mondja OOC: (( meg téged is ugye ))
[00:51:41] Connor_O_Neill mondja OOC: (( nemá :D ))
[00:51:41] Marcell_O_Neill mondja OOC: (( szted? ))
[00:51:46] Marcell_O_Neill mondja OOC: (( mert most nem árt az admin az elején ))
[00:51:49] Marcell_O_Neill mondja OOC: (( sok a melo tudod ))
[00:52:01] Connor_O_Neill mondja OOC: (( xD ))
[00:52:02] Angelina_Freeman mondja OOC: (( ne mar ))
[00:52:06] Marcell_O_Neill mondja OOC: (( Dolph is javasolta hogy vegyünk párat még fel pl akik régen is voltak ))
[00:52:10] Edie_Morra mondja OOC: (( Jah Archie ))
[00:52:14] Edie_Morra mondja OOC: (( õõõ ))
[00:52:17] Edie_Morra mondja OOC: (( nem is tudom ))
[00:52:24] Marcell_O_Neill mondja OOC: (( én jó adminnak ismertem am ))
[00:52:28] Marcell_O_Neill mondja OOC: (( sztem szigorú ))
[00:52:32] Marcell_O_Neill mondja OOC: (( de azért jófej is ))
[00:52:41] Angelina_Freeman mondja OOC: (( ne mar ))
[00:52:43] Oliver_Aciano mondja OOC: (( xDD ))
[00:52:46] Angelina_Freeman mondja OOC: (( kosz ))
[00:52:49] Daniel_Gatsby mondja OOC: (( hova lettél?XD ))
[00:52:52] Marcell_O_Neill mondja OOC: (( de ha úgy van én nevezem ki már xd ))
[00:52:53] Angelina_Freeman mondja OOC: (( kosz mindenhol ))
[00:52:54] Nagato Brasco suttogja: Elrabolhatlak?
[00:52:56] Angelina Freeman mondja: ne
[00:52:56] Oliver_Aciano mondja OOC: (( Feleted ))
[00:52:57] Angelina Freeman mondja: nem
[00:52:59] Nagato_Brasco mondja OOC: (( :( ))
[00:53:06] Daniel_Gatsby mondja OOC: (( hova lettél?XD ))
[00:53:14] Oliver_Aciano mondja OOC: (( A lift tetején ))
[00:53:14] Daniel_Gatsby mondja OOC: (( jaa xd ))
[00:53:18] Daniel_Gatsby mondja OOC: (( hogy ?XD ))
[00:53:24] Oliver_Aciano mondja OOC: (( földszint go ))
[00:53:31] Oliver_Aciano mondja OOC: (( kiestem szerintem ))
[00:53:38] Angelina_Freeman mondja OOC: (( nagato ))
[00:53:53] Oliver_Aciano mondja OOC: (( áhhh ))
[00:54:10] Nagato_Brasco mondja OOC: (( ? ))
[00:54:11] Angelina_Freeman mondja OOC: (( szia nagato ))
[00:54:14] Nagato_Brasco mondja OOC: (( Üdv. ))
[00:54:14] Angelina_Freeman mondja OOC: (( idehozod a kocsiamt? ))
[00:54:18] Angelina_Freeman mondja OOC: (( 520-as ))
[00:54:18] Nagato_Brasco mondja OOC: (( RSZ? ))
[00:54:20] Daniel_Gatsby mondja OOC: (( elnyomtam xd fel akartam üresen küldeni xd ))
[00:54:26] Connor_O_Neill mondja OOC: (( xD ))
[00:54:27] Angelina_Freeman mondja OOC: (( kosz ))
[00:54:28] Daniel Gatsby ordítja: PaPA!!
[00:54:34] Oliver Aciano ordítja: Itt!!
[00:54:40] Daniel Gatsby ordítja: Nem látalk!!
[00:54:53] Connor_O_Neill mondja OOC: (( legalább jólesik? xd ))
[00:54:53] Angelina_Freeman mondja OOC: (( de neked lemegy nekem nem.. ))
[00:55:04] Daniel Gatsby ordítja: NEM LÁTLAK!!
[00:55:07] Angelina_Freeman mondja OOC: (( dE NE TOLD MAR ))
[00:55:33] Daniel Gatsby ordítja: PaPA!!
[00:55:44] Angelina_Freeman mondja OOC: (( DE Ne ))
[00:55:48] Daniel Gatsby ordítja: PaPA!!
[00:55:53] Angelina_Freeman mondja OOC: (( -.- ))
[00:55:55] Connor_O_Neill mondja OOC: (( nemértelek xd ))
[00:55:56] Nagato_Brasco mondja OOC: (( Ki lettem használva -.-" ))
[00:55:58] Angelina_Freeman mondja OOC: (( olynizevagy ))
[00:55:59] Daniel Gatsby mondja: :'(
[00:56:00] Nagato_Brasco mondja OOC: (( Gonoszak ))
[00:56:06] Connor_O_Neill mondja OOC: (( lol ))
[00:56:11] Daniel Gatsby ordítja: AKKOR EL MEGYEK!!
[00:56:14] Connor_O_Neill mondja OOC: (( azt lehívja kocsim és neki áll feljebb ))
[00:56:21] Marcell_O_Neill mondja OOC: (( XD ))
[00:56:29] Archie_B_Hollywood mondja OOC: (( sfpd be akkarok lenni xd ))
[00:56:38] Archie_B_Hollywood mondja OOC: (( legjobb ))
[00:56:50] Nagato_Brasco mondja OOC: (( :( ))
[00:56:52] Angelina_Freeman mondja OOC: (( vííí lelépett :) ))
[00:57:02] Nagato_Brasco mondja OOC: (( Gonosz vagy nagyon. ))
[00:57:07] Angelina_Freeman mondja OOC: (( mert? ))
[00:57:10] Marcell_O_Neill mondja OOC: (( sfpd késõbb lesz ))
[00:57:12] Nagato_Brasco mondja OOC: (( Mert az vagy. :( ))
[00:57:15] Angelina_Freeman mondja OOC: (( oks csa ))
[00:57:20] Marcell_O_Neill mondja OOC: (( de segítek hogy bejuss mert te ott nagy voltál :D ))
[00:57:28] Marcell_O_Neill mondja OOC: (( toborozz playert és elõbb lehetsz az :D ))
[00:57:34] Archie B Hollywood mondja: ja meg swat fõleader meg FBI
[00:57:42] Archie_B_Hollywood mondja OOC: (( de az nem akkarok lenni xd ))
[00:57:46] Archie_B_Hollywood mondja OOC: (( sok volt ))
[00:57:51] Angelina Freeman mondja: búúú
[00:57:52] Patrik_O_Neill mondja OOC: (( patt be ))
[00:57:53] Angelina Freeman mondja: ijjedj meg
[00:58:02] Nagato_Brasco mondja OOC: (( jujj ))
[00:58:05] Nagato_Brasco mondja OOC: (( megijedtem ))
[00:58:07] Angelina_Freeman mondja OOC: (( /me a frász jön rá ))
[00:58:11] Angelina Freeman mondja: hahahaha
[00:58:12] Angelina Freeman mondja: megijedt
[00:58:31] Archie_B_Hollywood mondja OOC: (( ki hányas admin? ))
[00:58:37] Angelina_Freeman mondja OOC: (( bármit megtennél nekem? ))
[00:58:41] Angelina_Freeman mondja OOC: (( :) ))
[00:58:41] Marcell_O_Neill mondja OOC: (( hu ))
[00:58:45] Marcell_O_Neill mondja OOC: (( én meg Edie ))
[00:58:47] Marcell_O_Neill mondja OOC: (( 5555 ))
[00:58:56] Patrik_O_Neill mondja OOC: (( és elnézést Oliver ))
[00:58:56] Oliver_Aciano mondja OOC: (( köszi ))
[00:58:57] Marcell_O_Neill mondja OOC: (( akk Dolph 1340 ))
[00:58:59] Patrik_O_Neill mondja OOC: (( nm ))
[00:59:02] Oliver_Aciano mondja OOC: (( semmi gond :D ))
[00:59:03] Nagato_Brasco mondja OOC: (( Hát, amit a hatásköröm enged. ))
[00:59:05] Patrik_O_Neill mondja OOC: (( :) ))
[00:59:05] Angelina_Freeman mondja OOC: (( a helikoptert is lehoznád nekem az égbõl? :) ))
[00:59:12] Marcell_O_Neill mondja OOC: (( mike 1336 vagy mi :D ))
[00:59:13] Nagato_Brasco mondja OOC: (( Melyiket? ))
[00:59:16] Angelina_Freeman mondja OOC: (( hát ))
[00:59:16] Marcell_O_Neill mondja OOC: (( fõadmin ))
[00:59:18] Angelina_Freeman mondja OOC: (( mindegy ))
[00:59:21] Marcell_O_Neill mondja OOC: (( Ralf 5 ))
[00:59:27] Oliver_Aciano mondja OOC: (( xDDû ))
[00:59:28] Nagato_Brasco mondja OOC: (( Egy helikoptert szeretnél? ))
[00:59:28] Angelina_Freeman mondja OOC: (( csak adjon ejtõernyõt ha kiszállok belõle :D ))
[00:59:29] Daniel_Gatsby mondja OOC: (( pedig kurva álmos vagyok már xd ))
[00:59:31] Angelina_Freeman mondja OOC: (( aha ))
[00:59:32] Nagato_Brasco mondja OOC: (( Nem fog adni. ))
[00:59:39] Angelina_Freeman mondja OOC: (( de szokott adni ))
[00:59:44] Nagato_Brasco mondja OOC: (( ^^ ))
[00:59:44] Angelina_Freeman mondja OOC: (( óóóó köszi ))
[00:59:50] Angelina_Freeman mondja OOC: (( van még nálad? ))
[00:59:52] Angelina_Freeman mondja OOC: (( :) ))
[00:59:53] Nagato_Brasco mondja OOC: (( Nincs ))
[00:59:59] Angelina_Freeman mondja OOC: (( osztoszkodjunk ))
[01:00:19] Angelina_Freeman mondja OOC: (( osztozzun kegyen ))
[01:00:25] Nagato_Brasco mondja OOC: (( :( ))
[01:00:32] Angelina_Freeman mondja OOC: (( xd fuj ))
[01:00:48] Angelina_Freeman mondja OOC: (( talizunk lent sziaaa ))
[01:00:51] Oliver_Aciano mondja OOC: (( nahh amikor felépsz innen folytatopd ))
[01:00:56] Daniel_Gatsby mondja OOC: (( oksa :D  ))
[01:01:03] Daniel_Gatsby mondja OOC: (( na csá go kcisit fb :D ))
[01:01:08] Oliver_Aciano mondja OOC: (( go fb :D ))
[01:01:17] Archie_B_Hollywood mondja OOC: (( ralf 3 volt ))
[01:01:58] Marcell_O_Neill mondja OOC: (( kajak?xd ))
[01:01:59] Angelina Freeman ordítja: jövök!!
[01:02:04] Archie B Hollywood mondja: vagy 4 
[01:02:09] Archie B Hollywood mondja: utoljára
[01:02:09] Marcell_O_Neill mondja OOC: (( 4 volt sztem ))
[01:02:12] Archie B Hollywood mondja: 2éve lehet volt 5
[01:02:17] Marcell_O_Neill mondja OOC: (( és adtunk neki 5öt most így ))
[01:02:19] Archie_B_Hollywood mondja OOC: (( utoljára 3 volt ))
[01:02:24] Angelina Freeman mondja: neeee
[01:03:06] Archie B Hollywood mondja: vigyé el bankba
[01:03:21] Marcell_O_Neill mondja OOC: (( XD ))
[01:03:29] Nagato_Brasco mondja OOC: (( Bármit. ))
[01:03:30] Nagato_Brasco mondja OOC: (( :) ))
[01:04:00] Angelina_Freeman mondja OOC: (( koszonom szepen :) ))
[01:04:11] Nagato_Brasco mondja OOC: (( Meddig leszel? ))
[01:04:12] Archie B Hollywood ordítja: ENTERCAR!!
[01:04:13] Angelina_Freeman mondja OOC: (( jo nem rps korhaz :p ))
[01:04:32] Marcell_O_Neill mondja OOC: (( hova? ))
[01:04:35] [Jármûben] Archie B Hollywood mondja: sfbank
[01:05:18] Angelina_Freeman mondja OOC: (( nah én megyek szia :) ))
[01:05:21] Nagato_Brasco mondja OOC: (( Hát jó. ))
[01:05:22] Nagato_Brasco mondja OOC: (( Szia. ))
[01:05:25] Angelina_Freeman mondja OOC: (( jóéjszakát ))
[01:05:30] Nagato_Brasco mondja OOC: (( Neked is. :( ))
[01:05:48] Marcell_O_Neill mondja OOC: (( zárva van ))
[01:05:49] Marcell_O_Neill mondja OOC: (( am xd ))
[01:05:56] Marcell_O_Neill mondja OOC: (( hátul gyerünk be XD ))
[01:05:56] Archie B Hollywood mondja: ?
[01:07:23] Archie B Hollywood mondja: szia baby rég láttalak
[01:07:53] Archie B Hollywood mondja: lett belöle 9 
[01:09:06] Marcell_O_Neill mondja OOC: (( xD ))
[01:09:10] Algernon_Youngmay mondja OOC: (( üdv ))
[01:09:18] Marcell_O_Neill mondja OOC: (( dik de bugos xd ))
[01:09:31] Algernon_Youngmay mondja OOC: (( a villamost?d ))
[01:11:41] Archie B Hollywood ordítja: pm 16 elég lett volna !!
[01:11:54] Archie B Hollywood ordítja: pm 16 elég lett volna !!
[01:11:58] Marcell_O_Neill mondja OOC: (( XD ))
[01:12:04] Archie B Hollywood mondja: na megyek
[01:12:06] Archie B Hollywood mondja: alvás van
[01:12:08] Marcell_O_Neill mondja OOC: (( okés ))
[01:12:10] Marcell_O_Neill mondja OOC: (( jóéjt ))
[01:12:14] Archie B Hollywood mondja: na csõcsõ jóéjt
[02:38:05] Edie Morra mondja: /fk lista
[02:48:58] Nagato_Brasco mondja OOC: (( 110 ))
[02:52:01] * Eltelik 30 perc. ((Algernon_Youngmay))
[02:52:01] * Eltelik 30-40 perc. ((Algernon_Youngmay))
[02:52:02] * Eltelik 30-40 perc. ((Algernon_Youngmay))
[02:52:02] * Eltelik 5 perc. ((Algernon_Youngmay))
[03:00:29] * Eltelik 30 perc. ((Algernon_Youngmay))
[03:00:29] * Eltelik 30-40 perc. ((Algernon_Youngmay))
[03:00:29] * Eltelik 30-40 perc. ((Algernon_Youngmay))
[03:00:30] * Eltelik 5 perc. ((Algernon_Youngmay))
[03:13:38] Nagato_Brasco mondja OOC: (( /makeleader 18 13 ))
[03:13:52] Nagato_Brasco mondja OOC: (( /fegyverek /lõszerek ))
[03:13:59] Nagato_Brasco mondja OOC: (( /fegyverek /lõszerek ))
[03:18:52] Nagato_Brasco mondja OOC: (( anyád ))
[03:18:53] Nagato_Brasco mondja OOC: (( xd ))
[03:26:09] Nagato_Brasco mondja OOC: (( /fsz kirabol fegyver ))
[03:26:18] Nagato_Brasco mondja OOC: (( /fsz kirabol lõszer ))
[03:26:41] Nagato_Brasco mondja OOC: (( /fsz kirabol lõszer ))
[03:33:11] Algernon_Youngmay mondja OOC: (( nem hinném ))
[03:34:26] Nagato_Brasco mondja OOC: (( /ksz kirabol fegyver , /duty szolgálat ))
[03:48:59] * Eltelik 30 perc. ((Algernon_Youngmay))
[03:49:00] * Eltelik 30-40 perc. ((Algernon_Youngmay))
[03:49:13] * Eltelik 30-40 perc. ((Algernon_Youngmay))
[03:49:14] * Eltelik 5 perc. ((Algernon_Youngmay))
[03:55:26] Nagato_Brasco mondja OOC: (( /objectinfo ))
[04:04:44] (( (Szajkendo)Algernon_Youngmay mondja OOC: geci fps ))
[04:07:25] * Eltelik 30 perc. ((Algernon_Youngmay))
[04:07:26] * Eltelik 30-40 perc. ((Algernon_Youngmay))
[04:07:26] * Eltelik 30-40 perc. ((Algernon_Youngmay))
[04:07:26] * Eltelik 5 perc. ((Algernon_Youngmay))
[04:08:57] [TELEFON]Marcell_O_Neill mondja Nagato_Brasco-nek: Haló
[04:09:00] [TELEFON]Nagato_Brasco mondja Marcell_O_Neill-nek: Csõ
[04:09:01] [TELEFON]Nagato_Brasco mondja Marcell_O_Neill-nek: xD
[04:09:03] Marcell_O_Neill mondja OOC: (( xd ))
[05:46:32] Stewe Capleone suttogja: bvuy
[05:46:34] Stewe Capleone suttogja: buy
[05:48:34] [Stewe_Capleone]* Valaki megüti magát
[05:49:52] [Stewe_Capleone]* Valaki megüti magát
[05:54:24] Marcell O Neill mondja: û
[05:56:21] Stewe_Capleone mondja OOC: (( Gy ))
[05:56:22] Marcell_O_Neill mondja OOC: (( üdv ))
[05:56:25] Stewe_Capleone mondja OOC: (( Hy ))
[05:56:25] Marcell_O_Neill mondja OOC: (( tudnál segíteni? ))
[05:56:29] Stewe_Capleone mondja OOC: (( persze miben? ))
[05:56:29] Marcell_O_Neill mondja OOC: (( tesztelni kéne ))
[05:56:31] Marcell_O_Neill mondja OOC: (( /mp4 lista ))
[05:56:35] Marcell_O_Neill mondja OOC: (( és classrpg radio ))
[05:56:38] Marcell_O_Neill mondja OOC: (( elvileg megy a zene ))
[05:56:43] Stewe_Capleone mondja OOC: (( megy is :D ))
[05:56:46] Marcell_O_Neill mondja OOC: (( zsír ))
[05:56:47] Stewe_Capleone mondja OOC: (( hallod ))
[05:56:50] Marcell_O_Neill mondja OOC: (( mond ))
[05:56:53] Stewe_Capleone mondja OOC: (( van 1 kocsi eladó 1 ft ért ))
[05:56:57] Marcell_O_Neill mondja OOC: (( tudom xd ))
[05:56:58] Stewe_Capleone mondja OOC: (( den em tudom meveni ))
[05:57:00] Marcell_O_Neill mondja OOC: (( megcsinalom :D ))
[05:57:05] Marcell_O_Neill mondja OOC: (( hat nyilvan xd ))
[05:57:05] Stewe_Capleone mondja OOC: (( már voltam is ott ))
[05:57:13] Stewe_Capleone mondja OOC: (( de megvehetem 1 ft ért?Xd ))
[05:57:16] Marcell_O_Neill mondja OOC: (( a-a xd ))
[05:57:19] Stewe_Capleone mondja OOC: (( :( ))
[05:57:23] Marcell_O_Neill mondja OOC: (( sorry ))
[05:57:26] Marcell_O_Neill mondja OOC: (( pill ))
[05:57:27] Stewe_Capleone mondja OOC: (( semmi :D ))
[05:58:01] Marcell_O_Neill mondja OOC: (( b hallod ))
[05:58:04] Jimmy_Doherty mondja OOC: (( csáó ))
[05:58:04] Marcell_O_Neill mondja OOC: (( segítenél? ))
[05:58:08] Marcell_O_Neill mondja OOC: (( csao ))
[05:58:09] Jimmy_Doherty mondja OOC: (( mibe? ))
[05:58:11] Marcell_O_Neill mondja OOC: (( /mp4 lsita ))
[05:58:15] Marcell_O_Neill mondja OOC: (( /mp4 lista ))
[05:58:18] Marcell_O_Neill mondja OOC: (( és a classrpg radio ))
[05:58:21] Marcell_O_Neill mondja OOC: (( megy a zene? ))
[05:58:28] Jimmy_Doherty mondja OOC: (( aha ))
[05:58:30] Marcell_O_Neill mondja OOC: (( zsír ))
[05:58:35] Marcell_O_Neill mondja OOC: (( akkor ez is kész ))
[05:58:58] Jimmy_Doherty mondja OOC: (( bocsi a kocsimat tudnád getelni kint van lv végén ))
[05:59:05] Marcell_O_Neill mondja OOC: (( elviszlek IC ))
[05:59:14] Marcell O Neill mondja: Üdv uram
[05:59:20] Marcell O Neill mondja: Valami baj van?
[05:59:21] Jimmy Doherty mondja: jó reggelt
[05:59:26] Jimmy Doherty mondja: a kocsim
[05:59:34] Jimmy Doherty mondja: egyszerûen nem találom
[05:59:41] Marcell O Neill mondja: rendben egy pillanat
[05:59:44] Jimmy Doherty mondja: a gps valami teljesen mást jelez
[05:59:44] Marcell_O_Neill mondja OOC: (( elviszlek bicón egy ideig ))
[05:59:55] Marcell_O_Neill mondja OOC: (( aztán majd kocsi ))
[05:59:57] Jimmy Doherty mondja: bekrepált ez a szar
[06:00:13] Marcell_O_Neill mondja OOC: (( ugorj fel ))
[06:00:27] Marcell_O_Neill mondja OOC: (( messzebb ))
[06:00:38] Jimmy_Doherty mondja OOC: (( aha a trück ))
[06:01:09] Jimmy_Doherty mondja OOC: (( hadjuk 5 perc és mennem kell ))
[06:01:15] Marcell_O_Neill mondja OOC: (( ja okés ))
[06:01:23] Jimmy_Doherty mondja OOC: (( de azért köszi ))
[06:01:26] Marcell_O_Neill mondja OOC: (( nincs mit ))
[06:01:51] Jimmy_Doherty mondja OOC: (( jó a lendület amúgy be indul ez a class ))
[06:02:35] Marcell_O_Neill mondja OOC: (( sztem is ))
[06:02:37] Marcell_O_Neill mondja OOC: (( remélem ))
[06:02:42] Marcell_O_Neill mondja OOC: (( ez a rádió is fasza ötlet volt ))
[06:02:46] Marcell_O_Neill mondja OOC: (( most nyomatom steamrõl xd ))
[06:03:24] Jimmy_Doherty mondja OOC: (( mit tudsz errõl a motoros bandáról? ))
[06:03:34] Marcell_O_Neill mondja OOC: (( hát ))
[06:03:37] Marcell_O_Neill mondja OOC: (( sokat mert ))
[06:03:40] Marcell_O_Neill mondja OOC: (( benne leszek sztem ))
[06:03:43] Marcell_O_Neill mondja OOC: (( másik karimmal ))
[06:03:54] Marcell_O_Neill mondja OOC: (( még nincs kész de bent lesz nemsokára ))
[06:04:00] Jimmy_Doherty mondja OOC: (( azért mert én SOA leader voltam ))
[06:04:19] Marcell_O_Neill mondja OOC: (( értem :D hát majd segítek  ))
[06:04:21] Jimmy_Doherty mondja OOC: (( ha gondolod tudok segíteni majd ))
[06:04:26] Marcell_O_Neill mondja OOC: (( okés ))
[06:04:52] Jimmy Doherty mondja: na én viszont megyek
[06:05:05] Marcell O Neill mondja: Rendben uram
[06:05:10] Marcell O Neill mondja: További szép napot
[06:05:15] Jimmy Doherty mondja: köszönöm a fuvart viszlát
[06:05:18] Jimmy Doherty mondja: szép napot
[06:05:19] Marcell O Neill mondja: Viszlát!
[06:05:22] Jimmy_Doherty mondja OOC: (( csácsá ))
[06:05:25] Marcell_O_Neill mondja OOC: (( csao ))
[07:54:08] Marcell_O_Neill mondja OOC: (( Üdv ))
[07:54:16] Marcell_O_Neill mondja OOC: (( kell segítség? ))
[07:54:18] Tarsoly_Patrick mondja OOC: (( Helló! ))
[07:54:20] Marcell_O_Neill mondja OOC: (( cuccok? ))
[07:54:23] Marcell_O_Neill mondja OOC: (( voltak? ))
[07:54:47] Tarsoly_Patrick mondja OOC: (( Csak pénzem volt, de azt már megkaptam. ))
[07:54:51] Marcell_O_Neill mondja OOC: (( ja oké ))
[07:54:58] Tarsoly_Patrick mondja OOC: (( most teszem be a bankba. ))
[10:11:55] Henrik Karlson mondja: ellat serules
