[00:00:48] Dolph F Gates mondja: tudod bérelni ?
[00:00:57] Ralf_S_Tomasso mondja OOC: (( " Ezt egyenlõre nem lehet bérelni! ))
[00:01:24] Patrik_O_Neill mondja OOC: (( ide jelszó ))
[00:01:28] Patrik_O_Neill mondja OOC: (( 141010 ))
[00:01:31] Dolph F Gates mondja: hát
[00:01:33] Patrik_O_Neill mondja OOC: (( proáld meg ))
[00:01:34] Dolph F Gates mondja: ennek johogy
[00:01:36] Dolph F Gates mondja: Tulaja van
[00:02:59] Connor O Neill ordítja: dolph, nekem sffd meletti lesz!!
[00:11:15] Dolph F Gates mondja: ennyi
[00:11:18] Marcell_O_Neill mondja OOC: (( xD ))
[00:11:40] Dolph F Gates mondja: háhá
[00:12:06] Dolph F Gates mondja: hihi
[00:15:32] Connor O Neill mondja: wném
[00:15:33] Connor O Neill mondja: enyém
[00:15:37] [Jármûben] Connor O Neill mondja: nEEE
[00:16:59] Patrik_O_Neill mondja OOC: (( monster kell :D ))
[00:33:21] Connor_O_Neill mondja OOC: (( hallod ))
[00:33:34] Marcell O Neill mondja: NA?
[00:33:35] Connor_O_Neill mondja OOC: (( öö ))
[00:33:39] Connor_O_Neill mondja OOC: (( mit akartam xd ))
[00:33:54] Connor_O_Neill mondja OOC: (( szólj már mikenak sffpd-n cisnálja meg a teleprot ))
[00:34:02] Connor_O_Neill mondja OOC: (( én most beszélek jasonnel ))
[00:34:11] Connor_O_Neill mondja OOC: (( thanls ))
[00:34:29] Dolph F Gates ordítja: idióta!!
[00:34:31] Dolph F Gates ordítja: katona!!
[00:37:18] Marcell O Neill ordítja: SAJT!!
[00:37:20] Dolph F Gates mondja: a
[00:37:27] Dolph F Gates ordítja: házak már marad ?!!
[00:37:34] Dolph F Gates ordítja: v. még el veszik ?!!
[00:39:27] [Jármûben] Marcell O Neill mondja: balfasz
[00:39:43] [Jármûben] Dolph F Gates mondja: nemkell öv
[00:44:28] Dolph F Gates mondja: kiakadt mint a kakukkos óra
[00:46:10] Mike_O_Neill mondja OOC: (( 6enter ))
[00:48:35] Dolph F Gates ordítja: oda a dollárom!!
[00:48:36] Dolph F Gates mondja: more
[00:49:02] Dolph F Gates mondja: fúú
[00:49:05] Dolph F Gates mondja: meggazdagodtam
[00:49:15] Dolph F Gates mondja: gecc az ado
[00:49:17] Dolph F Gates mondja: már el is vitte
[00:53:57] Connor_O_Neill mondja OOC: (( patrik ))
[00:54:01] Connor_O_Neill mondja OOC: (( mit csinál patrik? ))
[00:54:04] Patrik_O_Neill mondja OOC: (( igen ? ))
[00:54:13] Patrik_O_Neill mondja OOC: (( semmit nem csinálok ))
[00:54:16] Patrik_O_Neill mondja OOC: (( uncsizok xd ))
[00:54:29] Connor_O_Neill mondja OOC: (( mit csinál mike? ))
[00:54:32] Connor_O_Neill mondja OOC: (( bocsi xd ))
[00:54:35] Patrik_O_Neill mondja OOC: (( házánál van ))
[00:54:44] Patrik_O_Neill mondja OOC: (( gyere omsz hQ és elugrunk oda ))
[00:54:46] Connor_O_Neill mondja OOC: (( mondanád neki h sffd teleportot megcsinálná? ))
[00:56:55] Dolph F Gates ordítja: büdös stRICI!!
[00:57:06] Dolph F Gates ordítja: ide valóvagy!!
[00:57:14] Patrik_O_Neill mondja OOC: (( Meleg bár ))
[00:57:21] Patrik_O_Neill mondja OOC: (( ez ic xd ))
[00:57:54] Dolph F Gates mondja: nemtudok id.t
[00:57:59] Patrik_O_Neill mondja OOC: (( mondok ))
[00:58:46] Dolph F Gates mondja: a Sbare
[00:58:47] Dolph F Gates mondja: offos lesz
[00:58:49] Marcell O Neill mondja: mostmár
[00:58:52] Marcell O Neill mondja: biztos
[00:58:53] Marcell O Neill mondja: nem
[00:58:54] Marcell O Neill mondja: lófaszt
[00:58:55] Marcell O Neill mondja: NEM!
[00:59:36] Dolph F Gates mondja: HE
[01:03:44] Dolph F Gates ordítja: itt!!
[01:03:48] Dolph F Gates ordítja: föld rengés volt!!
[01:03:54] Dolph F Gates ordítja: minden megvan dülve!!
[01:03:56] Dolph F Gates mondja: nem ?
[01:06:36] Dolph F Gates ordítja: Dumper!!
[01:12:46] Dolph F Gates ordítja: Öld meg!!
[01:12:55] [Patrik_O_Neill]Valaki mondja: nyalj meg
[01:13:16] [Patrik_O_Neill]Valaki mondja: üdvözlöm
[01:13:20] [Patrik_O_Neill]Valaki mondja: felvételre jött
[01:13:21] Dolph F Gates mondja: nincs itt semmid ?
[01:13:25] Marcell_O_Neill mondja OOC: (( izét ))
[01:13:25] Dolph F Gates mondja: faxod se?
[01:13:31] Marcell O Neill mondja: uraim
[01:13:34] Marcell O Neill mondja: baj van
[01:13:36] Marcell O Neill mondja: tudják miért?
[01:13:43] Patrik O Neill mondja: meleg ?
[01:13:50] Marcell O Neill mondja: mert önök meghalnak
[01:14:57] Dolph F Gates mondja: de
[01:15:00] Dolph F Gates mondja: minigunt nem enged
[01:15:00] Dolph F Gates mondja: gec
[01:15:03] Dolph F Gates mondja: meg ezeket
[01:23:02] [Jármûben] Michael Franzese mondja: /motor
[01:57:02] Patrik O Neill mondja: +++++++++++++++++/acrmost
[02:02:59] * Patrik hasal a röhögéstõl ((Patrik_O_Neill))
[02:08:03] Patrik O Neill mondja: What ?
[02:09:06] Patrik O Neill mondja: csunya
[03:39:18] Michael_Franzese mondja OOC: (( csú ))
[03:39:26] Marcell_O_Neill mondja OOC: (( csá ))
[03:39:36] Michael_Franzese mondja OOC: (( foglalkoztam a fk-val xD ))
[03:39:40] Marcell_O_Neill mondja OOC: (( XD ))
[03:39:41] Marcell_O_Neill mondja OOC: (( mutamá ))
[03:39:55] Michael_Franzese mondja OOC: (( fk psz ))
[03:40:01] Michael_Franzese mondja OOC: (( itt a bank mellet ))
[03:40:08] Michael_Franzese mondja OOC: (( itt a bank mellet ))
[03:40:09] Marcell_O_Neill mondja OOC: (( w ))
[03:40:10] Michael_Franzese mondja OOC: (( xD ))
[03:40:18] Michael_Franzese mondja OOC: (( te ))
[03:40:18] Marcell_O_Neill mondja OOC: (( Megnézed ))
[03:40:20] Marcell_O_Neill mondja OOC: (( majd ohl van a házam? ))
[03:40:40] Michael_Franzese mondja OOC: (( most mi lett a bizekell ))
[03:40:49] Michael_Franzese mondja OOC: (( most mi van a bizekkel ))
[03:40:49] Marcell_O_Neill mondja OOC: (( Hogy mi lett? ))
[03:41:00] Michael_Franzese mondja OOC: (( megvettem  pb-t ))
[03:41:26] Marcell_O_Neill mondja OOC: (( Tudom ))
[03:41:30] Marcell_O_Neill mondja OOC: (( Mindenkoi megkapta ))
[03:41:32] Marcell_O_Neill mondja OOC: (( amit beszéltünk ))
[03:41:51] Michael_Franzese mondja OOC: (( te ))
[03:41:57] Michael_Franzese mondja OOC: (( van egy kérdésem ))
[03:42:00] Marcell_O_Neill mondja OOC: (( Na? ))
[03:42:06] Michael_Franzese mondja OOC: (( Mi lesz a fk val a bank rob után? ))
[03:42:13] Marcell_O_Neill mondja OOC: (( hogy érted? ))
[03:42:17] Michael_Franzese mondja OOC: (( Mivel ls be tali psz-t nem vihetek be ))
[03:42:23] Michael_Franzese mondja OOC: (( és máshol nincs széf ))
[03:42:28] Michael_Franzese mondja OOC: (( szal mi legyen? ))
[03:42:36] Marcell_O_Neill mondja OOC: (( nem értelek ))
[03:42:47] Michael_Franzese mondja OOC: (( Ls be van a mi hq-nk ))
[03:42:52] Marcell_O_Neill mondja OOC: (( és? ))
[03:42:54] Michael_Franzese mondja OOC: (( és itt a pasz ))
[03:43:02] Marcell_O_Neill mondja OOC: (( hát elviszed ))
[03:43:03] Marcell_O_Neill mondja OOC: (( lsbe ))
[03:43:05] Marcell_O_Neill mondja OOC: (( lol ))
[03:43:07] Michael_Franzese mondja OOC: (( de nem vihetem be ls be a psz-t bank rob után ))
[03:43:10] Michael_Franzese mondja OOC: (( elkapnak ))
[03:43:15] Marcell_O_Neill mondja OOC: (( Nemtudom ))
[03:43:17] Marcell_O_Neill mondja OOC: (( nem voltam nagyon ))
[03:43:22] Marcell_O_Neill mondja OOC: (( illegálba még ))
[03:43:25] Marcell_O_Neill mondja OOC: (( Mutatok valamit ))
[03:43:34] Michael_Franzese mondja OOC: (( kéne mappolni ide egy széfet ))
[03:47:25] Marcell_O_Neill mondja OOC: (( uposz ))
[03:47:45] Marcell_O_Neill mondja OOC: (( xd ))
[03:47:55] Marcell_O_Neill mondja OOC: (( vezetek ))
[03:47:56] Marcell_O_Neill mondja OOC: (( gyere ))
[03:48:13] Michael_Franzese mondja OOC: (( Kitalálom. ufo ))
[03:48:16] Marcell_O_Neill mondja OOC: (( A-A ))
[03:48:38] Michael_Franzese mondja OOC: (( házad ))
[03:48:41] Marcell_O_Neill mondja OOC: (( aha ))
[03:49:40] Michael_Franzese mondja OOC: (( mikor kerül be a skinem? és a kocsim? xD ))
[03:49:47] Marcell_O_Neill mondja OOC: (( Mjad reggel megcsin ))
[03:49:54] Marcell_O_Neill mondja OOC: (( madjnem ))
[03:49:56] Marcell_O_Neill mondja OOC: (( elütött ))
[03:49:56] Michael_Franzese mondja OOC: (( kk ))
[03:49:56] Marcell_O_Neill mondja OOC: (( xd ))
[03:50:06] Michael_Franzese mondja OOC: (( xD ))
[03:50:29] Marcell_O_Neill mondja OOC: (( na itt les ))
[03:50:47] Michael_Franzese mondja OOC: (( mi az ott fent ))
[03:50:49] Marcell_O_Neill mondja OOC: (( csak annyi ))
[03:50:53] Marcell_O_Neill mondja OOC: (( hogy nem ez a mappolás ))
[03:53:31] Marcell_O_Neill mondja OOC: (( xd ))
[03:54:17] Marcell_O_Neill mondja OOC: (( minek annyi hq xd ))
[03:54:53] Marcell_O_Neill mondja OOC: (( aha ))
[03:58:46] Marcell_O_Neill mondja OOC: (( xd ))
[03:58:55] Marcell_O_Neill mondja OOC: (( VAN ))
[03:58:57] Marcell_O_Neill mondja OOC: (( egy ötletem ))
[03:58:59] Marcell_O_Neill mondja OOC: (( add ide a kormány ))
[03:59:05] Michael_Franzese mondja OOC: (( ne ))
[03:59:08] Michael_Franzese mondja OOC: (( keresek ))
[04:00:31] Michael_Franzese mondja OOC: (( ... ))
[04:00:33] Michael_Franzese mondja OOC: (( xD ))
[04:00:49] Michael_Franzese mondja OOC: (( könnyeb út nem volt? xD ))
[04:01:21] Michael_Franzese mondja OOC: (( Ember ))
[04:01:41] Marcell_O_Neill mondja OOC: (( Ez ))
[04:01:42] Marcell_O_Neill mondja OOC: (( XD ))
[04:02:16] Marcell_O_Neill mondja OOC: (( XD ))
[04:02:17] Marcell_O_Neill mondja OOC: (( ... ))
[04:02:28] Michael_Franzese mondja OOC: (( kis bug ))
[04:03:09] Marcell_O_Neill mondja OOC: (( XD ))
[04:03:23] Marcell_O_Neill mondja OOC: (( ott ))
[04:03:24] Marcell_O_Neill mondja OOC: (( jobbra ))
[04:03:35] Marcell_O_Neill mondja OOC: (( megnt ))
[04:03:41] Marcell_O_Neill mondja OOC: (( ahh ))
[04:03:58] Marcell_O_Neill mondja OOC: (( ez ))
[04:04:13] Michael_Franzese mondja OOC: (( ezt nen lehet lezárni ))
[04:04:45] Michael_Franzese mondja OOC: (( ezt már le ))
[04:09:24] Michael_Franzese mondja OOC: (( vigy vissza ))
[04:09:31] Marcell_O_Neill mondja OOC: (( üsdki ))
[04:09:33] Marcell_O_Neill mondja OOC: (( a  ))
[04:11:30] Marcell_O_Neill mondja OOC: (( legelsõ ))
[04:12:29] Marcell_O_Neill mondja OOC: (( XD ))
[04:13:41] Marcell_O_Neill mondja OOC: (( XD ))
[04:13:59] Marcell_O_Neill mondja OOC: (( Szép hely ))
[04:14:14] Marcell_O_Neill mondja OOC: (( XD ))
[04:14:30] Marcell O Neill ordítja: LEUGROK!!!
[04:14:35] Marcell O Neill ordítja: ÉN LEUGROK MOST!!!
[04:14:50] Marcell O Neill ordítja: LEUGROK!!!
[04:14:54] Marcell_O_Neill mondja OOC: (( XD ))
[04:15:00] Marcell_O_Neill mondja OOC: (( XD ))
[04:15:17] Marcell_O_Neill mondja OOC: (( XD ))
[04:18:00] Marcell_O_Neill mondja OOC: (( left ))
[15:59:25] Michael_Franzese mondja OOC: (( s ))
[15:59:37] Marcell_O_Neill mondja OOC: (( csá ))
[15:59:48] Marcell_O_Neill mondja OOC: (( csak ))
[15:59:50] Marcell_O_Neill mondja OOC: (( a ))
[15:59:54] Jim_Cortez mondja OOC: (( asd ))
[15:59:57] Jim_Cortez mondja OOC: (( asd ))
[15:59:58] Jim_Cortez mondja OOC: (( asd ))
[15:59:59] Jim_Cortez mondja OOC: (( asd ))
[19:20:10] Dolph F Gates mondja: légyszives
[19:20:14] Dolph F Gates mondja: ne használd a skinem
[19:20:24] Jim_Cortez mondja OOC: (( nem lesz levédve ))
[19:20:32] Dolph F Gates mondja: mert?
[19:20:39] Jim_Cortez mondja OOC: (( Tulajok mondták ))
[19:20:44] Dolph F Gates mondja: aha
[19:27:23] Patrik_O_Neill mondja OOC: (( xD ))
[19:30:47] Patrik_O_Neill mondja OOC: (( ez ))
[19:30:50] Patrik_O_Neill mondja OOC: (( család birtok ))
[19:30:52] Patrik_O_Neill mondja OOC: (( ott nézd meg ))
[19:39:26] Marcell O Neill mondja: ez melyik
[19:39:26] Dolph F Gates mondja: ?
[19:39:28] Marcell O Neill mondja: birtok?
[19:41:30] [Jármûben] Dolph F Gates mondja: na de
[19:41:40] [Jármûben] Dolph F Gates mondja: mostmár kurvára jólenne eldönteni h. akkor mi a fasz van
[19:41:45] [Jármûben] Marcell O Neill mondja: ?
[19:41:47] [Jármûben] Dolph F Gates mondja: mert elegem van szó mint szó
[19:41:52] [Jármûben] Dolph F Gates mondja: egyik ezt másik azt mondja
[19:42:02] [Jármûben] Dolph F Gates mondja: a harmadik semmit nem mond
[19:42:13] [Jármûben] Marcell O Neill mondja: mire gondolsz most?M
[19:42:20] [Jármûben] Dolph F Gates mondja: azzal fogadott jim h. rajta virít a skinem, most akkor hogy van ? nem lesz védés ?
[19:42:35] [Jármûben] Marcell O Neill mondja: leveszem
[19:42:37] [Jármûben] Marcell O Neill mondja: nyugi
[19:42:40] [Jármûben] Marcell O Neill mondja: mondtam hogy az Dolphé
[19:42:46] [Jármûben] Dolph F Gates mondja: nem a rang
[19:42:48] [Jármûben] Dolph F Gates mondja: hanem a skin
[19:42:51] [Jármûben] Marcell O Neill mondja: a skint mondom
[19:42:54] [Jármûben] Marcell O Neill mondja: azt mondtam hogy az övé
[19:42:58] [Jármûben] Marcell O Neill mondja: meg a rangot is írtam
[19:42:59] [Jármûben] Dolph F Gates mondja: rám van le védve,t udtommal akkor nem értem miért vehete fel
[19:43:29] [Jármûben] Marcell O Neill mondja: Hallod
[19:43:30] [Jármûben] Marcell O Neill mondja: nézd már meg
[19:43:34] [Jármûben] Marcell O Neill mondja: hogy Clint skinét
[19:43:38] [Jármûben] Marcell O Neill mondja: fel  e tudod venni
[19:43:43] [Jármûben] Dolph F Gates mondja: feltudom venni 
[19:43:50] [Jármûben] Marcell O Neill mondja: és ez nemjó?
[19:43:50] [Jármûben] Dolph F Gates mondja: mert scripter vagyok mint modba
[19:43:52] [Jármûben] Marcell O Neill mondja: ja
[19:44:02] [Jármûben] Dolph F Gates mondja: bárki védettét fel tudom
[19:44:10] Dolph F Gates mondja: azért lestem h. õ rajt amiért volt
[19:44:14] [Jármûben] Marcell O Neill mondja: ez meg nem jó
[19:44:21] Dolph F Gates mondja: kivette a tiltást?
[19:44:28] Marcell O Neill mondja: nem hiszem
[19:44:30] Marcell O Neill mondja: elõtte is ilyen volt
[19:44:48] Dolph F Gates ordítja: ISTENEM :@@@@@@@@@@@@@!!
[19:46:25] [Jármûben] Dolph F Gates mondja: eszem megáll már komolyan
[19:46:29] [Jármûben] Marcell O Neill mondja: Megint
[19:46:30] [Jármûben] Dolph F Gates mondja: az is minek jön fel
[19:46:30] [Jármûben] Marcell O Neill mondja: kezdi
[19:46:31] [Jármûben] Marcell O Neill mondja: ...
[19:46:47] [Jármûben] Marcell O Neill mondja: Megmondtam
[19:46:49] [Jármûben] Marcell O Neill mondja: hogy ne.
[19:46:49] [Jármûben] Dolph F Gates mondja: oks
[19:46:52] [Jármûben] Dolph F Gates mondja: van 1 tervem
[19:46:54] [Jármûben] Marcell O Neill mondja: na?
[19:46:56] [Jármûben] Dolph F Gates mondja: amit le irok
[19:46:57] [Jármûben] Dolph F Gates mondja: face
[19:47:00] [Jármûben] Marcell O Neill mondja: oks
[19:47:02] [Jármûben] Marcell O Neill mondja: megyek
[20:30:04] Mike_O_Neill mondja OOC: (( vw 17 0 ))
[20:30:25] Marcell_O_Neill mondja OOC: (( xD ))
[20:30:33] Marcell_O_Neill mondja OOC: (( S ))
[20:30:40] Mike_O_Neill mondja OOC: (( lekérsz egy kocsit ))
[20:30:42] Marcell_O_Neill mondja OOC: (( aha ))
[20:30:45] Mike_O_Neill mondja OOC: (( pls ))
[20:30:57] Marcell_O_Neill mondja OOC: (( XD ))
[20:31:00] Mike O Neill mondja: nem vezethetem
[20:31:19] Mike O Neill mondja: thx
[20:31:43] Mike_O_Neill mondja OOC: (( s bocsi.. :/ ))
[20:32:21] Marcell_O_Neill mondja OOC: (( mit írjak be? ))
[20:32:26] Marcell_O_Neill mondja OOC: (( ja csak eladod ))
[20:33:11] Mike_O_Neill mondja OOC: (( /edit price 1000000000 ))
[20:39:18] Mike_O_Neill mondja OOC: (( na halóó ))
[20:39:24] Dolph F Gates mondja: Helllo
[20:39:34] Dolph F Gates mondja: kíváncsi leszek erre a
[20:39:34] Mike O Neill mondja: 11-est bizt el kellene helyezni máshova
[20:39:37] Dolph F Gates mondja: megváltozásra
[20:39:52] Dolph F Gates mondja: jo
[20:39:55] Dolph F Gates mondja: hova?
[20:40:04] Mike O Neill mondja: Mindegy, ki innen a birtokról
[20:40:19] Mike O Neill mondja: Meg nem jó a kapunk
[20:40:35] Dolph F Gates mondja: holvan ?
[20:40:37] Dolph F Gates mondja: mi a baja ?
[20:41:06] Dolph F Gates mondja: na most mivan dikk
[20:41:07] Mike O Neill mondja: beragadt 
[20:42:35] Mike_O_Neill mondja OOC: (( addig eladom a benyakutam ))
[20:42:40] Dolph F Gates mondja: jo
[22:00:39] Marcell_O_Neill mondja OOC: (( Akarlak ))
[22:00:42] Marcell_O_Neill mondja OOC: (( Mike ))
[22:00:43] Marcell_O_Neill mondja OOC: (( XD ))
[22:00:46] Marcell_O_Neill mondja OOC: (( vicc ))
[22:00:49] Mike_O_Neill mondja OOC: (( gyere dugj xd ))
[22:01:00] Mike_O_Neill mondja OOC: (( adjá 2070000 ))
[22:01:26] Mike_O_Neill mondja OOC: (( gyooors :$ ))
[22:01:51] Mike_O_Neill mondja OOC: (( /benzinkút bérlés átad 19 ))
[22:02:28] Marcell_O_Neill mondja OOC: (( :P ))
[22:02:31] Mike_O_Neill mondja OOC: (( :$ :* ))
[22:02:53] Marcell_O_Neill mondja OOC: (( hogy kell írni ki? ))
[22:02:54] Mike_O_Neill mondja OOC: (( s ami benne van pénz? ))
[22:02:56] Marcell_O_Neill mondja OOC: (( hogy ha kérésetek van ))
[22:03:02] Marcell_O_Neill mondja OOC: (( az a tied ))
[22:03:03] Marcell_O_Neill mondja OOC: (( megkapod ))
[22:03:05] Mike_O_Neill mondja OOC: (( /asay ))
[22:03:05] Marcell_O_Neill mondja OOC: (( xd ))
[22:03:08] Mike_O_Neill mondja OOC: (( KAJAK??? ))
[22:03:11] Marcell_O_Neill mondja OOC: (( aha ))
[22:03:14] Marcell_O_Neill mondja OOC: (( segítettél ))
[22:03:16] Mike_O_Neill mondja OOC: (( 262 millió xDDDDDD ))
[22:03:17] Marcell_O_Neill mondja OOC: (( eleget a fórumban ))
[22:03:19] Marcell_O_Neill mondja OOC: (( megérdemled :D ))
[22:03:31] Mike_O_Neill mondja OOC: (( köszönöm :)) ))
[22:03:41] Vito Dawson ordítja: ááááááááááÁÁÁÁÁÁÁáááÁÁÁÁÁÁáááÁÁÁÁÁ!!
[22:03:49] Nelson_Washington mondja OOC: (( . ))
[22:05:14] Matt_Creed mondja OOC: (( mizu? xd ))
[22:05:20] Matt_Creed mondja OOC: (( remélem meg ismersz ))
[22:05:29] Patrik_O_Neill mondja OOC: (( természetesen ))
[22:05:40] Matt_Creed mondja OOC: (( Akkor oksaaaaaa :) ))
[22:06:30] Kevin_S_Tomasso mondja OOC: (( Várj ))
[22:06:34] Kevin_S_Tomasso mondja OOC: (( Mûködik még? ))
[22:06:39] Kevin S Tomasso ordítja: CSIPI VAGYOK MADAFAKA!!
[22:06:46] Ralf_S_Tomasso mondja OOC: (( ez sosem mûködött ))
[22:06:47] Ralf_S_Tomasso mondja OOC: (( xd ))
[22:06:50] Kevin_S_Tomasso mondja OOC: (( Pff ))
[22:06:54] Ralf_S_Tomasso mondja OOC: (( de akkor már sniperrel ))
[22:06:57] Ralf_S_Tomasso mondja OOC: (( rusholtál volna ))
[22:06:58] Kevin_S_Tomasso mondja OOC: (( Azt sem tudom már ))
[22:07:03] Kevin_S_Tomasso mondja OOC: (( Hogy hogy kell játszani ))
[22:07:06] Krisztofer Vincenzo mondja: 6
[22:07:07] Ralf_S_Tomasso mondja OOC: (( sosem tudtad ))
[22:07:10] Krisztofer Vincenzo mondja: (())
[22:07:11] Kevin_S_Tomasso mondja OOC: (( Az egerem úgy mozog, mintha muszáj lenne ))
[22:07:22] Kevin_S_Tomasso mondja OOC: (( És mi ez a 41 ezer $ kp? ))
[22:07:26] Ralf_S_Tomasso mondja OOC: (( dollár ))
[22:07:27] Ralf_S_Tomasso mondja OOC: (( tedd be ))
[22:07:27] Kevin_S_Tomasso mondja OOC: (( Az a 10 miskóm? ))
[22:07:33] Ralf_S_Tomasso mondja OOC: (( biztos.. ))
[22:07:35] Ralf_S_Tomasso mondja OOC: (( nemtom ))
[22:07:35] Kevin_S_Tomasso mondja OOC: (( Bocs, volt 72 misim ))
[22:07:39] Ralf_S_Tomasso mondja OOC: (( nekemis ))
[22:07:44] Kevin_S_Tomasso mondja OOC: (( Most meg kaptam dolláros jóreggelt ))
[22:07:53] Nelson_Washington mondja OOC: (( fullpack 2.0 ))
[22:08:30] KrisT_Roscoe mondja OOC: (( invelj be ))
[22:08:47] KrisT_Roscoe mondja OOC: (( invelj be ))
[22:08:59] Michael_Franzese mondja OOC: (( id? ))
[22:09:33] Marcell_O_Neill mondja OOC: (( Jösz? ))
[22:09:37] Marcell_O_Neill mondja OOC: (( jösz ? ))
[22:09:42] Patrik_O_Neill mondja OOC: (( mehetünk ))
[22:10:20] Marcell_O_Neill mondja OOC: (( XD ))
[22:12:03] KrisT_Roscoe mondja OOC: (( :* ))
[22:13:48] [TELEFON]Hanzon_Soprano mondja Henrik_T_Scaletta-nek: üdvözletem
[22:13:48] [TELEFON]Henrik_T_Scaletta mondja Hanzon_Soprano-nek: Üdvözlöm
[22:13:50] [TELEFON]Hanzon_Soprano mondja Henrik_T_Scaletta-nek: itt hanzon ur
[22:13:54] [TELEFON]Hanzon_Soprano mondja Henrik_T_Scaletta-nek: kivel beszélek
[22:13:54] [TELEFON]Henrik_T_Scaletta mondja Hanzon_Soprano-nek: értem
[22:13:59] [TELEFON]Henrik_T_Scaletta mondja Hanzon_Soprano-nek: emlékszek még magára
[22:14:03] [TELEFON]Hanzon_Soprano mondja Henrik_T_Scaletta-nek: ki maga
[22:14:09] [TELEFON]Henrik_T_Scaletta mondja Hanzon_Soprano-nek: csak meg szerettem volna kérdezni hogy van
[22:14:16] [TELEFON]Hanzon_Soprano mondja Henrik_T_Scaletta-nek: hát köszönöm jol
[22:14:20] [TELEFON]Henrik_T_Scaletta mondja Hanzon_Soprano-nek: rendben
[22:14:21] [TELEFON]Hanzon_Soprano mondja Henrik_T_Scaletta-nek: és maganak mi a neve
[22:14:26] [TELEFON]Henrik_T_Scaletta mondja Hanzon_Soprano-nek: ismerõs név az hogy Henrik?
[22:14:30] [TELEFON]Hanzon_Soprano mondja Henrik_T_Scaletta-nek: Igen is
[22:14:35] Michael_Franzese mondja OOC: (( Nos ))
[22:14:36] KrisT Roscoe mondja: 6me leül, és vár
[22:14:36] [TELEFON]Hanzon_Soprano mondja Henrik_T_Scaletta-nek: fönök voltam
[22:14:40] [TELEFON]Hanzon_Soprano mondja Henrik_T_Scaletta-nek: a kapitányságon
[22:14:41] KrisT Roscoe mondja: (())
[22:14:42] Michael_Franzese mondja OOC: (( Nos ))
[22:14:46] [TELEFON]Hanzon_Soprano mondja Henrik_T_Scaletta-nek: és maga a dolgozom volt
[22:14:50] [TELEFON]Henrik_T_Scaletta mondja Hanzon_Soprano-nek: igen
[22:14:56] [TELEFON]Henrik_T_Scaletta mondja Hanzon_Soprano-nek: akkor jól emlékszik
[22:15:01] [TELEFON]Hanzon_Soprano mondja Henrik_T_Scaletta-nek: ismét a rendörségen szeretnek melozni
[22:15:14] Nelson_Washington mondja OOC: (( pofon lesz ököllel ))
[22:15:15] [TELEFON]Henrik_T_Scaletta mondja Hanzon_Soprano-nek: hát tudja még nincs senki se a vezetõségi poszton
[22:15:44] Hanzon_Soprano mondja OOC: (( hallod ))
[22:15:47] Hanzon_Soprano mondja OOC: (( hallod admin akarok lenni ))
[22:15:49] [TELEFON]Henrik_T_Scaletta mondja Hanzon_Soprano-nek: tehát addig várnia kell
[22:15:50] Marcell_O_Neill mondja OOC: (( xD ))
[22:15:51] Kevin_R_Sorrentino mondja OOC: (( csa ))
[22:15:53] Hanzon_Soprano mondja OOC: (( 2 éve.. ))
[22:15:54] Marcell_O_Neill mondja OOC: (( jó az nem úgy van te is tudod ))
[22:15:55] Milinte_Brasco mondja OOC: (( haló ))
[22:15:57] Marcell_O_Neill mondja OOC: (( de majd segítek ))
[22:16:00] [TELEFON]Henrik_T_Scaletta mondja Hanzon_Soprano-nek: na további szép napot
[22:16:00] Hanzon_Soprano mondja OOC: (( de te is tudod ))
[22:16:01] [TELEFON]Henrik_T_Scaletta mondja Hanzon_Soprano-nek: viszlát
[22:16:02] Kevin_R_Sorrentino mondja OOC: (( CLASSRPG FOREVER <333 ))
[22:16:04] Hanzon_Soprano mondja OOC: (( örök asnek van hely? ))
[22:16:10] Marcell_O_Neill mondja OOC: (( Annak vant ))
[22:16:11] KrisT_Roscoe mondja OOC: (( IC így írhatsz: /s, de akkor se látlak ))
[22:16:14] Hanzon_Soprano mondja OOC: (( na az is jo ))
[22:16:15] Marcell_O_Neill mondja OOC: (( figy ))
[22:16:16] Marcell_O_Neill mondja OOC: (( menj be ))
[22:16:16] KrisT_Roscoe mondja OOC: (( mármint ic nem ))
[22:16:18] Marcell_O_Neill mondja OOC: (( pdbe ))
[22:16:19] Kevin_R_Sorrentino mondja OOC: (( milinte, szolsz michelnek huzzon be hozza szobab? ))
[22:16:23] Kevin_R_Sorrentino mondja OOC: (( milinte, szolsz michelnek huzzon be hozza szobaba? ))
[22:16:23] Hanzon_Soprano mondja OOC: (( na az is jo örök as ))
[22:16:23] Milinte_Brasco mondja OOC: (( nem tudokt ))
[22:16:26] Kevin_R_Sorrentino mondja OOC: (( ja ))
[22:16:27] Milinte_Brasco mondja OOC: (( bocsi ))
[22:16:31] Hanzon_Soprano mondja OOC: (( /helper 2 :D ))
[22:16:33] Kevin_R_Sorrentino mondja OOC: (( am grat ))
[22:16:35] Milinte_Brasco mondja OOC: (( köszi ))
[22:16:36] Marcell_O_Neill mondja OOC: (( úgy kénet ))
[22:16:42] Marcell_O_Neill mondja OOC: (( hogy mész pd-be alleadernek ))
[22:16:43] Nelson Washington mondja: w/skill 12
[22:16:46] Marcell_O_Neill mondja OOC: (( aztán majd utána figyellek ))
[22:16:53] Connor_O_Neill mondja OOC: (( szia ))
[22:16:56] Connor_O_Neill mondja OOC: (( adjak vh resit? ))
[22:16:57] [TELEFON]Michael_Franzese mondja Matt_Creed-nek: Üdv
[22:17:00] Hanzon_Soprano mondja OOC: (( hát bedobsz most ))
[22:17:01] [TELEFON]Matt_Creed mondja Michael_Franzese-nek: üdv
[22:17:02] Tom_Torres mondja OOC: (( Igen légyszi Connor :D ))
[22:17:03] [TELEFON]Michael_Franzese mondja Matt_Creed-nek: Salve
[22:17:10] Hanzon_Soprano mondja OOC: (( cuccaim ))
[22:17:13] Hanzon_Soprano mondja OOC: (( cuccaim gec elvesztek ))
[22:17:17] Hanzon_Soprano mondja OOC: (( cuccaim gec elvesztek volt infim minden ))
[22:17:21] Hanzon_Soprano mondja OOC: (( fullos ))
[22:17:22] [TELEFON]Matt_Creed mondja Michael_Franzese-nek: Tudnánk valahol találkozni?
[22:17:23] Mark B Hollywood mondja: meghalam
[22:17:26] [TELEFON]Michael_Franzese mondja Matt_Creed-nek: Olasz éttermet hívta
[22:17:26] Marcell_O_Neill mondja OOC: (( adok majd ))
[22:17:27] Hanzon_Soprano mondja OOC: (( bankba most meg 0 ft ))
[22:17:28] Marcell_O_Neill mondja OOC: (( sultant ))
[22:17:30] Marcell_O_Neill mondja OOC: (( vissza ))
[22:17:32] [TELEFON]Michael_Franzese mondja Matt_Creed-nek: Értem
[22:17:36] [TELEFON]Michael_Franzese mondja Matt_Creed-nek: Persze
[22:17:38] Marcell_O_Neill mondja OOC: (( infit nem tudunkegyenlõre ))
[22:17:38] Hanzon_Soprano mondja OOC: (( beraksz örök asnek? ))
[22:17:42] Marcell_O_Neill mondja OOC: (( majd igen xd ))
[22:17:44] [TELEFON]Michael_Franzese mondja Matt_Creed-nek: Hol van most?
[22:17:44] Marcell_O_Neill mondja OOC: (( pill ))
[22:17:46] Hanzon_Soprano mondja OOC: (( oksa ))
[22:17:52] [TELEFON]Matt_Creed mondja Michael_Franzese-nek: Autókereskedõ
[22:18:00] [TELEFON]Matt_Creed mondja Michael_Franzese-nek: Ha tud jöjjön ide kérem
[22:18:24] Martin_Washington mondja OOC: (( . ))
[22:18:24] Connor_O_Neill mondja OOC: (( pm 24 Van képed kocsidról, házadról? ))
[22:19:03] [TELEFON]Michael_Franzese mondja Matt_Creed-nek: Értem megyünk
[22:19:10] [TELEFON]Matt_Creed mondja Michael_Franzese-nek: Rendben
[22:19:14] Kiraly_Viktor mondja OOC: (( macell átirod a akin 23 as id re mert eltünt és most bányász vok ))
[22:19:18] Michael Franzese mondja: Gyere fiam
[22:19:38] Kiraly_Viktor mondja OOC: (( *skin ))
[22:19:45] Kevin_R_Sorrentino mondja OOC: (( COnnor ))
[22:19:59] Kevin_R_Sorrentino mondja OOC: (( COnnor ))
[22:20:06] Kevin_R_Sorrentino mondja OOC: (( tudol szolni michelnek? ))
[22:20:38] Algernon Youngmay mondja: üdv jó itt ujra, még a szerver leállás elött kaptam 6000mz t és már letöltötem és bent vagyok , ki tu
[22:21:00] [Jármûben] Zolee Butler mondja: sztápp
[22:21:20] Tom_Torres mondja OOC: (( PATRIK :D ))
[22:21:25] KrisT_Roscoe mondja OOC: (( /mati ))
[22:21:26] Patrik_O_Neill mondja OOC: (( csáó Tom ))
[22:21:30] Kevin_R_Sorrentino mondja OOC: (( marcel ))
[22:21:36] Kevin_R_Sorrentino mondja OOC: (( marcel ))
[22:21:38] Martin B Zecchin mondja: szoptok
[22:21:41] Tom_Torres mondja OOC: (( betetted? ))
[22:21:41] Martin B Zecchin mondja: oooooo
[22:21:43] Algernon Youngmay mondja: üdv jó itt ujra, még a szerver leállás elött kaptam 6000mz t és
[22:21:43] Martin B Zecchin mondja: szoposok
[22:21:45] Tom_Torres mondja OOC: (( betetted? ))
[22:21:47] Nelson Washington ordítja: kussolj már!!
[22:21:49] Tom Zecchin ordítja: kurva!!
[22:21:52] Marcell_O_Neill mondja OOC: (( pill ))
[22:21:53] [Kevin_S_Tomasso]Agent K. mondja OOC: (( . ))
[22:21:54] Patrik_O_Neill mondja OOC: (( még nem tudtam ))
[22:21:58] Tom_Torres mondja OOC: (( ja oké :D ))
[22:21:58] Kevin_R_Sorrentino mondja OOC: (( marcel kéne a pénzem ))
[22:21:58] Patrik_O_Neill mondja OOC: (( de majd meglesz ))
[22:22:01] Patrik_O_Neill mondja OOC: (( :) ))
[22:22:01] Martin B Zecchin mondja: tamás
[22:22:03] Kevin_R_Sorrentino mondja OOC: (( marcel kéne a pénzem ))
[22:22:04] Marcell_O_Neill mondja OOC: (( pillanat emberek ))
[22:22:06] Tom Zecchin ordítja: he ?!!
[22:22:06] Martin B Zecchin ordítja: csicska!!
[22:22:07] Marcell_O_Neill mondja OOC: (( várjatok már... xd ))
[22:22:08] Tom_Torres mondja OOC: (( MArcell ))
[22:22:10] Tom Zecchin ordítja: csicka!!
[22:22:11] Martin B Zecchin ordítja: állj meg!!
[22:22:14] Kevin_R_Sorrentino mondja OOC: (( huzz be magadhoz marcell pls ))
[22:22:15] James_D_Freeman mondja OOC: (( Csõ ))
[22:22:16] Tom Zecchin ordítja: hogyne!!
[22:22:17] Milinte_Brasco mondja OOC: (( csáó ))
[22:22:18] Tom_Torres mondja OOC: (( Nekem nincs meg a 10misi kezdõm ))
[22:22:19] James_D_Freeman mondja OOC: (( Milinte ))
[22:22:26] James_D_Freeman mondja OOC: (( Pénzem vissza kapom képpel? ))
[22:22:32] Martin B Zecchin ordítja: IGAZI CSALÁDTAG AKURVA ANYÁD!!
[22:22:34] Milinte_Brasco mondja OOC: (( õõ ))
[22:22:37] Milinte_Brasco mondja OOC: (( :D ))
[22:22:42] James_D_Freeman mondja OOC: (( És várj ))
[22:22:43] Milinte_Brasco mondja OOC: (( kiírták :d ))
[22:22:46] Martin B Zecchin mondja: tesóó
[22:22:47] Milinte_Brasco mondja OOC: (( gondok vannak még ))
[22:22:51] Martin B Zecchin mondja: adj már fegyót
[22:22:55] Marcell_O_Neill mondja OOC: (( Na ))
[22:22:57] James_D_Freeman mondja OOC: (( pb át van irva?? dollárba? ))
[22:22:58] Marcell_O_Neill mondja OOC: (( nemtudjátok hogy kell ))
[22:22:58] Matt Creed ordítja: mi van!!
[22:23:00] Milinte_Brasco mondja OOC: (( nem tudomt ))
[22:23:01] Martin B Zecchin ordítja: igazi családtag tom geci!!
[22:23:04] Milinte_Brasco mondja OOC: (( nem igazán értem még én sem ))
[22:23:06] Ray Evans mondja: w
[22:23:32] Connor_O_Neill mondja OOC: (( /makeleader? ))
[22:23:40] Jose Washington ordítja: Adjon isten!!
[22:23:40] Martin B Zecchin ordítja: csicskák!!
[22:23:40] Connor_O_Neill mondja OOC: (( /autoker? ))
[22:23:44] Henrik T Scaletta ordítja: csõ!!
[22:23:46] Jose Washington ordítja: Réjsz?!!
[22:23:51] Nelson Washington ordítja: henrik!!
[22:23:53] Henrik T Scaletta ordítja: kösz nem!!
[22:23:57] [Henrik_T_Scaletta]* Valaki beveri a fejét
[22:23:58] [Krisztofer_Vincenzo]* Valaki megrázkódik
[22:23:59] [Nelson_Washington]* Valaki megüti magát
[22:24:00] Martin B Zecchin ordítja: tom geci!!
[22:24:02] Nelson Washington ordítja: henrik!!
[22:24:03] [Nelson_Washington]* Valaki megüti magát
[22:24:03] Tom Zecchin ordítja: kurva !!
[22:24:06] [Henrik_T_Scaletta]* Valaki beveri a fejét
[22:24:07] Nelson Washington ordítja: kell a pofon?!!
[22:24:14] [Kevin S Tomasso]Agent K. mondja: Üdvözlöm
[22:24:15] [Kevin S Tomasso]Agent K. mondja: Maga
[22:24:25] [Kevin S Tomasso]Agent K. mondja: Ralf S. Tomasso a U.S depeizé of státusztól?
[22:24:27] Ray Evans ordítja: pucér geci!!
[22:24:31] KrisT_Roscoe mondja OOC: (( edi majd akkor beveszel sss? ))
[22:24:34] Hanzon Soprano mondja: t
[22:24:37] KrisT_Roscoe mondja OOC: (( ugyis leadervagy :D ))
[22:24:42] Matt_Creed mondja OOC: (( ray ))
[22:24:42] [Kevin S Tomasso]Agent K. mondja: FBI
[22:24:44] Tom Torres mondja: ÜDv
[22:24:45] Matt_Creed mondja OOC: (( xd ))
[22:24:46] [Kevin S Tomasso]Agent K. mondja: USDPFA
[22:24:47] [Nelson_Washington]* Valaki megüti magát
[22:24:47] [Henrik_T_Scaletta]* Valaki beveri a fejét
[22:24:47] [Kevin S Tomasso]Agent K. mondja: asfléagá
[22:24:48] [Krisztofer_Vincenzo]* Valaki beveri a fejét
[22:24:48] Ray_Evans mondja OOC: (( :D ))
[22:24:56] Sergei B Dueno mondja: lol
[22:24:57] Martin B Zecchin mondja: üdv
[22:24:59] Milinte_Brasco mondja OOC: (( ne az útközepén pls ))
[22:25:05] Martin_B_Zecchin mondja OOC: (( ez most fun ))
[22:25:08] Jose Washington ordítja: URam!!
[22:25:08] Martin_B_Zecchin mondja OOC: (( nem éles ugye? ))
[22:25:12] Milinte_Brasco mondja OOC: (( :D ))
[22:25:13] Martin_B_Zecchin mondja OOC: (( 2 hét mulva lessz élés nem? ))
[22:25:14] KrisT Roscoe mondja: Lõszert kapok, Don?
[22:25:14] John Kelin mondja: igen?
[22:25:16] Milinte_Brasco mondja OOC: (( nem  ))
[22:25:19] Kevin_R_Sorrentino mondja OOC: (( milinte ))
[22:25:20] John Kelin mondja: a bicóm
[22:25:21] Milinte_Brasco mondja OOC: (( úgy tudom ez már éles de nem vágom ))
[22:25:25] KrisT Roscoe mondja: Padrio
[22:25:27] Nelson_Washington mondja OOC: (( hagyjad johnt xd ))
[22:25:28] Tom Zecchin ordítja: ki kére a szerver elsõ lábasát ?!!
[22:25:31] [Kevin S Tomasso]Agent K. mondja: a
[22:25:34] Martin B Zecchin ordítja: szopós tom!!
[22:25:37] John Kelin ordítja: adja vissza!!
[22:25:42] Nelson Washington mondja: szia
[22:25:44] John Kelin mondja: köszönöm
[22:25:44] Henrik T Scaletta mondja: csõ
[22:25:46] Martin Washington mondja: nincs mit
[22:25:51] Nelson Washington mondja: kell a baj?
[22:25:51] Henrik T Scaletta mondja: szép full pack
[22:25:55] Nelson Washington ordítja: tudom!!
[22:26:01] Michael Franzese mondja: Menj el az autó kereskdésbe
[22:26:04] Michael Franzese mondja: és hozd elém
[22:26:04] Hanzon Soprano mondja: t
[22:26:10] Kevin_R_Sorrentino mondja OOC: (( milnite ))
[22:26:13] Milinte_Brasco mondja OOC: (( mondjad ))
[22:26:14] KrisT Roscoe mondja: Értettem
[22:26:26] Kevin_R_Sorrentino mondja OOC: (( akkor mostanság ne számítsunk pénzre? ))
[22:26:30] [Krisztofer_Vincenzo]* Valaki beveri a fejét
[22:26:31] [Henrik_T_Scaletta]* Valaki beveri a fjeét
[22:26:37] Milinte_Brasco mondja OOC: (( nem vágom én sem:S ))
[22:26:42] Kevin_R_Sorrentino mondja OOC: (( ;( ))
[22:27:03] Ray Evans ordítja: GECISBUTYIT VEGYENEK!!!
[22:27:10] [Kevin_S_Tomasso]Agent K. mondja OOC: (( . ))
[22:27:12] Kevin_R_Sorrentino mondja OOC: (( tom ))
[22:27:19] Damien Creed ordítja: fuck cops!!
[22:27:19] Tom_Zecchin mondja OOC: (( ? ))
[22:27:20] Ray Evans ordítja: GECISBUGYIT VEGYENEK!!!!
[22:27:23] [Jármûben] Ray Evans mondja: asd
[22:27:23] Kevin_R_Sorrentino mondja OOC: (( aztec leader? ))
[22:27:29] Tom_Zecchin mondja OOC: (( az leszek sztem ))
[22:27:30] Milinte_Brasco mondja OOC: (( ne az útközepén pls ))
[22:27:33] Nelson Washington ordítja: szálljá le!!
[22:27:36] Ray Evans ordítja: GECISBUGYIT VEGYENEK!!!!
[22:27:37] Tom_Zecchin mondja OOC: (( mitne ? ))
[22:27:42] Ray Evans ordítja: GECISBUGYIT VEGYENEK!!!!
[22:27:50] Ray Evans ordítja: GECISBUGYIT VEGYENEK!!!!
[22:29:01] Tom Zecchin ordítja: szopós!!
[22:29:07] [Jármûben] James Creed mondja: a
[22:29:18] Ray_Evans mondja OOC: (( az AK nekem jobban állna:D ))
[22:29:19] [Jármûben] KrisT Roscoe mondja: igyekezz
[22:29:22] [Jármûben] KrisT Roscoe mondja: en
[22:29:25] Tom_Zecchin mondja OOC: (( kérdezd már meg ))
[22:29:26] [Jármûben] KrisT Roscoe mondja: övet bekapcsolni
[22:29:27] [Jármûben] Matt Creed mondja: Morgol?
[22:29:39] [Nelson_Washington]* Valaki megüti magát
[22:30:02] Ray_Evans mondja OOC: (( na jóéjt:D ))
[22:30:23] Tom Zecchin ordítja: szopós!!
[22:30:24] Stefan D Zecchin mondja: .
[22:30:34] Milinte_Brasco mondja OOC: (( ezt fejezzétek be pls ))
[22:30:41] Troy_Brooks mondja OOC: (( ja jó lenne it vh elõtt -.- ))
[22:30:47] Troy_Brooks mondja OOC: (( milinte ))
[22:30:49] Milinte_Brasco mondja OOC: (( igen? ))
[22:30:54] Troy_Brooks mondja OOC: (( marcell hol van már ts-rõl? ))
[22:30:58] Milinte_Brasco mondja OOC: (( hogy érted? ))
[22:31:11] Troy_Brooks mondja OOC: (( most mentél el vele ts-en ))
[22:31:12] Marcell_O_Neill mondja OOC: (( Bazsi? ))
[22:31:12] Tom Zecchin mondja: swat állj
[22:31:16] Matt_Creed mondja OOC: (( Bence te xd ))
[22:31:17] Milinte_Brasco mondja OOC: (( mindjárt ))
[22:31:20] Marcell_O_Neill mondja OOC: (( bence? ))
[22:31:21] Milinte_Brasco mondja OOC: (( visszamegy ))
[22:31:21] Tom Zecchin mondja: kezeket fel
[22:31:21] Troy_Brooks mondja OOC: (( rendben ))
[22:31:21] Marcell_O_Neill mondja OOC: (( XD ))
[22:31:25] Marcell_O_Neill mondja OOC: (( Dik ))
[22:31:25] Matt_Creed mondja OOC: (( ja  ))
[22:31:26] Marcell_O_Neill mondja OOC: (( mesztelen vagy ))
[22:31:30] Matt_Creed mondja OOC: (( tényleg? ))
[22:31:35] Ralf S Tomasso ordítja: Állj itt az FBI/SWAT Azonnal dobja el a fegyvereit és feküdjön a földre, vagy lövök!!!
[22:31:36] Matt_Creed mondja OOC: (( tudod a szécsényi gyerek ))
[22:31:36] Troy_Brooks mondja OOC: (( am ezt muszáj itt vh elõtt? ))
[22:31:38] Marcell_O_Neill mondja OOC: (( XD ))
[22:31:39] Marcell_O_Neill mondja OOC: (( jaa ))
[22:31:39] George_B_Hollywood mondja OOC: (( 0M0ilinte ))
[22:31:39] Matt_Creed mondja OOC: (( :) ))
[22:31:40] Marcell_O_Neill mondja OOC: (( utdom ))
[22:31:43] Milinte_Brasco mondja OOC: (( igen? ))
[22:31:44] Ralf S Tomasso ordítja: Állj itt az FBI/SWAT Azonnal dobja el a fegyvereit és feküdjön a földre, vagy lövök!!!
[22:31:46] Marcell_O_Neill mondja OOC: (( pillanat ))
[22:31:46] Aldo_B_Dueno mondja OOC: (( sergei? ))
[22:31:47] George_B_Hollywood mondja OOC: (( mi volt megbeszélésen? ))
[22:31:50] Milinte_Brasco mondja OOC: (( semmi érdekes ))
[22:31:55] George_B_Hollywood mondja OOC: (( vissza kaphatjuk majd a házunkat? ))
[22:31:58] Aldo_B_Dueno mondja OOC: (( tevagye? ))
[22:32:01] Sergei_B_Dueno mondja OOC: (( ja xd ))
[22:32:04] Aldo_B_Dueno mondja OOC: (( csõ ))
[22:32:05] Tom_Zecchin mondja OOC: (( vissza ))
[22:32:09] Sergei_B_Dueno mondja OOC: (( ki más lenne itt pb-n ))
[22:32:27] Aldo_B_Dueno mondja OOC: (( fu geci de mennék pb-re de mp5 s  m4 skillem 900-.- ))
[22:32:37] Aldo_B_Dueno mondja OOC: (( . ))
[22:32:48] Milinte_Brasco mondja OOC: (( George ))
[22:32:49] Sergei_B_Dueno mondja OOC: (( várj ))
[22:32:51] George_B_Hollywood mondja OOC: (( ? ))
[22:32:52] Milinte_Brasco mondja OOC: (( Martin hív téged TSre ))
[22:32:53] Sergei_B_Dueno mondja OOC: (( nekem vanxdd ))
[22:32:57] George_B_Hollywood mondja OOC: (( 0M0elyik? ))
[22:33:00] Milinte_Brasco mondja OOC: (( Gates ))
[22:33:01] Aldo_B_Dueno mondja OOC: (( egyet a 4esbe? ))
[22:33:06] Sergei_B_Dueno mondja OOC: (( k ))
[22:33:08] Aldo_B_Dueno mondja OOC: (( kiprobálom ))
[22:33:15] Milinte_Brasco mondja OOC: (( azt üzeni,hogy a szerelmed ))
[22:33:16] Torres_Butler mondja OOC: (( a kemínyek ))
[22:33:26] Sergei_B_Dueno mondja OOC: (( lel ))
[22:33:31] Kevin_R_Sorrentino mondja OOC: (( cs cs :D ))
[22:33:33] Sergei_B_Dueno mondja OOC: (( sok pb-s xd ))
[22:33:37] George_B_Hollywood mondja OOC: (( mi a tökömet tettek a kliensbe? ))
[22:33:41] Hanzon_Soprano mondja OOC: (( milinte fkd? ))
[22:33:43] Tom_Torres mondja OOC: (( Aldoka ))
[22:33:45] Kevin_R_Sorrentino mondja OOC: (( nincs skillem :$$ ))
[22:33:46] Sergei_B_Dueno mondja OOC: (( fhú geci mikor voltam pb-n utoljára ))
[22:33:47] Aldo_B_Dueno mondja OOC: (( TOOM ))
[22:33:51] Tom_Zecchin mondja OOC: (( milinte. most mir evárok itt ?? ))
[22:33:51] Tom_Torres mondja OOC: (( Sergeike :D ))
[22:33:53] Aldo_B_Dueno mondja OOC: (( nincs skillem csak szólok elõr ))
[22:33:54] Sergei_B_Dueno mondja OOC: (( :$ ))
[22:33:56] Aldo_B_Dueno mondja OOC: (( nincs skillem csak szólok elõrexd ))
[22:33:57] Tom_Torres mondja OOC: (( Tiltásom van xd ))
[22:33:58] [Stefan_D_Zecchin]* Valaki beveri a fejét
[22:33:58] George_B_Hollywood mondja OOC: (( megõrült az avast ))
[22:34:01] Tom_Torres mondja OOC: (( Nem tok menni lõni xd ))
[22:34:01] Kevin_R_Sorrentino mondja OOC: (( nekem sincs ))
[22:34:02] Aldo_B_Dueno mondja OOC: (( xd ))
[22:34:02] Hanzon_Soprano mondja OOC: (( halika ))
[22:34:02] Torres_Butler mondja OOC: (( csumi ))
[22:34:07] Torres_Butler mondja OOC: (( képet küldjek? ))
[22:34:09] Kevin_R_Sorrentino mondja OOC: (( adjatok pinzt ))
[22:34:10] Tom_Torres mondja OOC: (( Ja igen Aldo no bug :D ))
[22:34:13] Kevin_R_Sorrentino mondja OOC: (( adjatok pinzt ))
[22:34:13] Torres_Butler mondja OOC: (( vagy h csinaljuk? :D ))
[22:34:19] Aldo_B_Dueno mondja OOC: (( xdd ))
[22:34:19] Tom_Torres mondja OOC: (( Nincs... ))
[22:34:21] Kevin_R_Sorrentino mondja OOC: (( XDD ))
[22:34:22] Sergei_B_Dueno mondja OOC: (( nincs pénzem nekem se XD ))
[22:34:23] Aldo_B_Dueno mondja OOC: (( azigen ))
[22:34:24] Torres_Butler mondja OOC: (( vagy tsen gyorsan mondjam? ))
[22:34:31] Sergei B Dueno ordítja: 1 percesre!!
[22:34:39] Algernon Youngmay mondja: f
[22:34:40] Kevin R Sorrentino ordítja: oké tesó!!
[22:34:41] Tom_Torres mondja OOC: (( FT van kíírva grt.. ))
[22:34:42] Algernon_Youngmay mondja OOC: (( c ))
[22:34:46] KrisT Roscoe mondja: igyekezz
[22:34:48] Tom_Torres mondja OOC: (( Nem értem miért kellet ,egváltoztani xd ))
[22:34:48] KrisT Roscoe mondja: ne maradj le
[22:34:52] Kevin R Sorrentino mondja: MEGY A CLASSRPG
[22:34:54] Kevin_R_Sorrentino mondja OOC: (( (()) ))
[22:34:56] Aldo_B_Dueno mondja OOC: (( xd ))
[22:34:57] Kevin_R_Sorrentino mondja OOC: (( xd.. ))
[22:34:59] Torres_Butler mondja OOC: (( tsen vagytok? ))
[22:35:02] Marcell_O_Neill mondja OOC: (( aha ))
[22:35:03] Ralf S Tomasso ordítja: Állj itt az FBI/SWAT Azonnal dobja el a fegyvereit és feküdjön a földre, vagy lövök!!!
[22:35:05] Kevin_R_Sorrentino mondja OOC: (( kellet irni haveroknak :D ))
[22:35:05] Marcell_O_Neill mondja OOC: (( pill fiam ))
[22:35:15] Sergei_B_Dueno mondja OOC: (( 24fps lell faszom ))
[22:35:18] Torres_Butler mondja OOC: (( jóvan apja ))
[22:35:19] Ralf S Tomasso ordítja: Állj itt az FBI/SWAT Azonnal dobja el a fegyvereit és feküdjön a földre, vagy lövök!!!
[22:35:25] Kevin_R_Sorrentino mondja OOC: (( 99fps ))
[22:35:26] Aldo_B_Dueno mondja OOC: (( nekem 100 ))
[22:35:28] Ralf S Tomasso ordítja: lõnek!!
[22:35:29] [Jármûben] Stefan D Zecchin mondja: Igen?
[22:35:30] Sergei_B_Dueno mondja OOC: (( anyátokat ))
[22:35:33] Aldo_B_Dueno mondja OOC: (( xd ))
[22:36:04] Matt Creed mondja: Üdv
[22:36:06] Sergei B Dueno mondja: lel
[22:36:17] Aldo B Dueno mondja: lel
[22:36:23] Sergei B Dueno mondja: lel
[22:36:30] Ralf S Tomasso mondja: segítsen
[22:36:31] George_B_Hollywood mondja OOC: (( dik és meg marad a swat ruha ))
[22:36:36] Stefan_D_Zecchin mondja OOC: (( Csak pd skin:D ))
[22:36:38] Stefan D Zecchin mondja: Soha
[22:36:49] Sergei B Dueno mondja: defaszomatebbegeci
[22:36:49] Aldo_B_Dueno mondja OOC: (( SKILL NÉLKÜL NEMLEHET ))
[22:36:51] Kevin_R_Sorrentino mondja OOC: (( XD ))
[22:36:55] Edie Morra mondja: Üdv
[22:36:58] Matt Creed mondja: Üdv
[22:37:00] Sergei_B_Dueno mondja OOC: (( szar géppel nemjó ))
[22:37:03] Ralf S Tomasso mondja: jó csak segíts fel megyek onduty-zni (())
[22:37:03] Sergei_B_Dueno mondja OOC: (( bocs ))
[22:37:09] Edie Morra mondja: Maga meg mit képzel, hogy egy szál gatyába ide állít elém?
[22:37:12] Sergei_B_Dueno mondja OOC: (( nemjövök többewt ))
[22:37:15] Krisztofer_Vincenzo mondja OOC: (( 543 sec ))
[22:37:20] Aldo_B_Dueno mondja OOC: (( sergei ))
[22:37:21] Matt Creed mondja: Uram nem tehetek róla ellopták rólam
[22:37:24] Sergei_B_Dueno mondja OOC: (( ? ))
[22:37:26] Krisztofer_Vincenzo mondja OOC: (( crasheltesd magad vagy valami ))
[22:37:28] Aldo_B_Dueno mondja OOC: (( hallod irc 1 ))
[22:37:29] Edie Morra mondja: Kérlek öltöztesd fel az urat
[22:37:35] KrisT Roscoe mondja: állj fel!
[22:37:38] Henrik_T_Scaletta mondja OOC: (( felsegítünk titeket ))
[22:37:59] Damien_Creed mondja OOC: (( erz nonos ))
[22:38:03] Stefan D Zecchin mondja: Fene
[22:38:03] Damien_Creed mondja OOC: (( itt hagyod ))
[22:38:06] Stefan D Zecchin mondja: Gyenge volt
[22:38:09] Krisztofer Vincenzo ordítja: Takaródó!!
[22:38:14] Ralf_S_Tomasso mondja OOC: (( de héló ))
[22:38:19] Stefan_D_Zecchin mondja OOC: (( hm? ))
[22:38:20] Ralf_S_Tomasso mondja OOC: (( tegyetek be a kocsiba ))
[22:38:24] Ralf_S_Tomasso mondja OOC: (( azt majd segítsetek fel xd ))
[22:38:27] Stefan_D_Zecchin mondja OOC: (( MineK? ))
[22:38:29] Patrik_O_Neill mondja OOC: (( /k elad ))
[22:38:31] Stefan_D_Zecchin mondja OOC: (( van omsz ))
[22:38:31] Henrik T Scaletta mondja: üdvözlöm
[22:38:33] Oliver_Ward mondja OOC: (( bocs most vettem észre hogy irtal, elõtte meg nem láttalak. ))
[22:38:35] Ralf_S_Tomasso mondja OOC: (( ninc  ))
[22:38:35] Krisztofer_Vincenzo mondja OOC: (( 500sec kéne omsz ))
[22:38:42] Henrik_T_Scaletta mondja OOC: (( 219 ))
[22:38:49] Krisztofer_Vincenzo mondja OOC: (( 200 sec ))
[22:38:56] Algernon_Youngmay mondja OOC: (( g ))
[22:38:56] Tom_Zecchin mondja OOC: (( Gotocar 63 ))
[22:39:02] Algernon_Youngmay mondja OOC: (( gf ))
[22:39:04] Ralf_S_Tomasso mondja OOC: (( csak patrik van ))
[22:39:30] Krisztofer_Vincenzo mondja OOC: (( 3 perc ))
[22:39:31] Ralf_S_Tomasso mondja OOC: (( na mindegy ha már nem kellek IC megyek segíteni ondutyba ))
[22:39:35] Kevin_R_Sorrentino mondja OOC: (( adol penzt nevezni? kell meg 40k ))
[22:39:40] Kevin_R_Sorrentino mondja OOC: (( am no skill :D ))
[22:39:40] Stefan_D_Zecchin mondja OOC: (( nem kellesz ))
[22:39:42] George_B_Hollywood mondja OOC: (( id? ))
[22:39:45] Kevin_R_Sorrentino mondja OOC: (( 36 ))
[22:39:51] Ralf_S_Tomasso mondja OOC: (( jólvan  ))
[22:39:51] Kevin_R_Sorrentino mondja OOC: (( Csõõ George  ))
[22:39:55] Ralf_S_Tomasso mondja OOC: (( akkor asegitelek ))
[22:39:55] George_B_Hollywood mondja OOC: (( cs ))
[22:39:57] Ralf_S_Tomasso mondja OOC: (( xd ))
[22:40:07] Kevin_R_Sorrentino mondja OOC: (( de ez nem lesz jo sem m4 se ak skill :D ))
[22:40:07] Krisztofer_Vincenzo mondja OOC: (( asegiteld magad ))
[22:40:23] Gyorgy_Boyka mondja OOC: (( csá ))
[22:40:36] Stefan_D_Zecchin mondja OOC: (( istenem szeró lag ))
[22:40:47] George_B_Hollywood mondja OOC: (( pb nevezés 2 ))
[22:41:02] Marcell_O_Neill mondja OOC: (( kiveszlek ))
[22:41:04] Kiraly_Viktor mondja OOC: (( ok ))
[22:41:05] Gyorgy_Boyka mondja OOC: (( mindenki kapott 10 misit kezdõpénznek? ))
[22:41:09] Kiraly_Viktor mondja OOC: (( köszi ))
[22:41:14] Marcell_O_Neill mondja OOC: (( Mond ))
[22:41:18] Kevin_R_Sorrentino mondja OOC: (( marcell ))
[22:41:23] Troy_Brooks mondja OOC: (( TS-re gyere már vissza ))
[22:41:27] Krisztofer_Vincenzo mondja OOC: (( 1 pefc ))
[22:41:28] Kevin_R_Sorrentino mondja OOC: (( ja gyere marcell ))
[22:41:32] Marcell_O_Neill mondja OOC: (( most dolgom van ))
[22:41:32] Ralf_S_Tomasso mondja OOC: (( 6 ))
[22:41:33] Marcell_O_Neill mondja OOC: (( kurva sok ))
[22:41:35] Kevin_R_Sorrentino mondja OOC: (( ja gyere marcell ))
[22:41:35] Marcell_O_Neill mondja OOC: (( tényleg ))
[22:41:37] Marcell_O_Neill mondja OOC: (( mindjárt resi ))
[22:41:39] Krisztofer_Vincenzo mondja OOC: (( 1 perc ))
[22:41:43] Marcell_O_Neill mondja OOC: (( visszaállunk forintra ))
[22:41:45] Marcell_O_Neill mondja OOC: (( egyenlõre ))
[22:41:47] Kevin_R_Sorrentino mondja OOC: (( <3 ))
[22:41:57] Troy_Brooks mondja OOC: (( de vissza állhatnál ts-en fõadmin ogadóba ))
[22:42:01] Henrik_T_Scaletta mondja OOC: (( am a bérlést se xd ))
[22:42:11] Henrik_T_Scaletta mondja OOC: (( 80k volt :S ))
[22:42:17] [Kevin_S_Tomasso]Agent K. mondja OOC: (( Az épp elég ))
[22:42:25] [Kevin_S_Tomasso]Agent K. mondja OOC: (( 80 ezer dollár nem 1 ft ))
[22:42:27] Henrik_T_Scaletta mondja OOC: (( 2 bérlés volt vissza is volt ))
[22:42:33] [Stefan_D_Zecchin]* Valaki beveria f ejlt
[22:42:37] [James_Creed]* Valaki megüti magát
[22:42:39] James_Creed mondja OOC: (( - ))
[22:42:47] [Stefan_D_Zecchin]* Valaki beveria f ejlt
[22:42:49] James_Creed mondja OOC: (( - ))
[22:42:51] [Damien_Creed]* Valaki megüti magát
[22:43:06] Troy_Brooks mondja OOC: (( hahó, marcell kérlek gyere már ))
[22:43:09] [Jármûben] Stefan D Zecchin mondja: .
[22:43:11] Troy_Brooks mondja OOC: (( hahó, marcell kérlek gyere már ))
[22:43:22] [Jármûben] Santos O Neill mondja: -1
[22:43:29] Marcell_O_Neill mondja OOC: (( pill ))
[22:43:30] * beveri a fejjlyét ((Santos_O_Neill))
[22:43:33] KrisT Roscoe mondja: foglaljon helyet
[22:43:36] Troy_Brooks mondja OOC: (( mind1 akkor cs ))
[22:43:36] KrisT Roscoe mondja: addig
[22:43:43] Matt Creed mondja: Inkább állok
[22:43:49] KrisT Roscoe mondja: ülljön le
[22:44:01] Michael_Faraday mondja OOC: (( hello ))
[22:44:09] Gyorgy_Boyka mondja OOC: (( csá ))
[22:44:15] KrisT Roscoe mondja: kér valami italt?
[22:44:19] Matt Creed mondja: Igen
[22:44:20] Algernon Youngmay mondja: g
[22:44:24] KrisT Roscoe mondja: mit?
[22:44:24] [Stefan_D_Zecchin]* Valaki beveria f ejlt
[22:44:29] Matt Creed mondja: Whiskey 2 jéggel
[22:45:08] Santos_O_Neill mondja OOC: (( homál ))
[22:45:14] KrisT Roscoe mondja: Salve
[22:45:18] Edie Morra mondja: Látom felöltözött
[22:45:20] Matt Creed mondja: Üdv
[22:45:23] Matt Creed mondja: Igen
[22:45:25] Ralf_S_Tomasso mondja OOC: (( . ))
[22:45:26] Edie Morra mondja: Így jobb
[22:45:30] Edie Morra mondja: Nos
[22:45:40] Edie Morra mondja: Minek köszönhetem a látogatását édes fiam?
[22:45:51] [Henrik_T_Scaletta]* Valaki beveri a fjeét
[22:45:55] [Krisztofer_Vincenzo]* Valaki megrázkódik
[22:45:59] Matt Creed mondja: Jelentkezni szeretnék a pincérekhez.
[22:46:14] Edie Morra mondja: Csakugyan
[23:35:46] Edie Morra mondja: Na
[23:36:18] Edie Morra mondja: Hol tartottunk? édes fiam
[23:36:23] Matt Creed mondja: Akkor jelentkezni szeretnék pincérnek.
[23:36:25] Edie Morra mondja: Kérem várjon itt
[23:36:31] Matt Creed mondja: Rendben
[23:36:51] Diego_Aciano mondja OOC: (( az kuva jó :D  ))
[23:37:46] KrisT_Roscoe mondja OOC: (( /átad 27 lõszer deagle 50 ))
[23:38:18] Ralf_S_Tomasso mondja OOC: (( a ))
[23:38:42] KrisT Roscoe mondja: Padrino
[23:39:01] KrisT Roscoe mondja: köszönöm
[23:39:28] Marcell O Neill mondja: Szia
[23:39:46] KrisT Roscoe mondja: Köszönöm
[23:40:40] [Jármûben] Kevin R Sorrentino mondja: d
[23:41:04] Vin_Alpacino mondja OOC: (( . ))
[23:41:04] Oberth_Andras mondja OOC: (( 88.198.80.45 ))
[23:41:33] Diego Aciano mondja: csá 
[23:41:36] Algernon Youngmay mondja: csá
[23:41:36] * fogja az övét ((Kevin_R_Sorrentino))
[23:41:44] Algernon Youngmay mondja: ismerlek waze
[23:41:48] Diego Aciano mondja: anyád
[23:41:53] Edie Morra mondja: Nos
[23:41:59] Steve Aoki mondja: asd
[23:41:59] Vin_Alpacino mondja OOC: (( . ))
[23:42:00] Steve Aoki mondja: asd
[23:42:04] Edie Morra mondja: Fiam
[23:42:06] Edie Morra mondja: Jöjjön
[23:42:23] Algernon Youngmay mondja: buzi
[23:42:24] KrisT Roscoe mondja: Italt az uraknak?
[23:42:36] Edie Morra mondja: Foglaljanak helyet
[23:42:37] Matt Creed mondja: Leülhetek én is?
[23:42:49] Vin_Alpacino mondja OOC: (( . ))
[23:42:49] Edie Morra mondja: Nos
[23:42:56] Edie Morra mondja: Jelentkezne pincérnek?
[23:42:59] Matt Creed mondja: Igen
[23:43:09] Edie Morra mondja: Van tapasztalata?
[23:43:20] Matt Creed mondja: Igen van bõven.
[23:43:22] Algernon Youngmay mondja: #exit
[23:43:28] Edie Morra mondja: Nos
[23:43:40] Marcell O Neill mondja: elbasztam
[23:43:40] Edie Morra mondja: Tudja hogy mi lesz a dolga?
[23:43:43] Milinte_Brasco mondja OOC: (( picit ))
[23:43:47] Marcell O Neill mondja: nem
[23:43:48] Marcell O Neill mondja: jó
[23:43:52] Matt Creed mondja: Ha ki adja akkor tudni fogom
[23:43:57] Marcell O Neill mondja: Patrik mappolta
[23:43:58] Edie Morra mondja: Rendben
[23:43:59] Marcell O Neill mondja: fasza?
[23:44:02] Milinte_Brasco mondja OOC: (( nem rossz ))
[23:44:03] Edie Morra mondja: Kérem maradjon itt
[23:44:06] Milinte_Brasco mondja OOC: (( de a gates hegy a legjobb,akkoris:D ))
[23:44:08] Matt Creed mondja: REndben
[23:44:10] Marcell O Neill mondja: dehogy
[23:44:12] Marcell O Neill mondja: pff
[23:44:14] Edie Morra mondja: Gyere fiam
[23:44:16] Milinte_Brasco mondja OOC: (( de kurva jó ))
[23:44:34] Vin Alpacino ordítja: csáá!!
[23:44:36] Edie Morra suttogja: Mi legyen vele?
[23:44:47] Vin_Alpacino mondja OOC: (( szia  ))
[23:44:49] KrisT Roscoe suttogja: adjunk neki egy esélyt. selejtek úgyis elhullnak
[23:45:03] Vin Alpacino mondja: Hé
[23:45:14] Vin_Alpacino mondja OOC: (( dicsak patrikt xD ))
[23:45:16] Edie Morra suttogja: értem készítsd elõ a beavató szobát amíg beszélgetek vele
[23:45:24] Patrik_O_Neill mondja OOC: (( :D ))
[23:45:27] KrisT Roscoe suttogja: Rendben
[23:45:43] Steve Aoki mondja: ki ez a fasz
[23:45:49] Steve Aoki mondja: nebánts
[23:45:52] Steve Aoki mondja: pls
[23:45:53] Milinte_Brasco mondja OOC: (( amúgy ))
[23:45:53] [Jármûben] Marcell O Neill mondja: ugorj be
[23:45:55] Steve Aoki mondja: k.?
[23:45:56] Milinte_Brasco mondja OOC: (( van 1 bug ))
[23:45:56] Algernon Youngmay mondja: dikk
[23:45:58] [Jármûben] Marcell O Neill mondja: na?
[23:45:59] [Jármûben] Marcell O Neill mondja: mi?
[23:46:00] Steve Aoki mondja: dikezik
[23:46:00] Steve Aoki mondja: more
[23:46:01] Milinte_Brasco mondja OOC: (( ondutyban ha ráugrok a kocsi tetejére ))
[23:46:02] Algernon Youngmay mondja: segiteni akartam volna
[23:46:06] Steve_Aoki mondja OOC: (( te kivagy ))
[23:46:07] Milinte_Brasco mondja OOC: (( akkor is bejelez az,hogy " PG ha ott vagy.. "  ))
[23:46:11] Steve_Aoki mondja OOC: (( mi volt a neved? XD ))
[23:46:13] Algernon_Youngmay mondja OOC: (( na ki egy játékos ))
[23:46:16] Algernon_Youngmay mondja OOC: (( ez ))
[23:46:16] Steve_Aoki mondja OOC: (( k ))
[23:46:18] [Jármûben] Marcell O Neill mondja: azt bellítju kmajd
[23:46:20] [Jármûben] Marcell O Neill mondja: nyugi
[23:46:25] Algernon_Youngmay mondja OOC: (( mint mindenkinek edig ))
[23:46:26] Milinte_Brasco mondja OOC: (( okés ))
[23:46:30] Steve Aoki mondja: <3
[23:46:32] Milinte_Brasco mondja OOC: (( xd ))
[23:46:45] Edie Morra mondja: Nos
[23:46:51] Edie Morra mondja: Ugye tudja
[23:47:08] Edie Morra mondja: Hogy több lesz a dolga mint egy egyszerû kiszolgálás?
[23:47:11] * A kés ezüst ((KrisT_Roscoe))
[23:47:16] Matt Creed mondja: Igen tudom
[23:47:20] Edie Morra mondja: Remek
[23:47:28] Edie Morra mondja: Meik családból származik?
[23:47:37] Matt Creed mondja: Árva vagyok
[23:47:39] Edie Morra mondja: Ön Sziciliai?
[23:47:47] Milinte_Brasco mondja OOC: (( nem semmi ))
[23:47:52] Matt Creed mondja: Igen
[23:47:56] Edie Morra mondja: Remek
[23:47:59] Vin Alpacino mondja: tesó
[23:47:59] Edie Morra mondja: Piros pont
[23:48:01] Vin Alpacino mondja: jösz?
[23:48:12] Aldo B Dueno mondja: majd jövök
[23:48:17] Vin Alpacino mondja: na ne
[23:48:17] Edie Morra mondja: Olasz ország meik részérõl származik?
[23:48:19] Vin Alpacino ordítja: álldddó!!
[23:48:23] Steve Aoki mondja: emnégy
[23:48:28] * megfogja az öv ((John_Rob))
[23:48:28] Vin Alpacino mondja: te vagy az?
[23:48:29] Vin Alpacino mondja: papa
[23:48:31] Steve Aoki mondja: dik
[23:48:32] Steve Aoki mondja: kivagyte
[23:48:33] Aldo B Dueno mondja: ja
[23:48:34] Aldo B Dueno mondja: de
[23:48:35] Steve Aoki mondja: az apádt
[23:48:36] Matt Creed mondja: Északi részérõl származom
[23:48:37] Aldo B Dueno mondja: tekivagy?
[23:48:38] Steve Aoki mondja: kösz a választ
[23:48:40] Edie Morra mondja: Tudja kik vagyunk?
[23:48:47] Vin Alpacino mondja: én Vin apád
[23:48:52] Matt Creed mondja: Nem nem hallottam még magukról
[23:48:52] Edie Morra mondja: és mi a területünk?
[23:48:52] Aldo B Dueno mondja: jajó csõ
[23:48:53] Vin_Alpacino mondja OOC: (( laggolok faszig -.- xD ))
[23:48:54] Steve_Aoki mondja OOC: (( damine ))
[23:48:56] Aldo_B_Dueno mondja OOC: (( xd ))
[23:48:59] Vin Alpacino mondja: mi a helyzet?
[23:49:01] Edie Morra mondja: Ahha
[23:49:02] Damien_Creed mondja OOC: (( mond ))
[23:49:02] Steve_Aoki mondja OOC: (( aggyálmár m4et xdd ))
[23:49:03] Aldo B Dueno mondja: nemsokminden
[23:49:08] Aldo B Dueno mondja: jössz 1 kört a 4esbe
[23:49:11] Aldo B Dueno mondja: he?
[23:49:13] Vin Alpacino mondja: ösz egy menetet?
[23:49:15] Milinte_Brasco mondja OOC: (( hé ))
[23:49:15] Vin_Alpacino mondja OOC: (( neked ))
[23:49:16] Edie Morra mondja: Mi a La Cosa Nostra vagyunk
[23:49:17] Aldo B Dueno mondja: ja
[23:49:25] Steve Aoki mondja: dik
[23:49:25] Vin_Alpacino mondja OOC: (( milyen win van? ))
[23:49:26] Edie Morra mondja: egy család - egy klán
[23:49:28] Steve Aoki mondja: mika
[23:49:31] Edie Morra mondja: egy titkos szervezet
[23:49:32] Oberth_Andras mondja OOC: (( . ))
[23:49:35] Matt Creed mondja: Értem
[23:49:36] Aldo_B_Dueno mondja OOC: (( he? ))
[23:49:37] Steve Aoki mondja: paraszt
[23:49:45] Edie Morra mondja: Célunk a hatalom és a pénz
[23:49:47] Steve Aoki ordítja: hahahahahahahahaa!!
[23:49:50] Mike O Neill mondja: 6bankszámla
[23:49:54] Mike O Neill mondja: (())
[23:49:56] Edie Morra mondja: Ennek fényében is jelentkezne?
[23:50:02] Milinte_Brasco mondja OOC: (( így már más ))
[23:50:05] Matt Creed mondja: Természetesen
[23:50:21] Edie Morra mondja: Elfogadja, hogy mindent meg kell tennie amire utasítom
[23:50:23] Edie Morra mondja: ?
[23:50:28] Matt Creed mondja: Igen elfogadom
[23:50:39] Steve Aoki mondja: szia
[23:50:40] Steve Aoki mondja: <3
[23:50:42] Edie Morra mondja: Elfogadja, hogy mától csak a szervezet az elsõ?
[23:50:46] Marco Damien mondja: helló
[23:50:47] Matt Creed mondja: Igen
[23:50:49] Gyorgy Boyka ordítja: héj!!
[23:50:50] Vin_Alpacino mondja OOC: (( hagyd magad ))
[23:50:50] Edie Morra mondja: Még akkor is ha a felesége épp szül?
[23:50:52] Vin_Alpacino mondja OOC: (( mert laggolok pls ))
[23:50:55] * amik a fõnök kezében vannak ((KrisT_Roscoe))
[23:50:55] Aldo_B_Dueno mondja OOC: (( nope ))
[23:50:56] Matt Creed mondja: Igen akkor is
[23:50:59] Dolph F Gates mondja: amúgy
[23:51:00] [Jármûben] Henrik T Scaletta mondja: MI A FASZT KÉPZEL?
[23:51:03] Henrik T Scaletta ordítja: Állj itt az L.S.P.D/S.W.A.T! Azonnal dobják el a fegyvereiket és feküdjenek a földre!!!
[23:51:05] Edie Morra mondja: Kérem jöjjön velem
[23:51:07] [Jármûben] Steve Aoki mondja: okcs
[23:51:10] [Jármûben] Steve Aoki mondja: jaj
[23:51:11] Steve Aoki mondja: nemide
[23:51:12] Tyler_Wish mondja OOC: (( Edie ))
[23:51:12] Steve Aoki mondja: helo
[23:51:17] Edie_Morra mondja OOC: (( pill ))
[23:51:20] Edie_Morra mondja OOC: (( rp-zünk ))
[23:51:30] Edie_Morra mondja OOC: (( am mond ))
[23:51:37] Tyler_Wish mondja OOC: (( TSen láttad amit írtam? ))
[23:51:43] Vin Alpacino mondja: Cs
[23:51:44] Aldo B Dueno ordítja: ittvagy?!!
[23:51:52] Marcell O Neill mondja: w
[23:51:53] Marcell O Neill mondja: w
[23:51:56] Milinte_Brasco mondja OOC: (( Dolph ))
[23:52:04] Milinte_Brasco mondja OOC: (( A Brasco tanyás házam én is visszavehetem? ))
[23:52:06] Tyler_Wish mondja OOC: (( ? ))
[23:52:12] Edie_Morra mondja OOC: (( beavatás ))
[23:52:12] Kiraly_Viktor mondja OOC: (( mi rák.... mitõl van ijen pingem ))
[23:52:16] Dolph F Gates mondja: Távolság: 7
[23:52:21] Vin_Alpacino mondja OOC: (( laggod van? ))
[23:52:21] Tyler_Wish mondja OOC: (( TSen láttad amit írtam? ))
[23:52:25] Edie Morra mondja: Avasd be
[23:52:27] Vin_Alpacino mondja OOC: (( romániában lakunk papa ))
[23:52:33] Kiraly_Viktor mondja OOC: (( pingem nem tudom mitõl ))
[23:52:37] Vin_Alpacino mondja OOC: (( románia xD ))
[23:52:38] Kiraly_Viktor mondja OOC: (( jaja ))
[23:52:42] Edie_Morra mondja OOC: (( nem figyeltem mert le van halkítva nem hallom a pittyegést ))
[23:52:44] Vin_Alpacino mondja OOC: (( laggolsz is? ))
[23:52:44] Dolph_F_Gates mondja OOC: (( amúgy fel tünt h. KrisT Roscoe nem Krist Roscoe ? ))
[23:52:48] Krist Roscoe mondja: állj fel
[23:52:51] Tyler_Wish mondja OOC: (( tudnál rá válaszolni pls? ))
[23:52:51] Milinte_Brasco mondja OOC: (( igen elõbb szóltam neki ))
[23:52:52] Kiraly_Viktor mondja OOC: (( FPS re gondolsz? ))
[23:52:54] Krist Roscoe mondja: menj az asztalhoz
[23:52:55] Milinte_Brasco mondja OOC: (( hogy relogoljon ))
[23:52:55] Vin_Alpacino mondja OOC: (( jaja ))
[23:53:00] Henrik_T_Scaletta mondja OOC: (( t/s Állj itt az L.S.P.D/S.W.A.T! Azonnal dobják el a fegyvereiket és feküdjenek a földre! ))
[23:53:08] Vin_Alpacino mondja OOC: (( mennyid van? ))
[23:53:13] Milinte_Brasco mondja OOC: (( már jó neki ))
[23:53:19] Kiraly_Viktor mondja OOC: (( nem az nincs csak nemtom nem torrentezek meg semmi és ijen 500 pingem van ))
[23:53:23] Dolph F Gates mondja: oksi
[23:53:30] Kiraly_Viktor mondja OOC: (( hát 30 általában  ))
[23:53:34] Krist Roscoe mondja: Nyújtsa ki jobb kezét
[23:53:36] Steve Aoki mondja: dik
[23:53:41] Milinte_Brasco mondja OOC: (( Akkor a Brasco tanyás házam visszavehetem? ))
[23:53:41] Steve Aoki mondja: kivagyt
[23:53:44] Steve Aoki mondja: selje
[23:54:07] Aldo_B_Dueno mondja OOC: (( ... ))
[23:54:11] * rácsöppen a vér a parézsra, és elillan, elpárolog ((Krist_Roscoe))
[23:54:18] Krist Roscoe mondja: 6me ad egy tapaszt
[23:54:22] Krist Roscoe mondja: (())
[23:54:28] Milinte_Brasco mondja OOC: (( EZAAAAAAAAAAAAz ))
[23:54:30] Milinte_Brasco mondja OOC: (( nézzenek oda ))
[23:54:37] Tyler_Wish mondja OOC: (( kösz ))
[23:55:00] Vin Alpacino mondja: Nevezz
[23:55:01] Milinte_Brasco mondja OOC: (( srácok ))
[23:55:03] Vin Alpacino mondja: te
[23:55:04] Milinte Brasco ordítja: NEE!!
[23:55:06] Vin_Alpacino mondja OOC: (( 941skill -.- ))
[23:55:08] Connor_O_Neill mondja OOC: (( :D ))
[23:55:09] Milinte_Brasco mondja OOC: (( ja azt hittem itt hagysz ))
[23:55:10] Vin_Alpacino mondja OOC: (( mind a kettõre ))
[23:55:14] Aldo_B_Dueno mondja OOC: (( nekem 958 ))
[23:55:14] Vin_Alpacino mondja OOC: (( szval szar xD ))
[23:55:22] Kiraly_Viktor mondja OOC: (( bakker.... ))
[23:55:24] Vin Alpacino mondja: nevezz
[23:55:26] Aldo_B_Dueno mondja OOC: (( STEVEE ))
[23:55:26] Vin Alpacino mondja: te is 
[23:55:28] Steve Aoki mondja: szia
[23:55:29] Steve Aoki mondja: <3
[23:55:30] Edie Morra mondja: Nos
[23:55:39] Vin Alpacino mondja: fasza
[23:55:46] [Henrik_T_Scaletta]* Valaki beveri afejét
[23:55:55] Vin Alpacino ordítja: nincs skill!!
[23:55:59] Edie Morra mondja: Nos Matt Creed mától újjászülettél és a Cosa Nostrához tartozol
[23:56:04] Edie Morra mondja: Ha nem engedelmeskedel
[23:56:05] Steve Aoki ordítja: anyád!!
[23:56:09] Matt Creed mondja: Köszönöm
[23:56:11] Vin Alpacino mondja: szápõ
[23:56:12] Edie Morra mondja: és elárulod a tesvéreid
[23:56:13] Vin Alpacino ordítja: szopos!!
[23:56:23] Edie Morra mondja: úgy égsz el a pokolban mint a szent kép a kezedbe
[23:56:26] Edie Morra mondja: Elfogadod?
[23:56:33] Matt Creed mondja: Ige.
[23:56:38] Matt Creed mondja: Igen 
[23:56:39] Oberth_Andras mondja OOC: (( itt a kincs ))
[23:56:43] Edie Morra mondja: Rendben
[23:56:44] Vin Alpacino ordítja: nem kapod!!
[23:57:03] Milinte_Brasco mondja OOC: (( 6me varázsol ))
[23:57:08] Tom Zecchin mondja: 6rb eal Aztecas kecci
[23:57:19] Vin Alpacino mondja: szopos
[23:57:30] Vin Alpacino ordítja: ember 2v1?!!
[23:57:33] Dominic Vincenzo ordítja: Állj ez egy rablás!!
[23:57:33] Edie_Morra mondja OOC: (( Cose de tutti ))
[23:57:33] Steve Aoki ordítja: kurvaanyád!!
[23:57:38] * Cose de tutti ((Edie_Morra))
[23:57:39] Aldo B Dueno mondja: easy
[23:57:41] Steve Aoki mondja: büdöscigány
[23:57:41] Aldo B Dueno mondja: easy
[23:57:43] Edie Morra mondja: Na
[23:57:47] Edie Morra mondja: Mostt
[23:57:47] Steve Aoki mondja: anyád az izi
[23:57:48] Steve Aoki mondja: fasz
[23:57:49] Edie Morra mondja: Már
[23:57:52] Edie Morra mondja: Új ember vagy
[23:57:53] Aldo_B_Dueno mondja OOC: (( skilltelenülxd ))
[23:58:05] Dominic Vincenzo ordítja: Közlöm magával hogy ez egy rablás! Amennyiben bármilyen mozalotut vét el jogunkban áll lelõni!!!
[23:58:13] Steve_Aoki mondja OOC: (( omg ))
[23:58:18] Vin_Alpacino mondja OOC: (( na ne xD ))
[23:58:23] Steve_Aoki mondja OOC: (( ilyen szar sose voltam ))
[23:58:27] Edie Morra mondja: Krist
[23:58:28] Tyler_Wish mondja OOC: (( ? ))
[23:58:30] Edie Morra mondja: Fiam
[23:58:30] Krist Roscoe mondja: Igen?
[23:58:32] Edie Morra mondja: Jöjjön
[23:58:34] Aldo_B_Dueno mondja OOC: (( NEKEM KELL SKILL ))
[23:58:35] Vin_Alpacino mondja OOC: (( kellene skill ))
[23:58:36] Edie Morra mondja: iDE
[23:58:38] Vin_Alpacino mondja OOC: (( de zárva -.- ))
[23:58:56] Edie Morra mondja: Kérem térdeljen le
[23:59:00] Dominic Vincenzo ordítja: Es ist sehr gut rablás! Állj vagy lövök!!
[23:59:00] Steve Aoki mondja: cigo
[23:59:05] Steve Aoki mondja: nago
[23:59:18] Edie Morra mondja: Több évig nagyon hûséges családtag voltál
[23:59:20] Steve_Aoki mondja OOC: (( három elég nagy lesz fiam ))
[23:59:24] Edie Morra mondja: nem tudom ezt neked meghálálni
[23:59:26] Edie Morra mondja: Eléggé
[23:59:28] Steve_Aoki mondja OOC: (( gra ))
[23:59:39] Edie Morra mondja: Nos mától Capo leszel és a jobb kezem
[23:59:58] Dominic Vincenzo ordítja: Közlöm magával a cselekedetem rablás! amennyiben bármilyen mozdulatot elvét jogomban áll tüzet nyitni magára! !!
