[13:53:35] [berak][24]Krisztofer_Vincenzo a 55 házba 20 marihuana
[13:53:38] [berak][24]Krisztofer_Vincenzo a 55 házba 3 heroin
[13:53:52] [berak][24]Krisztofer_Vincenzo a 55 házba 7 kokain
[13:58:04] [10. frakció(USTC) - ADOMÁNY]TT bolt adomány 650 Ft
[13:58:04] [9. frakció(USN) - ADOMÁNY]TT bolt adomány 650 Ft
[13:58:06] [10. frakció(USTC) - ADOMÁNY]TT bolt adomány 650 Ft
[13:58:06] [9. frakció(USN) - ADOMÁNY]TT bolt adomány 650 Ft
[13:59:26] [kivesz][48]Lucio_Zecchin a 378 házból 1 mellényt
[13:59:28] [kivesz][52]Fekete_Erik a 207 házból 100 g kokaint
[14:06:53] [10. frakció(USTC) - ADOMÁNY]TT bolt adomány 650 Ft
[14:06:53] [9. frakció(USN) - ADOMÁNY]TT bolt adomány 650 Ft
[14:07:06] [10. frakció(USTC) - ADOMÁNY]TT bolt adomány 650 Ft
[14:07:06] [9. frakció(USN) - ADOMÁNY]TT bolt adomány 650 Ft
[14:11:43] [6. frakció (Yakuza) - PÉNZ]Thomas_Berzerk kivett a széfbõl 1 Ft-ot
[14:11:46] [6. frakció (Yakuza) - PÉNZ]Thomas_Berzerk berakott a széfbe 1 Ft-ot
[14:15:25] [10. frakció(USTC) - ADOMÁNY]TT bolt adomány 5,000 Ft
[14:15:25] [9. frakció(USN) - ADOMÁNY]TT bolt adomány 5,000 Ft
[14:15:40] [10. frakció(USTC) - ADOMÁNY]TT bolt adomány 650 Ft
[14:15:40] [9. frakció(USN) - ADOMÁNY]TT bolt adomány 650 Ft
[14:15:54] [10. frakció(USTC) - ADOMÁNY]TT bolt adomány 650 Ft
[14:15:54] [9. frakció(USN) - ADOMÁNY]TT bolt adomány 650 Ft
[14:16:07] [10. frakció(USTC) - ADOMÁNY]TT bolt adomány 80 Ft
[14:16:07] [9. frakció(USN) - ADOMÁNY]TT bolt adomány 80 Ft
[14:16:10] [10. frakció(USTC) - ADOMÁNY]TT bolt adomány 80 Ft
[14:16:10] [9. frakció(USN) - ADOMÁNY]TT bolt adomány 80 Ft
[14:16:38] [6. frakció (Yakuza)]Thomas_Berzerk berakott a raktárba 5000 db kokaint
[14:16:44] [6. frakció (Yakuza)]Thomas_Berzerk berakott a raktárba 4000 db heroint
[14:16:50] [10. frakció(USTC) - ADOMÁNY]TT bolt adomány 5,000 Ft
[14:16:50] [9. frakció(USN) - ADOMÁNY]TT bolt adomány 5,000 Ft
[14:16:53] [6. frakció (Yakuza)]Thomas_Berzerk berakott a raktárba 2000 db marihuanát
[14:17:45] [10. frakció(USTC) - ADOMÁNY]TT bolt adomány 4,000 Ft
[14:17:45] [9. frakció(USN) - ADOMÁNY]TT bolt adomány 4,000 Ft
[14:18:33] [10. frakció(USTC) - ADOMÁNY]TT bolt adomány 650 Ft
[14:18:33] [9. frakció(USN) - ADOMÁNY]TT bolt adomány 650 Ft
[14:18:41] [10. frakció(USTC) - ADOMÁNY]TT bolt adomány 120 Ft
[14:18:41] [9. frakció(USN) - ADOMÁNY]TT bolt adomány 120 Ft
[14:19:50] [kivesz][36]Norbert_L_Scaletta a 419 házból 1,000,000 Ft-t
[14:20:06] [10. frakció(USTC) - ADOMÁNY]TT bolt adomány 650 Ft
[14:20:06] [9. frakció(USN) - ADOMÁNY]TT bolt adomány 650 Ft
[14:20:08] [10. frakció(USTC) - ADOMÁNY]TT bolt adomány 650 Ft
[14:20:08] [9. frakció(USN) - ADOMÁNY]TT bolt adomány 650 Ft
[14:20:34] [10. frakció(USTC) - ADOMÁNY]TT bolt adomány 650 Ft
[14:20:34] [9. frakció(USN) - ADOMÁNY]TT bolt adomány 650 Ft
[14:20:37] [10. frakció(USTC) - ADOMÁNY]TT bolt adomány 650 Ft
[14:20:37] [9. frakció(USN) - ADOMÁNY]TT bolt adomány 650 Ft
[14:20:49] [10. frakció(USTC) - ADOMÁNY]TT bolt adomány 650 Ft
[14:20:49] [9. frakció(USN) - ADOMÁNY]TT bolt adomány 650 Ft
[14:20:52] [10. frakció(USTC) - ADOMÁNY]TT bolt adomány 650 Ft
[14:20:52] [9. frakció(USN) - ADOMÁNY]TT bolt adomány 650 Ft
[14:21:04] [10. frakció(USTC) - ADOMÁNY]TT bolt adomány 650 Ft
[14:21:04] [9. frakció(USN) - ADOMÁNY]TT bolt adomány 650 Ft
[14:21:06] [10. frakció(USTC) - ADOMÁNY]TT bolt adomány 650 Ft
[14:21:06] [9. frakció(USN) - ADOMÁNY]TT bolt adomány 650 Ft
[14:26:30] [10. frakció(USTC) - ADOMÁNY]TT bolt adomány 10,000 Ft
[14:26:30] [9. frakció(USN) - ADOMÁNY]TT bolt adomány 10,000 Ft
[14:26:58] [berak][39]Yamato_Bosco a 98 házba 240,000 Ft
[14:27:22] [berak][39]Yamato_Bosco a 98 házba 160 heroin
[14:27:31] [berak][39]Yamato_Bosco a 98 házba 150 kokain
[14:27:38] [berak][39]Yamato_Bosco a 98 házba 150 marihuana
[14:27:48] [kivesz][39]Yamato_Bosco a 98 házból 9 kaját
[14:27:55] [kivesz][23]Carlos_Brasco a 109 házból 1 mellényt
[14:29:58] [10. frakció(USTC) - ADOMÁNY]TT bolt adomány 5,000 Ft
[14:29:58] [9. frakció(USN) - ADOMÁNY]TT bolt adomány 5,000 Ft
[14:31:51] [10. frakció(USTC) - ADOMÁNY]TT bolt adomány 5,000 Ft
[14:31:51] [9. frakció(USN) - ADOMÁNY]TT bolt adomány 5,000 Ft
[14:32:02] [10. frakció(USTC) - ADOMÁNY]TT bolt adomány 650 Ft
[14:32:02] [9. frakció(USN) - ADOMÁNY]TT bolt adomány 650 Ft
[14:32:06] [10. frakció(USTC) - ADOMÁNY]TT bolt adomány 650 Ft
[14:32:06] [9. frakció(USN) - ADOMÁNY]TT bolt adomány 650 Ft
[14:34:21] [10. frakció(USTC) - ADOMÁNY]TT bolt adomány 120 Ft
[14:34:21] [9. frakció(USN) - ADOMÁNY]TT bolt adomány 120 Ft
[14:34:23] [10. frakció(USTC) - ADOMÁNY]TT bolt adomány 120 Ft
[14:34:23] [9. frakció(USN) - ADOMÁNY]TT bolt adomány 120 Ft
[14:34:35] [10. frakció(USTC) - ADOMÁNY]TT bolt adomány 5,000 Ft
[14:34:35] [9. frakció(USN) - ADOMÁNY]TT bolt adomány 5,000 Ft
[14:35:45] [10. frakció(USTC) - ADOMÁNY]TT bolt adomány 50 Ft
[14:35:45] [9. frakció(USN) - ADOMÁNY]TT bolt adomány 50 Ft
[14:35:45] [10. frakció(USTC) - ADOMÁNY]TT bolt adomány 107 Ft
[14:35:45] [9. frakció(USN) - ADOMÁNY]TT bolt adomány 107 Ft
[14:35:53] [10. frakció(USTC) - ADOMÁNY]TT bolt adomány 650 Ft
[14:35:53] [9. frakció(USN) - ADOMÁNY]TT bolt adomány 650 Ft
[14:36:04] [10. frakció(USTC) - ADOMÁNY]TT bolt adomány 5,000 Ft
[14:36:04] [9. frakció(USN) - ADOMÁNY]TT bolt adomány 5,000 Ft
[14:44:35] [berak][36]Raul_Butler a 123 házba 650,000,000 Ft
[14:45:00] [kivesz][36]Raul_Butler a 123 házból 100,000 Ft-t
[14:47:05] [10. frakció(USTC) - ADOMÁNY]TT bolt adomány 650 Ft
[14:47:05] [9. frakció(USN) - ADOMÁNY]TT bolt adomány 650 Ft
[14:47:08] [10. frakció(USTC) - ADOMÁNY]TT bolt adomány 80 Ft
[14:47:08] [9. frakció(USN) - ADOMÁNY]TT bolt adomány 80 Ft
[14:47:10] [10. frakció(USTC) - ADOMÁNY]TT bolt adomány 80 Ft
[14:47:10] [9. frakció(USN) - ADOMÁNY]TT bolt adomány 80 Ft
[14:47:16] [10. frakció(USTC) - ADOMÁNY]TT bolt adomány 120 Ft
[14:47:16] [9. frakció(USN) - ADOMÁNY]TT bolt adomány 120 Ft
[14:47:19] [10. frakció(USTC) - ADOMÁNY]TT bolt adomány 120 Ft
[14:47:19] [9. frakció(USN) - ADOMÁNY]TT bolt adomány 120 Ft
[14:47:21] [10. frakció(USTC) - ADOMÁNY]TT bolt adomány 120 Ft
[14:47:21] [9. frakció(USN) - ADOMÁNY]TT bolt adomány 120 Ft
[14:47:23] [10. frakció(USTC) - ADOMÁNY]TT bolt adomány 120 Ft
[14:47:23] [9. frakció(USN) - ADOMÁNY]TT bolt adomány 120 Ft
[14:47:25] [10. frakció(USTC) - ADOMÁNY]TT bolt adomány 120 Ft
[14:47:25] [9. frakció(USN) - ADOMÁNY]TT bolt adomány 120 Ft
[14:47:27] [10. frakció(USTC) - ADOMÁNY]TT bolt adomány 120 Ft
[14:47:27] [9. frakció(USN) - ADOMÁNY]TT bolt adomány 120 Ft
[14:47:29] [10. frakció(USTC) - ADOMÁNY]TT bolt adomány 120 Ft
[14:47:29] [9. frakció(USN) - ADOMÁNY]TT bolt adomány 120 Ft
[14:48:53] [10. frakció(USTC) - ADOMÁNY]TT bolt adomány 650 Ft
[14:48:53] [9. frakció(USN) - ADOMÁNY]TT bolt adomány 650 Ft
[14:48:56] [10. frakció(USTC) - ADOMÁNY]TT bolt adomány 650 Ft
[14:48:56] [9. frakció(USN) - ADOMÁNY]TT bolt adomány 650 Ft
[14:48:58] [berak][21]Lucio_Zecchin a 378 házba 34,000 mati
[14:49:01] [10. frakció(USTC) - ADOMÁNY]TT bolt adomány 80 Ft
[14:49:01] [9. frakció(USN) - ADOMÁNY]TT bolt adomány 80 Ft
[14:49:04] [10. frakció(USTC) - ADOMÁNY]TT bolt adomány 80 Ft
[14:49:04] [9. frakció(USN) - ADOMÁNY]TT bolt adomány 80 Ft
[14:49:20] [berak][21]Lucio_Zecchin a 378 házba 444,908 Ft
[14:52:50] [10. frakció(USTC) - ADOMÁNY]TT bolt adomány 650 Ft
[14:52:50] [9. frakció(USN) - ADOMÁNY]TT bolt adomány 650 Ft
[14:52:52] [10. frakció(USTC) - ADOMÁNY]TT bolt adomány 650 Ft
[14:52:52] [9. frakció(USN) - ADOMÁNY]TT bolt adomány 650 Ft
[14:52:54] [10. frakció(USTC) - ADOMÁNY]TT bolt adomány 120 Ft
[14:52:54] [9. frakció(USN) - ADOMÁNY]TT bolt adomány 120 Ft
[14:52:56] [10. frakció(USTC) - ADOMÁNY]TT bolt adomány 120 Ft
[14:52:56] [9. frakció(USN) - ADOMÁNY]TT bolt adomány 120 Ft
[14:52:58] [10. frakció(USTC) - ADOMÁNY]TT bolt adomány 120 Ft
[14:52:58] [9. frakció(USN) - ADOMÁNY]TT bolt adomány 120 Ft
[14:52:59] [10. frakció(USTC) - ADOMÁNY]TT bolt adomány 120 Ft
[14:52:59] [9. frakció(USN) - ADOMÁNY]TT bolt adomány 120 Ft
[14:54:40] [10. frakció(USTC) - ADOMÁNY]TT bolt adomány 650 Ft
[14:54:40] [9. frakció(USN) - ADOMÁNY]TT bolt adomány 650 Ft
[14:57:03] [10. frakció(USTC) - ADOMÁNY]TT bolt adomány 50 Ft
[14:57:03] [9. frakció(USN) - ADOMÁNY]TT bolt adomány 50 Ft
[14:57:03] [10. frakció(USTC) - ADOMÁNY]TT bolt adomány 171 Ft
[14:57:03] [9. frakció(USN) - ADOMÁNY]TT bolt adomány 171 Ft
[14:57:10] [10. frakció(USTC) - ADOMÁNY]TT bolt adomány 50 Ft
[14:57:10] [9. frakció(USN) - ADOMÁNY]TT bolt adomány 50 Ft
[14:57:16] [10. frakció(USTC) - ADOMÁNY]TT bolt adomány 50 Ft
[14:57:16] [9. frakció(USN) - ADOMÁNY]TT bolt adomány 50 Ft
[14:57:25] [10. frakció(USTC) - ADOMÁNY]TT bolt adomány 50 Ft
[14:57:25] [9. frakció(USN) - ADOMÁNY]TT bolt adomány 50 Ft
[14:57:25] [10. frakció(USTC) - ADOMÁNY]TT bolt adomány 108 Ft
[14:57:25] [9. frakció(USN) - ADOMÁNY]TT bolt adomány 108 Ft
[14:57:32] [10. frakció(USTC) - ADOMÁNY]TT bolt adomány 50 Ft
[14:57:32] [9. frakció(USN) - ADOMÁNY]TT bolt adomány 50 Ft
[14:57:38] [10. frakció(USTC) - ADOMÁNY]TT bolt adomány 50 Ft
[14:57:38] [9. frakció(USN) - ADOMÁNY]TT bolt adomány 50 Ft
[14:57:44] [10. frakció(USTC) - ADOMÁNY]TT bolt adomány 50 Ft
[14:57:44] [9. frakció(USN) - ADOMÁNY]TT bolt adomány 50 Ft
[14:57:49] [10. frakció(USTC) - ADOMÁNY]TT bolt adomány 50 Ft
[14:57:49] [9. frakció(USN) - ADOMÁNY]TT bolt adomány 50 Ft
[15:03:32] [10. frakció(USTC) - ADOMÁNY]TT bolt adomány 650 Ft
[15:03:32] [9. frakció(USN) - ADOMÁNY]TT bolt adomány 650 Ft
[15:03:45] [10. frakció(USTC) - ADOMÁNY]TT bolt adomány 650 Ft
[15:03:45] [9. frakció(USN) - ADOMÁNY]TT bolt adomány 650 Ft
[15:04:40] [10. frakció(USTC) - ADOMÁNY]TT bolt adomány 120 Ft
[15:04:40] [9. frakció(USN) - ADOMÁNY]TT bolt adomány 120 Ft
[15:05:06] [10. frakció(USTC) - ADOMÁNY]TT bolt adomány 80 Ft
[15:05:06] [9. frakció(USN) - ADOMÁNY]TT bolt adomány 80 Ft
[15:05:46] [10. frakció(USTC) - ADOMÁNY]TT bolt adomány 80 Ft
[15:05:46] [9. frakció(USN) - ADOMÁNY]TT bolt adomány 80 Ft
[15:06:03] [10. frakció(USTC) - ADOMÁNY]TT bolt adomány 80 Ft
[15:06:03] [9. frakció(USN) - ADOMÁNY]TT bolt adomány 80 Ft
[15:08:06] [kivesz][36]Raul_Butler a 123 házból 650,000,000 Ft-t
[15:08:56] [berak][36]Raul_Butler a 123 házba 650,000,000 Ft
[15:13:37] [kivesz][43]Fekete_Erik a 207 házból 9 almát
[15:13:43] [10. frakció(USTC) - ADOMÁNY]TT bolt adomány 650 Ft
[15:13:43] [9. frakció(USN) - ADOMÁNY]TT bolt adomány 650 Ft
[15:16:24] [berak][39]Cody_Aciano a 303 házba 1,988,100 Ft
[15:17:39] [10. frakció(USTC) - ADOMÁNY]TT bolt adomány 650 Ft
[15:17:39] [9. frakció(USN) - ADOMÁNY]TT bolt adomány 650 Ft
[15:17:45] [10. frakció(USTC) - ADOMÁNY]TT bolt adomány 650 Ft
[15:17:45] [9. frakció(USN) - ADOMÁNY]TT bolt adomány 650 Ft
[15:21:48] [6. frakció (Yakuza)]Victor_Jr_Zecchin berakott a raktárba 50000 db matit
[15:22:45] [6. frakció (Yakuza)]Thomas_Berzerk kivett a raktárból 2 db kaját
[15:22:45] [6. frakció (Yakuza)]Thomas_Berzerk kivett a raktárból 2 db kaját
[15:22:54] [6. frakció (Yakuza)]Thomas_Berzerk kivett a raktárból 10 db kaját
[15:22:54] [6. frakció (Yakuza)]Thomas_Berzerk kivett a raktárból 10 db kaját
[15:23:12] [6. frakció (Yakuza)]Thomas_Berzerk kivett a raktárból 500 db marihuanat
[15:23:12] [6. frakció (Yakuza)]Thomas_Berzerk kivett a raktárból 500 db marihuanat
[15:29:44] [10. frakció(USTC) - ADOMÁNY]TT bolt adomány 650 Ft
[15:29:44] [9. frakció(USN) - ADOMÁNY]TT bolt adomány 650 Ft
[15:29:47] [10. frakció(USTC) - ADOMÁNY]TT bolt adomány 650 Ft
[15:29:47] [9. frakció(USN) - ADOMÁNY]TT bolt adomány 650 Ft
[15:29:54] [10. frakció(USTC) - ADOMÁNY]TT bolt adomány 80 Ft
[15:29:54] [9. frakció(USN) - ADOMÁNY]TT bolt adomány 80 Ft
[15:29:57] [10. frakció(USTC) - ADOMÁNY]TT bolt adomány 80 Ft
[15:29:57] [9. frakció(USN) - ADOMÁNY]TT bolt adomány 80 Ft
[15:35:22] [10. frakció(USTC) - ADOMÁNY]TT bolt adomány 5,000 Ft
[15:35:22] [9. frakció(USN) - ADOMÁNY]TT bolt adomány 5,000 Ft
[15:35:27] [10. frakció(USTC) - ADOMÁNY]TT bolt adomány 80 Ft
[15:35:27] [9. frakció(USN) - ADOMÁNY]TT bolt adomány 80 Ft
[15:35:37] [10. frakció(USTC) - ADOMÁNY]TT bolt adomány 80 Ft
[15:35:37] [9. frakció(USN) - ADOMÁNY]TT bolt adomány 80 Ft
[15:50:28] [10. frakció(USTC) - ADOMÁNY]TT bolt adomány 650 Ft
[15:50:28] [9. frakció(USN) - ADOMÁNY]TT bolt adomány 650 Ft
[15:50:28] [10. frakció(USTC) - ADOMÁNY]TT bolt adomány 650 Ft
[15:50:28] [9. frakció(USN) - ADOMÁNY]TT bolt adomány 650 Ft
[15:50:31] [10. frakció(USTC) - ADOMÁNY]TT bolt adomány 650 Ft
[15:50:31] [9. frakció(USN) - ADOMÁNY]TT bolt adomány 650 Ft
[15:50:32] [10. frakció(USTC) - ADOMÁNY]TT bolt adomány 650 Ft
[15:50:32] [9. frakció(USN) - ADOMÁNY]TT bolt adomány 650 Ft
[15:50:37] [10. frakció(USTC) - ADOMÁNY]TT bolt adomány 80 Ft
[15:50:37] [9. frakció(USN) - ADOMÁNY]TT bolt adomány 80 Ft
[15:50:37] [10. frakció(USTC) - ADOMÁNY]TT bolt adomány 80 Ft
[15:50:37] [9. frakció(USN) - ADOMÁNY]TT bolt adomány 80 Ft
[15:51:43] [kivesz][25]Tyler_Wish a 7 házból 2,024,694 Ft-t
[15:51:45] [10. frakció(USTC) - ADOMÁNY]TT bolt adomány 80 Ft
[15:51:45] [9. frakció(USN) - ADOMÁNY]TT bolt adomány 80 Ft
[15:51:49] [10. frakció(USTC) - ADOMÁNY]TT bolt adomány 80 Ft
[15:51:49] [9. frakció(USN) - ADOMÁNY]TT bolt adomány 80 Ft
[15:51:53] [10. frakció(USTC) - ADOMÁNY]TT bolt adomány 80 Ft
[15:51:53] [9. frakció(USN) - ADOMÁNY]TT bolt adomány 80 Ft
[15:51:59] [10. frakció(USTC) - ADOMÁNY]TT bolt adomány 80 Ft
[15:51:59] [9. frakció(USN) - ADOMÁNY]TT bolt adomány 80 Ft
[15:56:31] [10. frakció(USTC) - ADOMÁNY]TT bolt adomány 650 Ft
[15:56:31] [9. frakció(USN) - ADOMÁNY]TT bolt adomány 650 Ft
[16:04:29] [1. frakció (LSPD) - PÉNZ]Henrik_T_Scaletta kivett a széfbõl 2,200,000 Ft-ot
[16:09:59] [10. frakció(USTC) - ADOMÁNY]TT bolt adomány 650 Ft
[16:09:59] [9. frakció(USN) - ADOMÁNY]TT bolt adomány 650 Ft
[16:10:10] [10. frakció(USTC) - ADOMÁNY]TT bolt adomány 650 Ft
[16:10:10] [9. frakció(USN) - ADOMÁNY]TT bolt adomány 650 Ft
[16:10:14] [10. frakció(USTC) - ADOMÁNY]TT bolt adomány 80 Ft
[16:10:14] [9. frakció(USN) - ADOMÁNY]TT bolt adomány 80 Ft
[16:10:38] [13. frakció (Hungary) - PÉNZ]Steve_J_Sorrentino berakott a széfbe 2,200,000 Ft-ot
[16:16:03] [10. frakció(USTC) - ADOMÁNY]TT bolt adomány 650 Ft
[16:16:03] [9. frakció(USN) - ADOMÁNY]TT bolt adomány 650 Ft
[16:16:06] [10. frakció(USTC) - ADOMÁNY]TT bolt adomány 650 Ft
[16:16:06] [9. frakció(USN) - ADOMÁNY]TT bolt adomány 650 Ft
[16:16:14] [10. frakció(USTC) - ADOMÁNY]TT bolt adomány 80 Ft
[16:16:14] [9. frakció(USN) - ADOMÁNY]TT bolt adomány 80 Ft
[16:16:18] [10. frakció(USTC) - ADOMÁNY]TT bolt adomány 80 Ft
[16:16:18] [9. frakció(USN) - ADOMÁNY]TT bolt adomány 80 Ft
[16:19:57] [10. frakció(USTC) - ADOMÁNY]TT bolt adomány 650 Ft
[16:19:57] [9. frakció(USN) - ADOMÁNY]TT bolt adomány 650 Ft
[16:20:00] [10. frakció(USTC) - ADOMÁNY]TT bolt adomány 80 Ft
[16:20:00] [9. frakció(USN) - ADOMÁNY]TT bolt adomány 80 Ft
[16:20:03] [10. frakció(USTC) - ADOMÁNY]TT bolt adomány 80 Ft
[16:20:03] [9. frakció(USN) - ADOMÁNY]TT bolt adomány 80 Ft
[16:20:05] [10. frakció(USTC) - ADOMÁNY]TT bolt adomány 80 Ft
[16:20:05] [9. frakció(USN) - ADOMÁNY]TT bolt adomány 80 Ft
[16:20:07] [8. frakció (VLA)]Hugo_Sanchez kivett a raktárból 50 db almát
[16:20:07] [8. frakció (VLA)]Hugo_Sanchez kivett a raktárból 50 db almát
[16:23:45] [10. frakció(USTC) - ADOMÁNY]TT bolt adomány 650 Ft
[16:23:45] [9. frakció(USN) - ADOMÁNY]TT bolt adomány 650 Ft
[16:23:48] [10. frakció(USTC) - ADOMÁNY]TT bolt adomány 650 Ft
[16:23:48] [9. frakció(USN) - ADOMÁNY]TT bolt adomány 650 Ft
[16:25:51] [10. frakció(USTC) - ADOMÁNY]TT bolt adomány 650 Ft
[16:25:51] [9. frakció(USN) - ADOMÁNY]TT bolt adomány 650 Ft
[16:25:52] [10. frakció(USTC) - ADOMÁNY]TT bolt adomány 650 Ft
[16:25:52] [9. frakció(USN) - ADOMÁNY]TT bolt adomány 650 Ft
[16:27:11] [10. frakció(USTC) - ADOMÁNY]TT bolt adomány 50 Ft
[16:27:11] [9. frakció(USN) - ADOMÁNY]TT bolt adomány 50 Ft
[16:27:15] [10. frakció(USTC) - ADOMÁNY]TT bolt adomány 50 Ft
[16:27:15] [9. frakció(USN) - ADOMÁNY]TT bolt adomány 50 Ft
[16:27:15] [10. frakció(USTC) - ADOMÁNY]TT bolt adomány 139 Ft
[16:27:15] [9. frakció(USN) - ADOMÁNY]TT bolt adomány 139 Ft
[16:27:26] [10. frakció(USTC) - ADOMÁNY]TT bolt adomány 50 Ft
[16:27:26] [9. frakció(USN) - ADOMÁNY]TT bolt adomány 50 Ft
[16:27:26] [10. frakció(USTC) - ADOMÁNY]TT bolt adomány 150 Ft
[16:27:26] [9. frakció(USN) - ADOMÁNY]TT bolt adomány 150 Ft
[16:27:54] [10. frakció(USTC) - ADOMÁNY]TT bolt adomány 75 Ft
[16:27:54] [9. frakció(USN) - ADOMÁNY]TT bolt adomány 75 Ft
[16:27:58] [10. frakció(USTC) - ADOMÁNY]TT bolt adomány 50 Ft
[16:27:58] [9. frakció(USN) - ADOMÁNY]TT bolt adomány 50 Ft
[16:28:00] [10. frakció(USTC) - ADOMÁNY]TT bolt adomány 50 Ft
[16:28:00] [9. frakció(USN) - ADOMÁNY]TT bolt adomány 50 Ft
[16:28:04] [10. frakció(USTC) - ADOMÁNY]TT bolt adomány 50 Ft
[16:28:04] [9. frakció(USN) - ADOMÁNY]TT bolt adomány 50 Ft
[16:28:05] [10. frakció(USTC) - ADOMÁNY]TT bolt adomány 50 Ft
[16:28:05] [9. frakció(USN) - ADOMÁNY]TT bolt adomány 50 Ft
[16:28:08] [10. frakció(USTC) - ADOMÁNY]TT bolt adomány 50 Ft
[16:28:08] [9. frakció(USN) - ADOMÁNY]TT bolt adomány 50 Ft
[16:28:08] [10. frakció(USTC) - ADOMÁNY]TT bolt adomány 163 Ft
[16:28:08] [9. frakció(USN) - ADOMÁNY]TT bolt adomány 163 Ft
[16:33:57] [10. frakció(USTC) - ADOMÁNY]TT bolt adomány 80 Ft
[16:33:57] [9. frakció(USN) - ADOMÁNY]TT bolt adomány 80 Ft
[16:34:32] [10. frakció(USTC) - ADOMÁNY]TT bolt adomány 650 Ft
[16:34:32] [9. frakció(USN) - ADOMÁNY]TT bolt adomány 650 Ft
[16:34:35] [10. frakció(USTC) - ADOMÁNY]TT bolt adomány 650 Ft
[16:34:35] [9. frakció(USN) - ADOMÁNY]TT bolt adomány 650 Ft
[16:34:43] [8. frakció (VLA)]Antonn_Fedorov kivett a raktárból 2000 db matit
[16:34:43] [8. frakció (VLA)]Antonn_Fedorov kivett a raktárból 2000 db matit
[16:35:02] [8. frakció (VLA)]Antonn_Fedorov kivett a raktárból 20 db kokaint
[16:35:02] [8. frakció (VLA)]Antonn_Fedorov kivett a raktárból 20 db kokaint
[16:35:06] [8. frakció (VLA)]Antonn_Fedorov kivett a raktárból 80 db kokaint
[16:35:06] [8. frakció (VLA)]Antonn_Fedorov kivett a raktárból 80 db kokaint
[16:35:19] [8. frakció (VLA)]Ventura_Zecchin kivett a raktárból 100 db marihuanat
[16:35:19] [8. frakció (VLA)]Ventura_Zecchin kivett a raktárból 100 db marihuanat
[16:36:32] [8. frakció (VLA)]Antonn_Fedorov kivett a raktárból 300 db heroint
[16:36:32] [8. frakció (VLA)]Antonn_Fedorov kivett a raktárból 300 db heroint
[16:36:35] [berak][50]Yamato_Bosco a 98 házba 110,000 Ft
[16:36:53] [8. frakció (VLA)]Hugo_Sanchez kivett a raktárból 5000 db matit
[16:36:53] [8. frakció (VLA)]Hugo_Sanchez kivett a raktárból 5000 db matit
[16:37:29] [8. frakció (VLA)]Hugo_Sanchez kivett a raktárból 400 db marihuanat
[16:37:29] [8. frakció (VLA)]Hugo_Sanchez kivett a raktárból 400 db marihuanat
[16:38:25] [10. frakció(USTC) - ADOMÁNY]TT bolt adomány 80 Ft
[16:38:25] [9. frakció(USN) - ADOMÁNY]TT bolt adomány 80 Ft
[16:39:09] [10. frakció(USTC) - ADOMÁNY]TT bolt adomány 650 Ft
[16:39:09] [9. frakció(USN) - ADOMÁNY]TT bolt adomány 650 Ft
[16:39:12] [10. frakció(USTC) - ADOMÁNY]TT bolt adomány 650 Ft
[16:39:12] [9. frakció(USN) - ADOMÁNY]TT bolt adomány 650 Ft
[16:44:11] [10. frakció(USTC) - ADOMÁNY]TT bolt adomány 650 Ft
[16:44:11] [9. frakció(USN) - ADOMÁNY]TT bolt adomány 650 Ft
[16:44:51] [10. frakció(USTC) - ADOMÁNY]TT bolt adomány 650 Ft
[16:44:51] [9. frakció(USN) - ADOMÁNY]TT bolt adomány 650 Ft
[16:44:54] [10. frakció(USTC) - ADOMÁNY]TT bolt adomány 650 Ft
[16:44:54] [9. frakció(USN) - ADOMÁNY]TT bolt adomány 650 Ft
[16:46:18] [10. frakció(USTC) - ADOMÁNY]TT bolt adomány 650 Ft
[16:46:18] [9. frakció(USN) - ADOMÁNY]TT bolt adomány 650 Ft
