[00:03:50] [10. frakció(USTC) - ADOMÁNY]TT bolt adomány 650 Ft
[00:03:50] [9. frakció(USN) - ADOMÁNY]TT bolt adomány 650 Ft
[00:04:11] [10. frakció(USTC) - ADOMÁNY]TT bolt adomány 650 Ft
[00:04:11] [9. frakció(USN) - ADOMÁNY]TT bolt adomány 650 Ft
[00:29:31] [10. frakció(USTC) - ADOMÁNY]TT bolt adomány 650 Ft
[00:29:31] [9. frakció(USN) - ADOMÁNY]TT bolt adomány 650 Ft
[00:29:34] [10. frakció(USTC) - ADOMÁNY]TT bolt adomány 650 Ft
[00:29:34] [9. frakció(USN) - ADOMÁNY]TT bolt adomány 650 Ft
[00:29:34] [10. frakció(USTC) - ADOMÁNY]TT bolt adomány 650 Ft
[00:29:34] [9. frakció(USN) - ADOMÁNY]TT bolt adomány 650 Ft
[00:29:37] [10. frakció(USTC) - ADOMÁNY]TT bolt adomány 650 Ft
[00:29:37] [9. frakció(USN) - ADOMÁNY]TT bolt adomány 650 Ft
[00:29:40] [10. frakció(USTC) - ADOMÁNY]TT bolt adomány 80 Ft
[00:29:40] [9. frakció(USN) - ADOMÁNY]TT bolt adomány 80 Ft
[00:35:06] [10. frakció(USTC) - ADOMÁNY]TT bolt adomány 80 Ft
[00:35:06] [9. frakció(USN) - ADOMÁNY]TT bolt adomány 80 Ft
[00:35:09] [10. frakció(USTC) - ADOMÁNY]TT bolt adomány 80 Ft
[00:35:09] [9. frakció(USN) - ADOMÁNY]TT bolt adomány 80 Ft
[00:35:13] [10. frakció(USTC) - ADOMÁNY]TT bolt adomány 80 Ft
[00:35:13] [9. frakció(USN) - ADOMÁNY]TT bolt adomány 80 Ft
[00:35:17] [10. frakció(USTC) - ADOMÁNY]TT bolt adomány 80 Ft
[00:35:17] [9. frakció(USN) - ADOMÁNY]TT bolt adomány 80 Ft
[00:35:27] [10. frakció(USTC) - ADOMÁNY]TT bolt adomány 50 Ft
[00:35:27] [9. frakció(USN) - ADOMÁNY]TT bolt adomány 50 Ft
[00:35:27] [10. frakció(USTC) - ADOMÁNY]TT bolt adomány 177 Ft
[00:35:27] [9. frakció(USN) - ADOMÁNY]TT bolt adomány 177 Ft
[00:35:33] [10. frakció(USTC) - ADOMÁNY]TT bolt adomány 80 Ft
[00:35:33] [9. frakció(USN) - ADOMÁNY]TT bolt adomány 80 Ft
[00:35:41] [10. frakció(USTC) - ADOMÁNY]TT bolt adomány 70 Ft
[00:35:41] [9. frakció(USN) - ADOMÁNY]TT bolt adomány 70 Ft
[03:10:36] [13. frakció(USA) - info]Nagato_Brasco kikapcsolta az ingyentankolást
[03:10:52] [13. frakció(USA) - info]Nagato_Brasco bekapcsolta az ingyenszerelést
[03:11:01] [13. frakció(USA) - info]Nagato_Brasco kikapcsolta az ingyenszerelést
[09:14:17] [10. frakció(USTC) - ADOMÁNY]TT bolt adomány 4,000 Ft
[09:14:17] [9. frakció(USN) - ADOMÁNY]TT bolt adomány 4,000 Ft
