[15:39:48] [10. frakció(USTC) - ADOMÁNY]TT bolt adomány 650 Ft
[15:39:48] [9. frakció(USN) - ADOMÁNY]TT bolt adomány 650 Ft
[15:40:05] [10. frakció(USTC) - ADOMÁNY]TT bolt adomány 650 Ft
[15:40:05] [9. frakció(USN) - ADOMÁNY]TT bolt adomány 650 Ft
[19:13:35] [10. frakció(USTC) - ADOMÁNY]TT bolt adomány 650 $
[19:13:35] [9. frakció(USN) - ADOMÁNY]TT bolt adomány 650 $
[22:08:52] [10. frakció(USTC) - ADOMÁNY]TT bolt adomány 650 $
[22:08:52] [9. frakció(USN) - ADOMÁNY]TT bolt adomány 650 $
[22:08:56] [10. frakció(USTC) - ADOMÁNY]TT bolt adomány 650 $
[22:08:56] [9. frakció(USN) - ADOMÁNY]TT bolt adomány 650 $
[22:10:48] [10. frakció(USTC) - ADOMÁNY]TT bolt adomány 650 $
[22:10:48] [9. frakció(USN) - ADOMÁNY]TT bolt adomány 650 $
[22:11:10] [10. frakció(USTC) - ADOMÁNY]TT bolt adomány 650 $
[22:11:10] [9. frakció(USN) - ADOMÁNY]TT bolt adomány 650 $
[22:12:52] [10. frakció(USTC) - ADOMÁNY]TT bolt adomány 120 $
[22:12:52] [9. frakció(USN) - ADOMÁNY]TT bolt adomány 120 $
[22:12:55] [10. frakció(USTC) - ADOMÁNY]TT bolt adomány 650 $
[22:12:55] [9. frakció(USN) - ADOMÁNY]TT bolt adomány 650 $
[22:12:57] [10. frakció(USTC) - ADOMÁNY]TT bolt adomány 650 $
[22:12:57] [9. frakció(USN) - ADOMÁNY]TT bolt adomány 650 $
[22:13:58] [10. frakció(USTC) - ADOMÁNY]TT bolt adomány 80 $
[22:13:58] [9. frakció(USN) - ADOMÁNY]TT bolt adomány 80 $
[22:20:15] [5. frakció (LCN) - PÉNZ]Michael_Franzese kivett a széfbõl 0 Ft-ot
[22:23:22] Michael_Franzese beállította a 5. frakció (LCN) raktárának materialtartalmát errõl:  erre: @mati
[22:23:35] Michael_Franzese beállította a 5. frakció (LCN) raktárának marihuanatartalmát errõl: ;ÓÈ@ erre: Pmarihuana
[22:23:42] Michael_Franzese beállította a 5. frakció (LCN) raktárának herointartalmát errõl: È@ erre: PHeroin
[22:24:03] [5. frakció (LCN)]Michael_Franzese kivett a raktárból 2000 db matit
[22:24:03] [5. frakció (LCN)]Michael_Franzese kivett a raktárból 2000 db matit
[22:27:26] [10. frakció(USTC) - ADOMÁNY]TT bolt adomány 650 $
[22:27:26] [9. frakció(USN) - ADOMÁNY]TT bolt adomány 650 $
[22:27:30] [10. frakció(USTC) - ADOMÁNY]TT bolt adomány 650 $
[22:27:30] [9. frakció(USN) - ADOMÁNY]TT bolt adomány 650 $
[22:34:04] [10. frakció(USTC) - ADOMÁNY]TT bolt adomány 650 $
[22:34:04] [9. frakció(USN) - ADOMÁNY]TT bolt adomány 650 $
[23:34:47] [5. frakció (LCN)]Edie_Morra kivett a raktárból 4000 db matit
[23:34:47] [5. frakció (LCN)]Edie_Morra kivett a raktárból 4000 db matit
[23:40:33] [5. frakció (LCN)]Edie_Morra kivett a raktárból 2000 db matit
[23:40:33] [5. frakció (LCN)]Edie_Morra kivett a raktárból 2000 db matit
[23:42:57] [10. frakció(USTC) - ADOMÁNY]TT bolt adomány 5,000 Ft
[23:42:57] [9. frakció(USN) - ADOMÁNY]TT bolt adomány 5,000 Ft
[23:43:09] [10. frakció(USTC) - ADOMÁNY]TT bolt adomány 650 Ft
[23:43:09] [9. frakció(USN) - ADOMÁNY]TT bolt adomány 650 Ft
[23:43:11] [10. frakció(USTC) - ADOMÁNY]TT bolt adomány 650 Ft
[23:43:11] [9. frakció(USN) - ADOMÁNY]TT bolt adomány 650 Ft
[23:43:58] [10. frakció(USTC) - ADOMÁNY]TT bolt adomány 80 Ft
[23:43:58] [9. frakció(USN) - ADOMÁNY]TT bolt adomány 80 Ft
[23:44:00] [10. frakció(USTC) - ADOMÁNY]TT bolt adomány 80 Ft
[23:44:00] [9. frakció(USN) - ADOMÁNY]TT bolt adomány 80 Ft
[23:44:20] [10. frakció(USTC) - ADOMÁNY]TT bolt adomány 120 Ft
[23:44:20] [9. frakció(USN) - ADOMÁNY]TT bolt adomány 120 Ft
[23:44:23] [10. frakció(USTC) - ADOMÁNY]TT bolt adomány 120 Ft
[23:44:23] [9. frakció(USN) - ADOMÁNY]TT bolt adomány 120 Ft
[23:44:25] [10. frakció(USTC) - ADOMÁNY]TT bolt adomány 120 Ft
[23:44:25] [9. frakció(USN) - ADOMÁNY]TT bolt adomány 120 Ft
[23:44:28] [10. frakció(USTC) - ADOMÁNY]TT bolt adomány 120 Ft
[23:44:28] [9. frakció(USN) - ADOMÁNY]TT bolt adomány 120 Ft
[23:46:36] [10. frakció(USTC) - ADOMÁNY]TT bolt adomány 650 Ft
[23:46:36] [9. frakció(USN) - ADOMÁNY]TT bolt adomány 650 Ft
[23:46:41] [10. frakció(USTC) - ADOMÁNY]TT bolt adomány 650 Ft
[23:46:41] [9. frakció(USN) - ADOMÁNY]TT bolt adomány 650 Ft
[23:46:45] [10. frakció(USTC) - ADOMÁNY]TT bolt adomány 5,000 Ft
[23:46:45] [9. frakció(USN) - ADOMÁNY]TT bolt adomány 5,000 Ft
[23:51:33] [10. frakció(USTC) - ADOMÁNY]TT bolt adomány 80 Ft
[23:51:33] [9. frakció(USN) - ADOMÁNY]TT bolt adomány 80 Ft
[23:51:36] [10. frakció(USTC) - ADOMÁNY]TT bolt adomány 80 Ft
[23:51:36] [9. frakció(USN) - ADOMÁNY]TT bolt adomány 80 Ft
[23:58:11] << [31]Oberth_Andras kinyitotta a kincset - jutalma: Készpénz (141328Ft) >>
