[10:17:24] [5. frakció (LCN)]Milinte_Brasco kivett a raktárból 10000 db matit
[10:17:24] [5. frakció (LCN)]Milinte_Brasco kivett a raktárból 10000 db matit
[10:17:29] [5. frakció (LCN)]Milinte_Brasco kivett a raktárból 10000 db matit
[10:17:29] [5. frakció (LCN)]Milinte_Brasco kivett a raktárból 10000 db matit
[10:17:33] [5. frakció (LCN)]Milinte_Brasco kivett a raktárból 10000 db matit
[10:17:33] [5. frakció (LCN)]Milinte_Brasco kivett a raktárból 10000 db matit
[10:19:17] [5. frakció (LCN)]Milinte_Brasco kivett a raktárból 50000 db matit
[10:19:17] [5. frakció (LCN)]Milinte_Brasco kivett a raktárból 50000 db matit
[10:19:23] [5. frakció (LCN)]Milinte_Brasco kivett a raktárból 50000 db matit
[10:19:23] [5. frakció (LCN)]Milinte_Brasco kivett a raktárból 50000 db matit
[10:19:27] [5. frakció (LCN)]Milinte_Brasco kivett a raktárból 50000 db matit
[10:19:27] [5. frakció (LCN)]Milinte_Brasco kivett a raktárból 50000 db matit
[10:19:54] [5. frakció (LCN)]Milinte_Brasco kivett a raktárból 45000 db matit
[10:19:54] [5. frakció (LCN)]Milinte_Brasco kivett a raktárból 45000 db matit
[10:20:10] [5. frakció (LCN)]Milinte_Brasco kivett a raktárból 50000 db matit
[10:20:10] [5. frakció (LCN)]Milinte_Brasco kivett a raktárból 50000 db matit
[10:20:14] [5. frakció (LCN)]Milinte_Brasco kivett a raktárból 50000 db matit
[10:20:14] [5. frakció (LCN)]Milinte_Brasco kivett a raktárból 50000 db matit
[10:20:17] [5. frakció (LCN)]Milinte_Brasco kivett a raktárból 50000 db matit
[10:20:17] [5. frakció (LCN)]Milinte_Brasco kivett a raktárból 50000 db matit
[10:20:29] [5. frakció (LCN)]Milinte_Brasco kivett a raktárból 17939 db matit
[10:20:29] [5. frakció (LCN)]Milinte_Brasco kivett a raktárból 17939 db matit
[10:21:00] [5. frakció (LCN)]Milinte_Brasco kivett a raktárból 200 db marihuanat
[10:21:00] [5. frakció (LCN)]Milinte_Brasco kivett a raktárból 200 db marihuanat
[11:34:23] Dolph_F_Gates beállította a 3. frakció (Ballas) raktárának materialtartalmát errõl:  erre: @mati
[11:37:42] Dolph_F_Gates beállította a 3. frakció (Ballas) raktárának herointartalmát errõl: ª@ erre: @heroin
[11:38:13] Dolph_F_Gates beállította a 3. frakció (Ballas) raktárának kokaintartalmát errõl: v@@ erre:  kokain
[11:38:35] Dolph_F_Gates beállította a 3. frakció (Ballas) raktárának marihuanatartalmát errõl: ¬ @@ erre: @marihuana
[11:44:15] Mike_O_Neill beállította a 17. frakció (GSF) raktárának materialtartalmát errõl:  erre: @mati
[11:44:29] Mike_O_Neill beállította a 17. frakció (GSF) raktárának herointartalmát errõl:  erre: @heroin
[11:44:48] Mike_O_Neill beállította a 17. frakció (GSF) raktárának kokaintartalmát errõl: º@@ erre:  kokain
[11:44:58] Mike_O_Neill beállította a 17. frakció (GSF) raktárának marihuanatartalmát errõl: » @@ erre: @marihuana
[11:45:09] Mike_O_Neill beállította a 17. frakció (GSF) raktárának almatartalmát errõl: l erre: 
[11:46:29] Mike_O_Neill beállította a 21. frakció (Turkey Maffia) raktárának materialtartalmát errõl:  erre: mati
[11:46:32] Mike_O_Neill beállította a 21. frakció (Turkey Maffia) raktárának materialtartalmát errõl:  erre: 
[12:11:28] [2. frakció(FBI) - info]William_W_Andrews kikapcsolta az ingyentankolást
[12:11:31] [2. frakció(FBI) - info]William_W_Andrews bekapcsolta az ingyentankolást
