[00:23:01] Jesse_Sorrentino atadott 100,000Ft-ot neki: Georg_B_Hollywood
[00:23:02] Jesse_Sorrentino atadott 100,000Ft-ot neki: Georg_B_Hollywood
[00:23:03] Jesse_Sorrentino atadott 100,000Ft-ot neki: Georg_B_Hollywood
[00:30:09] Sidney_Tribiani atadott 100,000Ft-ot neki: Dominic_Vincenzo
[00:30:09] Sidney_Tribiani atadott 100,000Ft-ot neki: Dominic_Vincenzo
[00:30:11] Sidney_Tribiani atadott 100,000Ft-ot neki: Dominic_Vincenzo
[00:30:12] Sidney_Tribiani atadott 100,000Ft-ot neki: Dominic_Vincenzo
[00:44:31] Harold_G_Freeman atadott 5,500,000Ft-ot neki: Nagato_Brasco
[01:57:58] Nick_Vitale atadott 60,000Ft-ot neki: Freddie_B_Scaletta
[02:01:21] Henrik_T_Scaletta atadott 1,000,000Ft-ot neki: Nagato_Brasco
[02:01:24] Henrik_T_Scaletta atadott 10,000,000Ft-ot neki: Nagato_Brasco
[02:01:29] Henrik_T_Scaletta atadott 4,250,000Ft-ot neki: Nagato_Brasco
[08:27:27] Victor_Jr_Zecchin atadott 306,351Ft-ot neki: Atsuya_D_Freeman
[09:18:56] Victor_Jr_Zecchin atadott 691,605Ft-ot neki: Atsuya_D_Freeman
[10:23:06] Nick_Vitale atadott 40,000Ft-ot neki: Ryan_B_Mike
[10:27:16] Ryan_B_Mike atadott 100,000Ft-ot neki: Nick_Vitale
[10:29:57] Jason_Aciano atadott 600,000Ft-ot neki: Cody_Aciano
[10:35:10] Bruce_Inferno atadott 100,000Ft-ot neki: Hanzon_Soprano
[10:39:44] Ryan_B_Mike atadott 10,000Ft-ot neki: Nick_Vitale
[10:39:57] Nick_Vitale atadott 1Ft-ot neki: Ryan_B_Mike
[10:39:58] Nick_Vitale atadott 1Ft-ot neki: Ryan_B_Mike
[10:39:59] Nick_Vitale atadott 1Ft-ot neki: Ryan_B_Mike
[11:29:25] Antonn_Fedorov atadott 30,000Ft-ot neki: William_Washington
[11:55:00] Jason_Toretto atadott 1,000,000Ft-ot neki: Marcel_B_Hollywood
[12:02:02] Cody_Aciano atadott 779Ft-ot neki: Darius_N_Ortega
[12:35:41] Atsuya_D_Freeman atadott 20,000Ft-ot neki: Darius_N_Ortega
[12:39:05] Figyelem: John_Kelin utalt neki: Freddy_Walker, 15,000,000Ft-t!
[12:46:21] Kazuyoshi_Akira atadott 1Ft-ot neki: Valor_Colin
[13:39:28] John_Kelin atadott 300,000Ft-ot neki: Freddy_Walker
[13:40:11] John_Kelin atadott 2,450,000Ft-ot neki: Akos_B_Gates
[14:00:35] Lorand_Vincenzo atadott 200,000Ft-ot neki: Mark_B_Hollywood
[14:58:06] Charlie_Harper atadott 20,000Ft-ot neki: Greg_S_Sureyya
[14:58:11] Charlie_Harper atadott 20,000Ft-ot neki: Greg_S_Sureyya
[14:58:16] Jasen_T_Asad atadott 40Ft-ot neki: Greg_S_Sureyya
[14:58:31] Jasen_T_Asad atadott 39,960Ft-ot neki: Greg_S_Sureyya
[15:36:15] Kazuyoshi_Akira atadott 150,000Ft-ot neki: Lorand_Vincenzo
[16:10:53] Tyler_Wish atadott 37,406Ft-ot neki: Mike_Scaletta
[16:11:34] Mike_Scaletta atadott 37,406Ft-ot neki: Tyler_Wish
[16:34:13] Henry_Tomasino atadott 37,406Ft-ot neki: Jin_Sorrentino
[16:07:42] Figyelem: Antonn_Fedorov utalt neki: Carl_J_Creed, 23,000,000Ft-t!
[16:15:42] Stefan_Berger atadott 100,000Ft-ot neki: Paul_D_Cortez
[16:15:43] Stefan_Berger atadott 100,000Ft-ot neki: Paul_D_Cortez
[16:15:44] Stefan_Berger atadott 100,000Ft-ot neki: Paul_D_Cortez
[16:15:47] Stefan_Berger atadott 100,000Ft-ot neki: Paul_D_Cortez
[16:15:54] Stefan_Berger atadott 14,000Ft-ot neki: Paul_D_Cortez
[16:29:27] Kiraly_Viktor atadott 100,000Ft-ot neki: Kiraly_Hunor
[16:29:28] Kiraly_Viktor atadott 100,000Ft-ot neki: Kiraly_Hunor
[16:29:29] Kiraly_Viktor atadott 100,000Ft-ot neki: Kiraly_Hunor
[16:29:31] Kiraly_Viktor atadott 100,000Ft-ot neki: Kiraly_Hunor
[16:29:33] Kiraly_Viktor atadott 100,000Ft-ot neki: Kiraly_Hunor
[16:31:02] Lorand_Vincenzo atadott 500,000Ft-ot neki: Atsuya_D_Freeman
[16:32:08] Paul_D_Cortez atadott 100,000Ft-ot neki: Stefan_Berger
[16:32:09] Paul_D_Cortez atadott 100,000Ft-ot neki: Stefan_Berger
[16:32:10] Paul_D_Cortez atadott 100,000Ft-ot neki: Stefan_Berger
[16:32:23] Paul_D_Cortez atadott 50,000Ft-ot neki: Stefan_Berger
[16:32:33] Paul_D_Cortez atadott 15,000Ft-ot neki: Stefan_Berger
[16:32:41] Paul_D_Cortez atadott 10,000Ft-ot neki: Stefan_Berger
[16:40:22] Nagato_Brasco atadott 237,800Ft-ot neki: Christopher_G_Hunter
[16:52:37] Ventura_Zecchin atadott 60,000Ft-ot neki: Albert_Einstein
[16:59:03] Nico_Butler atadott 100,000Ft-ot neki: Mark_B_Hollywood
[17:00:32] Mark_B_Hollywood atadott 100,000Ft-ot neki: Nico_Butler
[17:01:14] Oliver_Aciano atadott 500,000Ft-ot neki: Akos_Vincenzo
[17:08:47] Darthy_M_Stillenacht atadott 30,000Ft-ot neki: Cseh_Adam
[17:14:16] Ventura_Zecchin atadott 100,000Ft-ot neki: Albert_Einstein
[17:14:17] Ventura_Zecchin atadott 100,000Ft-ot neki: Albert_Einstein
[17:40:03] Figyelem: Georg_B_Hollywood utalt neki: Henrik_T_Scaletta, 10,000,000Ft-t!
[17:50:44] Sergei_B_Dueno atadott 30,000Ft-ot neki: Mark_B_Hollywood
[17:50:46] Sergei_B_Dueno atadott 300Ft-ot neki: Mark_B_Hollywood
[17:55:02] Johny_Morales atadott 5,000Ft-ot neki: Mark_B_Hollywood
[17:55:04] George_B_Hollywood atadott 30,000Ft-ot neki: Nico_Butler
[17:55:34] Ryder_B_Dueno atadott 400,000Ft-ot neki: Mark_B_Hollywood
[17:58:59] Keny_Eastwood atadott 1Ft-ot neki: Hugo_Toretto
[18:13:59] Victor_Jr_Zecchin atadott 435,102Ft-ot neki: Tyler_Wish
[18:42:05] Jimmy_Doherty atadott 50,000Ft-ot neki: Betty_O_Neill
[18:42:20] Betty_O_Neill atadott 16,437Ft-ot neki: Jimmy_Doherty
[18:46:46] Denny_Toretto atadott 1,000,000Ft-ot neki: Leone_S_Tomasso
[18:47:29] Leone_S_Tomasso atadott 1,000,000Ft-ot neki: Lucio_Zecchin
[18:57:04] Kiraly_Viktor atadott 80,000Ft-ot neki: Kiraly_Hunor
[18:59:30] Kazuyoshi_Akira atadott 1,000Ft-ot neki: Johny_Morales
[19:49:03] Mark_B_Hollywood atadott 200,000Ft-ot neki: Ryder_B_Dueno
[19:49:12] George_B_Hollywood atadott 200,000Ft-ot neki: Ryder_B_Dueno
[19:59:28] Figyelem: Damien_Creed utalt neki: Akos_White, 14,250,000Ft-t!
[20:41:47] Figyelem: Antonn_Fedorov utalt neki: Johny_Morales, 6,000,000Ft-t!
[20:43:22] Mark_B_Hollywood atadott 150,000Ft-ot neki: Johny_Morales
[20:43:23] Santos_O_Neill atadott 35,000Ft-ot neki: Mike_O_Neill
[20:43:58] Mark_B_Hollywood atadott 50,000Ft-ot neki: Johny_Morales
[20:57:28] Figyelem: Daniel_Sedin utalt neki: Jason_Toretto, 6,000,000Ft-t!
[21:15:28] Markus_D_Zecchin atadott 7,000,000Ft-ot neki: Mark_B_Hollywood
[21:30:30] Stefan_D_Zecchin atadott 250,000Ft-ot neki: Pablo_S_Carcassone
[21:30:38] Stefan_D_Zecchin atadott 250,000Ft-ot neki: Leon_Toretto
[21:32:53] Figyelem: Antonn_Fedorov utalt neki: Joker_Creed, 11,999,999Ft-t!
[21:34:14] Antonn_Fedorov atadott 1Ft-ot neki: Joker_Creed
[22:07:41] Mark_B_Hollywood atadott 10,000,000Ft-ot neki: Grew_Brasco
[22:07:41] Mark_B_Hollywood atadott 10,000,000Ft-ot neki: Grew_Brasco
[22:07:42] Mark_B_Hollywood atadott 10,000,000Ft-ot neki: Grew_Brasco
[22:07:44] Mark_B_Hollywood atadott 10,000,000Ft-ot neki: Grew_Brasco
[22:07:46] Mark_B_Hollywood atadott 10,000,000Ft-ot neki: Grew_Brasco
[22:07:51] Mark_B_Hollywood atadott 7,500,000Ft-ot neki: Grew_Brasco
[22:13:29] Markus_D_Zecchin atadott 1,000,000Ft-ot neki: Mark_B_Hollywood
[22:25:39] Nadasi_Gyorgy atadott 9,914Ft-ot neki: Gyongyosi_Lajos
[22:27:36] Nick_Vitale atadott 60,000Ft-ot neki: William_Cortez
[22:28:56] John_Kelin atadott 2,400,000Ft-ot neki: Akos_B_Gates
[22:31:00] Akos_B_Gates atadott 400,000Ft-ot neki: John_Kelin
[22:46:26] Sergei_B_Dueno atadott 63,079Ft-ot neki: William_Cortez
[22:56:09] Toth_Martin atadott 2,500Ft-ot neki: Mike_O_Neill
[23:04:19] Tyler_Wish atadott 6,000,000Ft-ot neki: Darius_N_Ortega
[23:28:38] Toth_Martin atadott 1,500Ft-ot neki: Mike_O_Neill
