[00:26:25] Steve_Aoki atadott 6,000,000Ft-ot neki: Don_Sorrentino
[00:55:01] Matt_Creed atadott 10,000,000Ft-ot neki: Edie_Morra
[02:02:21] Diego_Aciano atadott 16Ft-ot neki: Oliver_Aciano
[02:02:28] Diego_Aciano atadott 16Ft-ot neki: Oliver_Aciano
[02:02:30] Diego_Aciano atadott 16Ft-ot neki: Oliver_Aciano
[02:02:34] Diego_Aciano atadott 16Ft-ot neki: Oliver_Aciano
[02:02:45] Diego_Aciano atadott 16Ft-ot neki: Oliver_Aciano
[02:02:50] Diego_Aciano atadott 16Ft-ot neki: Oliver_Aciano
[02:03:10] Diego_Aciano atadott 16Ft-ot neki: Oliver_Aciano
[02:03:24] Diego_Aciano atadott 9,000,000Ft-ot neki: Oliver_Aciano
[02:04:20] Diego_Aciano atadott 500,000Ft-ot neki: Dom_Aciano
[06:46:25] Jeffrey_Lock atadott 10,000,000Ft-ot neki: Tyler_Wish
[06:52:45] Thomas_Berzerk atadott 10,000,000Ft-ot neki: Tyler_Wish
[06:55:00] Mac_Curtis atadott 10,000,000Ft-ot neki: Tyler_Wish
[07:13:26] Kulcsar_Tamas atadott 10,000,000Ft-ot neki: Tyler_Wish
[08:11:57] Mark_Jones atadott 9,988,234Ft-ot neki: Atsuya_D_Freeman
[09:47:45] Kevin_R_Sorrentino atadott 4,000Ft-ot neki: Henrik_Karlson
[10:15:32] Horvat_Bence atadott 10,000,000Ft-ot neki: Jizzy_Mc_Deguchi
[10:23:14] Don_Bruno atadott 10,000,000Ft-ot neki: Diego_Aciano
[10:24:03] Jizzy_Mc_Deguchi atadott 10,000,000Ft-ot neki: Tamas_V_Domotor
[10:29:30] Figyelem: Diego_Aciano utalt neki: Dom_Aciano, 7,000,000Ft-t!
[10:35:04] Figyelem: Chung_Yji utalt neki: Kevin_R_Sorrentino, 9,200,000Ft-t!
[10:38:17] Figyelem: Kevin_R_Sorrentino utalt neki: Henrik_Karlson, 9,200,000Ft-t!
[12:50:12] Damien_Creed atadott 70,000Ft-ot neki: Michael_T_Morales
[12:50:26] Frank_Jensen atadott 10,000,000Ft-ot neki: Franklin_Morales
[12:57:25] Ben_Dort atadott 10,000,000Ft-ot neki: Franklin_Morales
[13:01:27] Lorand_B_Hollywood atadott 327,935Ft-ot neki: Harry_F_Black
[13:03:37] Frank_Harrys atadott 10,000,000Ft-ot neki: Franklin_Morales
[13:06:53] Dwayne_Derossi atadott 10,000,000Ft-ot neki: Franklin_Morales
[13:34:41] Jessica_Leon atadott 10,000,000Ft-ot neki: Harry_F_Black
[13:44:27] Dominic_Vincenzo atadott 37,406Ft-ot neki: Kevin_S_Tomasso
[13:47:06] Harry_Main atadott 10,000,000Ft-ot neki: Lorand_B_Hollywood
[13:56:56] Atsuya_D_Freeman atadott 400,000Ft-ot neki: Lorand_B_Hollywood
[13:59:07] Atsuya_D_Freeman atadott 20,000Ft-ot neki: Lorand_B_Hollywood
[14:12:23] Sifu_D_Sorrentino atadott 1Ft-ot neki: Jin_Sorrentino
[14:31:40] Franklin_Morales atadott 300,000Ft-ot neki: Gunnar_Jensen
[14:42:40] Marcell_O_Neill atadott 1Ft-ot neki: Dom_Aciano
[14:43:58] Marcell_O_Neill atadott 1Ft-ot neki: Dom_Aciano
[14:47:06] Marcell_O_Neill atadott 1Ft-ot neki: Fekete_Erik
[14:52:22] Tony_La_Colombo atadott 10,000,000Ft-ot neki: Harry_F_Black
[14:54:30] Marcell_O_Neill atadott 1Ft-ot neki: Lee_Fooster
[14:55:35] Jin_Sorrentino atadott 1Ft-ot neki: Sifu_D_Sorrentino
[14:55:40] Sifu_D_Sorrentino atadott 2Ft-ot neki: Freddie_B_Scaletta
[14:55:56] Sifu_D_Sorrentino atadott 100Ft-ot neki: Henrik_T_Scaletta
[14:56:59] Marcell_O_Neill atadott 1Ft-ot neki: Lee_Fooster
[14:59:14] Hegyes_Marton atadott 100,000Ft-ot neki: Gyongyosi_Lajos
[15:02:56] Marcell_O_Neill atadott 1Ft-ot neki: Algernon_Youngmay
[15:04:07] Henrik_T_Scaletta atadott 1,180,345Ft-ot neki: Freddie_B_Scaletta
[15:04:17] Marcell_O_Neill atadott 1Ft-ot neki: Adam_Blood
[15:06:25] Harry_F_Black atadott 1,000,000Ft-ot neki: Yamato_Bosco
[15:06:32] Harry_F_Black atadott 9,000,000Ft-ot neki: Yamato_Bosco
[15:10:08] Patrik_Kane atadott 100,000Ft-ot neki: Michael_Faraday
[15:10:09] Patrik_Kane atadott 100,000Ft-ot neki: Michael_Faraday
[15:10:11] Patrik_Kane atadott 100,000Ft-ot neki: Michael_Faraday
[15:10:12] Patrik_Kane atadott 100,000Ft-ot neki: Michael_Faraday
[15:10:13] Patrik_Kane atadott 100,000Ft-ot neki: Michael_Faraday
[15:10:15] Patrik_Kane atadott 100,000Ft-ot neki: Michael_Faraday
[15:10:16] Patrik_Kane atadott 100,000Ft-ot neki: Michael_Faraday
[15:10:19] Patrik_Kane atadott 100,000Ft-ot neki: Michael_Faraday
[15:10:20] Patrik_Kane atadott 100,000Ft-ot neki: Michael_Faraday
[15:10:21] Patrik_Kane atadott 100,000Ft-ot neki: Michael_Faraday
[15:10:51] Marcell_O_Neill atadott 1Ft-ot neki: Earl_Fooster
[15:13:58] Marcell_O_Neill atadott 1Ft-ot neki: Tom_Torres
[15:18:04] Figyelem: Patrik_Kane utalt neki: Michael_Faraday, 8,280,000Ft-t!
[15:23:48] Figyelem: Sidney_Crosby utalt neki: Michael_Faraday, 9,200,000Ft-t!
[15:23:55] Csonka_Eszter atadott 10,000,000Ft-ot neki: Algernon_Youngmay
[15:26:34] Marcell_O_Neill atadott 1Ft-ot neki: Lorand_B_Hollywood
[15:27:50] Csonka_Orsolya atadott 10,000,000Ft-ot neki: Algernon_Youngmay
[15:31:00] Figyelem: Algernon_Youngmay utalt neki: Adam_Koperecz, 6,500,000Ft-t!
[15:35:14] Thomas_Berzerk atadott 5,000,000Ft-ot neki: Tyler_Wish
[15:43:50] Barney_Ross atadott 10,000,000Ft-ot neki: Izabella_Oconer
[15:45:19] Sweet_W_Kartel atadott 10,000,000Ft-ot neki: Izabella_Oconer
[15:47:22] Izabella_Oconer atadott 10,000,000Ft-ot neki: Gunnar_Jensen
[15:47:23] Izabella_Oconer atadott 10,000,000Ft-ot neki: Gunnar_Jensen
[15:47:30] Izabella_Oconer atadott 9,998,400Ft-ot neki: Gunnar_Jensen
[15:49:36] Gunnar_Jensen atadott 9,998,400Ft-ot neki: Vin_Derossi
[16:02:58] Damien_Creed atadott 350,000Ft-ot neki: Krisztofer_Vincenzo
[16:04:04] Randy_Marsh atadott 2,000Ft-ot neki: Tom_Torres
[16:21:18] Atsuya_D_Freeman atadott 80,000Ft-ot neki: Mark_Bishop
[16:22:07] Lance_Wilson atadott 10,000,000Ft-ot neki: Franklin_Morales
[16:30:31] Franklin_Morales atadott 40,000Ft-ot neki: Gyorgy_Boyka
[16:32:42] Sass_Sandor atadott 10,000,000Ft-ot neki: Adam_Koperecz
[16:45:07] Damien_Creed atadott 1,500,000Ft-ot neki: Krisztofer_Vincenzo
[16:52:43] Lorand_B_Hollywood atadott 150,000Ft-ot neki: Sifu_D_Sorrentino
[16:52:51] Lorand_B_Hollywood atadott 50,000Ft-ot neki: Sifu_D_Sorrentino
[17:03:24] Figyelem: Sidney_Crosby utalt neki: Michael_Faraday, 8,460,000Ft-t!
[17:06:39] Bryan_Dawson atadott 25,000Ft-ot neki: Thomas_Berzerk
[17:16:53] Algernon_Youngmay atadott 200,000Ft-ot neki: Csonka_Eszter
[17:19:16] Csonka_Eszter atadott 200,000Ft-ot neki: Algernon_Youngmay
[17:27:14] Joe_Gates atadott 1,000,000Ft-ot neki: Ralf_S_Tomasso
[17:33:22] Ralf_S_Tomasso atadott 1,000,000Ft-ot neki: Victor_Jr_Zecchin
[17:42:31] Alex_Hill atadott 1,000,000Ft-ot neki: Fekete_Erik
[17:42:43] Alex_Hill atadott 13,000Ft-ot neki: Fekete_Erik
[17:47:05] Henrik_T_Scaletta atadott 1,000,000Ft-ot neki: Ralf_S_Tomasso
[17:48:50] Lapos_Dominik atadott 10,000,000Ft-ot neki: Earl_Fooster
[17:50:13] Earl_Fooster atadott 10,000,000Ft-ot neki: Fekete_Erik
[17:51:01] Antonn_Fedorov atadott 20,000Ft-ot neki: Steve_S_Stifler
[17:52:11] Algernon_Youngmay atadott 225,000Ft-ot neki: Adam_Koperecz
[18:22:38] Fekete_Erik atadott 1,000,000Ft-ot neki: Alex_Hill
[18:23:42] Fekete_Erik atadott 20,000Ft-ot neki: Alex_Hill
[18:24:24] Fekete_Erik atadott 10,000Ft-ot neki: Alex_Hill
[18:24:26] Fekete_Erik atadott 10,000Ft-ot neki: Alex_Hill
[18:24:31] Fekete_Erik atadott 80,000Ft-ot neki: Alex_Hill
[18:54:04] Algernon_Youngmay atadott 300,000Ft-ot neki: Adam_Koperecz
[19:25:02] Figyelem: Jin_Sorrentino utalt neki: Kevin_R_Sorrentino, 8,500,000Ft-t!
[19:38:26] Algernon_Youngmay atadott 550,000Ft-ot neki: Adam_Koperecz
[20:00:43] James_Ryan atadott 30,000Ft-ot neki: Elwood_JR_Sorrentino
[20:02:05] Damien_Creed atadott 65,262Ft-ot neki: Krisztofer_Vincenzo
[20:08:54] Kazuya_N_Ortega atadott 10,000,000Ft-ot neki: Darius_N_Ortega
[20:13:31] Itachi_N_Freeman atadott 10,000,000Ft-ot neki: Darius_N_Ortega
[20:14:49] Darius_N_Ortega atadott 10,000,000Ft-ot neki: Tyler_WIsh
[20:14:51] Darius_N_Ortega atadott 10,000,000Ft-ot neki: Tyler_WIsh
[20:50:18] David_R_Vincenzo atadott 1Ft-ot neki: Nagato_Brasco
[21:02:52] Norbert_N_Armada atadott 10,000,000Ft-ot neki: Tyler_WIsh
[21:07:14] Tyler_WIsh atadott 10,000,000Ft-ot neki: Darius_N_Ortega
[21:33:42] Algernon_Youngmay atadott 300,000Ft-ot neki: Adam_Koperecz
[21:36:06] Jim_Cortez atadott 1,000,000Ft-ot neki: Tom_Torres
[21:36:40] Jim_Cortez atadott 9,000,000Ft-ot neki: Tom_Torres
[21:53:33] Marcell_O_Neill atadott 50,000Ft-ot neki: Toth_Martin
[22:08:27] Krisztofer_Vincenzo atadott 40,000Ft-ot neki: Michael_T_Morales
[22:08:30] Krisztofer_Vincenzo atadott 40,000Ft-ot neki: Damien_Creed
[22:10:21] Krisztofer_Vincenzo atadott 40,000Ft-ot neki: Sidney_Tribiani
[22:33:48] Algernon_Youngmay atadott 225,000Ft-ot neki: Adam_Koperecz
[22:43:48] Michael_T_Morales atadott 64,000Ft-ot neki: Yamato_Bosco
[23:30:30] Sidney_Tribiani atadott 100,000Ft-ot neki: Damien_Creed
[23:30:31] Sidney_Tribiani atadott 100,000Ft-ot neki: Damien_Creed
