[00:12:09] Max_Sorrentino átadott valakinek 1,800,000Ft-ot
[00:12:21] Max_Sorrentino átadott valakinek 1,800,000Ft-ot
[00:12:31] Johan_B_Black átadott valakinek 1,800,000Ft-ot
[00:57:54] Daniel_Davis payed 5000Ft to enter biz 0
[01:17:29] Figyelem: Henrik_T_Scaletta utalt neki: Krisztofer_Vincenzo, 7,300,000Ft-t!
[09:05:27] Ryan_B_Mike atadott 100,000Ft-ot neki: Nick_Vitale
[09:07:45] Nick_Vitale atadott 50,000Ft-ot neki: Ryan_B_Mike
[09:46:44] Nico_Butler átadott valakinek 200,000Ft-ot
[09:46:48] Nico_Butler átadott valakinek 200,000Ft-ot
[09:56:58] Joker_Creed átadott valakinek 70,000Ft-ot
[09:58:45] Nick_Vitale atadott 100,000Ft-ot neki: Diaz_Freeman
[09:58:47] Nick_Vitale atadott 100,000Ft-ot neki: Diaz_Freeman
[09:58:48] Nick_Vitale atadott 100,000Ft-ot neki: Diaz_Freeman
[09:58:49] Nick_Vitale atadott 100,000Ft-ot neki: Diaz_Freeman
[09:58:50] Nick_Vitale atadott 100,000Ft-ot neki: Diaz_Freeman
[09:58:52] Nick_Vitale atadott 100,000Ft-ot neki: Diaz_Freeman
[09:58:53] Nick_Vitale atadott 100,000Ft-ot neki: Diaz_Freeman
[09:58:54] Nick_Vitale atadott 100,000Ft-ot neki: Diaz_Freeman
[09:58:55] Nick_Vitale atadott 100,000Ft-ot neki: Diaz_Freeman
[09:58:56] Nick_Vitale atadott 100,000Ft-ot neki: Diaz_Freeman
[09:59:50] John_Kelin átadott valakinek 2,000,000Ft-ot
[10:16:26] Joker_Creed átadott valakinek 278,515Ft-ot
[11:52:27] Krisztofer_Vincenzo átadott valakinek 360,000Ft-ot
[12:38:13] Levy_B_Hollywood atadott 65,000Ft-ot neki: Akos_Vincenzo
[12:39:26] Blake_B_Salvatore átadott valakinek 10,000Ft-ot
[12:39:44] Blake_B_Salvatore átadott valakinek 10,000Ft-ot
[12:41:27] Akos_Vincenzo átadott valakinek 75,500Ft-ot
[12:54:55] Markus_D_Zecchin átadott valakinek 500,000Ft-ot
[13:00:52] Nelson_Washington atadott 1Ft-ot neki: Sandro_Nestore
[13:00:53] Nelson_Washington atadott 1Ft-ot neki: Sandro_Nestore
[13:00:54] Nelson_Washington atadott 1Ft-ot neki: Sandro_Nestore
[13:00:55] Nelson_Washington atadott 1Ft-ot neki: Sandro_Nestore
[13:00:58] Nelson_Washington atadott 1Ft-ot neki: Sandro_Nestore
[13:00:58] Nelson_Washington atadott 1Ft-ot neki: Sandro_Nestore
[13:16:01] Nelson_Washington átadott valakinek 1,000,000Ft-ot
[14:26:41] Zsori_Sandor átadott valakinek 350,000Ft-ot
[14:44:32] Henry_Tomasino átadott valakinek 5,116,515Ft-ot
[14:48:42] Georg_B_Hollywood átadott valakinek 10,000,000Ft-ot
[14:48:44] Georg_B_Hollywood átadott valakinek 10,000,000Ft-ot
[14:48:45] Georg_B_Hollywood átadott valakinek 10,000,000Ft-ot
[14:48:46] Georg_B_Hollywood átadott valakinek 10,000,000Ft-ot
[14:48:48] Georg_B_Hollywood átadott valakinek 10,000,000Ft-ot
[14:48:49] Georg_B_Hollywood átadott valakinek 10,000,000Ft-ot
[14:48:50] Georg_B_Hollywood átadott valakinek 10,000,000Ft-ot
[14:48:51] Georg_B_Hollywood átadott valakinek 10,000,000Ft-ot
[14:48:53] Georg_B_Hollywood átadott valakinek 10,000,000Ft-ot
[14:49:08] Georg_B_Hollywood átadott valakinek 2,000,000Ft-ot
[14:50:22] Levy_B_Hollywood átadott valakinek 426Ft-ot
[15:48:40] Figyelem: Tyler_Wish utalt neki: Darius_N_Ortega, 6,000,000Ft-t!
[15:50:04] Betty_O_Neill atadott 14,000Ft-ot neki: Lesley_Antony
[15:53:29] Tom_Torres átadott valakinek 500,000Ft-ot
[15:53:31] Tom_Torres átadott valakinek 500,000Ft-ot
[16:19:48] Figyelem: Daniel_Scaletta utalt neki: Bentner_K_White, 7,000,000Ft-t!
[16:21:21] Paul_Escobar átadott valakinek 800,000Ft-ot
[17:03:07] Paul_Escobar átadott valakinek 500,000Ft-ot
[17:14:29] Jason_Aciano átadott valakinek 2,000,000Ft-ot
[17:29:50] Paul_Escobar átadott valakinek 400,000Ft-ot
[17:51:18] Oze_Roland átadott valakinek 1Ft-ot
[17:51:34] Oze_Roland átadott valakinek 1Ft-ot
[17:51:36] Oze_Roland átadott valakinek 1Ft-ot
[17:51:38] Oze_Roland átadott valakinek 1Ft-ot
[17:51:39] Oze_Roland átadott valakinek 1Ft-ot
[17:51:40] Oze_Roland átadott valakinek 1Ft-ot
[17:51:42] Oze_Roland átadott valakinek 1Ft-ot
[17:51:45] Oze_Roland átadott valakinek 1Ft-ot
[17:51:46] Oze_Roland átadott valakinek 1Ft-ot
[17:51:48] Oze_Roland átadott valakinek 1Ft-ot
[17:51:55] Oze_Roland átadott valakinek 1Ft-ot
[17:52:10] Oze_Roland átadott valakinek 2Ft-ot
[18:09:47] Henry_Tomasino átadott valakinek 2,522,771Ft-ot
[18:13:11] Blake_B_Salvatore átadott valakinek 30,000Ft-ot
[18:36:40] Figyelem: Levy_B_Hollywood utalt neki: Edie_Morra, 20,000,000Ft-t!
[18:37:00] Joe_Gates átadott valakinek 6,000,000Ft-ot
[18:42:42] Kevin_L_Saltzman átadott valakinek 300,000Ft-ot
[18:43:58] Costa_Miles átadott valakinek 100,000Ft-ot
[18:44:03] Kevin_L_Saltzman átadott valakinek 100,000Ft-ot
[18:51:57] Thomas_Berzerk átadott valakinek 4,500,000Ft-ot
[18:52:17] Paul_Escobar átadott valakinek 5,000,000Ft-ot
[18:52:21] Thomas_Berzerk átadott valakinek 3,500,000Ft-ot
[18:53:07] Thomas_Berzerk átadott valakinek 5,000,000Ft-ot
[18:53:21] Paul_Escobar átadott valakinek 4,800,000Ft-ot
[19:02:13] Paul_Escobar átadott valakinek 4,800,000Ft-ot
[19:18:06] Ryan_B_Mike atadott 500Ft-ot neki: Sergei_B_Dueno
[20:04:51] Figyelem: Henry_Tomasino utalt neki: Kitty_Soprano, 25,000,000Ft-t!
[20:05:48] Lorand_Vincenzo átadott valakinek 524,000Ft-ot
[20:10:32] Spike_Wheeler átadott valakinek 400,000Ft-ot
[20:18:52] Figyelem: Kitty_Soprano utalt neki: Gyongyosi_Lajos, 10,500,000Ft-t!
[20:47:08] James_Creed átadott valakinek 2,000Ft-ot
[20:47:52] James_Creed átadott valakinek 25,000Ft-ot
[20:55:38] Don_Sorrentino átadott valakinek 386,400Ft-ot
[21:03:07] James_Creed átadott valakinek 100,000Ft-ot
[21:22:23] Javier_B_Hollywood átadott valakinek 90,000Ft-ot
[21:55:49] Krist_Roscoe átadott valakinek 1,000,000Ft-ot
[21:55:50] Krist_Roscoe átadott valakinek 1,000,000Ft-ot
[21:55:51] Krist_Roscoe átadott valakinek 1,000,000Ft-ot
[21:55:53] Krist_Roscoe átadott valakinek 1,000,000Ft-ot
[21:55:54] Krist_Roscoe átadott valakinek 1,000,000Ft-ot
[22:44:41] Thomas_Berzerk átadott valakinek 5,000,000Ft-ot
[22:44:55] Thomas_Berzerk átadott valakinek 5,000,000Ft-ot
[22:51:25] Krist_Roscoe atadott 100,000Ft-ot neki: Matt_Creed
[22:51:27] Krist_Roscoe atadott 100,000Ft-ot neki: Matt_Creed
[22:51:29] Krist_Roscoe atadott 100,000Ft-ot neki: Matt_Creed
[22:51:31] Krist_Roscoe atadott 100,000Ft-ot neki: Matt_Creed
[22:51:33] Krist_Roscoe atadott 100,000Ft-ot neki: Matt_Creed
[23:21:32] Daniel_Davis átadott valakinek 25,000Ft-ot
[23:28:34] Jason_Aciano átadott valakinek 952,684Ft-ot
[23:41:02] Valor_Colin atadott 50,000Ft-ot neki: Antonn_Fedorov
