[00:50:53] Figyelem: Darius_N_Ortega utalt neki: Tyler_Wish, 6,000,000Ft-t!
[02:14:55] Figyelem: Henrik_T_Scaletta utalt neki: Elwood_JR_Sorrentino, 6,000,000Ft-t!
[02:22:09] Connor_O_Neill átadott valakinek 166,591Ft-ot
[02:22:13] Connor_O_Neill átadott valakinek 166,591Ft-ot
[02:22:14] Connor_O_Neill átadott valakinek 166,591Ft-ot
[02:22:16] Connor_O_Neill átadott valakinek 166,591Ft-ot
[02:22:17] Connor_O_Neill átadott valakinek 166,591Ft-ot
[02:22:18] Connor_O_Neill átadott valakinek 166,591Ft-ot
[02:22:20] Connor_O_Neill átadott valakinek 166,591Ft-ot
[02:22:21] Connor_O_Neill átadott valakinek 166,591Ft-ot
[02:22:22] Connor_O_Neill átadott valakinek 166,591Ft-ot
[02:24:36] Figyelem: Elwood_JR_Sorrentino utalt neki: Hizusu_Weedman, 19,900,000Ft-t!
[02:50:24] Connor_O_Neill átadott valakinek 166,569Ft-ot
[02:50:28] Connor_O_Neill átadott valakinek 166,569Ft-ot
[02:50:29] Connor_O_Neill átadott valakinek 166,569Ft-ot
[02:50:30] Connor_O_Neill átadott valakinek 166,569Ft-ot
[02:50:31] Connor_O_Neill átadott valakinek 166,569Ft-ot
[02:50:32] Connor_O_Neill átadott valakinek 166,569Ft-ot
[02:51:08] Connor_O_Neill átadott valakinek 666,277Ft-ot
[03:42:28] Connor_O_Neill átadott valakinek 1,649,045Ft-ot
[10:45:42] Paul_Escobar átadott valakinek 1,967,897Ft-ot
[11:20:12] Nico_Butler átadott valakinek 10,000,000Ft-ot
[11:20:13] Nico_Butler átadott valakinek 10,000,000Ft-ot
[11:20:31] Nico_Butler átadott valakinek 5,000,000Ft-ot
[11:21:12] Nico_Butler átadott valakinek 921,676Ft-ot
[11:45:58] Johan_B_Black átadott valakinek 13,000Ft-ot
[12:39:02] John_Kelin átadott valakinek 90,000Ft-ot
[12:41:24] Aladeen_A_Crowe átadott valakinek 221,031Ft-ot
[12:41:39] Aladeen_A_Crowe átadott valakinek 5Ft-ot
[12:43:22] Aladeen_A_Crowe átadott valakinek 221,036Ft-ot
[12:43:57] Charlie_Akira átadott valakinek 220,000Ft-ot
[12:45:33] Archie_B_Hollywood átadott valakinek 10,000,000Ft-ot
[12:45:37] Archie_B_Hollywood átadott valakinek 10,000,000Ft-ot
[12:45:39] Archie_B_Hollywood átadott valakinek 10,000,000Ft-ot
[12:45:39] Archie_B_Hollywood átadott valakinek 10,000,000Ft-ot
[12:45:40] Archie_B_Hollywood átadott valakinek 10,000,000Ft-ot
[12:45:41] Archie_B_Hollywood átadott valakinek 10,000,000Ft-ot
[12:45:43] Archie_B_Hollywood átadott valakinek 10,000,000Ft-ot
[12:45:44] Archie_B_Hollywood átadott valakinek 10,000,000Ft-ot
[12:45:45] Archie_B_Hollywood átadott valakinek 10,000,000Ft-ot
[12:45:46] Archie_B_Hollywood átadott valakinek 10,000,000Ft-ot
[12:50:51] Jason_B_Hollywood átadott valakinek 10,000,000Ft-ot
[12:50:52] Jason_B_Hollywood átadott valakinek 10,000,000Ft-ot
[12:50:55] Jason_B_Hollywood átadott valakinek 5,000,000Ft-ot
[13:03:53] Lucio_Zecchin átadott valakinek 1,200,000Ft-ot
[13:04:28] Diaz_Freeman atadott 100,000Ft-ot neki: Kiji_Gates
[13:04:29] Diaz_Freeman atadott 100,000Ft-ot neki: Kiji_Gates
[13:04:38] Diaz_Freeman atadott 22,000Ft-ot neki: Kiji_Gates
[13:08:06] Figyelem: Johan_B_Black utalt neki: Kitty_Soprano, 18,000,000Ft-t!
[13:12:30] Erik_Wheeler átadott valakinek 40,000Ft-ot
[13:12:39] Erik_Wheeler átadott valakinek 360,000Ft-ot
[13:17:39] Nelson_Washington átadott valakinek 5,000,000Ft-ot
[13:19:30] Ralf_S_Tomasso átadott valakinek 5,000,000Ft-ot
[13:39:27] Jason_B_Hollywood átadott valakinek 10,000,000Ft-ot
[13:39:30] Jason_B_Hollywood átadott valakinek 10,000,000Ft-ot
[13:39:33] Jason_B_Hollywood átadott valakinek 5,000,000Ft-ot
[14:35:45] Figyelem: Bryan_B_Hollywood utalt neki: Matt_Creed, 12,000,000Ft-t!
[14:39:24] Mark_B_Hollywood átadott valakinek 10,000,000Ft-ot
[14:39:24] Mark_B_Hollywood átadott valakinek 10,000,000Ft-ot
[14:39:27] Mark_B_Hollywood átadott valakinek 6,000,000Ft-ot
[14:44:47] Kiraly_Viktor atadott 100,000Ft-ot neki: Kiraly_Hunor
[14:44:51] Kiraly_Viktor atadott 100,000Ft-ot neki: Kiraly_Hunor
[14:53:37] Henry_Tomasino átadott valakinek 165,415Ft-ot
[15:07:15] Leone_S_Tomasso átadott valakinek 3,000,000Ft-ot
[15:11:26] Joe_Gates átadott valakinek 3,000,000Ft-ot
[15:39:17] Szabo_Balazs átadott valakinek 20,000Ft-ot
[15:59:08] Chris_S_Black átadott valakinek 200,000Ft-ot
[16:10:23] Nadasi_Gyorgy átadott valakinek 50,000Ft-ot
[16:14:22] Zsori_Sandor átadott valakinek 15,000Ft-ot
[16:22:58] Szabo_Balazs átadott valakinek 20,000Ft-ot
[16:27:04] Oliver_Hizrics átadott valakinek 15,000Ft-ot
[16:27:31] Jason_B_Hollywood átadott valakinek 40,000Ft-ot
[16:43:54] Krist_Roscoe atadott 100Ft-ot neki: Matt_Creed
[16:48:14] Paul_Escobar átadott valakinek 800,000Ft-ot
[16:49:11] Figyelem: Matt_Creed utalt neki: Krist_Roscoe, 83,330,000Ft-t!
[16:55:07] John_Kelin átadott valakinek 10,000,000Ft-ot
[16:55:14] John_Kelin átadott valakinek 5,000,000Ft-ot
[16:55:34] Figyelem: Matt_Creed utalt neki: Eric_Kripke, 80,000,000Ft-t!
[16:59:10] Charlie_Harper átadott valakinek 10,000,000Ft-ot
[16:59:17] Charlie_Harper átadott valakinek 5,000,000Ft-ot
[17:14:24] Mate_Richard átadott valakinek 150,000Ft-ot
[17:59:23] Krist_Roscoe atadott 1Ft-ot neki: Matt_Creed
[18:00:07] Nadasi_Gyorgy átadott valakinek 150,000Ft-ot
[18:24:47] Szabo_Balazs átadott valakinek 1,000Ft-ot
[18:24:56] Paul_Escobar átadott valakinek 5,000,000Ft-ot
[19:03:47] Figyelem: Krist_Roscoe utalt neki: Yamato_Bosco, 20,000,000Ft-t!
[19:19:52] Denny_Toretto átadott valakinek 2,010,200Ft-ot
[19:23:17] Bent_Washington átadott valakinek 8,000Ft-ot
[19:38:31] Paul_Escobar átadott valakinek 2,412,499Ft-ot
[19:43:30] Drew_B_Dueno átadott valakinek 2,412,499Ft-ot
[19:49:55] Krist_Roscoe atadott 1Ft-ot neki: Yamato_Bosco
[19:54:00] Mester_Csaba atadott 100,000Ft-ot neki: Cody_Aciano
[19:54:04] Mester_Csaba atadott 30,000Ft-ot neki: Cody_Aciano
[20:31:32] Szabo_Balazs átadott valakinek 300,000Ft-ot
[20:33:53] Jackob_Shirton átadott valakinek 22,500Ft-ot
[20:34:45] Mateusz_M_Walker átadott valakinek 22,500Ft-ot
[20:48:55] Szabo_Balazs átadott valakinek 30,000Ft-ot
[20:50:35] Szabo_Balazs átadott valakinek 100,000Ft-ot
[21:14:37] Yamato Bosco átadott valakinek 1,000,000Ft-ot
[21:14:38] Yamato Bosco átadott valakinek 1,000,000Ft-ot
[21:14:40] Yamato Bosco átadott valakinek 1,000,000Ft-ot
[21:14:42] Yamato Bosco átadott valakinek 1,000,000Ft-ot
[21:14:44] Yamato Bosco átadott valakinek 1,000,000Ft-ot
[21:14:46] Yamato Bosco átadott valakinek 1,000,000Ft-ot
[21:14:47] Yamato Bosco átadott valakinek 1,000,000Ft-ot
[21:14:49] Yamato Bosco átadott valakinek 1,000,000Ft-ot
[21:14:51] Yamato Bosco átadott valakinek 1,000,000Ft-ot
[21:14:53] Yamato Bosco átadott valakinek 1,000,000Ft-ot
[21:14:55] Yamato Bosco átadott valakinek 1,000,000Ft-ot
[21:14:57] Yamato Bosco átadott valakinek 1,000,000Ft-ot
[21:14:58] Yamato Bosco átadott valakinek 1,000,000Ft-ot
[21:15:00] Yamato Bosco átadott valakinek 1,000,000Ft-ot
[21:15:02] Yamato Bosco átadott valakinek 1,000,000Ft-ot
[21:15:04] Yamato Bosco átadott valakinek 1,000,000Ft-ot
[21:15:06] Yamato Bosco átadott valakinek 1,000,000Ft-ot
[21:15:08] Yamato Bosco átadott valakinek 1,000,000Ft-ot
[21:16:30] Dom_Wheeler átadott valakinek 1,636,971Ft-ot
[21:49:16] Figyelem: Kitty_Soprano utalt neki: Hizusu_Weedman, 20,000,000Ft-t!
[22:17:50] Yamato_Bosco atadott 50,000Ft-ot neki: Norbert_N_Ortega
[22:48:48] Dominic_Vincenzo átadott valakinek 1,000,000Ft-ot
[22:51:30] Dominic_Vincenzo átadott valakinek 2,400,000Ft-ot
[22:51:38] Kiraly_Viktor atadott 100,000Ft-ot neki: Kiraly_Hunor
[22:51:40] Kiraly_Viktor atadott 100,000Ft-ot neki: Kiraly_Hunor
[22:51:42] Kiraly_Viktor atadott 100,000Ft-ot neki: Kiraly_Hunor
[22:51:44] Kiraly_Viktor atadott 100,000Ft-ot neki: Kiraly_Hunor
[22:51:49] Kiraly_Viktor atadott 90,000Ft-ot neki: Kiraly_Hunor
[23:00:07] Dominic_Vincenzo átadott valakinek 2,200,000Ft-ot
[23:22:53] Javier_B_Hollywood átadott valakinek 520,000Ft-ot
[23:41:49] Ryan_Lennox átadott valakinek 5,000,000Ft-ot
[23:45:56] John_Salivan átadott valakinek 200,000Ft-ot
[23:46:46] Drew_B_Dueno átadott valakinek 200,000Ft-ot
