[00:10:07] Santos_O_Neill atadott 1Ft-ot neki: Mike_O_Neill
[00:10:13] Santos_O_Neill atadott 1Ft-ot neki: Patrik_O_Neill
[00:12:51] Santos_O_Neill atadott 1Ft-ot neki: Marcell_O_Neill
[08:51:32] Keny_Da_Silva atadott 150,000Ft-ot neki: Charlie_Leanders
[08:54:59] Charlie_Leanders atadott 150,000Ft-ot neki: Atsuya_D_Freeman
[09:10:19] Victor_Jr_Zecchin atadott 400,000Ft-ot neki: Szekely_Klara
[09:24:21] Charlie_Leanders atadott 200,000Ft-ot neki: Atsuya_D_Freeman
[09:26:54] Dave_R_Vincenzo atadott 100,000Ft-ot neki: Diaz_Freeman
[09:26:55] Dave_R_Vincenzo atadott 100,000Ft-ot neki: Diaz_Freeman
[09:26:56] Dave_R_Vincenzo atadott 100,000Ft-ot neki: Diaz_Freeman
[09:26:57] Dave_R_Vincenzo atadott 100,000Ft-ot neki: Diaz_Freeman
[09:26:58] Dave_R_Vincenzo atadott 100,000Ft-ot neki: Diaz_Freeman
[09:26:59] Dave_R_Vincenzo atadott 100,000Ft-ot neki: Diaz_Freeman
[09:27:00] Dave_R_Vincenzo atadott 100,000Ft-ot neki: Diaz_Freeman
[09:31:48] Nagato_Brasco atadott 100,000Ft-ot neki: Terno_Tommys
[09:50:44] Nagato_Brasco atadott 25,118Ft-ot neki: Terno_Tommys
[09:53:08] Victor_Jr_Zecchin atadott 400,000Ft-ot neki: Szekely_Klara
[09:59:54] Victor_Jr_Zecchin atadott 2,500,000Ft-ot neki: Georg_B_Hollywood
[10:43:24] Szekely_Klara atadott 600,000Ft-ot neki: Victor_Jr_Zecchin
[11:09:40] Cody_Aciano atadott 500,000Ft-ot neki: Horvath_Adrian
[11:18:00] Diaz_Freeman atadott 60,000Ft-ot neki: Carlos_D_Surenos
[12:12:08] Dave_R_Vincenzo atadott 100,000Ft-ot neki: Diaz_Freeman
[12:12:09] Dave_R_Vincenzo atadott 100,000Ft-ot neki: Diaz_Freeman
[12:12:11] Dave_R_Vincenzo atadott 100,000Ft-ot neki: Diaz_Freeman
[12:12:12] Dave_R_Vincenzo atadott 100,000Ft-ot neki: Diaz_Freeman
[12:12:16] Dave_R_Vincenzo atadott 20,000Ft-ot neki: Diaz_Freeman
[12:12:26] Dave_R_Vincenzo atadott 100,000Ft-ot neki: Diaz_Freeman
[12:12:26] Dave_R_Vincenzo atadott 100,000Ft-ot neki: Diaz_Freeman
[12:12:27] Dave_R_Vincenzo atadott 100,000Ft-ot neki: Diaz_Freeman
[12:12:29] Dave_R_Vincenzo atadott 100,000Ft-ot neki: Diaz_Freeman
[12:12:30] Dave_R_Vincenzo atadott 100,000Ft-ot neki: Diaz_Freeman
[12:40:14] Markus_D_Zecchin atadott 10,000,000Ft-ot neki: Mark_B_Hollywood
[12:40:15] Markus_D_Zecchin atadott 10,000,000Ft-ot neki: Mark_B_Hollywood
[12:40:17] Markus_D_Zecchin atadott 10,000,000Ft-ot neki: Mark_B_Hollywood
[13:26:34] Max_Navarro atadott 996,271Ft-ot neki: Calvin_C_Broadus
[13:26:47] John_Kelin atadott 1,300,000Ft-ot neki: Akos_B_Gates
[13:27:26] John_Kelin atadott 400,000Ft-ot neki: Akos_B_Gates
[13:27:45] John_Kelin atadott 150,000Ft-ot neki: Akos_B_Gates
[13:30:24] George_B_Hollywood atadott 100,000Ft-ot neki: Mark_B_Hollywood
[14:15:57] Freddy_Walker atadott 61,000Ft-ot neki: John_Kelin
[14:33:01] George_B_Hollywood atadott 100,000Ft-ot neki: Markus_D_Zecchin
[14:49:41] Santos_O_Neill atadott 1Ft-ot neki: Mark_B_Hollywood
[14:49:52] Santos_O_Neill atadott 1Ft-ot neki: Steve_Aoki
[15:05:07] Max_Navarro atadott 10,000,000Ft-ot neki: Dan_B_Hollywood
[15:05:14] Max_Navarro atadott 9,000,000Ft-ot neki: Dan_B_Hollywood
[15:11:58] Stefan_Berger atadott 100,000Ft-ot neki: Paul_D_Cortez
[15:12:03] Stefan_Berger atadott 100,000Ft-ot neki: Paul_D_Cortez
[15:12:04] Stefan_Berger atadott 100,000Ft-ot neki: Paul_D_Cortez
[15:12:09] Stefan_Berger atadott 50,000Ft-ot neki: Paul_D_Cortez
[15:29:09] Figyelem: Mark_B_Hollywood utalt neki: Nagato_Brasco, 9,999,999Ft-t!
[16:21:59] Edie_Morra atadott 10,000,000Ft-ot neki: Mateusz_M_Walker
[16:22:00] Edie_Morra atadott 10,000,000Ft-ot neki: Mateusz_M_Walker
[16:22:01] Edie_Morra atadott 10,000,000Ft-ot neki: Mateusz_M_Walker
[16:22:02] Edie_Morra atadott 10,000,000Ft-ot neki: Mateusz_M_Walker
[16:22:03] Edie_Morra atadott 10,000,000Ft-ot neki: Mateusz_M_Walker
[16:22:04] Edie_Morra atadott 10,000,000Ft-ot neki: Mateusz_M_Walker
[16:22:05] Edie_Morra atadott 10,000,000Ft-ot neki: Mateusz_M_Walker
[16:22:05] Edie_Morra atadott 10,000,000Ft-ot neki: Mateusz_M_Walker
[16:22:06] Edie_Morra atadott 10,000,000Ft-ot neki: Mateusz_M_Walker
[16:22:07] Edie_Morra atadott 10,000,000Ft-ot neki: Mateusz_M_Walker
[16:31:22] Oliver_Hizrics atadott 100,000Ft-ot neki: Elena_Moon
[16:44:36] Szekely_Klara atadott 126,517Ft-ot neki: Sidney_Tribiani
[16:59:02] Vito_D_Brasco atadott 10Ft-ot neki: Joe_Gates
[17:09:05] Tyler_Wish atadott 543,496Ft-ot neki: Cody_Aciano
[17:12:21] Krist_Roscoe atadott 1,000,000Ft-ot neki: Edie_Morra
[17:12:24] Krist_Roscoe atadott 1,000,000Ft-ot neki: Edie_Morra
[17:12:34] Krist_Roscoe atadott 1,000,000Ft-ot neki: Edie_Morra
[17:13:17] Figyelem: Krist_Roscoe utalt neki: Edie_Morra, 12,000,000Ft-t!
[17:20:53] Cody_Aciano atadott 543,496Ft-ot neki: Keny_Da_Silva
[17:21:04] Ralf_S_Tomasso atadott 1,000,000Ft-ot neki: Joe_Gates
[17:21:51] Joe_Gates atadott 1,000,000Ft-ot neki: Ralf_S_Tomasso
[17:22:04] Keny_Da_Silva atadott 543,964Ft-ot neki: Denny_Toretto
[17:36:10] Leone_S_Tomasso atadott 3,500,000Ft-ot neki: Costa_Miles
[18:57:48] Santos_O_Neill atadott 100Ft-ot neki: Ryan_B_Mike
[19:02:11] Victor_Jr_Zecchin atadott 600,000Ft-ot neki: Ryan_Lennox
[19:04:36] Joe_Wheeler atadott 15,000Ft-ot neki: Ryan_B_Mike
[19:17:26] Figyelem: Norbert_L_Scaletta utalt neki: Don_Sorrentino, 78,309,060Ft-t!
[19:18:51] Figyelem: Don_Sorrentino utalt neki: Daniel_Scaletta, 7,600,000Ft-t!
[19:19:17] Figyelem: Don_Sorrentino utalt neki: Daniel_Scaletta, 50,000,000Ft-t!
[19:19:30] Figyelem: Don_Sorrentino utalt neki: Daniel_Scaletta, 9,000,000Ft-t!
[19:26:15] Freddie_B_Scaletta atadott 150,603Ft-ot neki: Norbert_L_Scaletta
[19:37:50] Markus_D_Zecchin atadott 1,000,000Ft-ot neki: Archie_B_Hollywood
[19:37:52] Markus_D_Zecchin atadott 1,000,000Ft-ot neki: Archie_B_Hollywood
[19:37:53] Markus_D_Zecchin atadott 1,000,000Ft-ot neki: Archie_B_Hollywood
[19:37:53] Markus_D_Zecchin atadott 1,000,000Ft-ot neki: Archie_B_Hollywood
[19:37:55] Markus_D_Zecchin atadott 1,000,000Ft-ot neki: Archie_B_Hollywood
[19:37:57] Markus_D_Zecchin atadott 1,000,000Ft-ot neki: Archie_B_Hollywood
[19:37:58] Markus_D_Zecchin atadott 1,000,000Ft-ot neki: Archie_B_Hollywood
[19:37:59] Markus_D_Zecchin atadott 1,000,000Ft-ot neki: Archie_B_Hollywood
[19:38:01] Markus_D_Zecchin atadott 1,000,000Ft-ot neki: Archie_B_Hollywood
[19:38:04] Markus_D_Zecchin atadott 1,000,000Ft-ot neki: Archie_B_Hollywood
[19:53:11] Gaspar_David atadott 10,000Ft-ot neki: Nagy_Richard
[20:46:32] John_Kelin atadott 1,000,000Ft-ot neki: Akos_B_Gates
[20:52:31] Krist_Roscoe atadott 1,000,000Ft-ot neki: Nagato_Brasco
[20:52:35] Krist_Roscoe atadott 10,000,000Ft-ot neki: Nagato_Brasco
[20:52:41] Krist_Roscoe atadott 1,370,000Ft-ot neki: Nagato_Brasco
[21:01:27] Henrik_Sedin atadott 1,805Ft-ot neki: Daniel_Sedin
[21:27:58] Cseh_Adam atadott 20,000Ft-ot neki: Oze_Roland
[21:29:59] Oze_Roland atadott 4,000Ft-ot neki: Cseh_Adam
[21:35:25] Figyelem: Marcel_B_Hollywood utalt neki: Darius_N_Ortega, 36,000,000Ft-t!
[23:30:35] Torres_Butler atadott 10,000Ft-ot neki: Ekaterina_Kurae
[23:34:21] Leone_S_Tomasso atadott 2,224,000Ft-ot neki: Costa_Miles
[23:35:16] Leone_S_Tomasso atadott 2,000,000Ft-ot neki: Costa_Miles
[23:35:35] Costa_Miles atadott 500,000Ft-ot neki: Leone_S_Tomasso
