[10:17:28] George_B_Hollywood atadott 300,000Ft-ot neki: Niki_Freeman
[11:09:11] Figyelem: Hizusu_Zisiku utalt neki: Kevin_L_Saltzman, 13,000,000Ft-t!
[11:27:46] Nico_Butler atadott 86Ft-ot neki: Kevin_S_Tomasso
[11:28:42] Nico_Butler atadott 1,238,446Ft-ot neki: Kevin_S_Tomasso
[11:47:01] Stefan_D_Zecchin atadott 76,923Ft-ot neki: Markus_D_Zecchin
[11:54:47] Travis_Dominguez atadott 3,800,000Ft-ot neki: Akos_B_Gates
[11:57:14] Akos_B_Gates atadott 1,100,000Ft-ot neki: John_Kelin
[11:57:37] John_Kelin atadott 150,000Ft-ot neki: Akos_B_Gates
[12:38:56] Markus_D_Zecchin atadott 1,000,000Ft-ot neki: Ventura_Zecchin
[12:38:57] Markus_D_Zecchin atadott 1,000,000Ft-ot neki: Ventura_Zecchin
[12:38:59] Markus_D_Zecchin atadott 1,000,000Ft-ot neki: Ventura_Zecchin
[12:39:00] Markus_D_Zecchin atadott 1,000,000Ft-ot neki: Ventura_Zecchin
[12:39:00] Markus_D_Zecchin atadott 1,000,000Ft-ot neki: Ventura_Zecchin
[12:39:01] Markus_D_Zecchin atadott 1,000,000Ft-ot neki: Ventura_Zecchin
[12:39:03] Markus_D_Zecchin atadott 1,000,000Ft-ot neki: Ventura_Zecchin
[12:39:04] Markus_D_Zecchin atadott 1,000,000Ft-ot neki: Ventura_Zecchin
[12:39:06] Markus_D_Zecchin atadott 1,000,000Ft-ot neki: Ventura_Zecchin
[12:39:35] Markus_D_Zecchin atadott 1,000,000Ft-ot neki: Ventura_Zecchin
[12:45:10] Zack_B_Zecchin atadott 600,000Ft-ot neki: Wolczyk_T_Sorrentino
[12:45:16] Zack_B_Zecchin atadott 600,000Ft-ot neki: Markus_D_Zecchin
[12:49:22] John_Kelin atadott 499,999Ft-ot neki: Akos_B_Gates
[13:25:17] John_Kelin atadott 1,000,000Ft-ot neki: Akos_B_Gates
[13:27:33] Figyelem: Stefan_D_Zecchin utalt neki: Ventura_Zecchin, 10,000,000Ft-t!
[13:32:25] Figyelem: Stefan_D_Zecchin utalt neki: Ventura_Zecchin, 10,000,000Ft-t!
[13:40:18] Paul_Escobar atadott 4,500,000Ft-ot neki: Vito_D_Brasco
[13:44:17] Rick_Aciano atadott 5,000,000Ft-ot neki: Paul_Escobar
[13:45:59] Jason_Aciano atadott 5,000,000Ft-ot neki: Paul_Escobar
[13:47:08] Cody_Aciano atadott 5,000,000Ft-ot neki: Paul_Escobar
[13:47:11] Cody_Aciano atadott 1Ft-ot neki: Paul_Escobar
[13:53:02] Fekete_Erik atadott 400,000Ft-ot neki: Earl_Fooster
[14:33:14] Stefan_Berger atadott 100,000Ft-ot neki: Paul_D_Cortez
[14:33:15] Stefan_Berger atadott 100,000Ft-ot neki: Paul_D_Cortez
[14:33:18] Stefan_Berger atadott 100,000Ft-ot neki: Paul_D_Cortez
[14:33:20] Stefan_Berger atadott 100,000Ft-ot neki: Paul_D_Cortez
[14:40:11] Cody_Aciano atadott 120,000Ft-ot neki: Jason_Aciano
[14:42:31] Jason_Aciano atadott 24,000Ft-ot neki: Cody_Aciano
[14:46:35] Cody_Aciano atadott 36,000Ft-ot neki: Jason_Aciano
[15:02:11] Figyelem: Chris_S_Black utalt neki: Johan_B_Black, 10,000,000Ft-t!
[15:37:16] George_B_Hollywood atadott 1,000,000Ft-ot neki: Victor_Gonzales
[15:51:58] John_Salivan atadott 8,600,000Ft-ot neki: Costa_Miles
[15:52:33] Costa_Miles atadott 600,000Ft-ot neki: John_Salivan
[15:52:47] Costa_Miles atadott 200,000Ft-ot neki: John_Salivan
[15:59:25] Stefan_Berger atadott 200,000Ft-ot neki: Atsuya_D_Freeman
[16:00:02] Akos_Vincenzo atadott 3,475,000Ft-ot neki: Levy_B_Hollywood
[16:00:06] Akos_Vincenzo atadott 3,475,000Ft-ot neki: Jason_B_Hollywood
[16:35:06] Henry_Tomasino atadott 1,000Ft-ot neki: Max_Sorrentino
[16:49:43] Ryan_Lennox atadott 8,000Ft-ot neki: Betty_O_Neill
[18:26:38] Henrik_T_Scaletta atadott 3,000,000Ft-ot neki: Nelson_Washington
[18:36:01] Lily_Miles atadott 1,000,000Ft-ot neki: Brittney_Miles
[18:37:17] Brittney_Miles atadott 500,000Ft-ot neki: Frank_Smatt
[18:49:20] Edie_Morra atadott 1Ft-ot neki: Krist_Roscoe
[18:56:22] Figyelem: Krist_Roscoe utalt neki: Edie_Morra, 44,000,000Ft-t!
[18:56:27] Stefan_D_Zecchin atadott 10,000,000Ft-ot neki: Markus_D_Zecchin
[18:56:27] Stefan_D_Zecchin atadott 10,000,000Ft-ot neki: Markus_D_Zecchin
[18:56:29] Stefan_D_Zecchin atadott 10,000,000Ft-ot neki: Markus_D_Zecchin
[18:56:31] Stefan_D_Zecchin atadott 10,000,000Ft-ot neki: Markus_D_Zecchin
[18:56:32] Stefan_D_Zecchin atadott 10,000,000Ft-ot neki: Markus_D_Zecchin
[18:56:33] Stefan_D_Zecchin atadott 10,000,000Ft-ot neki: Markus_D_Zecchin
[18:56:35] Stefan_D_Zecchin atadott 10,000,000Ft-ot neki: Markus_D_Zecchin
[18:56:36] Stefan_D_Zecchin atadott 10,000,000Ft-ot neki: Markus_D_Zecchin
[18:56:39] Stefan_D_Zecchin atadott 10,000,000Ft-ot neki: Markus_D_Zecchin
[18:56:40] Stefan_D_Zecchin atadott 10,000,000Ft-ot neki: Markus_D_Zecchin
[19:06:37] Markus_D_Zecchin atadott 10,000,000Ft-ot neki: Mark_B_Hollywood
[19:06:38] Markus_D_Zecchin atadott 10,000,000Ft-ot neki: Mark_B_Hollywood
[19:06:41] Markus_D_Zecchin atadott 10,000,000Ft-ot neki: Mark_B_Hollywood
[19:06:43] Markus_D_Zecchin atadott 10,000,000Ft-ot neki: Mark_B_Hollywood
[19:06:44] Markus_D_Zecchin atadott 10,000,000Ft-ot neki: Mark_B_Hollywood
[19:07:16] Steve_Aoki atadott 500Ft-ot neki: Sergei_B_Dueno
[19:18:15] Figyelem: Stefan_D_Zecchin utalt neki: Ventura_Zecchin, 40,000,000Ft-t!
[19:25:46] Nick_F_Gates atadott 1,000,000Ft-ot neki: Nick_R_Wilson
[19:28:23] Thomas_Berzerk atadott 4,500,000Ft-ot neki: Stefan_Berger
[19:28:43] Thomas_Berzerk atadott 4,500,000Ft-ot neki: Mark_Bishop
[19:28:57] Thomas_Berzerk atadott 4,500,000Ft-ot neki: Charlie_Leanders
[19:29:04] Thomas_Berzerk atadott 500,000Ft-ot neki: Charlie_Leanders
[19:29:15] Thomas_Berzerk atadott 5,000,000Ft-ot neki: Horvath_Adrian
[19:34:23] Cseh_Adam atadott 4,000Ft-ot neki: Oze_Roland
[19:34:34] Cseh_Adam atadott 4,000Ft-ot neki: Oze_Roland
[19:34:48] Figyelem: Damien_Creed utalt neki: Johny_Morales, 8,000,000Ft-t!
[19:47:22] Lorand_Vincenzo atadott 516,000Ft-ot neki: Joker_Creed
[19:56:09] Max_Sorrentino atadott 6,000,000Ft-ot neki: Matt_Creed
[20:48:05] Darthy_M_Stillenacht atadott 100,000Ft-ot neki: Dom_Wheeler
[20:48:13] Darthy_M_Stillenacht atadott 73,875Ft-ot neki: Dom_Wheeler
[21:02:52] Figyelem: Dennis_Scaletta utalt neki: Rayle_Q_Dueno, 80,000,000Ft-t!
[21:20:07] Matt_Creed atadott 90,000Ft-ot neki: Chris_S_Black
[21:20:39] Chris_S_Black atadott 90,000Ft-ot neki: Matt_Creed
[23:47:56] Matt_Creed átadott valakinek 90,000Ft-ot
