[09:41:35] Dave_R_Vincenzo atadott 23Ft-ot neki: Joe_Surenos
[09:53:13] Frank_Bianchi atadott 2,000Ft-ot neki: Joe_Surenos
[09:53:19] Frank_Bianchi atadott 18,000Ft-ot neki: Joe_Surenos
[10:34:34] Atsuya_D_Freeman atadott 861Ft-ot neki: Kevin_S_Tomasso
[11:04:57] Valor_Colin atadott 50,000Ft-ot neki: Strong_D_Black
[12:10:56] Stefan_Berger atadott 100,000Ft-ot neki: Darius_N_Ortega
[12:12:43] Darius_N_Ortega atadott 100,000Ft-ot neki: Stefan_Berger
[12:14:59] Stefan_Berger atadott 75,344Ft-ot neki: Darius_N_Ortega
[12:16:27] Thomas_Berzerk atadott 10,000Ft-ot neki: Darius_N_Ortega
[12:36:18] Tyler_Wish atadott 200,000Ft-ot neki: Akos_White
[12:36:22] Tyler_Wish atadott 200,000Ft-ot neki: Joker_Creed
[12:40:13] Don_Sorrentino atadott 10,000,000Ft-ot neki: Ralf_S_Tomasso
[12:40:16] Don_Sorrentino atadott 10,000,000Ft-ot neki: Ralf_S_Tomasso
[12:40:19] Don_Sorrentino atadott 10,000,000Ft-ot neki: Ralf_S_Tomasso
[12:40:21] Don_Sorrentino atadott 10,000,000Ft-ot neki: Ralf_S_Tomasso
[12:40:24] Don_Sorrentino atadott 10,000,000Ft-ot neki: Ralf_S_Tomasso
[13:12:05] Elwood_JR_Sorrentino atadott 7,000,000Ft-ot neki: Costa_Miles
[13:21:01] Figyelem: Archie_B_Hollywood utalt neki: Bryan_B_Hollywood, 100,000,000Ft-t!
[13:32:49] Elwood_JR_Sorrentino atadott 1,400,000Ft-ot neki: Costa_Miles
[13:40:16] Ryan_Lennox atadott 5,700,000Ft-ot neki: Costa_Miles
[13:51:50] Figyelem: Lucio_Zecchin utalt neki: Lorand_Vincenzo, 12,000,000Ft-t!
[13:52:22] Figyelem: Lorand_Vincenzo utalt neki: Lucio_Zecchin, 11,500,000Ft-t!
[14:45:57] Gyorgy_Boyka atadott 52,536Ft-ot neki: Leone_Thomasino
[14:46:05] Gyorgy_Boyka atadott 52,536Ft-ot neki: Leone_Thomasino
[14:46:07] Gyorgy_Boyka atadott 52,536Ft-ot neki: Leone_Thomasino
[14:46:16] Gyorgy_Boyka atadott 100,000Ft-ot neki: Leone_Thomasino
[14:46:17] Gyorgy_Boyka atadott 100,000Ft-ot neki: Leone_Thomasino
[14:46:17] Gyorgy_Boyka atadott 100,000Ft-ot neki: Leone_Thomasino
[14:46:22] Gyorgy_Boyka atadott 40,000Ft-ot neki: Leone_Thomasino
[14:46:25] Gyorgy_Boyka atadott 20,000Ft-ot neki: Leone_Thomasino
[14:46:36] Gyorgy_Boyka atadott 7,753Ft-ot neki: Leone_Thomasino
[14:57:14] Figyelem: Lucio_Zecchin utalt neki: Calvin_C_Broadus, 7,000,000Ft-t!
[14:58:45] Stefan_Berger atadott 49Ft-ot neki: Nelson_Washington
[14:58:47] Stefan_Berger atadott 49,000Ft-ot neki: Nelson_Washington
[14:59:15] Nelson_Washington atadott 49,049Ft-ot neki: Henrik_T_Scaletta
[16:30:47] Henrik_Sedin atadott 30,000Ft-ot neki: Kevin_Whers
[16:35:06] Henrik_T_Scaletta atadott 6,000,000Ft-ot neki: Steve_J_Sorrentino
[16:51:17] Figyelem: Steve_J_Sorrentino utalt neki: Robert_Scaletta, 8,000,000Ft-t!
[17:01:13] Valor_Colin atadott 360,000Ft-ot neki: Joe_Surenos
[17:01:23] Valor_Colin atadott 100,000Ft-ot neki: Joe_Surenos
[17:01:31] Joe_Surenos atadott 80,000Ft-ot neki: Cseszka_R_Davidson
[17:01:46] Cseszka_R_Davidson atadott 60,000Ft-ot neki: Joe_Surenos
[17:01:58] Joe_Surenos atadott 50,000Ft-ot neki: Cseszka_R_Davidson
[17:22:04] Matt_Creed atadott 2,000,000Ft-ot neki: Krist_Roscoe
[17:28:29] Figyelem: Jason_Toretto utalt neki: Jin_Sorrentino, 9,999,999Ft-t!
[17:34:14] Joe_Surenos atadott 450,000Ft-ot neki: Cseszka_R_Davidson
[18:14:59] Akos_B_Gates atadott 5,000Ft-ot neki: John_Kelin
[18:26:32] John_Salivan atadott 4,700,000Ft-ot neki: Steve_J_Sorrentino
[18:27:18] Kiraly_Viktor atadott 120,000Ft-ot neki: Mate_Richard
[18:29:00] Mate_Richard atadott 2,000Ft-ot neki: Kiraly_Viktor
[18:45:15] Fekete_Erik atadott 37,406Ft-ot neki: Steve_J_Sorrentino
[18:59:26] Mate_Richard atadott 100,000Ft-ot neki: Kiraly_Viktor
[20:13:33] Nadasi_Gyorgy atadott 340,000Ft-ot neki: Joe_Walker
[20:19:38] Henrik_Sedin atadott 3,904Ft-ot neki: Paul_D_Cortez
[20:35:19] Henrik_T_Scaletta atadott 2,520,000Ft-ot neki: Costa_Miles
[21:05:05] Antonn_Fedorov atadott 1,654,948Ft-ot neki: Ralf_S_Tomasso
[21:14:49] Ryder_T_Zecchin atadott 1,075,952Ft-ot neki: Joe_Surenos
[21:15:09] Joe_Surenos atadott 400,000Ft-ot neki: Ryder_T_Zecchin
[21:15:22] Joe_Surenos atadott 150,000Ft-ot neki: Cseszka_R_Davidson
[21:41:41] Marcell_O_Neill atadott 100,000Ft-ot neki: Rick_Aciano
[21:42:26] Marcell_O_Neill atadott 50,000Ft-ot neki: Chris_S_Black
[22:01:03] Nick_Vitale atadott 100,000Ft-ot neki: William_Cortez
[22:12:28] Krist_Roscoe atadott 36,000Ft-ot neki: Costa_Miles
[23:16:26] Damien_Creed atadott 37,406Ft-ot neki: Marcel_B_Hollywood
[23:33:52] Figyelem: Marcel_B_Hollywood utalt neki: Chris_D_Black, 40,000,000Ft-t!
[23:50:21] Figyelem: Jason_Toretto utalt neki: Marcel_B_Hollywood, 44,999,999Ft-t!
