[01:31:56] Figyelem: Levy_B_Hollywood utalt neki: Johny_Morales, 13,000,000Ft-t!
[01:34:42] Hizusu_Zisiku átadott valakinek 20,000Ft-ot
[02:18:01] Jhonny_Carlos_Tapia atadott 30,000Ft-ot neki: Frank_Cadillac
[02:19:08] Frank_Cadillac átadott valakinek 30,000Ft-ot
[02:37:11] Jeff_Jefferson átadott valakinek 20,000Ft-ot
[03:25:08] Jeff_Jefferson átadott valakinek 8,000Ft-ot
[03:27:33] Jeff_Jefferson átadott valakinek 20,000Ft-ot
[08:16:55] Szabo_Balazs átadott valakinek 60,000Ft-ot
[08:39:11] Tyler_Wish átadott valakinek 516,011Ft-ot
[08:39:24] Tyler_Wish átadott valakinek 2,000Ft-ot
[08:39:34] Tyler_Wish átadott valakinek 1,000Ft-ot
[09:41:25] Paul_Escobar átadott valakinek 1,100,000Ft-ot
[09:44:10] Antonn_Fedorov átadott valakinek 1,500Ft-ot
[09:56:44] Stefan_D_Zecchin átadott valakinek 50,000Ft-ot
[09:56:51] Stefan_D_Zecchin átadott valakinek 50,000Ft-ot
[10:43:14] Ryan_B_Mike atadott 21Ft-ot neki: Kazuyoshi_Akira
[10:43:41] Ryan_B_Mike atadott 50,000Ft-ot neki: Kazuyoshi_Akira
[11:13:47] Kazuyoshi_Akira átadott valakinek 500,000Ft-ot
[11:50:31] Mester_Csaba átadott valakinek 2,046,288Ft-ot
[12:03:13] Figyelem: Darius_N_Ortega utalt neki: Tyler_Wish, 30,000,000Ft-t!
[12:30:02] Pablo_S_Carcassone atadott 1,000Ft-ot neki: Damien_Q_Carcassone
[12:57:58] Siska_Finuccsi átadott valakinek 248,262Ft-ot
[13:39:17] Figyelem: Jason_Aciano utalt neki: Oliver_Aciano, 7,765,299Ft-t!
[13:57:04] Paul_Escobar átadott valakinek 1,800,000Ft-ot
[14:03:30] Randy_Brasco atadott 100,000Ft-ot neki: Henry_Tomasino
[14:03:32] Randy_Brasco atadott 100,000Ft-ot neki: Henry_Tomasino
[14:11:15] Harold_Gates átadott valakinek 10,000,000Ft-ot
[14:11:17] Harold_Gates átadott valakinek 10,000,000Ft-ot
[14:11:21] Harold_Gates átadott valakinek 2,000,000Ft-ot
[14:13:42] Figyelem: Oliver_Aciano utalt neki: Rick_Aciano, 7,000,000Ft-t!
[14:33:58] Kazuyoshi_Akira átadott valakinek 400,000Ft-ot
[14:34:26] Joker_Creed átadott valakinek 158,400Ft-ot
[14:43:56] Patrick_Zecchin átadott valakinek 500,000Ft-ot
[14:44:00] Patrick_Zecchin átadott valakinek 500,000Ft-ot
[14:50:01] Carlos_D_Garcia atadott 100,000Ft-ot neki: Joe_Wheeler
[14:50:03] Carlos_D_Garcia atadott 100,000Ft-ot neki: Joe_Wheeler
[14:50:05] Carlos_D_Garcia atadott 100,000Ft-ot neki: Joe_Wheeler
[14:50:07] Carlos_D_Garcia atadott 100,000Ft-ot neki: Joe_Wheeler
[14:50:19] Carlos_D_Garcia atadott 70,000Ft-ot neki: Joe_Wheeler
[14:56:48] Henry_Tomasino átadott valakinek 2,260,000Ft-ot
[15:13:46] Joker_Creed átadott valakinek 113,828Ft-ot
[15:15:11] Kazuyoshi_Akira átadott valakinek 113,828Ft-ot
[15:15:44] Kazuyoshi_Akira átadott valakinek 40,000Ft-ot
[15:31:48] Oliver_Hizrics átadott valakinek 50,000Ft-ot
[15:32:08] Zsori_Sandor átadott valakinek 50,000Ft-ot
[15:45:36] Henrik_T_Scaletta átadott valakinek 10,000,000Ft-ot
[15:45:43] Henrik_T_Scaletta átadott valakinek 2,870,000Ft-ot
[15:46:39] Mikhail_Bratislav átadott valakinek 150,000Ft-ot
[15:50:37] Kevin_L_Saltzman átadott valakinek 1,235,000Ft-ot
[15:58:35] Kazuyoshi_Akira átadott valakinek 200,000Ft-ot
[16:59:26] Oliver_Hizrics átadott valakinek 50,000Ft-ot
[16:59:36] Akos_Vincenzo átadott valakinek 50,000Ft-ot
[17:13:39] Mikhail_Bratislav átadott valakinek 980,000Ft-ot
[17:23:51] Leone_S_Tomasso átadott valakinek 525,000Ft-ot
[17:25:55] Pablo_S_Carcassone átadott valakinek 6,637Ft-ot
[17:27:57] Henrik_T_Scaletta átadott valakinek 1,000,000Ft-ot
[17:55:36] John_Salivan átadott valakinek 60,000Ft-ot
[18:06:38] George_B_Hollywood átadott valakinek 10,000,000Ft-ot
[18:06:42] George_B_Hollywood átadott valakinek 10,000,000Ft-ot
[18:06:45] George_B_Hollywood átadott valakinek 10,000,000Ft-ot
[18:06:56] George_B_Hollywood átadott valakinek 3,500,000Ft-ot
[18:19:13] Ryder_B_Dueno átadott valakinek 6,000Ft-ot
[18:29:06] Jack_Thomson atadott 12,000Ft-ot neki: Kiraly_Viktor
[18:43:08] Jason_B_Hollywood átadott valakinek 10,000,000Ft-ot
[18:43:08] Jason_B_Hollywood átadott valakinek 10,000,000Ft-ot
[18:43:28] Jason_B_Hollywood átadott valakinek 5,000,000Ft-ot
[19:12:59] Freddie_B_Scaletta átadott valakinek 37,238Ft-ot
[19:20:23] Thomas_Berzerk átadott valakinek 500,000Ft-ot
[19:22:47] Kiraly_Tamas átadott valakinek 100,000Ft-ot
[19:24:14] Mark_Bishop átadott valakinek 6,000Ft-ot
[19:29:09] Mike_O_Neill átadott valakinek 1,496Ft-ot
[19:31:16] Nick_R_Wilson átadott valakinek 160,000Ft-ot
[19:42:12] Santos_O_Neill átadott valakinek 5,000,000Ft-ot
[20:02:07] Oliver_Hizrics átadott valakinek 200Ft-ot
[20:11:37] Zsori_Sandor átadott valakinek 177,200Ft-ot
[21:01:55] Ralf_S_Tomasso átadott valakinek 350,000Ft-ot
[21:08:09] Yamato_Bosco atadott 40,000Ft-ot neki: Gyorgy_Boyka
[21:17:41] Kristaly_Zoltan átadott valakinek 149,000Ft-ot
[21:19:47] Kiraly_Hunor átadott valakinek 149,000Ft-ot
[21:26:39] Nadasi_Gyorgy átadott valakinek 3,700,000Ft-ot
[21:39:13] Figyelem: Kiraly_Viktor utalt neki: Jack_Thomson, 6,000,000Ft-t!
[22:04:02] Damien_Q_Carcassone átadott valakinek 150,000Ft-ot
[22:07:20] Figyelem: Don_Sorrentino utalt neki: Rick_Aciano, 15,500,000Ft-t!
[22:09:19] John_Salivan átadott valakinek 143,000Ft-ot
[22:34:20] Darius_N_Ortega átadott valakinek 300,000Ft-ot
[22:34:35] Dom_Wheeler átadott valakinek 50,000Ft-ot
[22:34:39] Tyler_Wish átadott valakinek 500,000Ft-ot
[22:36:37] Figyelem: Jack_Thomson utalt neki: Kiraly_Viktor, 5,400,000Ft-t!
[22:55:27] Rick_Aciano átadott valakinek 100,000Ft-ot
[22:57:12] Dom_Wheeler átadott valakinek 75,000Ft-ot
[23:00:11] Dom_Wheeler átadott valakinek 100,000Ft-ot
[23:02:03] Dom_Wheeler átadott valakinek 100,000Ft-ot
[23:03:05] John_Salivan átadott valakinek 100,000Ft-ot
[23:03:09] John_Salivan átadott valakinek 100,000Ft-ot
[23:50:05] Costa_Miles átadott valakinek 225,000Ft-ot
