[00:37:55] Dominic_Vincenzo atadott 46,580Ft-ot neki: Antonn_Fedorov
[00:37:58] Dominic_Vincenzo atadott 46,580Ft-ot neki: Krisztofer_Vincenzo
[00:38:02] Dominic_Vincenzo atadott 46,580Ft-ot neki: Yamato_Bosco
[02:43:53] Marcell_O_Neill atadott 1Ft-ot neki: Torres_Butler
[10:23:59] Kazuyoshi_Akira atadott 80,000Ft-ot neki: Valor_Colin
[10:24:16] Max_D_Freeman atadott 100,000Ft-ot neki: Valor_Colin
[10:27:42] Kevin_R_Sorrentino atadott 99,978Ft-ot neki: John_Salivan
[10:27:49] Max_D_Freeman atadott 60,000Ft-ot neki: Kazuyoshi_Akira
[11:04:35] Stefan_Berger atadott 100,000Ft-ot neki: Paul_D_Cortez
[11:04:36] Stefan_Berger atadott 100,000Ft-ot neki: Paul_D_Cortez
[11:04:39] Stefan_Berger atadott 100,000Ft-ot neki: Paul_D_Cortez
[11:04:45] Stefan_Berger atadott 50,000Ft-ot neki: Paul_D_Cortez
[11:07:16] Victor_Jr_Zecchin atadott 513,959Ft-ot neki: Tyler_Wish
[12:08:22] Harold_G_Freeman atadott 10,000Ft-ot neki: Bentner_K_White
[12:08:58] Krist_Roscoe atadott 10,000,000Ft-ot neki: Ralf_S_Tomasso
[12:08:59] Krist_Roscoe atadott 10,000,000Ft-ot neki: Ralf_S_Tomasso
[12:09:00] Krist_Roscoe atadott 10,000,000Ft-ot neki: Ralf_S_Tomasso
[12:09:04] Krist_Roscoe atadott 5,000,000Ft-ot neki: Ralf_S_Tomasso
[12:11:07] Ralf_S_Tomasso atadott 1,750,000Ft-ot neki: Kevin_S_Tomasso
[12:11:23] Kevin_S_Tomasso atadott 1,750,000Ft-ot neki: Ralf_S_Tomasso
[12:11:24] Ralf_S_Tomasso atadott 10,000,000Ft-ot neki: Kevin_S_Tomasso
[12:11:34] Ralf_S_Tomasso atadott 7,500,000Ft-ot neki: Kevin_S_Tomasso
[12:15:23] Fekete_Erik atadott 400,000Ft-ot neki: Earl_Fooster
[12:28:30] Markus_D_Zecchin atadott 50,000Ft-ot neki: Mark_B_Hollywood
[12:47:00] Victor_Jr_Zecchin atadott 300,000Ft-ot neki: James_D_Freeman
[13:02:05] James_D_Freeman atadott 400,000Ft-ot neki: Aldo_B_Dueno
[13:04:47] Dave_Stinson atadott 10,000Ft-ot neki: Gaspar_David
[13:18:44] Harold_G_Freeman atadott 11,000Ft-ot neki: Bentner_K_White
[13:23:44] Rachel_Brasco atadott 10,000,000Ft-ot neki: Milinte_Brasco
[13:23:46] Rachel_Brasco atadott 10,000,000Ft-ot neki: Milinte_Brasco
[13:23:52] Rachel_Brasco atadott 9,617,678Ft-ot neki: Milinte_Brasco
[13:24:39] Dwight_Teedog payed 4990Ft to enter biz 2
[13:40:06] Milinte_Brasco atadott 30,000Ft-ot neki: Diaz_Freeman
[13:40:59] Dominic_Vincenzo atadott 150,000Ft-ot neki: James_Creed
[13:46:41] Milinte_Brasco atadott 30,000Ft-ot neki: Diaz_Freeman
[13:55:39] Ray_Washington atadott 100,000Ft-ot neki: Oliver_Hizrics
[13:55:43] Ray_Washington atadott 8,000Ft-ot neki: Oliver_Hizrics
[14:06:57] Mark_B_Hollywood atadott 10,000,000Ft-ot neki: Markus_D_Zecchin
[14:06:59] Mark_B_Hollywood atadott 10,000,000Ft-ot neki: Markus_D_Zecchin
[14:07:03] Mark_B_Hollywood atadott 10,000,000Ft-ot neki: Markus_D_Zecchin
[14:07:06] Mark_B_Hollywood atadott 2,000,000Ft-ot neki: Markus_D_Zecchin
[14:30:15] Stefan_Berger atadott 100,000Ft-ot neki: Paul_D_Cortez
[14:30:16] Stefan_Berger atadott 100,000Ft-ot neki: Paul_D_Cortez
[14:30:17] Stefan_Berger atadott 100,000Ft-ot neki: Paul_D_Cortez
[14:30:22] Stefan_Berger atadott 50,000Ft-ot neki: Paul_D_Cortez
[14:34:16] Kevin_R_Sorrentino atadott 137,485Ft-ot neki: Thomas_Davis
[14:38:50] James_Creed atadott 1Ft-ot neki: Dominic_Vincenzo
[14:43:49] James_Creed atadott 1Ft-ot neki: Dominic_Vincenzo
[14:51:15] Jimmy_Doherty atadott 30,000Ft-ot neki: Joker_Creed
[15:34:59] Joe_Surenos atadott 60,000Ft-ot neki: Ryder_T_Zecchin
[15:35:08] Joe_Surenos atadott 60,000Ft-ot neki: Tom_D_Wayne
[15:35:15] Joe_Surenos atadott 60,000Ft-ot neki: Kazuyoshi_Akira
[15:35:31] Joe_Surenos atadott 60,000Ft-ot neki: Valor_Colin
[15:39:52] Mark_B_Hollywood atadott 2,000,000Ft-ot neki: Antonn_Fedorov
[15:40:20] Mark_B_Hollywood atadott 500,000Ft-ot neki: Antonn_Fedorov
[15:52:13] John_Kelin atadott 500,000Ft-ot neki: Akos_B_Gates
[16:02:51] Betty_O_Neill atadott 20,000Ft-ot neki: Jimmy_Doherty
[16:15:22] Betty_O_Neill atadott 35,442Ft-ot neki: Jimmy_Doherty
[16:15:32] Jimmy_Doherty atadott 50,000Ft-ot neki: Betty_O_Neill
[16:17:14] Betty_O_Neill atadott 50,000Ft-ot neki: Jimmy_Doherty
[16:17:24] Jimmy_Doherty atadott 53,000Ft-ot neki: Betty_O_Neill
[17:15:33] Edie_Morra atadott 100,000Ft-ot neki: Henrik_T_Scaletta
[17:15:34] Edie_Morra atadott 100,000Ft-ot neki: Henrik_T_Scaletta
[17:15:35] Edie_Morra atadott 100,000Ft-ot neki: Henrik_T_Scaletta
[17:15:36] Edie_Morra atadott 100,000Ft-ot neki: Henrik_T_Scaletta
[17:15:39] Edie_Morra atadott 100,000Ft-ot neki: Henrik_T_Scaletta
[17:15:40] Edie_Morra atadott 100,000Ft-ot neki: Henrik_T_Scaletta
[17:15:41] Edie_Morra atadott 100,000Ft-ot neki: Henrik_T_Scaletta
[17:15:41] Edie_Morra atadott 100,000Ft-ot neki: Henrik_T_Scaletta
[17:15:42] Edie_Morra atadott 100,000Ft-ot neki: Henrik_T_Scaletta
[17:15:43] Edie_Morra atadott 100,000Ft-ot neki: Henrik_T_Scaletta
[17:15:44] Edie_Morra atadott 100,000Ft-ot neki: Henrik_T_Scaletta
[17:15:44] Edie_Morra atadott 100,000Ft-ot neki: Henrik_T_Scaletta
[17:15:45] Edie_Morra atadott 100,000Ft-ot neki: Henrik_T_Scaletta
[17:15:46] Edie_Morra atadott 100,000Ft-ot neki: Henrik_T_Scaletta
[17:15:46] Edie_Morra atadott 100,000Ft-ot neki: Henrik_T_Scaletta
[17:15:49] Edie_Morra atadott 100,000Ft-ot neki: Henrik_T_Scaletta
[17:15:50] Edie_Morra atadott 100,000Ft-ot neki: Henrik_T_Scaletta
[17:15:51] Edie_Morra atadott 100,000Ft-ot neki: Henrik_T_Scaletta
[17:15:52] Edie_Morra atadott 100,000Ft-ot neki: Henrik_T_Scaletta
[17:15:53] Edie_Morra atadott 100,000Ft-ot neki: Henrik_T_Scaletta
[17:15:54] Edie_Morra atadott 100,000Ft-ot neki: Henrik_T_Scaletta
[17:15:55] Edie_Morra atadott 100,000Ft-ot neki: Henrik_T_Scaletta
[17:15:55] Edie_Morra atadott 100,000Ft-ot neki: Henrik_T_Scaletta
[17:15:56] Edie_Morra atadott 100,000Ft-ot neki: Henrik_T_Scaletta
[17:15:57] Edie_Morra atadott 100,000Ft-ot neki: Henrik_T_Scaletta
[17:16:14] Edie_Morra atadott 10,000,000Ft-ot neki: Henrik_T_Scaletta
[17:16:16] Edie_Morra atadott 10,000,000Ft-ot neki: Henrik_T_Scaletta
[17:16:17] Edie_Morra atadott 10,000,000Ft-ot neki: Henrik_T_Scaletta
[17:16:23] Edie_Morra atadott 250,000Ft-ot neki: Henrik_T_Scaletta
[17:16:25] Edie_Morra atadott 250,000Ft-ot neki: Henrik_T_Scaletta
[17:16:25] Edie_Morra atadott 250,000Ft-ot neki: Henrik_T_Scaletta
[17:16:26] Edie_Morra atadott 250,000Ft-ot neki: Henrik_T_Scaletta
[17:16:27] Edie_Morra atadott 250,000Ft-ot neki: Henrik_T_Scaletta
[17:16:28] Edie_Morra atadott 250,000Ft-ot neki: Henrik_T_Scaletta
[17:16:30] Edie_Morra atadott 250,000Ft-ot neki: Henrik_T_Scaletta
[17:16:31] Edie_Morra atadott 250,000Ft-ot neki: Henrik_T_Scaletta
[17:16:32] Edie_Morra atadott 250,000Ft-ot neki: Henrik_T_Scaletta
[17:16:33] Edie_Morra atadott 250,000Ft-ot neki: Henrik_T_Scaletta
[17:17:45] Henrik_T_Scaletta atadott 10,000,000Ft-ot neki: Jason_Toretto
[17:17:47] Henrik_T_Scaletta atadott 10,000,000Ft-ot neki: Jason_Toretto
[17:17:48] Henrik_T_Scaletta atadott 10,000,000Ft-ot neki: Jason_Toretto
[17:17:52] Henrik_T_Scaletta atadott 5,000,000Ft-ot neki: Jason_Toretto
[17:27:49] Kazuyoshi_Akira atadott 30,000Ft-ot neki: Mate_Richard
[17:30:31] Mate_Richard atadott 30,000Ft-ot neki: Kazuyoshi_Akira
[17:30:59] Kazuyoshi_Akira atadott 30,000Ft-ot neki: Mate_Richard
[18:00:22] Henrik_T_Scaletta atadott 2,580,000Ft-ot neki: Steve_J_Sorrentino
[18:03:30] Victor_Jr_Zecchin atadott 30,000Ft-ot neki: Thomas_Berzerk
[18:24:57] Edie_Morra atadott 1,000,000Ft-ot neki: Costa_Miles
[18:25:04] Edie_Morra atadott 1,000,000Ft-ot neki: Costa_Miles
[18:25:06] Edie_Morra atadott 1,000,000Ft-ot neki: Costa_Miles
[18:25:07] Edie_Morra atadott 1,000,000Ft-ot neki: Costa_Miles
[18:25:07] Edie_Morra atadott 1,000,000Ft-ot neki: Costa_Miles
[18:25:08] Edie_Morra atadott 1,000,000Ft-ot neki: Costa_Miles
[18:25:08] Edie_Morra atadott 1,000,000Ft-ot neki: Costa_Miles
[18:26:54] Edie_Morra atadott 10,000,000Ft-ot neki: Costa_Miles
[18:26:55] Edie_Morra atadott 10,000,000Ft-ot neki: Costa_Miles
[18:26:57] Edie_Morra atadott 10,000,000Ft-ot neki: Costa_Miles
[18:26:58] Edie_Morra atadott 10,000,000Ft-ot neki: Costa_Miles
[18:27:09] Edie_Morra atadott 10,000,000Ft-ot neki: Costa_Miles
[18:27:11] Edie_Morra atadott 10,000,000Ft-ot neki: Costa_Miles
[18:27:25] Edie_Morra atadott 10,000,000Ft-ot neki: Costa_Miles
[18:37:09] Sidney_Tribiani atadott 1,326,200Ft-ot neki: Kevin_S_Tomasso
[18:37:52] Antonn_Fedorov atadott 84,131Ft-ot neki: Oliver_Hizrics
[18:38:10] Thomas_Berzerk atadott 10,000Ft-ot neki: Mark_Bishop
[19:05:42] Greg_S_Sureyya atadott 109,000Ft-ot neki: Jasen_T_Asad
[19:31:20] Danno_Derossi atadott 20,000Ft-ot neki: Raylyel_Isver
[19:40:29] Joe_Surenos atadott 30,000Ft-ot neki: Jerry_Hooward
[19:40:58] Jerry_Hooward payed 0Ft to enter biz 1
[19:49:31] John_Salivan atadott 3,000,000Ft-ot neki: Steve_J_Sorrentino
[19:50:06] Joe_Surenos atadott 40,000Ft-ot neki: Jerry_Hooward
[20:11:03] George_B_Hollywood atadott 50,000Ft-ot neki: Victor_Gonzales
[20:11:20] George_B_Hollywood atadott 50,000Ft-ot neki: Victor_Gonzales
[20:32:22] George_B_Hollywood atadott 138,000Ft-ot neki: Victor_Gonzales
[20:32:36] Joe_Surenos atadott 30,000Ft-ot neki: Jerry_Hooward
[20:35:05] Charlie_Harper atadott 3,000Ft-ot neki: Jasen_T_Asad
[21:07:55] Kazuyoshi_Akira atadott 2,000Ft-ot neki: Emanuel_Garcia
[21:10:18] Victor_Jr_Zecchin atadott 600,000Ft-ot neki: James_D_Freeman
[21:25:35] Kazuyoshi_Akira atadott 5,000Ft-ot neki: Dukai_Roland
[21:53:52] Jasen_T_Asad atadott 500Ft-ot neki: Charlie_Harper
[21:54:07] Jasen_T_Asad atadott 5Ft-ot neki: Charlie_Harper
[22:32:20] Darius_N_Ortega atadott 250,000Ft-ot neki: Norbert_N_Ortega
[22:34:26] Damien_Creed atadott 600,000Ft-ot neki: Krisztofer_Vincenzo
[22:47:12] Sergei_B_Dueno atadott 1,000,000Ft-ot neki: Ryder_T_Zecchin
[22:51:41] Ryder_T_Zecchin atadott 5Ft-ot neki: James_D_Ryan
[22:51:47] Ryder_T_Zecchin atadott 500,000Ft-ot neki: James_D_Ryan
[22:53:48] John_Kelin atadott 2,300,000Ft-ot neki: Akos_B_Gates
[23:04:13] James_D_Ryan atadott 10,000Ft-ot neki: Thomas_Davis
[23:04:30] Ryder_T_Zecchin atadott 100,000Ft-ot neki: Thomas_Davis
[23:06:36] Steve_Connor atadott 37,406Ft-ot neki: Krist_Roscoe
[23:53:54] James_D_Freeman atadott 300,000Ft-ot neki: Tyler_Wish
