[01:02:27] Jason_Aciano átadott valakinek 500,000Ft-ot
[01:56:08] Ellstag_Scaletta átadott valakinek 500Ft-ot
[08:03:13] Stefan_Aciano atadott 100,000Ft-ot neki: Paul_D_Cortez
[08:03:14] Stefan_Aciano atadott 100,000Ft-ot neki: Paul_D_Cortez
[08:03:15] Stefan_Aciano atadott 100,000Ft-ot neki: Paul_D_Cortez
[08:03:21] Stefan_Aciano atadott 50,000Ft-ot neki: Paul_D_Cortez
[08:03:24] Stefan_Aciano atadott 10,000Ft-ot neki: Paul_D_Cortez
[08:49:42] Shura_Sharma átadott valakinek 100,000Ft-ot
[08:57:08] CarloS_D_Garcia atadott 20,000Ft-ot neki: Niki_Freeman
[09:06:39] Pablo_S_Carcassone atadott 100,000Ft-ot neki: Damien_Q_Carcassone
[09:06:46] Pablo_S_Carcassone atadott 50,000Ft-ot neki: Damien_Q_Carcassone
[09:25:30] Kiraly_Hunor átadott valakinek 70,000Ft-ot
[09:36:50] Mate_Richard átadott valakinek 70Ft-ot
[09:37:01] Mate_Richard átadott valakinek 70,000Ft-ot
[09:37:13] Mikhail_Bratislav átadott valakinek 185,921Ft-ot
[09:38:09] Mate_Richard átadott valakinek 70,000Ft-ot
[10:52:31] Bryan_B_Hollywood átadott valakinek 6,200,000Ft-ot
[10:53:24] George_B_Hollywood átadott valakinek 10,000,000Ft-ot
[10:53:32] George_B_Hollywood átadott valakinek 3,800,000Ft-ot
[11:17:56] Vlad_D_Dueno átadott valakinek 1,000,000Ft-ot
[11:21:31] Vlad_D_Dueno átadott valakinek 300,000Ft-ot
[11:21:50] Bryan_B_Hollywood átadott valakinek 300,000Ft-ot
[11:30:51] Szabo_Balazs átadott valakinek 10,000Ft-ot
[11:32:07] Szabo_Balazs átadott valakinek 10,000Ft-ot
[12:14:10] Figyelem: Levy_B_Hollywood utalt neki: Alan_Black, 8,000,000Ft-t!
[12:31:59] Pablo_S_Carcassone átadott valakinek 15,000Ft-ot
[12:52:34] Bitsch_M_Walker átadott valakinek 100,000Ft-ot
[13:10:46] Mikhail_Bratislav átadott valakinek 40,000Ft-ot
[13:40:50] Lionel Cortez átadott valakinek 8,416,000Ft-ot
[14:16:21] Daniel_Davis átadott valakinek 6,500Ft-ot
[15:12:49] Thomas_Berzerk átadott valakinek 700,000Ft-ot
[16:07:29] Stevy_Camorra átadott valakinek 6,000Ft-ot
[16:20:35] Szabo_Balazs átadott valakinek 25,000Ft-ot
[16:22:04] Szabo_Balazs átadott valakinek 4,000Ft-ot
[17:30:00] Jason_Gravano atadott 10,000Ft-ot neki: Dibu_S_Tomasso
[17:48:33] Joe_Brasco átadott valakinek 2,000,000Ft-ot
[18:19:07] Jason_B_Hollywood átadott valakinek 10,000,000Ft-ot
[18:19:15] Jason_B_Hollywood átadott valakinek 2,500,000Ft-ot
[18:54:55] Mark_Bishop átadott valakinek 2,574,234Ft-ot
[18:57:26] Figyelem: Georg_B_Hollywood utalt neki: Felix_Wheeler, 10,000,000Ft-t!
[18:57:46] Ventura_Zecchin átadott valakinek 1,000,000Ft-ot
[18:57:49] Ventura_Zecchin átadott valakinek 10,000,000Ft-ot
[18:57:50] Ventura_Zecchin átadott valakinek 10,000,000Ft-ot
[18:57:52] Ventura_Zecchin átadott valakinek 10,000,000Ft-ot
[18:57:53] Ventura_Zecchin átadott valakinek 10,000,000Ft-ot
[18:57:55] Ventura_Zecchin átadott valakinek 10,000,000Ft-ot
[18:57:56] Ventura_Zecchin átadott valakinek 10,000,000Ft-ot
[18:57:58] Ventura_Zecchin átadott valakinek 10,000,000Ft-ot
[18:57:59] Ventura_Zecchin átadott valakinek 10,000,000Ft-ot
[18:58:04] Ventura_Zecchin átadott valakinek 9,000,000Ft-ot
[18:58:31] Kevin_S_Tomasso átadott valakinek 10,000,000Ft-ot
[19:03:27] Figyelem: Stefan_D_Zecchin utalt neki: Damien_Creed, 10,000,000Ft-t!
[19:04:08] Blake_B_Salvatore átadott valakinek 20,000Ft-ot
[19:15:02] Don_Sorrentino átadott valakinek 70,000Ft-ot
[19:28:20] Jason_B_Hollywood átadott valakinek 50,000Ft-ot
[19:36:01] Emanuel_Garcia átadott valakinek 27,500Ft-ot
[19:37:29] Emanuel_Garcia átadott valakinek 100,000Ft-ot
[20:04:28] Szabo_Balazs átadott valakinek 100,000Ft-ot
[20:05:25] Mark_B_Hollywood átadott valakinek 10,000,000Ft-ot
[20:05:25] Mark_B_Hollywood átadott valakinek 10,000,000Ft-ot
[20:05:27] Mark_B_Hollywood átadott valakinek 10,000,000Ft-ot
[20:05:29] Mark_B_Hollywood átadott valakinek 10,000,000Ft-ot
[20:05:30] Mark_B_Hollywood átadott valakinek 10,000,000Ft-ot
[20:05:32] Mark_B_Hollywood átadott valakinek 10,000,000Ft-ot
[20:05:34] Mark_B_Hollywood átadott valakinek 10,000,000Ft-ot
[20:05:41] Mark_B_Hollywood átadott valakinek 950,000Ft-ot
[20:06:44] John_Salivan átadott valakinek 140,000Ft-ot
[20:11:30] Figyelem: Mark_B_Hollywood utalt neki: Ryder_B_Dueno, 10,000,000Ft-t!
[22:01:32] Thomas_Berzerk átadott valakinek 5,000,000Ft-ot
