[08:46:36] [duty lead fegyver]William_W_Andrews Frakcio: 2 | 1 Db M4-t | Raktár Volt: 159 Lett: 160
[08:46:36] [duty lead fegyver]William_W_Andrews Frakcio: 2 | 1 Db Spray-t | Raktár Volt: 159 Lett: 160
[08:46:36] [duty lead fegyver]William_W_Andrews Frakcio: 2 | 1 Db Stick-t | Raktár Volt: 159 Lett: 160
[08:46:36] [duty lead lõszer]William_W_Andrews Frakcio: 2 | 50 Db Deagle-t | Raktár Volt: 96 Lett: 146
[08:46:36] [duty lead lõszer]William_W_Andrews Frakcio: 2 | 300 Db MP5-t | Raktár Volt: 9027 Lett: 9327
[08:46:36] [duty lead lõszer]William_W_Andrews Frakcio: 2 | 450 Db M4-t | Raktár Volt: 13904 Lett: 14354
[08:46:36] [duty lead lõszer]William_W_Andrews Frakcio: 2 | 50 Db Rifle-t | Raktár Volt: 20501 Lett: 20551
[08:46:36] [duty lead lõszer]William_W_Andrews Frakcio: 2 | 1200 Db Spray-t | Raktár Volt: 19351 Lett: 20551
[09:33:42] [/eldob fegyver] Milinte_Brasco eldobta ezt: Sniper
[09:33:56] [/felvesz fegyver] Milinte_Brasco felvette ezt: Sniper
[10:16:53] [/fegyverraktár berak fegyver 5] Milinte_Brasco kivett egy M4 fegyvert a raktárból
[13:44:17] [duty felvesz fegyver]Milinte_Brasco Frakcio: 1 | 1 Db M4-t | Raktár: Volt: 42 Lett: 41
[13:46:00] [duty felvesz lõszer]Milinte_Brasco Frakcio: 1 | 1 Db MP5-t | Raktár: Volt: 900 Lett: 899
[13:46:03] [duty lead lõszer]Milinte_Brasco Frakcio: 1 | 1 Db MP5-t | Raktár Volt: 899 Lett: 900
[13:46:03] [duty lead lõszer]Milinte_Brasco Frakcio: 1 | 1 Db MP5-t | Raktár Volt: 899 Lett: 900
[13:46:08] [duty lead fegyver]Milinte_Brasco Frakcio: 1 | 1 Db M4-t | Raktár Volt: 41 Lett: 42
[13:46:08] [duty lead fegyver]Milinte_Brasco Frakcio: 1 | 1 Db M4-t | Raktár Volt: 41 Lett: 42
[13:46:10] [duty lead fegyver]Milinte_Brasco Frakcio: 1 | 1 Db Spray-t | Raktár Volt: -1 Lett: 0
[13:46:10] [duty lead fegyver]Milinte_Brasco Frakcio: 1 | 1 Db Stick-t | Raktár Volt: -1 Lett: 0
[13:46:10] [duty lead lõszer]Milinte_Brasco Frakcio: 1 | 400 Db Spray-t | Raktár Volt: -400 Lett: 0
