[22:12:42] [duty lead fegyver]Kevin_S_Tomasso Frakcio: 2 | 1 Db Kés-t | Raktár Volt: -1 Lett: 0
[22:12:42] [duty lead fegyver]Kevin_S_Tomasso Frakcio: 2 | 1 Db Deagle-t | Raktár Volt: 159 Lett: 160
[22:12:42] [duty lead fegyver]Kevin_S_Tomasso Frakcio: 2 | 1 Db MP5-t | Raktár Volt: 209 Lett: 210
[22:12:42] [duty lead fegyver]Kevin_S_Tomasso Frakcio: 2 | 1 Db M4-t | Raktár Volt: 150 Lett: 151
[22:12:42] [duty lead fegyver]Kevin_S_Tomasso Frakcio: 2 | 1 Db Combat-t | Raktár Volt: 287 Lett: 288
[22:12:42] [duty lead fegyver]Kevin_S_Tomasso Frakcio: 2 | 1 Db Sniper-t | Raktár Volt: 66 Lett: 67
[22:12:42] [duty lead fegyver]Kevin_S_Tomasso Frakcio: 2 | 1 Db Spray-t | Raktár Volt: 66 Lett: 67
[22:12:42] [duty lead lõszer]Kevin_S_Tomasso Frakcio: 2 | 400 Db Deagle-t | Raktár Volt: 96 Lett: 496
[22:12:42] [duty lead lõszer]Kevin_S_Tomasso Frakcio: 2 | 300 Db Combat-t | Raktár Volt: 0 Lett: 300
[22:12:42] [duty lead lõszer]Kevin_S_Tomasso Frakcio: 2 | 270 Db MP5-t | Raktár Volt: 6427 Lett: 6697
[22:12:42] [duty lead lõszer]Kevin_S_Tomasso Frakcio: 2 | 250 Db M4-t | Raktár Volt: 11429 Lett: 11679
[22:12:42] [duty lead lõszer]Kevin_S_Tomasso Frakcio: 2 | 298 Db Sniper-t | Raktár Volt: 15 Lett: 313
[22:12:42] [duty lead lõszer]Kevin_S_Tomasso Frakcio: 2 | 1800 Db Spray-t | Raktár Volt: -1487 Lett: 313
[22:13:37] [duty felvesz fegyver]Kevin_S_Tomasso Frakcio: 2 | 1 Db MP5-t | Raktár: Volt: 210 Lett: 209
[22:13:41] [duty felvesz fegyver]Kevin_S_Tomasso Frakcio: 2 | 1 Db M4-t | Raktár: Volt: 151 Lett: 150
[22:13:48] [duty felvesz lõszer]Kevin_S_Tomasso Frakcio: 2 | 250 Db M4-t | Raktár: Volt: 11679 Lett: 11429
[22:13:51] [duty felvesz lõszer]Kevin_S_Tomasso Frakcio: 2 | 300 Db MP5-t | Raktár: Volt: 6697 Lett: 6397
[22:13:55] [duty felvesz lõszer]Kevin_S_Tomasso Frakcio: 2 | 50 Db Deagle-t | Raktár: Volt: 496 Lett: 446
[22:13:59] [duty felvesz fegyver]Kevin_S_Tomasso Frakcio: 2 | 1 Db Deagle-t | Raktár: Volt: 160 Lett: 159
[22:37:49] [/felvesz fegyver] James_Creed felvette ezt: MP5
[22:37:56] [/felvesz lõszer] James_Creed felvette ezt: 300db MP5 lõszer
[22:38:01] [/felvesz lõszer] James_Creed felvette ezt: 148db MP5 lõszer
[22:41:12] [Átad][Civil]Henrik_T_Scaletta átadott 200db M4 lõszert neki: [Civil]Damien_Creed
[23:38:55] [Átad][LCN]Edie_Morra átadott neki: [LCN]KrisT_Roscoe, egy Deagle-t
[23:39:41] [Átad][LCN]Edie_Morra átadott 20db Deagle lõszert neki: [LCN]KrisT_Roscoe
