[13:53:25] [duty felvesz fegyver]Max_Navarro Frakcio: 1 | 1 Db Deagle-t | Raktár: Volt: 58 Lett: 57
[13:53:34] [duty felvesz lõszer]Max_Navarro Frakcio: 1 | 20 Db Deagle-t | Raktár: Volt: 165 Lett: 145
[13:55:01] [Berak][Civil]Joker_Creed berakott egy fegyvert a 122. házba: M4-t
[13:55:04] [Berak][Civil]Joker_Creed berakott egy fegyvert a 122. házba: Sniper-t
[13:55:18] [Berak][Civil]Joker_Creed berakott 300db M4 lõszert 122. ház széfjébe
[13:55:21] [Berak][Civil]Joker_Creed berakott 33db Sniper lõszert 122. ház széfjébe
[13:55:34] [Berak][Civil]Joker_Creed berakott 2750db MP5 lõszert 122. ház széfjébe
[13:55:39] [/eldob fegyver] Kevin_R_Sorrentino eldobta ezt: MP5
[13:55:40] [Berak][Civil]Joker_Creed berakott 321db AK47 lõszert 122. ház széfjébe
[13:55:50] [/eldob lõszer] Kevin_R_Sorrentino eldobott 53db MP5 lõszert
[13:58:09] [duty felvesz fegyver]Daniel_Scaletta Frakcio: 1 | 1 Db M4-t | Raktár: Volt: 42 Lett: 41
[13:58:11] [duty felvesz fegyver]Daniel_Scaletta Frakcio: 1 | 1 Db Sniper-t | Raktár: Volt: 9 Lett: 8
[13:58:17] [duty felvesz lõszer]Daniel_Scaletta Frakcio: 1 | 150 Db M4-t | Raktár: Volt: 4800 Lett: 4650
[13:58:20] [duty felvesz lõszer]Daniel_Scaletta Frakcio: 1 | 30 Db Sniper-t | Raktár: Volt: 4950 Lett: 4920
[14:01:43] [/felvesz fegyver] Kevin_R_Sorrentino felvette ezt: MP5
[14:01:52] [/felvesz lõszer] Kevin_R_Sorrentino felvette ezt: 53db MP5 lõszer
[14:06:21] [Kivesz][LCN]Carlos_Brasco kivett egy fegyvert a 109. házból: M4-t
[14:06:27] [Kivesz][LCN]Carlos_Brasco kivett 317db M4 lõszert 109. ház széfjébõl
[14:06:31] [Kivesz][LCN]Carlos_Brasco kivett egy fegyvert a 109. házból: Sniper-t
[14:06:35] [Kivesz][LCN]Carlos_Brasco kivett 60db Sniper lõszert 109. ház széfjébõl
[14:06:53] [/eldob fegyver] Carlos_Brasco eldobta ezt: M4
[14:06:56] [/eldob fegyver] Carlos_Brasco eldobta ezt: Sniper
[14:06:59] [/felvesz fegyver] Lucio_Zecchin felvette ezt: M4
[14:07:01] [/eldob lõszer] Carlos_Brasco eldobott 317db M4 lõszert
[14:07:03] [/felvesz fegyver] Lucio_Zecchin felvette ezt: Sniper
[14:07:08] [/eldob lõszer] Carlos_Brasco eldobott 60db Sniper lõszert
[14:07:12] [/felvesz lõszer] Lucio_Zecchin felvette ezt: 317db M4 lõszer
[14:07:17] [/felvesz lõszer] Lucio_Zecchin felvette ezt: 60db Sniper lõszer
[14:08:49] [duty felvesz fegyver]Horvath_Adrian Frakcio: 20 | 1 Db MP5-t | Raktár: Volt: 53 Lett: 52
[14:08:51] [duty felvesz fegyver]Horvath_Adrian Frakcio: 20 | 1 Db Rifle-t | Raktár: Volt: 6 Lett: 5
[14:08:58] [duty felvesz lõszer]Horvath_Adrian Frakcio: 20 | 50 Db Rifle-t | Raktár: Volt: 788 Lett: 738
[14:09:01] [duty felvesz lõszer]Horvath_Adrian Frakcio: 20 | 150 Db MP5-t | Raktár: Volt: 229 Lett: 79
[14:10:17] [Berak][LCN]Gyorgy_Boyka berakott egy fegyvert a 129. házba: MP5-t
[14:10:26] [Berak][LCN]Gyorgy_Boyka berakott 82db MP5 lõszert 129. ház széfjébe
[14:11:05] [duty felvesz fegyver]Max_Navarro Frakcio: 1 | 1 Db MP5-t | Raktár: Volt: 59 Lett: 58
[14:11:21] [duty felvesz lõszer]Max_Navarro Frakcio: 1 | 150 Db MP5-t | Raktár: Volt: 366 Lett: 216
[14:16:19] [/fegyverraktár berak fegyver 6] Thomas_Berzerk berakott egy M4 fegyvert a raktárba
[14:16:24] [/fegyverraktár berak fegyver 6] Thomas_Berzerk berakott egy Combat fegyvert a raktárba
[14:18:06] [Weapon-Berak][VLA]Lucio_Zecchin berakott egy fegyvert a 734 rendszámú jármû 0 slotjába: M4-t
[14:18:14] [Weapon-Berak][VLA]Lucio_Zecchin berakott egy fegyvert a 734 rendszámú jármû 1 slotjába: Sniper-t
[14:18:22] [Weapon-Berak][VLA]Lucio_Zecchin berakott 317db M4 lõszert a 734. rendszámú jármûbe
[14:18:50] [Weapon-Berak][VLA]Lucio_Zecchin berakott 60db Sniper lõszert a 734. rendszámú jármûbe
[14:20:12] [Átad][Civil]Norbert_L_Scaletta átadott neki: [VLA]Damien_Creed, egy Combat-t
[14:20:24] [Átad][Civil]Norbert_L_Scaletta átadott neki: [VLA]Damien_Creed, egy AK47-t
[14:20:30] [Átad][Civil]Norbert_L_Scaletta átadott 270db AK47 lõszert neki: [VLA]Damien_Creed
[14:20:35] [Átad][Civil]Norbert_L_Scaletta átadott 178db Combat lõszert neki: [VLA]Damien_Creed
[14:20:58] [Kivesz][VLA]Damien_Creed kivett egy fegyvert a 419. házból: MP5-t
[14:21:03] [Berak][VLA]Damien_Creed berakott egy fegyvert a 419. házba: AK47-t
[14:21:09] [Berak][VLA]Damien_Creed berakott egy fegyvert a 419. házba: Combat-t
[14:21:33] [Kivesz][VLA]Damien_Creed kivett 300db MP5 lõszert 419. ház széfjébõl
[14:21:41] [Berak][VLA]Damien_Creed berakott 270db AK47 lõszert 419. ház széfjébe
[14:21:49] [Berak][VLA]Damien_Creed berakott 178db Combat lõszert 419. ház széfjébe
[14:22:25] [Kivesz][VLA]Damien_Creed kivett egy fegyvert a 419. házból: Rifle-t
[14:22:35] [Kivesz][VLA]Damien_Creed kivett 50db Rifle lõszert 419. ház széfjébõl
[14:24:00] [Weapon-Kivesz][VLA]Lucio_Zecchin kivett egy fegyvert a 734. rendszámú jármû 0. slotjából: M4-t
[14:24:04] [Weapon-Kivesz][VLA]Lucio_Zecchin kivett egy fegyvert a 734. rendszámú jármû 1. slotjából: Sniper-t
[14:24:08] [Weapon-Kivesz][VLA]Lucio_Zecchin kivett 317db M4 lõszert a 734. rendszámú jármûbõl
[14:24:11] [Weapon-Kivesz][VLA]Lucio_Zecchin kivett 60db Sniper lõszert a 734. rendszámú jármûbõl
[14:25:31] [/eldob fegyver] Demeter_Jozsef eldobta ezt: AK47
[14:25:37] [/eldob lõszer] Demeter_Jozsef eldobott 120db AK47 lõszert
[14:25:44] [/felvesz fegyver] James_Creed felvette ezt: AK47
[14:26:00] [/felvesz lõszer] James_Creed felvette ezt: 120db AK47 lõszer
[14:26:59] [Átad][VLA]Lucio_Zecchin átadott 160db M4 lõszert neki: [LCN]Carlos_Brasco
[14:27:26] [Kivesz][LCN]Carlos_Brasco kivett egy fegyvert a 109. házból: M4-t
[14:27:35] [Berak][VLA]James_Creed berakott egy fegyvert a 149. házba: AK47-t
[14:27:44] [Berak][VLA]James_Creed berakott 120db AK47 lõszert 149. ház széfjébe
[14:28:36] [duty felvesz fegyver]Robert_Scaletta Frakcio: 1 | 1 Db MP5-t | Raktár: Volt: 58 Lett: 57
[14:28:36] [duty felvesz lõszer]Stefan_D_Zecchin Frakcio: 1 | 200 Db MP5-t | Raktár: Volt: 216 Lett: 16
[14:28:39] [duty felvesz fegyver]Robert_Scaletta Frakcio: 1 | 1 Db Shotgun-t | Raktár: Volt: 538 Lett: 537
[14:28:50] [duty lead lõszer]Stefan_D_Zecchin Frakcio: 1 | 2917 Db Spray-t | Raktár Volt: -2917 Lett: 0
[14:28:50] [duty lead lõszer]Stefan_D_Zecchin Frakcio: 1 | 2917 Db Spray-t | Raktár Volt: -2917 Lett: 0
[14:28:54] [duty felvesz lõszer]Robert_Scaletta Frakcio: 1 | 50 Db Shotgun-t | Raktár: Volt: 10264 Lett: 10214
[14:28:58] [Átad][LSPD]Stefan_D_Zecchin átadott 100db MP5 lõszert neki: [LSPD]Robert_Scaletta
[14:32:12] [/felvesz lõszer] Henrik_T_Scaletta felvette ezt: 160db M4 lõszer
[14:33:20] [Kivesz][Civil]Demeter_Jozsef kivett egy fegyvert a 16. házból: Stick-t
[14:33:36] [Kivesz][Civil]Demeter_Jozsef kivett egy fegyvert a 16. házból: MP5-t
[14:33:43] [Kivesz][Civil]Demeter_Jozsef kivett 129db MP5 lõszert 16. ház széfjébõl
[14:34:01] [Kivesz][Civil]Demeter_Jozsef kivett egy fegyvert a 16. házból: Kés-t
[14:34:14] [duty lead fegyver]Preston_R_Wilson Frakcio: 1 | 1 Db Spray-t | Raktár Volt: -1 Lett: 0
[14:34:14] [duty lead fegyver]Preston_R_Wilson Frakcio: 1 | 1 Db Stick-t | Raktár Volt: -1 Lett: 0
[14:34:14] [duty lead fegyver]Preston_R_Wilson Frakcio: 1 | 1 Db M4-t | Raktár Volt: 41 Lett: 42
[14:34:14] [duty lead lõszer]Preston_R_Wilson Frakcio: 1 | 800 Db Spray-t | Raktár Volt: -758 Lett: 42
[14:34:24] [duty felvesz fegyver]Preston_R_Wilson Frakcio: 1 | 1 Db M4-t | Raktár: Volt: 42 Lett: 41
[14:34:29] [duty felvesz lõszer]Preston_R_Wilson Frakcio: 1 | 250 Db M4-t | Raktár: Volt: 4650 Lett: 4400
[14:34:32] [duty felvesz fegyver]Preston_R_Wilson Frakcio: 1 | 1 Db MP5-t | Raktár: Volt: 57 Lett: 56
[14:35:37] [duty felvesz fegyver]Brandon_Toretto Frakcio: 1 | 1 Db Deagle-t | Raktár: Volt: 57 Lett: 56
[14:35:40] [duty felvesz fegyver]Brandon_Toretto Frakcio: 1 | 1 Db Sniper-t | Raktár: Volt: 8 Lett: 7
[14:36:03] [duty felvesz lõszer]Brandon_Toretto Frakcio: 1 | 40 Db Deagle-t | Raktár: Volt: 145 Lett: 105
[14:36:08] [duty felvesz lõszer]Brandon_Toretto Frakcio: 1 | 40 Db Sniper-t | Raktár: Volt: 4920 Lett: 4880
[14:38:18] [Átad][LSPD]Marcel_B_Hollywood átadott neki: [LSPD]Max_Navarro, egy MP5-t
[14:40:23] [/felvesz fegyver] Chris_S_Black felvette ezt: M4
[14:45:26] [/felvesz fegyver] Carlos_Brasco felvette ezt: MP5
[14:45:34] [/felvesz lõszer] Carlos_Brasco felvette ezt: 290db MP5 lõszer
[14:48:31] [duty lead fegyver]Akos_Vincenzo Frakcio: 1 | 1 Db Spray-t | Raktár Volt: -1 Lett: 0
[14:48:31] [duty lead fegyver]Akos_Vincenzo Frakcio: 1 | 1 Db Stick-t | Raktár Volt: -1 Lett: 0
[14:48:31] [duty lead lõszer]Akos_Vincenzo Frakcio: 1 | 400 Db Spray-t | Raktár Volt: -400 Lett: 0
[14:49:00] [duty felvesz fegyver]Daniel_Scaletta Frakcio: 1 | 1 Db SilencedColt45-t | Raktár: Volt: 659 Lett: 658
[14:49:09] [duty felvesz lõszer]Daniel_Scaletta Frakcio: 1 | 25 Db SilencedColt45-t | Raktár: Volt: 16282 Lett: 16257
[14:49:12] [duty lead fegyver]Horvath_Adrian Frakcio: 20 | 1 Db Spray-t | Raktár Volt: -1 Lett: 0
[14:49:12] [duty lead fegyver]Horvath_Adrian Frakcio: 20 | 1 Db Stick-t | Raktár Volt: -1 Lett: 0
[14:49:12] [duty lead fegyver]Horvath_Adrian Frakcio: 20 | 1 Db MP5-t | Raktár Volt: 52 Lett: 53
[14:49:12] [duty lead fegyver]Horvath_Adrian Frakcio: 20 | 1 Db Rifle-t | Raktár Volt: 5 Lett: 6
[14:49:12] [duty lead lõszer]Horvath_Adrian Frakcio: 20 | 150 Db MP5-t | Raktár Volt: 79 Lett: 229
[14:49:12] [duty lead lõszer]Horvath_Adrian Frakcio: 20 | 50 Db Rifle-t | Raktár Volt: 738 Lett: 788
[14:49:12] [duty lead lõszer]Horvath_Adrian Frakcio: 20 | 400 Db Spray-t | Raktár Volt: 388 Lett: 788
[14:49:53] [duty felvesz fegyver]Max_Navarro Frakcio: 1 | 1 Db Deagle-t | Raktár: Volt: 56 Lett: 55
[14:50:01] [duty felvesz lõszer]Max_Navarro Frakcio: 1 | 20 Db Deagle-t | Raktár: Volt: 105 Lett: 85
[14:50:44] [duty lead fegyver]Akos_Vincenzo Frakcio: 1 | 1 Db Spray-t | Raktár Volt: -1 Lett: 0
[14:50:44] [duty lead fegyver]Akos_Vincenzo Frakcio: 1 | 1 Db Stick-t | Raktár Volt: -1 Lett: 0
[14:50:44] [duty lead lõszer]Akos_Vincenzo Frakcio: 1 | 400 Db Spray-t | Raktár Volt: -400 Lett: 0
[14:50:58] [duty felvesz fegyver]Akos_Vincenzo Frakcio: 1 | 1 Db MP5-t | Raktár: Volt: 56 Lett: 55
[14:51:23] [duty felvesz lõszer]Akos_Vincenzo Frakcio: 1 | 10 Db MP5-t | Raktár: Volt: 16 Lett: 6
[14:54:58] [duty lead fegyver]Henrik_T_Scaletta Frakcio: 1 | 1 Db M4-t | Raktár Volt: 41 Lett: 42
[14:54:58] [duty lead fegyver]Henrik_T_Scaletta Frakcio: 1 | 1 Db M4-t | Raktár Volt: 41 Lett: 42
[14:55:42] [/eldob fegyver] Chris_S_Black eldobta ezt: M4
[14:55:46] [/felvesz fegyver] Henrik_T_Scaletta felvette ezt: M4
[14:57:17] [duty felvesz fegyver]Robert_Scaletta Frakcio: 1 | 1 Db Shotgun-t | Raktár: Volt: 537 Lett: 536
[14:57:23] [duty felvesz lõszer]Robert_Scaletta Frakcio: 1 | 50 Db Shotgun-t | Raktár: Volt: 10214 Lett: 10164
[14:58:45] [Kivesz][Civil]Joker_Creed kivett egy fegyvert a 122. házból: AK47-t
[14:58:50] [Kivesz][Civil]Joker_Creed kivett 250db AK47 lõszert 122. ház széfjébõl
[15:01:00] [/felvesz fegyver] Tom_Torres felvette ezt: Kés
[15:05:32] [/felvesz fegyver] Joker_Creed felvette ezt: AK47
[15:05:41] [/felvesz lõszer] Joker_Creed felvette ezt: 237db AK47 lõszer
[15:09:28] [duty felvesz fegyver]Jason_Toretto Frakcio: 1 | 1 Db M4-t | Raktár: Volt: 42 Lett: 41
[15:09:32] [duty felvesz fegyver]Jason_Toretto Frakcio: 1 | 1 Db MP5-t | Raktár: Volt: 55 Lett: 54
[15:09:36] [duty felvesz fegyver]Jason_Toretto Frakcio: 1 | 1 Db Deagle-t | Raktár: Volt: 55 Lett: 54
[15:10:32] [/felvesz fegyver] Robert_Scaletta felvette ezt: MP5
[15:10:35] [/felvesz lõszer] Henrik_T_Scaletta felvette ezt: 994db MP5 lõszer
[15:10:39] [duty felvesz lõszer]Jason_Toretto Frakcio: 1 | 300 Db M4-t | Raktár: Volt: 4400 Lett: 4100
[15:11:05] [Átad][LSPD]Henrik_T_Scaletta átadott 994db MP5 lõszert neki: [LSPD]Robert_Scaletta
[15:12:41] [Berak][Civil]Joker_Creed berakott egy fegyvert a 122. házba: AK47-t
[15:12:46] [Berak][Civil]Joker_Creed berakott 237db AK47 lõszert 122. ház széfjébe
[15:14:20] [duty felvesz fegyver]Jin_Sorrentino Frakcio: 1 | 1 Db MP5-t | Raktár: Volt: 54 Lett: 53
[15:14:45] [duty lead fegyver]Jin_Sorrentino Frakcio: 1 | 1 Db MP5-t | Raktár Volt: 53 Lett: 54
[15:14:45] [duty lead fegyver]Jin_Sorrentino Frakcio: 1 | 1 Db MP5-t | Raktár Volt: 53 Lett: 54
[15:15:47] [duty felvesz fegyver]Jin_Sorrentino Frakcio: 1 | 1 Db Rifle-t | Raktár: Volt: 307 Lett: 306
[15:15:55] [duty felvesz lõszer]Jin_Sorrentino Frakcio: 1 | 50 Db Rifle-t | Raktár: Volt: 1025 Lett: 975
[15:17:11] [Weapon-Berak][LSPD]Jin_Sorrentino berakott egy fegyvert a 2 rendszámú jármû 0 slotjába: Rifle-t
[15:17:16] [Weapon-Berak][LSPD]Jin_Sorrentino berakott 50db Rifle lõszert a 2. rendszámú jármûbe
[15:17:53] [Weapon-Kivesz][LSPD]Jin_Sorrentino kivett egy fegyvert a 2. rendszámú jármû 0. slotjából: Rifle-t
[15:17:59] [Weapon-Kivesz][LSPD]Jin_Sorrentino kivett 50db Rifle lõszert a 2. rendszámú jármûbõl
[15:18:29] [duty felvesz fegyver]John_Kelin Frakcio: 20 | 1 Db MP5-t | Raktár: Volt: 53 Lett: 52
[15:18:35] [duty felvesz fegyver]John_Kelin Frakcio: 20 | 1 Db Deagle-t | Raktár: Volt: 320 Lett: 319
[15:18:47] [duty felvesz lõszer]John_Kelin Frakcio: 20 | 150 Db MP5-t | Raktár: Volt: 229 Lett: 79
[15:18:50] [duty felvesz lõszer]John_Kelin Frakcio: 20 | 20 Db Deagle-t | Raktár: Volt: 76832 Lett: 76812
[15:19:21] [Átad][LSPD]Jason_Toretto átadott neki: [LCN]Carlos_Brasco, egy M4-t
[15:19:25] [Átad][LSPD]Jason_Toretto átadott neki: [LCN]Carlos_Brasco, egy MP5-t
[15:19:33] [Átad][LSPD]Jason_Toretto átadott 100db M4 lõszert neki: [LCN]Carlos_Brasco
[15:19:37] [Átad][LSPD]Jason_Toretto átadott 200db MP5 lõszert neki: [LCN]Carlos_Brasco
[15:21:37] [/fegyverraktár berak fegyver 6] Victor_Jr_Zecchin berakott egy M4 fegyvert a raktárba
[15:21:38] [/fegyverraktár berak fegyver 6] Thomas_Berzerk kivett egy MP5 fegyvert a raktárból
[15:21:40] [/fegyverraktár berak fegyver 6] Victor_Jr_Zecchin berakott egy Combat fegyvert a raktárba
[15:21:43] [Berak][BATF]John_Kelin berakott 150db MP5 lõszert 298. ház széfjébe
[15:21:50] [/fegyverraktár kivesz lõszer 6] Thomas_Berzerk kivett 420db MP5 lõszert a raktárból
[15:21:54] [/fegyverraktár berak fegyver 6] Thomas_Berzerk kivett egy MP5 fegyvert a raktárból
[15:22:04] [Átad][Yakuza]Thomas_Berzerk átadott neki: [Yakuza]Victor_Jr_Zecchin, egy MP5-t
[15:22:11] [Átad][Yakuza]Thomas_Berzerk átadott 215db MP5 lõszert neki: [Yakuza]Victor_Jr_Zecchin
[15:23:09] [duty lead fegyver]Jason_Toretto Frakcio: 1 | 1 Db Spray-t | Raktár Volt: -1 Lett: 0
[15:23:09] [duty lead fegyver]Jason_Toretto Frakcio: 1 | 1 Db Stick-t | Raktár Volt: -1 Lett: 0
[15:23:09] [duty lead fegyver]Jason_Toretto Frakcio: 1 | 1 Db Deagle-t | Raktár Volt: 54 Lett: 55
[15:23:09] [duty lead lõszer]Jason_Toretto Frakcio: 1 | 200 Db MP5-t | Raktár Volt: 6 Lett: 206
[15:23:09] [duty lead lõszer]Jason_Toretto Frakcio: 1 | 200 Db M4-t | Raktár Volt: 4100 Lett: 4300
[15:23:09] [duty lead lõszer]Jason_Toretto Frakcio: 1 | 1200 Db Spray-t | Raktár Volt: 3100 Lett: 4300
[15:28:47] [Berak][BATF]John_Kelin berakott 20db Deagle lõszert 447. ház széfjébe
[15:28:47] [duty lead fegyver]Preston_R_Wilson Frakcio: 1 | 1 Db Spray-t | Raktár Volt: -1 Lett: 0
[15:28:47] [duty lead fegyver]Preston_R_Wilson Frakcio: 1 | 1 Db Stick-t | Raktár Volt: -1 Lett: 0
[15:28:47] [duty lead fegyver]Preston_R_Wilson Frakcio: 1 | 1 Db M4-t | Raktár Volt: 41 Lett: 42
[15:28:47] [duty lead fegyver]Preston_R_Wilson Frakcio: 1 | 1 Db MP5-t | Raktár Volt: 54 Lett: 55
[15:28:47] [duty lead lõszer]Preston_R_Wilson Frakcio: 1 | 250 Db M4-t | Raktár Volt: 4300 Lett: 4550
[15:28:47] [duty lead lõszer]Preston_R_Wilson Frakcio: 1 | 800 Db Spray-t | Raktár Volt: 3750 Lett: 4550
[15:28:49] [Átad][LSPD]Nelson_Washington átadott neki: [Hungary]Steve_J_Sorrentino, egy M4-t
[15:28:54] [Átad][LSPD]Nelson_Washington átadott neki: [Hungary]Steve_J_Sorrentino, egy MP5-t
[15:29:15] [/eldob fegyver] Nelson_Washington eldobta ezt: Sniper
[15:29:21] [/eldob lõszer] Nelson_Washington eldobott 25db Sniper lõszert
[15:29:23] [duty lead fegyver]Nelson_Washington Frakcio: 1 | 1 Db MP5-t | Raktár Volt: 55 Lett: 56
[15:29:23] [duty lead fegyver]Nelson_Washington Frakcio: 1 | 1 Db Spray-t | Raktár Volt: 55 Lett: 56
[15:29:23] [duty lead fegyver]Nelson_Washington Frakcio: 1 | 1 Db Stick-t | Raktár Volt: 55 Lett: 56
[15:29:23] [duty lead lõszer]Nelson_Washington Frakcio: 1 | 219 Db MP5-t | Raktár Volt: 206 Lett: 425
[15:29:23] [duty lead lõszer]Nelson_Washington Frakcio: 1 | 1600 Db Spray-t | Raktár Volt: -1175 Lett: 425
[15:29:35] [/felvesz fegyver] Nelson_Washington felvette ezt: Sniper
[15:29:38] [/felvesz lõszer] Nelson_Washington felvette ezt: 25db Sniper lõszer
[15:29:49] [duty felvesz fegyver]Nelson_Washington Frakcio: 1 | 1 Db M4-t | Raktár: Volt: 42 Lett: 41
[15:29:54] [duty felvesz lõszer]Nelson_Washington Frakcio: 1 | 300 Db M4-t | Raktár: Volt: 4550 Lett: 4250
[15:29:58] [duty felvesz fegyver]Nelson_Washington Frakcio: 1 | 1 Db MP5-t | Raktár: Volt: 56 Lett: 55
[15:30:02] [duty felvesz lõszer]Nelson_Washington Frakcio: 1 | 300 Db MP5-t | Raktár: Volt: 425 Lett: 125
[15:30:08] [duty felvesz fegyver]Nelson_Washington Frakcio: 1 | 1 Db SilencedColt45-t | Raktár: Volt: 658 Lett: 657
[15:30:14] [duty felvesz lõszer]Nelson_Washington Frakcio: 1 | 100 Db SilencedColt45-t | Raktár: Volt: 16257 Lett: 16157
[15:30:29] [duty felvesz fegyver]Nelson_Washington Frakcio: 1 | 1 Db Shotgun-t | Raktár: Volt: 536 Lett: 535
[15:30:35] [duty felvesz lõszer]Nelson_Washington Frakcio: 1 | 50 Db Shotgun-t | Raktár: Volt: 10164 Lett: 10114
[15:33:57] [duty lead fegyver]Max_Navarro Frakcio: 1 | 1 Db MP5-t | Raktár Volt: 55 Lett: 56
[15:33:57] [duty lead fegyver]Max_Navarro Frakcio: 1 | 1 Db MP5-t | Raktár Volt: 55 Lett: 56
[15:34:51] [duty felvesz fegyver]Preston_R_Wilson Frakcio: 1 | 1 Db M4-t | Raktár: Volt: 40 Lett: 39
[15:34:55] [duty felvesz lõszer]Preston_R_Wilson Frakcio: 1 | 300 Db M4-t | Raktár: Volt: 3950 Lett: 3650
[15:36:09] [Átad][LSPD]Nelson_Washington átadott 100db M4 lõszert neki: [Hungary]Steve_J_Sorrentino
[15:46:51] [Berak][Yakuza]Victor_Jr_Zecchin berakott egy fegyvert a 70. házba: Sniper-t
[15:46:57] [Kivesz][Yakuza]Victor_Jr_Zecchin kivett egy fegyvert a 70. házból: MP5-t
[15:47:01] [Berak][Yakuza]Victor_Jr_Zecchin berakott egy fegyvert a 70. házba: M4-t
[15:47:27] [duty felvesz fegyver]Horvath_Adrian Frakcio: 20 | 1 Db MP5-t | Raktár: Volt: 52 Lett: 51
[15:47:27] [duty felvesz fegyver]Ryan_Lennox Frakcio: 20 | 1 Db MP5-t | Raktár: Volt: 51 Lett: 50
[15:47:30] [duty felvesz fegyver]Horvath_Adrian Frakcio: 20 | 1 Db Rifle-t | Raktár: Volt: 6 Lett: 5
[15:47:35] [duty felvesz lõszer]Horvath_Adrian Frakcio: 20 | 50 Db Rifle-t | Raktár: Volt: 788 Lett: 738
[15:47:46] [duty felvesz lõszer]Horvath_Adrian Frakcio: 20 | 50 Db MP5-t | Raktár: Volt: 79 Lett: 29
[15:47:52] [duty felvesz lõszer]Horvath_Adrian Frakcio: 20 | 20 Db MP5-t | Raktár: Volt: 29 Lett: 9
[15:48:00] [duty felvesz fegyver]Shura_Sharma Frakcio: 13 | 1 Db MP5-t | Raktár: Volt: 66 Lett: 65
[15:48:03] [duty felvesz lõszer]Horvath_Adrian Frakcio: 20 | 5 Db MP5-t | Raktár: Volt: 9 Lett: 4
[15:48:20] [duty felvesz lõszer]Shura_Sharma Frakcio: 13 | 200 Db MP5-t | Raktár: Volt: 4309 Lett: 4109
[15:48:39] [duty lead fegyver]Ryan_Lennox Frakcio: 20 | 1 Db MP5-t | Raktár Volt: 50 Lett: 51
[15:48:39] [duty lead fegyver]Ryan_Lennox Frakcio: 20 | 1 Db MP5-t | Raktár Volt: 50 Lett: 51
[15:48:47] [duty felvesz lõszer]Ryan_Lennox Frakcio: 20 | 180 Db AK47-t | Raktár: Volt: 180 Lett: 0
[15:48:58] [duty felvesz fegyver]Ryan_Lennox Frakcio: 20 | 1 Db AK47-t | Raktár: Volt: 1 Lett: 0
[15:57:44] [duty felvesz fegyver]Marcel_B_Hollywood Frakcio: 1 | 1 Db M4-t | Raktár: Volt: 41 Lett: 40
[15:57:48] [duty felvesz fegyver]Zero_Hopkins Frakcio: 13 | 1 Db MP5-t | Raktár: Volt: 65 Lett: 64
[15:57:49] [duty felvesz fegyver]Marcel_B_Hollywood Frakcio: 1 | 1 Db Sniper-t | Raktár: Volt: 7 Lett: 6
[15:58:06] [duty felvesz lõszer]Zero_Hopkins Frakcio: 13 | 200 Db MP5-t | Raktár: Volt: 4109 Lett: 3909
[15:58:06] [duty felvesz fegyver]Max_Navarro Frakcio: 1 | 1 Db Deagle-t | Raktár: Volt: 55 Lett: 54
[15:58:13] [duty felvesz fegyver]Steve_J_Sorrentino Frakcio: 13 | 1 Db Sniper-t | Raktár: Volt: 452 Lett: 451
[15:58:14] [duty felvesz lõszer]Max_Navarro Frakcio: 1 | 20 Db Deagle-t | Raktár: Volt: 85 Lett: 65
[15:58:21] [duty felvesz lõszer]Steve_J_Sorrentino Frakcio: 13 | 30 Db Sniper-t | Raktár: Volt: 10689 Lett: 10659
[15:58:36] [duty felvesz lõszer]Steve_J_Sorrentino Frakcio: 13 | 250 Db M4-t | Raktár: Volt: 13091 Lett: 12841
[15:58:49] [duty felvesz fegyver]Zero_Hopkins Frakcio: 13 | 1 Db Deagle-t | Raktár: Volt: 371 Lett: 370
[15:59:01] [duty felvesz lõszer]Zero_Hopkins Frakcio: 13 | 5 Db Deagle-t | Raktár: Volt: 5500 Lett: 5495
[15:59:29] [duty felvesz fegyver]Shura_Sharma Frakcio: 13 | 1 Db Deagle-t | Raktár: Volt: 370 Lett: 369
[15:59:59] [duty felvesz lõszer]Shura_Sharma Frakcio: 13 | 50 Db Deagle-t | Raktár: Volt: 5495 Lett: 5445
[16:00:11] [duty lead fegyver]Horvath_Adrian Frakcio: 20 | 1 Db Spray-t | Raktár Volt: -1 Lett: 0
[16:00:11] [duty lead fegyver]Horvath_Adrian Frakcio: 20 | 1 Db Stick-t | Raktár Volt: -1 Lett: 0
[16:00:11] [duty lead fegyver]Horvath_Adrian Frakcio: 20 | 1 Db MP5-t | Raktár Volt: 51 Lett: 52
[16:00:11] [duty lead fegyver]Horvath_Adrian Frakcio: 20 | 1 Db Rifle-t | Raktár Volt: 5 Lett: 6
[16:00:11] [duty lead lõszer]Horvath_Adrian Frakcio: 20 | 75 Db MP5-t | Raktár Volt: 4 Lett: 79
[16:00:11] [duty lead lõszer]Horvath_Adrian Frakcio: 20 | 50 Db Rifle-t | Raktár Volt: 738 Lett: 788
[16:00:11] [duty lead lõszer]Horvath_Adrian Frakcio: 20 | 400 Db Spray-t | Raktár Volt: 388 Lett: 788
[16:03:20] [duty lead fegyver]Ryan_Lennox Frakcio: 20 | 1 Db Spray-t | Raktár Volt: -1 Lett: 0
[16:03:20] [duty lead fegyver]Ryan_Lennox Frakcio: 20 | 1 Db Stick-t | Raktár Volt: -1 Lett: 0
[16:03:20] [duty lead fegyver]Ryan_Lennox Frakcio: 20 | 1 Db AK47-t | Raktár Volt: -1 Lett: 0
[16:03:20] [duty lead lõszer]Ryan_Lennox Frakcio: 20 | 120 Db AK47-t | Raktár Volt: -120 Lett: 0
[16:03:20] [duty lead lõszer]Ryan_Lennox Frakcio: 20 | 1200 Db Spray-t | Raktár Volt: -1200 Lett: 0
[16:03:50] [Átad][VLA]Tom_Torres átadott neki: [VLA]Chris_S_Black, egy MP5-t
[16:03:57] [Átad][VLA]Tom_Torres átadott 181db MP5 lõszert neki: [VLA]Chris_S_Black
[16:06:09] [duty felvesz fegyver]Kevin_L_Saltzman Frakcio: 13 | 1 Db M4-t | Raktár: Volt: 587 Lett: 586
[16:06:16] [duty felvesz lõszer]Kevin_L_Saltzman Frakcio: 13 | 200 Db M4-t | Raktár: Volt: 12841 Lett: 12641
[16:12:06] [duty felvesz lõszer]Akos_Vincenzo Frakcio: 1 | 100 Db MP5-t | Raktár: Volt: 206 Lett: 106
[16:12:09] [duty felvesz lõszer]Akos_Vincenzo Frakcio: 1 | 20 Db MP5-t | Raktár: Volt: 106 Lett: 86
[16:16:26] [duty felvesz fegyver]Ryan_Lennox Frakcio: 20 | 1 Db AK47-t | Raktár: Volt: 1 Lett: 0
[16:16:31] [/fegyverraktár berak fegyver 8] Ventura_Zecchin kivett egy M4 fegyvert a raktárból
[16:16:34] [duty felvesz lõszer]Ryan_Lennox Frakcio: 20 | 150 Db AK47-t | Raktár: Volt: 150 Lett: 0
[16:16:36] [/fegyverraktár berak fegyver 8] Ventura_Zecchin kivett egy MP5 fegyvert a raktárból
[16:16:42] [/fegyverraktár kivesz lõszer 8] Ventura_Zecchin kivett 300db M4 lõszert a raktárból
[16:16:49] [/fegyverraktár kivesz lõszer 8] Ventura_Zecchin kivett 200db MP5 lõszert a raktárból
[16:17:22] [/felvesz lõszer] Henrik_T_Scaletta felvette ezt: 135db MP5 lõszer
[16:17:26] [/felvesz fegyver] Henrik_T_Scaletta felvette ezt: MP5
[16:19:34] [/fegyverraktár berak fegyver 8] Hugo_Sanchez berakott egy M4 fegyvert a raktárba
[16:19:38] [/fegyverraktár berak lõszer 8] Hugo_Sanchez berakott 200db M4 lõszert a raktárba
[16:20:46] [Átad][LSPD]Nelson_Washington átadott neki: [LSPD]Jin_Sorrentino, egy M4-t
[16:20:50] [Átad][LSPD]Nelson_Washington átadott 272db M4 lõszert neki: [LSPD]Jin_Sorrentino
[16:20:58] [/eldob fegyver] Nelson_Washington eldobta ezt: Sniper
[16:21:03] [/eldob lõszer] Nelson_Washington eldobott 21db Sniper lõszert
[16:21:04] [duty lead fegyver]Nelson_Washington Frakcio: 1 | 1 Db Spray-t | Raktár Volt: -1 Lett: 0
[16:21:04] [duty lead fegyver]Nelson_Washington Frakcio: 1 | 1 Db Stick-t | Raktár Volt: -1 Lett: 0
[16:21:04] [duty lead fegyver]Nelson_Washington Frakcio: 1 | 1 Db MP5-t | Raktár Volt: 54 Lett: 55
[16:21:04] [duty lead fegyver]Nelson_Washington Frakcio: 1 | 1 Db SilencedColt45-t | Raktár Volt: 658 Lett: 659
[16:21:04] [duty lead fegyver]Nelson_Washington Frakcio: 1 | 1 Db Shotgun-t | Raktár Volt: 536 Lett: 537
[16:21:04] [duty lead lõszer]Nelson_Washington Frakcio: 1 | 96 Db SilencedColt45-t | Raktár Volt: 16257 Lett: 16353
[16:21:04] [duty lead lõszer]Nelson_Washington Frakcio: 1 | 50 Db Shotgun-t | Raktár Volt: 10164 Lett: 10214
[16:21:04] [duty lead lõszer]Nelson_Washington Frakcio: 1 | 300 Db MP5-t | Raktár Volt: 86 Lett: 386
[16:21:04] [duty lead lõszer]Nelson_Washington Frakcio: 1 | 800 Db Spray-t | Raktár Volt: -414 Lett: 386
[16:21:07] [/felvesz fegyver] Nelson_Washington felvette ezt: Sniper
[16:21:12] [/felvesz lõszer] Nelson_Washington felvette ezt: 21db Sniper lõszer
[16:27:01] [Berak][VLA]Tom_Torres berakott 1400db MP5 lõszert 255. ház széfjébe
[16:27:51] [duty felvesz fegyver]Marcel_B_Hollywood Frakcio: 1 | 1 Db MP5-t | Raktár: Volt: 55 Lett: 54
[16:27:59] [duty felvesz lõszer]Marcel_B_Hollywood Frakcio: 1 | 150 Db MP5-t | Raktár: Volt: 386 Lett: 236
[16:28:03] [Átad][LSPD]Marcel_B_Hollywood átadott neki: [LSPD]Max_Navarro, egy MP5-t
[16:28:12] [Átad][LSPD]Marcel_B_Hollywood átadott 150db MP5 lõszert neki: [LSPD]Max_Navarro
[16:30:16] [duty felvesz lõszer]Ryan_Lennox Frakcio: 20 | 160 Db AK47-t | Raktár: Volt: 160 Lett: 0
[16:31:19] [duty lead fegyver]Jin_Sorrentino Frakcio: 1 | 1 Db Rifle-t | Raktár Volt: 306 Lett: 307
[16:31:19] [duty lead fegyver]Jin_Sorrentino Frakcio: 1 | 1 Db Rifle-t | Raktár Volt: 306 Lett: 307
[16:31:25] [duty lead lõszer]Jin_Sorrentino Frakcio: 1 | 48 Db Rifle-t | Raktár Volt: 975 Lett: 1023
[16:31:25] [duty lead lõszer]Jin_Sorrentino Frakcio: 1 | 48 Db Rifle-t | Raktár Volt: 975 Lett: 1023
[16:32:17] [duty lead fegyver]Zero_Hopkins Frakcio: 13 | 1 Db Spray-t | Raktár Volt: -1 Lett: 0
[16:32:17] [duty lead fegyver]Zero_Hopkins Frakcio: 13 | 1 Db Stick-t | Raktár Volt: -1 Lett: 0
[16:32:17] [duty lead fegyver]Zero_Hopkins Frakcio: 13 | 1 Db MP5-t | Raktár Volt: 64 Lett: 65
[16:32:17] [duty lead fegyver]Zero_Hopkins Frakcio: 13 | 1 Db Deagle-t | Raktár Volt: 369 Lett: 370
[16:32:17] [duty lead lõszer]Zero_Hopkins Frakcio: 13 | 5 Db Deagle-t | Raktár Volt: 5445 Lett: 5450
[16:32:17] [duty lead lõszer]Zero_Hopkins Frakcio: 13 | 200 Db MP5-t | Raktár Volt: 3909 Lett: 4109
[16:32:17] [duty lead lõszer]Zero_Hopkins Frakcio: 13 | 400 Db Spray-t | Raktár Volt: 3709 Lett: 4109
[16:34:15] [duty lead fegyver]Shura_Sharma Frakcio: 13 | 1 Db Spray-t | Raktár Volt: -1 Lett: 0
[16:34:15] [duty lead fegyver]Shura_Sharma Frakcio: 13 | 1 Db Stick-t | Raktár Volt: -1 Lett: 0
[16:34:15] [duty lead fegyver]Shura_Sharma Frakcio: 13 | 1 Db MP5-t | Raktár Volt: 65 Lett: 66
[16:34:15] [duty lead fegyver]Shura_Sharma Frakcio: 13 | 1 Db Deagle-t | Raktár Volt: 370 Lett: 371
[16:34:15] [duty lead lõszer]Shura_Sharma Frakcio: 13 | 50 Db Deagle-t | Raktár Volt: 5450 Lett: 5500
[16:34:15] [duty lead lõszer]Shura_Sharma Frakcio: 13 | 200 Db MP5-t | Raktár Volt: 4109 Lett: 4309
[16:34:15] [duty lead lõszer]Shura_Sharma Frakcio: 13 | 400 Db Spray-t | Raktár Volt: 3909 Lett: 4309
[16:34:28] [/fegyverraktár kivesz lõszer 8] Antonn_Fedorov kivett 200db MP5 lõszert a raktárból
[16:34:50] [/fegyverraktár berak fegyver 8] Ventura_Zecchin kivett egy Sniper fegyvert a raktárból
[16:34:55] [/fegyverraktár kivesz lõszer 8] Ventura_Zecchin kivett 50db Sniper lõszert a raktárból
[16:35:01] [/fegyverraktár berak fegyver 8] Ventura_Zecchin berakott egy M4 fegyvert a raktárba
[16:35:04] [/fegyverraktár berak lõszer 8] Ventura_Zecchin berakott 284db M4 lõszert a raktárba
[16:36:03] [/fegyverraktár berak fegyver 8] Hugo_Sanchez kivett egy M4 fegyvert a raktárból
[16:36:08] [/fegyverraktár kivesz lõszer 8] Hugo_Sanchez kivett 250db M4 lõszert a raktárból
[16:36:18] [/eldob fegyver] Hugo_Sanchez eldobta ezt: M4
[16:36:23] [/fegyverraktár berak fegyver 8] Hugo_Sanchez kivett egy AK47 fegyvert a raktárból
[16:36:27] [Átad][VLA]Hugo_Sanchez átadott neki: [VLA]Tom_Torres, egy AK47-t
[16:37:18] [Átad][VLA]Hugo_Sanchez átadott 160db AK47 lõszert neki: [VLA]Tom_Torres
[16:37:22] [/felvesz fegyver] Hugo_Sanchez felvette ezt: M4
[16:40:11] [duty felvesz fegyver]Nelson_Washington Frakcio: 1 | 1 Db M4-t | Raktár: Volt: 40 Lett: 39
[16:40:17] [duty felvesz lõszer]Nelson_Washington Frakcio: 1 | 300 Db M4-t | Raktár: Volt: 4300 Lett: 4000
[16:42:45] [duty lead lõszer]Nelson_Washington Frakcio: 1 | 1500 Db SilencedColt45-t | Raktár Volt: 16353 Lett: 17853
[16:42:45] [duty lead lõszer]Nelson_Washington Frakcio: 1 | 1500 Db SilencedColt45-t | Raktár Volt: 16353 Lett: 17853
[16:42:53] [duty felvesz lõszer]Nelson_Washington Frakcio: 1 | 100 Db SilencedColt45-t | Raktár: Volt: 17853 Lett: 17753
[16:43:19] [duty lead lõszer]Preston_R_Wilson Frakcio: 1 | 450 Db Colt45-t | Raktár Volt: -450 Lett: 0
[16:43:19] [duty lead lõszer]Preston_R_Wilson Frakcio: 1 | 450 Db Colt45-t | Raktár Volt: -450 Lett: 0
[16:43:22] [duty lead fegyver]Daniel_Scaletta Frakcio: 1 | 1 Db Deagle-t | Raktár Volt: 45 Lett: 46
[16:43:22] [duty lead fegyver]Daniel_Scaletta Frakcio: 1 | 1 Db Deagle-t | Raktár Volt: 45 Lett: 46
[16:43:25] [duty lead lõszer]Preston_R_Wilson Frakcio: 1 | 750 Db Deagle-t | Raktár Volt: 65 Lett: 815
[16:43:25] [duty lead lõszer]Preston_R_Wilson Frakcio: 1 | 750 Db Deagle-t | Raktár Volt: 65 Lett: 815
[16:44:04] [Átad][LSPD]Daniel_Scaletta átadott neki: [LSPD]Preston_R_Wilson, egy Sniper-t
[16:44:04] [duty lead lõszer]Nelson_Washington Frakcio: 1 | 2000 Db Deagle-t | Raktár Volt: 815 Lett: 2815
[16:44:04] [duty lead lõszer]Nelson_Washington Frakcio: 1 | 2000 Db Deagle-t | Raktár Volt: 815 Lett: 2815
[16:44:09] [duty lead lõszer]Nelson_Washington Frakcio: 1 | 5000 Db MP5-t | Raktár Volt: 236 Lett: 5236
[16:44:09] [duty lead lõszer]Nelson_Washington Frakcio: 1 | 5000 Db MP5-t | Raktár Volt: 236 Lett: 5236
[16:44:09] [Átad][LSPD]Daniel_Scaletta átadott 30db Sniper lõszert neki: [LSPD]Preston_R_Wilson
[16:44:13] [duty felvesz lõszer]Nelson_Washington Frakcio: 1 | 250 Db MP5-t | Raktár: Volt: 5236 Lett: 4986
[16:44:17] [duty felvesz fegyver]Daniel_Scaletta Frakcio: 1 | 1 Db Sniper-t | Raktár: Volt: 6 Lett: 5
[16:44:18] [duty lead lõszer]Henrik_T_Scaletta Frakcio: 1 | 2000 Db Deagle-t | Raktár Volt: 2815 Lett: 4815
[16:44:18] [duty lead lõszer]Henrik_T_Scaletta Frakcio: 1 | 2000 Db Deagle-t | Raktár Volt: 2815 Lett: 4815
[16:44:24] [duty felvesz lõszer]Daniel_Scaletta Frakcio: 1 | 30 Db Sniper-t | Raktár: Volt: 4880 Lett: 4850
[16:45:00] [duty lead lõszer]Nelson_Washington Frakcio: 1 | 1150 Db Deagle-t | Raktár Volt: 4815 Lett: 5965
[16:45:00] [duty lead lõszer]Nelson_Washington Frakcio: 1 | 1150 Db Deagle-t | Raktár Volt: 4815 Lett: 5965
[18:39:49] [Kivesz][Civil]Georg_B_Hollywood kivett 300db M4 lõszert 108. ház széfjébõl
[18:49:33] [duty felvesz fegyver]Henrik_T_Scaletta Frakcio: 1 | 1 Db M4-t | Raktár: Volt: 41 Lett: 40
[18:49:36] [duty felvesz fegyver]Henrik_T_Scaletta Frakcio: 1 | 1 Db Sniper-t | Raktár: Volt: 7 Lett: 6
[18:49:41] [duty felvesz lõszer]Henrik_T_Scaletta Frakcio: 1 | 200 Db M4-t | Raktár: Volt: 4300 Lett: 4100
[18:49:44] [duty felvesz lõszer]Henrik_T_Scaletta Frakcio: 1 | 50 Db Sniper-t | Raktár: Volt: 4880 Lett: 4830
[18:50:10] [duty felvesz fegyver]Radovan_S_Barett Frakcio: 20 | 1 Db AK47-t | Raktár: Volt: 1 Lett: 0
[18:50:21] [duty felvesz lõszer]Radovan_S_Barett Frakcio: 20 | 200 Db AK47-t | Raktár: Volt: 200 Lett: 0
[18:50:38] [duty lead fegyver]Ryan_Lennox Frakcio: 20 | 1 Db Spray-t | Raktár Volt: -1 Lett: 0
[18:50:38] [duty lead fegyver]Ryan_Lennox Frakcio: 20 | 1 Db Stick-t | Raktár Volt: -1 Lett: 0
[18:50:38] [duty lead fegyver]Ryan_Lennox Frakcio: 20 | 1 Db AK47-t | Raktár Volt: -1 Lett: 0
[18:50:38] [duty lead lõszer]Ryan_Lennox Frakcio: 20 | 148 Db AK47-t | Raktár Volt: -148 Lett: 0
[18:50:38] [duty lead lõszer]Ryan_Lennox Frakcio: 20 | 800 Db Spray-t | Raktár Volt: -800 Lett: 0
[18:51:07] [duty felvesz fegyver]Ryan_Lennox Frakcio: 20 | 1 Db AK47-t | Raktár: Volt: 1 Lett: 0
[18:52:06] [duty felvesz lõszer]Ryan_Lennox Frakcio: 20 | 150 Db AK47-t | Raktár: Volt: 150 Lett: 0
