[01:55:40] [16] Edie_Morra - /login
[01:57:49] [16] Edie_Morra - /motor
[10:13:45] [16] William_W_Andrews - /login
[10:14:20] [16] William_W_Andrews - /jail
[10:16:04] [16] William_W_Andrews - /nyit
[10:16:57] [16] William_W_Andrews - /nyit
[10:18:05] [16] William_W_Andrews - /nyit
[10:20:22] [16] William_W_Andrews - /ah
[10:23:21] [16] William_W_Andrews - /nyit
[10:23:22] [16] William_W_Andrews - /zar
[10:24:15] [16] William_W_Andrews - /enter
[10:25:34] [16] William_W_Andrews - /zar
[10:25:35] [16] William_W_Andrews - /nyit
[10:25:39] [16] William_W_Andrews - /határellenõrzés
[10:25:47] [16] William_W_Andrews - /zar
[10:25:50] [16] William_W_Andrews - /zar
[10:25:52] [16] William_W_Andrews - /határellenõrzés
[10:25:56] [16] William_W_Andrews - /nyit
[10:25:59] [16] William_W_Andrews - /nyit
[10:26:10] [16] William_W_Andrews - /határellenõrzésbe
[10:26:13] [16] William_W_Andrews - /határellenõrzés be
[10:26:19] [16] William_W_Andrews - /határellenõrzés be
[10:27:02] [16] William_W_Andrews - /kaja
[10:27:02] [16] William_W_Andrews - /kaja
[10:34:35] [16] William_W_Andrews - /buy w
[10:34:41] [16] William_W_Andrews - /buyweapon
[10:34:44] [16] William_W_Andrews - /f vesz
[10:37:36] [16] William_W_Andrews - /pozú
[10:37:38] [16] William_W_Andrews - /poz
[10:41:44] [16] William_W_Andrews - /nyit
[10:43:12] [16] William_W_Andrews - /zar
[10:43:34] [16] William_W_Andrews - /pda
[10:45:56] [16] William_W_Andrews - /nyit
[10:45:57] [16] William_W_Andrews - /nyit
[10:46:06] [16] William_W_Andrews - /nyit
[10:46:07] [16] William_W_Andrews - /nyit
[10:49:25] [16] William_W_Andrews - /bérel
[10:49:28] [16] William_W_Andrews - /motor
[10:49:32] [16] William_W_Andrews - /cross
[10:49:34] [16] William_W_Andrews - /cross kezd
[10:56:11] [16] William_W_Andrews - /kaja
[10:56:13] [16] William_W_Andrews - /kaja
[10:56:15] [16] William_W_Andrews - /zsebe
[10:56:21] [16] William_W_Andrews - /zsebem
[10:56:28] [16] William_W_Andrews - /kaja
[10:56:48] [16] William_W_Andrews - /motor
[10:57:15] [16] William_W_Andrews - /vk
[10:57:29] [16] William_W_Andrews - /vk tagok
[10:57:39] [16] William_W_Andrews - /vk felvesz
[10:57:43] [16] William_W_Andrews - /vk kirúg
[10:57:48] [16] William_W_Andrews - /vk felszerelés
[10:57:52] [16] William_W_Andrews - /vk engedélyez
[10:58:05] [16] William_W_Andrews - /k taogk
[10:58:11] [16] William_W_Andrews - /autoker tagok
[11:11:54] [16] Edie_Morra - /login
[11:12:19] [16] Edie_Morra - /veh dodo
[11:12:39] [16] Edie_Morra - /removecar
[11:12:47] [16] Edie_Morra - /veh bullet
[11:20:58] [16] Edie_Morra - /nyit
[11:21:08] [16] Edie_Morra - /zar
[11:22:38] [16] Edie_Morra - /motor
[11:23:33] [16] Edie_Morra - /vr 3
[11:24:43] [16] Edie_Morra - /motor
[16:32:33] [0] Dolph_F_Gates - /login
[16:32:44] [0] Dolph_F_Gates - /adminalnevbe 1
[16:33:03] [1] Edie_Morra - /login
[16:33:18] [1] Edie_Morra - /goto
[16:33:22] [1] Edie_Morra - /goto 0
[16:33:31] [1] Edie_Morra - /gps be
[16:33:43] [1] Edie_Morra - /poz
[16:33:49] [1] Edie_Morra - /veh dodo
[16:34:42] [1] Edie_Morra - /goto 0
[16:35:09] [1] Edie_Morra - /motor
[16:35:13] [1] Edie_Morra - /removecar
[16:35:29] [1] Edie_Morra - /veh shamall
[16:35:31] [1] Edie_Morra - /veh shamal
[16:37:07] [1] Edie_Morra - /asegit 1
[16:37:19] [1] Edie_Morra - /veh nrg600
[16:37:22] [1] Edie_Morra - /veh nrg
[16:37:26] [1] Edie_Morra - /veh pcj600
[16:37:29] [2] Ralf_S_Tomasso - /login
[16:37:34] [2] Ralf_S_Tomasso - /gps be
[16:37:35] [2] Ralf_S_Tomasso - /nevek
[16:37:36] [2] Ralf_S_Tomasso - /tagok
[16:37:37] [2] Ralf_S_Tomasso - /admins
[16:37:39] [2] Ralf_S_Tomasso - /a csáó
[16:37:45] [2] Ralf_S_Tomasso - /stats
[16:37:49] [2] Ralf_S_Tomasso - /Adat 0
[16:37:52] [2] Ralf_S_Tomasso - /Adat 1
[16:37:57] [0] Dolph_F_Gates - /a hy
[16:38:02] [0] Dolph_F_Gates - /kaja
[16:38:06] [0] Dolph_F_Gates - /respawn 0
[16:38:11] [2] Ralf_S_Tomasso - /stats
[16:38:12] [0] Dolph_F_Gates - /Fa ja meg annyi h.
[16:38:17] [2] Ralf_S_Tomasso - /széf megnéz
[16:38:20] [2] Ralf_S_Tomasso - /onduty
[16:38:22] [2] Ralf_S_Tomasso - /fly
[16:38:22] [2] Ralf_S_Tomasso - /fly
[16:38:23] [2] Ralf_S_Tomasso - /fly
[16:38:23] [2] Ralf_S_Tomasso - /fly
[16:38:24] [2] Ralf_S_Tomasso - /fly
[16:38:24] [2] Ralf_S_Tomasso - /fly
[16:38:25] [2] Ralf_S_Tomasso - /fly
[16:38:25] [2] Ralf_S_Tomasso - /fly
[16:38:26] [2] Ralf_S_Tomasso - /fly
[16:38:27] [2] Ralf_S_Tomasso - /fly
[16:38:31] [2] Ralf_S_Tomasso - /admins
[16:38:34] [2] Ralf_S_Tomasso - /goto 1
[16:38:35] [0] Dolph_F_Gates - /fa William játszon. kari delete, és kezdjen újat ha akar
[16:38:43] [2] Ralf_S_Tomasso - /fly
[16:38:46] [2] Ralf_S_Tomasso - /fly
[16:38:46] [2] Ralf_S_Tomasso - /fly
[16:38:46] [2] Ralf_S_Tomasso - /fly
[16:38:47] [2] Ralf_S_Tomasso - /fly
[16:38:47] [2] Ralf_S_Tomasso - /fly
[16:38:49] [2] Ralf_S_Tomasso - /fly
[16:38:50] [2] Ralf_S_Tomasso - /fly
[16:38:51] [2] Ralf_S_Tomasso - /fly
[16:38:52] [2] Ralf_S_Tomasso - /fly
[16:38:53] [2] Ralf_S_Tomasso - /fly
[16:38:59] [0] Dolph_F_Gates - /stats
[16:39:01] [2] Ralf_S_Tomasso - /ahelp
[16:39:07] [0] Dolph_F_Gates - /statisztika
[16:39:09] [2] Ralf_S_Tomasso - /flymode
[16:39:09] [0] Dolph_F_Gates - /statisztika szerver
[16:39:21] [2] Ralf_S_Tomasso - /flymode
[16:39:22] [2] Ralf_S_Tomasso - /gps be
[16:39:29] [2] Ralf_S_Tomasso - /setskin ralf_S_T 292
[16:40:23] [1] Edie_Morra - /goto 2
[16:40:45] [2] Ralf_S_Tomasso - /goto edie
[16:41:14] [2] Ralf_S_Tomasso - /k felirat ki
[16:41:17] [2] Ralf_S_Tomasso - /kfelirat ki
[16:41:19] [2] Ralf_S_Tomasso - /kfelirat be
[16:41:21] [2] Ralf_S_Tomasso - /kfelirat
[16:41:24] [2] Ralf_S_Tomasso - /feliart
[16:41:25] [2] Ralf_S_Tomasso - /felirat
[16:41:32] [0] Dolph_F_Gates - /Fa most akkor minden V-s kocsik delete v. hogy van ? nekem nincs meg 1db se
[16:41:36] [2] Ralf_S_Tomasso - /adat 1
[16:41:36] [0] Dolph_F_Gates - /fa van akinek megvan
[16:41:39] [2] Ralf_S_Tomasso - /stats
[16:41:46] [1] Edie_Morra - /a de
[16:41:55] [1] Edie_Morra - /a törölve vannak
[16:41:59] [2] Ralf_S_Tomasso - /admins
[16:42:24] [1] Edie_Morra - /fa de vannak
[16:42:47] [1] Edie_Morra - /fa ki vannak törölve
[16:43:00] [2] Ralf_S_Tomasso - /veh
[16:43:02] [2] Ralf_S_Tomasso - /veh 
[16:43:03] [2] Ralf_S_Tomasso - /ahelp
[16:43:30] [3] William_W_Andrews - /login
[16:43:37] [0] Dolph_F_Gates - /fa mindenkinek ?
[16:43:49] [0] Dolph_F_Gates - /Fa a 32db V-s az már megvehetõek ?
[16:44:11] [1] Edie_Morra - /makeadmin 3 1
[16:44:27] [1] Edie_Morra - /helper 2 3
[16:44:38] [2] Ralf_S_Tomasso - /b /helper2 3
[16:44:39] [3] William_W_Andrews - /a /helper2 3
[16:44:45] [2] Ralf_S_Tomasso - /helper
[16:44:46] [1] Edie_Morra - /helper2 3
[16:44:49] [2] Ralf_S_Tomasso - /helper ralf_S_T 0
[16:45:14] [3] William_W_Andrews - /a /helper [id] [óra]
[16:45:21] [3] William_W_Andrews - /a /helper2 [id]
[16:45:33] [2] Ralf_S_Tomasso - /ahelp
[16:45:53] [3] William_W_Andrews - /a /helper [id] [óra] - Ideiglenes AdminSegéd Adás
[16:46:15] [3] William_W_Andrews - /a /helper [id] - Ideiglenes AdminSegéd Elvétele
[16:46:30] [1] Edie_Morra - /veh pcj600
[16:46:33] [3] William_W_Andrews - /a /helper2 [id] - Örök AdminSegéd Adása
[16:46:37] [3] William_W_Andrews - /a /helper2 [id] - Örök AdminSegéd Elvétele
[16:47:10] [2] Ralf_S_Tomasso - /motor
[16:47:14] [3] William_W_Andrews - /admins
[16:47:21] [2] Ralf_S_Tomasso - /pb indít
[16:47:22] [3] William_W_Andrews - /pb
[16:47:23] [2] Ralf_S_Tomasso - /pb indítás
[16:47:24] [1] Edie_Morra - /motor
[16:47:29] [2] Ralf_S_Tomasso - /pb indítás 2 1 5
[16:47:29] [3] William_W_Andrews - /pb nevezés
[16:47:31] [2] Ralf_S_Tomasso - /pb nevezés
[16:47:32] [2] Ralf_S_Tomasso - /pb nevezés 2
[16:47:34] [3] William_W_Andrews - /pb nevezés 2
[16:47:34] [1] Edie_Morra - /pb nevezés 2
[16:47:36] [2] Ralf_S_Tomasso - /onduty
[16:47:57] [2] Ralf_S_Tomasso - /stats
[16:48:01] [3] William_W_Andrews - /skill 12
[16:48:27] [2] Ralf_S_Tomasso - /skill 12
[16:48:38] [2] Ralf_S_Tomasso - /f e m4
[16:48:38] [2] Ralf_S_Tomasso - /f e ak47
[16:48:40] [3] William_W_Andrews - /f e m4
[16:48:43] [1] Edie_Morra - /f e m4
[16:49:06] [2] Ralf_S_Tomasso - /f e m4
[16:49:06] [2] Ralf_S_Tomasso - /f e ak47
[16:49:18] [2] Ralf_S_Tomasso - /f r
[16:49:22] [2] Ralf_S_Tomasso - /f r
[16:49:37] [2] Ralf_S_Tomasso - /cheathp william_W_A
[16:49:38] [2] Ralf_S_Tomasso - /f e m4
[16:49:38] [2] Ralf_S_Tomasso - /f e ak47
[16:49:39] [2] Ralf_S_Tomasso - /f e ak47 +
[16:49:42] [2] Ralf_S_Tomasso - /cheathp william_W_A +
[16:49:46] [2] Ralf_S_Tomasso - /cheathp william_W_A -
[16:49:50] [1] Edie_Morra - /f e m4
[16:49:54] [2] Ralf_S_Tomasso - /gps be
[16:50:05] [1] Edie_Morra - /f e m4
[16:50:08] [2] Ralf_S_Tomasso - /f r
[16:50:21] [3] William_W_Andrews - /f e m4
[16:50:42] [1] Edie_Morra - /f e m4
[16:50:51] [1] Edie_Morra - /f e m4
[16:50:52] [2] Ralf_S_Tomasso - /f r
[16:50:53] [2] Ralf_S_Tomasso - /f e m4
[16:50:53] [2] Ralf_S_Tomasso - /f e ak47
[16:50:59] [2] Ralf_S_Tomasso - /f e m4
[16:50:59] [2] Ralf_S_Tomasso - /f e ak47
[16:51:06] [2] Ralf_S_Tomasso - /f e m4
[16:51:06] [2] Ralf_S_Tomasso - /f e ak47
[16:51:08] [2] Ralf_S_Tomasso - /f e m4
[16:51:08] [2] Ralf_S_Tomasso - /f e ak47
[16:51:16] [1] Edie_Morra - /f e m4
[16:51:17] [2] Ralf_S_Tomasso - /f r
[16:51:18] [2] Ralf_S_Tomasso - /gp sbe
[16:51:20] [2] Ralf_S_Tomasso - /gps be
[16:51:23] [3] William_W_Andrews - /f e m4
[16:51:27] [3] William_W_Andrews - /f e m4
[16:51:45] [2] Ralf_S_Tomasso - /f e m4
[16:51:45] [2] Ralf_S_Tomasso - /f e ak47
[16:51:49] [2] Ralf_S_Tomasso - /gps be
[16:51:57] [3] William_W_Andrews - /f e m4
[16:52:20] [3] William_W_Andrews - /f e m4
[16:52:31] [0] Dolph_F_Gates - /fa akkor admin lesz ?
[16:52:36] [2] Ralf_S_Tomasso - /f r
[16:52:39] [3] William_W_Andrews - /f e m4
[16:52:54] [0] Dolph_F_Gates - /check 3 stats
[16:52:59] [1] Edie_Morra - /f e m4
[16:53:04] [3] William_W_Andrews - /f e combat
[16:53:19] [0] Dolph_F_Gates - /fa mind1. tik tudjátok
[16:53:26] [2] Ralf_S_Tomasso - /f e m4
[16:53:26] [2] Ralf_S_Tomasso - /f e ak47
[16:53:27] [1] Edie_Morra - /f e m4
[16:53:28] [2] Ralf_S_Tomasso - /gps be
[16:53:28] [3] William_W_Andrews - /f e m4
[16:53:30] [3] William_W_Andrews - /f e m4
[16:53:38] [2] Ralf_S_Tomasso - /f e m4
[16:53:38] [2] Ralf_S_Tomasso - /f e ak47
[16:53:45] [3] William_W_Andrews - /f e m4
[16:53:46] [2] Ralf_S_Tomasso - /gps be
[16:53:51] [2] Ralf_S_Tomasso - /pb indít 4
[16:53:55] [2] Ralf_S_Tomasso - /pb indítás
[16:53:59] [2] Ralf_S_Tomasso - /pb indítás 2
[16:54:01] [3] William_W_Andrews - /skill 12
[16:54:03] [2] Ralf_S_Tomasso - /pb indítás 2 1 5
[16:54:07] [3] William_W_Andrews - /pb nevezés 2
[16:54:15] [1] Edie_Morra - /pb nevezés 2
[16:54:29] [2] Ralf_S_Tomasso - /f e m4
[16:54:30] [2] Ralf_S_Tomasso - /f e ak47
[16:54:33] [2] Ralf_S_Tomasso - /skill 12
[16:54:52] [2] Ralf_S_Tomasso - /adat 4
[16:54:52] [2] Ralf_S_Tomasso - /adat 3
[16:55:11] [2] Ralf_S_Tomasso - /f e m4
[16:55:11] [2] Ralf_S_Tomasso - /f e ak47
[16:55:14] [3] William_W_Andrews - /f e mp5
[16:55:15] [1] Edie_Morra - /f e m4
[16:55:44] [1] Edie_Morra - /f e m4
[16:55:46] [2] Ralf_S_Tomasso - /f r
[16:55:52] [3] William_W_Andrews - /f e m4
[16:55:54] [2] Ralf_S_Tomasso - /f r
[16:55:57] [2] Ralf_S_Tomasso - /f e m4
[16:55:57] [2] Ralf_S_Tomasso - /f e ak47
[16:55:58] [1] Edie_Morra - /f e m4
[16:56:11] [2] Ralf_S_Tomasso - /f e m4
[16:56:11] [2] Ralf_S_Tomasso - /f e ak47
[16:56:22] [3] William_W_Andrews - /f e m4
[16:56:23] [2] Ralf_S_Tomasso - /gps be
[16:56:24] [2] Ralf_S_Tomasso - /f e m4
[16:56:24] [2] Ralf_S_Tomasso - /f e ak47
[16:56:25] [2] Ralf_S_Tomasso - /f e m4
[16:56:25] [2] Ralf_S_Tomasso - /f e ak47
[16:56:30] [1] Edie_Morra - /f e m4
[16:56:40] [1] Edie_Morra - /f e m4
[16:56:45] [2] Ralf_S_Tomasso - /f r
[16:56:48] [3] William_W_Andrews - /f e m4
[16:56:54] [1] Edie_Morra - /f e m4
[16:56:59] [0] Dolph_F_Gates - /a Edie
[16:57:03] [0] Dolph_F_Gates - /a akkor a bizek mehetnek ?
[16:57:05] [1] Edie_Morra - /a igen?
[16:57:08] [3] William_W_Andrews - /f e combat
[16:57:12] [2] Ralf_S_Tomasso - /f r
[16:57:15] [1] Edie_Morra - /a igen
[16:57:19] [0] Dolph_F_Gates - /a okés
[16:57:19] [2] Ralf_S_Tomasso - /f e mp5
[16:57:23] [2] Ralf_S_Tomasso - /f r
[16:57:29] [3] William_W_Andrews - /f e m4
[16:57:33] [2] Ralf_S_Tomasso - /f r
[16:57:36] [0] Dolph_F_Gates - /a intézem õket sorba. majd ha kész a forum, meg fel rakom
[16:57:36] [1] Edie_Morra - /a igen
[16:57:39] [0] Dolph_F_Gates - /a és megvehetik
[16:57:41] [2] Ralf_S_Tomasso - /f e m4
[16:57:41] [2] Ralf_S_Tomasso - /f e ak47
[16:57:41] [1] Edie_Morra - /f e m4
[16:57:42] [2] Ralf_S_Tomasso - /f e m4
[16:57:42] [2] Ralf_S_Tomasso - /f e ak47
[16:57:46] [2] Ralf_S_Tomasso - /f r
[16:57:50] [2] Ralf_S_Tomasso - /f r
[16:57:51] [3] William_W_Andrews - /f e m4
[16:57:52] [0] Dolph_F_Gates - /a oksi
[16:57:54] [1] Edie_Morra - /f e m4
[16:57:55] [0] Dolph_F_Gates - /abiz lista
[16:58:01] [0] Dolph_F_Gates - /abiz go 0
[16:58:03] [2] Ralf_S_Tomasso - /f r
[16:58:06] [1] Edie_Morra - /f e m4
[16:58:25] [2] Ralf_S_Tomasso - /f r
[16:58:30] [3] William_W_Andrews - /f e m4
[16:58:42] [1] Edie_Morra - /f e m4
[16:58:54] [2] Ralf_S_Tomasso - /f e m4
[16:58:54] [2] Ralf_S_Tomasso - /f e ak47
[16:59:00] [3] William_W_Andrews - /f e m4
[16:59:00] [2] Ralf_S_Tomasso - /f r
[16:59:02] [2] Ralf_S_Tomasso - /gps be
[16:59:03] [1] Edie_Morra - /f e m4
[16:59:08] [2] Ralf_S_Tomasso - /f r
[16:59:11] [1] Edie_Morra - /f e m4
[16:59:17] [0] Dolph_F_Gates - /abiz go 17
[16:59:23] [0] Dolph_F_Gates - /biz info
[16:59:27] [1] Edie_Morra - /f e m4
[16:59:27] [0] Dolph_F_Gates - /biz 
[16:59:31] [2] Ralf_S_Tomasso - /f e combat
[16:59:31] [2] Ralf_S_Tomasso - /f e shotgun
[16:59:33] [2] Ralf_S_Tomasso - /f e combat
[16:59:33] [2] Ralf_S_Tomasso - /f e shotgun
[16:59:40] [2] Ralf_S_Tomasso - /f r
[16:59:40] [0] Dolph_F_Gates - /biz  withdraw 180958122
[16:59:41] [2] Ralf_S_Tomasso - /f e mp5
[16:59:43] [2] Ralf_S_Tomasso - /f e m4
[16:59:43] [2] Ralf_S_Tomasso - /f e ak47
[16:59:44] [0] Dolph_F_Gates - /asellbiz
[16:59:48] [2] Ralf_S_Tomasso - /f r
[16:59:48] [0] Dolph_F_Gates - /asellbiz 17
[16:59:49] [2] Ralf_S_Tomasso - /f e combat
[16:59:49] [2] Ralf_S_Tomasso - /f e shotgun
[16:59:53] [2] Ralf_S_Tomasso - /f e m4
[16:59:53] [2] Ralf_S_Tomasso - /f e ak47
[16:59:58] [0] Dolph_F_Gates - /edit
[17:00:02] [2] Ralf_S_Tomasso - /f r
[17:00:02] [1] Edie_Morra - /f e m4
[17:00:05] [1] Edie_Morra - /f e m4
[17:00:11] [3] William_W_Andrews - /f e m4
[17:00:13] [1] Edie_Morra - /f e m4
[17:00:20] [0] Dolph_F_Gates - /ujadatok
[17:00:22] [0] Dolph_F_Gates - /ujadat
[17:00:30] [3] William_W_Andrews - /ah
[17:00:31] [1] Edie_Morra - /robbant 2
[17:00:34] [3] William_W_Andrews - /jail
[17:00:38] [0] Dolph_F_Gates - /edit level 
[17:00:40] [2] Ralf_S_Tomasso - /a Ouch
[17:00:46] [1] Edie_Morra - /robbant 1
[17:00:52] [1] Edie_Morra - /robbant 0
[17:00:57] [0] Dolph_F_Gates - /abiz
[17:01:02] [1] Edie_Morra - /robbant 3
[17:01:06] [2] Ralf_S_Tomasso - /skill 12
[17:01:14] [1] Edie_Morra - /robbant 0
[17:01:17] [3] William_W_Andrews - /hulla töröl
[17:01:20] [2] Ralf_S_Tomasso - /jail ralf_S_T Kórház 0 Edie köcsög
[17:01:22] [2] Ralf_S_Tomasso - /gps be
[17:01:27] [1] Edie_Morra - /jail
[17:01:28] [3] William_W_Andrews - /jail
[17:01:32] [0] Dolph_F_Gates - /edit 
[17:01:35] [0] Dolph_F_Gates - /edit belepo
[17:01:35] [2] Ralf_S_Tomasso - /setskin ralf_S_T 2392
[17:01:37] [2] Ralf_S_Tomasso - /setskin ralf_S_T 292
[17:01:38] [1] Edie_Morra - /jail lspd kórház 0
[17:01:39] [3] William_W_Andrews - /jail 3 kórház 0 Edie unatkozik...
[17:01:40] [1] Edie_Morra - /jail lspd kórház 0 0
[17:01:48] [1] Edie_Morra - /jail Kórház 0 0
[17:01:48] [0] Dolph_F_Gates - /abiz go 0
[17:01:52] [1] Edie_Morra - /jail 1 Kórház 0 0
[17:01:53] [0] Dolph_F_Gates - /asellbiz 0
[17:01:57] [0] Dolph_F_Gates - /buybiz
[17:02:01] [3] William_W_Andrews - /önkéntes
[17:02:06] [0] Dolph_F_Gates - /selbiz
[17:02:10] [0] Dolph_F_Gates - /sellbiz
[17:02:14] [0] Dolph_F_Gates - /buybiz
[17:02:21] [2] Ralf_S_Tomasso - /önkéntes
[17:02:25] [2] Ralf_S_Tomasso - /ahelp
[17:02:26] [3] William_W_Andrews - /ah
[17:02:31] [1] Edie_Morra - /setweaponskill 2 m4 1600
[17:02:36] [1] Edie_Morra - /setweaponskill 2 mp5 1600
[17:02:41] [1] Edie_Morra - /setweaponskill 2 sniper 1600
[17:02:56] [3] William_W_Andrews - /pm 1 lehet az én bizniszem a fegyverbolt? :D
[17:03:00] [0] Dolph_F_Gates - /login
[17:03:04] [2] Ralf_S_Tomasso - /skill1 2
[17:03:06] [2] Ralf_S_Tomasso - /skill 12
[17:03:08] [3] William_W_Andrews - /gps be
[17:03:13] [0] Dolph_F_Gates - /buybiz
[17:03:13] [3] William_W_Andrews - /gps lista biszniszek
[17:03:18] [3] William_W_Andrews - /gps lista bizniszek
[17:03:20] [0] Dolph_F_Gates - /biz info
[17:03:23] [2] Ralf_S_Tomasso - /harcstilus box
[17:03:27] [0] Dolph_F_Gates - /sellbiz
[17:03:33] [0] Dolph_F_Gates - /abiz go 1
[17:03:41] [0] Dolph_F_Gates - /asellbiz 1
[17:03:46] [0] Dolph_F_Gates - /buybiz
[17:03:49] [0] Dolph_F_Gates - /biz info
[17:03:58] [0] Dolph_F_Gates - /sellbiz
[17:03:59] [2] Ralf_S_Tomasso - /asegit ralf_S_T
[17:04:02] [0] Dolph_F_Gates - /abiz go 2
[17:04:04] [2] Ralf_S_Tomasso - /asegit ralf_S_T
[17:04:05] [3] William_W_Andrews - /nyit
[17:04:07] [2] Ralf_S_Tomasso - /hp ralf
[17:04:07] [3] William_W_Andrews - /zar
[17:04:07] [0] Dolph_F_Gates - /asellbiz 2
[17:04:10] [0] Dolph_F_Gates - /buybiz
[17:04:13] [0] Dolph_F_Gates - /biz info
[17:04:13] [2] Ralf_S_Tomasso - /hp 1 0
[17:04:15] [0] Dolph_F_Gates - /sellbiz
[17:04:22] [0] Dolph_F_Gates - /abiz go 3
[17:04:27] [0] Dolph_F_Gates - /asellbiz 3
[17:04:27] [3] William_W_Andrews - /nyit
[17:04:31] [3] William_W_Andrews - /zar
[17:04:31] [0] Dolph_F_Gates - /buybiz
[17:04:34] [0] Dolph_F_Gates - /biz info
[17:04:37] [0] Dolph_F_Gates - /sellbiz
[17:04:41] [1] Edie_Morra - /robbant 2
[17:04:42] [0] Dolph_F_Gates - /abiz go 4
[17:04:46] [3] William_W_Andrews - /nyit
[17:04:47] [0] Dolph_F_Gates - /asellbiz 4
[17:04:48] [3] William_W_Andrews - /duty
[17:04:50] [0] Dolph_F_Gates - /buybiz
[17:04:50] [2] Ralf_S_Tomasso - /jail ralf_S_T kórház 0 BUGOLOK
[17:04:52] [3] William_W_Andrews - /duty szolgálat
[17:04:53] [2] Ralf_S_Tomasso - /gps be
[17:04:53] [0] Dolph_F_Gates - /biz info
[17:04:56] [0] Dolph_F_Gates - /sellbiz
[17:04:56] [3] William_W_Andrews - /duty fegyver felvesz deagle
[17:04:57] [1] Edie_Morra - /jail 1 Kórház 0 0
[17:04:57] [2] Ralf_S_Tomasso - /jail 1 kórház 0 Õ IS BUGOL
[17:04:59] [3] William_W_Andrews - /duty fegyver felvesz mp5
[17:05:01] [3] William_W_Andrews - /duty fegyver felvesz m4
[17:05:04] [3] William_W_Andrews - /duty fegyver felvesz m4
[17:05:06] [3] William_W_Andrews - /duty fegyver felvesz sniper
[17:05:09] [3] William_W_Andrews - /duty fegyver felvesz sniper
[17:05:13] [3] William_W_Andrews - /duty fegyver felvesz combat
[17:05:16] [2] Ralf_S_Tomasso - /tele
[17:05:19] [1] Edie_Morra - /hulla töröl
[17:05:20] [1] Edie_Morra - /hulla töröl
[17:05:21] [3] William_W_Andrews - /duty lõszer felvesz deagle 50
[17:05:26] [3] William_W_Andrews - /duty lõszer felvesz mp5 200
[17:05:28] [1] Edie_Morra - /goto 2
[17:05:33] [3] William_W_Andrews - /duty lõszer felvesz m4 200
[17:05:37] [3] William_W_Andrews - /duty lõszer felvesz m4 25
[17:05:39] [2] Ralf_S_Tomasso - /nyit
[17:05:43] [3] William_W_Andrews - /duty lõszer felvesz sniper 25
[17:05:46] [2] Ralf_S_Tomasso - /pda
[17:05:52] [0] Dolph_F_Gates - /abiz lista
[17:06:00] [3] William_W_Andrews - /nyit
[17:06:02] [0] Dolph_F_Gates - /abiz go 5
[17:06:05] [0] Dolph_F_Gates - /asellbiz 5
[17:06:07] [0] Dolph_F_Gates - /buybiz
[17:06:10] [0] Dolph_F_Gates - /biz info
[17:06:11] [3] William_W_Andrews - /zar
[17:06:12] [0] Dolph_F_Gates - /sellbiz
[17:06:13] [3] William_W_Andrews - /zar
[17:06:16] [3] William_W_Andrews - /zar
[17:06:16] [3] William_W_Andrews - /zar
[17:06:17] [0] Dolph_F_Gates - /asellbiz 6
[17:06:22] [0] Dolph_F_Gates - /asellbiz 7
[17:06:23] [0] Dolph_F_Gates - /asellbiz 8
[17:06:24] [1] Edie_Morra - /nyit
[17:06:24] [0] Dolph_F_Gates - /asellbiz 9
[17:06:26] [0] Dolph_F_Gates - /asellbiz 10
[17:06:27] [0] Dolph_F_Gates - /asellbiz 11
[17:06:28] [0] Dolph_F_Gates - /asellbiz 12
[17:06:30] [0] Dolph_F_Gates - /asellbiz 13
[17:06:31] [2] Ralf_S_Tomasso - /nyit
[17:06:31] [0] Dolph_F_Gates - /asellbiz 14
[17:06:33] [0] Dolph_F_Gates - /asellbiz 15
[17:06:33] [3] William_W_Andrews - /f e m4
[17:06:34] [0] Dolph_F_Gates - /asellbiz 16
[17:06:36] [0] Dolph_F_Gates - /asellbiz 17
[17:06:37] [0] Dolph_F_Gates - /asellbiz 18
[17:06:39] [0] Dolph_F_Gates - /asellbiz 19
[17:06:41] [0] Dolph_F_Gates - /asellbiz 20
[17:06:44] [0] Dolph_F_Gates - /abiz lista
[17:06:49] [3] William_W_Andrews - /s Kezeket fel! Itt az FBI!
[17:06:53] [0] Dolph_F_Gates - /asellbiz 21
[17:06:54] [0] Dolph_F_Gates - /asellbiz 22
[17:06:55] [0] Dolph_F_Gates - /asellbiz 23
[17:06:56] [0] Dolph_F_Gates - /asellbiz 24
[17:06:57] [0] Dolph_F_Gates - /asellbiz 25
[17:06:58] [0] Dolph_F_Gates - /asellbiz 26
[17:06:59] [0] Dolph_F_Gates - /asellbiz 27
[17:07:01] [0] Dolph_F_Gates - /asellbiz 28
[17:07:02] [0] Dolph_F_Gates - /asellbiz 29
[17:07:04] [0] Dolph_F_Gates - /asellbiz 30
[17:07:07] [3] William_W_Andrews - /nyit
[17:07:08] [0] Dolph_F_Gates - /asellbiz 31
[17:07:08] [3] William_W_Andrews - /zar
[17:07:11] [0] Dolph_F_Gates - /a hü
[17:07:26] [2] Ralf_S_Tomasso - /széf megnéz
[17:08:01] [2] Ralf_S_Tomasso - /nyit
[17:08:18] [2] Ralf_S_Tomasso - /zar
[17:08:24] [0] Dolph_F_Gates - /abiz go 29
[17:08:29] [0] Dolph_F_Gates - /buybiz
[17:08:32] [0] Dolph_F_Gates - /biz info
[17:08:33] [2] Ralf_S_Tomasso - /wave
[17:08:34] [2] Ralf_S_Tomasso - /wave
[17:08:42] [0] Dolph_F_Gates - /biz withdraw 7812500
[17:08:55] [0] Dolph_F_Gates - /abiz go 5
[17:09:00] [0] Dolph_F_Gates - /buybiz
[17:09:05] [0] Dolph_F_Gates - /sellbiz
[17:09:09] [0] Dolph_F_Gates - /buybiz
[17:09:10] [2] Ralf_S_Tomasso - /onduty
[17:09:12] [0] Dolph_F_Gates - /biz info
[17:09:14] [0] Dolph_F_Gates - /sellbiz
[17:09:18] [0] Dolph_F_Gates - /abiz go 6
[17:09:20] [3] William_W_Andrews - /onduty
[17:09:22] [0] Dolph_F_Gates - /buybiz
[17:09:24] [0] Dolph_F_Gates - /biz info
[17:09:34] [0] Dolph_F_Gates - /biz withdraw 2300085
[17:09:37] [0] Dolph_F_Gates - /sellbiz
[17:09:41] [0] Dolph_F_Gates - /abiz go 7
[17:09:44] [0] Dolph_F_Gates - /buybiz
[17:10:16] [0] Dolph_F_Gates - /abiz go 8
[17:10:17] [2] Ralf_S_Tomasso - /goto edie_W
[17:10:21] [0] Dolph_F_Gates - /buybiz
[17:10:22] [0] Dolph_F_Gates - /biz info
[17:10:32] [3] William_W_Andrews - /motor
[17:10:35] [0] Dolph_F_Gates - /biz withdraw 10059745
[17:10:38] [0] Dolph_F_Gates - /sellbiz
[17:10:42] [0] Dolph_F_Gates - /abiz go 9
[17:10:42] [3] William_W_Andrews - /duty rangok
[17:10:45] [0] Dolph_F_Gates - /buybiz
[17:10:45] [2] Ralf_S_Tomasso - /setskin ralf_S_T 286
[17:10:47] [0] Dolph_F_Gates - /biz info
[17:10:49] [2] Ralf_S_Tomasso - /setskin ralf_S_T 290
[17:10:52] [2] Ralf_S_Tomasso - /setskin ralf_S_T 291
[17:10:53] [2] Ralf_S_Tomasso - /setskin ralf_S_T 292
[17:10:54] [2] Ralf_S_Tomasso - /setskin ralf_S_T 293
[17:10:55] [2] Ralf_S_Tomasso - /setskin ralf_S_T 294
[17:10:56] [0] Dolph_F_Gates - /biz withdraw 13226036
[17:10:56] [2] Ralf_S_Tomasso - /setskin ralf_S_T 295
[17:10:58] [0] Dolph_F_Gates - /sellbiz
[17:11:01] [2] Ralf_S_Tomasso - /crossarms
[17:11:01] [2] Ralf_S_Tomasso - /crossarms
[17:11:02] [0] Dolph_F_Gates - /abiz go 10
[17:11:03] [3] William_W_Andrews - /cross kezd
[17:11:05] [0] Dolph_F_Gates - /buybiz
[17:11:07] [0] Dolph_F_Gates - /biz info
[17:11:12] [2] Ralf_S_Tomasso - /leül
[17:11:22] [0] Dolph_F_Gates - /biz withdraw 43620245
[17:11:24] [0] Dolph_F_Gates - /sellbiz
[17:11:28] [0] Dolph_F_Gates - /abiz go 11
[17:11:30] [0] Dolph_F_Gates - /buybiz
[17:11:34] [0] Dolph_F_Gates - /biz info
[17:11:44] [0] Dolph_F_Gates - /biz withdraw 58768653
[17:11:47] [0] Dolph_F_Gates - /sellbiz
[17:11:51] [0] Dolph_F_Gates - /abiz go 12
[17:11:52] [2] Ralf_S_Tomasso - /pee
[17:11:56] [2] Ralf_S_Tomasso - /zarq
[17:11:57] [0] Dolph_F_Gates - /buybiz
[17:11:57] [2] Ralf_S_Tomasso - /zar
[17:11:59] [0] Dolph_F_Gates - /biz info
[17:12:02] [0] Dolph_F_Gates - /sellbiz
[17:12:05] [2] Ralf_S_Tomasso - /nyit
[17:12:05] [0] Dolph_F_Gates - /abiz go 13
[17:12:08] [0] Dolph_F_Gates - /buybiz
[17:12:11] [0] Dolph_F_Gates - /biz info
[17:12:24] [0] Dolph_F_Gates - /biz withdraw 5562250
[17:12:25] [2] Ralf_S_Tomasso - /nyit
[17:12:26] [0] Dolph_F_Gates - /sellbiz
[17:12:30] [0] Dolph_F_Gates - /abiz go 14
[17:12:34] [0] Dolph_F_Gates - /buybiz
[17:12:36] [0] Dolph_F_Gates - /biz info
[17:12:43] [0] Dolph_F_Gates - /biz withdraw 1160000
[17:12:46] [0] Dolph_F_Gates - /sellbiz
[17:12:51] [0] Dolph_F_Gates - /abiz go 15
[17:12:54] [0] Dolph_F_Gates - /buybiz
[17:12:58] [0] Dolph_F_Gates - /biz info
[17:13:08] [0] Dolph_F_Gates - /biz withdraw 29580278
[17:13:10] [0] Dolph_F_Gates - /sellbiz
[17:13:15] [0] Dolph_F_Gates - /abiz go 16
[17:13:18] [0] Dolph_F_Gates - /buybiz
[17:13:20] [0] Dolph_F_Gates - /biz info
[17:13:29] [0] Dolph_F_Gates - /biz withdraw 67437
[17:13:31] [0] Dolph_F_Gates - /sellbiz
[17:13:35] [0] Dolph_F_Gates - /abiz go 17
[17:13:38] [0] Dolph_F_Gates - /buybiz
[17:13:40] [0] Dolph_F_Gates - /biz info
[17:13:43] [0] Dolph_F_Gates - /sellbiz
[17:13:46] [0] Dolph_F_Gates - /abiz go 18
[17:13:49] [0] Dolph_F_Gates - /buybiz
[17:13:51] [0] Dolph_F_Gates - /biz info
[17:14:02] [0] Dolph_F_Gates - /biz withdraw 3992
[17:14:04] [0] Dolph_F_Gates - /sellbiz
[17:14:12] [0] Dolph_F_Gates - /abiz go 19
[17:14:14] [0] Dolph_F_Gates - /buybiz
[17:14:20] [0] Dolph_F_Gates - /biz info
[17:14:28] [0] Dolph_F_Gates - /biz withdraw 452516
[17:14:30] [0] Dolph_F_Gates - /sellbiz
[17:14:35] [0] Dolph_F_Gates - /abiz go 20
[17:14:38] [0] Dolph_F_Gates - /buybiz
[17:14:42] [0] Dolph_F_Gates - /biz info
[17:14:48] [0] Dolph_F_Gates - /biz withdraw 183520
[17:14:50] [0] Dolph_F_Gates - /sellbiz
[17:14:57] [0] Dolph_F_Gates - /abiz go 21
[17:15:00] [0] Dolph_F_Gates - /buybiz
[17:15:05] [0] Dolph_F_Gates - /biz info
[17:15:07] [2] Ralf_S_Tomasso - /fk lista
[17:15:08] [2] Ralf_S_Tomasso - /nyit
[17:15:10] [2] Ralf_S_Tomasso - /nyit
[17:15:12] [0] Dolph_F_Gates - /biz withdraw 47150
[17:15:14] [0] Dolph_F_Gates - /sellbiz
[17:15:17] [0] Dolph_F_Gates - /abiz go 22
[17:15:21] [0] Dolph_F_Gates - /buybizû
[17:15:23] [0] Dolph_F_Gates - /buybiz
[17:15:25] [0] Dolph_F_Gates - /biz info
[17:15:34] [2] Ralf_S_Tomasso - /zar
[17:15:34] [0] Dolph_F_Gates - /biz withdraw 225000
[17:15:37] [0] Dolph_F_Gates - /sellbiz
[17:15:41] [0] Dolph_F_Gates - /abiz go 23
[17:15:42] [2] Ralf_S_Tomasso - /pda
[17:15:43] [2] Ralf_S_Tomasso - /pda
[17:15:45] [0] Dolph_F_Gates - /buybiz
[17:15:47] [0] Dolph_F_Gates - /biz info
[17:15:54] [2] Ralf_S_Tomasso - /nyit
[17:15:56] [0] Dolph_F_Gates - /biz withdraw 150278
[17:15:57] [2] Ralf_S_Tomasso - /zar
[17:15:59] [0] Dolph_F_Gates - /sellbiz
[17:16:08] [0] Dolph_F_Gates - /abiz go 24
[17:16:12] [0] Dolph_F_Gates - /buybiz
[17:16:14] [0] Dolph_F_Gates - /biz info
[17:16:22] [0] Dolph_F_Gates - /biz withdraw 76159
[17:16:22] [2] Ralf_S_Tomasso - /b é.aéa
[17:16:24] [0] Dolph_F_Gates - /sellbiz
[17:16:32] [2] Ralf_S_Tomasso - /poloska
[17:16:47] [2] Ralf_S_Tomasso - /poloskabe
[17:16:50] [3] William_W_Andrews - /cross kezd
[17:17:06] [3] William_W_Andrews - /motor
[17:17:59] [3] William_W_Andrews - /pda
[17:18:38] [2] Ralf_S_Tomasso - /sranks
[17:19:03] [0] Dolph_F_Gates - /abiz go 25
[17:19:08] [0] Dolph_F_Gates - /buybiz
[17:19:10] [0] Dolph_F_Gates - /biz info
[17:19:10] [2] Ralf_S_Tomasso - /setskin ralf_S_T 292
[17:19:18] [2] Ralf_S_Tomasso - /pm william_W smoke weed everyday
[17:19:20] [0] Dolph_F_Gates - /biz withdraw 4303483
[17:19:22] [0] Dolph_F_Gates - /sellbiz
[17:19:27] [0] Dolph_F_Gates - /abiz go 26
[17:19:29] [0] Dolph_F_Gates - /buybiz
[17:19:31] [0] Dolph_F_Gates - /biz info
[17:19:39] [0] Dolph_F_Gates - /biz withdraw 31394033
[17:19:40] [3] William_W_Andrews - /a dolph
[17:19:41] [0] Dolph_F_Gates - /sellbiz
[17:19:44] [0] Dolph_F_Gates - /a ?
[17:19:48] [0] Dolph_F_Gates - /abiz go 27
[17:19:51] [0] Dolph_F_Gates - /buybiz
[17:19:52] [3] William_W_Andrews - /a sry a multkoriért
[17:19:54] [0] Dolph_F_Gates - /biz info
[17:20:02] [2] Ralf_S_Tomasso - /sss
[17:20:06] [0] Dolph_F_Gates - /biz withdraw 117269104
[17:20:08] [0] Dolph_F_Gates - /sellbiz
[17:20:11] [0] Dolph_F_Gates - /a nekem mind1
[17:20:22] [0] Dolph_F_Gates - /abiz go 28
[17:20:24] [0] Dolph_F_Gates - /buybiz
[17:20:28] [0] Dolph_F_Gates - /biz info
[17:20:38] [0] Dolph_F_Gates - /biz withdraw 573565
[17:20:38] [3] William_W_Andrews - /nyit
[17:20:41] [3] William_W_Andrews - /zar
[17:20:41] [0] Dolph_F_Gates - /sellbiz
[17:20:45] [0] Dolph_F_Gates - /abiz go 29
[17:20:49] [0] Dolph_F_Gates - /buybiz
[17:20:49] [3] William_W_Andrews - /nyit
[17:20:51] [0] Dolph_F_Gates - /biz info
[17:20:54] [0] Dolph_F_Gates - /sellbiz
[17:20:58] [0] Dolph_F_Gates - /abiz go 30
[17:21:01] [0] Dolph_F_Gates - /buybiz
[17:21:05] [3] William_W_Andrews - /motor
[17:21:05] [1] Edie_Morra - /nyit
[17:21:05] [0] Dolph_F_Gates - /biz info
[17:21:13] [2] Ralf_S_Tomasso - /zar
[17:21:13] [1] Edie_Morra - /nyit
[17:21:16] [0] Dolph_F_Gates - /biz withdraw 230000
[17:21:17] [1] Edie_Morra - /bezárás
[17:21:18] [0] Dolph_F_Gates - /sellbiz
[17:21:19] [3] William_W_Andrews - /nyit
[17:21:19] [1] Edie_Morra - /nyit
[17:21:21] [3] William_W_Andrews - /zar
[17:21:23] [0] Dolph_F_Gates - /abiz go 31
[17:21:25] [0] Dolph_F_Gates - /buybiz
[17:21:27] [0] Dolph_F_Gates - /biz info
[17:21:27] [1] Edie_Morra - /gotocar 24
[17:21:36] [0] Dolph_F_Gates - /biz withdraw 4152721
[17:21:38] [0] Dolph_F_Gates - /sellbiz
[17:21:38] [2] Ralf_S_Tomasso - /goto edie
[17:21:42] [0] Dolph_F_Gates - /amoney
[17:21:46] [1] Edie_Morra - /veh hunter
[17:21:48] [0] Dolph_F_Gates - /smoney 0 0
[17:22:13] [0] Dolph_F_Gates - /a durván -1 milliárd FT
[17:22:18] [0] Dolph_F_Gates - /a sokat le fogott a megvételnél
[17:22:31] [2] Ralf_S_Tomasso - /gethere william
[17:22:33] [2] Ralf_S_Tomasso - /nyit
[17:22:36] [2] Ralf_S_Tomasso - /felszerelések 4
[17:22:41] [2] Ralf_S_Tomasso - /swt engedélyez támadó
[17:22:42] [2] Ralf_S_Tomasso - /felszerelések 4
[17:22:46] [2] Ralf_S_Tomasso - /zsebem
[17:22:47] [3] William_W_Andrews - /felszerelések 4
[17:22:52] [3] William_W_Andrews - /zsebem
[17:22:56] [3] William_W_Andrews - /f e m4
[17:22:58] [3] William_W_Andrews - /nyit
[17:22:59] [3] William_W_Andrews - /nyit
[17:23:01] [2] Ralf_S_Tomasso - /onduty
[17:23:01] [2] Ralf_S_Tomasso - /f e m4
[17:23:01] [2] Ralf_S_Tomasso - /f e ak47
[17:23:05] [3] William_W_Andrews - /f  em4
[17:23:07] [3] William_W_Andrews - /f  e m4
[17:23:12] [3] William_W_Andrews - /onduty
[17:23:14] [3] William_W_Andrews - /f e m4
[17:23:51] [2] Ralf_S_Tomasso - /f r
[17:23:53] [2] Ralf_S_Tomasso - /f e m4
[17:23:53] [2] Ralf_S_Tomasso - /f e ak47
[17:24:10] [2] Ralf_S_Tomasso - /f r
[17:24:19] [0] Dolph_F_Gates - /a Ralf
[17:24:24] [3] William_W_Andrews - /jail 3 kórház 0 ralf rossz volt
[17:24:29] [3] William_W_Andrews - /tele
[17:24:30] [0] Dolph_F_Gates - /a tesem tudod h. kell átírnia  bizek vevõ árát ?xd
[17:24:36] [0] Dolph_F_Gates - /adminalnevbe 1
[17:24:53] [0] Dolph_F_Gates - /abiz ár
[17:24:55] [0] Dolph_F_Gates - /abiz 
[17:24:56] [3] William_W_Andrews - /a azt mondja, hogy /biz info
[17:24:57] [3] William_W_Andrews - /biz
[17:25:03] [0] Dolph_F_Gates - /biz info
[17:25:07] [1] Edie_Morra - /a Dolph olyan  árat adj meg, hogy az már dollár lesz
[17:25:18] [0] Dolph_F_Gates - /a dollár lesz ?
[17:25:25] [3] William_W_Andrews - /a igen az lesz
[17:25:27] [1] Edie_Morra - /a az
[17:25:56] [3] William_W_Andrews - /buybiz
[17:26:00] [3] William_W_Andrews - /bsz
[17:26:03] [3] William_W_Andrews - /stats
[17:26:05] [3] William_W_Andrews - /bsz
[17:26:25] [3] William_W_Andrews - /buybiz
[17:26:26] [3] William_W_Andrews - /biz
[17:26:28] [0] Dolph_F_Gates - /a aham
[17:26:48] [3] William_W_Andrews - /skill 12
[17:27:12] [3] William_W_Andrews - /biz info
[17:27:18] [3] William_W_Andrews - /biz name
[17:27:23] [3] William_W_Andrews - /bizname
[17:27:29] [3] William_W_Andrews - /biz info bizfee
[17:28:02] [0] Dolph_F_Gates - /a na én lépek kaja, pill
[17:28:24] [3] William_W_Andrews - /biz belépõ 30
[17:28:28] [3] William_W_Andrews - /biz belépõ 30000
[17:28:31] [3] William_W_Andrews - /biz belépõ 20000
[17:28:37] [3] William_W_Andrews - /biz
[17:28:41] [3] William_W_Andrews - /bizfee
[17:28:47] [3] William_W_Andrews - /biz bizfee
[17:28:50] [3] William_W_Andrews - /biz bizfee 5000
[17:28:57] [3] William_W_Andrews - /biz bizfee 20000
[17:30:02] [3] William_W_Andrews - /f vesz
[17:30:46] [3] William_W_Andrews - /a /setstat 3 1 20
[17:30:48] [3] William_W_Andrews - /a /setstat 3 1 20
[17:30:48] [3] William_W_Andrews - /a /setstat 3 1 20
[17:30:49] [3] William_W_Andrews - /a /setstat 3 1 20
[17:31:23] [1] Edie_Morra - /setstat 3 1 20
[17:31:53] [3] William_W_Andrews - /stats
[17:32:43] [3] William_W_Andrews - /buybiz
[17:32:51] [3] William_W_Andrews - /biz
[17:33:00] [3] William_W_Andrews - /biz extortion
[17:33:12] [3] William_W_Andrews - /business
[17:33:14] [3] William_W_Andrews - /help
[17:33:18] [3] William_W_Andrews - /help biznisz
[17:33:25] [3] William_W_Andrews - /biznisz
[17:33:29] [3] William_W_Andrews - /biz name
[17:33:32] [3] William_W_Andrews - /biz bizname
[17:33:39] [3] William_W_Andrews - /biz info név
[17:33:44] [3] William_W_Andrews - /biz név
[17:33:57] [3] William_W_Andrews - /biz név Los Santos Weapon Shop
[17:34:06] [3] William_W_Andrews - /biz név ~r~Los Santos Weapon Shop
[17:36:46] [3] William_W_Andrews - /gps lista bizniszek
[17:39:24] [3] William_W_Andrews - /vesz
[17:40:04] [3] William_W_Andrews - /k felirat le
[17:40:55] [3] William_W_Andrews - /k felirat le
[17:41:01] [3] William_W_Andrews - /k felirat be
[17:41:03] [3] William_W_Andrews - /k felirat le
[17:41:06] [3] William_W_Andrews - /k felirat ki
[17:41:33] [1] Edie_Morra - /szerver gmx 500
[17:41:36] [3] William_W_Andrews - /a /szerver mentés
[17:41:43] [1] Edie_Morra - /szerver mentés
[17:41:49] [3] William_W_Andrews - /a Leállítás: /szerver stop [idõ]
[17:41:59] [3] William_W_Andrews - /a Újraindítás: /szerver gmx [idõ]
[17:42:11] [1] Edie_Morra - /szerver gmx 20
[17:42:43] [3] William_W_Andrews - /a /makeadmin 3 1338
[17:42:45] [1] Edie_Morra - /szerver gmx 30
[17:42:54] [3] William_W_Andrews - /a /szerver
[17:43:57] [3] William_W_Andrews - /vesz
[17:44:01] [3] William_W_Andrews - /vesz
[17:44:15] [1] Edie_Morra - /1
[19:51:19] [16] Clint_Eastwood - /login
[19:52:49] [17] Marcell_O_Neill - /login
[19:52:52] [17] Marcell_O_Neill - /login
[20:02:35] [16] Marcell_O_Neill - /login
[20:02:40] [16] Marcell_O_Neill - /login
[20:02:54] [16] Marcell_O_Neill - /cc
[20:02:57] [16] Marcell_O_Neill - /cck debug 1
[20:03:11] [16] Marcell_O_Neill - /ckk debug 1
[20:03:16] [16] Marcell_O_Neill - /login
[20:05:16] [16] Marcell_O_Neill - /login
[20:05:18] [16] Marcell_O_Neill - /ckk debug 1
[20:05:29] [16] Marcell_O_Neill - /ckk
[20:10:18] [16] Clint_Eastwood - /login
[20:10:39] [16] Clint_Eastwood - /ckk
[20:10:47] [16] Clint_Eastwood - /ckk debug 1
[20:10:51] [16] Clint_Eastwood - /ckk connects 1
[20:14:26] [16] Clint_Eastwood - /login
[20:14:31] [16] Clint_Eastwood - /ckk debug 01
[20:14:32] [16] Clint_Eastwood - /ckk debug 1
[20:14:35] [16] Clint_Eastwood - /ckk connects 1
[20:33:17] [16] Clint_Eastwood - /login
[20:33:20] [16] Clint_Eastwood - /ckk debug 1
[20:33:24] [16] Clint_Eastwood - /ckk connects 1
[20:33:25] [16] Clint_Eastwood - /ckk connects
[20:33:27] [16] Clint_Eastwood - /ckk
[21:23:49] [16] Marcell_O_Neill - /spawmn
[21:23:52] [16] Marcell_O_Neill - /login
[21:40:00] [16] Patrik_O_Neill - /login
[21:51:47] [16] Mike_O_Neill - /gps lista bizniszek
[21:52:28] [16] Mike_O_Neill - /abiz go 0
[21:52:50] [16] Mike_O_Neill - /ah
[21:52:58] [16] Mike_O_Neill - /abiz név
[21:53:12] [16] Mike_O_Neill - /abiz név 0 ~r~SF Fegyverbolt
[21:53:21] [16] Mike_O_Neill - /abiz
[21:53:51] [16] Mike_O_Neill - /edit
[21:54:02] [16] Mike_O_Neill - /edit level 99
[21:55:19] [16] Mike_O_Neill - /edit level 99
[21:55:37] [16] Mike_O_Neill - /buybiz
[21:55:52] [16] Mike_O_Neill - /gmoney 16 100000
[21:55:55] [16] Mike_O_Neill - /buybiz
[21:56:10] [16] Mike_O_Neill - /asellbiz
[21:56:12] [16] Mike_O_Neill - /asellbiz 0
[21:56:16] [16] Mike_O_Neill - /sellbiz
[21:56:30] [16] Mike_O_Neill - /bizniszkulcs 16 0
[21:56:33] [16] Mike_O_Neill - /sellbiz
[21:56:40] [16] Mike_O_Neill - /abiz
[21:58:21] [16] Mike_O_Neill - /pickups
[21:58:26] [16] Mike_O_Neill - /pickups üres
[21:58:33] [16] Mike_O_Neill - /pickups pos
[21:58:44] [16] Mike_O_Neill - /pickups pos 1239 16
[21:59:10] [16] Mike_O_Neill - /abiz go 1
[21:59:29] [16] Mike_O_Neill - /abiz price
[21:59:33] [16] Mike_O_Neill - /abiz ár
[21:59:36] [16] Mike_O_Neill - /abiz
[21:59:51] [16] Mike_O_Neill - /abiz lista
[22:00:00] [16] Mike_O_Neill - /biz info
[22:00:16] [16] Mike_O_Neill - /abiz go 2
[22:00:43] [16] Mike_O_Neill - /abiz néz 2 ~r~Központi étterem
[22:00:48] [16] Mike_O_Neill - /abiz név 2 ~r~Központi étterem
[22:00:51] [16] Mike_O_Neill - /a haló
[22:01:15] [16] Mike_O_Neill - /abiz név 2 ~r~Kozponti etterem
[22:01:24] [16] Mike_O_Neill - /ann asd
[22:01:29] [16] Mike_O_Neill - /cnn
[22:01:37] [16] Mike_O_Neill - /cnn 2 Áééé
[22:01:45] [16] Mike_O_Neill - /cnn 0 Áééé
[22:02:11] [16] Mike_O_Neill - /abiz go 3
[22:02:28] [18] Patrik_O_Neill - /gps be
[22:02:34] [16] Mike_O_Neill - /abiz név 3 ~r~ Car Tuning Co.
[22:02:44] [16] Mike_O_Neill - /abiz go 4
[22:02:48] [18] Patrik_O_Neill - /Ah
[22:02:56] [18] Patrik_O_Neill - /tele
[22:03:02] [18] Patrik_O_Neill - /tele
[22:04:04] [18] Patrik_O_Neill - /kivanitt
[22:04:17] [18] Patrik_O_Neill - /Rendezvény Próga
[22:04:27] [18] Patrik_O_Neill - /kórmány rendezvény Próba
[22:04:41] [16] Mike_O_Neill - /abiz név 4 ~r~ LS Car Rent Co.
[22:04:44] [18] Patrik_O_Neill - /Rendezvény
[22:04:46] [17] Connor_O_Neill - /gps be
[22:04:51] [16] Mike_O_Neill - /abiz go 5
[22:04:53] [16] Mike_O_Neill - /stats
[22:04:54] [18] Patrik_O_Neill - /Stats
[22:05:02] [17] Connor_O_Neill - /tele
[22:05:07] [16] Mike_O_Neill - /abiz név 5 ~r~ SF Car Rent Co.
[22:05:13] [16] Mike_O_Neill - /abiz go 6
[22:05:29] [18] Patrik_O_Neill - /tele
[22:05:35] [17] Connor_O_Neill - /alma evés
[22:05:37] [16] Mike_O_Neill - /abiz név 6 ~r~ US Phone Company.
[22:05:55] [16] Mike_O_Neill - /goto patrik
[22:06:07] [18] Patrik_O_Neill - /kaja
[22:06:08] [18] Patrik_O_Neill - /kaja
[22:06:11] [16] Mike_O_Neill - /veh sultan
[22:06:24] [16] Mike_O_Neill - /veh sultan
[22:06:33] [16] Mike_O_Neill - /abiz go 7
[22:06:37] [17] Connor_O_Neill - /onduty
[22:06:46] [18] Patrik_O_Neill - /onduty
[22:06:47] [16] Mike_O_Neill - /ah
[22:07:17] [17] Connor_O_Neill - /zar
[22:08:32] [16] Mike_O_Neill - /abiz név 7 ~US OiL Co.
[22:09:36] [16] Mike_O_Neill - /ah
[22:09:58] [17] Connor_O_Neill - /motor
[22:10:07] [18] Patrik_O_Neill - /motor
[22:10:41] [16] Mike_O_Neill - /login
[22:10:49] [18] Patrik_O_Neill - /cross
[22:10:52] [18] Patrik_O_Neill - /cross kezd
[22:10:57] [17] Connor_O_Neill - /cross kezd
[22:11:02] [17] Connor_O_Neill - /cross kezd
[22:11:06] [17] Connor_O_Neill - /bankkártya
[22:11:30] [17] Connor_O_Neill - /motor
[22:11:43] [17] Connor_O_Neill - /gps töröl
[22:14:51] [17] Connor_O_Neill - /motor
[22:15:06] [16] Mike_O_Neill - /jail 16 admin 0 crash
[22:15:08] [16] Mike_O_Neill - /jail 16 admin 0 crash
[22:15:23] [16] Mike_O_Neill - /abiz go 0
[22:15:27] [16] Mike_O_Neill - /edit 
[22:15:40] [16] Mike_O_Neill - /edit price 10000000000
[22:15:45] [16] Mike_O_Neill - /edit price 1000000000
[22:16:08] [16] Mike_O_Neill - /abiz go 7
[22:16:26] [17] Connor_O_Neill - /duty szolgálat
[22:16:28] [17] Connor_O_Neill - /duty szolgálat
[22:17:08] [18] Patrik_O_Neill - /motor
[22:17:27] [18] Patrik_O_Neill - /tele
[22:17:34] [16] Mike_O_Neill - /abiz go 2
[22:17:38] [16] Mike_O_Neill - /abiz go 1
[22:17:44] [18] Patrik_O_Neill - /tele
[22:17:54] [16] Mike_O_Neill - /edit price 100000000
[22:17:58] [16] Mike_O_Neill - /edit price 1000000000
[22:18:09] [16] Mike_O_Neill - /abiz go 2
[22:18:11] [16] Mike_O_Neill - /edit price 1000000000
[22:18:13] [16] Mike_O_Neill - /abiz go 3
[22:18:16] [16] Mike_O_Neill - /edit price 1000000000
[22:18:17] [18] Patrik_O_Neill - /motor
[22:18:19] [16] Mike_O_Neill - /abiz go 4
[22:18:22] [16] Mike_O_Neill - /edit price 1000000000
[22:18:26] [16] Mike_O_Neill - /abiz go 5
[22:18:28] [16] Mike_O_Neill - /edit price 1000000000
[22:18:31] [16] Mike_O_Neill - /abiz go 6
[22:18:33] [16] Mike_O_Neill - /edit price 1000000000
[22:18:36] [16] Mike_O_Neill - /abiz go 8
[22:19:13] [18] Patrik_O_Neill - /fall
[22:19:14] [16] Mike_O_Neill - /abiz név 8 ~r~Dijbeszedõ Company
[22:19:19] [17] Connor_O_Neill - /fall
[22:19:24] [16] Mike_O_Neill - /abiz név 8 ~r~Dijbeszedo Vallalat
[22:19:28] [16] Mike_O_Neill - /edit price 1000000000
[22:19:32] [16] Mike_O_Neill - /abiz go 9
[22:19:38] [16] Mike_O_Neill - /edit price 1000000000
[22:19:42] [16] Mike_O_Neill - /abiz go 10
[22:19:51] [16] Mike_O_Neill - /edit price 1000000000
[22:19:53] [16] Mike_O_Neill - /abiz go 11
[22:20:13] [16] Mike_O_Neill - /abiz nev 11 ~Media company
[22:21:36] [17] Connor_O_Neill - /széf megnéz
[22:22:24] [18] Patrik_O_Neill - /tele
[22:22:42] [18] Patrik_O_Neill - /nyit
[22:22:49] [17] Connor_O_Neill - /motor
[22:22:51] [18] Patrik_O_Neill - /motor
[22:23:10] [18] Patrik_O_Neill - /széf megnéz
[22:23:45] [18] Patrik_O_Neill - /zar
[22:23:47] [18] Patrik_O_Neill - /tele
[22:24:45] [18] Patrik_O_Neill - /motor
[22:25:26] [16] Mike_O_Neill - /abiz név 11 ~r~Media Company
[22:25:30] [16] Mike_O_Neill - /abiz go 11
[22:25:55] [16] Mike_O_Neill - /abiz név 7 ~r~US OiL Co
[22:25:59] [16] Mike_O_Neill - /abiz go 7
[22:26:08] [16] Mike_O_Neill - /abiz go 11
[22:26:18] [16] Mike_O_Neill - /edit price 1000000000
[22:26:27] [16] Mike_O_Neill - /abiz go 12
[22:26:57] [16] Mike_O_Neill - /abiz name 12 ~r~Car Painter Co
[22:27:08] [16] Mike_O_Neill - /abiz name ~r~Car Painter Co
[22:27:11] [16] Mike_O_Neill - /abiz
[22:27:19] [16] Mike_O_Neill - /abiz nev 12 ~r~Car Painter Co
[22:27:30] [16] Mike_O_Neill - /edit price 1000000000
[22:27:36] [16] Mike_O_Neill - /abiz go 13
[22:28:15] [16] Mike_O_Neill - /abiz nev 13 ~r~Market City co
[22:28:23] [16] Mike_O_Neill - /abiz nev 13 ~r~Market co
[22:28:29] [16] Mike_O_Neill - /abiz nev 13 ~r~Market company
[22:28:34] [16] Mike_O_Neill - /edit price 1000000000
[22:28:38] [16] Mike_O_Neill - /abiz go 14
[22:29:00] [16] Mike_O_Neill - /abiz nev 14 ~r~US Paintball Co.
[22:29:03] [16] Mike_O_Neill - /edit price 1000000000
[22:29:50] [16] Mike_O_Neill - /abiz go 15
[22:30:14] [16] Mike_O_Neill - /abiz nev 15 ~r~Armor factory
[22:30:21] [16] Mike_O_Neill - /abiz go 16
[22:30:34] [16] Mike_O_Neill - /abiz nev 16 ~r~Burger Shot
[22:30:38] [16] Mike_O_Neill - /edit price 1000000000
[22:31:03] [16] Mike_O_Neill - /abiz go 17
[22:31:15] [16] Mike_O_Neill - /abiz
[22:31:19] [16] Mike_O_Neill - /abiz lista
[22:31:33] [16] Mike_O_Neill - /abiz nev 17 ~r~Cluckin Bell
[22:31:46] [16] Mike_O_Neill - /edit price 1000000000
[22:31:49] [16] Mike_O_Neill - /abiz go 18
[22:32:08] [16] Mike_O_Neill - /abiz nev 18 ~r~PizzaHut Co
[22:32:11] [16] Mike_O_Neill - /edit price 1000000000
[22:32:15] [16] Mike_O_Neill - /abiz go 19
[22:32:24] [16] Mike_O_Neill - /edit price 1000000000
[22:32:48] [16] Mike_O_Neill - /abiz nev 19 US Pubs Co
[22:33:04] [16] Mike_O_Neill - /abiz nev 19 ~r~US Pubs Co
[22:33:11] [16] Mike_O_Neill - /abiz go 20
[22:33:23] [16] Mike_O_Neill - /abiz nev 20 ~r~Pigpen
[22:34:40] [18] Patrik_O_Neill - /tele
[22:34:47] [17] Connor_O_Neill - /tele
[22:34:53] [18] Patrik_O_Neill - /motor
[22:34:58] [17] Connor_O_Neill - /motor
[22:35:09] [18] Patrik_O_Neill - /nyit
[22:35:14] [18] Patrik_O_Neill - /zar
[22:35:19] [18] Patrik_O_Neill - /nyit
[22:35:26] [17] Connor_O_Neill - /zar
[22:35:27] [18] Patrik_O_Neill - /zar
[22:35:30] [18] Patrik_O_Neill - /nyit
[22:35:35] [18] Patrik_O_Neill - /nyit
[22:35:42] [18] Patrik_O_Neill - /nyit
[22:35:46] [18] Patrik_O_Neill - /zar
[22:36:38] [17] Connor_O_Neill - /nyit
[22:37:07] [17] Connor_O_Neill - /me integet a kamerába
[22:37:17] [18] Patrik_O_Neill - /me bemutat a kamerába
[22:37:18] [17] Connor_O_Neill - /fucku
[22:37:23] [18] Patrik_O_Neill - /fucku
[22:37:25] [17] Connor_O_Neill - /nyit
[22:37:26] [17] Connor_O_Neill - /nyit
[22:37:31] [18] Patrik_O_Neill - /nyit
[22:37:32] [17] Connor_O_Neill - /zar
[22:37:37] [18] Patrik_O_Neill - /zar
[22:37:39] [18] Patrik_O_Neill - /zar
[22:37:51] [18] Patrik_O_Neill - /zar
[22:37:51] [17] Connor_O_Neill - /nyit
[22:37:52] [17] Connor_O_Neill - /nyit
[22:37:55] [17] Connor_O_Neill - /zar
[22:38:01] [18] Patrik_O_Neill - /nyit
[22:38:02] [18] Patrik_O_Neill - /nyit
[22:38:03] [18] Patrik_O_Neill - /nyit
[22:38:06] [17] Connor_O_Neill - /nyit
[22:38:07] [17] Connor_O_Neill - /nyit
[22:38:07] [18] Patrik_O_Neill - /nyit
[22:38:10] [18] Patrik_O_Neill - /zar
[22:38:12] [17] Connor_O_Neill - /nyit
[22:38:14] [17] Connor_O_Neill - /nyit
[22:38:17] [17] Connor_O_Neill - /zar
[22:38:33] [17] Connor_O_Neill - /nyit
[22:38:42] [17] Connor_O_Neill - /pee
[22:38:44] [18] Patrik_O_Neill - /pee
[22:38:49] [17] Connor_O_Neill - /kaja
[22:38:54] [17] Connor_O_Neill - /alma evés
[22:38:59] [17] Connor_O_Neill - /zar
[22:39:05] [18] Patrik_O_Neill - /zar
[22:39:07] [17] Connor_O_Neill - /alma evés
[22:39:20] [18] Patrik_O_Neill - /kaja
[22:39:34] [18] Patrik_O_Neill - /kaja
[22:39:37] [18] Patrik_O_Neill - /nyit
[22:39:43] [18] Patrik_O_Neill - /zar
[22:39:50] [18] Patrik_O_Neill - /nyit
[22:39:53] [18] Patrik_O_Neill - /zar
[22:39:56] [18] Patrik_O_Neill - /ah
[22:40:44] [17] Connor_O_Neill - /zsebem
[22:41:20] [17] Connor_O_Neill - /laptopom find 16
[22:41:39] [17] Connor_O_Neill - /laptopom find 16
[22:41:57] [17] Connor_O_Neill - /laptopom find 16
[22:42:13] [17] Connor_O_Neill - /motor
[22:42:14] [18] Patrik_O_Neill - /mjotor
[22:42:17] [18] Patrik_O_Neill - /motor
[22:42:42] [17] Connor_O_Neill - /onduty
[22:42:53] [18] Patrik_O_Neill - /onduty
[22:43:12] [18] Patrik_O_Neill - /L ez itt a Titkos rendõrség fel a kezekel ez egy rablás
[22:43:54] [17] Connor_O_Neill - /szemüveg igazít
[22:43:59] [17] Connor_O_Neill - /szemüveg felvesz
[22:44:08] [17] Connor_O_Neill - /szemüveg igazít
[22:44:16] [17] Connor_O_Neill - /szemüveg igazit
[22:44:34] [16] Mike_O_Neill - /edit price 1000000000
[22:44:41] [16] Mike_O_Neill - /abiz go 21
[22:44:41] [17] Connor_O_Neill - /szemüveg felvesz
[22:44:55] [17] Connor_O_Neill - /szemüveg igazit
[22:45:04] [16] Mike_O_Neill - /abiz nev 21 ~r~Italautomata vallalat
[22:45:06] [16] Mike_O_Neill - /edit price 1000000000
[22:45:13] [16] Mike_O_Neill - /abiz go 22
[22:45:44] [17] Connor_O_Neill - /enter
[22:45:45] [16] Mike_O_Neill - /abiz nev 22 ~r~Ship Renting corporation
[22:45:50] [16] Mike_O_Neill - /edit price 1000000000
[22:46:02] [16] Mike_O_Neill - /abiz go 23
[22:46:02] [17] Connor_O_Neill - /enter
[22:46:12] [16] Mike_O_Neill - /edit price 1000000000
[22:46:33] [16] Mike_O_Neill - /abiz nev 23 ~r~Don Donuts Co
[22:46:40] [18] Patrik_O_Neill - /tele
[22:46:41] [16] Mike_O_Neill - /abiz go 24
[22:46:51] [18] Patrik_O_Neill - /tele
[22:46:59] [17] Connor_O_Neill - /ondtuy
[22:47:02] [17] Connor_O_Neill - /onduty
[22:47:14] [16] Mike_O_Neill - /abiz nev 24 ~r~SeaSide Restaurants
[22:47:19] [17] Connor_O_Neill - /tele
[22:47:20] [16] Mike_O_Neill - /abiz nev 23 ~r~Don Donuts Co
[22:47:25] [16] Mike_O_Neill - /edit price 1000000000
[22:47:33] [16] Mike_O_Neill - /abiz go 25
[22:47:54] [18] Patrik_O_Neill - /tele
[22:48:01] [16] Mike_O_Neill - /abiz nev 25 ~r~Funny HotDog co
[22:48:06] [16] Mike_O_Neill - /edit price 1000000000
[22:48:11] [16] Mike_O_Neill - /abiz go 26
[22:48:19] [16] Mike_O_Neill - /edit price 1000000000
[22:48:26] [17] Connor_O_Neill - /motor
[22:48:35] [16] Mike_O_Neill - /abiz nev 26 ~r~Clothes shop
[22:48:45] [16] Mike_O_Neill - /abiz go 27
[22:48:56] [16] Mike_O_Neill - /abiz lista
[22:49:04] [17] Connor_O_Neill - /adat patrik
[22:49:14] [17] Connor_O_Neill - /stats
[22:49:38] [16] Mike_O_Neill - /abiz nev 27 ~r~CarShop
[22:49:41] [16] Mike_O_Neill - /edit price 1000000000
[22:49:59] [16] Mike_O_Neill - /check Patrikstats
[22:50:01] [18] Patrik_O_Neill - /motor
[22:50:03] [16] Mike_O_Neill - /check Patrik stats
[22:50:05] [18] Patrik_O_Neill - /Stats
[22:50:47] [16] Mike_O_Neill - /abiz go 28
[22:50:58] [16] Mike_O_Neill - /edit price 1000000000
[22:51:21] [16] Mike_O_Neill - /abiz nev 28 ~r~ClubRio
[22:51:26] [16] Mike_O_Neill - /abiz go 29
[22:51:45] [16] Mike_O_Neill - /abiz nev 29 ~r~US Security Co.
[22:51:50] [16] Mike_O_Neill - /edit price 1000000000
[22:51:55] [16] Mike_O_Neill - /abiz go 30
[22:52:55] [16] Mike_O_Neill - /abiz nev 30 ~r~US Range center
[22:52:59] [16] Mike_O_Neill - /edit price 1000000000
[22:53:04] [16] Mike_O_Neill - /abiz go 31
[22:53:07] [17] Connor_O_Neill - /tele
[22:53:13] [16] Mike_O_Neill - /edit price 1000000000
[22:53:28] [17] Connor_O_Neill - /tele
[22:53:45] [17] Connor_O_Neill - /motor
[22:53:48] [17] Connor_O_Neill - /tele
[22:54:08] [16] Mike_O_Neill - /abiz nev 31 ~r~Trade Tax collector
[22:54:11] [17] Connor_O_Neill - /motor
[22:55:01] [18] Patrik_O_Neill - /tele
[22:55:06] [18] Patrik_O_Neill - /tele
[22:55:10] [17] Connor_O_Neill - /tamogat
[22:55:14] [16] Mike_O_Neill - /adomany
[22:55:18] [17] Connor_O_Neill - /adomány
[22:56:05] [18] Patrik_O_Neill - /tele
[22:57:15] [16] Mike_O_Neill - /makeleader 12
[22:57:23] [16] Mike_O_Neill - /makeleader 16 12
[22:57:30] [16] Mike_O_Neill - /goto Connor
[22:57:31] [17] Connor_O_Neill - /tagok
[22:57:51] [17] Connor_O_Neill - /tele
[22:58:25] [18] Patrik_O_Neill - /tele
[22:58:30] [18] Patrik_O_Neill - /tele
[22:58:40] [16] Mike_O_Neill - /goto connor
[22:58:44] [17] Connor_O_Neill - /motor
[22:58:53] [16] Mike_O_Neill - /széf
[22:59:00] [16] Mike_O_Neill - /széf go 12
[22:59:02] [18] Patrik_O_Neill - /Ah
[22:59:07] [16] Mike_O_Neill - /széf go 12
[22:59:18] [18] Patrik_O_Neill - /motor
[23:00:28] [16] Mike_O_Neill - /széf megnéz
[23:00:59] [18] Patrik_O_Neill - /kaja
[23:01:19] [18] Patrik_O_Neill - /Ah
[23:01:20] [16] Mike_O_Neill - /fk lista
[23:01:25] [16] Mike_O_Neill - /goto Connor
[23:04:21] [18] Patrik_O_Neill - /get
[23:04:24] [18] Patrik_O_Neill - /get pis
[23:04:26] [18] Patrik_O_Neill - /get pos
[23:04:31] [18] Patrik_O_Neill - /get skin
[23:04:36] [18] Patrik_O_Neill - /gethp
[23:04:40] [18] Patrik_O_Neill - /gethp 17
[23:04:54] [18] Patrik_O_Neill - /pmblock
[23:07:14] [17] Connor_O_Neill - /B 
[23:08:17] [16] Mike_O_Neill - /széf
[23:08:25] [16] Mike_O_Neill - /széf érték 
[23:08:46] [16] Mike_O_Neill - /széf érték  12 251620000
[23:08:48] [18] Patrik_O_Neill - /Ah
[23:08:52] [16] Mike_O_Neill - /tele
[23:08:58] [16] Mike_O_Neill - /flymode
[23:09:11] [16] Mike_O_Neill - /flymode
[23:09:31] [16] Mike_O_Neill - /fk uh 48
[23:09:37] [16] Mike_O_Neill - /arendszam 48
[23:09:42] [16] Mike_O_Neill - /crs
[23:09:49] [16] Mike_O_Neill - /fk vesz 407
[23:10:06] [16] Mike_O_Neill - /atuningolás
[23:10:11] [16] Mike_O_Neill - /atuningolás
[23:10:35] [16] Mike_O_Neill - /fk szín
[23:11:24] [16] Mike_O_Neill - /fk szín 
[23:11:27] [16] Mike_O_Neill - /fk szín  3 1
[23:11:37] [16] Mike_O_Neill - /mark
[23:11:42] [16] Mike_O_Neill - /goto connor
[23:11:58] [16] Mike_O_Neill - /motor
[23:12:02] [16] Mike_O_Neill - /vr 3
[23:12:10] [16] Mike_O_Neill - /gotomark
[23:12:13] [16] Mike_O_Neill - /flymode
[23:12:26] [16] Mike_O_Neill - /flymode
[23:12:39] [16] Mike_O_Neill - /fk vesz 407
[23:12:54] [16] Mike_O_Neill - /mark 1
[23:13:05] [16] Mike_O_Neill - /gotomark
[23:13:28] [16] Mike_O_Neill - /fk szín 3 1
[23:13:42] [16] Mike_O_Neill - /goto connor
[23:13:48] [16] Mike_O_Neill - /vr3
[23:13:50] [16] Mike_O_Neill - /vr 3
[23:13:53] [16] Mike_O_Neill - /motor
[23:13:58] [16] Mike_O_Neill - /gotomark 1
[23:14:04] [16] Mike_O_Neill - /fk vesz 544
[23:14:14] [16] Mike_O_Neill - /goto Patrik
[23:14:24] [17] Connor_O_Neill - /motor
[23:14:26] [16] Mike_O_Neill - /motor
[23:14:26] [17] Connor_O_Neill - /fk park
[23:14:33] [18] Patrik_O_Neill - /motor
[23:14:38] [16] Mike_O_Neill - /gotomark 1
[23:14:41] [16] Mike_O_Neill - /fk vesz 544
[23:14:54] [16] Mike_O_Neill - /goto Patrik
[23:15:09] [16] Mike_O_Neill - /gotomark 1
[23:15:09] [17] Connor_O_Neill - /motor
[23:15:13] [17] Connor_O_Neill - /fk park
[23:15:14] [16] Mike_O_Neill - /fk vesz 490
[23:15:32] [16] Mike_O_Neill - /gotomark
[23:15:35] [17] Connor_O_Neill - /motor
[23:15:48] [16] Mike_O_Neill - /fk szín 3 1
[23:15:56] [16] Mike_O_Neill - /fk szín 3 3
[23:16:06] [16] Mike_O_Neill - /fk szín 3 0
[23:16:12] [16] Mike_O_Neill - /goto Patrik
[23:16:14] [17] Connor_O_Neill - /motor
[23:16:18] [16] Mike_O_Neill - /motor
[23:16:18] [17] Connor_O_Neill - /fk park
[23:16:31] [16] Mike_O_Neill - /gotomark 1
[23:16:39] [16] Mike_O_Neill - /fk vesz 598
[23:16:54] [17] Connor_O_Neill - /motor
[23:16:57] [17] Connor_O_Neill - /fk park
[23:17:11] [16] Mike_O_Neill - /fk vesz 599
[23:17:19] [16] Mike_O_Neill - /gotomark
[23:17:35] [18] Patrik_O_Neill - /motor
[23:17:36] [16] Mike_O_Neill - /fk szín 3 1
[23:17:48] [16] Mike_O_Neill - /fk szín 1 3
[23:17:58] [18] Patrik_O_Neill - /Ah
[23:18:10] [17] Connor_O_Neill - /motor
[23:18:11] [16] Mike_O_Neill - /goto Patrik
[23:18:15] [16] Mike_O_Neill - /vr 3
[23:18:29] [16] Mike_O_Neill - /ûmotor
[23:18:33] [17] Connor_O_Neill - /motor
[23:18:34] [16] Mike_O_Neill - /motor
[23:18:36] [17] Connor_O_Neill - /fk park
[23:18:43] [16] Mike_O_Neill - /vr 3
[23:18:52] [16] Mike_O_Neill - /ah
[23:19:08] [16] Mike_O_Neill - /gotomark 1
[23:19:10] [18] Patrik_O_Neill - /kivanitt
[23:19:12] [16] Mike_O_Neill - /fk vesz 417
[23:19:25] [16] Mike_O_Neill - /atuning festés 3 1
[23:19:34] [16] Mike_O_Neill - /goto Patrik
[23:19:41] [17] Connor_O_Neill - /motor
[23:19:43] [17] Connor_O_Neill - /fk park
[23:19:46] [16] Mike_O_Neill - /széf go 12
[23:19:50] [16] Mike_O_Neill - /széf megnéz
[23:20:20] [17] Connor_O_Neill - /motor
[23:20:33] [17] Connor_O_Neill - /motor
[23:20:38] [17] Connor_O_Neill - /fk park
[23:21:04] [17] Connor_O_Neill - /motor
[23:21:07] [17] Connor_O_Neill - /fk park
[23:21:11] [18] Patrik_O_Neill - /kaja
[23:21:12] [18] Patrik_O_Neill - /kaja
[23:21:41] [16] Mike_O_Neill - /széf érték
[23:21:45] [16] Mike_O_Neill - /széf érték 12 15000000
[23:22:02] [16] Mike_O_Neill - /széf érték 4 15000000
[23:24:02] [17] Connor_O_Neill - /motor
[23:24:17] [17] Connor_O_Neill - /enter
[23:24:29] [17] Connor_O_Neill - /fk park
[23:26:11] [18] Patrik_O_Neill - /Szemüveg felrak
[23:26:16] [18] Patrik_O_Neill - /Szemüveg felvesz
[23:26:20] [18] Patrik_O_Neill - /szemüveg
[23:26:22] [18] Patrik_O_Neill - /szemüveg igazit
[23:26:36] [18] Patrik_O_Neill - /szemüveg felvesz
[23:27:20] [18] Patrik_O_Neill - /onduty
[23:27:28] [18] Patrik_O_Neill - /ah
[23:27:36] [18] Patrik_O_Neill - /admins
[23:27:46] [18] Patrik_O_Neill - /crsid
[23:27:54] [18] Patrik_O_Neill - /crsid
[23:28:08] [18] Patrik_O_Neill - /crsid 501
[23:31:00] [18] Patrik_O_Neill - /tele
[23:31:05] [18] Patrik_O_Neill - /tele
[23:31:15] [18] Patrik_O_Neill - /enter
[23:31:20] [18] Patrik_O_Neill - /bsz
[23:31:31] [18] Patrik_O_Neill - /bankszámla befizet 150,000 Ft
[23:31:42] [18] Patrik_O_Neill - /exit
[23:31:52] [18] Patrik_O_Neill - /fyl
[23:31:54] [18] Patrik_O_Neill - /fly
[23:31:55] [18] Patrik_O_Neill - /fly
[23:32:09] [18] Patrik_O_Neill - /tele
[23:32:23] [18] Patrik_O_Neill - /onduty
