[04:33:51] [16] Edie_Morra - /login
[04:34:08] [16] Edie_Morra - /veh
[04:34:16] [16] Edie_Morra - /veh bullet 3 2
[04:34:34] [16] Edie_Morra - /removecar
[04:34:38] [16] Edie_Morra - /makeleader
[04:35:02] [16] Edie_Morra - /veh maverick 2 3
[04:36:14] [16] Edie_Morra - /gps be
[04:37:59] [16] Edie_Morra - /motor
[04:38:47] [16] Edie_Morra - /nyit
[04:38:52] [16] Edie_Morra - /zar
[04:39:08] [16] Edie_Morra - /széf megnéz
[04:39:24] [16] Edie_Morra - /széf érték 5 35000000
[04:39:44] [16] Edie_Morra - /makeleader
[04:40:17] [16] Edie_Morra - /frakció
[04:40:24] [16] Edie_Morra - /frakcio
[04:42:27] [16] Edie_Morra - /FEGYVERRAKTÁR
[04:42:35] [16] Edie_Morra - /fegyverraktár
[04:43:52] [16] Edie_Morra - /motor
[04:43:58] [16] Edie_Morra - /aPARK
[04:44:55] [16] Edie_Morra - /motor
[04:44:57] [16] Edie_Morra - /apark
[04:45:02] [16] Edie_Morra - /crs
[04:46:32] [16] Edie_Morra - /nyit
[04:46:34] [16] Edie_Morra - /nyit
[04:46:46] [16] Edie_Morra - /zar
[04:48:19] [16] Edie_Morra - /objekt
[04:48:22] [16] Edie_Morra - /object
[04:48:47] [16] Edie_Morra - /object uj
[04:49:11] [16] Edie_Morra - /object uj 1216
[04:49:41] [16] Edie_Morra - /object módosít 1216
[04:49:48] [16] Edie_Morra - /object módosít 1905
[04:50:19] [16] Edie_Morra - /object töröl 1905
[04:50:43] [16] Edie_Morra - /object módosít 1216
[04:50:51] [16] Edie_Morra - /object uj 1216
[04:51:57] [16] Edie_Morra - /object uj atm
[04:52:08] [16] Edie_Morra - /atm
[04:52:20] [16] Edie_Morra - /atm go
[04:52:31] [16] Edie_Morra - /atm lerak
[04:53:06] [16] Edie_Morra - /rendel
[04:53:19] [16] Edie_Morra - /rendel object
[04:53:28] [16] Edie_Morra - /rendel object atm
[04:53:40] [16] Edie_Morra - /rendel
[04:53:44] [16] Edie_Morra - /rendel lista
[04:54:18] [16] Edie_Morra - /ahelp
[04:54:30] [16] Edie_Morra - /atm
[04:54:40] [16] Edie_Morra - /atm üres
[04:55:13] [16] Edie_Morra - /ujhaz
[04:55:19] [16] Edie_Morra - /ujhaz
[04:55:21] [16] Edie_Morra - /ahelp
[04:55:38] [16] Edie_Morra - /ujhaz
[04:55:42] [16] Edie_Morra - /ujház
[04:55:47] [16] Edie_Morra - /újház
[04:56:40] [16] Edie_Morra - /object
[04:57:16] [16] Edie_Morra - /atm
[04:57:24] [16] Edie_Morra - /atm go 14
[04:57:39] [16] Edie_Morra - /atm
[04:58:02] [16] Edie_Morra - /raktár
[04:58:05] [16] Edie_Morra - /raktár 5
[04:58:26] [16] Edie_Morra - /raktár Amegnéz
[04:58:28] [16] Edie_Morra - /raktár Amegnéz 5
[05:00:52] [16] Edie_Morra - /goigenyles
[05:00:55] [16] Edie_Morra - /goigenyles 0
[05:00:57] [16] Edie_Morra - /goigenyles 1
[05:00:59] [16] Edie_Morra - /goigenyles 2
[05:01:01] [16] Edie_Morra - /goigenyles 3
[05:01:02] [16] Edie_Morra - /goigenyles 4
[05:01:05] [16] Edie_Morra - /goigenyles 
[05:01:11] [16] Edie_Morra - /igenyles
[05:01:29] [16] Edie_Morra - /cc
[05:01:43] [16] Edie_Morra - /mark
[05:02:01] [16] Edie_Morra - /mark
[05:02:13] [16] Edie_Morra - /goto mark
[05:02:16] [16] Edie_Morra - /goto mark
[05:02:20] [16] Edie_Morra - /gotomark
[05:02:27] [16] Edie_Morra - /fk lista
[05:02:30] [16] Edie_Morra - /gotocar 20
[05:02:36] [16] Edie_Morra - /gotocar 17
[05:02:43] [16] Edie_Morra - /crs
[05:02:50] [16] Edie_Morra - /removeca
[05:02:52] [16] Edie_Morra - /removecar
[05:02:55] [16] Edie_Morra - /carresi
[05:03:12] [16] Edie_Morra - /acrmost
[05:08:05] [16] Edie_Morra - /egm c
[05:08:08] [16] Edie_Morra - /egm c
[05:08:12] [16] Edie_Morra - /sisak
[05:08:28] [16] Edie_Morra - /stats
[05:08:39] [16] Edie_Morra - /nyit
[05:08:47] [16] Edie_Morra - /zar
[05:15:29] [16] Edie_Morra - /gotomark
[05:21:34] [16] Edie_Morra - /nyit
[05:21:40] [16] Edie_Morra - /zar
[05:22:38] [16] Edie_Morra - /motor
[05:22:53] [16] Edie_Morra - /park
[05:22:56] [16] Edie_Morra - /apark
[05:23:32] [16] Edie_Morra - /hp 16 150
[06:26:21] [16] William_W_Andrews - /login
[06:26:35] [16] William_W_Andrews - /onduty
[06:27:07] [16] William_W_Andrews - /call
[06:27:17] [16] William_W_Andrews - /call tf
[06:27:38] [16] William_W_Andrews - /gps be
[06:27:45] [16] William_W_Andrews - /aterulet
[06:27:48] [16] William_W_Andrews - /aterulet tulaj
[06:27:56] [16] William_W_Andrews - /aterulet foglalható
[06:28:05] [16] William_W_Andrews - /aterulet várakozás
[06:28:41] [16] William_W_Andrews - /nyit
[06:28:50] [16] William_W_Andrews - /zar
[06:29:21] [16] William_W_Andrews - /nyit
[06:29:28] [16] William_W_Andrews - /zar
[06:30:58] [16] William_W_Andrews - /nyit
[06:31:03] [16] William_W_Andrews - /nyit
[06:31:08] [16] William_W_Andrews - /zar
[06:31:59] [16] William_W_Andrews - /asayn Próba
[06:32:24] [16] William_W_Andrews - /nyit
[06:32:26] [16] William_W_Andrews - /zar
[06:35:30] [16] William_W_Andrews - /nyit
[06:35:31] [16] William_W_Andrews - /zar
[06:35:38] [16] William_W_Andrews - /nyit
[06:35:39] [16] William_W_Andrews - /zar
[06:35:59] [16] William_W_Andrews - /házigénylések
[06:36:45] [16] William_W_Andrews - /iratok 16
[06:36:55] [16] William_W_Andrews - /jogsi
[06:37:01] [16] William_W_Andrews - /vizsgáztat
[06:37:08] [16] William_W_Andrews - /árak
[06:38:31] [16] William_W_Andrews - /nyit
[06:38:33] [16] William_W_Andrews - /zar
[07:13:22] [17] Connor_O_Neill - /login
[07:13:31] [17] Connor_O_Neill - /gps be
[07:14:01] [17] Connor_O_Neill - /onduty
[07:14:09] [17] Connor_O_Neill - /ah
[07:15:34] [17] Connor_O_Neill - /nyitú
[07:15:36] [17] Connor_O_Neill - /nyit
[07:15:37] [17] Connor_O_Neill - /zar
[07:17:01] [17] Connor_O_Neill - /tele
[07:17:15] [17] Connor_O_Neill - /ann
[07:17:27] [17] Connor_O_Neill - /zso
[07:17:35] [17] Connor_O_Neill - /pacsi 17
[07:20:19] [17] Connor_O_Neill - /kivanitt
[08:40:28] [17] Marcell_O_Neill - /login
[08:40:34] [17] Marcell_O_Neill - /a csao
[08:40:41] [17] Marcell_O_Neill - /a na mivan xx
[08:40:54] [17] Marcell_O_Neill - /a új nevet váltottam :D
[08:40:58] [17] Marcell_O_Neill - /goto
[08:41:00] [17] Marcell_O_Neill - /goto 16
[08:41:18] [17] Marcell_O_Neill - /onduty
[08:41:30] [17] Marcell_O_Neill - /gps be
[08:41:32] [17] Marcell_O_Neill - /veh sabre
[08:42:37] [17] Marcell_O_Neill - /removecar
[08:42:40] [17] Marcell_O_Neill - /stats
[08:42:42] [17] Marcell_O_Neill - /gotoveh
[08:42:45] [17] Marcell_O_Neill - /gotocar 409
[08:43:46] [17] Marcell_O_Neill - /tuning
[08:43:47] [17] Marcell_O_Neill - /tuning
[08:43:49] [17] Marcell_O_Neill - /v
[08:43:51] [17] Marcell_O_Neill - /v szín 
[08:43:55] [17] Marcell_O_Neill - /v szín sárga sárga
[08:51:43] [18] Milinte_Brasco - /login
[08:51:49] [18] Milinte_Brasco - /r Salve!
[08:51:49] [18] Milinte_Brasco - /rb csá :D
[08:51:49] [18] Milinte_Brasco - /szr Üdv!
[08:51:49] [18] Milinte_Brasco - /szrb csá:D
[08:51:49] [18] Milinte_Brasco - /gps be
[08:51:49] [18] Milinte_Brasco - /nevek
[08:51:49] [18] Milinte_Brasco - /laptopom netbank belépés 551037 6812
[08:51:49] [18] Milinte_Brasco - /sr Erõt, egészséget!
[08:51:49] [18] Milinte_Brasco - /srb csuma!:d
[08:51:49] [18] Milinte_Brasco - /irc join 91 gates
[08:51:50] [18] Milinte_Brasco - /snevek
[08:51:50] [18] Milinte_Brasco - /harcstílus elbow
[08:52:20] [18] Milinte_Brasco - /fk lista
[08:52:33] [17] Marcell_O_Neill - /v szín 116 116
[08:52:46] [17] Marcell_O_Neill - /v szín 194 194
[08:52:54] [17] Marcell_O_Neill - /goto 18
[08:53:09] [18] Milinte_Brasco - /stats
[08:53:55] [17] Marcell_O_Neill - /motor
[08:53:56] [17] Marcell_O_Neill - /v park
[08:54:01] [17] Marcell_O_Neill - /stats
[08:54:05] [17] Marcell_O_Neill - /goto 412
[08:54:07] [17] Marcell_O_Neill - /gotocar 412
[08:54:14] [17] Marcell_O_Neill - /v nyit
[08:54:17] [17] Marcell_O_Neill - /v lock
[08:54:29] [17] Marcell_O_Neill - /atuning nitro
[08:54:33] [18] Milinte_Brasco - /skill
[08:54:34] [18] Milinte_Brasco - /skill 11
[08:54:38] [18] Milinte_Brasco - /skill 12
[08:55:49] [17] Marcell_O_Neill - /fixveh 3
[08:55:52] [17] Marcell_O_Neill - /motor
[08:55:53] [17] Marcell_O_Neill - /v lock
[08:56:03] [17] Marcell_O_Neill - /v lock
[08:56:05] [17] Marcell_O_Neill - /stats
[08:56:09] [17] Marcell_O_Neill - /goto 436
[08:56:12] [17] Marcell_O_Neill - /gotocar 436
[08:56:25] [18] Milinte_Brasco - /pb
[08:56:26] [18] Milinte_Brasco - /pb fegyverek
[08:58:09] [17] Marcell_O_Neill - /motor
[08:58:13] [17] Marcell_O_Neill - /v lock
[08:58:27] [17] Marcell_O_Neill - /veh infernus
[08:58:33] [17] Marcell_O_Neill - /kocsiradio
[08:58:35] [17] Marcell_O_Neill - /kocsiradio lista
[08:58:48] [17] Marcell_O_Neill - /atuning nitro
[08:59:20] [17] Marcell_O_Neill - /motor
[08:59:23] [17] Marcell_O_Neill - /removecar
[08:59:26] [18] Milinte_Brasco - /pb indítás 4 1 5
[08:59:29] [18] Milinte_Brasco - /pb fegyverek
[08:59:32] [17] Marcell_O_Neill - /pb nevezés
[08:59:35] [17] Marcell_O_Neill - /pb nevezés 4
[08:59:43] [17] Marcell_O_Neill - /setskill
[08:59:46] [17] Marcell_O_Neill - /setskill
[08:59:49] [18] Milinte_Brasco - /set
[08:59:50] [17] Marcell_O_Neill - /skill
[08:59:50] [18] Milinte_Brasco - /setskill
[08:59:53] [17] Marcell_O_Neill - /skill 12
[09:00:01] [17] Marcell_O_Neill - /sestats
[09:00:03] [17] Marcell_O_Neill - /setstats
[09:00:04] [17] Marcell_O_Neill - /setstat
[09:00:13] [17] Marcell_O_Neill - /setstat m4
[09:00:17] [17] Marcell_O_Neill - /setstat m4 1600
[09:00:21] [17] Marcell_O_Neill - /setstat 17 m4 1600
[09:00:30] [18] Milinte_Brasco - /f e m4
[09:00:30] [18] Milinte_Brasco - /f e ak47
[09:00:35] [17] Marcell_O_Neill - /f e m4
[09:00:49] [18] Milinte_Brasco - /as onduty
[09:00:50] [17] Marcell_O_Neill - /onduty
[09:01:02] [18] Milinte_Brasco - /f r
[09:01:14] [17] Marcell_O_Neill - /f e m4
[09:01:26] [18] Milinte_Brasco - /f r
[09:01:31] [17] Marcell_O_Neill - /setskill
[09:01:34] [17] Marcell_O_Neill - /ah
[09:01:44] [17] Marcell_O_Neill - /setstat 17 
[09:01:50] [17] Marcell_O_Neill - /setstat 17  m4
[09:01:52] [17] Marcell_O_Neill - /setstat 17 m4
[09:01:58] [17] Marcell_O_Neill - /setstat 17 weapon
[09:02:21] [17] Marcell_O_Neill - /ah
[09:02:23] [18] Milinte_Brasco - /ah
[09:02:40] [17] Marcell_O_Neill - /setweaponskill
[09:02:45] [17] Marcell_O_Neill - /setweaponskill 17 m4 
[09:02:49] [17] Marcell_O_Neill - /setweaponskill 17 m4 1600
[09:03:03] [18] Milinte_Brasco - /f e m4
[09:03:03] [18] Milinte_Brasco - /f e ak47
[09:03:06] [18] Milinte_Brasco - /f r
[09:03:07] [18] Milinte_Brasco - /f e m4
[09:03:07] [18] Milinte_Brasco - /f e ak47
[09:03:13] [17] Marcell_O_Neill - /f e m4
[09:03:21] [18] Milinte_Brasco - /f e m4
[09:03:21] [18] Milinte_Brasco - /f e ak47
[09:03:34] [18] Milinte_Brasco - /f e m4
[09:03:34] [18] Milinte_Brasco - /f e ak47
[09:03:43] [18] Milinte_Brasco - /f e m4
[09:03:43] [18] Milinte_Brasco - /f e ak47
[09:03:48] [18] Milinte_Brasco - /f r
[09:03:49] [18] Milinte_Brasco - /f e m4
[09:03:49] [18] Milinte_Brasco - /f e ak47
[09:03:53] [17] Marcell_O_Neill - /f e m4
[09:03:56] [18] Milinte_Brasco - /f r
[09:03:59] [17] Marcell_O_Neill - /f e m4
[09:04:08] [18] Milinte_Brasco - /f r
[09:04:12] [17] Marcell_O_Neill - /f e m4
[09:04:16] [18] Milinte_Brasco - /f r
[09:04:16] [18] Milinte_Brasco - /f e m4
[09:04:16] [18] Milinte_Brasco - /f e ak47
[09:04:19] [17] Marcell_O_Neill - /f e m4
[09:04:26] [18] Milinte_Brasco - /f e 30
[09:04:39] [18] Milinte_Brasco - /f r
[09:04:42] [17] Marcell_O_Neill - /f e m4
[09:04:59] [18] Milinte_Brasco - /f r
[09:05:04] [17] Marcell_O_Neill - /f e m4
[09:05:10] [18] Milinte_Brasco - /f r
[09:05:12] [17] Marcell_O_Neill - /f e m4
[09:05:12] [18] Milinte_Brasco - /f e m4
[09:05:12] [18] Milinte_Brasco - /f e ak47
[09:05:14] [18] Milinte_Brasco - /f r
[09:05:15] [18] Milinte_Brasco - /f e m4
[09:05:15] [18] Milinte_Brasco - /f e ak47
[09:05:17] [17] Marcell_O_Neill - /f e m4
[09:05:29] [18] Milinte_Brasco - /f e m4
[09:05:29] [18] Milinte_Brasco - /f e ak47
[09:15:36] [16] Marcell_O_Neill - /login
[09:15:46] [16] Marcell_O_Neill - /mp4
[09:15:48] [16] Marcell_O_Neill - /mp4 lista
[09:15:55] [16] Marcell_O_Neill - /mp4 lista
[09:17:13] [16] Marcell_O_Neill - /mp4 lista
[09:17:33] [16] Marcell_O_Neill - /mp4 lista
[09:17:51] [16] Marcell_O_Neill - /veh Infernus
[09:17:55] [16] Marcell_O_Neill - /kocsradio
[09:17:59] [16] Marcell_O_Neill - /kocsiradio
[09:18:01] [16] Marcell_O_Neill - /kocsiradio lista
[09:18:39] [16] Marcell_O_Neill - /removecar
[09:27:49] [16] Marcell_O_Neill - /login
[09:27:54] [16] Marcell_O_Neill - /login
[09:28:02] [16] Marcell_O_Neill - /mp4
[09:28:03] [16] Marcell_O_Neill - /mp4 lista
[09:28:52] [16] Marcell_O_Neill - /mp4 lista
[09:29:11] [16] Marcell_O_Neill - /mp4 lista
[09:29:20] [16] Marcell_O_Neill - /veh Infernus
[09:29:24] [16] Marcell_O_Neill - /kocsiradio
[09:29:26] [16] Marcell_O_Neill - /kocsiradio lista
[09:47:47] [16] Randy_Brasco - /login
[09:51:04] [16] Marcell_O_Neill - /login
[09:51:10] [16] Marcell_O_Neill - /mp4 lista
[09:52:45] [16] Marcell_O_Neill - /alma evés
[10:18:36] [16] William_W_Andrews - /login
[10:18:46] [16] William_W_Andrews - /gps be
[10:18:47] [16] William_W_Andrews - /pee
[10:18:53] [16] William_W_Andrews - /onduty
[10:19:05] [16] William_W_Andrews - /checkvá
[10:19:07] [16] William_W_Andrews - /válaszok
[10:19:11] [16] William_W_Andrews - /válaszok mindig
[10:19:23] [16] William_W_Andrews - /válaszok mostani
[10:19:34] [16] William_W_Andrews - /szerver
[10:19:45] [16] William_W_Andrews - /szerver mentés
[10:20:22] [16] William_W_Andrews - /nyit
[10:20:42] [16] William_W_Andrews - /zar
[10:21:06] [16] William_W_Andrews - /autoker
[10:21:07] [16] William_W_Andrews - /autoker tagok
[10:21:20] [16] William_W_Andrews - /autoker kulcs
[10:23:05] [16] William_W_Andrews - /alakít
[10:23:15] [16] William_W_Andrews - /stats
[10:23:24] [16] William_W_Andrews - /aukcio
[10:23:29] [16] William_W_Andrews - /aukcio eladható
[10:23:32] [16] William_W_Andrews - /aukcio eladható kocsi
[10:24:07] [16] William_W_Andrews - /k vásárol
[10:24:25] [17] James_Ryan - /login
[10:24:49] [17] James_Ryan - /gps be
[10:24:56] [16] William_W_Andrews - /gethere 17
[10:25:18] [16] William_W_Andrews - /alakít
[10:25:20] [16] William_W_Andrews - /alakít Huntley
[10:25:30] [16] William_W_Andrews - /alakít coach
[10:25:39] [16] William_W_Andrews - /money
[10:25:44] [16] William_W_Andrews - /amoney
[10:26:48] [16] William_W_Andrews - /gbmoney
[10:26:59] [16] William_W_Andrews - /gbmoney 16 50000000
[10:27:06] [16] William_W_Andrews - /stats
[10:27:27] [16] William_W_Andrews - /k vásárol
[10:27:41] [16] William_W_Andrews - /alakít
[10:27:45] [16] William_W_Andrews - /alakít coach
[10:27:47] [16] William_W_Andrews - /alakít coach
[10:28:02] [17] James_Ryan - /b asd
[10:28:11] [16] William_W_Andrews - /stats
[10:28:15] [16] William_W_Andrews - /autoker kulcs
[10:28:17] [16] William_W_Andrews - /autoker kulcs 16
[10:28:30] [16] William_W_Andrews - /v vesz
[10:28:33] [16] William_W_Andrews - /k
[10:28:35] [16] William_W_Andrews - /k elad
[10:29:26] [16] William_W_Andrews - /autoker felvesz 17
[10:29:34] [17] James_Ryan - /k tagoik
[10:29:36] [17] James_Ryan - /k tagok
[10:29:42] [17] James_Ryan - /k
[10:29:45] [16] William_W_Andrews - /b /k elad
[10:29:46] [16] William_W_Andrews - /k
[10:29:48] [16] William_W_Andrews - /k elad
[10:29:50] [17] James_Ryan - /k elad
[10:29:53] [17] James_Ryan - /k elad
[10:29:57] [17] James_Ryan - /k elad
[10:29:59] [17] James_Ryan - /k elad
[10:30:06] [16] William_W_Andrews - /b /k elad
[10:30:09] [16] William_W_Andrews - /autoker
[10:30:09] [17] James_Ryan - /k elad
[10:30:15] [16] William_W_Andrews - /autoker giverank 17 9
[10:30:18] [17] James_Ryan - /k elad
[10:30:26] [16] William_W_Andrews - /k elad
[10:30:39] [17] James_Ryan - /v vesz
[10:30:43] [17] James_Ryan - /k elad
[10:30:45] [17] James_Ryan - /v elad
[10:31:09] [16] William_W_Andrews - /k
[10:31:11] [16] William_W_Andrews - /k vesz
[10:31:15] [17] James_Ryan - /k elad
[10:31:19] [16] William_W_Andrews - /v vesz
[10:31:24] [16] William_W_Andrews - /k elad
[10:31:28] [17] James_Ryan - /k vesz
[10:31:31] [17] James_Ryan - /v vesz
[10:31:38] [17] James_Ryan - /v elad
[10:31:40] [16] William_W_Andrews - /v vesz
[10:31:41] [16] William_W_Andrews - /v vesz
[10:31:46] [17] James_Ryan - /k elad
[10:31:49] [17] James_Ryan - /k elad
[10:31:50] [17] James_Ryan - /k elad
[10:32:02] [16] William_W_Andrews - /stats
[10:32:15] [16] William_W_Andrews - /k zár
[10:32:20] [16] William_W_Andrews - /ujmodel
[10:32:22] [16] William_W_Andrews - /ujmodel huntley
[10:32:33] [17] James_Ryan - /k elad
[10:32:36] [17] James_Ryan - /k elad
[10:32:38] [17] James_Ryan - /v eéad
[10:32:40] [17] James_Ryan - /v elad
[10:33:06] [16] William_W_Andrews - /v vesz
[10:33:08] [16] William_W_Andrews - /k vesz
[10:33:52] [16] William_W_Andrews - /ujmodel faggio
[10:34:10] [16] William_W_Andrews - /v
[10:34:14] [17] James_Ryan - /motor
[10:34:19] [17] James_Ryan - /v elad
[10:34:27] [16] William_W_Andrews - /b /V VESZ
[10:34:30] [16] William_W_Andrews - /b /V ELAD
[10:34:31] [17] James_Ryan - /v elad
[10:34:50] [16] William_W_Andrews - /k vesz
[10:34:54] [16] William_W_Andrews - /k
[10:34:56] [16] William_W_Andrews - /k felirat
[10:34:57] [16] William_W_Andrews - /k felirat be
[10:35:02] [17] James_Ryan - /k elad
[10:35:13] [16] William_W_Andrews - /k tulaj
[10:35:15] [16] William_W_Andrews - /motor
[10:35:17] [16] William_W_Andrews - /k tulaj
[10:35:19] [16] William_W_Andrews - /k tulaj
[10:35:29] [16] William_W_Andrews - /crs
[10:36:04] [16] William_W_Andrews - /motor
[10:36:05] [16] William_W_Andrews - /apark
[10:36:09] [16] William_W_Andrews - /crs
[10:36:22] [16] William_W_Andrews - /fk lista
[10:36:34] [17] James_Ryan - /harcstílus vált
[10:36:35] [17] James_Ryan - /harcstílus vált box
[10:36:39] [17] James_Ryan - /harcstílus 
[10:36:40] [17] James_Ryan - /harcstílus box
[10:36:43] [16] William_W_Andrews - /nyit
[10:36:44] [16] William_W_Andrews - /nyit
[10:36:46] [16] William_W_Andrews - /zar
[10:37:05] [16] William_W_Andrews - /széf megnéz
[10:37:11] [16] William_W_Andrews - /autoker kirúg 17
[10:37:32] [16] William_W_Andrews - /nyit
[10:37:34] [16] William_W_Andrews - /zar
[10:37:38] [16] William_W_Andrews - /nyit
[10:38:09] [16] William_W_Andrews - /nyit
[10:38:10] [16] William_W_Andrews - /zar
[10:38:22] [16] William_W_Andrews - /nyit
[10:38:26] [16] William_W_Andrews - /zar
[10:38:54] [17] Krist_Roscoe - /login
[10:39:03] [17] Krist_Roscoe - /pm 16 help
[10:39:05] [17] Krist_Roscoe - /zuhanok
[10:39:09] [17] Krist_Roscoe - /gps be
[10:39:15] [17] Krist_Roscoe - /pm 16 leestem :(
[10:39:20] [16] William_W_Andrews - /gethere 17
[10:39:22] [17] Krist_Roscoe - /pm 16 na figyu
[10:42:00] [16] William_W_Andrews - /lift
[10:42:27] [16] William_W_Andrews - /lift fel
[10:42:56] [16] William_W_Andrews - /lift le
[10:42:58] [17] Krist_Roscoe - /f e 31
[10:43:03] [16] William_W_Andrews - /lift fel
[10:43:15] [16] William_W_Andrews - /lift le
[10:43:32] [16] William_W_Andrews - /lift fel
[10:43:45] [16] William_W_Andrews - /swat
[10:43:49] [16] William_W_Andrews - /felszerelés
[10:43:56] [16] William_W_Andrews - /felszereles
[10:44:02] [16] William_W_Andrews - /swt
[10:44:10] [16] William_W_Andrews - /swt használ
[10:44:16] [16] William_W_Andrews - /swt engedélyez
[10:44:20] [16] William_W_Andrews - /swt engedélyez pajzs
[10:44:23] [16] William_W_Andrews - /swt engedélyez taktikus
[10:44:31] [16] William_W_Andrews - /swt engedélyez támadó
[10:44:36] [16] William_W_Andrews - /srang 16 12
[10:44:37] [16] William_W_Andrews - /swt engedélyez taktikus
[10:44:42] [16] William_W_Andrews - /srang 16 11
[10:45:02] [16] William_W_Andrews - /swt használsz
[10:45:03] [16] William_W_Andrews - /swt használ
[10:45:15] [16] William_W_Andrews - /felszerelések 3
[10:45:18] [16] William_W_Andrews - /felszerelések 2
[10:45:21] [16] William_W_Andrews - /gotols
[10:45:37] [16] William_W_Andrews - /poz
[10:45:40] [16] William_W_Andrews - /vw 0
[10:45:43] [16] William_W_Andrews - /vw 16 0
[10:45:57] [16] William_W_Andrews - /felszerelés
[10:45:58] [16] William_W_Andrews - /felszerelés 3
[10:46:03] [16] William_W_Andrews - /felszerelések 2
[10:46:07] [16] William_W_Andrews - /felszerelések 3
[10:46:08] [16] William_W_Andrews - /felszerelések 4
[10:46:11] [16] William_W_Andrews - /zsebenú
[10:46:14] [16] William_W_Andrews - /zsebenm
[10:46:16] [16] William_W_Andrews - /zsebem
[10:46:22] [16] William_W_Andrews - /felszerelések 3
[10:46:25] [16] William_W_Andrews - /zseben
[10:46:26] [16] William_W_Andrews - /zsebem
[10:46:34] [16] William_W_Andrews - /felszerelések 4
[10:46:36] [16] William_W_Andrews - /goto Krist
[10:46:51] [16] William_W_Andrews - /f e m4
[10:46:58] [16] William_W_Andrews - /gzb
[10:46:59] [16] William_W_Andrews - /gun
[10:47:04] [16] William_W_Andrews - /gun 17 m4
[10:47:08] [17] Krist_Roscoe - /f e 31
[10:47:10] [17] Krist_Roscoe - /f e 31
[10:47:11] [17] Krist_Roscoe - /f e 31
[10:47:12] [16] William_W_Andrews - /ammo 17 m4 300
[10:47:13] [17] Krist_Roscoe - /f e 31
[10:47:16] [16] William_W_Andrews - /f e m4
[10:47:20] [16] William_W_Andrews - /armor
[10:47:25] [16] William_W_Andrews - /armor 17 100
[10:47:30] [16] William_W_Andrews - /f e m4
[10:47:35] [16] William_W_Andrews - /onduty
[10:48:03] [17] Krist_Roscoe - /hulla motoz
[10:48:03] [16] William_W_Andrews - /pda
[10:48:06] [16] William_W_Andrews - /jail
[10:48:17] [16] William_W_Andrews - /jail 16 kórház 0 0
[10:48:19] [16] William_W_Andrews - /goto krist
[10:48:30] [17] Krist_Roscoe - /f e 31
[10:48:32] [17] Krist_Roscoe - /eldob fegyver
[10:48:35] [17] Krist_Roscoe - /eldob fegyver 31
[10:48:53] [16] William_W_Andrews - /felvesz fegyver
[10:48:56] [16] William_W_Andrews - /felvesz fegyver m4
[10:49:02] [16] William_W_Andrews - /hulla töröl
[10:49:08] [16] William_W_Andrews - /töröl
[10:49:12] [16] William_W_Andrews - /fegyvertöröl
[10:49:13] [16] William_W_Andrews - /ah
[10:49:19] [17] Krist_Roscoe - /harcstilus boy
[10:49:20] [17] Krist_Roscoe - /harcstilus box
[10:49:32] [16] William_W_Andrews - /szerver mentés
[10:49:50] [16] William_W_Andrews - /nyit
[10:49:53] [16] William_W_Andrews - /zar
[10:50:02] [16] William_W_Andrews - /ynit
[10:50:04] [16] William_W_Andrews - /nyit
[10:50:05] [16] William_W_Andrews - /nyit
[10:50:10] [16] William_W_Andrews - /felszerelések 4
[10:50:20] [16] William_W_Andrews - /nyit
[10:50:22] [16] William_W_Andrews - /zar
[10:50:26] [16] William_W_Andrews - /nyit
[10:50:28] [16] William_W_Andrews - /zar
[10:50:32] [16] William_W_Andrews - /nyit
[10:50:45] [16] William_W_Andrews - /zar
[10:50:52] [16] William_W_Andrews - /nyit
[10:50:54] [16] William_W_Andrews - /zar
[10:50:59] [16] William_W_Andrews - /goigenyles
[10:51:04] [16] William_W_Andrews - /igenylesek
[10:51:06] [16] William_W_Andrews - /igénylések
[10:51:13] [16] William_W_Andrews - /aopen
[10:51:30] [16] William_W_Andrews - /gps be
[10:51:56] [16] William_W_Andrews - /mati
[10:52:03] [16] William_W_Andrews - /mati 17 1
[10:52:10] [16] William_W_Andrews - /zsebem
[10:52:12] [17] Krist_Roscoe - /zsebem
[10:53:21] [16] William_W_Andrews - /edit
[10:54:08] [16] William_W_Andrews - /anév
[10:54:13] [16] William_W_Andrews - /anév Mr.William
[10:54:37] [16] William_W_Andrews - /anév William_W_Andrews
[10:54:51] [16] William_W_Andrews - /anevvaltas
[10:55:23] [18] Randy_Brasco - /login
[10:55:36] [17] Krist_Roscoe - /report channelstatus 0
[10:55:37] [17] Krist_Roscoe - /report channelstatus 1
[10:55:37] [18] Randy_Brasco - /gps be
[10:55:37] [17] Krist_Roscoe - /report channelstatus 2
[10:55:38] [17] Krist_Roscoe - /report channelstatus 3
[10:56:56] [18] Randy_Brasco - /report channelstatus 2
[10:57:22] [18] Randy_Brasco - /motor
[10:57:33] [18] Randy_Brasco - /nyit
[10:57:38] [18] Randy_Brasco - /zar
[10:58:02] [18] Randy_Brasco - /kredit
[10:58:55] [19] Dolph_F_Gates - /login
[10:59:15] [19] Dolph_F_Gates - /adminalnevbe 1
[10:59:19] [19] Dolph_F_Gates - /admins
[10:59:43] [19] Dolph_F_Gates - /rendel lista
[10:59:50] [19] Dolph_F_Gates - /rendel go 0
[11:00:10] [19] Dolph_F_Gates - /rendel töröl 0
[11:00:35] [17] Krist_Roscoe - /motor
[11:00:47] [17] Krist_Roscoe - /report channelstatus 2
[11:00:48] [17] Krist_Roscoe - /report channelstatus 3
[11:00:53] [17] Krist_Roscoe - /report join 3
[11:00:57] [17] Krist_Roscoe - /ü dolph <3
[11:02:16] [16] William_W_Andrews - /a Szeva Dolph :D
[11:02:18] [16] William_W_Andrews - /fuelcar
[11:02:24] [19] Dolph_F_Gates - /admins
[11:02:26] [19] Dolph_F_Gates - /a cs
[11:02:29] [16] William_W_Andrews - /fuelcar 19 50
[11:02:33] [16] William_W_Andrews - /fuelcar 19 30
[11:02:41] [16] William_W_Andrews - /goto krist
[11:03:01] [16] William_W_Andrews - /admins
[11:03:15] [16] William_W_Andrews - /onduty
[11:03:16] [16] William_W_Andrews - /admins
[11:03:56] [16] William_W_Andrews - /nyit
[11:03:58] [16] William_W_Andrews - /zar
[11:04:05] [17] Krist_Roscoe - /tagok
[11:04:28] [19] Dolph_F_Gates - /a õ
[11:04:33] [16] William_W_Andrews - /a igen?
[11:04:42] [19] Dolph_F_Gates - /a sömmi csak "csõ"
[11:04:56] [17] Krist_Roscoe - /motor
[11:04:56] [16] William_W_Andrews - /a :D
[11:04:59] [16] William_W_Andrews - /a TS?
[11:06:20] [16] William_W_Andrews - /pda
[11:06:25] [16] William_W_Andrews - /pda
[11:06:33] [19] Dolph_F_Gates - /engedgoto
[11:06:35] [19] Dolph_F_Gates - /engedgoto
[11:06:42] [17] Krist_Roscoe - /kaja
[11:06:43] [17] Krist_Roscoe - /exit
[11:07:03] [16] William_W_Andrews - /b skype?
[11:07:24] [16] William_W_Andrews - /b mert? :D
[11:07:35] [16] William_W_Andrews - /b kár, hogy nem beszélgetsz mikrofonon :S
[11:07:58] [16] William_W_Andrews - /pda
[11:08:11] [16] William_W_Andrews - /nyit
[11:08:13] [16] William_W_Andrews - /zar
[11:08:46] [16] William_W_Andrews - /aterulet id
[11:08:50] [16] William_W_Andrews - /aterulet
[11:09:10] [19] Dolph_F_Gates - /a én ilyen vagyok
[11:09:20] [16] William_W_Andrews - /a kár
[11:09:21] [19] Dolph_F_Gates - /a inkább music
[11:09:51] [16] William_W_Andrews - /Széf megnéz
[11:11:51] [16] William_W_Andrews - /ah
[11:12:20] [16] William_W_Andrews - /cheathp
[11:12:52] [16] William_W_Andrews - /lista
[11:12:58] [16] William_W_Andrews - /lista tûzoltó
[11:13:13] [19] Dolph_F_Gates - /makeleader
[11:13:28] [16] William_W_Andrews - /bid
[11:14:08] [16] William_W_Andrews - /lt
[11:14:13] [16] William_W_Andrews - /rt
[11:14:17] [16] William_W_Andrews - /lt
[11:14:25] [16] William_W_Andrews - /rt
[11:14:40] [16] William_W_Andrews - /shoot
[11:14:48] [16] William_W_Andrews - /joypad
[11:15:08] [16] William_W_Andrews - /cnn
[11:15:19] [16] William_W_Andrews - /ash
[11:15:21] [16] William_W_Andrews - /ash
[11:15:58] [19] Dolph_F_Gates - /a viszont nem értem
[11:16:06] [19] Dolph_F_Gates - /a h. miért angol nevet kaptak a frakciok
[11:16:27] [19] Dolph_F_Gates - /abiz
[11:16:28] [19] Dolph_F_Gates - /abiz info
[11:16:34] [19] Dolph_F_Gates - /abiz lista
[11:20:00] [19] Dolph_F_Gates - /ah
[11:20:23] [19] Dolph_F_Gates - /respawn 19
[11:21:11] [19] Dolph_F_Gates - /stats
[11:23:55] [19] Dolph_F_Gates - /szerverstatisztika
[11:23:59] [19] Dolph_F_Gates - /statisztika
[11:24:02] [19] Dolph_F_Gates - /statisztika szerver
[11:24:21] [19] Dolph_F_Gates - /check 16 stats
[11:24:44] [19] Dolph_F_Gates - /a te leszel az fbi leader?
[11:26:09] [16] William_W_Andrews - /a alleader
[11:26:14] [16] William_W_Andrews - /a a fõleader az ralf
[11:26:23] [16] William_W_Andrews - /tagko
[11:26:24] [16] William_W_Andrews - /tagok
[11:26:43] [19] Dolph_F_Gates - /a stimm
[11:27:02] [19] Dolph_F_Gates - /a h.h tudsz rám gotozni ? O.o
[11:27:11] [16] William_W_Andrews - /a titok :s
[11:27:19] [19] Dolph_F_Gates - /a bugos ?
[11:27:23] [16] William_W_Andrews - /a nem
[11:27:33] [19] Dolph_F_Gates - /a modba vagy ?
[11:27:46] [16] William_W_Andrews - /a nem
[11:27:51] [19] Dolph_F_Gates - /engedgoto
[11:27:55] [19] Dolph_F_Gates - /engedgoto
[11:27:59] [16] William_W_Andrews - /a mondom, hogy titok :P
[11:28:24] [16] William_W_Andrews - /nyit
[11:28:33] [16] William_W_Andrews - /zar
[11:29:12] [16] William_W_Andrews - /a neked 2 házad van?
[11:29:14] [16] William_W_Andrews - /check
[11:29:18] [16] William_W_Andrews - /check dolph stats
[11:29:19] [19] Dolph_F_Gates - /stats
[11:29:23] [19] Dolph_F_Gates - /a 3
[11:30:53] [16] William_W_Andrews - /nyit
[11:31:06] [16] William_W_Andrews - /zar
[11:31:24] [16] William_W_Andrews - /setstat
[11:32:03] [16] William_W_Andrews - /skill
[11:32:07] [16] William_W_Andrews - /skill 13
[11:32:44] [16] William_W_Andrews - /skill 12
[11:32:59] [16] William_W_Andrews - /setweaponskill
[11:33:31] [16] William_W_Andrews - /ah
[11:33:59] [16] William_W_Andrews - /abiz
[11:34:07] [16] William_W_Andrews - /abiz go 17
[11:40:40] [19] Dolph_F_Gates - /weatherall 0
[11:40:56] [19] Dolph_F_Gates - /time
[11:40:59] [19] Dolph_F_Gates - /days
[11:41:18] [19] Dolph_F_Gates - /kivanitt
[11:41:35] [19] Dolph_F_Gates - /aukcio eladható kocsi
[11:41:37] [19] Dolph_F_Gates - /aukcio eladható ház
[11:41:43] [17] Randy_Brasco - /login
[11:41:44] [19] Dolph_F_Gates - /houseo 8
[11:41:56] [17] Randy_Brasco - /report join 2
[11:42:03] [17] Randy_Brasco - /ü Tiszteletem
[11:42:07] [16] William_W_Andrews - /nyit
[11:42:09] [16] William_W_Andrews - /zar
[11:42:16] [17] Randy_Brasco - /nyit
[11:42:16] [16] William_W_Andrews - /vá 17 Szervusz.
[11:42:20] [16] William_W_Andrews - /válaszok
[11:42:21] [17] Randy_Brasco - /zar
[11:42:22] [16] William_W_Andrews - /válaszok mindig
[11:42:36] [17] Randy_Brasco - /gps be
[11:42:42] [17] Randy_Brasco - /report channelstatus 2
[11:42:44] [17] Randy_Brasco - /report channelstatus 3
[11:42:47] [17] Randy_Brasco - /report channelstatus 4
[11:44:08] [17] Randy_Brasco - /report join 3
[11:44:13] [17] Randy_Brasco - /ü Tiszteletem
[11:44:13] [16] William_W_Andrews - /a dolph
[11:44:28] [16] William_W_Andrews - /a hány darab kocsi lehet egy legális frakciónak?
[11:44:35] [16] William_W_Andrews - /a Ralf kérdezi, az FBI miatt
[11:44:59] [17] Randy_Brasco - /leaderek
[11:45:20] [16] William_W_Andrews - /a illetve, hogy lehet-e Infernus az FBInak
[11:45:34] [16] William_W_Andrews - /nyit
[11:45:40] [19] Dolph_F_Gates - /a eddig is volt, szóval felõlem
[11:45:43] [16] William_W_Andrews - /zar
[11:45:50] [19] Dolph_F_Gates - /a amúgy 7 amit mi állunk, a többi saját pénz
[11:46:10] [18] Mike_O_Neill - /login
[11:46:19] [18] Mike_O_Neill - /nevek
[11:46:19] [18] Mike_O_Neill - /gps be
[11:46:19] [18] Mike_O_Neill - /r Üdvözletem!
[11:46:19] [18] Mike_O_Neill - /rb Csaó
[11:46:19] [18] Mike_O_Neill - /ör Üdvözletem!
[11:46:19] [18] Mike_O_Neill - /örb Hello
[11:46:19] [18] Mike_O_Neill - /as Hello
[11:46:19] [18] Mike_O_Neill - /a Csaó
[11:46:39] [18] Mike_O_Neill - /onduty
[11:46:55] [18] Mike_O_Neill - /veh sultan
[11:47:03] [18] Mike_O_Neill - /ah
[11:47:09] [18] Mike_O_Neill - /removecar
[11:47:15] [18] Mike_O_Neill - /veh bullet
[11:47:23] [19] Dolph_F_Gates - /a csõ
[11:47:27] [19] Dolph_F_Gates - /report channelstatus 3
[11:47:29] [19] Dolph_F_Gates - /report channelstatus 2
[11:47:31] [18] Mike_O_Neill - /a mit kell csinálni? :D
[11:47:31] [19] Dolph_F_Gates - /report channelstatus 1
[11:47:37] [18] Mike_O_Neill - /weatherall 1
[11:47:39] [17] Randy_Brasco - /leaderek
[11:47:47] [19] Dolph_F_Gates - /a egyenlõre semmit xd
[11:47:59] [18] Mike_O_Neill - /ajto kbe 1
[11:48:05] [18] Mike_O_Neill - /ajto tbe 1
[11:48:11] [18] Mike_O_Neill - /parancsajto
[11:48:14] [18] Mike_O_Neill - /ajto tbe 2
[11:48:32] [18] Mike_O_Neill - /ajto nev 2 Market ((/vesz))
[11:48:37] [18] Mike_O_Neill - /ajto tbe 3
[11:48:43] [18] Mike_O_Neill - /ajto nev 3 Market ((/vesz))
[11:48:48] [18] Mike_O_Neill - /ajto tbe 4
[11:48:51] [18] Mike_O_Neill - /ajto tbe 5
[11:49:07] [18] Mike_O_Neill - /ajto tbe 6
[11:49:20] [18] Mike_O_Neill - /ajto nev 6 Burger Shot
[11:49:24] [18] Mike_O_Neill - /ajto tbe 7
[11:49:26] [19] Dolph_F_Gates - /sms
[11:49:32] [19] Dolph_F_Gates - /number mike_o_N
[11:49:34] [18] Mike_O_Neill - /ajto tbe 5
[11:49:44] [18] Mike_O_Neill - /ajto nev 5 Burger Shot ((/menu))
[11:49:49] [18] Mike_O_Neill - /ajto nev 6 Burger Shot ((/menu))
[11:49:52] [19] Dolph_F_Gates - /sms 1799 /goto 19 tudsz ?
[11:49:53] [18] Mike_O_Neill - /ajto tbe 7
[11:49:55] [18] Mike_O_Neill - /ajto tbe 8
[11:49:59] [18] Mike_O_Neill - /goto 19
[11:50:03] [18] Mike_O_Neill - /goto 19
[11:50:08] [18] Mike_O_Neill - /pm dolph /engedgoto
[11:50:11] [18] Mike_O_Neill - /goto 19
[11:50:14] [19] Dolph_F_Gates - /engedgoto
[11:50:18] [18] Mike_O_Neill - /goto 19
[11:50:31] [16] William_W_Andrews - /ujmodel elegy
[11:50:41] [19] Dolph_F_Gates - /engedgoto
[11:52:06] [16] William_W_Andrews - /ah
[11:52:08] [18] Mike_O_Neill - /nevek
[11:52:56] [20] Ralf_S_Tomasso - /login
[11:53:03] [20] Ralf_S_Tomasso - /a Helloszia
[11:53:05] [20] Ralf_S_Tomasso - /nevke
[11:53:06] [20] Ralf_S_Tomasso - /tagok
[11:53:08] [20] Ralf_S_Tomasso - /nevek
[11:53:10] [20] Ralf_S_Tomasso - /nevek2
[11:53:12] [20] Ralf_S_Tomasso - /onduty
[11:53:15] [20] Ralf_S_Tomasso - /gps be
[11:53:15] [18] Mike_O_Neill - /a csaó
[11:53:21] [16] William_W_Andrews - /a hy
[11:53:23] [19] Dolph_F_Gates - /kaja
[11:53:23] [16] William_W_Andrews - /goto 20
[11:53:30] [19] Dolph_F_Gates - /respawn
[11:53:33] [19] Dolph_F_Gates - /respawn 19
[11:53:36] [19] Dolph_F_Gates - /goto 18
[11:53:39] [19] Dolph_F_Gates - /weather 0
[11:53:39] [16] William_W_Andrews - /fly
[11:53:42] [16] William_W_Andrews - /flymode
[11:53:46] [20] Ralf_S_Tomasso - /tele
[11:53:59] [16] William_W_Andrews - /flymode
[11:54:01] [20] Ralf_S_Tomasso - /ahelp
[11:54:12] [16] William_W_Andrews - /gps
[11:54:13] [16] William_W_Andrews - /gps be
[11:54:20] [20] Ralf_S_Tomasso - /a Dolph
[11:54:36] [20] Ralf_S_Tomasso - /nyit
[11:54:41] [16] William_W_Andrews - /zar
[11:54:45] [20] Ralf_S_Tomasso - /down
[11:54:46] [20] Ralf_S_Tomasso - /down
[11:54:47] [20] Ralf_S_Tomasso - /down
[11:54:47] [20] Ralf_S_Tomasso - /down
[11:54:49] [16] William_W_Andrews - /gethere 20
[11:54:49] [20] Ralf_S_Tomasso - /down
[11:54:49] [20] Ralf_S_Tomasso - /down
[11:54:51] [20] Ralf_S_Tomasso - /up
[11:54:51] [16] William_W_Andrews - /gethere 20
[11:54:52] [20] Ralf_S_Tomasso - /up
[11:55:01] [20] Ralf_S_Tomasso - /széf megnzé
[11:55:03] [20] Ralf_S_Tomasso - /széf megnéz
[11:55:07] [16] William_W_Andrews - /széf mengéz
[11:55:10] [16] William_W_Andrews - /széf megnéz
[11:55:19] [16] William_W_Andrews - /raktár
[11:55:21] [20] Ralf_S_Tomasso - /a Hogy kéne kocsit
[11:55:22] [16] William_W_Andrews - /raktár megnéz
[11:55:25] [20] Ralf_S_Tomasso - /a szereznünk frakcióba?
[11:55:27] [20] Ralf_S_Tomasso - /a megvesszük és kész?
[11:55:30] [18] Mike_O_Neill - /a igen
[11:55:34] [17] Randy_Brasco - /b carx drift
[11:55:38] [20] Ralf_S_Tomasso - /a De az sok pénz xd
[11:55:41] [20] Ralf_S_Tomasso - /fly
[11:55:42] [20] Ralf_S_Tomasso - /fly
[11:55:43] [20] Ralf_S_Tomasso - /fly
[11:55:43] [20] Ralf_S_Tomasso - /fly
[11:55:44] [20] Ralf_S_Tomasso - /fly
[11:55:45] [20] Ralf_S_Tomasso - /fly
[11:55:46] [20] Ralf_S_Tomasso - /fly
[11:55:46] [20] Ralf_S_Tomasso - /fly
[11:55:47] [20] Ralf_S_Tomasso - /fly
[11:55:48] [20] Ralf_S_Tomasso - /fly
[11:55:49] [20] Ralf_S_Tomasso - /fly
[11:55:49] [20] Ralf_S_Tomasso - /fly
[11:55:51] [20] Ralf_S_Tomasso - /fly
[11:55:53] [20] Ralf_S_Tomasso - /fly
[11:55:54] [20] Ralf_S_Tomasso - /fly
[11:55:56] [20] Ralf_S_Tomasso - /fly
[11:55:59] [20] Ralf_S_Tomasso - /fly
[11:56:00] [20] Ralf_S_Tomasso - /fly
[11:56:06] [20] Ralf_S_Tomasso - /fk listak
[11:56:06] [16] William_W_Andrews - /fk vesz
[11:56:07] [20] Ralf_S_Tomasso - /fk lista
[11:56:11] [17] Randy_Brasco - /nyit
[11:56:12] [16] William_W_Andrews - /fk vesz lvpd
[11:56:18] [18] Mike_O_Neill - /a max 7 lehet asszem most
[11:56:30] [18] Mike_O_Neill - /a vagy Dolph hogy csináltad?
[11:56:48] [21] Marcell_O_Neill - /login
[11:56:55] [21] Marcell_O_Neill - /onduty
[11:56:56] [21] Marcell_O_Neill - /a hi
[11:56:57] [20] Ralf_S_Tomasso - /admins
[11:57:01] [19] Dolph_F_Gates - /a cs. õõ Ralf
[11:57:01] [20] Ralf_S_Tomasso - /a Csáó
[11:57:03] [21] Marcell_O_Neill - /pm 16 ne cheatelj
[11:57:05] [16] William_W_Andrews - /a hy
[11:57:10] [19] Dolph_F_Gates - /a 7 kocsit adunk a frakcioknak adminnal
[11:57:11] [18] Mike_O_Neill - /a DIK AZ O'NEILL
[11:57:15] [21] Marcell_O_Neill - /a :$
[11:57:16] [16] William_W_Andrews - /pm 21 okok
[11:57:16] [19] Dolph_F_Gates - /a a többit magatoknak kell meg venni
[11:57:19] [18] Mike_O_Neill - /a mégis?
[11:57:20] [20] Ralf_S_Tomasso - /a oké
[11:57:22] [20] Ralf_S_Tomasso - /a kérhetem õket?
[11:57:26] [20] Ralf_S_Tomasso - /a most?
[11:57:27] [21] Marcell_O_Neill - /a aha
[11:57:30] [21] Marcell_O_Neill - /a úgy döntöttem xd
[11:57:34] [18] Mike_O_Neill - /a Helyes :D
[11:57:38] [21] Marcell_O_Neill - /goto
[11:57:40] [21] Marcell_O_Neill - /goto 18
[11:57:42] [19] Dolph_F_Gates - /a te veszed meg, én csak adok rá pénzt :D
[11:57:46] [20] Ralf_S_Tomasso - /a oké
[11:57:47] [20] Ralf_S_Tomasso - /a akkor
[11:57:49] [20] Ralf_S_Tomasso - /a Adj xd
[11:58:03] [19] Dolph_F_Gates - /a adok 
[11:58:03] [20] Ralf_S_Tomasso - /a légyszi :D
[11:58:11] [21] Marcell_O_Neill - /anticheat
[11:58:12] [21] Marcell_O_Neill - /ah
[11:58:15] [17] Randy_Brasco - /motor
[11:59:11] [18] Mike_O_Neill - /b /helper2 az örök AS
[11:59:26] [18] Mike_O_Neill - /b aham
[11:59:26] [21] Marcell_O_Neill - /makeadmin
[11:59:30] [20] Ralf_S_Tomasso - /a és amúgy Dolph
[11:59:33] [21] Marcell_O_Neill - /makeadmin 16 0
[11:59:35] [19] Dolph_F_Gates - /a na
[11:59:36] [21] Marcell_O_Neill - /helper 2
[11:59:37] [19] Dolph_F_Gates - /a adok
[11:59:41] [21] Marcell_O_Neill - /helper 2 17 2
[11:59:45] [21] Marcell_O_Neill - /a upsz
[11:59:48] [21] Marcell_O_Neill - /a XD
[11:59:51] [19] Dolph_F_Gates - /a 300misit, utána beállítom a jelenlegi FT-ra
[11:59:52] [20] Ralf_S_Tomasso - /a Az nem volt hülye döntés
[11:59:54] [20] Ralf_S_Tomasso - /a az jól dolgozik :D
[11:59:55] [21] Marcell_O_Neill - /helper 0 17 
[11:59:57] [16] William_W_Andrews - /pm 21 most mír? :S
[12:00:02] [20] Ralf_S_Tomasso - /a Okés
[12:00:05] [16] William_W_Andrews - /ah
[12:00:07] [21] Marcell_O_Neill - /a xd
[12:00:07] [19] Dolph_F_Gates - /a mivel nincs ucp.. és no árak
[12:00:12] [19] Dolph_F_Gates - /aranks 2
[12:00:16] [19] Dolph_F_Gates - /széf érték
[12:00:21] [21] Marcell_O_Neill - /helper 16 2
[12:00:22] [19] Dolph_F_Gates - /széf érték 2 300000000
[12:00:28] [20] Ralf_S_Tomasso - /a De az lehetetlen hogy 14 misink lett voln a:D
[12:00:28] [19] Dolph_F_Gates - /a tess
[12:00:30] [20] Ralf_S_Tomasso - /a volt vagy 150 :D
[12:00:31] [18] Mike_O_Neill - /adminsegédek
[12:00:32] [16] William_W_Andrews - /ah
[12:00:32] [20] Ralf_S_Tomasso - /a FBi nak
[12:00:35] [20] Ralf_S_Tomasso - /fk vesz infernus
[12:00:44] [20] Ralf_S_Tomasso - /fk vesz LVPD
[12:00:45] [18] Mike_O_Neill - /helper 0
[12:00:48] [18] Mike_O_Neill - /helper 2
[12:00:51] [21] Marcell_O_Neill - /helper2 16
[12:00:53] [19] Dolph_F_Gates - /a jaja, széfbõl vedd meg
[12:00:55] [21] Marcell_O_Neill - /pm 16 eztt akartam xd
[12:00:56] [19] Dolph_F_Gates - /a /fk vesz
[12:00:58] [20] Ralf_S_Tomasso - /fk vesz Maverick
[12:01:02] [21] Marcell_O_Neill - /a úgy döntöttünk Edievel
[12:01:08] [21] Marcell_O_Neill - /a as-t kapsz William
[12:01:12] [18] Mike_O_Neill - /a ezt /as
[12:01:12] [20] Ralf_S_Tomasso - /getcar 497
[12:01:14] [16] William_W_Andrews - /nyit
[12:01:15] [16] William_W_Andrews - /nyit
[12:01:18] [16] William_W_Andrews - /zar
[12:01:20] [20] Ralf_S_Tomasso - /fk lista
[12:01:20] [21] Marcell_O_Neill - /a
[12:01:30] [16] William_W_Andrews - /pm marcell akkor Mike is 1337-re xD
[12:01:31] [21] Marcell_O_Neill - /as úgy döntöttünk Edie-vel hogy AS-t kapsz william
[12:01:33] [20] Ralf_S_Tomasso - /fk vesz infernus
[12:01:33] [18] Mike_O_Neill - /ajto tbe 8
[12:01:37] [20] Ralf_S_Tomasso - /fk vesz sultan
[12:01:45] [20] Ralf_S_Tomasso - /a DOOOLPH xd
[12:01:48] [19] Dolph_F_Gates - /A ?
[12:01:49] [16] William_W_Andrews - /pm marcell gyere tsre
[12:01:52] [20] Ralf_S_Tomasso - /a nincs  elég pénz
[12:01:52] [18] Mike_O_Neill - /ajto nev 8 Pizza Hut
[12:01:57] [16] William_W_Andrews - /nyit
[12:02:00] [16] William_W_Andrews - /zar
[12:02:01] [19] Dolph_F_Gates - /a hát mit veszel te ?
[12:02:05] [21] Marcell_O_Neill - /as meg Mike nem azért kapott rangott, hanem hogy legyen valaki fõadmin
[12:02:05] [20] Ralf_S_Tomasso - /a Tankokat
[12:02:05] [19] Dolph_F_Gates - /a 300 misit adtam
[12:02:06] [20] Ralf_S_Tomasso - /a XD
[12:02:07] [21] Marcell_O_Neill - /a nem érted?
[12:02:08] [20] Ralf_S_Tomasso - /a tudom de
[12:02:11] [21] Marcell_O_Neill - /as nem érted?
[12:02:23] [20] Ralf_S_Tomasso - /a Egy sultan 60 misi
[12:02:26] [16] William_W_Andrews - /pm marcell az 1337 az a fõadmin
[12:02:26] [21] Marcell_O_Neill - /as te meg a ts munkádért, meg a sok segítségért az AS-t
[12:02:33] [16] William_W_Andrews - /pm marcell de õ 1340-es
[12:02:44] [20] Ralf_S_Tomasso - /fk vesz sultan
[12:02:44] [21] Marcell_O_Neill - /a Mike te mé vagy 1340 most akkor?XD
[12:02:48] [21] Marcell_O_Neill - /as utánakérdek
[12:03:02] [20] Ralf_S_Tomasso - /fk vesz sultan
[12:03:06] [20] Ralf_S_Tomasso - /fk lista
[12:03:07] [18] Mike_O_Neill - /a mert ajtót/Kaput állítok
[12:03:15] [21] Marcell_O_Neill - /a sorry nem tudtam
[12:03:17] [19] Dolph_F_Gates - /széf érték 2 500000000
[12:03:19] [21] Marcell_O_Neill - /as kapuk miatt
[12:03:21] [19] Dolph_F_Gates - /a na
[12:03:22] [20] Ralf_S_Tomasso - /fk vesz sultan
[12:03:23] [21] Marcell_O_Neill - /as kapta csak
[12:03:23] [18] Mike_O_Neill - /a meg ilyeneket kezdésig, utána 1337
[12:03:25] [16] William_W_Andrews - /motor
[12:03:27] [21] Marcell_O_Neill - /as nyugi
[12:03:29] [16] William_W_Andrews - /v park
[12:03:31] [16] William_W_Andrews - /fk park
[12:03:35] [21] Marcell_O_Neill - /as utána 1337 lesz
[12:03:43] [19] Dolph_F_Gates - /a 500bõl tán csak meg tudod venni xd
[12:03:43] [16] William_W_Andrews - /nyit
[12:03:45] [20] Ralf_S_Tomasso - /fk vesz lvpd
[12:03:45] [16] William_W_Andrews - /zar
[12:03:47] [20] Ralf_S_Tomasso - /fk lista
[12:03:51] [20] Ralf_S_Tomasso - /a Dolp
[12:03:51] [20] Ralf_S_Tomasso - /a Dolp
[12:03:53] [20] Ralf_S_Tomasso - /a Dolph
[12:03:54] [20] Ralf_S_Tomasso - /a na xd
[12:03:54] [19] Dolph_F_Gates - /A ?
[12:03:55] [19] Dolph_F_Gates - /A ?
[12:03:55] [20] Ralf_S_Tomasso - /a õm
[12:03:55] [19] Dolph_F_Gates - /A ?
[12:03:58] [18] Mike_O_Neill - /ajto tbe 9
[12:03:58] [20] Ralf_S_Tomasso - /a maverick helyett
[12:04:02] [20] Ralf_S_Tomasso - /a police maverickot ot
[12:04:03] [18] Mike_O_Neill - /ajto tbe 10
[12:04:06] [20] Ralf_S_Tomasso - /a akarnék venni
[12:04:09] [19] Dolph_F_Gates - /a /fk elad
[12:04:09] [20] Ralf_S_Tomasso - /a eladom 
[12:04:11] [20] Ralf_S_Tomasso - /fk elad
[12:04:15] [21] Marcell_O_Neill - /as Dolph meg üzeni, hogy ne chaetelj (ha csinálod) én se akarom látni.. Nem lebaszásból de nem kell cheat.
[12:04:17] [20] Ralf_S_Tomasso - /fk vesz policemaverick
[12:04:21] [21] Marcell_O_Neill - /a még nem írt
[12:04:22] [20] Ralf_S_Tomasso - /fk lista
[12:04:31] [21] Marcell_O_Neill - /veh Infernus 
[12:04:36] [18] Mike_O_Neill - /ajto név 10 Cluckin Bell ((/menu))
[12:04:37] [21] Marcell_O_Neill - /atuning nitro
[12:04:50] [19] Dolph_F_Gates - /öv
[12:04:53] [19] Dolph_F_Gates - /öv
[12:04:54] [21] Marcell_O_Neill - /removecar
[12:04:56] [17] Randy_Brasco - /motor
[12:05:03] [20] Ralf_S_Tomasso - /fk vesz LVPD
[12:05:04] [19] Dolph_F_Gates - /ah
[12:05:07] [21] Marcell_O_Neill - /fly
[12:05:09] [21] Marcell_O_Neill - /fly
[12:05:10] [20] Ralf_S_Tomasso - /a csak 7 et vehetünk?
[12:05:11] [19] Dolph_F_Gates - /a szolj ha megvan mind a 7
[12:05:13] [19] Dolph_F_Gates - /a ja
[12:05:14] [21] Marcell_O_Neill - /gethere 
[12:05:14] [20] Ralf_S_Tomasso - /a megvannak
[12:05:16] [20] Ralf_S_Tomasso - /fk lista
[12:05:17] [19] Dolph_F_Gates - /a oks
[12:05:18] [21] Marcell_O_Neill - /gethere 19
[12:05:23] [21] Marcell_O_Neill - /veh infernus
[12:05:25] [19] Dolph_F_Gates - /széf érték 2 460592
[12:05:30] [21] Marcell_O_Neill - /atuning nitro
[12:05:48] [20] Ralf_S_Tomasso - /nyit
[12:05:49] [20] Ralf_S_Tomasso - /zar
[12:05:53] [20] Ralf_S_Tomasso - /nyit
[12:05:54] [20] Ralf_S_Tomasso - /nyit
[12:05:57] [20] Ralf_S_Tomasso - /zar
[12:05:59] [16] William_W_Andrews - /fk lista
[12:06:02] [18] Mike_O_Neill - /ajto tbe 11
[12:06:09] [20] Ralf_S_Tomasso - /motor
[12:06:11] [20] Ralf_S_Tomasso - /fk park
[12:06:12] [18] Mike_O_Neill - /enter
[12:06:15] [20] Ralf_S_Tomasso - /fly
[12:06:16] [16] William_W_Andrews - /as marcell unmute TSen
[12:06:19] [18] Mike_O_Neill - /exit
[12:06:19] [20] Ralf_S_Tomasso - /alefoglal
[12:06:24] [21] Marcell_O_Neill - /as megyek pill
[12:06:24] [18] Mike_O_Neill - /ajto
[12:06:25] [16] William_W_Andrews - /adminsegédek
[12:06:28] [16] William_W_Andrews - /admins
[12:06:29] [16] William_W_Andrews - /ah
[12:06:30] [18] Mike_O_Neill - /ajto t9rlés 11
[12:06:32] [21] Marcell_O_Neill - /as mindjárt megyek vissza azt beszélünk
[12:06:33] [18] Mike_O_Neill - /ajto törlés 11
[12:06:40] [20] Ralf_S_Tomasso - /motor
[12:06:43] [18] Mike_O_Neill - /ajto tbe 12
[12:06:45] [20] Ralf_S_Tomasso - /fk park
[12:06:53] [20] Ralf_S_Tomasso - /getcar 499
[12:06:58] [20] Ralf_S_Tomasso - /getcar 500
[12:07:03] [20] Ralf_S_Tomasso - /getcar 501
[12:07:07] [20] Ralf_S_Tomasso - /getcar 496
[12:07:23] [20] Ralf_S_Tomasso - /motor
[12:07:25] [18] Mike_O_Neill - /ajto tbe 13
[12:07:25] [20] Ralf_S_Tomasso - /fk park
[12:07:29] [18] Mike_O_Neill - /ajto tbe 14
[12:07:44] [21] Marcell_O_Neill - /removecatr
[12:07:45] [21] Marcell_O_Neill - /removecar
[12:07:45] [20] Ralf_S_Tomasso - /motor
[12:07:48] [20] Ralf_S_Tomasso - /fk park
[12:07:50] [21] Marcell_O_Neill - /v lock
[12:08:07] [20] Ralf_S_Tomasso - /motor
[12:08:07] [16] William_W_Andrews - /motor
[12:08:09] [20] Ralf_S_Tomasso - /fk park
[12:08:09] [16] William_W_Andrews - /fk park
[12:08:14] [16] William_W_Andrews - /nyit
[12:08:16] [16] William_W_Andrews - /zar
[12:08:21] [21] Marcell_O_Neill - /ONDUTY
[12:08:27] [16] William_W_Andrews - /as marcell mennyi idõ?
[12:08:28] [20] Ralf_S_Tomasso - /motor
[12:08:29] [19] Dolph_F_Gates - /check 21 stats
[12:08:30] [20] Ralf_S_Tomasso - /fk park
[12:08:35] [21] Marcell_O_Neill - /a 1 perc és megyek
[12:08:37] [20] Ralf_S_Tomasso - /tagok
[12:08:39] [20] Ralf_S_Tomasso - /adat dolph_F_G
[12:08:44] [20] Ralf_S_Tomasso - /zar
[12:08:44] [21] Marcell_O_Neill - /as 1 perc és megyek
[12:08:46] [19] Dolph_F_Gates - /togb
[12:08:50] [21] Marcell_O_Neill - /as jaja xd
[12:08:59] [21] Marcell_O_Neill - /motor
[12:09:01] [20] Ralf_S_Tomasso - /goto william
[12:09:01] [21] Marcell_O_Neill - /a sztem Edie
[12:09:08] [20] Ralf_S_Tomasso - /yit
[12:09:09] [20] Ralf_S_Tomasso - /nyit
[12:09:10] [21] Marcell_O_Neill - /motor
[12:09:12] [21] Marcell_O_Neill - /motor
[12:09:12] [20] Ralf_S_Tomasso - /fk park
[12:09:15] [21] Marcell_O_Neill - /v lock
[12:09:17] [20] Ralf_S_Tomasso - /raktr
[12:09:18] [21] Marcell_O_Neill - /kiszed
[12:09:18] [20] Ralf_S_Tomasso - /raktár
[12:09:21] [21] Marcell_O_Neill - /v lock
[12:09:22] [20] Ralf_S_Tomasso - /fegyverek
[12:09:22] [21] Marcell_O_Neill - /kiszed
[12:09:24] [21] Marcell_O_Neill - /v lock
[12:09:25] [20] Ralf_S_Tomasso - /pda
[12:09:28] [16] William_W_Andrews - /zar
[12:09:29] [21] Marcell_O_Neill - /a aASDDDDDDDddd
[12:09:34] [21] Marcell_O_Neill - /asd Kiszedtem
[12:09:37] [21] Marcell_O_Neill - /a ksizedtem
[12:09:42] [21] Marcell_O_Neill - /a dolphot a motorból
[12:09:45] [21] Marcell_O_Neill - /a erre crash.xd
[12:09:48] [20] Ralf_S_Tomasso - /goto marcell
[12:09:50] [20] Ralf_S_Tomasso - /a hát nem tudtad?
[12:09:55] [21] Marcell_O_Neill - /a mit?
[12:09:56] [16] William_W_Andrews - /nyit
[12:09:57] [20] Ralf_S_Tomasso - /a Dolphot nem lehet csak úgy kiszedni
[12:09:58] [16] William_W_Andrews - /zar
[12:10:01] [21] Marcell_O_Neill - /a ja oks
[12:10:01] [20] Ralf_S_Tomasso - /a következményekkel jár
[12:10:07] [20] Ralf_S_Tomasso - /fly
[12:10:07] [20] Ralf_S_Tomasso - /fly
[12:10:11] [16] William_W_Andrews - /nyit
[12:10:13] [16] William_W_Andrews - /zar
[12:10:13] [17] Dolph_F_Gates - /login
[12:10:17] [21] Marcell_O_Neill - /a pill
[12:10:24] [20] Ralf_S_Tomasso - /fly
[12:10:24] [17] Dolph_F_Gates - /ahegy
[12:10:30] [20] Ralf_S_Tomasso - /fly
[12:10:32] [20] Ralf_S_Tomasso - /fly
[12:10:32] [17] Dolph_F_Gates - /admins
[12:10:33] [20] Ralf_S_Tomasso - /fly
[12:10:33] [20] Ralf_S_Tomasso - /fly
[12:10:37] [20] Ralf_S_Tomasso - /fly
[12:10:38] [20] Ralf_S_Tomasso - /fly
[12:10:39] [20] Ralf_S_Tomasso - /tele
[12:10:50] [17] Dolph_F_Gates - /adminsegédek
[12:10:51] [20] Ralf_S_Tomasso - /nyit
[12:10:52] [20] Ralf_S_Tomasso - /stats
[12:10:55] [18] Mike_O_Neill - /object uj 159
[12:11:01] [17] Dolph_F_Gates - /as nem azért William, de ez elég gáz
[12:11:01] [18] Mike_O_Neill - /object töröl
[12:11:03] [17] Dolph_F_Gates - /as volt
[12:11:09] [20] Ralf_S_Tomasso - /széf megnéz
[12:11:14] [18] Mike_O_Neill - /object uj 1569
[12:11:21] [20] Ralf_S_Tomasso - /a Dolph te mit csináltáL? XD
[12:11:32] [16] William_W_Andrews - /nyit
[12:11:34] [16] William_W_Andrews - /zar
[12:11:43] [20] Ralf_S_Tomasso - /a 460 ezerbõl kb tudunk venni minden tagnak majd egy zsíros kenyeret XD
[12:11:44] [20] Ralf_S_Tomasso - /fly
[12:11:44] [20] Ralf_S_Tomasso - /fly
[12:11:45] [20] Ralf_S_Tomasso - /fly
[12:11:46] [20] Ralf_S_Tomasso - /fly
[12:11:46] [20] Ralf_S_Tomasso - /fly
[12:11:47] [20] Ralf_S_Tomasso - /fly
[12:12:04] [17] Dolph_F_Gates - /A én ülök éppen
[12:12:24] [18] Mike_O_Neill - /ajto tbe 15
[12:12:25] [17] Dolph_F_Gates - /a amúgy meg ennyit írt. a régebbi összegnek
[12:12:38] [18] Mike_O_Neill - /ajto név 15 Pub
[12:12:42] [18] Mike_O_Neill - /ajto tbe 16
[12:12:43] [20] Ralf_S_Tomasso - /a nemrég volt 150 misi, utána már csak 14 misi, utána már csak 460 ezer XD
[12:12:52] [17] Dolph_F_Gates - /a az jo
[12:12:56] [17] Dolph_F_Gates - /a akkor ez is bugos
[12:12:56] [20] Ralf_S_Tomasso - /a szerver leálláskor 150 volt
[12:13:00] [18] Mike_O_Neill - /a Dolph, gyere pls
[12:13:03] [20] Ralf_S_Tomasso - /a amig ki nem vették :D
[12:13:10] [17] Dolph_F_Gates - /széf érték 2 15000000
[12:13:12] [20] Ralf_S_Tomasso - /fly
[12:13:14] [18] Mike_O_Neill - /ajto be 16
[12:13:15] [20] Ralf_S_Tomasso - /fly
[12:13:16] [20] Ralf_S_Tomasso - /fly
[12:13:16] [20] Ralf_S_Tomasso - /fly
[12:13:17] [20] Ralf_S_Tomasso - /fly
[12:13:18] [20] Ralf_S_Tomasso - /fly
[12:13:18] [17] Dolph_F_Gates - /goto mike
[12:13:20] [18] Mike_O_Neill - /pickups
[12:13:22] [17] Dolph_F_Gates - /a visszatettem a 15
[12:13:36] [17] Dolph_F_Gates - /pickups
[12:13:59] [17] Dolph_F_Gates - /pickups
[12:14:01] [17] Dolph_F_Gates - /pickups töröl
[12:14:02] [18] Mike_O_Neill - /pickups
[12:14:11] [18] Mike_O_Neill - /pickups go 1
[12:14:13] [18] Mike_O_Neill - /pickups go 1
[12:14:16] [18] Mike_O_Neill - /pickups go 2
[12:14:25] [17] Dolph_F_Gates - /pickups töröl 2
[12:14:39] [18] Mike_O_Neill - /pickups
[12:14:42] [18] Mike_O_Neill - /pickups pos
[12:14:45] [19] Ralf_S_Tomasso - /login
[12:14:52] [19] Ralf_S_Tomasso - /up
[12:14:55] [19] Ralf_S_Tomasso - /gps be
[12:14:56] [19] Ralf_S_Tomasso - /nevek
[12:14:57] [19] Ralf_S_Tomasso - /tagok
[12:15:02] [19] Ralf_S_Tomasso - /textdraw
[12:15:04] [18] Mike_O_Neill - /pickups pos 2 1275
[12:15:22] [18] Mike_O_Neill - /pickups pos 2
[12:15:23] [20] Patrik_O_Neill - /login
[12:15:23] [19] Ralf_S_Tomasso - /tdszin
[12:15:32] [20] Patrik_O_Neill - /Ah
[12:15:35] [20] Patrik_O_Neill - /gps be
[12:15:37] [18] Mike_O_Neill - /pickups go 1275
[12:15:43] [19] Ralf_S_Tomasso - /nyit
[12:15:43] [20] Patrik_O_Neill - /A sziasztok
[12:15:45] [19] Ralf_S_Tomasso - /a csáó
[12:15:46] [19] Ralf_S_Tomasso - /ahelp
[12:15:48] [19] Ralf_S_Tomasso - /admins
[12:15:49] [18] Mike_O_Neill - /pickups töröl 1275
[12:15:52] [17] Dolph_F_Gates - /adminsegédek
[12:15:57] [17] Dolph_F_Gates - /admins
[12:15:57] [18] Mike_O_Neill - /a csaó
[12:15:59] [19] Ralf_S_Tomasso - /fbi
[12:16:01] [19] Ralf_S_Tomasso - /fbi öltöny
[12:16:04] [20] Patrik_O_Neill - /Ah
[12:16:07] [20] Patrik_O_Neill - /Stats
[12:16:10] [19] Ralf_S_Tomasso - /duty szolgálat
[12:16:13] [18] Mike_O_Neill - /pickups pos 1275
[12:16:13] [19] Ralf_S_Tomasso - /duty fegyver felvesz m4
[12:16:19] [19] Ralf_S_Tomasso - /duty fegyver lead m4
[12:16:24] [19] Ralf_S_Tomasso - /lt
[12:16:25] [19] Ralf_S_Tomasso - /lt
[12:16:31] [19] Ralf_S_Tomasso - /setskin ralf_S_ T 292
[12:16:34] [19] Ralf_S_Tomasso - /setskin ralf_S_ T 292
[12:16:36] [20] Patrik_O_Neill - /nyit
[12:16:37] [19] Ralf_S_Tomasso - /setskin ralf_S_T 292
[12:16:39] [20] Patrik_O_Neill - /zar
[12:16:48] [20] Patrik_O_Neill - /Ah
[12:16:55] [19] Ralf_S_Tomasso - /onduty
[12:16:58] [19] Ralf_S_Tomasso - /széf megnéz
[12:17:12] [18] Mike_O_Neill - /pickups pos 1275 2
[12:17:12] [20] Patrik_O_Neill - /onduty
[12:17:20] [19] Ralf_S_Tomasso - /a Dolph végülis akkor azt a 150 et nem kapjuk vissza?
[12:17:21] [20] Patrik_O_Neill - /apark
[12:17:21] [19] Ralf_S_Tomasso - /up
[12:17:22] [19] Ralf_S_Tomasso - /up
[12:17:22] [19] Ralf_S_Tomasso - /up
[12:17:22] [19] Ralf_S_Tomasso - /up
[12:17:23] [19] Ralf_S_Tomasso - /up
[12:17:23] [19] Ralf_S_Tomasso - /up
[12:17:23] [19] Ralf_S_Tomasso - /up
[12:17:24] [19] Ralf_S_Tomasso - /upt
[12:17:25] [19] Ralf_S_Tomasso - /up
[12:17:25] [19] Ralf_S_Tomasso - /up
[12:17:25] [19] Ralf_S_Tomasso - /up
[12:17:26] [19] Ralf_S_Tomasso - /up
[12:17:26] [19] Ralf_S_Tomasso - /up
[12:17:27] [19] Ralf_S_Tomasso - /up
[12:17:38] [18] Mike_O_Neill - /pickups go 3
[12:17:42] [18] Mike_O_Neill - /pickups go 4
[12:17:46] [18] Mike_O_Neill - /pickups go 5
[12:17:51] [18] Mike_O_Neill - /pickups go 6
[12:17:53] [20] Patrik_O_Neill - /Széf megnéz
[12:17:53] [16] William_W_Andrews - /ah
[12:17:55] [18] Mike_O_Neill - /pickups go 7
[12:17:56] [19] Ralf_S_Tomasso - /ah
[12:17:57] [18] Mike_O_Neill - /pickups go 7
[12:18:00] [18] Mike_O_Neill - /pickups go 7
[12:18:02] [18] Mike_O_Neill - /pickups go 7
[12:18:04] [20] Patrik_O_Neill - /tele
[12:18:06] [18] Mike_O_Neill - /pickups go 7
[12:18:11] [18] Mike_O_Neill - /pickups go 7
[12:18:12] [20] Patrik_O_Neill - /tele
[12:18:13] [18] Mike_O_Neill - /pickups go 7
[12:18:16] [18] Mike_O_Neill - /pickups go 7
[12:18:21] [18] Mike_O_Neill - /freeze 18
[12:18:22] [18] Mike_O_Neill - /pickups go 7
[12:18:28] [18] Mike_O_Neill - /enter
[12:18:28] [19] Ralf_S_Tomasso - /a értem, 
[12:18:29] [17] Dolph_F_Gates - /a aa. minden FK-ba így van-lesz
[12:18:36] [19] Ralf_S_Tomasso - /a oké
[12:18:39] [20] Patrik_O_Neill - /nyit
[12:18:43] [19] Ralf_S_Tomasso - /fly
[12:18:43] [20] Patrik_O_Neill - /zar
[12:18:44] [19] Ralf_S_Tomasso - /fly
[12:18:45] [19] Ralf_S_Tomasso - /fly
[12:18:46] [19] Ralf_S_Tomasso - /fly
[12:18:46] [19] Ralf_S_Tomasso - /fly
[12:18:47] [19] Ralf_S_Tomasso - /admins
[12:18:48] [19] Ralf_S_Tomasso - /fly
[12:18:49] [19] Ralf_S_Tomasso - /fly
[12:18:49] [19] Ralf_S_Tomasso - /fly
[12:18:50] [19] Ralf_S_Tomasso - /fly
[12:18:50] [19] Ralf_S_Tomasso - /fly
[12:18:52] [19] Ralf_S_Tomasso - /up
[12:18:57] [18] Mike_O_Neill - /fa Dolph, /freeze 17 utána /pickups go 7
[12:19:01] [20] Patrik_O_Neill - /motor
[12:19:07] [18] Mike_O_Neill - /fa majd /enter xd
[12:19:08] [20] Patrik_O_Neill - /apark
[12:19:13] [20] Patrik_O_Neill - /apark
[12:19:15] [17] Dolph_F_Gates - /FA ?O.o
[12:19:17] [20] Patrik_O_Neill - /apark
[12:19:21] [20] Patrik_O_Neill - /apark
[12:19:32] [18] Mike_O_Neill - /fa /enter ha a pickupnál vagy xd
[12:19:34] [16] William_W_Andrews - /nyit
[12:19:39] [20] Patrik_O_Neill - /apark
[12:19:44] [20] Patrik_O_Neill - /apark
[12:19:53] [18] Mike_O_Neill - /fa komoly :D
[12:20:04] [18] Mike_O_Neill - /pickups go 8
[12:20:10] [18] Mike_O_Neill - /setint 0
[12:20:12] [16] William_W_Andrews - /zar
[12:20:16] [18] Mike_O_Neill - /setvw 0
[12:20:26] [18] Mike_O_Neill - /pickups go 9
[12:20:33] [18] Mike_O_Neill - /pickups go 10
[12:20:35] [18] Mike_O_Neill - /pickups go 10
[12:20:38] [20] Patrik_O_Neill - /motor
[12:20:39] [18] Mike_O_Neill - /pickups go 10
[12:20:41] [20] Patrik_O_Neill - /crs
[12:20:43] [18] Mike_O_Neill - /pickups go 11
[12:20:43] [20] Patrik_O_Neill - /tele
[12:21:01] [19] Ralf_S_Tomasso - /ahegy
[12:21:04] [18] Mike_O_Neill - /fa /goto 18
[12:21:20] [20] Patrik_O_Neill - /Ah
[12:21:41] [17] Dolph_F_Gates - /goto 18
[12:21:53] [20] Patrik_O_Neill - /ash
[12:22:29] [20] Patrik_O_Neill - /Report channelstatus 0
[12:22:30] [20] Patrik_O_Neill - /Report channelstatus 1
[12:22:36] [20] Patrik_O_Neill - /Report channelstatus 2
[12:22:38] [20] Patrik_O_Neill - /Report channelstatus 3
[12:22:40] [20] Patrik_O_Neill - /Report channelstatus 2
[12:22:46] [20] Patrik_O_Neill - /Report channelstatus 1
[12:23:01] [20] Patrik_O_Neill - /tele
[12:23:27] [18] Mike_O_Neill - /pickups go 12
[12:23:44] [18] Mike_O_Neill - /pickups go 13
[12:23:56] [18] Mike_O_Neill - /pickups go 14
[12:24:00] [18] Mike_O_Neill - /pickups go 15
[12:24:03] [18] Mike_O_Neill - /pickups go 16
[12:24:28] [18] Mike_O_Neill - /a Ralf, vagy?
[12:24:51] [17] Dolph_F_Gates - /a nemtudom Mike xd
[12:24:56] [19] Ralf_S_Tomasso - /a vagyok
[12:25:05] [18] Mike_O_Neill - /engedgoto
[12:25:06] [19] Ralf_S_Tomasso - /goto mike_O_N
[12:25:06] [17] Dolph_F_Gates - /fa William le is lépett
[12:25:13] [17] Dolph_F_Gates - /Fa nem fekszik neki h. örökAS
[12:25:15] [19] Ralf_S_Tomasso - /enter
[12:25:25] [18] Mike_O_Neill - /pickups go 15
[12:25:31] [17] Dolph_F_Gates - /fa én már rég kibannoltamvolna. ez már szégyena zért
[12:25:36] [17] Dolph_F_Gates - /adminalnevbe 1
[12:25:39] [19] Ralf_S_Tomasso - /rb .
[12:25:43] [19] Ralf_S_Tomasso - /fizetések
[12:25:46] [18] Mike_O_Neill - /pickups go 11
[12:25:59] [19] Ralf_S_Tomasso - /stats
[12:26:01] [18] Mike_O_Neill - /pickups törlés 11 
[12:26:01] [19] Ralf_S_Tomasso - /gotocar 457
[12:26:05] [18] Mike_O_Neill - /pickups töröl 11
[12:26:06] [19] Ralf_S_Tomasso - /alefoglal
[12:26:14] [18] Mike_O_Neill - /pickups töröl 16
[12:26:15] [19] Ralf_S_Tomasso - /fixveh 3
[12:26:22] [18] Mike_O_Neill - /tele
[12:26:40] [19] Ralf_S_Tomasso - /nyit
[12:26:41] [19] Ralf_S_Tomasso - /za
[12:26:44] [18] Mike_O_Neill - /enter
[12:26:50] [19] Ralf_S_Tomasso - /motor
[12:26:52] [19] Ralf_S_Tomasso - /fixveh 3
[12:26:54] [19] Ralf_S_Tomasso - /v park
[12:27:02] [19] Ralf_S_Tomasso - /v zár
[12:27:09] [18] Mike_O_Neill - /pickups go 17
[12:27:11] [19] Ralf_S_Tomasso - /respawn ralf_S_T
[12:27:15] [19] Ralf_S_Tomasso - /gps be
[12:27:20] [18] Mike_O_Neill - /pickups go 18
[12:27:26] [18] Mike_O_Neill - /pickups go 19
[12:27:30] [19] Ralf_S_Tomasso - /setskin ralf_S_T 292
[12:27:32] [19] Ralf_S_Tomasso - /enter
[12:27:40] [19] Ralf_S_Tomasso - /házszéf
[12:27:42] [18] Mike_O_Neill - /pickups töröl 19
[12:27:45] [18] Mike_O_Neill - /pickups go 18
[12:27:46] [19] Ralf_S_Tomasso - /fegyvereim
[12:27:49] [19] Ralf_S_Tomasso - /exit
[12:27:50] [19] Ralf_S_Tomasso - /open
[12:27:52] [19] Ralf_S_Tomasso - /goto mike_O_N
[12:27:56] [18] Mike_O_Neill - /pickups töröl 18
[12:27:56] [19] Ralf_S_Tomasso - /tele
[12:27:58] [17] Dolph_F_Gates - /fa hát nem?
[12:28:00] [19] Ralf_S_Tomasso - /tele
[12:28:01] [18] Mike_O_Neill - /pickups go 17
[12:28:05] [18] Mike_O_Neill - /fa dede
[12:28:10] [19] Ralf_S_Tomasso - /lt
[12:28:11] [18] Mike_O_Neill - /pickups töröl 17
[12:28:12] [19] Ralf_S_Tomasso - /rt
[12:28:17] [18] Mike_O_Neill - /pickups go 16
[12:28:18] [19] Ralf_S_Tomasso - /nyit
[12:28:19] [18] Mike_O_Neill - /pickups go 15
[12:28:20] [19] Ralf_S_Tomasso - /zar
[12:28:22] [18] Mike_O_Neill - /pickups go 14
[12:28:25] [18] Mike_O_Neill - /pickups go 13
[12:28:32] [18] Mike_O_Neill - /pickups töröl 13
[12:28:38] [18] Mike_O_Neill - /pickups go 12
[12:30:46] [18] Mike_O_Neill - /pickups go 11
[12:30:50] [18] Mike_O_Neill - /goto ralf
[12:31:00] [18] Mike_O_Neill - /pickus
[12:31:02] [18] Mike_O_Neill - /pickups
[12:31:06] [18] Mike_O_Neill - /pickups üres
[12:31:12] [18] Mike_O_Neill - /pickups pos
[12:31:14] [19] Ralf_S_Tomasso - /setskin ralf_S_T 217
[12:31:16] [19] Ralf_S_Tomasso - /setskin ralf_S_T 217
[12:31:19] [19] Ralf_S_Tomasso - /setskin ralf_S_T 217
[12:31:21] [19] Ralf_S_Tomasso - /setskin ralf_S_T 292
[12:31:53] [18] Mike_O_Neill - /pickups pos 1247 11
[12:32:23] [18] Mike_O_Neill - /pickups go 10
[12:32:28] [18] Mike_O_Neill - /pickups go 9
[12:32:28] [19] Ralf_S_Tomasso - /stats
[12:32:34] [18] Mike_O_Neill - /pickups go 8
[12:32:34] [19] Ralf_S_Tomasso - /sranks
[12:32:39] [18] Mike_O_Neill - /pickups go 6
[12:32:43] [18] Mike_O_Neill - /pickups go 5
[12:32:45] [18] Mike_O_Neill - /pickups go 43
[12:32:46] [18] Mike_O_Neill - /pickups go 4
[12:32:50] [18] Mike_O_Neill - /pickups go 3
[12:32:52] [18] Mike_O_Neill - /pickups go 2
[12:32:54] [18] Mike_O_Neill - /pickups go 1
[12:33:43] [18] Mike_O_Neill - /pickups go 17
[12:33:45] [18] Mike_O_Neill - /pickups go 18
[12:33:47] [18] Mike_O_Neill - /pickups go 19
[12:33:48] [18] Mike_O_Neill - /pickups go 20
[12:33:50] [18] Mike_O_Neill - /pickups go 21
[12:33:52] [18] Mike_O_Neill - /pickups go 22
[12:33:58] [18] Mike_O_Neill - /setint 0
[12:34:00] [18] Mike_O_Neill - /setvw 0
[12:34:07] [18] Mike_O_Neill - /pickups üres
[12:34:15] [18] Mike_O_Neill - /abiz go 5
[12:34:24] [18] Mike_O_Neill - /abiz go 6
[12:34:30] [18] Mike_O_Neill - /abiz go 7
[12:34:36] [18] Mike_O_Neill - /abiz go 8
[12:34:39] [17] Dolph_F_Gates - /a nem tudom h. vagytok azért de
[12:34:42] [18] Mike_O_Neill - /abiz go 9
[12:34:46] [17] Dolph_F_Gates - /a nekem hiányzik a régi közösség
[12:34:47] [18] Mike_O_Neill - /abiz go 10
[12:34:56] [17] Dolph_F_Gates - /a 1 része itt van,oké
[12:34:57] [18] Mike_O_Neill - /a nekem is pár ember
[12:35:10] [17] Dolph_F_Gates - /a és nem csak az adminokra értem
[12:35:19] [18] Mike_O_Neill - /abiz go 11
[12:35:25] [18] Mike_O_Neill - /abiz go 12
[12:35:57] [18] Mike_O_Neill - /gps lista bizniszek
[12:36:11] [18] Mike_O_Neill - /ajto tbe 15
[12:36:15] [18] Mike_O_Neill - /ajto tbe 16
[12:36:17] [18] Mike_O_Neill - /ajto tbe 17
[12:36:23] [18] Mike_O_Neill - /ajto tbe 18
[12:36:31] [18] Mike_O_Neill - /ajto tbe 18
[12:36:37] [18] Mike_O_Neill - /enter
[12:36:40] [18] Mike_O_Neill - /exit
[12:36:43] [18] Mike_O_Neill - /enter
[12:36:46] [18] Mike_O_Neill - /ajto tbe 18
[12:36:58] [18] Mike_O_Neill - /ajto törlés 18
[12:37:05] [18] Mike_O_Neill - /ajto tbe 19
[12:37:07] [19] Ralf_S_Tomasso - /a hát igazad van
[12:37:17] [18] Mike_O_Neill - /pickups üres
[12:37:22] [18] Mike_O_Neill - /pickups pos
[12:37:30] [18] Mike_O_Neill - /pickups pos 1275 13
[12:37:39] [18] Mike_O_Neill - /pickups pos 1275 13
[12:37:45] [18] Mike_O_Neill - /ajto tbe 19
[12:37:47] [18] Mike_O_Neill - /pickups pos 1275 13
[12:37:53] [18] Mike_O_Neill - /ajto tbe 20
[12:37:58] [18] Mike_O_Neill - /ajto tbe 21
[12:38:05] [18] Mike_O_Neill - /ajto tbe 22
[12:38:10] [18] Mike_O_Neill - /ajto tbe 23
[12:38:14] [18] Mike_O_Neill - /ajto tbe 24
[12:38:18] [18] Mike_O_Neill - /ajto tbe 24
[12:38:48] [18] Mike_O_Neill - /ajto név 24 [AUTÓKER] - Tetõ
[12:39:02] [18] Mike_O_Neill - /ajto tbe 25
[12:39:06] [18] Mike_O_Neill - /ajto tbe 26
[12:39:18] [18] Mike_O_Neill - /ajto tbe 27
[12:39:25] [18] Mike_O_Neill - /ajto tbe 28
[12:39:29] [18] Mike_O_Neill - /ajto tbe 29
[12:39:58] [18] Mike_O_Neill - /ajto név 29 Ruhabolt
[12:40:01] [17] Dolph_F_Gates - /a mind1. haladunk elõre..
[12:40:05] [17] Dolph_F_Gates - /a a múltnak vége
[12:40:05] [18] Mike_O_Neill - /ajto tbe 30
[12:40:13] [17] Dolph_F_Gates - /a GangBoss
[12:40:23] [18] Mike_O_Neill - /ajto név 30 Cluckin Bell ((/menu))
[12:40:36] [18] Mike_O_Neill - /a jaja, nem kell félni az újtól
[12:40:41] [18] Mike_O_Neill - /ajto tbe 31
[12:40:44] [18] Mike_O_Neill - /ajto tbe 32
[12:40:52] [18] Mike_O_Neill - /ajto tbe 33
[12:40:57] [18] Mike_O_Neill - /ajto tbe 34
[12:41:01] [18] Mike_O_Neill - /ajto tbe 35
[12:41:06] [18] Mike_O_Neill - /ajto tbe 36
[12:41:09] [18] Mike_O_Neill - /ajto tbe 37
[12:41:18] [18] Mike_O_Neill - /enter
[12:41:53] [19] Ralf_S_Tomasso - /a azok voltak az idõk
[12:42:00] [18] Mike_O_Neill - /ajto tbe 38
[12:42:05] [18] Mike_O_Neill - /ajto tbe 39
[12:42:08] [18] Mike_O_Neill - /ajto tbe 40
[12:42:11] [18] Mike_O_Neill - /ajto tbe 41
[12:42:38] [18] Mike_O_Neill - /ajto név 41 Market ((/vesz))
[12:42:42] [18] Mike_O_Neill - /ajto tbe 42
[12:42:46] [18] Mike_O_Neill - /ajto tbe 43
[12:43:03] [18] Mike_O_Neill - /ajto tbe 44
[12:43:53] [17] Dolph_F_Gates - /a voltak
[12:43:54] [18] Mike_O_Neill - /ajto név 44 USTC - Gyülekezõ
[12:44:25] [17] Dolph_F_Gates - /a na pill kaja
[12:44:27] [18] Mike_O_Neill - /ajto tbe 45
[12:44:32] [18] Mike_O_Neill - /a jóétvágyat
[12:44:44] [18] Mike_O_Neill - /ajto név 44 Market ((/vesz))
[12:45:00] [18] Mike_O_Neill - /ajto tbe 46
[12:45:07] [18] Mike_O_Neill - /ajto név 46 Market ((/vesz))
[12:45:13] [18] Mike_O_Neill - /ajto név 44 USTC - Gyülekezõ
[12:45:19] [18] Mike_O_Neill - /ajto név 45 Market ((/vesz))
[12:45:23] [18] Mike_O_Neill - /ajto tbe 47
[12:45:29] [18] Mike_O_Neill - /ajto név 47 Market ((/vesz))
[12:45:33] [18] Mike_O_Neill - /ajto tbe 48
[12:45:40] [18] Mike_O_Neill - /ajto tbe 49
[12:45:49] [18] Mike_O_Neill - /enter
[12:45:57] [18] Mike_O_Neill - /exit
[12:46:08] [18] Mike_O_Neill - /ajto név 49 Disco
[12:46:15] [18] Mike_O_Neill - /ajto tbe 50
[12:46:24] [18] Mike_O_Neill - /enter
[12:46:58] [18] Mike_O_Neill - /exit
[12:47:10] [18] Mike_O_Neill - /tárgyaló
[12:47:13] [18] Mike_O_Neill - /tárgyaló
[12:47:21] [18] Mike_O_Neill - /ajto név 50 Átjáró
[12:47:48] [18] Mike_O_Neill - /ajto tbe 51
[12:48:02] [18] Mike_O_Neill - /ajto név 51 Market ((/vesz))
[12:48:05] [18] Mike_O_Neill - /ajto tbe 52
[12:48:18] [18] Mike_O_Neill - /ajto tbe 53
[12:48:23] [18] Mike_O_Neill - /ajto tbe 5
[12:48:28] [18] Mike_O_Neill - /ajto tbe 53
[12:49:00] [18] Mike_O_Neill - /ajto név USTC - Vezetõségi iroda
[12:49:04] [18] Mike_O_Neill - /ajto név 53 USTC - Vezetõségi iroda
[12:49:37] [18] Mike_O_Neill - /ajto tbe 54
[12:49:42] [18] Mike_O_Neill - /ajto tbe 55
[12:49:50] [18] Mike_O_Neill - /ajto tbe 56
[12:49:55] [18] Mike_O_Neill - /ajto tbe 57
[12:50:01] [18] Mike_O_Neill - /ajto tbe 58
[12:50:22] [18] Mike_O_Neill - /ajto név 58 Market ((/vesz))
[12:50:29] [18] Mike_O_Neill - /ajto tbe 59
[12:50:47] [18] Mike_O_Neill - /ajto név 58 Étterem - Fõbejárat
[12:50:50] [18] Mike_O_Neill - /ajto név 58 Market ((/vesz))
[12:50:53] [18] Mike_O_Neill - /ajto név 59 Étterem - Fõbejárat
[12:50:59] [18] Mike_O_Neill - /ajto tbe 60
[12:52:19] [18] Mike_O_Neill - /tele
[12:52:32] [18] Mike_O_Neill - /flymode
[12:52:43] [18] Mike_O_Neill - /flymode
[12:52:53] [18] Mike_O_Neill - /ajto be 60
[12:53:17] [18] Mike_O_Neill - /ajto nev 60 SFFD Bejárat
[12:54:19] [19] Ralf_S_Tomasso - /b .
[12:55:05] [18] Mike_O_Neill - /tele
[12:55:22] [18] Mike_O_Neill - /flymode
[12:55:32] [19] Ralf_S_Tomasso - /goto 18
[12:55:32] [18] Mike_O_Neill - /flymode
[12:55:45] [19] Ralf_S_Tomasso - /a ez mindig is ilyen volt?
[12:55:46] [18] Mike_O_Neill - /kapu
[12:56:06] [18] Mike_O_Neill - /a volt tûzoltó hq
[12:56:35] [19] Ralf_S_Tomasso - /a tudom, csak kicsit mintha más lenne
[12:56:38] [19] Ralf_S_Tomasso - /adat 18
[12:56:48] [18] Mike_O_Neill - /ajto tbe 61
[12:56:52] [19] Ralf_S_Tomasso - /flymode
[12:56:56] [18] Mike_O_Neill - /ajto tbe 62
[12:57:01] [18] Mike_O_Neill - /ajto tbe 63
[12:57:04] [18] Mike_O_Neill - /ajto tbe 64
[12:57:05] [19] Ralf_S_Tomasso - /flymode
[12:57:06] [19] Ralf_S_Tomasso - /gps be
[12:57:10] [19] Ralf_S_Tomasso - /setskin ralf_S_ T292
[12:57:20] [19] Ralf_S_Tomasso - /setskin Ralf_S_Tomasso 292
[12:57:22] [18] Mike_O_Neill - /enter
[12:57:38] [18] Mike_O_Neill - /ajto tbe 65
[12:57:46] [18] Mike_O_Neill - /enter
[12:57:50] [19] Ralf_S_Tomasso - /alefoglal
[12:57:58] [19] Ralf_S_Tomasso - /gotolv
[12:58:09] [19] Ralf_S_Tomasso - /atuning festés 0
[12:58:37] [18] Mike_O_Neill - /gps be
[12:58:51] [19] Ralf_S_Tomasso - /guggol
[12:58:56] [18] Mike_O_Neill - /ajto tbe 65
[12:58:57] [19] Ralf_S_Tomasso - /lean 2
[12:58:58] [19] Ralf_S_Tomasso - /lean 2
[12:59:04] [18] Mike_O_Neill - /ajto tbe 66
[12:59:19] [18] Mike_O_Neill - /ajto név 66 Tetováló szalon
[12:59:24] [19] Ralf_S_Tomasso - /alefoglal
[12:59:28] [18] Mike_O_Neill - /ajto név 66 Tattoo szalon
[12:59:32] [18] Mike_O_Neill - /ajto név 66 Tattoo salon
[12:59:42] [18] Mike_O_Neill - /ajto tbe 67
[13:00:06] [18] Mike_O_Neill - /ajto név 67 SF Lottózó ((/lottó /puttó))
[13:00:12] [18] Mike_O_Neill - /ajto tbe 68
[13:00:16] [18] Mike_O_Neill - /ajto tbe 69
[13:00:31] [18] Mike_O_Neill - /ajto név 69 Cluckin Bell
[13:00:36] [18] Mike_O_Neill - /ajto név 69 Cluckin Bell ((/menu))
[13:00:40] [18] Mike_O_Neill - /ajto tbe 70
[13:00:51] [18] Mike_O_Neill - /ajto név 69 Burger shot ((/menu))
[13:00:55] [18] Mike_O_Neill - /ajto név 69 Cluckin Bell ((/menu))
[13:00:59] [18] Mike_O_Neill - /ajto név 70 Burger shot ((/menu))
[13:01:04] [18] Mike_O_Neill - /ajto tbe 71
[13:01:35] [18] Mike_O_Neill - /ajto név 71 Pizza Hut ((/menu))
[13:01:39] [18] Mike_O_Neill - /ajto tbe 72
[13:01:44] [18] Mike_O_Neill - /ajto tbe 73
[13:01:51] [18] Mike_O_Neill - /ajto név 73 Burger shot ((/menu))
[13:01:53] [19] Ralf_S_Tomasso - /fixveh 3
[13:01:54] [18] Mike_O_Neill - /ajto tbe 74
[13:01:59] [18] Mike_O_Neill - /ajto név 74 Burger shot ((/menu))
[13:02:03] [18] Mike_O_Neill - /ajto tbe 75
[13:02:09] [19] Ralf_S_Tomasso - /motor
[13:02:10] [19] Ralf_S_Tomasso - /crs
[13:02:16] [18] Mike_O_Neill - /ajto nev 75 Market ((/vesz))
[13:02:36] [19] Ralf_S_Tomasso - /v vásárol
[13:02:45] [19] Ralf_S_Tomasso - /gotomark2
[13:02:46] [19] Ralf_S_Tomasso - /gotomark 2
[13:02:51] [18] Mike_O_Neill - /ajto tbe 76
[13:03:02] [18] Mike_O_Neill - /ajto tbe 77
[13:03:23] [18] Mike_O_Neill - /enter
[13:03:34] [18] Mike_O_Neill - /ajto tbe 78
[13:03:41] [18] Mike_O_Neill - /ajto tbe 79
[13:03:46] [18] Mike_O_Neill - /ajto tbe 80
[13:04:02] [18] Mike_O_Neill - /lt
[13:04:11] [18] Mike_O_Neill - /enter
[13:04:13] [18] Mike_O_Neill - /enter
[13:04:16] [18] Mike_O_Neill - /ajto tbe 80
[13:04:18] [18] Mike_O_Neill - /enter
[13:05:15] [18] Mike_O_Neill - /ajto tbe 81
[13:05:21] [18] Mike_O_Neill - /ajto tbe 82
[13:05:32] [18] Mike_O_Neill - /ûenter
[13:05:35] [18] Mike_O_Neill - /enter
[13:05:43] [18] Mike_O_Neill - /ajto tbe 83
[13:05:52] [18] Mike_O_Neill - /ajto tbe 84
[13:05:59] [18] Mike_O_Neill - /enter
[13:06:15] [18] Mike_O_Neill - /ajto tbe 85
[13:06:21] [18] Mike_O_Neill - /ajto tbe 86
[13:06:26] [18] Mike_O_Neill - /ajto tbe 87
[13:06:54] [18] Mike_O_Neill - /ajto tbe 88
[13:06:58] [18] Mike_O_Neill - /ajto tbe 89
[13:07:14] [18] Mike_O_Neill - /ajto tbe 90
[13:13:04] [18] Mike_O_Neill - /ajto tbe 91
[13:13:08] [18] Mike_O_Neill - /ajto tbe 92
[13:13:12] [18] Mike_O_Neill - /ajto tbe 93
[13:13:15] [18] Mike_O_Neill - /ajto tbe 94
[13:13:19] [18] Mike_O_Neill - /ajto tbe 95
[13:13:29] [18] Mike_O_Neill - /flymode
[13:13:44] [18] Mike_O_Neill - /flymode
[13:13:52] [18] Mike_O_Neill - /ajto be 95
[13:14:03] [18] Mike_O_Neill - /ajto kki
[13:14:17] [18] Mike_O_Neill - /ajto név 171 SFPD ((Nem nyitható a kapu))
[13:14:24] [18] Mike_O_Neill - /ajto tbe 96
[13:14:32] [18] Mike_O_Neill - /ajto tbe 97
[13:24:31] [16] Marcell_O_Neill - /login
[13:24:39] [16] Marcell_O_Neill - /goto 18
[13:24:59] [16] Marcell_O_Neill - /onduty
[13:25:14] [16] Marcell_O_Neill - /weapon
[13:25:17] [16] Marcell_O_Neill - /wep
[13:25:20] [16] Marcell_O_Neill - /giveweapon
[13:25:24] [16] Marcell_O_Neill - /giveplayeweapon
[13:25:26] [16] Marcell_O_Neill - /givegun
[13:25:27] [16] Marcell_O_Neill - /ah
[13:25:36] [17] Connor_O_Neill - /login
[13:25:43] [16] Marcell_O_Neill - /adminálnév
[13:25:44] [16] Marcell_O_Neill - /adminálnévbe
[13:25:46] [17] Connor_O_Neill - /gps be
[13:25:47] [16] Marcell_O_Neill - /adminálnév
[13:25:56] [17] Connor_O_Neill - /tv 16
[13:26:01] [17] Connor_O_Neill - /onduty
[13:26:03] [16] Marcell_O_Neill - /adminálnév
[13:26:07] [16] Marcell_O_Neill - /goto 17
[13:26:16] [17] Connor_O_Neill - /up
[13:26:27] [17] Connor_O_Neill - /szemüveg felvesz
[13:27:08] [17] Connor_O_Neill - /login
[13:27:25] [17] Connor_O_Neill - /gps be
[13:27:56] [17] Connor_O_Neill - /leaderek
[13:28:14] [17] Connor_O_Neill - /ah
[13:28:22] [17] Connor_O_Neill - /admins
[13:28:31] [17] Connor_O_Neill - /engedély
[13:28:38] [17] Connor_O_Neill - /engedély ad
[13:28:49] [17] Connor_O_Neill - /iratok 17
[13:28:52] [16] Marcell_O_Neill - /atuning nitro
[13:29:18] [16] Marcell_O_Neill - /atuning nitro
[13:29:26] [17] Connor_O_Neill - /onduty
[13:29:49] [16] Marcell_O_Neill - /gethere 17
[13:29:55] [16] Marcell_O_Neill - /veh infernus
[13:30:03] [16] Marcell_O_Neill - /atuning nitro
[13:31:01] [16] Marcell_O_Neill - /atuning nitro
[13:31:11] [17] Connor_O_Neill - /ah
[13:31:31] [17] Connor_O_Neill - /ondutyskin
[13:31:36] [16] Marcell_O_Neill - /fixveh 3
[13:31:40] [17] Connor_O_Neill - /ondutyskin
[13:31:44] [16] Marcell_O_Neill - /gps be
[13:31:57] [16] Marcell_O_Neill - /atuning nitro
[13:32:10] [16] Marcell_O_Neill - /atuning hidraulika
[13:32:13] [17] Connor_O_Neill - /arankst
[13:32:16] [17] Connor_O_Neill - /aranks
[13:34:14] [16] Marcell_O_Neill - /FIXVEH 3
[13:35:36] [18] Mike_O_Neill - /a re
[13:37:03] [16] Marcell_O_Neill - /FIXVEH 3
[13:37:05] [18] Mike_O_Neill - /ajto tbe 98
[13:37:21] [18] Mike_O_Neill - /ajto név BATF - Edzõterem
[13:37:25] [16] Marcell_O_Neill - /REMOVECAR
[13:37:26] [18] Mike_O_Neill - /ajto név 98 BATF - Edzõterem
[13:37:43] [18] Mike_O_Neill - /goto connor
[13:37:55] [18] Mike_O_Neill - /veh cross
[13:38:00] [18] Mike_O_Neill - /veh sanchez
[13:38:47] [18] Mike_O_Neill - /kick 17 Ott nem utazol...
[13:39:07] [18] Mike_O_Neill - /robbant 16
[13:39:12] [16] Marcell_O_Neill - /explode
[13:39:13] [16] Marcell_O_Neill - /explode
[13:39:14] [16] Marcell_O_Neill - /goto
[13:39:16] [18] Mike_O_Neill - /flymode
[13:39:17] [16] Marcell_O_Neill - /goto 18
[13:39:19] [16] Marcell_O_Neill - /goto 18
[13:39:21] [18] Mike_O_Neill - /flymode
[13:39:24] [16] Marcell_O_Neill - /goto 18
[13:39:29] [17] Connor_O_Neill - /login
[13:39:37] [17] Connor_O_Neill - /gps be
[13:40:19] [18] Mike_O_Neill - /ajto tbe 65
[13:40:25] [16] Marcell_O_Neill - /goto 18
[13:40:30] [18] Mike_O_Neill - /enter
[13:40:57] [16] Marcell_O_Neill - /enter
[13:41:06] [18] Mike_O_Neill - /enter
[13:41:09] [18] Mike_O_Neill - /aopen
[13:41:11] [18] Mike_O_Neill - /enter
[13:41:51] [18] Mike_O_Neill - /aopen
[13:41:53] [18] Mike_O_Neill - /exit
[13:42:01] [18] Mike_O_Neill - /aopen
[13:42:01] [19] Dolph_F_Gates - /login
[13:42:35] [19] Dolph_F_Gates - /sa szia
[13:42:47] [18] Mike_O_Neill - /vhspawn 18
[13:42:52] [16] Marcell_O_Neill - /goto 12
[13:42:58] [16] Marcell_O_Neill - /goto 18
[13:43:04] [19] Dolph_F_Gates - /sa /sa
[13:43:08] [17] Connor_O_Neill - /tv
[13:43:11] [17] Connor_O_Neill - /tele
[13:43:28] [19] Dolph_F_Gates - /a apám szive, zúgó harang,amit kaptam viszem tovább.. örökségem a szabadsgá
[13:43:46] [19] Dolph_F_Gates - /adminalnevbe 1
[13:44:03] [19] Dolph_F_Gates - /admins
[13:44:07] [16] Marcell_O_Neill - /a Clint szíve megragadt a Classon így folytatja tehát az O'Neill a slaccon, elnyerte a szervert magát így mulassa ki most magát
[13:44:13] [16] Marcell_O_Neill - /a Clint szíve megragadt a Classon így folytatja tehát az O'Neill a slaccon, elnyerte a szervert 
[13:44:23] [16] Marcell_O_Neill - /a Clint s a szervert magát így mulassa ki most magát
[13:44:24] [19] Dolph_F_Gates - /a xD
[13:44:36] [16] Marcell_O_Neill - /a elbasztam
[13:44:50] [19] Dolph_F_Gates - /a szerintetek Szerver Felügyelõ v. SzerverFelügyelõ ? Esetleg új rang név ?
[13:44:57] [16] Marcell_O_Neill - /harcstilus kneehead?
[13:45:00] [16] Marcell_O_Neill - /harcstilus kneehead
[13:45:04] [17] Connor_O_Neill - /b ezt a scrrenshotot hibát csinálom
[13:45:07] [17] Connor_O_Neill - /b tököknek nem menti
[13:45:18] [17] Connor_O_Neill - /harcstílus kneehead
[13:45:34] [17] Connor_O_Neill - /pacsi marcell
[13:45:37] [17] Connor_O_Neill - /pacsi marcell
[13:45:38] [17] Connor_O_Neill - /pacsi marcell
[13:45:39] [17] Connor_O_Neill - /pacsi marcell
[13:45:39] [17] Connor_O_Neill - /pacsi marcell
[13:45:39] [17] Connor_O_Neill - /pacsi marcell
[13:46:18] [19] Dolph_F_Gates - /fa Marci
[13:46:25] [19] Dolph_F_Gates - /fa te látod a scripter chatet ?
[13:46:25] [16] Marcell_O_Neill - /sa mivan?
[13:46:28] [16] Marcell_O_Neill - /s aha
[13:46:32] [16] Marcell_O_Neill - /a hogykell?
[13:46:34] [16] Marcell_O_Neill - /a írni?xd
[13:46:57] [16] Marcell_O_Neill - /a oda?
[13:47:04] [16] Marcell_O_Neill - /fly
[13:47:04] [16] Marcell_O_Neill - /fly
[13:47:09] [19] Dolph_F_Gates - /a /sa
[13:47:11] [16] Marcell_O_Neill - /fly
[13:47:16] [16] Marcell_O_Neill - /sa aha
[13:47:20] [16] Marcell_O_Neill - /goto 19
[13:47:52] [17] Connor_O_Neill - /sa
[13:48:29] [18] Mike_O_Neill - /fa Szerverfelügyelõ
[13:48:39] [16] Marcell_O_Neill - /sa nekem nemjo
[13:48:40] [18] Mike_O_Neill - /fa SzerverFelügyelõ 
[13:48:42] [16] Marcell_O_Neill - /sa nem enged írni
[13:48:43] [16] Marcell_O_Neill - /a nekem
[13:48:45] [18] Mike_O_Neill - /fa szerintem így
[13:48:46] [16] Marcell_O_Neill - /a nem enged oda írni
[13:48:47] [16] Marcell_O_Neill - /a asd XD
[13:48:51] [16] Marcell_O_Neill - /a mivan akkor most?XD
[13:48:56] [18] Mike_O_Neill - /pm marcell /fa a narancs
[13:48:58] [16] Marcell_O_Neill - /fa fasz
[13:49:00] [16] Marcell_O_Neill - /fa XD
[13:49:04] [19] Dolph_F_Gates - /fa fej
[13:49:08] [18] Mike_O_Neill - /fa a Marci
[13:49:09] [19] Dolph_F_Gates - /freeze 16
[13:49:12] [16] Marcell_O_Neill - /fa mi az?
[13:49:22] [18] Mike_O_Neill - /fa olvasd el a tiédtõl xd
[13:49:32] [16] Marcell_O_Neill - /fa enyémtõl?
[13:49:33] [17] Connor_O_Neill - /down
[13:49:35] [17] Connor_O_Neill - /down
[13:49:36] [16] Marcell_O_Neill - /fa jólvanna xd
[13:49:38] [16] Marcell_O_Neill - /ah
[13:49:57] [17] Connor_O_Neill - /tele
[13:50:16] [16] Marcell_O_Neill - /sa csõ
[13:50:59] [16] Marcell_O_Neill - /veh rustler
[13:51:24] [19] Dolph_F_Gates - /a nem megy az életem xD
[13:51:57] [16] Marcell_O_Neill - /removecar
[13:52:01] [16] Marcell_O_Neill - /gotpo 18
[13:52:05] [16] Marcell_O_Neill - /goto 18
[13:52:13] [16] Marcell_O_Neill - /goto 19
[13:52:23] [16] Marcell_O_Neill - /mivan
[13:52:24] [16] Marcell_O_Neill - /mivan
[13:54:20] [16] Patrik_O_Neill - /login
[13:54:31] [16] Patrik_O_Neill - /gps be
[13:54:35] [18] Mike_O_Neill - /abiz go 14
[13:54:36] [16] Patrik_O_Neill - /onduty
[13:54:47] [18] Mike_O_Neill - /gethere Patrik
[13:54:49] [18] Mike_O_Neill - /a PB?
[13:54:53] [16] Patrik_O_Neill - /onduty
[13:54:57] [18] Mike_O_Neill - /onduty
[13:55:11] [18] Mike_O_Neill - /pb indítás 2 1 5
[13:55:18] [18] Mike_O_Neill - /gethere Dolph
[13:55:19] [16] Patrik_O_Neill - /a Dolph cica
[13:55:25] [16] Patrik_O_Neill - /a gyere PB  :)
[13:55:33] [16] Patrik_O_Neill - /pb nevezés 2
[13:55:35] [19] Dolph_F_Gates - /a aa
[13:56:19] [18] Mike_O_Neill - /f e 31
[13:56:55] [16] Patrik_O_Neill - /f e m43
[13:56:56] [16] Patrik_O_Neill - /f e m4
[13:58:41] [16] Patrik_O_Neill - /f e m4
[13:59:12] [18] Mike_O_Neill - /f e 31
[14:00:14] [16] Patrik_O_Neill - /f e m4
[14:01:03] [16] Patrik_O_Neill - /f e m4
[14:01:57] [18] Mike_O_Neill - /pb indítás 4 1 5
[14:01:59] [16] Patrik_O_Neill - /pb nevezés 4
[14:02:28] [16] Patrik_O_Neill - /biz info
[14:02:33] [18] Mike_O_Neill - /pb indítás 4 1 5
[14:02:41] [18] Mike_O_Neill - /pb nevezes 4
[14:02:53] [16] Patrik_O_Neill - /fizetesek
[14:02:59] [16] Patrik_O_Neill - /Ah
[14:03:11] [18] Mike_O_Neill - /pb indítás 4 1 5
[14:03:17] [18] Mike_O_Neill - /pb indítás 2 1 5
[14:03:28] [16] Patrik_O_Neill - /pb nevezés 2
[14:03:48] [16] Patrik_O_Neill - /pb nevezés 2
[14:04:36] [16] Patrik_O_Neill - /login
[14:04:51] [18] Mike_O_Neill - /pb indítás 2 1 5
[14:05:01] [16] Patrik_O_Neill - /pb nevezés 2
[14:05:02] [18] Mike_O_Neill - /pb indítás 2 1 5
[14:05:04] [16] Patrik_O_Neill - /pb nevezés 2
[14:06:13] [18] Mike_O_Neill - /f e 31
[14:06:16] [16] Patrik_O_Neill - /F e m4
[14:06:39] [16] Patrik_O_Neill - /F e m4
[14:07:03] [16] Patrik_O_Neill - /F e m4
[14:07:26] [16] Patrik_O_Neill - /F e m4
[14:08:10] [18] Mike_O_Neill - /f e 31
[14:08:29] [18] Mike_O_Neill - /f e 31
[14:09:35] [16] Patrik_O_Neill - /F e m4
[14:09:52] [16] Patrik_O_Neill - /F e m4
[14:10:05] [16] Patrik_O_Neill - /F e m4
[14:10:12] [16] Patrik_O_Neill - /F e m4
[14:10:42] [18] Mike_O_Neill - /f e 31
[14:11:05] [16] Patrik_O_Neill - /F e m4
[14:11:13] [18] Mike_O_Neill - /f e 31
[14:11:40] [18] Mike_O_Neill - /pb indítás 4 1 5
[14:11:41] [16] Patrik_O_Neill - /pb nevezés 4
[14:11:58] [16] Patrik_O_Neill - /Ah
[14:12:51] [18] Mike_O_Neill - /f e 31
[14:13:03] [16] Patrik_O_Neill - /F e m4
[14:13:36] [18] Mike_O_Neill - /object közel
[20:14:06] [18] Mike_O_Neill - /object közel
[20:14:16] [18] Mike_O_Neill - /f e 31
[20:14:37] [16] Patrik_O_Neill - /F e m4
[20:14:44] [16] Patrik_O_Neill - /F e m4
[20:14:55] [18] Mike_O_Neill - /f e 3
[20:14:57] [18] Mike_O_Neill - /f e 31
[20:15:21] [16] Patrik_O_Neill - /F e m4
[20:16:01] [18] Mike_O_Neill - /f e 31
[20:16:22] [16] Patrik_O_Neill - /F e m4
[20:16:36] [16] Patrik_O_Neill - /Ah
[20:16:39] [16] Patrik_O_Neill - /F e m4
[20:16:45] [18] Mike_O_Neill - /f e 31
[20:16:59] [16] Patrik_O_Neill - /F e m4
[20:17:11] [16] Patrik_O_Neill - /F e m4
[20:17:38] [18] Mike_O_Neill - /f e 31
[20:17:58] [16] Patrik_O_Neill - /F e m4
[20:53:34] [16] William_W_Andrews - /login
[20:55:53] [16] William_W_Andrews - /zar
[20:57:03] [16] William_W_Andrews - /fk park
[20:57:38] [16] William_W_Andrews - /zsebem
[20:57:44] [16] William_W_Andrews - /srang 16 12
[20:57:45] [16] William_W_Andrews - /srang 16 11
[21:07:02] [16] Connor_O_Neill - /login
[21:14:44] [16] Mike_O_Neill - /login
[21:15:15] [16] Mike_O_Neill - /ah
[21:15:26] [16] Mike_O_Neill - /race 
[21:15:33] [16] Mike_O_Neill - /tele
[21:15:51] [16] Mike_O_Neill - /veh sultan
[21:15:56] [16] Mike_O_Neill - /veh sultan
[21:16:10] [17] Patrik_O_Neill - /login
[21:16:18] [17] Patrik_O_Neill - /onduty
[21:16:20] [17] Patrik_O_Neill - /tele
[21:16:26] [17] Patrik_O_Neill - /tele
[21:16:30] [17] Patrik_O_Neill - /tele
[21:16:33] [16] Mike_O_Neill - /atuning festés 152
[21:16:34] [17] Patrik_O_Neill - /gps be
[21:16:41] [16] Mike_O_Neill - /atuning festés 128
[21:16:52] [17] Patrik_O_Neill - /onduty
[21:18:05] [16] Mike_O_Neill - /vr 3
[21:18:12] [17] Patrik_O_Neill - /motor
[21:18:22] [17] Patrik_O_Neill - /dice
[21:18:29] [16] Mike_O_Neill - /dice
[21:18:34] [16] Mike_O_Neill - /irc join 1
[21:18:43] [17] Patrik_O_Neill - /Ah
[21:18:53] [17] Patrik_O_Neill - /motor
[21:18:58] [17] Patrik_O_Neill - /leaderek
[21:19:11] [17] Patrik_O_Neill - /check Mike
[21:19:14] [17] Patrik_O_Neill - /check Mike stats
[21:19:16] [16] Mike_O_Neill - /vr 3
[21:19:26] [17] Patrik_O_Neill - /irc join 1
[21:19:39] [16] Mike_O_Neill - /kaja
[21:19:44] [16] Mike_O_Neill - /i 3
[21:19:49] [16] Mike_O_Neill - /i 2
[21:19:55] [16] Mike_O_Neill - /i 1
[21:20:00] [16] Mike_O_Neill - /i GO
[21:23:06] [16] Mike_O_Neill - /vr 3
[21:23:18] [16] Mike_O_Neill - /vr 3
[21:23:28] [16] Mike_O_Neill - /i 3
[21:23:31] [16] Mike_O_Neill - /i 2
[21:23:34] [16] Mike_O_Neill - /i 1
[21:23:38] [16] Mike_O_Neill - /i GO
[21:27:16] [16] Mike_O_Neill - /vr 3
[21:27:26] [16] Mike_O_Neill - /vr 3
[21:27:48] [16] Mike_O_Neill - /i 3
[21:27:56] [16] Mike_O_Neill - /i 2
[21:28:00] [16] Mike_O_Neill - /i 1
[21:28:26] [16] Mike_O_Neill - /i GO
[21:31:10] [16] Mike_O_Neill - /vr 3
[21:31:33] [17] Patrik_O_Neill - /szerelõ tagok
[21:31:35] [17] Patrik_O_Neill - /call
[21:31:38] [16] Mike_O_Neill - /vr 3
[21:31:41] [17] Patrik_O_Neill - /number
[21:31:44] [17] Patrik_O_Neill - /number Mike
[21:31:48] [17] Patrik_O_Neill - /Call 1799
[21:31:51] [16] Mike_O_Neill - /vr 3
[21:31:54] [17] Patrik_O_Neill - /h
[22:03:32] [16] William_W_Andrews - /login
