[00:04:04] [16] Patrik_O_Neill - /gps be
[00:04:06] [16] Patrik_O_Neill - /telel
[00:04:07] [16] Patrik_O_Neill - /tele
[00:08:08] [17] Mike_O_Neill - /tele
[00:08:28] [17] Mike_O_Neill - /destroycars
[00:08:33] [17] Mike_O_Neill - /veh sultan
[00:08:41] [17] Mike_O_Neill - /atuning festés 152
[00:08:49] [17] Mike_O_Neill - /veh sultan
[00:08:52] [17] Mike_O_Neill - /atuning festés 128
[00:09:05] [17] Mike_O_Neill - /parancsajto
[00:09:06] [16] Patrik_O_Neill - /irc join 2
[00:09:08] [16] Patrik_O_Neill - /irc join 1
[00:09:11] [16] Patrik_O_Neill - /mtoro
[00:09:15] [16] Patrik_O_Neill - /motor
[00:09:19] [16] Patrik_O_Neill - /dice
[00:09:20] [17] Mike_O_Neill - /irc join 1
[00:09:26] [17] Mike_O_Neill - /dice
[00:10:01] [17] Mike_O_Neill - /i 3
[00:10:03] [16] Patrik_O_Neill - /Stats
[00:10:03] [17] Mike_O_Neill - /i 2
[00:10:05] [17] Mike_O_Neill - /i 1
[00:10:08] [17] Mike_O_Neill - /i GO
[00:12:50] [17] Mike_O_Neill - /vr 3
[00:12:59] [17] Mike_O_Neill - /vr 3
[00:13:18] [17] Mike_O_Neill - /makeleader 17 0
[00:13:23] [17] Mike_O_Neill - /i 3
[00:13:25] [17] Mike_O_Neill - /i 2
[00:13:26] [17] Mike_O_Neill - /i 1
[00:13:31] [17] Mike_O_Neill - /i GO
[00:15:25] [16] Patrik_O_Neill - /Crs
[00:15:36] [16] Patrik_O_Neill - /Ah
[00:15:39] [16] Patrik_O_Neill - /tele
[00:15:52] [17] Mike_O_Neill - /destroycars
[00:16:02] [17] Mike_O_Neill - /tele
[03:33:33] [16] Marcell_O_Neill - /gps be
[03:33:36] [16] Marcell_O_Neill - /goto
[03:33:39] [16] Marcell_O_Neill - /tele
[11:20:55] [16] Marcell_O_Neill - /stats
[11:20:59] [16] Marcell_O_Neill - /goto 451
[11:21:03] [16] Marcell_O_Neill - /gotocar 451
[11:21:20] [16] Marcell_O_Neill - /gps be
[11:21:26] [16] Marcell_O_Neill - /lista
[11:21:36] [16] Marcell_O_Neill - /v lock
[11:23:16] [16] Marcell_O_Neill - /MOTOR
[11:23:18] [16] Marcell_O_Neill - /V LOCK
[11:23:21] [16] Marcell_O_Neill - /V PARK
[11:57:41] [16] Marcell_O_Neill - /gps be
[11:57:48] [16] Marcell_O_Neill - /gps be
[11:57:51] [16] Marcell_O_Neill - /stats
[11:57:54] [16] Marcell_O_Neill - /goto 451
[11:57:57] [16] Marcell_O_Neill - /gotocar 451
[11:58:07] [16] Marcell_O_Neill - /v lock
[11:58:18] [16] Marcell_O_Neill - /kocsradio
[11:58:22] [16] Marcell_O_Neill - /kocsiradio
[11:58:24] [16] Marcell_O_Neill - /kocsiradio lista
[11:59:23] [16] Marcell_O_Neill - /mototr
[11:59:25] [16] Marcell_O_Neill - /motor
[11:59:33] [16] Marcell_O_Neill - /öatuning
[11:59:36] [16] Marcell_O_Neill - /öatuningolás
[11:59:38] [16] Marcell_O_Neill - /öatuning
[11:59:42] [16] Marcell_O_Neill - /oatuning
[11:59:43] [16] Marcell_O_Neill - /ah
[11:59:45] [16] Marcell_O_Neill - /atuning
[11:59:50] [16] Marcell_O_Neill - /atuning
[11:59:55] [16] Marcell_O_Neill - /örökatuning
[11:59:57] [16] Marcell_O_Neill - /öatuning
[12:00:01] [16] Marcell_O_Neill - /tuning
[12:00:03] [16] Marcell_O_Neill - /tuningolás
[12:00:27] [16] Marcell_O_Neill - /tuningolás
[12:01:46] [16] Marcell_O_Neill - /gps be
[12:02:14] [16] Marcell_O_Neill - /fixveh 3
[12:02:19] [16] Marcell_O_Neill - /neon ki
[12:02:24] [16] Marcell_O_Neill - /neon
[12:02:25] [16] Marcell_O_Neill - /v
[12:02:26] [16] Marcell_O_Neill - /v neon
[12:02:27] [16] Marcell_O_Neill - /v neonki
[12:02:29] [16] Marcell_O_Neill - /v neon ki
[12:02:36] [16] Marcell_O_Neill - /help
[12:02:39] [16] Marcell_O_Neill - /help jármû
[12:02:43] [16] Marcell_O_Neill - /v
[12:02:45] [16] Marcell_O_Neill - /kocsi
[12:02:49] [16] Marcell_O_Neill - /kocsi neon ki
[12:03:31] [16] Marcell_O_Neill - /kocs riasztüó
[12:03:32] [16] Marcell_O_Neill - /kocs riasztó
[12:03:53] [16] Marcell_O_Neill - /atuning nitro
[12:05:18] [16] Marcell_O_Neill - /fixveh 3
[12:07:11] [16] Marcell_O_Neill - /kocsiradio
[12:07:13] [16] Marcell_O_Neill - /kocsiradio lista
[12:12:53] [16] Marcell_O_Neill - /motor
[12:12:55] [16] Marcell_O_Neill - /v park
[12:12:59] [16] Marcell_O_Neill - /apark
[12:13:03] [16] Marcell_O_Neill - /gps be
[12:13:06] [16] Marcell_O_Neill - /gotocar
[12:13:08] [16] Marcell_O_Neill - /gotocar
[12:13:09] [16] Marcell_O_Neill - /stats
[12:13:13] [16] Marcell_O_Neill - /v lock
[12:13:17] [16] Marcell_O_Neill - /gotocar 448
[12:13:21] [16] Marcell_O_Neill - /v lock
[12:13:27] [16] Marcell_O_Neill - /gotocar 451
[12:13:35] [16] Marcell_O_Neill - /gotocar 448
[12:17:54] [16] Marcell_O_Neill - /motor
[12:17:56] [16] Marcell_O_Neill - /apark
[12:18:01] [16] Marcell_O_Neill - /car
[12:18:06] [16] Marcell_O_Neill - /v lock
[12:18:09] [16] Marcell_O_Neill - /stats
[12:18:11] [16] Marcell_O_Neill - /gotocar 474
[12:18:17] [16] Marcell_O_Neill - /v lock
[12:18:19] [16] Marcell_O_Neill - /v lock
[12:21:20] [16] Marcell_O_Neill - /motor
[12:21:49] [16] Marcell_O_Neill - /save-all
[12:21:50] [16] Marcell_O_Neill - /ah
[12:22:15] [16] Marcell_O_Neill - /szerver
[12:22:17] [16] Marcell_O_Neill - /szerver mentés
[12:29:01] [17] Marcell_O_Neill - /goto 16
[12:29:30] [17] Marcell_O_Neill - /goto 16
[12:31:22] [17] Marcell_O_Neill - /fly
[12:31:31] [17] Marcell_O_Neill - /goto 16
[12:31:39] [17] Marcell_O_Neill - /pm 16 ne köszöngess
[12:32:16] [17] Marcell_O_Neill - /pm 16 ne köszöngess
[12:32:17] [17] Marcell_O_Neill - /goto 16
[12:32:34] [17] Marcell_O_Neill - /goto 16
[12:34:45] [17] Marcell_O_Neill - /setskin
[12:34:48] [17] Marcell_O_Neill - /fly
[12:34:55] [17] Marcell_O_Neill - /setskin 17 1
[12:34:56] [17] Marcell_O_Neill - /setskin 17 3
[12:34:57] [17] Marcell_O_Neill - /setskin 17 4
[12:34:58] [17] Marcell_O_Neill - /setskin 17 5
[12:34:59] [17] Marcell_O_Neill - /setskin 17 7
[12:35:01] [17] Marcell_O_Neill - /setskin 17 8
[12:35:02] [17] Marcell_O_Neill - /setskin 17 9
[12:35:04] [17] Marcell_O_Neill - /setskin 17 10
[12:35:06] [17] Marcell_O_Neill - /setskin 17 11
[12:35:07] [17] Marcell_O_Neill - /setskin 17 12
[12:35:08] [17] Marcell_O_Neill - /setskin 17 15
[12:35:10] [17] Marcell_O_Neill - /setskin 17 17
[12:35:11] [17] Marcell_O_Neill - /setskin 17 18
[12:35:12] [17] Marcell_O_Neill - /setskin 17 19
[12:35:14] [17] Marcell_O_Neill - /setskin 17 22
[12:35:15] [17] Marcell_O_Neill - /setskin 17 25
[12:35:17] [17] Marcell_O_Neill - /setskin 17 26
[12:35:18] [17] Marcell_O_Neill - /setskin 17 27
[12:35:20] [17] Marcell_O_Neill - /setskin 17 28
[12:35:21] [17] Marcell_O_Neill - /setskin 17 150
[12:35:23] [16] Dolph_F_Gates - /login
[12:35:24] [17] Marcell_O_Neill - /setskin 17 15
[12:35:25] [17] Marcell_O_Neill - /setskin 17 151
[12:35:26] [17] Marcell_O_Neill - /setskin 17 152
[12:35:27] [17] Marcell_O_Neill - /setskin 17 153
[12:35:29] [17] Marcell_O_Neill - /setskin 17 154
[12:35:30] [17] Marcell_O_Neill - /setskin 17 155
[12:35:31] [17] Marcell_O_Neill - /setskin 17 156
[12:35:33] [17] Marcell_O_Neill - /setskin 17 157
[12:35:34] [17] Marcell_O_Neill - /setskin 17 158
[12:35:35] [17] Marcell_O_Neill - /setskin 17 159
[12:35:37] [17] Marcell_O_Neill - /setskin 17 160
[12:35:38] [17] Marcell_O_Neill - /setskin 17 165
[12:35:40] [17] Marcell_O_Neill - /setskin 17 161
[12:35:41] [17] Marcell_O_Neill - /setskin 17 162
[12:35:42] [17] Marcell_O_Neill - /setskin 17 163
[12:35:43] [17] Marcell_O_Neill - /setskin 17 164
[12:35:45] [17] Marcell_O_Neill - /setskin 17 166
[12:35:46] [17] Marcell_O_Neill - /setskin 17 167
[12:35:50] [17] Marcell_O_Neill - /setskin 17 169
[12:35:52] [17] Marcell_O_Neill - /setskin 17 171
[12:35:54] [17] Marcell_O_Neill - /setskin 17 172
[12:35:56] [17] Marcell_O_Neill - /setskin 17 174
[12:35:57] [17] Marcell_O_Neill - /setskin 17 175
[12:35:58] [17] Marcell_O_Neill - /setskin 17 177
[12:36:01] [17] Marcell_O_Neill - /setskin 17 178
[12:36:02] [17] Marcell_O_Neill - /setskin 17 179
[12:36:06] [17] Marcell_O_Neill - /setskin 17
[12:36:23] [16] Mike_O_Neill - /nevek
[12:36:23] [16] Mike_O_Neill - /gps be
[12:36:23] [16] Mike_O_Neill - /r Üdvözletem!
[12:36:23] [16] Mike_O_Neill - /rb Csaó
[12:36:23] [16] Mike_O_Neill - /ör Üdvözletem!
[12:36:23] [16] Mike_O_Neill - /örb Hello
[12:36:23] [16] Mike_O_Neill - /as Hello
[12:36:23] [16] Mike_O_Neill - /a Csaó
[12:37:11] [17] Marcell_O_Neill - /goto 16
[12:37:11] [18] Dolph_F_Gates - /adminalnevbe 1
[12:37:14] [17] Marcell_O_Neill - /a csáó
[12:37:18] [18] Dolph_F_Gates - /a csõ
[12:37:21] [17] Marcell_O_Neill - /goto 16
[12:37:26] [17] Marcell_O_Neill - /goto 18
[12:37:31] [16] Mike_O_Neill - /a Benzinkutakkal mi legyen?
[12:37:32] [17] Marcell_O_Neill - /kiss
[12:37:33] [17] Marcell_O_Neill - /kiss
[12:37:36] [17] Marcell_O_Neill - /kiss
[12:37:46] [17] Marcell_O_Neill - /goto 16
[12:37:51] [17] Marcell_O_Neill - /onduty
[12:37:55] [16] Mike_O_Neill - /onduty
[12:40:18] [17] Marcell_O_Neill - /goto 18
[12:40:24] [17] Marcell_O_Neill - /goto 16
[12:41:08] [16] Mike_O_Neill - /b akkor lehet törölni a házakat/garázsokat?
[12:41:19] [18] Dolph_F_Gates - /a hühh még az is ott van
[12:41:22] [16] Mike_O_Neill - /a Dolph, töröljük a házakat/garázsokat?
[12:41:32] [18] Dolph_F_Gates - /a házakat?
[12:41:34] [17] Marcell_O_Neill - /a nyugi Dolph visszakapod a GN-it
[12:41:38] [17] Marcell_O_Neill - /a xd
[12:41:43] [18] Dolph_F_Gates - /a xDD
[12:41:49] [17] Marcell_O_Neill - /a Igen
[12:41:49] [18] Dolph_F_Gates - /respawn 18
[12:41:52] [16] Mike_O_Neill - /a de Marcinak van egy másik SQL amiben benne vannak
[12:41:52] [17] Marcell_O_Neill - /a mert megtudom nézni
[12:41:57] [17] Marcell_O_Neill - /a hogy kinek mi van
[12:41:58] [18] Dolph_F_Gates - /a nem lehetne 1xerre törölni a garázsokat ?
[12:42:02] [17] Marcell_O_Neill - /a de
[12:42:03] [16] Mike_O_Neill - /a Innen már a kocsik törölve vannak
[12:42:05] [17] Marcell_O_Neill - /a sql-be tudom
[12:42:12] [18] Dolph_F_Gates - /a akkor az összes garázst
[12:42:14] [16] Mike_O_Neill - /a akk SQL-be töröld a garázsokat
[12:42:19] [17] Marcell_O_Neill - /a házakat is sztem
[12:42:24] [16] Mike_O_Neill - /a Házakat ne
[12:42:30] [16] Mike_O_Neill - /a kell hogy hol a helye
[12:42:31] [17] Marcell_O_Neill - /gps be
[12:42:32] [18] Dolph_F_Gates - /a ezt a GN házat nem adom xD
[12:42:38] [17] Marcell_O_Neill - /a nyugi má GN xd
[12:42:46] [18] Dolph_F_Gates - /a meg ott a SZIGET dicsak
[12:42:48] [17] Marcell_O_Neill - /a mutatok valamit nektek xd
[12:42:52] [17] Marcell_O_Neill - /a gyertek utánam majd
[12:42:55] [17] Marcell_O_Neill - /stats
[12:42:56] [18] Dolph_F_Gates - /a mondjuk a sziget nem lényeges
[12:42:59] [17] Marcell_O_Neill - /gotocar 451
[12:43:06] [17] Marcell_O_Neill - /fly
[12:43:10] [17] Marcell_O_Neill - /fly
[12:43:13] [17] Marcell_O_Neill - /a hát nem ide
[12:43:23] [17] Marcell_O_Neill - /gotocar 451
[12:43:23] [18] Dolph_F_Gates - /a akkor töröljétek a garázsokat
[12:43:25] [17] Marcell_O_Neill - /fly
[12:43:31] [18] Dolph_F_Gates - /a vagyis MArci Úr törli
[12:43:34] [17] Marcell_O_Neill - /a gyertek
[12:43:36] [16] Mike_O_Neill - /a elfogadom UCP reget
[12:43:39] [17] Marcell_O_Neill - /a goto
[12:43:41] [17] Marcell_O_Neill - /gotoenged
[12:43:46] [17] Marcell_O_Neill - /engedgoto
[12:43:49] [17] Marcell_O_Neill - /a engedtem
[12:43:51] [18] Dolph_F_Gates - /goto 17
[12:44:01] [17] Marcell_O_Neill - /v lock
[12:44:54] [18] Dolph_F_Gates - /goto 17
[12:44:57] [18] Dolph_F_Gates - /goto 17
[12:45:00] [18] Dolph_F_Gates - /goto 17
[12:45:06] [16] Mike_O_Neill - /goto 17
[12:45:26] [16] Mike_O_Neill - /nevek
[12:45:33] [17] Marcell_O_Neill - /atuning nitro
[12:45:58] [16] Mike_O_Neill - /b /kcs ak
[12:46:02] [17] Marcell_O_Neill - /kcs ak
[12:46:04] [17] Marcell_O_Neill - /kcs ak
[12:46:33] [17] Marcell_O_Neill - /motor
[12:46:35] [17] Marcell_O_Neill - /fillcar
[12:46:36] [17] Marcell_O_Neill - /fillcar
[12:46:38] [17] Marcell_O_Neill - /fill
[12:46:41] [17] Marcell_O_Neill - /fill benzin
[12:46:47] [17] Marcell_O_Neill - /fill
[12:46:48] [17] Marcell_O_Neill - /fill benzin
[12:47:56] [17] Marcell_O_Neill - /fixveh 3
[12:48:03] [17] Marcell_O_Neill - /fixveh 3
[12:48:15] [16] Mike_O_Neill - /car bullet 128 1
[12:48:20] [18] Dolph_F_Gates - /öv
[12:48:22] [16] Mike_O_Neill - /veh bullet 128 1
[12:48:26] [16] Mike_O_Neill - /veh bullet 86 1
[12:48:28] [18] Dolph_F_Gates - /jarmuhp 0
[12:48:34] [18] Dolph_F_Gates - /jarmuhp 451 0
[12:48:34] [16] Mike_O_Neill - /a akkor benyakutakkal mi legyen?
[12:48:36] [17] Marcell_O_Neill - /fixveh 3
[12:48:48] [18] Dolph_F_Gates - /a Marci eladja õket meg nullázza pénzileg
[12:48:59] [17] Marcell_O_Neill - /goto 16
[12:49:02] [17] Marcell_O_Neill - /goto 16
[12:49:04] [16] Mike_O_Neill - /a s kié lesz?
[12:49:10] [18] Dolph_F_Gates - /a majd megveszik
[12:49:17] [16] Mike_O_Neill - /a mennyiért? :D
[12:49:19] [16] Mike_O_Neill - /vr 2
[12:49:25] [18] Dolph_F_Gates - /a amennyit ad érte
[12:49:32] [18] Dolph_F_Gates - /a nem most rögtön kell meg venniük :D
[12:49:41] [16] Mike_O_Neill - /a stipistopi déli benya, 19,4 millió
[12:49:49] [16] Mike_O_Neill - /vr 2
[12:49:51] [18] Dolph_F_Gates - /A ?
[12:49:54] [17] Marcell_O_Neill - /a enyém északi xd
[12:49:57] [17] Marcell_O_Neill - /a vagy az
[12:49:58] [16] Mike_O_Neill - /a annyim van, oda is adom xd
[12:50:00] [17] Marcell_O_Neill - /a patriké?XD
[12:50:09] [18] Dolph_F_Gates - /a de nekem mind1 amúgy
[12:50:14] [18] Dolph_F_Gates - /a h. h. akarjátok
[12:50:21] [17] Marcell_O_Neill - /kick 17 Nonos utazás
[12:50:28] [18] Dolph_F_Gates - /a csak ne az legyen majd h. adminoknak mindent érted
[12:50:34] [18] Dolph_F_Gates - /a játékosoknak meg marad a szar
[12:50:42] [16] Mike_O_Neill - /a ugyanugy vagyunk mint a playerek 
[12:50:56] [16] Mike_O_Neill - /a am
[12:50:57] [18] Dolph_F_Gates - /a jo nekem mind1
[12:51:06] [16] Mike_O_Neill - /a az fer ha már most elkezdek kamionozni? xd
[12:52:14] [18] Dolph_F_Gates - /a nekem biznisz-benyakút nem kell
[12:52:20] [16] Mike_O_Neill - /a a pénzemet viszi az adó :D
[12:52:39] [16] Mike_O_Neill - /tele
[12:52:48] [18] Dolph_F_Gates - /check mike_o_N stats
[12:53:14] [16] Mike_O_Neill - /removecar
[12:53:28] [16] Mike_O_Neill - /iratok 16
[12:53:39] [16] Mike_O_Neill - /agl kamion 16
[12:54:05] [16] Mike_O_Neill - /kamion szállít
[12:54:33] [16] Mike_O_Neill - /onduty
[12:57:29] [18] Dolph_F_Gates - /a még mindig nem tudom mire nevezzétek át a rangot, és milyen színre
[12:57:30] [18] Dolph_F_Gates - /a xd
[12:57:39] [16] Mike_O_Neill - /a xdd
[12:59:06] [16] Mike_O_Neill - /a warterületeket nem kéne átírni?
[13:01:42] [16] Mike_O_Neill - /kamion lerak
[13:02:03] [16] Mike_O_Neill - /kamion szállít
[13:05:05] [18] Dolph_F_Gates - /a mármint?
[13:05:15] [16] Mike_O_Neill - /a semlegesre
[13:05:19] [16] Mike_O_Neill - /a h senkié
[13:05:30] [18] Dolph_F_Gates - /a jaa
[13:05:34] [18] Dolph_F_Gates - /a sztem átlehet
[13:05:49] [18] Dolph_F_Gates - /a de akkor h. támadnak majd ?xD
[13:05:59] [18] Dolph_F_Gates - /a v. hogy osszuk szét?
[13:06:04] [16] Mike_O_Neill - /a hát, kell egy megállapodás h melyik kié
[13:06:11] [16] Mike_O_Neill - /a mindenkinek egyenlõen lehetõleg
[13:06:44] [18] Dolph_F_Gates - /a igen igen
[13:06:51] [18] Dolph_F_Gates - /a de. egyenlõre semlegessé kell tenni
[13:06:53] [16] Mike_O_Neill - /kamion lerak
[13:06:57] [18] Dolph_F_Gates - /a úgyis át kell wariálni az egészet
[13:07:03] [18] Dolph_F_Gates - /a mert nem oké h.
[13:07:10] [18] Dolph_F_Gates - /a lövöldöznek és kapják a sok cuccot
[13:07:46] [18] Dolph_F_Gates - /a csak ugye már jólenne, neki kezdeni ezeknek a scriptereknek
[13:07:51] [18] Dolph_F_Gates - /a v. valami
[13:10:08] [18] Dolph_F_Gates - /a de hát Nick is baxik jönni
[13:10:16] [18] Dolph_F_Gates - /a tiszta makacs lett már
[13:10:54] [16] Mike_O_Neill - /a Ha megváltozott ne is jöjjön
[13:11:09] [16] Mike_O_Neill - /motor
[13:11:11] [16] Mike_O_Neill - /vr3
[13:11:14] [16] Mike_O_Neill - /vr3
[13:11:15] [16] Mike_O_Neill - /vr 3
[13:12:00] [16] Mike_O_Neill - /crs
[13:14:57] [18] Dolph_F_Gates - /a már nem most..
[13:15:00] [18] Dolph_F_Gates - /a mind1
[15:32:05] [16] Connor_O_Neill - /gps be
[15:33:29] [16] Connor_O_Neill - /up
[15:33:29] [16] Connor_O_Neill - /up
[15:33:30] [16] Connor_O_Neill - /up
[15:33:30] [16] Connor_O_Neill - /up
[15:33:31] [16] Connor_O_Neill - /up
[15:33:35] [16] Connor_O_Neill - /pacsi connor
[15:33:37] [16] Connor_O_Neill - /pacsi connor
[15:33:37] [16] Connor_O_Neill - /pacsi connor
[15:33:38] [16] Connor_O_Neill - /pacsi connor
[15:33:39] [16] Connor_O_Neill - /pacsi connor
[15:38:05] [16] Connor_O_Neill - /onduty
[15:38:23] [16] Connor_O_Neill - /tele
[15:40:16] [16] Connor_O_Neill - /fk rang
[15:40:18] [16] Connor_O_Neill - /fk lista
[15:41:14] [16] Connor_O_Neill - /motor
[15:41:18] [16] Connor_O_Neill - /fk park
[15:42:01] [17] Marcell_O_Neill - /goto 16
[15:42:02] [17] Marcell_O_Neill - /gps be
[15:42:37] [17] Marcell_O_Neill - /getcar
[15:42:43] [17] Marcell_O_Neill - /getcar 563
[15:42:47] [17] Marcell_O_Neill - /getcar 563
[15:42:57] [17] Marcell_O_Neill - /getcar 563
[15:43:55] [16] Connor_O_Neill - /fk vesz
[15:44:00] [17] Marcell_O_Neill - /flymode
[15:44:26] [16] Connor_O_Neill - /széf megnéz
[15:44:53] [17] Marcell_O_Neill - /flymode
[15:44:55] [17] Marcell_O_Neill - /get 16
[15:45:00] [17] Marcell_O_Neill - /getplayer 16
[15:45:04] [17] Marcell_O_Neill - /gethere16
[15:45:12] [17] Marcell_O_Neill - /getthere16
[15:45:16] [17] Marcell_O_Neill - /gethere
[15:45:18] [17] Marcell_O_Neill - /gethere 16
[15:45:38] [17] Marcell_O_Neill - /motor
[15:45:47] [17] Marcell_O_Neill - /fk lista
[15:45:53] [17] Marcell_O_Neill - /forgalmi
[15:45:57] [17] Marcell_O_Neill - /forgalmi 17
[15:46:31] [16] Connor_O_Neill - /fk vesz raindance
[15:46:45] [17] Marcell_O_Neill - /gmoney
[15:46:45] [16] Connor_O_Neill - /fk 
[15:46:50] [17] Marcell_O_Neill - /money
[15:46:58] [17] Marcell_O_Neill - /givetax
[15:47:06] [17] Marcell_O_Neill - /ah
[15:47:09] [17] Marcell_O_Neill - /széf érték
[15:47:11] [17] Marcell_O_Neill - /széf érték
[15:47:15] [16] Connor_O_Neill - /támogart
[15:47:17] [16] Connor_O_Neill - /támogatr
[15:47:18] [16] Connor_O_Neill - /támogat
[15:47:24] [16] Connor_O_Neill - /adomány
[15:47:26] [17] Marcell_O_Neill - /adomány
[15:47:47] [17] Marcell_O_Neill - /széf érték 12 140000000
[15:47:55] [16] Connor_O_Neill - /fk vesz raindance
[15:47:59] [16] Connor_O_Neill - /fk
[15:48:01] [16] Connor_O_Neill - /fk lista
[15:48:06] [17] Marcell_O_Neill - /fk elad
[15:48:22] [16] Connor_O_Neill - /fk elad 73
[15:48:30] [17] Marcell_O_Neill - /flymode
[15:48:58] [16] Connor_O_Neill - /motor
[15:49:39] [17] Marcell_O_Neill - /flymode
[15:49:45] [17] Marcell_O_Neill - /gethere 16
[15:49:52] [16] Connor_O_Neill - /fk elad
[15:49:58] [16] Connor_O_Neill - /fk elad
[15:50:19] [17] Marcell_O_Neill - /tele
[15:50:26] [17] Marcell_O_Neill - /tele
[15:50:38] [17] Marcell_O_Neill - /goto 16
[15:52:01] [17] Marcell_O_Neill - /fixveh 3
[15:52:24] [16] Connor_O_Neill - /fk lista
[15:52:29] [17] Marcell_O_Neill - /gps be
[15:52:31] [16] Connor_O_Neill - /fk helyzet 507
[15:53:44] [17] Marcell_O_Neill - /fixveh 3
[15:54:44] [17] Marcell_O_Neill - /fixveh 3
[15:54:47] [17] Marcell_O_Neill - /fixveh 3
[15:55:34] [16] Connor_O_Neill - /motor
[15:55:38] [16] Connor_O_Neill - /FK ELAD
[15:56:14] [17] Marcell_O_Neill - /veh infernus
[15:56:19] [17] Marcell_O_Neill - /atuning nitro
[15:57:29] [17] Marcell_O_Neill - /motor
[15:57:32] [17] Marcell_O_Neill - /removecar
[15:57:36] [17] Marcell_O_Neill - /veh Sabre
[15:58:08] [17] Marcell_O_Neill - /ATUNING
[15:58:12] [16] Connor_O_Neill - /motor
[15:58:12] [17] Marcell_O_Neill - /ATUNING festés
[15:58:15] [17] Marcell_O_Neill - /ATUNING festés 0
[15:58:17] [17] Marcell_O_Neill - /ATUNING festés 2
[15:58:18] [17] Marcell_O_Neill - /ATUNING festés 3
[15:58:19] [17] Marcell_O_Neill - /ATUNING festés 5
[15:58:27] [17] Marcell_O_Neill - /ATUNING festés 7
[15:58:44] [17] Marcell_O_Neill - /ATUNING festés 7
[15:58:56] [17] Marcell_O_Neill - /tele
[15:59:07] [17] Marcell_O_Neill - /örökfestés
[15:59:35] [16] Connor_O_Neill - /gps töröl
[16:00:16] [17] Marcell_O_Neill - /motor
[16:00:19] [16] Connor_O_Neill - /stats
[16:00:23] [17] Marcell_O_Neill - /gethere
[16:00:24] [17] Marcell_O_Neill - /gethere
[16:00:26] [17] Marcell_O_Neill - /gethere
[16:00:39] [16] Connor_O_Neill - /a 507
[16:00:51] [17] Marcell_O_Neill - /gethere 507
[16:00:56] [17] Marcell_O_Neill - /getcar 507
[16:01:01] [17] Marcell_O_Neill - /getcar 507
[16:01:15] [16] Connor_O_Neill - /fk
[16:01:18] [16] Connor_O_Neill - /fk stíb
[16:01:19] [17] Marcell_O_Neill - /getcar 507
[16:01:21] [16] Connor_O_Neill - /fk szín
[16:01:26] [16] Connor_O_Neill - /fk szín 170 0
[16:01:57] [16] Connor_O_Neill - /fk szín 212 1
[16:02:04] [16] Connor_O_Neill - /b megvan
[16:02:51] [17] Marcell_O_Neill - /getcar 507
[16:03:03] [17] Marcell_O_Neill - /getcar 507
[16:04:08] [17] Marcell_O_Neill - /atuning
[16:04:11] [17] Marcell_O_Neill - /atuning festés 50
[16:04:13] [17] Marcell_O_Neill - /atuning festés 30
[16:04:13] [16] Connor_O_Neill - /motor
[16:04:15] [17] Marcell_O_Neill - /atuning festés 20
[16:04:17] [17] Marcell_O_Neill - /atuning festés 5
[16:04:18] [17] Marcell_O_Neill - /atuning festés 3
[16:04:30] [17] Marcell_O_Neill - /atuning
[16:04:33] [17] Marcell_O_Neill - /atuning kerék
[16:04:35] [17] Marcell_O_Neill - /atuning kerék 1
[16:04:38] [17] Marcell_O_Neill - /atuning kerék 2
[16:04:40] [17] Marcell_O_Neill - /atuning kerék 3
[16:04:43] [17] Marcell_O_Neill - /atuning kerék 4
[16:04:45] [17] Marcell_O_Neill - /atuning kerék 4
[16:04:46] [17] Marcell_O_Neill - /atuning kerék 5
[16:04:47] [17] Marcell_O_Neill - /atuning kerék 6
[16:04:48] [17] Marcell_O_Neill - /atuning kerék 7
[16:04:49] [17] Marcell_O_Neill - /atuning kerék 8
[16:04:51] [17] Marcell_O_Neill - /atuning kerék 9
[16:05:01] [17] Marcell_O_Neill - /fixveh 3
[16:05:05] [16] Connor_O_Neill - /motor
[16:05:09] [16] Connor_O_Neill - /fk park
[16:05:17] [17] Marcell_O_Neill - /MOTOR
[16:07:30] [16] Connor_O_Neill - /nevek
[16:09:21] [16] Connor_O_Neill - /nyit
[16:09:37] [16] Connor_O_Neill - /fk szín
[16:09:47] [16] Connor_O_Neill - /fk szín 212 1
[16:10:19] [16] Connor_O_Neill - /motor
[16:11:02] [16] Connor_O_Neill - /fk szín 212 1
[16:12:19] [16] Connor_O_Neill - /motor
[16:13:54] [17] Marcell_O_Neill - /goto 16
[16:13:57] [16] Connor_O_Neill - /fk szín 0 255
[16:14:45] [16] Connor_O_Neill - /motor
[16:14:47] [17] Marcell_O_Neill - /fixveh 3
[16:16:25] [16] Connor_O_Neill - /kiszed
[16:16:26] [16] Connor_O_Neill - /kiszed
[16:16:28] [16] Connor_O_Neill - /kiszed
[16:16:51] [16] Connor_O_Neill - /fizetések
[16:17:53] [16] Connor_O_Neill - /fk rang 2
[16:18:00] [16] Connor_O_Neill - /fk rang 1
[16:18:06] [17] Marcell_O_Neill - /atuning kerek
[16:18:06] [17] Marcell_O_Neill - /atuning kerek 1
[16:18:19] [17] Marcell_O_Neill - /motor
[16:19:07] [17] Marcell_O_Neill - /ujkapu
[16:19:08] [17] Marcell_O_Neill - /ujkapu
[16:19:11] [17] Marcell_O_Neill - /kapu
[16:19:58] [17] Marcell_O_Neill - /kapu
[16:21:48] [17] Marcell_O_Neill - /kapu
[16:23:36] [17] Marcell_O_Neill - /alma evés
[16:23:43] [17] Marcell_O_Neill - /kapu
[16:24:05] [17] Marcell_O_Neill - /kapu
[16:25:15] [16] Connor_O_Neill - /gps be
[16:25:45] [17] Marcell_O_Neill - /kapu
[16:26:26] [17] Marcell_O_Neill - /kapu
[16:26:34] [16] Connor_O_Neill - /nevek
[16:27:26] [16] Connor_O_Neill - /nyit
[16:27:27] [16] Connor_O_Neill - /nyit
[16:27:36] [16] Connor_O_Neill - /zar
[16:27:41] [16] Connor_O_Neill - /nyit
[16:27:48] [16] Connor_O_Neill - /zar
[16:27:49] [16] Connor_O_Neill - /zar
[16:27:55] [16] Connor_O_Neill - /nyit
[16:28:04] [16] Connor_O_Neill - /zar
[16:28:13] [16] Connor_O_Neill - /nyit
[16:28:30] [16] Connor_O_Neill - /za
[16:28:31] [16] Connor_O_Neill - /zar
[16:28:49] [17] Marcell_O_Neill - /fly
[16:28:55] [17] Marcell_O_Neill - /fly
[16:29:03] [17] Marcell_O_Neill - /down
[16:29:36] [16] Connor_O_Neill - /szemüveg felvesz
[16:29:41] [16] Connor_O_Neill - /zsebem
[16:29:44] [16] Connor_O_Neill - /f e 9
[16:29:50] [17] Marcell_O_Neill - /onduty
[16:30:11] [16] Connor_O_Neill - /onduty
[16:30:14] [16] Connor_O_Neill - /f e 9
[16:30:19] [16] Connor_O_Neill - /onduty
[16:30:20] [17] Marcell_O_Neill - /getweapon
[16:30:21] [16] Connor_O_Neill - /f e 9
[16:30:53] [16] Connor_O_Neill - /zseebm
[16:30:55] [16] Connor_O_Neill - /zsebem
[16:30:57] [16] Connor_O_Neill - /f e 42
[16:31:14] [17] Marcell_O_Neill - /nyit
[16:31:19] [16] Connor_O_Neill - /zar
[16:31:21] [16] Connor_O_Neill - /zar
[16:32:09] [16] Connor_O_Neill - /fizetések
[16:32:23] [16] Connor_O_Neill - /fk rang 12
[16:32:37] [17] Marcell_O_Neill - /GOTO 12
[16:32:38] [16] Connor_O_Neill - /fk lista
[16:32:38] [17] Marcell_O_Neill - /GOTO 16
[16:32:43] [17] Marcell_O_Neill - /KISZED
[16:32:51] [17] Marcell_O_Neill - /alefoglal
[16:33:17] [16] Connor_O_Neill - /fk rang 10
[16:33:54] [17] Marcell_O_Neill - /motor
[16:33:55] [16] Connor_O_Neill - /fk szín 212  255
[16:33:57] [17] Marcell_O_Neill - /fixveh 3
[16:33:58] [16] Connor_O_Neill - /fk szín 212  255
[16:34:04] [17] Marcell_O_Neill - /alefoglal
[16:34:06] [17] Marcell_O_Neill - /fixveh 3
[16:34:19] [17] Marcell_O_Neill - /alefoglal
[16:34:35] [17] Marcell_O_Neill - /motor
[16:34:36] [16] Connor_O_Neill - /fk szín 212  252
[16:34:41] [17] Marcell_O_Neill - /blokád
[16:34:42] [17] Marcell_O_Neill - /blok
[16:34:43] [17] Marcell_O_Neill - /blokk
[16:34:45] [17] Marcell_O_Neill - /bója
[16:34:45] [16] Connor_O_Neill - /motor
[16:34:47] [17] Marcell_O_Neill - /bója lerak
[16:34:50] [17] Marcell_O_Neill - /bója lerak
[16:34:55] [17] Marcell_O_Neill - /bója lerak
[16:35:04] [17] Marcell_O_Neill - /alefoglal
[16:35:10] [16] Connor_O_Neill - /fk szín 212 1
[16:35:19] [17] Marcell_O_Neill - /motor
[16:35:24] [17] Marcell_O_Neill - /bója felvesz
[16:35:26] [17] Marcell_O_Neill - /bója felvesz
[16:35:27] [17] Marcell_O_Neill - /bója felvesz
[16:35:32] [17] Marcell_O_Neill - /alefoglal
[16:35:40] [17] Marcell_O_Neill - /setcarhõp
[16:35:42] [17] Marcell_O_Neill - /setcarhp
[16:35:46] [17] Marcell_O_Neill - /setveh
[16:35:47] [17] Marcell_O_Neill - /setvehhp
[16:35:55] [16] Connor_O_Neill - /motor
[16:36:35] [17] Marcell_O_Neill - /fix veh 3
[16:36:37] [17] Marcell_O_Neill - /fixveh 3
[16:36:54] [17] Marcell_O_Neill - /apark
[16:37:04] [17] Marcell_O_Neill - /fixveh 3 
[16:37:05] [17] Marcell_O_Neill - /apark
[16:37:20] [16] Connor_O_Neill - /motor
[16:37:29] [17] Marcell_O_Neill - /fixveh 3 
[16:37:36] [17] Marcell_O_Neill - /up
[16:37:37] [17] Marcell_O_Neill - /up
[16:37:37] [17] Marcell_O_Neill - /up
[16:37:38] [17] Marcell_O_Neill - /up
[16:37:39] [17] Marcell_O_Neill - /up
[16:37:39] [17] Marcell_O_Neill - /up
[16:37:40] [17] Marcell_O_Neill - /up
[16:37:41] [17] Marcell_O_Neill - /up
[16:37:41] [17] Marcell_O_Neill - /up
[16:37:42] [17] Marcell_O_Neill - /up
[16:37:42] [17] Marcell_O_Neill - /up
[16:37:43] [17] Marcell_O_Neill - /up
[16:37:43] [17] Marcell_O_Neill - /up
[16:37:44] [17] Marcell_O_Neill - /up
[16:37:44] [17] Marcell_O_Neill - /up
[16:37:45] [17] Marcell_O_Neill - /up
[16:37:45] [17] Marcell_O_Neill - /up
[16:37:48] [16] Connor_O_Neill - /motor
[16:37:52] [17] Marcell_O_Neill - /fly
[16:37:52] [16] Connor_O_Neill - /fk park
[16:37:54] [17] Marcell_O_Neill - /fly
[16:37:57] [17] Marcell_O_Neill - /fly
[16:37:59] [17] Marcell_O_Neill - /fly
[16:38:18] [17] Marcell_O_Neill - /tv
[16:38:19] [16] Connor_O_Neill - /motor
[16:38:19] [17] Marcell_O_Neill - /tv jog
[16:38:21] [17] Marcell_O_Neill - /tvjog
[16:38:22] [16] Connor_O_Neill - /fk park
[16:38:24] [17] Marcell_O_Neill - /tvenged
[16:38:26] [17] Marcell_O_Neill - /tvengedély
[16:38:31] [17] Marcell_O_Neill - /tvengedély 16
[16:38:32] [16] Connor_O_Neill - /onduty
[16:38:34] [17] Marcell_O_Neill - /tvengedély 16
[16:38:35] [17] Marcell_O_Neill - /tvengedély 16
[16:38:36] [17] Marcell_O_Neill - /tvengedély 16
[16:38:42] [17] Marcell_O_Neill - /tv 16
[16:38:42] [16] Connor_O_Neill - /tv 17
[16:38:57] [17] Marcell_O_Neill - /tv
[16:38:58] [16] Connor_O_Neill - /b SegíthetekM
[16:39:00] [17] Marcell_O_Neill - /goto 16
[16:39:33] [17] Marcell_O_Neill - /alefoglal
[16:40:12] [17] Marcell_O_Neill - /motor
[16:40:18] [17] Marcell_O_Neill - /apark
[16:40:32] [16] Connor_O_Neill - /f e 9
[16:40:48] [16] Connor_O_Neill - /harcstílus kneehead
[16:40:49] [17] Marcell_O_Neill - /wep
[16:40:54] [17] Marcell_O_Neill - /ah
[16:41:06] [17] Marcell_O_Neill - /élnév
[16:41:08] [17] Marcell_O_Neill - /élnév
[16:41:10] [17] Marcell_O_Neill - /álnév
[16:41:12] [17] Marcell_O_Neill - /álnév kisbuzi
[16:41:25] [16] Connor_O_Neill - /álnév
[16:41:27] [16] Connor_O_Neill - /állnév
[16:41:30] [16] Connor_O_Neill - /ah
[16:41:31] [17] Marcell_O_Neill - /gun
[16:41:38] [17] Marcell_O_Neill - /gun 17 Ak47 
[16:41:41] [17] Marcell_O_Neill - /ammo
[16:41:46] [17] Marcell_O_Neill - /ammo 17 ak47 5000
[16:41:50] [17] Marcell_O_Neill - /f e ak47
[16:42:02] [16] Connor_O_Neill - /kick
[16:42:09] [16] Connor_O_Neill - /kick marcell dm
[16:42:12] [16] Connor_O_Neill - /kick marcell dm
[16:42:13] [16] Connor_O_Neill - /kick marcell dm
[16:42:42] [17] Marcell_O_Neill - /skydive 17 16
[16:43:01] [17] Marcell_O_Neill - /tele
[16:43:05] [17] Marcell_O_Neill - /gethere 16
[16:43:21] [17] Marcell_O_Neill - /f e ak47
[16:43:56] [17] Marcell_O_Neill - /onduty
[17:44:25] [16] Marcell_O_Neill - /veh sabre
[17:44:38] [16] Marcell_O_Neill - /ATUNING 
[17:44:42] [16] Marcell_O_Neill - /ATUNING festés 2
[17:44:43] [16] Marcell_O_Neill - /ATUNING festés 3
[17:47:01] [16] Marcell_O_Neill - /fixveh 3
[17:47:15] [16] Marcell_O_Neill - /weather 0
[17:47:20] [16] Marcell_O_Neill - /weatherall 0
[17:48:12] [16] Marcell_O_Neill - /goto
[17:48:15] [16] Marcell_O_Neill - /goto 17
[17:49:05] [16] Marcell_O_Neill - /GOTO 24
[17:49:07] [16] Marcell_O_Neill - /GOTOCAR 24
[17:49:12] [16] Marcell_O_Neill - /GET
[17:49:14] [16] Marcell_O_Neill - /GET 17
[17:49:19] [17] Michael_Franzese - /gotocar 24
[17:49:22] [16] Marcell_O_Neill - /gethere 17
[17:49:25] [17] Michael_Franzese - /gotocar 24
[17:49:25] [16] Marcell_O_Neill - /gethere 17
[17:49:46] [17] Michael_Franzese - /gps be
[17:50:29] [17] Michael_Franzese - /hp 2
[17:50:32] [17] Michael_Franzese - /hp 17
[17:50:35] [17] Michael_Franzese - /hp 17 150
[17:51:17] [16] Marcell_O_Neill - /f e m4
[17:51:20] [16] Marcell_O_Neill - /f e ak47
[17:51:38] [17] Michael_Franzese - /goto 18
[17:51:41] [17] Michael_Franzese - /goto 16
[17:52:14] [16] Marcell_O_Neill - /gethere 17
[17:52:22] [16] Marcell_O_Neill - /hulla
[17:52:24] [16] Marcell_O_Neill - /hulla megvizsgál
[17:52:28] [16] Marcell_O_Neill - /hulla motoz
[17:52:33] [17] Michael_Franzese - /robbant 17
[17:55:44] [17] Michael_Franzese - /hulla töröl
[17:56:17] [17] Michael_Franzese - /nyit
[17:56:23] [17] Michael_Franzese - /Zar
[17:57:15] [17] Michael_Franzese - /exit
[18:52:22] [16] Dolph_F_Gates - /login
[19:41:04] [16] Marcell_O_Neill - /gps ki
[19:41:07] [16] Marcell_O_Neill - /gps be
[19:41:08] [16] Marcell_O_Neill - /penz
[19:41:10] [16] Marcell_O_Neill - /penz ki
[19:41:12] [16] Marcell_O_Neill - /penz be
[19:41:15] [16] Marcell_O_Neill - /penz ki
[19:41:21] [16] Marcell_O_Neill - /penz ki
[19:41:45] [16] Marcell_O_Neill - /nyit
[19:41:48] [16] Marcell_O_Neill - /zar
[19:42:26] [16] Marcell_O_Neill - /alma evés
[19:42:53] [16] Marcell_O_Neill - /alefoglal
[19:44:10] [16] Marcell_O_Neill - /gps be
[19:44:17] [16] Marcell_O_Neill - /penz be
[19:45:06] [16] Marcell_O_Neill - /asegit 16
[19:45:13] [16] Marcell_O_Neill - /f e ak47
[19:46:44] [16] Marcell_O_Neill - /tele
[19:59:51] [17] Marcell_O_Neill - /tele
[20:00:02] [17] Marcell_O_Neill - /bankszámla
[20:01:23] [17] Marcell_O_Neill - /alma evés
[20:02:33] [17] Marcell_O_Neill - /alma evés
[20:03:09] [16] Dolph_F_Gates - /goto 17
[20:04:28] [17] Marcell_O_Neill - /onduty
[20:04:51] [16] Dolph_F_Gates - /id 17
[20:05:49] [17] Marcell_O_Neill - /f e ak47
[20:06:11] [17] Marcell_O_Neill - /goto 18
[20:06:12] [18] Ryan_Lennox - /gps be
[20:06:20] [18] Ryan_Lennox - /zsebem
[20:07:01] [16] Dolph_F_Gates - /admins
[20:07:15] [16] Dolph_F_Gates - /respawn 16
[20:07:28] [16] Dolph_F_Gates - /a küdjed már xd
[20:07:32] [16] Dolph_F_Gates - /adminalnevbe 1
[20:07:39] [18] Ryan_Lennox - /harcstílus kneehead
[20:08:04] [16] Dolph_F_Gates - /amoney
[20:08:09] [16] Dolph_F_Gates - /gmoney 16 1
[20:08:11] [18] Ryan_Lennox - /nevek
[20:08:12] [16] Dolph_F_Gates - /gmoney 16 2
[20:08:14] [18] Ryan_Lennox - /tagok
[20:08:21] [16] Dolph_F_Gates - /gmoney 16 0
[20:08:28] [17] Marcell_O_Neill - /f e ak47
[20:08:29] [16] Dolph_F_Gates - /gmoney 16 200
[20:08:35] [16] Dolph_F_Gates - /a ez még nemjó
[20:08:40] [16] Dolph_F_Gates - /a dollár jel nem látszik
[20:08:41] [17] Marcell_O_Neill - /a valami nem okés
[20:08:52] [17] Marcell_O_Neill - /onduty
[20:08:54] [16] Dolph_F_Gates - /a hát nem
[20:09:05] [18] Ryan_Lennox - /skill 12
[20:09:11] [16] Dolph_F_Gates - /amoney
[20:09:16] [16] Dolph_F_Gates - /smoney 16 0
[20:09:18] [17] Marcell_O_Neill - /kórház
[20:09:20] [16] Dolph_F_Gates - /a így jó
[20:09:21] [17] Marcell_O_Neill - /jail
[20:09:27] [16] Dolph_F_Gates - /a de ha van FT akkor nem. el tolódik
[20:09:30] [18] Ryan_Lennox - /stats
[20:09:30] [17] Marcell_O_Neill - /jail 18 kórház 0 0
[20:09:33] [17] Marcell_O_Neill - /goto 18
[20:09:39] [16] Dolph_F_Gates - /a meg szinezõdik
[20:09:44] [18] Ryan_Lennox - /msegit
[20:09:44] [17] Marcell_O_Neill - /asegit 18
[20:09:46] [16] Dolph_F_Gates - /a v. az direkt?
[20:09:58] [17] Marcell_O_Neill - /harcstilus kneehead
[20:10:09] [18] Ryan_Lennox - /harcstílus
[20:10:12] [18] Ryan_Lennox - /harcstílus kneehead
[20:10:28] [17] Marcell_O_Neill - /f e ak47
[20:10:40] [17] Marcell_O_Neill - /asegit 18
[20:10:42] [17] Marcell_O_Neill - /gun
[20:10:56] [18] Ryan_Lennox - /as
[20:10:59] [18] Ryan_Lennox - /asay
[20:11:01] [18] Ryan_Lennox - /asay asd
[20:11:04] [17] Marcell_O_Neill - /ah
[20:11:07] [17] Marcell_O_Neill - /makeadmin
[20:11:23] [18] Ryan_Lennox - /Gps be
[20:11:36] [17] Marcell_O_Neill - /veh Sabre
[20:12:08] [17] Marcell_O_Neill - /motor
[20:12:14] [17] Marcell_O_Neill - /removecar
[20:12:17] [17] Marcell_O_Neill - /veh Infenrus
[20:12:20] [17] Marcell_O_Neill - /veh Infernus
[20:13:17] [18] Ryan_Lennox - /me megüti magát
[20:13:34] [18] Ryan_Lennox - /me megüti magát
[20:13:36] [17] Marcell_O_Neill - /goto 18
[20:13:38] [17] Marcell_O_Neill - /goto Dolph_F_Gates
[20:13:41] [17] Marcell_O_Neill - /goto Ryan_Lennox
[20:13:46] [17] Marcell_O_Neill - /goto 18
[20:13:50] [17] Marcell_O_Neill - /onduty
[20:14:06] [17] Marcell_O_Neill - /fixveh 3
[20:14:33] [18] Ryan_Lennox - /pm 17 vegyél ki pls
[20:14:47] [17] Marcell_O_Neill - /jail 18 kórház 0 0
[20:15:12] [17] Marcell_O_Neill - /makeadmin 18 1338
[20:15:17] [17] Marcell_O_Neill - /ah
[20:15:21] [18] Ryan_Lennox - /adminszint
[20:15:27] [18] Ryan_Lennox - /ah
[20:15:30] [17] Marcell_O_Neill - /pm 17 nyugi csak megnézi xd
[20:15:41] [17] Marcell_O_Neill - /pm 16 nyugi csak megnézi xd
[20:15:49] [18] Ryan_Lennox - /absz
[20:15:52] [18] Ryan_Lennox - /absz 18
[20:16:00] [18] Ryan_Lennox - /gps e
[20:16:02] [18] Ryan_Lennox - /gps be
[20:16:16] [18] Ryan_Lennox - /makeleader
[20:16:20] [18] Ryan_Lennox - /makeleader 2
[20:16:26] [18] Ryan_Lennox - /makeleader 18 2
[20:16:27] [16] Dolph_F_Gates - /pm 17 nyugodt vaígyok xD
[20:16:30] [17] Marcell_O_Neill - /goto 17
[20:16:32] [17] Marcell_O_Neill - /goto 16
[20:16:34] [18] Ryan_Lennox - /stats
[20:16:40] [18] Ryan_Lennox - /adat 18
[20:16:50] [17] Marcell_O_Neill - /f e ak47
[20:16:54] [17] Marcell_O_Neill - /onduty
[20:17:03] [16] Dolph_F_Gates - /s küldjed má 
[20:17:06] [16] Dolph_F_Gates - /asegit 16
[20:17:07] [16] Dolph_F_Gates - /asegit 16
[20:17:09] [18] Ryan_Lennox - /giverank 18
[20:17:13] [18] Ryan_Lennox - /giverank 18 13 .
[20:17:16] [18] Ryan_Lennox - /giverank 18 12 .
[20:17:18] [17] Marcell_O_Neill - /onduty
[20:17:22] [18] Ryan_Lennox - /onduty
[20:17:23] [16] Dolph_F_Gates - /sduty 1
[20:17:25] [17] Marcell_O_Neill - /onduty
[20:17:31] [17] Marcell_O_Neill - //a XDDDD
[20:17:33] [17] Marcell_O_Neill - /a xDDD
[20:17:35] [16] Dolph_F_Gates - /s küldjed má 
[20:17:36] [17] Marcell_O_Neill - /onduty
[20:17:37] [18] Ryan_Lennox - /a xd
[20:17:45] [18] Ryan_Lennox - /say
[20:17:48] [18] Ryan_Lennox - /asa
[20:17:49] [18] Ryan_Lennox - /as
[20:17:56] [18] Ryan_Lennox - /asay KI A KIRÁLY? :D
[20:18:02] [17] Marcell_O_Neill - /a hát nem te
[20:18:04] [17] Marcell_O_Neill - /a XDDDD
[20:18:07] [16] Dolph_F_Gates - /a de teseû
[20:18:20] [18] Ryan_Lennox - /a ahogy mondod báttya :D
[20:18:25] [16] Dolph_F_Gates - /s More
[20:18:29] [17] Marcell_O_Neill - /a de én igen
[20:18:31] [16] Dolph_F_Gates - /s Küldmár azt a szart-e
[20:18:33] [17] Marcell_O_Neill - /a és tudod mié?
[20:18:37] [16] Dolph_F_Gates - /a ja
[20:18:41] [17] Marcell_O_Neill - /a mert küldöm
[20:18:43] [17] Marcell_O_Neill - /a mindjá
[20:18:45] [17] Marcell_O_Neill - /a XD
[20:18:50] [17] Marcell_O_Neill - /fly
[20:18:50] [17] Marcell_O_Neill - /fly
[20:18:51] [17] Marcell_O_Neill - /flyû
[20:18:52] [17] Marcell_O_Neill - /flyû
[20:18:52] [17] Marcell_O_Neill - /flyû
[20:18:59] [17] Marcell_O_Neill - /goto 18
[20:19:03] [18] Ryan_Lennox - /a Dolph én úgy is csak IDg vok
[20:19:04] [18] Ryan_Lennox - /A
[20:19:06] [18] Ryan_Lennox - /A admin
[20:19:14] [16] Dolph_F_Gates - /a jó
[20:19:16] [18] Ryan_Lennox - /giveweapon
[20:19:22] [16] Dolph_F_Gates - /a épp azon filoztam
[20:19:22] [18] Ryan_Lennox - /a hogy kell fegyvert adni?
[20:19:24] [18] Ryan_Lennox - /gun
[20:19:31] [16] Dolph_F_Gates - /a h ezt a kicsifiút kirakom innen
[20:19:37] [16] Dolph_F_Gates - /a Marcipánt
[20:19:45] [17] Marcell_O_Neill - /gun
[20:19:47] [17] Marcell_O_Neill - /gun flame
[20:19:54] [17] Marcell_O_Neill - /gun 17 flame 
[20:19:57] [17] Marcell_O_Neill - /gun 17 37
[20:20:07] [16] Dolph_F_Gates - /a Marci ugye mondtam h. csináltuk a kutya kenelt
[20:20:08] [17] Marcell_O_Neill - /gun 17 Flamethrower
[20:20:10] [17] Marcell_O_Neill - /gun 17 Flamethrower
[20:20:13] [18] Ryan_Lennox - /gun 18 3
[20:20:14] [16] Dolph_F_Gates - /a a régit szét vertük a betont stb.
[20:20:15] [18] Ryan_Lennox - /gun 18 31
[20:20:17] [17] Marcell_O_Neill - /onduty
[20:20:18] [18] Ryan_Lennox - /f e 31
[20:20:18] [17] Marcell_O_Neill - /onduty
[20:20:20] [16] Dolph_F_Gates - /a van 1 kis kezes tacskom
[20:20:23] [18] Ryan_Lennox - /ammo
[20:20:26] [16] Dolph_F_Gates - /a bazdmeg, odament, d.u
[20:20:27] [18] Ryan_Lennox - /ammo 18 31 900
[20:20:29] [18] Ryan_Lennox - /f e 31
[20:20:30] [16] Dolph_F_Gates - /a tiszta bolha lett
[20:20:34] [17] Marcell_O_Neill - /flymode
[20:20:34] [16] Dolph_F_Gates - /a holnap ürdetés
[20:20:38] [16] Dolph_F_Gates - /a f
[20:20:54] [16] Dolph_F_Gates - /sduty
[20:20:56] [16] Dolph_F_Gates - /onduty
[20:20:56] [17] Marcell_O_Neill - /flymode
[20:20:59] [18] Ryan_Lennox - /a kit?
[20:21:01] [17] Marcell_O_Neill - /f e ak47
[20:21:03] [18] Ryan_Lennox - /a kit fürdetsz?
[20:21:04] [16] Dolph_F_Gates - /a kutyát
[20:21:06] [18] Ryan_Lennox - /a jaa
[20:21:27] [18] Ryan_Lennox - /a Dolph lécci gyere be connor szobájába :D
[20:21:48] [16] Dolph_F_Gates - /a musicolok
[20:21:56] [18] Ryan_Lennox - /a hagyd ez jobb :D
[20:21:57] [16] Dolph_F_Gates - /sa ezt látod már Marci ?
[20:21:58] [18] Ryan_Lennox - /onduty
[20:22:04] [17] Marcell_O_Neill - /sa aha
[20:22:07] [17] Marcell_O_Neill - /sa még szép
[20:22:13] [16] Dolph_F_Gates - /sa fajin. ez qva szép szín
[20:22:16] [18] Ryan_Lennox - /asay király jó a monitorom :D
[20:22:18] [17] Marcell_O_Neill - /makeadmin 18 0
[20:22:19] [18] Ryan_Lennox - /f e 31
[20:22:25] [16] Dolph_F_Gates - /sa lehet ez lesz a forum szinem
[20:22:32] [16] Dolph_F_Gates - /sa lightblue v. miez
[20:22:34] [18] Ryan_Lennox - /onduty
[20:22:35] [17] Marcell_O_Neill - /gun
[20:22:36] [18] Ryan_Lennox - /as
[20:22:37] [17] Marcell_O_Neill - /elvesz
[20:22:39] [17] Marcell_O_Neill - /elvesz fegyver
[20:22:42] [17] Marcell_O_Neill - /leüót
[20:22:44] [17] Marcell_O_Neill - /leüt
[20:22:44] [16] Dolph_F_Gates - /sa átküldöd majd, azt kikeresem belõle a színt
[20:22:48] [17] Marcell_O_Neill - /gun baseball
[20:22:51] [18] Ryan_Lennox - /Pm 16 gyere ide pls
[20:22:52] [17] Marcell_O_Neill - /gun 17 baseball 
[20:22:57] [17] Marcell_O_Neill - /ammo baseball 1
[20:23:00] [18] Ryan_Lennox - /f r
[20:23:01] [17] Marcell_O_Neill - /ammo 17 baseball 1
[20:23:03] [18] Ryan_Lennox - /f r
[20:23:06] [17] Marcell_O_Neill - /f e baseball
[20:23:07] [17] Marcell_O_Neill - /leüt
[20:23:11] [17] Marcell_O_Neill - /elvesz fegyver
[20:23:12] [16] Dolph_F_Gates - /onduty
[20:23:14] [17] Marcell_O_Neill - /elvesz fegyver m4
[20:23:17] [16] Dolph_F_Gates - /makeadmin 16 1337
[20:23:19] [16] Dolph_F_Gates - /onduty
[20:23:22] [16] Dolph_F_Gates - /onduty
[20:23:23] [17] Marcell_O_Neill - /gun
[20:23:26] [17] Marcell_O_Neill - /gun 17 0
[20:23:26] [16] Dolph_F_Gates - /makeadmin 16 1338
[20:23:28] [16] Dolph_F_Gates - /onduty
[20:23:30] [17] Marcell_O_Neill - /gun töröl 17
[20:23:32] [17] Marcell_O_Neill - /gun töröl 18
[20:23:32] [16] Dolph_F_Gates - /makeadmin 16 1339
[20:23:34] [16] Dolph_F_Gates - /onduty
[20:23:36] [16] Dolph_F_Gates - /onduty
[20:23:37] [18] Ryan_Lennox - /Pm 16 oszd már meg a hangodat lécci
[20:23:38] [17] Marcell_O_Neill - /ammo töröl 18
[20:23:38] [16] Dolph_F_Gates - /onduty
[20:23:48] [16] Dolph_F_Gates - /vá 18 music
[20:23:48] [18] Ryan_Lennox - /pm 16 sose hallottalak még beszélni
[20:23:49] [17] Marcell_O_Neill - /makeleader 18 0
[20:23:54] [16] Dolph_F_Gates - /makeadmin 16 1340
[20:23:56] [16] Dolph_F_Gates - /onduty
[20:24:08] [16] Dolph_F_Gates - /makeadmin 16 1350
[20:24:10] [16] Dolph_F_Gates - /onduty
[20:24:11] [16] Dolph_F_Gates - /onduty
[20:24:19] [16] Dolph_F_Gates - /a ja csak 1350nél irja igy
[20:24:30] [16] Dolph_F_Gates - /a szerinted MasterAdmin ?XD
[20:24:36] [16] Dolph_F_Gates - /onduty
[21:36:09] [16] Marcell_O_Neill - /gps be
[21:36:47] [16] Marcell_O_Neill - /goto 17
[21:36:53] [17] Mike_O_Neill - /gps be
[21:36:57] [17] Mike_O_Neill - /onduty 
[21:37:01] [16] Marcell_O_Neill - /veh infenrus
[21:37:04] [16] Marcell_O_Neill - /veh infernus
[21:37:07] [17] Mike_O_Neill - /veh bullet 86 1
[21:38:33] [18] Patrik_O_Neill - /gps be
[21:38:41] [18] Patrik_O_Neill - /onduty
[21:38:46] [18] Patrik_O_Neill - /tele
[21:38:48] [16] Marcell_O_Neill - /ATUNING NITRO
[21:39:21] [17] Mike_O_Neill - /vr 3
[21:39:30] [18] Patrik_O_Neill - /stats
[21:39:31] [16] Marcell_O_Neill - /fixveh 3
[21:39:37] [16] Marcell_O_Neill - /s kurva geci ne dudálj
[21:39:40] [18] Patrik_O_Neill - /check Mike stats
[21:39:40] [17] Mike_O_Neill - /s Anyádatmár
[21:40:12] [17] Mike_O_Neill - /vr 3
[21:40:28] [17] Mike_O_Neill - /removecar
[21:40:34] [17] Mike_O_Neill - /car bullet 86 1
[21:40:40] [18] Patrik_O_Neill - /Ah
[21:40:41] [17] Mike_O_Neill - /veh bullet 86 1
[21:41:02] [17] Mike_O_Neill - /vr 3
[21:41:27] [16] Marcell_O_Neill - /s kurva geci ne dudálj
[21:41:31] [16] Marcell_O_Neill - /ATUNING NITROA
[21:41:46] [16] Marcell_O_Neill - /REMOVECAR
[21:41:56] [16] Marcell_O_Neill - /VEH MONSTER
[21:42:01] [16] Marcell_O_Neill - /VEH monster
[21:42:05] [16] Marcell_O_Neill - /VEH monstera
[21:43:34] [17] Mike_O_Neill - /kapu
[21:46:01] [16] Marcell_O_Neill - /alma evés
[21:46:02] [16] Marcell_O_Neill - /onduty
[21:46:04] [16] Marcell_O_Neill - /goto 18
[21:46:11] [16] Marcell_O_Neill - /goto 17
[21:46:20] [16] Marcell_O_Neill - /removecar
[21:48:14] [17] Mike_O_Neill - /kapu
[21:48:18] [16] Marcell_O_Neill - /up
[21:48:35] [16] Marcell_O_Neill - /veh monsterb
[21:49:59] [17] Mike_O_Neill - /nyit
[21:50:08] [18] Patrik_O_Neill - /nyit
[21:50:10] [18] Patrik_O_Neill - /zar
[21:50:14] [18] Patrik_O_Neill - /zar
[21:50:15] [16] Marcell_O_Neill - /zar
[21:50:19] [16] Marcell_O_Neill - /zar
[21:50:21] [17] Mike_O_Neill - /kapu
[21:50:25] [18] Patrik_O_Neill - /zar
[21:50:27] [18] Patrik_O_Neill - /nyit
[21:50:38] [16] Marcell_O_Neill - /nyit
[21:50:50] [16] Marcell_O_Neill - /zar
[21:50:54] [18] Patrik_O_Neill - /nyit
[21:50:57] [16] Marcell_O_Neill - /nyit
[21:51:06] [17] Mike_O_Neill - /zar
[21:51:15] [18] Patrik_O_Neill - /nyit
[21:51:28] [18] Patrik_O_Neill - /zar
[21:51:35] [16] Marcell_O_Neill - /nyitg
[21:51:36] [16] Marcell_O_Neill - /nyit
[21:51:50] [16] Marcell_O_Neill - /zar
[21:52:54] [16] Marcell_O_Neill - /zar
[21:53:01] [18] Patrik_O_Neill - /nyit
[21:53:11] [18] Patrik_O_Neill - /zar
[21:53:23] [18] Patrik_O_Neill - /nyit
[21:53:24] [16] Marcell_O_Neill - /nyit
[21:53:41] [18] Patrik_O_Neill - /zar
[21:55:10] [16] Marcell_O_Neill - /atuning nitor
[21:55:12] [16] Marcell_O_Neill - /atuning nitro
[21:55:41] [16] Marcell_O_Neill - /flip
[21:55:47] [16] Marcell_O_Neill - /nyit
[21:55:57] [16] Marcell_O_Neill - /zar
[21:56:59] [16] Marcell_O_Neill - /motor
[21:57:03] [16] Marcell_O_Neill - /enter
[21:57:05] [16] Marcell_O_Neill - /hat
[21:57:07] [16] Marcell_O_Neill - /haz
[21:57:10] [16] Marcell_O_Neill - /house
[21:57:11] [16] Marcell_O_Neill - /house ki
[21:57:15] [16] Marcell_O_Neill - /house be 141
[21:57:18] [18] Patrik_O_Neill - /enter
[21:57:22] [16] Marcell_O_Neill - /gethere 18
[21:57:46] [16] Marcell_O_Neill - /exit
[21:57:48] [18] Patrik_O_Neill - /exit
[21:57:50] [16] Marcell_O_Neill - /house ki
[21:57:52] [16] Marcell_O_Neill - /house ki 141
[21:57:54] [16] Marcell_O_Neill - /house k
[21:57:57] [16] Marcell_O_Neill - /gethere 18
[21:58:01] [16] Marcell_O_Neill - /removecar
[21:58:06] [16] Marcell_O_Neill - /veh Sabre
[21:58:07] [18] Patrik_O_Neill - /uf 18
[21:58:12] [18] Patrik_O_Neill - /uf 18
[21:58:15] [18] Patrik_O_Neill - /jail
[21:58:25] [18] Patrik_O_Neill - /jail 18 Admin 0 bug
[21:59:28] [16] Marcell_O_Neill - /atuning festes 2
[21:59:46] [16] Marcell_O_Neill - /atuning festes 1
[22:00:12] [17] Patrik_O_Neill - /gps be
[22:00:13] [17] Patrik_O_Neill - /ah
[22:00:15] [17] Patrik_O_Neill - /onduty
[22:00:27] [16] Marcell_O_Neill - /engedgoto
[22:00:56] [16] Marcell_O_Neill - /gethere 17
[22:50:25] [16] Connor_O_Neill - /bsz
[22:51:30] [16] Connor_O_Neill - /gps be
[23:03:52] [16] Mike_O_Neill - /ah
[23:04:06] [16] Mike_O_Neill - /houseo 1
[23:04:23] [16] Mike_O_Neill - /asellhouse
[23:04:25] [16] Mike_O_Neill - /asellhouse 1
[23:04:33] [16] Mike_O_Neill - /edit price
[23:04:37] [16] Mike_O_Neill - /edit
[23:04:48] [16] Mike_O_Neill - /edit price 1000000000
[23:04:57] [16] Mike_O_Neill - /buyhouse
[23:05:13] [16] Mike_O_Neill - /houseo 2
[23:07:00] [17] Dolph_F_Gates - /respawn dolph
[23:07:25] [17] Dolph_F_Gates - /a Májk 1 házhoz ne nyúlj pszt xD
[23:07:40] [17] Dolph_F_Gates - /a Class u. 24
[23:13:44] [18] Ralf_S_Tomasso - /login
[23:14:44] [18] Ralf_S_Tomasso - /login
[23:16:47] [18] Ralf_S_Tomasso - /gps be
[23:16:54] [18] Ralf_S_Tomasso - /nyit
[23:16:59] [18] Ralf_S_Tomasso - /onduty
[23:17:01] [18] Ralf_S_Tomasso - /admins
[23:17:11] [18] Ralf_S_Tomasso - /goto mike
[23:17:16] [18] Ralf_S_Tomasso - /pénz be
[23:17:17] [18] Ralf_S_Tomasso - /pénz ki
[23:17:19] [18] Ralf_S_Tomasso - /pénz be
[23:20:23] [18] Ralf_S_Tomasso - /up
[23:22:59] [18] Ralf_S_Tomasso - /flymode
[23:23:20] [18] Ralf_S_Tomasso - /flymode
[23:23:22] [18] Ralf_S_Tomasso - /gps be
[23:23:32] [18] Ralf_S_Tomasso - /dutyskin
[23:23:36] [18] Ralf_S_Tomasso - /ondutyskin
[23:23:45] [18] Ralf_S_Tomasso - /alefoglal
[23:23:47] [18] Ralf_S_Tomasso - /gotolv
[23:24:06] [18] Ralf_S_Tomasso - /atuning 0 0
[23:24:09] [18] Ralf_S_Tomasso - /atuning festés 0 0
[23:24:36] [18] Ralf_S_Tomasso - /gotolv
[23:24:38] [18] Ralf_S_Tomasso - /fixveh 3
[23:25:10] [18] Ralf_S_Tomasso - /a Dolph
[23:25:17] [18] Ralf_S_Tomasso - /a /tod 12 pls :D
[23:25:20] [17] Dolph_F_Gates - /a mond
[23:25:28] [17] Dolph_F_Gates - /tod 12
[23:25:31] [18] Ralf_S_Tomasso - /a ty :D
[23:26:16] [18] Ralf_S_Tomasso - /fixveh 3
[23:27:08] [16] Mike_O_Neill - /asellhouse 2
[23:27:12] [16] Mike_O_Neill - /edit price 1000000000
[23:27:43] [16] Mike_O_Neill - /houseo 3
[23:27:45] [16] Mike_O_Neill - /houseo 3
[23:27:47] [16] Mike_O_Neill - /houseo 4
[23:27:56] [16] Mike_O_Neill - /asellhouse 4
[23:28:02] [16] Mike_O_Neill - /edit price 1000000000
[23:28:19] [16] Mike_O_Neill - /houseo 5
[23:28:20] [18] Ralf_S_Tomasso - /fixveh 3
[23:28:24] [18] Ralf_S_Tomasso - /motor
[23:28:26] [18] Ralf_S_Tomasso - /crs
[23:28:27] [16] Mike_O_Neill - /asellhouse 5
[23:28:34] [16] Mike_O_Neill - /edit price 1000000000
[23:28:41] [17] Dolph_F_Gates - /stats
[23:28:44] [16] Mike_O_Neill - /houseo 6
[23:28:50] [16] Mike_O_Neill - /asellhouse 6
[23:28:53] [16] Mike_O_Neill - /edit price 1000000000
[23:29:00] [16] Mike_O_Neill - /houseo 7
[23:29:03] [16] Mike_O_Neill - /asellhouse 7
[23:29:04] [18] Ralf_S_Tomasso - /up
[23:29:04] [18] Ralf_S_Tomasso - /up
[23:29:05] [18] Ralf_S_Tomasso - /up
[23:29:05] [18] Ralf_S_Tomasso - /up
[23:29:08] [17] Dolph_F_Gates - /abiz lista
[23:29:12] [16] Mike_O_Neill - /asellhouse 7
[23:29:56] [16] Mike_O_Neill - /houseo 8
[23:29:56] [17] Dolph_F_Gates - /a jövök mindjárt afk
[23:30:00] [17] Dolph_F_Gates - /respawn 17
[23:30:00] [16] Mike_O_Neill - /asellhouse 8
[23:30:02] [18] Ralf_S_Tomasso - /fizetések
[23:30:02] [17] Dolph_F_Gates - /open
[23:30:03] [17] Dolph_F_Gates - /enter
[23:30:04] [17] Dolph_F_Gates - /open
[23:30:06] [17] Dolph_F_Gates - /afk
[23:30:16] [18] Ralf_S_Tomasso - /ahegy
[23:30:21] [16] Mike_O_Neill - /edit price 1000000000
[23:30:33] [16] Mike_O_Neill - /houseo 7
[23:30:35] [16] Mike_O_Neill - /edit price 1000000000
[23:30:47] [16] Mike_O_Neill - /houseo 8
[23:30:51] [18] Ralf_S_Tomasso - /up
[23:30:52] [18] Ralf_S_Tomasso - /up
[23:30:53] [18] Ralf_S_Tomasso - /up
[23:30:53] [16] Mike_O_Neill - /houseo 9
[23:30:58] [16] Mike_O_Neill - /asellhouse 9
[23:31:05] [16] Mike_O_Neill - /edit price 1000000000
[23:31:14] [18] Ralf_S_Tomasso - /up
[23:31:15] [18] Ralf_S_Tomasso - /up
[23:31:30] [16] Mike_O_Neill - /houseo 10
[23:31:33] [16] Mike_O_Neill - /houseo 10
[23:31:38] [16] Mike_O_Neill - /asellhouse 10
[23:31:41] [16] Mike_O_Neill - /edit price 1000000000
[23:31:48] [16] Mike_O_Neill - /houseo 11
[23:32:14] [18] Ralf_S_Tomasso - /gotomark 2
[23:32:24] [16] Mike_O_Neill - /asellhouse 11
[23:32:32] [18] Ralf_S_Tomasso - /flymode
[23:32:32] [16] Mike_O_Neill - /edit price 1000000000
[23:32:33] [18] Ralf_S_Tomasso - /flymode
[23:32:35] [18] Ralf_S_Tomasso - /tv vissza
[23:32:38] [16] Mike_O_Neill - /houseo 12
[23:32:38] [18] Ralf_S_Tomasso - /gps be
[23:32:42] [16] Mike_O_Neill - /asellhouse 12
[23:33:18] [16] Mike_O_Neill - /houseo 13
[23:33:22] [16] Mike_O_Neill - /asellhouse 13
[23:33:31] [18] Ralf_S_Tomasso - /flymode
[23:33:32] [16] Mike_O_Neill - /houseo 14
[23:33:38] [18] Ralf_S_Tomasso - /flymode
[23:33:39] [18] Ralf_S_Tomasso - /gps be
[23:33:39] [16] Mike_O_Neill - /asellhouse 14
[23:33:42] [16] Mike_O_Neill - /houseo 15
[23:33:45] [18] Ralf_S_Tomasso - /alefoglal
[23:33:45] [16] Mike_O_Neill - /asellhouse 15
[23:33:46] [18] Ralf_S_Tomasso - /gotolv
[23:33:49] [16] Mike_O_Neill - /asellhouse 16
[23:33:52] [16] Mike_O_Neill - /asellhouse 17
[23:33:52] [18] Ralf_S_Tomasso - /atuning festés 0
[23:33:54] [16] Mike_O_Neill - /asellhouse 18
[23:33:59] [16] Mike_O_Neill - /asellhouse 19
[23:34:03] [16] Mike_O_Neill - /asellhouse 20
[23:34:04] [18] Ralf_S_Tomasso - /fixveh 3
[23:34:05] [16] Mike_O_Neill - /asellhouse 21
[23:34:08] [16] Mike_O_Neill - /asellhouse 22
[23:34:11] [16] Mike_O_Neill - /asellhouse 23
[23:34:15] [16] Mike_O_Neill - /asellhouse 24
[23:34:15] [18] Ralf_S_Tomasso - /stats
[23:34:17] [16] Mike_O_Neill - /asellhouse 25
[23:34:19] [16] Mike_O_Neill - /asellhouse 26
[23:34:21] [16] Mike_O_Neill - /asellhouse 27
[23:34:23] [16] Mike_O_Neill - /asellhouse 28
[23:34:26] [16] Mike_O_Neill - /asellhouse 29
[23:34:28] [16] Mike_O_Neill - /asellhouse 30
[23:34:35] [16] Mike_O_Neill - /asellhouse 31
[23:34:37] [16] Mike_O_Neill - /asellhouse 32
[23:34:40] [16] Mike_O_Neill - /asellhouse 33
[23:34:40] [18] Ralf_S_Tomasso - /fixveh 3
[23:34:42] [18] Ralf_S_Tomasso - /fixveh 3
[23:35:06] [16] Mike_O_Neill - /asellhouse 34
[23:35:08] [16] Mike_O_Neill - /asellhouse 35
[23:35:10] [16] Mike_O_Neill - /asellhouse 36
[23:35:12] [16] Mike_O_Neill - /asellhouse 37
[23:35:17] [18] Ralf_S_Tomasso - /fixveh 3
[23:35:33] [16] Mike_O_Neill - /asellhouse 38
[23:35:35] [16] Mike_O_Neill - /asellhouse 39
[23:35:37] [16] Mike_O_Neill - /asellhouse 40
[23:35:39] [16] Mike_O_Neill - /asellhouse 41
[23:35:41] [16] Mike_O_Neill - /asellhouse 42
[23:35:44] [16] Mike_O_Neill - /asellhouse 43
[23:35:46] [16] Mike_O_Neill - /asellhouse 44
[23:35:47] [16] Mike_O_Neill - /asellhouse 45
[23:35:50] [18] Ralf_S_Tomasso - /fixveh 3
[23:35:50] [16] Mike_O_Neill - /asellhouse 46
[23:35:52] [16] Mike_O_Neill - /asellhouse 47
[23:35:53] [16] Mike_O_Neill - /asellhouse 48
[23:35:55] [16] Mike_O_Neill - /asellhouse 49
[23:35:59] [16] Mike_O_Neill - /asellhouse 50
[23:36:01] [18] Ralf_S_Tomasso - /motor
[23:36:04] [16] Mike_O_Neill - /asellhouse 51
[23:36:05] [18] Ralf_S_Tomasso - /crs
[23:36:06] [16] Mike_O_Neill - /asellhouse 52
[23:36:06] [18] Ralf_S_Tomasso - /goto mike_O
[23:36:09] [18] Ralf_S_Tomasso - /awve
[23:36:10] [18] Ralf_S_Tomasso - /wave
[23:36:10] [16] Mike_O_Neill - /asellhouse 53
[23:36:10] [18] Ralf_S_Tomasso - /wave
[23:36:12] [16] Mike_O_Neill - /asellhouse 54
[23:36:12] [18] Ralf_S_Tomasso - /admins
[23:36:14] [16] Mike_O_Neill - /asellhouse 55
[23:36:16] [16] Mike_O_Neill - /asellhouse 56
[23:36:19] [16] Mike_O_Neill - /asellhouse 57
[23:36:19] [18] Ralf_S_Tomasso - /stats
[23:36:21] [16] Mike_O_Neill - /asellhouse 58
[23:36:24] [16] Mike_O_Neill - /asellhouse 59
[23:36:26] [16] Mike_O_Neill - /asellhouse 60
[23:36:28] [18] Ralf_S_Tomasso - /stats
[23:36:28] [16] Mike_O_Neill - /asellhouse 61
[23:36:30] [16] Mike_O_Neill - /asellhouse 62
[23:36:32] [16] Mike_O_Neill - /asellhouse 63
[23:36:34] [16] Mike_O_Neill - /asellhouse 64
[23:36:36] [16] Mike_O_Neill - /asellhouse 65
[23:36:38] [16] Mike_O_Neill - /asellhouse 66
[23:36:40] [16] Mike_O_Neill - /asellhouse 67
[23:36:43] [16] Mike_O_Neill - /asellhouse 68
[23:36:46] [16] Mike_O_Neill - /asellhouse 69
[23:36:48] [16] Mike_O_Neill - /asellhouse 70
[23:36:50] [16] Mike_O_Neill - /asellhouse 71
[23:36:52] [16] Mike_O_Neill - /asellhouse 72
[23:36:54] [16] Mike_O_Neill - /asellhouse 73
[23:36:56] [16] Mike_O_Neill - /asellhouse 74
[23:36:58] [16] Mike_O_Neill - /asellhouse 75
[23:37:04] [16] Mike_O_Neill - /asellhouse 76
[23:37:08] [16] Mike_O_Neill - /asellhouse 77
[23:37:10] [16] Mike_O_Neill - /asellhouse 78
[23:37:12] [16] Mike_O_Neill - /asellhouse 79
[23:37:14] [16] Mike_O_Neill - /asellhouse 80
[23:37:16] [16] Mike_O_Neill - /asellhouse 81
[23:37:18] [16] Mike_O_Neill - /asellhouse 82
[23:37:20] [16] Mike_O_Neill - /asellhouse 83
[23:37:22] [16] Mike_O_Neill - /asellhouse 84
[23:37:23] [16] Mike_O_Neill - /asellhouse 85
[23:37:26] [16] Mike_O_Neill - /asellhouse 86
[23:37:28] [16] Mike_O_Neill - /asellhouse 87
[23:37:30] [16] Mike_O_Neill - /asellhouse 88
[23:37:33] [16] Mike_O_Neill - /asellhouse 89
[23:37:34] [18] Ralf_S_Tomasso - /nevek
[23:37:40] [16] Mike_O_Neill - /asellhouse 90
[23:37:43] [16] Mike_O_Neill - /asellhouse 91
[23:37:44] [16] Mike_O_Neill - /asellhouse 92
[23:37:46] [16] Mike_O_Neill - /asellhouse 93
[23:37:49] [16] Mike_O_Neill - /asellhouse 94
[23:37:51] [16] Mike_O_Neill - /asellhouse 95
[23:37:53] [16] Mike_O_Neill - /asellhouse 96
[23:37:55] [16] Mike_O_Neill - /asellhouse 97
[23:37:59] [16] Mike_O_Neill - /asellhouse 98
[23:38:01] [16] Mike_O_Neill - /asellhouse 99
[23:38:03] [16] Mike_O_Neill - /asellhouse 100
[23:38:06] [16] Mike_O_Neill - /asellhouse 101
[23:38:14] [16] Mike_O_Neill - /asellhouse 10
[23:38:22] [16] Mike_O_Neill - /asellhouse 1
[23:38:29] [16] Mike_O_Neill - /gotohouse
[23:38:44] [18] Ralf_S_Tomasso - /stats
[23:39:29] [18] Ralf_S_Tomasso - /fk lista
[23:39:38] [18] Ralf_S_Tomasso - /getcar 1
[23:39:43] [18] Ralf_S_Tomasso - /alefoglal
[23:40:18] [18] Ralf_S_Tomasso - /fixveh 3
[23:40:25] [18] Ralf_S_Tomasso - /fixveh 3
[23:40:52] [18] Ralf_S_Tomasso - /flip
[23:40:55] [18] Ralf_S_Tomasso - /gotolv
[23:41:18] [18] Ralf_S_Tomasso - /fixveh 3
[23:41:43] [16] Mike_O_Neill - /benzinkút
[23:41:44] [18] Ralf_S_Tomasso - /motor
[23:41:47] [18] Ralf_S_Tomasso - /fixveh 3
[23:41:48] [18] Ralf_S_Tomasso - /stats
[23:41:49] [16] Mike_O_Neill - /benzinkút go
[23:41:50] [18] Ralf_S_Tomasso - /crs
[23:41:51] [16] Mike_O_Neill - /benzinkút go 1
[23:41:52] [18] Ralf_S_Tomasso - /goto mike_O_N
[23:41:56] [16] Mike_O_Neill - /benzinkút go 2
[23:41:59] [18] Ralf_S_Tomasso - /goto mike_O_N
[23:42:07] [18] Ralf_S_Tomasso - /stats
[23:42:12] [18] Ralf_S_Tomasso - /benzinkut
[23:42:13] [16] Mike_O_Neill - /ah
[23:42:19] [18] Ralf_S_Tomasso - /stats
[23:42:19] [16] Mike_O_Neill - /benzinkút ainfó
[23:42:22] [18] Ralf_S_Tomasso - /stats
[23:42:26] [16] Mike_O_Neill - /benzinkút
[23:42:31] [16] Mike_O_Neill - /benzinkút bérlés
[23:42:31] [18] Ralf_S_Tomasso - /deal
[23:42:32] [18] Ralf_S_Tomasso - /deal
[23:42:35] [16] Mike_O_Neill - /benzinkút bérlés felmond
[23:42:36] [18] Ralf_S_Tomasso - /stats
[23:42:39] [18] Ralf_S_Tomasso - /deal
[23:42:45] [18] Ralf_S_Tomasso - /stats
[23:42:48] [16] Mike_O_Neill - /ah
[23:43:05] [16] Mike_O_Neill - /setstat
[23:43:11] [18] Ralf_S_Tomasso - /stats
[23:43:25] [16] Mike_O_Neill - /edit
[23:43:28] [18] Ralf_S_Tomasso - /stats
[23:43:47] [18] Ralf_S_Tomasso - /benzinkut info
[23:44:59] [18] Ralf_S_Tomasso - /stats
[23:47:19] [18] Ralf_S_Tomasso - /stas
[23:47:20] [17] Dolph_F_Gates - /open
[23:47:20] [18] Ralf_S_Tomasso - /stats
[23:47:22] [17] Dolph_F_Gates - /open
[23:47:23] [16] Mike_O_Neill - /benzinkút
[23:47:23] [17] Dolph_F_Gates - /exit
[23:47:25] [17] Dolph_F_Gates - /open
[23:47:34] [16] Mike_O_Neill - /benzinkút ainfó
[23:47:37] [17] Dolph_F_Gates - /mark
[23:47:40] [17] Dolph_F_Gates - /benzinkút go 1
[23:47:42] [16] Mike_O_Neill - /benzinkút tulaj
[23:47:48] [17] Dolph_F_Gates - /benzinkút
[23:47:55] [17] Dolph_F_Gates - /benzinkút adat
[23:48:17] [17] Dolph_F_Gates - /benzinkút adat bérelhetõ
[23:48:19] [17] Dolph_F_Gates - /benzinkút adat bérelhetõ 1
[23:48:21] [17] Dolph_F_Gates - /benzinkút adat bérelhetõ 1
[23:48:40] [17] Dolph_F_Gates - /benzinkút
[23:48:45] [17] Dolph_F_Gates - /benzinkút bérlés
[23:48:52] [17] Dolph_F_Gates - /a /benzinkút bérlés
[23:49:00] [19] Connor_O_Neill - /gps be
[23:49:11] [17] Dolph_F_Gates - /gotomark
[23:49:49] [17] Dolph_F_Gates - /buyhouse
[23:49:54] [17] Dolph_F_Gates - /stats
[23:49:54] [18] Ralf_S_Tomasso - /benzinkút bérlés
[23:50:02] [18] Ralf_S_Tomasso - /benzinkút bérlés kibérel
[23:50:08] [19] Connor_O_Neill - /gps be
[23:50:48] [17] Dolph_F_Gates - /buyhouse
[23:50:57] [17] Dolph_F_Gates - /asellhouse
[23:50:59] [17] Dolph_F_Gates - /stats
[23:51:04] [17] Dolph_F_Gates - /stats 223
[23:51:08] [17] Dolph_F_Gates - /asellhouse 223
[23:51:11] [17] Dolph_F_Gates - /asellhouse 223
[23:51:15] [17] Dolph_F_Gates - /asellhouse 518
[23:51:22] [17] Dolph_F_Gates - /buyhouse
[23:51:26] [17] Dolph_F_Gates - /stats
[23:51:31] [20] Connor_O_Neill - /tele
[23:51:43] [20] Connor_O_Neill - /gps be
[23:51:45] [20] Connor_O_Neill - /ondutyí
[23:51:46] [20] Connor_O_Neill - /onduty
[23:52:03] [17] Dolph_F_Gates - /stats
[23:52:06] [17] Dolph_F_Gates - /buyhouse
[23:52:10] [17] Dolph_F_Gates - /tele
[23:52:14] [17] Dolph_F_Gates - /tele
[23:52:22] [17] Dolph_F_Gates - /enter
[23:52:33] [17] Dolph_F_Gates - /bankszámla
[23:52:46] [17] Dolph_F_Gates - /bankszámla kivétel 100,000 Ft
[23:52:51] [17] Dolph_F_Gates - /houseo 24
[23:52:58] [16] Mike_O_Neill - /benzinkút bérlés
[23:53:06] [17] Dolph_F_Gates - /benzinkút go 1
[23:53:06] [20] Connor_O_Neill - /stats
[23:53:07] [16] Mike_O_Neill - /benzinkút bérlés átad
[23:53:11] [18] Ralf_S_Tomasso - /benzinkut bérlés átad
[23:53:12] [17] Dolph_F_Gates - /benzinkút 
[23:53:24] [17] Dolph_F_Gates - /benzinkút adat
[23:53:33] [17] Dolph_F_Gates - /benzinkút adat bérelhetõ
[23:53:45] [17] Dolph_F_Gates - /a /benzinkút adat bérelhetõ  azt ki bérlik
[23:53:55] [18] Ralf_S_Tomasso - /benzinkút adat
[23:53:59] [17] Dolph_F_Gates - /veh infernus
[23:54:07] [17] Dolph_F_Gates - /asegit 17
[23:54:08] [18] Ralf_S_Tomasso - /up
[23:54:08] [18] Ralf_S_Tomasso - /up
[23:54:08] [18] Ralf_S_Tomasso - /up
[23:54:09] [20] Connor_O_Neill - /benzinkút
[23:54:09] [18] Ralf_S_Tomasso - /up
[23:54:09] [18] Ralf_S_Tomasso - /up
[23:54:11] [20] Connor_O_Neill - /benzinkút adat
[23:54:14] [19] Patrik_O_Neill - /teke
[23:54:16] [19] Patrik_O_Neill - /tele
[23:54:19] [20] Connor_O_Neill - /benzinkút adat
[23:54:22] [19] Patrik_O_Neill - /onduty
[23:54:28] [19] Patrik_O_Neill - /gps be
[23:54:44] [19] Patrik_O_Neill - /nyit
[23:54:51] [17] Dolph_F_Gates - /nyit
[23:54:52] [20] Connor_O_Neill - /nyit
[23:54:54] [20] Connor_O_Neill - /zar
[23:54:56] [19] Patrik_O_Neill - /zar
[23:54:59] [17] Dolph_F_Gates - /zar
[23:55:01] [17] Dolph_F_Gates - /motor
[23:55:10] [19] Patrik_O_Neill - /Stats
[23:55:10] [17] Dolph_F_Gates - /buyhouse
[23:55:12] [17] Dolph_F_Gates - /exit
[23:55:15] [17] Dolph_F_Gates - /open
[23:55:16] [17] Dolph_F_Gates - /exit
[23:55:17] [17] Dolph_F_Gates - /open
[23:55:30] [20] Connor_O_Neill - /nyit
[23:55:32] [20] Connor_O_Neill - /zar
[23:55:35] [20] Connor_O_Neill - /zar
[23:55:36] [20] Connor_O_Neill - /zar
[23:56:34] [19] Patrik_O_Neill - /tele
[23:58:05] [20] Connor_O_Neill - /fk lista
[23:58:16] [16] Mike_O_Neill - /benzinkút adat bérelhetõ
[23:58:18] [16] Mike_O_Neill - /benzinkút adat bérelhetõ 2
[23:58:20] [16] Mike_O_Neill - /benzinkút adat bérelhetõ 2
[23:58:28] [19] Patrik_O_Neill - /nyit
[23:58:33] [18] Ralf_S_Tomasso - /benzinkút
[23:58:34] [18] Ralf_S_Tomasso - /benzinkút bérlés
[23:58:35] [16] Mike_O_Neill - /benzinkút go 1
[23:58:38] [18] Ralf_S_Tomasso - /benzinkút bérlés kibérel
[23:58:38] [19] Patrik_O_Neill - /zar
[23:58:38] [16] Mike_O_Neill - /benzinkút go 0
[23:58:48] [18] Ralf_S_Tomasso - /benzinkút kibérel
[23:58:55] [17] Dolph_F_Gates - /goto ralf_S
[23:58:58] [19] Patrik_O_Neill - /motor
[23:59:01] [17] Dolph_F_Gates - /benzinkút
[23:59:02] [16] Mike_O_Neill - /stats
[23:59:04] [19] Patrik_O_Neill - /crs
[23:59:05] [17] Dolph_F_Gates - /benzinkút adat
[23:59:07] [17] Dolph_F_Gates - /benzinkút adat bérelhetõ
[23:59:14] [17] Dolph_F_Gates - /a hanyas kút ez Ralf ?
[23:59:18] [16] Mike_O_Neill - /a 2
[23:59:24] [17] Dolph_F_Gates - /benzinkút adat bérelhetõ 2
[23:59:25] [17] Dolph_F_Gates - /benzinkút adat bérelhetõ 2
[23:59:34] [17] Dolph_F_Gates - /benzinkút adat alapára
[23:59:34] [20] Connor_O_Neill - /adat 19
[23:59:36] [16] Mike_O_Neill - /kaja
[23:59:43] [16] Mike_O_Neill - /vesz
[23:59:46] [17] Dolph_F_Gates - /benzinkút adat alapára 2 0
[23:59:49] [16] Mike_O_Neill - /kaja
