[00:04:15] [16] Ellstag_Scaletta - /login
[00:04:32] [16] Ellstag_Scaletta - /gps be
[00:04:38] [16] Ellstag_Scaletta - /bicikli elõvesz
[00:05:13] [17] Harold_Gates - /login
[00:05:17] [17] Harold_Gates - /login
[00:05:20] [17] Harold_Gates - /login
[00:05:24] [18] Ryan_Brasco - /login
[00:05:27] [16] Ellstag_Scaletta - /bicikli elrak
[00:05:31] [18] Ryan_Brasco - /gyémánt töröl
[00:05:32] [18] Ryan_Brasco - /gps be
[00:05:35] [16] Ellstag_Scaletta - /favagas kezd
[00:05:45] [18] Ryan_Brasco - /ujkocsi
[00:05:49] [17] Harold_Gates - /login
[00:05:50] [16] Ellstag_Scaletta - /motor
[00:05:56] [16] Ellstag_Scaletta - /f e 9
[00:06:01] [16] Ellstag_Scaletta - /mp4 lista
[00:06:02] [18] Ryan_Brasco - /ujmodel maverick
[00:06:08] [18] Ryan_Brasco - /gethere 17
[00:06:20] [18] Ryan_Brasco - /setstat
[00:06:31] [17] Harold_Gates - /kaja
[00:06:38] [18] Ryan_Brasco - /ujtulaj
[00:06:38] [17] Harold_Gates - /kulcs
[00:06:40] [18] Ryan_Brasco - /tulaj
[00:06:43] [17] Harold_Gates - /kulcs jármû
[00:06:54] [16] Ellstag_Scaletta - /favagas felpakol
[00:07:05] [17] Harold_Gates - /kulcs jármû
[00:07:14] [17] Harold_Gates - /leaderek
[00:07:39] [16] Ellstag_Scaletta - /favagas felpakol
[00:07:59] [18] Ryan_Brasco - /k elad
[00:08:03] [17] Harold_Gates - /v vesz
[00:08:10] [18] Ryan_Brasco - /atuning
[00:08:16] [18] Ryan_Brasco - /atuning festés 1
[00:08:19] [18] Ryan_Brasco - /atuning festés 0
[00:08:21] [17] Harold_Gates - /gps be
[00:08:27] [18] Ryan_Brasco - /öatuning
[00:08:33] [18] Ryan_Brasco - /alefoglal
[00:08:36] [16] Ellstag_Scaletta - /favagas felpakol
[00:08:38] [18] Ryan_Brasco - /tele
[00:08:38] [16] Ellstag_Scaletta - /favagas felpakol
[00:08:56] [18] Ryan_Brasco - /jail 18 kórház 0 0
[00:08:58] [18] Ryan_Brasco - /goto harold
[00:09:05] [18] Ryan_Brasco - /gps be
[00:09:20] [18] Ryan_Brasco - /atunigolás
[00:09:24] [18] Ryan_Brasco - /atunigolas
[00:09:28] [18] Ryan_Brasco - /atunigol
[00:09:29] [18] Ryan_Brasco - /atunigolas
[00:09:29] [16] Ellstag_Scaletta - /favagas felpakol
[00:09:32] [18] Ryan_Brasco - /atuningolás
[00:09:56] [18] Ryan_Brasco - /fixveh 3
[00:10:00] [17] Harold_Gates - /kulcs jármû
[00:10:03] [17] Harold_Gates - /kulcs jármû 1
[00:10:13] [18] Ryan_Brasco - /motor
[00:10:17] [18] Ryan_Brasco - /tele
[00:10:17] [17] Harold_Gates - /örökkulcs
[00:10:19] [16] Ellstag_Scaletta - /favagas felpakol
[00:10:21] [16] Ellstag_Scaletta - /favagas felpakol
[00:10:21] [18] Ryan_Brasco - /gethere harold
[00:10:27] [17] Harold_Gates - /nyit
[00:10:28] [18] Ryan_Brasco - /oldcar
[00:10:28] [16] Ellstag_Scaletta - /öv
[00:10:29] [16] Ellstag_Scaletta - /motor
[00:10:30] [18] Ryan_Brasco - /getcar 1073
[00:10:30] [17] Harold_Gates - /zar
[00:10:48] [18] Ryan_Brasco - /alefoglal
[00:11:00] [18] Ryan_Brasco - /nevek2
[00:11:23] [18] Ryan_Brasco - /motor
[00:11:24] [18] Ryan_Brasco - /apark
[00:11:32] [18] Ryan_Brasco - /apark
[00:11:40] [17] Harold_Gates - /fk lista
[00:12:16] [18] Ryan_Brasco - /getcar 237
[00:12:33] [17] Harold_Gates - /motor
[00:12:35] [17] Harold_Gates - /park
[00:12:37] [18] Ryan_Brasco - /atunigolás
[00:12:39] [17] Harold_Gates - /fk park
[00:12:39] [18] Ryan_Brasco - /atuningolás
[00:12:42] [17] Harold_Gates - /stats
[00:12:45] [18] Ryan_Brasco - /atuningolás
[00:12:49] [18] Ryan_Brasco - /atuningolás
[00:12:52] [18] Ryan_Brasco - /atuningolás
[00:12:56] [18] Ryan_Brasco - /atuningolás
[00:13:12] [18] Ryan_Brasco - /alefoglal
[00:13:14] [18] Ryan_Brasco - /atuningolás
[00:14:02] [16] Ellstag_Scaletta - /motor
[00:14:07] [16] Ellstag_Scaletta - /favagas lead
[00:14:21] [16] Ellstag_Scaletta - /alma evés
[00:14:23] [16] Ellstag_Scaletta - /alma evés
[00:14:25] [16] Ellstag_Scaletta - /alma evés
[00:14:28] [16] Ellstag_Scaletta - /alma evés
[00:14:39] [18] Ryan_Brasco - /flymode
[00:15:08] [18] Ryan_Brasco - /flymode
[00:15:10] [18] Ryan_Brasco - /gps be
[00:16:27] [18] Ryan_Brasco - /object
[00:16:30] [18] Ryan_Brasco - /object közel
[00:16:34] [18] Ryan_Brasco - /gps töröl
[00:17:46] [17] Harold_Gates - /motor
[00:17:48] [16] Ellstag_Scaletta - /motor
[00:17:52] [16] Ellstag_Scaletta - /öv
[00:17:52] [17] Harold_Gates - /fk park
[00:18:00] [16] Ellstag_Scaletta - /f e 8
[00:18:03] [16] Ellstag_Scaletta - /f e 9
[00:18:07] [16] Ellstag_Scaletta - /mp4 lista
[00:19:01] [16] Ellstag_Scaletta - /favagas felpakol
[00:19:02] [16] Ellstag_Scaletta - /favagas felpakol
[00:19:05] [16] Ellstag_Scaletta - /favagas felpakol
[00:19:07] [16] Ellstag_Scaletta - /favagas felpakol
[00:19:53] [16] Ellstag_Scaletta - /favagas felpakol
[00:20:47] [16] Ellstag_Scaletta - /favagas felpakol
[00:20:48] [16] Ellstag_Scaletta - /favagas felpakol
[00:20:50] [16] Ellstag_Scaletta - /favagas felpakol
[00:21:35] [16] Ellstag_Scaletta - /favagas felpakol
[01:10:41] [16] Ryan_Brasco - /login
[01:10:54] [16] Ryan_Brasco - /pacsi ry
[01:10:55] [16] Ryan_Brasco - /pacsi ry
[01:11:06] [16] Ryan_Brasco - /gps be
[01:11:10] [16] Ryan_Brasco - /admins
[01:12:23] [16] Ryan_Brasco - /house be 76
[01:12:38] [16] Ryan_Brasco - /gotopos 237.866516,1109.725097,1080.992187
[01:12:55] [16] Ryan_Brasco - /gyémánt töröl
[01:12:57] [16] Ryan_Brasco - /gyémánt töröl
[01:12:58] [16] Ryan_Brasco - /gyémánt töröl
[01:12:59] [16] Ryan_Brasco - /gps be
[01:13:14] [16] Ryan_Brasco - /house be 274
[01:13:25] [16] Ryan_Brasco - /gyémánt töröl
[01:13:31] [16] Ryan_Brasco - /house ki 274
[01:14:37] [16] Ryan_Brasco - /house ki 296
[01:14:41] [16] Ryan_Brasco - /house ki 297
[01:14:53] [16] Ryan_Brasco - /enter
[01:14:54] [16] Ryan_Brasco - /enter
[01:14:58] [16] Ryan_Brasco - /house be 297
[01:15:09] [16] Ryan_Brasco - /gotopos 457.406433,510.635925,1001.821655
[01:15:17] [16] Ryan_Brasco - /pacsi 16
[01:15:56] [16] Ryan_Brasco - /gyémánt töröl
[01:16:20] [16] Ryan_Brasco - /exit
[01:16:24] [16] Ryan_Brasco - /house ki 297
[01:17:13] [16] Ryan_Brasco - /house be 297
[01:17:20] [16] Ryan_Brasco - /gyémánt töröl
[01:17:34] [16] Ryan_Brasco - /house be 177
[01:17:41] [16] Ryan_Brasco - /gotopos 35.227481,1341.128784,1088.875000
[01:18:08] [16] Ryan_Brasco - /house be 188
[01:18:14] [16] Ryan_Brasco - /house be 518
[01:18:20] [16] Ryan_Brasco - /exit
[01:18:24] [16] Ryan_Brasco - /house ki 518
[01:18:26] [16] Ryan_Brasco - /house ki 518
[01:18:33] [16] Ryan_Brasco - /house be 518
[01:18:35] [16] Ryan_Brasco - /gotopos 329.345428,1127.123168,1083.882812
[01:19:15] [16] Ryan_Brasco - /house ki 435
[01:19:24] [16] Ryan_Brasco - /house be 435
[01:19:49] [16] Ryan_Brasco - /gotopos 2460.223632,-1691.052246,1013.507812
[01:20:12] [16] Ryan_Brasco - /gotopos 1603.917968,-1458.639770,13.555480
[01:20:16] [16] Ryan_Brasco - /inti 16 0
[01:20:19] [16] Ryan_Brasco - /vw 16 0
[01:20:34] [16] Ryan_Brasco - /gyémánt töröl
[01:20:53] [16] Ryan_Brasco - /vw 16 12345
[01:20:56] [16] Ryan_Brasco - /gotopos -380.745605,2126.465332,133.042022
[01:21:10] [16] Ryan_Brasco - /gyémánt töröl
[01:21:13] [16] Ryan_Brasco - /gyémánt töröl
[01:21:30] [16] Ryan_Brasco - /house ki 243
[01:21:37] [16] Ryan_Brasco - /house ki 434
[01:21:49] [16] Ryan_Brasco - /house be 434
[01:21:56] [16] Ryan_Brasco - /enter
[01:21:58] [16] Ryan_Brasco - /exit
[01:22:01] [16] Ryan_Brasco - /kaja
[01:22:04] [16] Ryan_Brasco - /ahegy
[01:22:31] [16] Ryan_Brasco - /szerver gmx
[01:22:37] [16] Ryan_Brasco - /tele
[01:22:42] [16] Ryan_Brasco - /flymode
[01:23:03] [16] Ryan_Brasco - /flymode
[01:23:06] [16] Ryan_Brasco - /ahegy
[01:23:14] [16] Ryan_Brasco - /gps be
[01:27:20] [16] Ryan_Brasco - /apark
[01:27:24] [16] Ryan_Brasco - /apark
[01:27:26] [16] Ryan_Brasco - /apark
[01:27:29] [16] Ryan_Brasco - /apark
[01:27:31] [16] Ryan_Brasco - /apark
[07:25:13] [16] Marcell_O_Neill - /login
[07:28:02] [16] Marcell_O_Neill - /login
[07:33:34] [16] Marcell_O_Neill - /login
[07:40:19] [16] Marcell_O_Neill - /login
[07:40:31] [16] Marcell_O_Neill - /exit
[07:40:52] [16] Marcell_O_Neill - /flymode
[07:46:26] [16] Marcell_O_Neill - /kapu
[07:46:35] [16] Marcell_O_Neill - /tábla
[07:46:38] [16] Marcell_O_Neill - /közlekedésoi
[07:46:39] [16] Marcell_O_Neill - /közlekedési
[07:46:49] [16] Marcell_O_Neill - /kapu
[07:46:56] [16] Marcell_O_Neill - /garázs
[07:47:01] [16] Marcell_O_Neill - /garázs töröl
[07:47:08] [16] Marcell_O_Neill - /garázs töröl 41
[07:47:16] [16] Marcell_O_Neill - /ház
[07:47:24] [16] Marcell_O_Neill - /flymode
[07:47:29] [16] Marcell_O_Neill - /ah
[07:47:37] [16] Marcell_O_Neill - /deleteint
[07:47:46] [16] Marcell_O_Neill - /asellhouse 528
[07:47:48] [16] Marcell_O_Neill - /asellhouse 528
[07:47:53] [16] Marcell_O_Neill - /delete
[07:47:57] [16] Marcell_O_Neill - /house
[07:47:58] [16] Marcell_O_Neill - /ház
[07:47:59] [16] Marcell_O_Neill - /ház
[07:48:11] [16] Marcell_O_Neill - /flymode
[08:09:45] [16] Marcell_O_Neill - /login
[08:09:49] [16] Marcell_O_Neill - /login
[08:10:22] [16] Marcell_O_Neill - /gzs
[08:10:24] [16] Marcell_O_Neill - /ajtoi
[08:10:25] [16] Marcell_O_Neill - /ajto
[08:10:27] [16] Marcell_O_Neill - /ajto kbe
[08:10:32] [16] Marcell_O_Neill - /ajto törlés 
[08:10:35] [16] Marcell_O_Neill - /ajto törlés 96
[08:10:38] [16] Marcell_O_Neill - /ajto kki
[08:10:43] [16] Marcell_O_Neill - /ajto kki
[08:10:46] [16] Marcell_O_Neill - /ajto k
[08:10:47] [16] Marcell_O_Neill - /ajto
[08:10:53] [16] Marcell_O_Neill - /gps b
[08:10:54] [16] Marcell_O_Neill - /gps e
[08:10:56] [16] Marcell_O_Neill - /gps be
[08:10:58] [16] Marcell_O_Neill - /flymode
[08:13:12] [16] Marcell_O_Neill - /gotopos
[08:13:14] [16] Marcell_O_Neill - /flymode
[08:13:21] [16] Marcell_O_Neill - /gotopos 1141.63684, 2595.75293, 15.87450
[08:13:24] [16] Marcell_O_Neill - /flymode
[10:06:11] [16] Ryan_Brasco - /login
[10:06:18] [16] Ryan_Brasco - /tele
[10:06:27] [16] Ryan_Brasco - /gps be
[10:06:35] [16] Ryan_Brasco - /sethp 16 134
[10:06:54] [16] Szabina_S_White - /login
[10:07:01] [16] Szabina_S_White - /Gps be
[10:07:04] [17] Ryan_Brasco - /login
[10:07:08] [16] Szabina_S_White - /hack riaszto
[10:07:22] [16] Szabina_S_White - /hack riaszto 1 0
[10:07:25] [17] Ryan_Brasco - /gps be
[10:07:27] [18] Damien_Creed - /login
[10:07:35] [18] Damien_Creed - /gps be
[10:07:44] [16] Szabina_S_White - /hack riaszto 1 1
[10:07:48] [16] Szabina_S_White - /ellop
[10:07:49] [18] Damien_Creed - /report join 3
[10:07:52] [18] Damien_Creed - /report join 2
[10:07:53] [16] Szabina_S_White - /togphone
[10:07:55] [18] Damien_Creed - /report join 1
[10:07:56] [16] Szabina_S_White - /ellop
[10:08:03] [16] Szabina_S_White - /exit
[10:08:12] [18] Damien_Creed - /skill 11
[10:08:18] [18] Damien_Creed - /report join 3
[10:08:39] [16] Szabina_S_White - /car munka 12
[10:08:52] [16] Szabina_S_White - /car lead
[10:08:57] [16] Szabina_S_White - /bicikli elovesz
[10:08:59] [18] Damien_Creed - /report join 3
[10:09:05] [18] Damien_Creed - /report channelstatus 2
[10:09:07] [18] Damien_Creed - /report channelstatus 3
[10:09:07] [16] Szabina_S_White - /adat 17
[10:09:09] [18] Damien_Creed - /report channelstatus 1
[10:09:11] [18] Damien_Creed - /report channelstatus 4
[10:09:15] [18] Damien_Creed - /report join 4
[10:09:16] [16] Szabina_S_White - /adat 18
[10:09:20] [16] Szabina_S_White - /laptopom find
[10:09:23] [16] Szabina_S_White - /laptopom find damien
[10:09:32] [17] Ryan_Brasco - /ahegy
[10:09:44] [18] Damien_Creed - /ü Köszi a hp-t mert buggos volt megint, am ha ráérsz tudnál jönni ide, kérdeznék v.mit.?
[10:10:26] [16] Szabina_S_White - /bicikli elrak
[10:10:29] [16] Szabina_S_White - /enter
[10:10:36] [16] Szabina_S_White - /berak pénz 1002375
[10:10:37] [16] Szabina_S_White - /házszéf
[10:10:40] [16] Szabina_S_White - /exit
[10:10:45] [16] Szabina_S_White - /enter
[10:10:51] [17] Ryan_Brasco - /goto 18
[10:10:54] [16] Szabina_S_White - /hack riaszto 1 1
[10:10:58] [17] Ryan_Brasco - /b szeva mondd
[10:11:11] [17] Ryan_Brasco - /b bent van a zecchin birtok már amúgy
[10:11:15] [16] Szabina_S_White - /hack riaszto 1 0
[10:11:15] [18] Damien_Creed - /b csáó
[10:11:24] [18] Damien_Creed - /b bocsi csak válaszoltam fórumon is :D
[10:11:39] [18] Damien_Creed - /b Na gondolom még mindig buggos az object
[10:11:47] [17] Ryan_Brasco - /b hát igazából az nem bug
[10:11:49] [18] Damien_Creed - /b kérdeznmém hogy ide lehetne hátra.?
[10:11:56] [17] Ryan_Brasco - /b a samp 0.3z maximum 1000 removet enged meg
[10:12:01] [17] Ryan_Brasco - /b és ez meglett nem rég
[10:12:03] [18] Damien_Creed - /b :S
[10:12:14] [18] Damien_Creed - /b Am kilett véve a vh park is
[10:12:17] [17] Ryan_Brasco - /b kivettem a brasco birtokot, az kb 250 removet foglalt
[10:12:23] [16] Szabina_S_White - /b .
[10:12:25] [16] Szabina_S_White - /hack riaszto 1 0
[10:12:25] [17] Ryan_Brasco - /b már ott van a vh park
[10:12:29] [18] Damien_Creed - /b kivan véve a brasco.?
[10:12:35] [17] Ryan_Brasco - /b csak rossz objectet töltött fel marci
[10:12:44] [17] Ryan_Brasco - /b igen ki lett véve a sok remove miatt, új lesz mappolva
[10:12:54] [18] Damien_Creed - /b meg mappolhatom ha gondolod
[10:13:01] [17] Ryan_Brasco - /b az a baj a katona meg az lcn hq is 140 removet foglal
[10:13:04] [17] Ryan_Brasco - /b fejenként
[10:13:06] [18] Damien_Creed - /b de a Creed birtoknál asszem 20 remove van
[10:13:23] [18] Damien_Creed - /b igen mert rossz helyre mappolták :S
[10:13:28] [17] Ryan_Brasco - /b most fogom összeszámolni hogy hány remove lehet még kb
[10:13:33] [18] Damien_Creed - /b én mappoltam egy katona hq-t is
[10:13:33] [16] Szabina_S_White - /hack riaszto 1 0
[10:13:41] [19] Bart_S_Tomasso - /login
[10:13:41] [16] Szabina_S_White - /hack riaszto 0 0
[10:13:45] [19] Bart_S_Tomasso - /gps be
[10:13:47] [18] Damien_Creed - /b Krisz megtudná mutatni azt is
[10:13:49] [20] Joe_O_Neill - /login
[10:13:53] [18] Damien_Creed - /b ott is max 20-30 remove van
[10:13:57] [19] Bart_S_Tomasso - /cross kezd
[10:14:08] [17] Ryan_Brasco - /b direkt felvittem a magánbirtok árakat mert már így is túl sok van
[10:14:15] [20] Joe_O_Neill - /pee
[10:14:16] [17] Ryan_Brasco - /b már egy remove 20millió/object lesz
[10:14:17] [18] Damien_Creed - /b most kell megint egy
[10:14:17] [16] Szabina_S_White - /hack riaszto 0 0
[10:14:21] [20] Joe_O_Neill - /report channelstatus 1
[10:14:22] [20] Joe_O_Neill - /report channelstatus 2
[10:14:23] [20] Joe_O_Neill - /report channelstatus 0
[10:14:24] [19] Bart_S_Tomasso - /report channelstatus 3
[10:14:25] [19] Bart_S_Tomasso - /report channelstatus 2
[10:14:26] [19] Bart_S_Tomasso - /report channelstatus 1
[10:14:27] [18] Damien_Creed - /b Tyler Wish megkért
[10:14:28] [19] Bart_S_Tomasso - /report channelstatus 0
[10:14:28] [20] Joe_O_Neill - /gps be
[10:14:35] [18] Damien_Creed - /b Régi scaletta
[10:14:35] [19] Bart_S_Tomasso - /bicikli elõvesz
[10:14:35] [17] Ryan_Brasco - /b láttam yaku hq + birtok
[10:14:39] [18] Damien_Creed - /b ahham
[10:14:39] [20] Joe_O_Neill - /ad Mananat Vennék
[10:14:51] [20] Joe_O_Neill - /ad legális Mananat Vennék
[10:14:52] [18] Damien_Creed - /rb yaku inti készen van, csak hq-t mondtam keressenek mást helyet
[10:14:59] [17] Ryan_Brasco - /b majd ha összeszámoltam a remove-kat akkor írok egy pm-et fórumon
[10:15:07] [18] Damien_Creed - /b de am Leader azt mondta a régi yaku hq ami ott volt, az jó lenne
[10:15:08] [16] Szabina_S_White - /hack riaszto 0 0
[10:15:19] [18] Damien_Creed - /b Nincs az meg valahol.?
[10:15:27] [17] Ryan_Brasco - /b hát nekem biztos nincs
[10:15:27] [18] Damien_Creed - /b mert asszem ott nincs remove
[10:15:42] [17] Ryan_Brasco - /b meg kell kérdezni ki mappolta hátha megvan még neki
[10:16:00] [18] Damien_Creed - /b És ha össze számoltad a removeket akkor betud oda kerülni a birtokom.?
[10:16:14] [17] Ryan_Brasco - /b meglátjuk, ezért fogok pmet írni
[10:16:20] [18] Damien_Creed - /b Oksa
[10:16:20] [16] Szabina_S_White - /hack riaszto 0 0
[10:16:24] [17] Ryan_Brasco - /b na el is kezdem pá
[10:16:25] [16] Szabina_S_White - /hack riaszto 0 0
[10:16:28] [17] Ryan_Brasco - /ahegy
[10:16:28] [18] Damien_Creed - /b csáó
[10:16:28] [16] Szabina_S_White - /hack riaszto 0 0
[10:16:30] [20] Joe_O_Neill - /bankszamla
[10:16:33] [17] Ryan_Brasco - /helper damien_c 24
[10:16:50] [18] Damien_Creed - /a köszi
[10:16:51] [20] Joe_O_Neill - /ad legális Mananat Vennék
[10:16:57] [18] Damien_Creed - /as
[10:17:05] [18] Damien_Creed - /as Köszönöm
[10:17:34] [16] Szabina_S_White - /b .
[10:18:11] [20] Joe_O_Neill - /gps
[10:18:13] [18] Damien_Creed - /asay
[10:18:16] [20] Joe_O_Neill - /gps lista
[10:18:21] [20] Joe_O_Neill - /gps lista egyéb
[10:18:25] [16] Szabina_S_White - /hack riaszto 0 0
[10:18:31] [16] Szabina_S_White - /hack riaszto 0 0
[10:18:33] [18] Damien_Creed - /asay Ha bármi gondod, problémád merülne fel /report join 0 /ü-vel írhatsz
[10:18:43] [20] Joe_O_Neill - /gps lista személyes
[10:18:46] [16] Szabina_S_White - /hack riaszto 0 1
[10:18:52] [16] Szabina_S_White - /hack riaszto 0 1
[10:18:54] [16] Szabina_S_White - /hack riaszto 0 1
[10:18:55] [16] Szabina_S_White - /hack riaszto 0 1t
[10:19:03] [19] Bart_S_Tomasso - /bicikli elrak
[10:19:03] [20] Joe_O_Neill - /gps kukásautók
[10:19:20] [20] Joe_O_Neill - /gps kukasautok
[10:19:34] [20] Joe_O_Neill - /report join 0
[10:19:48] [19] Bart_S_Tomasso - /psz kipakol
[10:19:50] [20] Joe_O_Neill - /u holl kapom meg a kukás autokat??
[10:19:54] [16] Szabina_S_White - /hack riaszto 0 1
[10:19:56] [19] Bart_S_Tomasso - /psz duty
[10:19:58] [20] Joe_O_Neill - /alma evés
[10:20:01] [19] Bart_S_Tomasso - /psz kipakol
[10:20:03] [19] Bart_S_Tomasso - /psz
[10:20:05] [19] Bart_S_Tomasso - /psz felvesz
[10:20:29] [20] Joe_O_Neill - /report join 0
[10:20:30] [18] Damien_Creed - /va 20 Rendõrség mellett van autópálya, az alatt van egy hely ahova le vannak rakva
[10:20:36] [20] Joe_O_Neill - /u Haho holl kapom meg a kukás autokat??
[10:20:36] [18] Damien_Creed - /gps lista
[10:20:44] [18] Damien_Creed - /vá 20 Rendõrség mellett van autópálya, az alatt van egy hely ahova le vannak rakva
[10:20:53] [18] Damien_Creed - /gps lista egyéb
[10:20:59] [18] Damien_Creed - /gps lista személyes
[10:21:03] [16] Szabina_S_White - /hack riaszto 0 1
[10:21:05] [16] Szabina_S_White - /ellop
[10:21:13] [18] Damien_Creed - /gps kukásautók
[10:21:23] [16] Szabina_S_White - /exit
[10:21:23] [18] Damien_Creed - /gps kukás
[10:21:40] [18] Damien_Creed - /gps munka
[10:21:46] [20] Joe_O_Neill - /report join 0
[10:21:50] [18] Damien_Creed - /vá 20 ha nem találod szólj és elviszlek oda
[10:21:56] [18] Damien_Creed - /bicikli elõvesz
[10:21:56] [20] Joe_O_Neill - /u már nincsenek ot
[10:21:57] [16] Szabina_S_White - /car munka 12
[10:22:10] [16] Szabina_S_White - /car lead
[10:22:15] [16] Szabina_S_White - /bicikli elovesz
[10:22:17] [19] Bart_S_Tomasso - /alma eves
[10:22:19] [19] Bart_S_Tomasso - /alma eves
[10:22:20] [19] Bart_S_Tomasso - /alma eves
[10:22:26] [19] Bart_S_Tomasso - /alma eves
[10:22:29] [19] Bart_S_Tomasso - /alma eves
[10:22:30] [19] Bart_S_Tomasso - /alma eves
[10:22:33] [18] Damien_Creed - /vá Szerzek egy kocsit gyere kereskedéshez és elviszlek oda
[10:22:40] [18] Damien_Creed - /vá 20 Szerzek egy kocsit gyere kereskedéshez és elviszlek oda
[10:22:52] [20] Joe_O_Neill - /bicikli elovesz
[10:22:58] [18] Damien_Creed - /kcs rt megnéz
[10:22:59] [19] Bart_S_Tomasso - /enter
[10:23:02] [18] Damien_Creed - /kcs rt megnéz
[10:23:12] [19] Bart_S_Tomasso - /motor
[10:23:26] [16] Szabina_S_White - /bicikli elrak
[10:23:29] [16] Szabina_S_White - /enter
[10:23:32] [20] Joe_O_Neill - /menu
[11:03:39] [16] Damien_Creed - /login
[11:03:43] [17] Bart_S_Tomasso - /login
[11:03:48] [17] Bart_S_Tomasso - /gps be
[11:03:51] [18] Joe_Wheeler - /login
[11:03:54] [16] Damien_Creed - /gps be
[11:03:54] [17] Bart_S_Tomasso - /bicikli elõvesz
[11:03:59] [18] Joe_Wheeler - /tagok
[11:04:02] [16] Damien_Creed - /hack bankszámla 1
[11:04:04] [17] Bart_S_Tomasso - /alma eves
[11:04:06] [17] Bart_S_Tomasso - /alma eves
[11:04:07] [17] Bart_S_Tomasso - /alma eves
[11:04:08] [17] Bart_S_Tomasso - /alma eves
[11:04:11] [17] Bart_S_Tomasso - /alma eves
[11:04:12] [17] Bart_S_Tomasso - /alma eves
[11:04:13] [17] Bart_S_Tomasso - /alma eves
[11:04:14] [17] Bart_S_Tomasso - /alma eves
[11:04:21] [19] Ryan_Brasco - /login
[11:04:27] [18] Joe_Wheeler - /tagok
[11:04:27] [19] Ryan_Brasco - /gps be
[11:04:28] [16] Damien_Creed - /skill 11
[11:04:30] [18] Joe_Wheeler - /gps be
[11:04:37] [19] Ryan_Brasco - /csere 1
[11:04:37] [20] Randy_Brasco - /login
[11:04:39] [19] Ryan_Brasco - /csere
[11:04:42] [19] Ryan_Brasco - /csere ház
[11:04:44] [19] Ryan_Brasco - /stats
[11:04:46] [20] Randy_Brasco - /gps be
[11:04:58] [19] Ryan_Brasco - /felcserél ház 1
[11:05:04] [18] Joe_Wheeler - /tagok
[11:05:06] [20] Randy_Brasco - /felcserél ház 1
[11:05:11] [20] Randy_Brasco - /csere ház 1
[11:05:13] [19] Ryan_Brasco - /csere ház 1
[11:05:13] [20] Randy_Brasco - /csere ház 1
[11:05:17] [20] Randy_Brasco - /csere elfogad
[11:05:20] [20] Randy_Brasco - /stats
[11:05:23] [18] Joe_Wheeler - /tagok
[11:05:27] [18] Joe_Wheeler - /tagok
[11:05:31] [19] Ryan_Brasco - /stats
[11:05:34] [19] Ryan_Brasco - /house ki 351
[11:05:49] [19] Ryan_Brasco - /enter
[11:05:53] [19] Ryan_Brasco - /house be 351
[11:05:57] [19] Ryan_Brasco - /fegyvereim
[11:06:00] [19] Ryan_Brasco - /lõszereim
[11:06:05] [19] Ryan_Brasco - /ruhaim
[11:06:14] [19] Ryan_Brasco - /házszéf
[11:06:24] [20] Randy_Brasco - /enter
[11:06:26] [20] Randy_Brasco - /házszéf
[11:06:27] [19] Ryan_Brasco - /ruha ki 280
[11:06:29] [20] Randy_Brasco - /kaja
[11:06:30] [19] Ryan_Brasco - /ruha ki 1
[11:06:32] [19] Ryan_Brasco - /ruha
[11:06:35] [19] Ryan_Brasco - /kivesz ruha 1
[11:06:40] [20] Randy_Brasco - /exit
[11:06:46] [19] Ryan_Brasco - /goto ran
[11:07:05] [20] Randy_Brasco - /open
[11:07:13] [16] Damien_Creed - /hack bankszámla 1
[11:07:16] [19] Ryan_Brasco - /kincs aktiv
[11:07:18] [19] Ryan_Brasco - /kincs indit
[11:07:21] [20] Randy_Brasco - /find
[11:07:22] [19] Ryan_Brasco - /kincs aktiv
[11:07:22] [20] Randy_Brasco - /adat
[11:07:25] [19] Ryan_Brasco - /kincs aktiv
[11:07:28] [19] Ryan_Brasco - /kincs go 1
[11:07:40] [19] Ryan_Brasco - /kincs
[11:07:46] [19] Ryan_Brasco - /kincs új
[11:07:50] [19] Ryan_Brasco - /kincs aktiv
[11:07:55] [19] Ryan_Brasco - /kincs indit
[11:07:57] [19] Ryan_Brasco - /kincs aktiv
[11:08:33] [16] Damien_Creed - /motor
[11:08:46] [16] Damien_Creed - /as Most mi volt ezzel a resivel, lett valami újj.?
[11:09:08] [19] Ryan_Brasco - /as Csak egy bugjavítás, mert valami nem stimmelt az adatbázissal
[11:09:36] [19] Ryan_Brasco - /kaja
[11:09:47] [19] Ryan_Brasco - /kincs lista
[11:09:50] [19] Ryan_Brasco - /kincs
[11:10:06] [16] Damien_Creed - /as Az fain :S
[11:10:31] [19] Ryan_Brasco - /kincs mutat
[11:10:40] [19] Ryan_Brasco - /flymode
[11:10:45] [16] Damien_Creed - /hack bankszámla 1
[11:10:48] [17] Bart_S_Tomasso - /b .
[11:10:48] [19] Ryan_Brasco - /flymode
[11:10:57] [19] Ryan_Brasco - /gps be
[11:11:00] [19] Ryan_Brasco - /kincs aktiv
[11:11:00] [16] Damien_Creed - /motor
[11:11:04] [19] Ryan_Brasco - /kincs indit
[11:11:07] [16] Damien_Creed - /car feltör
[11:11:10] [19] Ryan_Brasco - /kincs aktiv
[11:11:13] [19] Ryan_Brasco - /kincs
[11:11:40] [16] Damien_Creed - /as Am ha gondolod meg mappolom a Brasco birtokot
[11:11:52] [18] Randy_Brasco - /login
[11:11:53] [16] Damien_Creed - /car feltör
[11:12:06] [19] Ryan_Brasco - /as Jó lenne csak nem tudok semmilyen helyet neki:D
[11:12:08] [19] Ryan_Brasco - /kincs töröl
[11:12:19] [19] Ryan_Brasco - /helper Randy 48
[11:12:21] [19] Ryan_Brasco - /goto ra
[11:12:29] [16] Damien_Creed - /as Én tudok, nem is kell törölni csak nem egyenletes :(
[11:12:39] [16] Damien_Creed - /as Mondjuk ki tudom hozni egyenletesre, csak az idõ
[11:12:46] [16] Damien_Creed - /car feltör
[11:12:52] [19] Ryan_Brasco - /as Melyik városban?
[11:12:59] [16] Damien_Creed - /as Ugyan ott :D
[11:13:06] [16] Damien_Creed - /as Felette kicsivel
[11:13:31] [16] Damien_Creed - /car feltör
[11:13:50] [16] Damien_Creed - /as Csak jelenleg van most 2 munkám még
[11:14:02] [16] Damien_Creed - /as 3 bocsánat
[11:14:11] [16] Damien_Creed - /as Aztecas inti, yaku hq, meg birtok
[11:14:17] [16] Damien_Creed - /hack bankszámla 1
[11:14:21] [16] Damien_Creed - /ellop
[11:14:43] [16] Damien_Creed - /motor
[11:14:50] [19] Ryan_Brasco - /as ja vágom:D hátha nincs jobb dolgod akkor megköszönném majd:D 1pill
[11:14:52] [16] Damien_Creed - /vontat
[11:15:02] [16] Damien_Creed - /as Oksa
[11:17:56] [16] Damien_Creed - /as Vagy ha jó neked, akkor oda is mappolhatom ahova mutattam a Creed-et, a farm mögé
[11:18:18] [16] Damien_Creed - /as Viszonylag az is egy szép hely, egyenes is és szépen ki lehet díszíteni
[11:18:30] [16] Damien_Creed - /hack bankszámla 1
[11:19:21] [16] Damien_Creed - /ellop
[11:19:23] [16] Damien_Creed - /car lead
[11:19:28] [17] Randy_Brasco - /login
[11:19:32] [17] Randy_Brasco - /as Hali
[11:19:39] [16] Damien_Creed - /as Csáó
[11:19:46] [17] Randy_Brasco - /enter
[11:19:48] [17] Randy_Brasco - /open
[11:19:49] [17] Randy_Brasco - /enter
[11:19:50] [17] Randy_Brasco - /afk
[11:19:51] [16] Damien_Creed - /car munka 6
[11:20:07] [16] Damien_Creed - /car munka 5
[11:20:29] [16] Damien_Creed - /car munka 4
[11:20:41] [18] Denny_Toretto - /login
[11:20:42] [16] Damien_Creed - /skill 5
[11:20:47] [18] Denny_Toretto - /r Üdv
[11:20:47] [18] Denny_Toretto - /rb Csõ
[11:20:47] [18] Denny_Toretto - /szr Üdv
[11:20:47] [18] Denny_Toretto - /szrb Hello
[11:20:47] [18] Denny_Toretto - /sr Üdv
[11:20:47] [18] Denny_Toretto - /srb Hello
[11:20:47] [18] Denny_Toretto - /sss duty
[11:20:47] [18] Denny_Toretto - /gps be
[11:20:48] [18] Denny_Toretto - /nevek
[11:20:48] [18] Denny_Toretto - /snevek
[11:20:48] [18] Denny_Toretto - /harcstílus kneehead
[11:20:56] [18] Denny_Toretto - /sranks
[11:21:00] [18] Denny_Toretto - /tagpl
[11:21:02] [18] Denny_Toretto - /kaja
[11:21:03] [18] Denny_Toretto - /tagpl
[11:59:16] [0] Micheal_Dawson - /login
[11:59:27] [0] Micheal_Dawson - /gps be
[11:59:41] [17] Joe_Wheeler - /login
[11:59:46] [17] Joe_Wheeler - /tagok
[11:59:48] [18] Denny_Toretto - /login
[11:59:53] [17] Joe_Wheeler - /skill 12
[11:59:55] [18] Denny_Toretto - /r Üdv
[11:59:55] [18] Denny_Toretto - /rb Csõ
[11:59:55] [18] Denny_Toretto - /szr Üdv
[11:59:55] [18] Denny_Toretto - /szrb Hello
[11:59:56] [18] Denny_Toretto - /sr Üdv
[11:59:56] [18] Denny_Toretto - /srb Hello
[11:59:56] [18] Denny_Toretto - /sss duty
[11:59:56] [18] Denny_Toretto - /gps be
[11:59:56] [18] Denny_Toretto - /nevek
[11:59:56] [18] Denny_Toretto - /snevek
[11:59:56] [18] Denny_Toretto - /harcstílus kneehead
[11:59:56] [19] Nico_Butler - /login
[11:59:58] [18] Denny_Toretto - /tagok
[12:00:06] [18] Denny_Toretto - /kaja
[12:00:07] [17] Joe_Wheeler - /Tagok
[12:00:07] [18] Denny_Toretto - /nyit
[12:00:10] [19] Nico_Butler - /b .
[12:00:13] [19] Nico_Butler - /gps be
[12:00:13] [17] Joe_Wheeler - /Tagok
[12:00:15] [19] Nico_Butler - /tagok
[12:00:16] [18] Denny_Toretto - /enter
[12:00:16] [17] Joe_Wheeler - /RB csõ
[12:00:17] [19] Nico_Butler - /r Hey
[12:00:18] [19] Nico_Butler - /rb cs
[12:00:20] [18] Denny_Toretto - /afk
[12:00:20] [17] Joe_Wheeler - /R Hey
[12:00:22] [17] Joe_Wheeler - /tagok
[12:00:31] [17] Joe_Wheeler - /B .
[12:00:39] [17] Joe_Wheeler - /B .
[12:00:41] [17] Joe_Wheeler - /tagok
[12:00:51] [19] Nico_Butler - /r gyere 25 haz , segitsel vegyunk 2 jarmuvet
[12:00:52] [19] Nico_Butler - /enter
[12:00:53] [19] Nico_Butler - /open
[12:00:54] [19] Nico_Butler - /enter
[12:01:02] [19] Nico_Butler - /berak fegyver sniper
[12:01:04] [19] Nico_Butler - /exit
[12:01:05] [19] Nico_Butler - /open
[12:01:12] [19] Nico_Butler - /enter
[12:01:12] [17] Joe_Wheeler - /Rb mark lép ki meg egy fk tag bugoltatott és az egész fk-t büntetik ha nem mmondjuk meg ki  volt
[12:01:13] [19] Nico_Butler - /open
[12:01:14] [19] Nico_Butler - /enter
[12:01:14] [17] Joe_Wheeler - /gps be
[12:01:20] [17] Joe_Wheeler - /bicikli elovesz
[12:01:29] [19] Nico_Butler - /rb mit bugoltatott ?
[12:01:44] [19] Nico_Butler - /berak fegyver sniper
[12:01:46] [19] Nico_Butler - /berak fegyver m4
[12:01:46] [17] Joe_Wheeler - /RB waron bugolt bele  a földben nem tudom hogy kell haszánlni azt a bugot
[12:01:47] [19] Nico_Butler - /berak fegyver m4
[12:01:51] [17] Joe_Wheeler - /RB nézz forumot
[12:01:55] [0] Dolph_F_Gates - /login
[12:02:01] [19] Nico_Butler - /rb PK -nal ?
[12:02:03] [17] Joe_Wheeler - /RB tom zecchin wideozta le és föl rakta
[12:02:07] [19] Nico_Butler - /berak loszer m4 400
[12:02:10] [19] Nico_Butler - /berak loszer sniper 400
[12:02:16] [19] Nico_Butler - /exit
[12:02:17] [19] Nico_Butler - /open
[12:02:18] [17] Joe_Wheeler - /RB nem tudom az a cime egyik gsf-es
[12:02:20] [0] Dolph_F_Gates - /login
[12:02:29] [17] Joe_Wheeler - /RB hányas házz ak?
[12:02:46] [17] Joe_Wheeler - /R hányas ház Nico?
[12:03:09] [17] Joe_Wheeler - /Rb nem tudom melyik volt egy rasztás skin volt de azt vagy hármn négyen használják
[12:03:26] [0] Dolph_F_Gates - /gps be
[12:03:28] [0] Dolph_F_Gates - /adminalnevbe 1
[12:03:31] [0] Dolph_F_Gates - /kincs mutat
[12:03:44] [0] Dolph_F_Gates - /kincs uj
[12:03:48] [0] Dolph_F_Gates - /veh infernus
[12:03:53] [17] Joe_Wheeler - /gps haz 25
[12:04:31] [17] Joe_Wheeler - /me beveri a fejét
[12:04:52] [17] Joe_Wheeler - /bicikli elrak
[12:04:59] [17] Joe_Wheeler - /enter
[12:05:00] [0] Dolph_F_Gates - /poz
[12:05:03] [17] Joe_Wheeler - /gps töröl
[12:05:05] [17] Joe_Wheeler - /tagok
[12:05:15] [0] Dolph_F_Gates - /kincs uj
[12:05:26] [0] Dolph_F_Gates - /kincs uj
[12:05:43] [0] Dolph_F_Gates - /kincs uj
[12:05:48] [19] Ryan_Brasco - /login
[12:05:54] [19] Ryan_Brasco - /gps be
[12:06:00] [19] Ryan_Brasco - /a he fbre nézz rá
[12:06:01] [17] Joe_Wheeler - /tagok
[12:06:05] [0] Dolph_F_Gates - /a nézem
[12:06:26] [19] Ryan_Brasco - /enter
[12:06:29] [19] Ryan_Brasco - /house be 80
[12:06:33] [17] Joe_Wheeler - /tagok
[12:06:33] [19] Ryan_Brasco - /house ki 80
[12:06:50] [18] Mikhail_Bratislav - /login
[12:06:55] [18] Mikhail_Bratislav - /gps be
[12:07:05] [18] Mikhail_Bratislav - /report join 3
[12:07:17] [18] Mikhail_Bratislav - /ü Köszönöm a segítséget, kitöltöttem a tesztet de még mindig floodolja :S
[12:07:27] [0] Dolph_F_Gates - /vá 18 /chekszint
[12:07:31] [18] Mikhail_Bratislav - /chekszint
[12:07:43] [18] Mikhail_Bratislav - /chekszint
[12:07:44] [17] Joe_Wheeler - /tagok
[12:07:46] [18] Mikhail_Bratislav - /szintlépés
[12:07:48] [17] Joe_Wheeler - /b .
[12:07:51] [18] Mikhail_Bratislav - /checkszint
[12:07:52] [17] Joe_Wheeler - /kaja
[12:07:54] [17] Joe_Wheeler - /tagok
[12:07:58] [17] Joe_Wheeler - /tagok
[12:07:59] [18] Mikhail_Bratislav - /report join 3
[12:08:02] [0] Dolph_F_Gates - /kincs uj
[12:08:08] [18] Mikhail_Bratislav - /ü Utoljára is köszönöm jó játékot hali :)
[12:08:19] [18] Mikhail_Bratislav - /exit
[12:08:24] [0] Dolph_F_Gates - /kincs uj
[12:08:31] [20] Nico_Butler - /login
[12:08:31] [18] Mikhail_Bratislav - /togphone
[12:08:32] [17] Joe_Wheeler - /tagok
[12:08:35] [18] Mikhail_Bratislav - /laptopom power
[12:08:36] [20] Nico_Butler - /gps be
[12:08:40] [17] Joe_Wheeler - /tagok
[12:08:44] [20] Nico_Butler - /r 83 haz
[12:08:47] [20] Nico_Butler - /nevek
[12:08:48] [18] Mikhail_Bratislav - /laptopom power
[12:08:52] [17] Joe_Wheeler - /nevek
[12:08:55] [20] Nico_Butler - /b szerinted ki bugoltatta
[12:08:55] [17] Joe_Wheeler - /tagok
[12:08:59] [20] Nico_Butler - /b ?
[12:09:02] [18] Mikhail_Bratislav - /bicikli elõvesz
[12:09:07] [0] Dolph_F_Gates - /kincs uj
[12:09:07] [17] Joe_Wheeler - /B akinek rasztás skinje van
[12:09:12] [17] Joe_Wheeler - /B carlos
[12:09:15] [17] Joe_Wheeler - /B spike
[12:09:20] [20] Nico_Butler - /rb en is ot mondtam :)
[12:09:20] [0] Dolph_F_Gates - /kincs uj
[12:09:21] [17] Joe_Wheeler - /B kazuya
[12:09:26] [17] Joe_Wheeler - /B kit?
[12:09:28] [0] Dolph_F_Gates - /kincs uj
[12:09:30] [17] Joe_Wheeler - /B sztem carlos volt
[12:09:32] [20] Nico_Butler - /b carlos volt az elso
[12:09:36] [0] Dolph_F_Gates - /kincs uj
[12:09:39] [17] Joe_Wheeler - /B de nem tudom pontosan
[12:09:45] [17] Joe_Wheeler - /RB te
[12:09:45] [18] Mikhail_Bratislav - /bsz
[12:09:46] [20] Nico_Butler - /s gyere
[12:09:49] [18] Mikhail_Bratislav - /bsz
[12:09:50] [20] Nico_Butler - /rb ?
[12:09:52] [17] Joe_Wheeler - /rb mark hagyja abba
[12:09:59] [20] Nico_Butler - /fk lista
[12:10:07] [0] Dolph_F_Gates - /login
[12:10:10] [17] Joe_Wheeler - /tagok
[12:10:12] [0] Dolph_F_Gates - /removecar
[12:10:13] [0] Dolph_F_Gates - /tele
[12:10:17] [17] Joe_Wheeler - /tagopk
[12:10:19] [17] Joe_Wheeler - /tagok
[12:10:21] [0] Dolph_F_Gates - /veh infernus
[12:10:25] [20] Nico_Butler - /b carlos szerintem ..
[12:10:29] [17] Joe_Wheeler - /B nem kéne kapjunk az öszesen büntetést
[12:10:31] [17] Joe_Wheeler - /tagok
[12:10:36] [0] Dolph_F_Gates - /kincs uj
[12:10:37] [17] Joe_Wheeler - /B valamit kell csináljunk
[12:10:37] [20] Nico_Butler - /b Carlos az ..
[12:10:39] [0] Dolph_F_Gates - /gps be
[12:10:39] [17] Joe_Wheeler - /tagok
[12:10:41] [0] Dolph_F_Gates - /kincs mutat
[12:10:46] [17] Joe_Wheeler - /B mikor volt az?
[12:10:51] [17] Joe_Wheeler - /B a wr
[12:10:53] [20] Nico_Butler - /b tegnap
[12:11:05] [17] Joe_Wheeler - /B asszem ö volt
[12:11:06] [0] Dolph_F_Gates - /kincs uj
[12:11:11] [17] Joe_Wheeler - /B nekem is van itt házam
[12:11:14] [17] Joe_Wheeler - /B vagos basen
[12:11:18] [17] Joe_Wheeler - /me megüti magát
[12:11:18] [20] Nico_Butler - /b :D
[12:11:22] [20] Nico_Butler - /me beverte a fejet
[12:11:23] [17] Joe_Wheeler - /tagok
[12:11:27] [0] Dolph_F_Gates - /kincs uj
[12:11:32] [20] Nico_Butler - /motor
[12:11:36] [20] Nico_Butler - /b na pill
[12:11:43] [0] Dolph_F_Gates - /kincs uj
[12:11:46] [17] Joe_Wheeler - /tagok
[12:12:07] [18] Mikhail_Bratislav - /togphone
[12:12:08] [18] Mikhail_Bratislav - /ad
[12:12:16] [18] Mikhail_Bratislav - /ad illegális M4 eladó 200darab lõszerrel
[12:12:16] [17] Joe_Wheeler - /tagok
[12:12:17] [0] Dolph_F_Gates - /kincs uj
[12:12:25] [17] Joe_Wheeler - /tagok
[12:12:29] [17] Joe_Wheeler - /tagok
[12:12:34] [17] Joe_Wheeler - /chat
[12:12:39] [0] Dolph_F_Gates - /kivanitt
[12:12:43] [0] Dolph_F_Gates - /vr 3
[12:12:54] [17] Joe_Wheeler - /tagok
[12:12:58] [20] Nico_Butler - /fk vesz
[12:13:02] [20] Nico_Butler - /fk vesz 576
[12:13:03] [17] Joe_Wheeler - /B ki lesz a leader?
[12:13:09] [17] Joe_Wheeler - /B mark helyett?
[12:13:13] [18] Mikhail_Bratislav - /togphone
[12:13:15] [20] Nico_Butler - /b meg nem tudom
[12:13:22] [20] Nico_Butler - /motor
[12:13:26] [19] Ryan_Brasco - /a meghalok
[12:13:32] [19] Ryan_Brasco - /a nézz rá ts fórumra
[12:13:33] [20] Nico_Butler - /fk vesz 576
[12:13:34] [0] Dolph_F_Gates - /a tényleg
[12:13:37] [0] Dolph_F_Gates - /a most fel jöttem
[12:13:40] [0] Dolph_F_Gates - /a és 150 hp
[12:13:50] [19] Ryan_Brasco - /a Mit szeretnél? "moderátort vagy ts scriptert"
[12:13:56] [0] Dolph_F_Gates - /a hol ?
[12:13:58] [17] Joe_Wheeler - /tagok
[12:13:58] [19] Ryan_Brasco - /a az ikonos teamspeak forumon ilyst nyitott XDDXD
[12:14:10] [19] Ryan_Brasco - /a David Sorrentino nézd meg
[12:14:30] [19] Ryan_Brasco - /a most írtam hozzá
[12:14:36] [17] Joe_Wheeler - /Rb laggolsz xD
[12:14:37] [20] Nico_Butler - /fk szin 86 86
[12:14:40] [18] Mikhail_Bratislav - /bicikli elrak
[12:14:40] [0] Dolph_F_Gates - /a .. XD
[12:14:45] [18] Mikhail_Bratislav - /átnéz jármû
[12:14:50] [18] Mikhail_Bratislav - /átnéz jármû
[12:14:55] [18] Mikhail_Bratislav - /átnéz jármû
[12:14:58] [20] Nico_Butler - /fk szin 86 86
[12:15:00] [18] Mikhail_Bratislav - /átnéz jármû
[12:15:00] [0] Dolph_F_Gates - /kincs uj
[12:15:06] [18] Mikhail_Bratislav - /átnéz jármû
[12:15:11] [18] Mikhail_Bratislav - /átnéz jármû
[12:15:19] [0] Dolph_F_Gates - /kincs uj
[12:15:20] [18] Mikhail_Bratislav - /zsebem
[12:15:25] [0] Dolph_F_Gates - /a szerinted bérlõkbõl kivegyük az infernust ?
[12:15:41] [20] Nico_Butler - /motor
[12:15:44] [20] Nico_Butler - /fk park
[12:15:46] [20] Nico_Butler - /fk zar
[12:15:48] [17] Joe_Wheeler - /motor
[12:15:49] [20] Nico_Butler - /aim 1
[12:15:54] [17] Joe_Wheeler - /tagok
[12:16:05] [20] Nico_Butler - /motor
[12:16:06] [18] Mikhail_Bratislav - /walk 3
[12:16:07] [20] Nico_Butler - /fk park
[12:16:11] [20] Nico_Butler - /fk zr
[12:16:13] [20] Nico_Butler - /fk zar
[12:16:16] [20] Nico_Butler - /fk rang 0
[12:16:20] [0] Dolph_F_Gates - /kincs uj
[12:16:24] [20] Nico_Butler - /fk rang 0
[12:16:37] [17] Joe_Wheeler - /alma eves
[12:16:40] [20] Nico_Butler - /kaja
[12:16:41] [17] Joe_Wheeler - /tagok
[12:16:45] [17] Joe_Wheeler - /pee
[12:16:46] [20] Nico_Butler - /b szerintem carlos volt
[23:03:58] [0] Thomas_Berzerk - /login
[23:03:59] [1] Zsori_Sandor - /login
[23:04:01] [19] Bart_S_Tomasso - /login
[23:04:06] [19] Bart_S_Tomasso - /gps be
[23:04:07] [1] Zsori_Sandor - /gps be
[23:04:09] [2] Daryl_Aciano - /login
[23:04:14] [0] Thomas_Berzerk - /gps be
[23:04:31] [1] Zsori_Sandor - /átnéz jármû
[23:04:32] [2] Daryl_Aciano - /nyit
[23:04:36] [2] Daryl_Aciano - /zár
[23:04:40] [19] Bart_S_Tomasso - /b .
[23:04:44] [1] Zsori_Sandor - /motor
[23:04:53] [1] Zsori_Sandor - /alma szedés kocsi
[23:04:56] [20] Mateusz_M_Walker - /login
[23:04:59] [20] Mateusz_M_Walker - /gps be
[23:05:00] [20] Mateusz_M_Walker - /nevek
[23:05:03] [21] Mike_O_Neill - /login
[23:07:21] [20] Mike_O_Neill - /login
[23:07:27] [20] Mike_O_Neill - /adminalnevbe 1
[23:07:32] [21] Keny_Eastwood - /login
[23:07:37] [20] Mike_O_Neill - /abiz go 12
[23:07:45] [21] Keny_Eastwood - /onduty
[23:07:48] [1] Gerald_Stephen - /login
[23:07:50] [20] Mike_O_Neill - /tele
[23:07:58] [21] Keny_Eastwood - /a admin szolin kívül ?
[23:07:59] [20] Mike_O_Neill - /oldcar
[23:08:00] [22] Zsori_Sandor - /login
[23:08:14] [20] Mike_O_Neill - /a FA szabályzat :)
[23:08:14] [23] Thomas_Berzerk - /login
[23:08:15] [21] Keny_Eastwood - /house ki 76
[23:08:19] [20] Mike_O_Neill - /a Nem voltam RP szituban
[23:08:20] [1] Gerald_Stephen - /kaja
[23:08:20] [22] Georg_B_Hollywood - /login
[23:08:25] [23] Thomas_Berzerk - /gps be
[23:08:27] [21] Keny_Eastwood - /a nem érdekel amúgy :D
[23:08:33] [23] Thomas_Berzerk - /széf megnéz
[23:08:33] [22] Georg_B_Hollywood - /gps be
[23:08:40] [22] Georg_B_Hollywood - /fe  m4
[23:08:42] [20] Mike_O_Neill - /a Meg csak megnéztem O'Neill birtokon ott van-e a bugos fa :D
[23:08:43] [1] Gerald_Stephen - /pm 21 Kiszedsz a korházból kérlek, most kerültem ide resi útán
[23:08:45] [22] Georg_B_Hollywood - /f e mp5
[23:08:47] [20] Mike_O_Neill - /a De végre kivette Marci
[23:08:54] [20] Mike_O_Neill - /fk lista
[23:08:55] [21] Keny_Eastwood - /a most volt resi talán
[23:08:58] [1] Gerald_Stephen - /exit
[23:09:03] [2] Mateusz_M_Walker - /login
[23:09:05] [20] Mike_O_Neill - /stats
[23:09:11] [2] Mateusz_M_Walker - /b ingyenjavítás forever! :D
[23:09:11] [20] Mike_O_Neill - /gotocar 920
[23:09:15] [21] Keny_Eastwood - /jail 1 kórház 0 resi 
[23:09:19] [2] Mateusz_M_Walker - /gps be
[23:09:20] [21] Keny_Eastwood - /a ?
[23:09:20] [2] Mateusz_M_Walker - /nevek
[23:09:20] [3] Amos_Toretto - /gps be
[23:09:21] [2] Mateusz_M_Walker - /enter
[23:09:25] [2] Mateusz_M_Walker - /önkéntesduty
[23:09:26] [2] Mateusz_M_Walker - /exit
[23:09:27] [1] Gerald_Stephen - /exit
[23:09:27] [23] Thomas_Berzerk - /pm 21 milyen bugok lettek javítva?
[23:09:28] [3] Amos_Toretto - /login
[23:09:36] [20] Mike_O_Neill - /exit
[23:09:37] [3] Amos_Toretto - /gps be
[23:09:38] [21] Keny_Eastwood - /vá 23 nem tudom majd lesz fórum nyitva
[23:10:02] [3] Amos_Toretto - /onduty
[23:10:04] [2] Mateusz_M_Walker - /motor
[23:10:13] [3] Amos_Toretto - /tele
[23:10:15] [2] Mateusz_M_Walker - /öv
[23:10:16] [23] Thomas_Berzerk - /pm 3 mikor lesz karaoke? :)
[23:10:25] [1] Zsori_Sandor - /login
[23:10:46] [24] Bart_S_Tomasso - /login
[23:10:48] [1] Zsori_Sandor - /gps be
[23:10:49] [24] Bart_S_Tomasso - /gps be
[23:10:50] [20] Mike_O_Neill - /taxi duty
[23:10:55] [2] Mateusz_M_Walker - /motor
[23:10:56] [20] Mike_O_Neill - /gps be
[23:10:59] [2] Mateusz_M_Walker - /fk zar
[23:11:00] [2] Mateusz_M_Walker - /fk
[23:11:01] [21] Keny_Eastwood - /kapu
[23:11:04] [20] Mike_O_Neill - /kaja
[23:11:11] [3] Amos_Toretto - /pm 23 fogalmam sincs, majd Nagatoval összehozzuk valamikorra, jelenleg nincs hangom
[23:11:13] [22] Georg_B_Hollywood - /f e mp5
[23:11:14] [24] Bart_S_Tomasso - /hide
[23:11:20] [1] Zsori_Sandor - /átnéz jármû
[23:11:22] [22] Georg_B_Hollywood - /laptopom find
[23:11:23] [24] Bart_S_Tomasso - /hide
[23:11:29] [22] Georg_B_Hollywood - /laptopom find 24
[23:11:30] [3] Amos_Toretto - /kaja
[23:11:31] [23] Thomas_Berzerk - /pm 3 ohh értem, köszönöm, szép estét :)
[23:11:34] [1] Zsori_Sandor - /alma szedés kocsi
[23:11:35] [24] Bart_S_Tomasso - /hide
[23:11:46] [24] Bart_S_Tomasso - /togphone
[23:11:49] [2] Mateusz_M_Walker - /skill
[23:11:50] [2] Mateusz_M_Walker - /skill 13
[23:11:53] [3] Amos_Toretto - /pm viszont és nincs mit
[23:11:55] [1] Zsori_Sandor - /kcs cst
[23:12:00] [3] Amos_Toretto - /pm 23 viszont és nincs mit
[23:12:01] [22] Georg_B_Hollywood - /motor
[23:12:06] [1] Zsori_Sandor - /kaja
[23:12:09] [1] Zsori_Sandor - /alma evés
[23:12:10] [1] Zsori_Sandor - /pee
[23:12:14] [21] Keny_Eastwood - /nyit
[23:12:17] [22] Georg_B_Hollywood - /open
[23:12:19] [22] Georg_B_Hollywood - /f e mp5
[23:12:19] [24] Bart_S_Tomasso - /exit
[23:12:27] [2] Mateusz_M_Walker - /skill 6
[23:12:28] [21] Keny_Eastwood - /kapu
[23:12:42] [2] Mateusz_M_Walker - /skill 11
[23:12:46] [2] Mateusz_M_Walker - /skill 1
[23:12:48] [2] Mateusz_M_Walker - /skill 2
[23:12:53] [22] Georg_B_Hollywood - /tie 24
[23:12:54] [24] Bart_S_Tomasso - /jelveny
[23:12:54] [21] Keny_Eastwood - /kapu
[23:12:59] [22] Georg_B_Hollywood - /me belenyula zsebébe
[23:13:03] [21] Keny_Eastwood - /kapu
[23:13:04] [22] Georg_B_Hollywood - /me megtalálja a jelvényét
[23:13:09] [22] Georg_B_Hollywood - /do F.B.I
[23:13:17] [20] Mike_O_Neill - /me elõveszi a távirányítóját s megnyomja a 'NYIT' gombot.
[23:13:17] [20] Mike_O_Neill - /do A kapu kinyílik.
[23:13:17] [20] Mike_O_Neill - /nyit
[23:13:21] [21] Keny_Eastwood - /nyit
[23:13:26] [20] Mike_O_Neill - /me elõveszi a távirányítóját s megnyomja a 'ZÁR' gombot.
[23:13:26] [20] Mike_O_Neill - /do A kapu bezárul.
[23:13:26] [20] Mike_O_Neill - /zar
[23:13:28] [0] Darius_D_Cruz - /Login
[23:13:29] [2] Mateusz_M_Walker - /mentõsök
[23:13:30] [21] Keny_Eastwood - /kapu
[23:13:31] [2] Mateusz_M_Walker - /mentõs
[23:13:32] [2] Mateusz_M_Walker - /help
[23:13:32] [3] Amos_Toretto - /tele
[23:13:33] [2] Mateusz_M_Walker - /help munka
[23:13:39] [0] Darius_D_Cruz - /gps be
[23:13:39] [0] Darius_D_Cruz - /nevek
[23:13:39] [0] Darius_D_Cruz - /harcstílus elbow
[23:13:39] [0] Darius_D_Cruz - /r Üdv
[23:13:39] [0] Darius_D_Cruz - /rb Hali 
[23:13:41] [2] Mateusz_M_Walker - /rb wb
[23:13:43] [0] Darius_D_Cruz - /tagok
[23:13:53] [22] Georg_B_Hollywood - /elvesz radió
[23:13:59] [21] Keny_Eastwood - /kapu
[23:14:01] [22] Georg_B_Hollywood - /me fejéhez tartja a deaglet
[23:14:04] [3] Amos_Toretto - /nyit
[23:14:09] [3] Amos_Toretto - /zar
[23:14:12] [21] Keny_Eastwood - /kapu
[23:14:21] [21] Keny_Eastwood - /nyit
[23:14:26] [21] Keny_Eastwood - /kapu
[23:14:29] [24] Bart_S_Tomasso - /megpróbálja kétségbeesésében rájönni a bázis helyére
[23:14:33] [24] Bart_S_Tomasso - /me vakarja a fejét
[23:14:34] [21] Keny_Eastwood - /kapu
[23:14:45] [21] Keny_Eastwood - /kapu
[23:14:50] [3] Amos_Toretto - /objectinfo
[23:14:55] [21] Keny_Eastwood - /kapu töröl
[23:14:57] [21] Keny_Eastwood - /kapu
[23:14:57] [3] Amos_Toretto - /objectinfo 0
[23:15:03] [21] Keny_Eastwood - /kapu
[23:15:19] [20] Mike_O_Neill - /motor
[23:15:21] [21] Keny_Eastwood - /gethere 3
[23:15:27] [2] Mateusz_M_Walker - /b Ingyen javítás forever :P
[23:15:28] [3] Amos_Toretto - /b ?
[23:15:35] [3] Amos_Toretto - /kapu
[23:15:45] [3] Amos_Toretto - /kapu
[23:15:58] [3] Amos_Toretto - /kapu
[23:16:13] [3] Amos_Toretto - /b debugolni kell ilyenkor
[23:16:39] [3] Amos_Toretto - /b elméletileg igen
[23:16:41] [22] Georg_B_Hollywood - /me belelõ egyet a lábába
[23:16:43] [22] Georg_B_Hollywood - /do Durr
[23:16:45] [0] Emma_Stone - /login
[23:16:50] [24] Bart_S_Tomasso - /me sír
[23:16:53] [23] Darius_D_Cruz - /login
[23:16:54] [2] Mateusz_M_Walker - /b meep meep meep
[23:16:55] [21] Keny_Eastwood - /aim
[23:17:01] [21] Keny_Eastwood - /aim 1
[23:17:05] [3] Amos_Toretto - /objectr
[23:17:05] [23] Darius_D_Cruz - /gps be
[23:17:05] [23] Darius_D_Cruz - /nevek
[23:17:05] [23] Darius_D_Cruz - /harcstílus elbow
[23:17:05] [23] Darius_D_Cruz - /r Üdv
[23:17:05] [23] Darius_D_Cruz - /rb Hali 
[23:17:05] [21] Keny_Eastwood - /object
[23:17:07] [3] Amos_Toretto - /object
[23:17:08] [2] Mateusz_M_Walker - /rb wb
[23:17:10] [22] Georg_B_Hollywood - /tagok
[23:17:10] [24] Bart_S_Tomasso - /me kikészült idegileg
[23:17:11] [3] Amos_Toretto - /object töröl
[23:17:12] [23] Darius_D_Cruz - /hack bankszámla 0
[23:17:12] [2] Mateusz_M_Walker - /fk ablak
[23:17:14] [0] Emma_Stone - /gps be
[23:17:14] [0] Emma_Stone - /szemüveg felvesz
[23:17:16] [2] Mateusz_M_Walker - /kcs
[23:17:19] [23] Darius_D_Cruz - /stats
[23:17:22] [2] Mateusz_M_Walker - /kcs nn be
[23:17:23] [3] Amos_Toretto - /object töröl objecttorles
[23:17:27] [2] Mateusz_M_Walker - /kcs ak
[23:17:29] [22] Georg_B_Hollywood - /me a fejéhez tartja a fegyvert
[23:17:34] [2] Mateusz_M_Walker - /b Ilyenkor jobban terjed az OOC? xD
[23:17:36] [24] Bart_S_Tomasso - /me könnyes szemmel kérleli
[23:17:37] [21] Keny_Eastwood - /object közel
[23:17:39] [0] Emma_Stone - /hack bankszámla 22
[23:17:40] [3] Amos_Toretto - /object mod
[23:17:41] [23] Darius_D_Cruz - /utasszállítás befejezés
[23:17:41] [23] Darius_D_Cruz - /motor
[23:17:41] [23] Darius_D_Cruz - /utasszállítás kezdés
[23:17:43] [22] Georg_B_Hollywood - /me leszarja
[23:17:44] [21] Keny_Eastwood - /gps töröl
[23:17:45] [0] Emma_Stone - /üzemanyag megrendelések
[23:17:47] [21] Keny_Eastwood - /gps be
[23:17:57] [22] Georg_B_Hollywood - /pm 3 hol van a fbi hq?
[23:18:04] [3] Amos_Toretto - /object üres
[23:18:09] [2] Mateusz_M_Walker - /me kirakja a kezét az ajtóra szellõzni
[23:18:30] [3] Amos_Toretto - /b hát én ezt most nem tudom törölni, amúgy igen
[23:18:43] [24] Bart_S_Tomasso - /me nyöszörög
[23:18:43] [20] Mike_O_Neill - /alvas
[23:18:44] [3] Amos_Toretto - /b akkor csak úgy, megcsináljam?
[23:18:47] [3] Amos_Toretto - /b tudok
[23:18:48] [0] Emma_Stone - /üzemanyag megrendelések
[23:18:52] [0] Emma_Stone - /hack bankszámla 22
[23:18:52] [20] Mike_O_Neill - /me hátradönti az ülést
[23:18:53] [23] Darius_D_Cruz - /öv
[23:19:03] [23] Darius_D_Cruz - /kaja
[23:19:04] [20] Mike_O_Neill - /me felcsavarja a fûtést
[23:19:06] [21] Keny_Eastwood - /aim 1
[23:19:17] [20] Mike_O_Neill - /me becsukja a szemét
[23:19:23] [3] Amos_Toretto - /pm 22 nagy irodaház Glen park közelében
[23:19:30] [3] Amos_Toretto - /b okés
[23:19:44] [22] Georg_B_Hollywood - /pm 3 oké köszi
[23:19:45] [3] Amos_Toretto - /pm 22 de ic is meg kellene tudnod
[23:19:56] [22] Georg_B_Hollywood - /pm 3 de nemmondja el bart
[23:19:58] [1] Zsori_Sandor - /animlist
[23:20:04] [1] Zsori_Sandor - /crack
[23:20:07] [3] Amos_Toretto - /b házat tudok ig
[23:20:08] [0] Emma_Stone - /hack bankszámla
[23:20:09] [1] Zsori_Sandor - /aim
[23:20:11] [1] Zsori_Sandor - /aim 1
[23:20:16] [2] Mateusz_M_Walker - /me megszellõztette a kezét és a vezérállást
[23:20:17] [3] Amos_Toretto - /b csak kell az id
[23:20:18] [1] Zsori_Sandor - /gkick
[23:20:19] [2] Mateusz_M_Walker - /kcs ak
[23:20:19] [21] Keny_Eastwood - /aim 1
[23:20:23] [1] Zsori_Sandor - /knife
[23:20:26] [1] Zsori_Sandor - /knife 2
[23:20:26] [0] Emma_Stone - /car feltör
[23:20:28] [1] Zsori_Sandor - /knife 2
[23:20:32] [3] Amos_Toretto - /b okés
[23:20:36] [1] Zsori_Sandor - /elbow
[23:20:39] [1] Zsori_Sandor - /elbow
[23:20:46] [3] Amos_Toretto - /b de aszem nincsen remove hely
[23:20:46] [21] Keny_Eastwood - /aim 1 
[23:20:47] [2] Mateusz_M_Walker - /hõmérõ
[23:20:49] [23] Darius_D_Cruz - /hack bankszámla 0
[23:20:50] [2] Mateusz_M_Walker - /clock
[23:20:50] [0] Emma_Stone - /hack riaszto 0 0
[23:20:52] [2] Mateusz_M_Walker - /watch
[23:20:55] [23] Darius_D_Cruz - /rb Kocka :D
[23:20:55] [2] Mateusz_M_Walker - /watch
[23:20:57] [2] Mateusz_M_Walker - /rb shh
[23:20:59] [3] Amos_Toretto - /b majd többieket megkérdezem
[23:21:05] [2] Mateusz_M_Walker - /rb bagoly mondja verébnek, hogy ... nagyfejû
[23:21:07] [22] Georg_B_Hollywood - /me kiveszi a zsebéböl a távirányítót
[23:21:07] [2] Mateusz_M_Walker - /rb amúgy meg
[23:21:09] [23] Darius_D_Cruz - /rb Aludjá :D
[23:21:10] [22] Georg_B_Hollywood - /me kinyitja
[23:21:12] [0] Emma_Stone - /hack riaszto 0 1
[23:21:14] [2] Mateusz_M_Walker - /rb Ich versteh nur Bahnhof
[23:21:17] [25] Jefferson_B_Black - /login
[23:21:21] [23] Darius_D_Cruz - /utasszállítás befejezés
[23:21:21] [23] Darius_D_Cruz - /motor
[23:21:25] [3] Amos_Toretto - /b jah, a szerver nem bír el több törlést, de megnézem mibõl lehet nyerni
[23:21:26] [23] Darius_D_Cruz - /rb Most magyarul :'D
[23:21:30] [2] Mateusz_M_Walker - /rb Szó szerint? :D
[23:21:34] [0] Emma_Stone - /hack riaszto 1 1
[23:21:37] [23] Darius_D_Cruz - /rb aha :D
[23:21:39] [3] Amos_Toretto - /b ki lehet jah
[23:21:42] [2] Mateusz_M_Walker - /rb Csak vasútállomást értek :D
[23:21:44] [22] Georg_B_Hollywood - /megpróbál elvenni a távirányítót
[23:21:45] [25] Jefferson_B_Black - /exit
[23:21:46] [25] Jefferson_B_Black - /exit
[23:21:48] [25] Jefferson_B_Black - /int
[23:21:48] [3] Amos_Toretto - /b próbáltam már
[23:21:50] [23] Darius_D_Cruz - /rb xD
[23:21:56] [23] Darius_D_Cruz - /rb Mikor?:D
[23:21:57] [2] Mateusz_M_Walker - /rb Azaz, hogy "nem tudom mirõl beszélsz" xD
[23:21:57] [23] Darius_D_Cruz - /utasszállítás kezdés
[23:21:58] [21] Keny_Eastwood - /gps töröl
[23:21:58] [22] Georg_B_Hollywood - /motor
[23:21:58] [2] Mateusz_M_Walker - /rb Most
[23:21:59] [0] Emma_Stone - /hack riaszto 1 0
[23:22:00] [23] Darius_D_Cruz - /utasszállítás kezdés
[23:22:01] [25] Jefferson_B_Black - /poz
[23:22:01] [22] Georg_B_Hollywood - /kiszed
[23:22:02] [23] Darius_D_Cruz - /motor
[23:22:03] [22] Georg_B_Hollywood - /fe mp5
[23:22:04] [23] Darius_D_Cruz - /rb Minek?:D
[23:22:05] [0] Emma_Stone - /ellop
[23:22:06] [22] Georg_B_Hollywood - /f e mp5
[23:22:07] [2] Mateusz_M_Walker - /rb mert
[23:22:08] [23] Darius_D_Cruz - /rb Hova?:D
[23:22:08] [2] Mateusz_M_Walker - /tagok
[23:22:10] [2] Mateusz_M_Walker - /rb el
[23:22:11] [23] Darius_D_Cruz - /rb Hogyhogy?:D
[23:22:15] [2] Mateusz_M_Walker - /rb lassan amúgy megyek
[23:22:15] [0] Emma_Stone - /ellop
[23:22:15] [23] Darius_D_Cruz - /rb Kivel?:D
[23:22:18] [0] Emma_Stone - /szájkendõ
[23:22:22] [22] Georg_B_Hollywood - /visz
[23:22:23] [0] Emma_Stone - /szájkendõ
[23:22:24] [0] Emma_Stone - /szájkendõ
[23:22:24] [2] Mateusz_M_Walker - /rb NINCSKEDVEMBEMENNIHOLNAPHLEP.
[23:22:25] [23] Darius_D_Cruz - /rb Mikor?:D
[23:22:26] [0] Emma_Stone - /ellop
[23:22:27] [2] Mateusz_M_Walker - /rb :v
[23:22:29] [21] Keny_Eastwood - /pee
[23:22:31] [3] Amos_Toretto - /b remélhetõleg összejön
[23:22:32] [23] Darius_D_Cruz - /rb Hogyan?:D
[23:22:43] [25] Jefferson_B_Black - /pm 3 nemtudok kimenni a kórházból, nincs itt a teleport.
[23:22:45] [2] Mateusz_M_Walker - /rb randa randa és unalmas gyakszik/elõadás sorozat :/
[23:22:50] [21] Keny_Eastwood - /enter
[23:22:54] [23] Darius_D_Cruz - /rb Munka :/
[23:22:57] [21] Keny_Eastwood - /house be 76
[23:23:02] [2] Mateusz_M_Walker - /rb inkább szeretnéd a melódat :d
[23:23:04] [22] Georg_B_Hollywood - /me kiveszi a zsebébõl a távirányítót és kinyitja a kaput
[23:23:12] [2] Mateusz_M_Walker - /rb lusta disznó :d
[23:23:16] [23] Darius_D_Cruz - /rb a Fõleg h dagasztó vagyok 
[23:23:26] [2] Mateusz_M_Walker - /rb pékség?
[23:23:30] [23] Darius_D_Cruz - /rb 4 kor kelek 5 re menjek be 6 ra dagasszak be
[23:23:33] [23] Darius_D_Cruz - /rb jah
[23:23:39] [2] Mateusz_M_Walker - /rb 7re kenyér.
[23:23:49] [23] Darius_D_Cruz - /rb Fél8 ra :D
[23:23:54] [2] Mateusz_M_Walker - /rb akkor fél 8
[23:24:07] [2] Mateusz_M_Walker - /rb jó, most három nap múlva azzal a kenyérrel meg ölni lehet
[23:24:08] [23] Darius_D_Cruz - /hack bankszámla 0
[23:24:08] [2] Mateusz_M_Walker - /rb mert szar
[23:24:19] [22] Georg_B_Hollywood - /megpróbál megtalálni a kapu kulcsot
[23:24:23] [2] Mateusz_M_Walker - /rb vagy jól dagasztasz? :D
[23:24:35] [25] Jefferson_B_Black - /korhaz
[23:24:37] [2] Mateusz_M_Walker - /rb a normális kenyér el kellene hogy álljon hetekig
[23:24:37] [23] Darius_D_Cruz - /rb Sokmindenem múlik nemcsak a dagasztások :)
[23:24:38] [24] Bart_S_Tomasso - /me sírdogál
[23:24:40] [22] Georg_B_Hollywood - /f e deagle
[23:24:42] [22] Georg_B_Hollywood - /let
