[00:29:29] Ryan_Brasco bezárta George_B_Hollywood-t (AJ) Idõ: 0p - Oka: Ryan_Brasco által - Oka: Crash
[01:15:24] Marcell_O_Neill készpénzt adott neki: Marcell_O_Neill - Összeg: 500Ft - Régi: 0 - Új: 500
[01:16:24] Marcell_O_Neill készpénzt adott neki: Marcell_O_Neill - Összeg: 5000Ft - Régi: 500 - Új: 5500
[01:33:35] << Marcell_O_Neill lefoglalt egy jármûvet! Rendszám: 1058 / Model: NRG500 >>
[01:47:44] << Marcell_O_Neill lefoglalt egy jármûvet! Rendszám: 122 / Model: Esperanto >>
[03:39:12] << Krisztofer_Vincenzo lefoglalt egy jármûvet! Rendszám: 82 / Model: Sultan >>
[03:40:09] << Krisztofer_Vincenzo lefoglalt egy jármûvet! Rendszám: 82 / Model: Sultan >>
[03:42:19] << Krisztofer_Vincenzo lefoglalt egy jármûvet! Rendszám: 82 / Model: Sultan >>
[04:49:01] Amos_Toretto bezárta Henrik_T_Scaletta-t (AJ3) Idõ: 5p - Oka: Amos_Toretto által - Oka: írogassál
[04:50:05] Krisztofer_Vincenzo bezárta Henrik_T_Scaletta-t (AJ3) Idõ: 0p - Oka: Krisztofer_Vincenzo által - Oka: Ne írj keress objectet!
[05:17:05] << Krisztofer_Vincenzo lefoglalt egy jármûvet! Rendszám: 176 / Model: Hydra >>
[05:23:37] << Ryan_Brasco lefoglalt egy jármûvet! Rendszám: 176 / Model: Hydra >>
[05:29:24] << Ryan_Brasco lefoglalt egy jármûvet! Rendszám: 178 / Model: Hunter >>
[05:29:53] << Ryan_Brasco lefoglalt egy jármûvet! Rendszám: 178 / Model: Hunter >>
[05:31:26] << Ryan_Brasco lefoglalt egy jármûvet! Rendszám: 176 / Model: Hydra >>
[05:31:38] << Ryan_Brasco lefoglalt egy jármûvet! Rendszám: 169 / Model: Hydra >>
[10:15:59] Ralf_S_Tomasso bezárta Joker_Creed-t (AJ) Idõ: 0p - Oka: Ralf_S_Tomasso által - Oka: cuffcrash
[11:26:32] [/alefoglal VS]Lefoglalta: Ralf_S_Tomasso | Rendszám: 978 | Model: HotringA | Tulaj: Ralf_S_Tomasso>>
[11:32:21] [/alefoglal VS]Lefoglalta: Ralf_S_Tomasso | Rendszám: 978 | Model: HotringA | Tulaj: Ralf_S_Tomasso>>
[12:20:57] Connor_O_Neill bezárta Krist_Roscoe-t (AJ) Idõ: 0p - Oka: Connor_O_Neill által - Oka: -
[12:35:39] Connor_O_Neill bezárta Zsori_Sandor-t (MZ) Idõ: 0p - Oka: Connor_O_Neill által - Oka: Régi
[13:06:07] Patrik_O_Neill bezárta Domenico_Nestore-t (MZ) Idõ: 40p - Oka: Patrik_O_Neill által - Oka: Forgalmas helyen való lövöldözés, DM
[15:19:06] << Marcell_O_Neill lefoglalt egy jármûvet! Rendszám: 994 / Model: Maverick >>
[15:19:46] << Krisztofer_Vincenzo lefoglalt egy jármûvet! Rendszám: 229 / Model: LVPD >>
[15:20:14] << Marcell_O_Neill lefoglalt egy jármûvet! Rendszám: 924 / Model: Roadtrain >>
[15:21:39] Marcell_O_Neill készpénzt adott neki: Kitty_Soprano - Összeg: 1Ft - Régi: 0 - Új: 1
[15:22:00] << Marcell_O_Neill lefoglalt egy jármûvet! Rendszám: 1015 / Model: Infernus >>
[15:22:22] << Marcell_O_Neill lefoglalt egy jármûvet! Rendszám: 913 / Model: Sultan >>
[15:23:31] << Marcell_O_Neill lefoglalt egy jármûvet! Rendszám: 907 / Model: Bullet >>
[15:25:03] << Marcell_O_Neill lefoglalt egy jármûvet! Rendszám: 907 / Model: Bullet >>
[15:25:14] << Marcell_O_Neill lefoglalt egy jármûvet! Rendszám: 907 / Model: Bullet >>
[15:25:26] << Marcell_O_Neill lefoglalt egy jármûvet! Rendszám: 924 / Model: Roadtrain >>
[16:46:51] << Krisztofer_Vincenzo lefoglalt egy jármûvet! Rendszám: 773 / Model: Comet >>
[17:01:11] [/alefoglal VS]Lefoglalta: Ralf_S_Tomasso | Rendszám: 978 | Model: HotringA | Tulaj: Ralf_S_Tomasso>>
[17:30:07] << Krisztofer_Vincenzo lefoglalt egy jármûvet! Rendszám: 779 / Model: Boxvillde >>
[17:43:37] [/alefoglal VS]Lefoglalta: Ralf_S_Tomasso | Rendszám: 1004 | Model: Roadtrain | Tulaj: Rick_Aciano>>
[17:46:44] Krisztofer_Vincenzo beállította Krisztofer_Vincenzo készpénzét - Összeg: 1Ft - Régi: 0 - Új: 1 >>
[18:12:00] Ralf_S_Tomasso bezárta Henry_Tomasino-t (AJ) Idõ: 3p - Oka: Ralf_S_Tomasso által - Oka: 45 Bugkihasználás
[18:12:15] Ralf_S_Tomasso bezárta Henry_Tomasino-t (AJ3) Idõ: 45p - Oka: Ralf_S_Tomasso által - Oka: Bugkihasználás
[18:18:13] Ralf_S_Tomasso bezárta Lionel_P_Cortez-t (AJ) Idõ: 0p - Oka: Ralf_S_Tomasso által - Oka: kivéve
[18:54:42] << Edie_Morra lefoglalt egy jármûvet! Rendszám: 40 / Model: NRG500 >>
[18:58:52] Connor_O_Neill bezárta Daniel_Scaletta-t (AJ) Idõ: 35p - Oka: Connor_O_Neill által - Oka: PK: DM (Patrik)
[18:59:07] Connor_O_Neill bezárta Daniel_Scaletta-t (AJ) Idõ: 0p - Oka: Connor_O_Neill által - Oka: PK: DM (Patrik)
[18:59:08] << Edie_Morra lefoglalt egy jármûvet! Rendszám: 40 / Model: NRG500 >>
[18:59:11] << Edie_Morra lefoglalt egy jármûvet! Rendszám: 40 / Model: NRG500 >>
[18:59:38] Connor_O_Neill bezárta Daniel_Sedin-t (AJ) Idõ: 35p - Oka: Connor_O_Neill által - Oka: PK: DM (Patrik)
[19:00:22] << Edie_Morra lefoglalt egy jármûvet! Rendszám: 40 / Model: NRG500 >>
[19:10:52] Edie_Morra beállította Nick_R_Wilson banki pénzét - Összeg: 1000000Ft - Régi: 547293 - Új: 1000000
[19:11:55] Ryan_Brasco bezárta Henrik_Sedin-t (AJ3) Idõ: 80p - Oka: Ryan_Brasco által - Oka: Playerszidás
[19:18:02] << Amos_Toretto lefoglalt egy jármûvet! Rendszám: 907 / Model: Bullet >>
[19:19:17] << Amos_Toretto lefoglalt egy jármûvet! Rendszám: 913 / Model: Sultan >>
[21:11:11] Ralf_S_Tomasso bezárta Georg_B_Hollywood-t (AJ) Idõ: 0p - Oka: Ralf_S_Tomasso által - Oka: John parancsára
[21:13:53] << Edie_Morra lefoglalt egy jármûvet! Rendszám: 7 / Model: LSPD >>
[22:01:24] Hizusu_Weedman bezárta Matt_Creed-t (AJ) Idõ: 40p - Oka: Hizusu_Weedman által - Oka: NONRP-s Contract
[22:01:24] Hizusu_Weedman bezárta Krist_Roscoe-t (AJ) Idõ: 40p - Oka: Hizusu_Weedman által - Oka: NONRP-s Contract
[22:32:28] Connor_O_Neill bezárta Harold_G_Freeman-t (AJ) Idõ: 1p - Oka: Connor_O_Neill által - Oka: megbeszélve
[22:33:14] Connor_O_Neill bezárta Harold_G_Freeman-t (AJ) Idõ: 0p - Oka: Connor_O_Neill által - Oka: -
[22:42:00] Connor_O_Neill bezárta Max_Sorrentino-t (AJ) Idõ: 0p - Oka: Connor_O_Neill által - Oka: LCN nyert
[23:18:53] Ralf_S_Tomasso bezárta Emanuel_Garcia-t (AJ) Idõ: 30p - Oka: Ralf_S_Tomasso által - Oka: Cuffban kilépés enyhítés
