[13:58:09] Jason_Toretto bezárta Ferenc_K_Zecchin-t (AJ) Idõ: 0p - Oka: Jason_Toretto által - Oka: kivéve
[14:00:40] Jason_Toretto bezárta Daniel_Sedin-t (AJ) Idõ: 0p - Oka: Jason_Toretto által - Oka: kivéve
[14:03:29] << Marcell_O_Neill lefoglalt egy jármûvet! Rendszám: 475 / Model: Ambulance >>
[14:10:33] Jason_Toretto bezárta Matt_Creed-t (AJ) Idõ: 0p - Oka: Jason_Toretto által - Oka: kivéve
[14:15:54] John_B_Hollywood banki pénzt adott neki: Georg_B_Freeman - Összeg: 45000000Ft - Régi: 782159 - Új: 45782159
[14:16:58] John_B_Hollywood banki pénzt adott neki: Nico_Butler - Összeg: 25000000Ft - Régi: 12609845 - Új: 37609845
[14:20:12] John_B_Hollywood banki pénzt adott neki: Darius_N_Ortega - Összeg: 3000000Ft - Régi: 629299 - Új: 3629299
[14:47:51] John_B_Hollywood banki pénzt adott neki: Atsuya_D_Freeman - Összeg: 22000000Ft - Régi: 1062584 - Új: 23062584
[14:48:59] Jason_Toretto bezárta Hanzon_Soprano-t (AJ) Idõ: 0p - Oka: Jason_Toretto által - Oka: kivéve
[14:50:20] John_B_Hollywood banki pénzt adott neki: Tyler_Wish - Összeg: 24000000Ft - Régi: 502966 - Új: 24502966
[14:53:02] << John_B_Hollywood lefoglalt egy jármûvet! Rendszám: 866 / Model: Huntley >>
[14:53:47] John_B_Hollywood banki pénzt adott neki: Blake_Browns - Összeg: 27000000Ft - Régi: 16673726 - Új: 43673726
[14:54:48] John_B_Hollywood banki pénzt adott neki: Dave_Stone - Összeg: 1000000Ft - Régi: 1045701 - Új: 2045701
[15:01:44] John_B_Hollywood banki pénzt adott neki: Perez_Esteban - Összeg: 8000000Ft - Régi: 6883357 - Új: 14883357
[15:02:31] John_B_Hollywood banki pénzt adott neki: Tom_Mulex - Összeg: 900000Ft - Régi: 193531 - Új: 1093531
[15:05:10] John_B_Hollywood beállította Cody_Aciano készpénzét - Összeg: 2000000Ft - Régi: 0 - Új: 2000000 >>
[15:12:13] Jason_Toretto bezárta Dave_R_Vincenzo-t (AJ) Idõ: 0p - Oka: Jason_Toretto által - Oka: kivéve
[15:15:17] John_B_Hollywood banki pénzt adott neki: Cseszka_R_Davidson - Összeg: 15000000Ft - Régi: 815811 - Új: 15815811
[15:15:46] John_B_Hollywood banki pénzt adott neki: Max_D_Freeman - Összeg: 6000000Ft - Régi: -2975 - Új: 5997025
[15:16:12] Jason_Toretto bezárta Tom_Zecchin-t (AJ) Idõ: 0p - Oka: Jason_Toretto által - Oka: kivéve
[15:18:04] John_B_Hollywood banki pénzt adott neki: Gyorgy_Boyka - Összeg: 14000000Ft - Régi: 7077781 - Új: 21077781
[15:21:22] John_B_Hollywood banki pénzt adott neki: Mate_Richard - Összeg: 2400000Ft - Régi: 0 - Új: 2400000
[15:23:25] John_B_Hollywood banki pénzt adott neki: Horvath_Adrian - Összeg: 6800000Ft - Régi: 2871657 - Új: 9671657
[15:34:28] John_B_Hollywood banki pénzt adott neki: Tom_Torres - Összeg: -3000000Ft - Régi: 28787281 - Új: 25787281
[15:35:00] John_B_Hollywood banki pénzt adott neki: Chris_D_Black - Összeg: 9000000Ft - Régi: 424610 - Új: 9424610
[15:36:49] John_B_Hollywood banki pénzt adott neki: Charlie_Leanders - Összeg: 30000000Ft - Régi: 91639 - Új: 30091639
[15:48:15] Milinte_Brasco bezárta Levi_R_Zecchin-t (AJ) Idõ: 0p - Oka: Milinte_Brasco által - Oka: Régi, kivéve.
[15:52:01] John_B_Hollywood banki pénzt adott neki: Chris_D_Black - Összeg: 9000000Ft - Régi: 424610 - Új: 9424610
[15:54:36] << Marcell_O_Neill lefoglalt egy jármûvet! Rendszám: 557 / Model: Infernus >>
[16:00:29] John_B_Hollywood banki pénzt adott neki: Dukai_Roland - Összeg: 1000000Ft - Régi: 10864235 - Új: 11864235
[16:02:36] John_B_Hollywood banki pénzt adott neki: Cesar_Johnson - Összeg: 20000000Ft - Régi: 192037 - Új: 20192037
[16:11:39] Milinte_Brasco bezárta Ray_Washington-t (AJ) Idõ: 0p - Oka: Milinte_Brasco által - Oka: régi
[16:14:29] << John_B_Hollywood lefoglalt egy jármûvet! Rendszám: 784 / Model: Sultan >>
[16:17:16] John_B_Hollywood beállította Georg_B_Freeman készpénzét - Összeg: 2500000Ft - Régi: 0 - Új: 2500000 >>
[16:25:14] [/alefoglal VS]Lefoglalta: Archie_B_Hollywood | Rendszám: 540 | Model: Bullet | Tulaj: Georg_B_Freeman>>
[16:26:59] John_B_Hollywood beállította John_B_Hollywood készpénzét - Összeg: -130000000Ft - Régi: 137480810 - Új: -130000000 >>
[16:27:37] [/alefoglal VS]Lefoglalta: Archie_B_Hollywood | Rendszám: 540 | Model: Bullet | Tulaj: Georg_B_Freeman>>
[16:29:12] [/alefoglal VS]Lefoglalta: Archie_B_Hollywood | Rendszám: 799 | Model: Infernus | Tulaj: Georg_B_Freeman>>
[16:31:08] [/alefoglal VS]Lefoglalta: Archie_B_Hollywood | Rendszám: 540 | Model: Bullet | Tulaj: Georg_B_Freeman>>
[16:43:57] << Krisztofer_Vincenzo lefoglalt egy jármûvet! Rendszám: 8 / Model: PoliceMaverick >>
