[02:09:24] << Krisztofer_Vincenzo lefoglalt egy jármûvet! Rendszám: 900 / Model: Flatbed >>
[02:17:13] << Milinte_Brasco lefoglalt egy jármûvet! Rendszám: 934 / Model: Tractor >>
[02:17:34] << Milinte_Brasco lefoglalt egy jármûvet! Rendszám: 935 / Model: Tractor >>
[02:17:51] << Milinte_Brasco lefoglalt egy jármûvet! Rendszám: 935 / Model: Tractor >>
[02:18:04] << Milinte_Brasco lefoglalt egy jármûvet! Rendszám: 936 / Model: Tractor >>
[02:18:37] << Milinte_Brasco lefoglalt egy jármûvet! Rendszám: 937 / Model: Combine >>
[02:19:07] << Milinte_Brasco lefoglalt egy jármûvet! Rendszám: 938 / Model: Combine >>
[02:19:28] << Milinte_Brasco lefoglalt egy jármûvet! Rendszám: 939 / Model: Combine >>
[02:19:48] << Milinte_Brasco lefoglalt egy jármûvet! Rendszám: 940 / Model: Combine >>
[02:50:46] << Milinte_Brasco lefoglalt egy jármûvet! Rendszám: 953 / Model: LSPD >>
[02:51:12] << Milinte_Brasco lefoglalt egy jármûvet! Rendszám: 954 / Model: LSPD >>
[02:59:50] << Milinte_Brasco lefoglalt egy jármûvet! Rendszám: 957 / Model: PoliceMaverick >>
[02:59:52] << Milinte_Brasco lefoglalt egy jármûvet! Rendszám: 957 / Model: PoliceMaverick >>
[03:45:27] Milinte_Brasco banki pénzt adott neki: Don_Sorrentino - Összeg: 5000000Ft - Régi: 96137 - Új: 5096137
[08:56:19] John_B_Hollywood banki pénzt adott neki: Chris_S_Black - Összeg: 30000000Ft - Régi: 72284 - Új: 30072284
[09:04:19] Terno_Tommys készpénzt adott neki: Terno_Tommys - Összeg: 20000000Ft - Régi: 150 - Új: 20000150
[09:04:45] Terno_Tommys készpénzt adott neki: Terno_Tommys - Összeg: -20000000Ft - Régi: 150 - Új: -19999850
[09:05:33] << Terno_Tommys lefoglalt egy jármûvet! Rendszám: 683 / Model: Bobcat >>
[09:05:51] << Terno_Tommys lefoglalt egy jármûvet! Rendszám: 773 / Model: Sanchez >>
[10:09:05] Terno_Tommys készpénzt adott neki: Terno_Tommys - Összeg: 100000000Ft - Régi: 0 - Új: 100000000
[10:09:19] Terno_Tommys készpénzt adott neki: Terno_Tommys - Összeg: -1000000000Ft - Régi: 100000000 - Új: -900000000
[10:09:26] Terno_Tommys készpénzt adott neki: Terno_Tommys - Összeg: -90000000Ft - Régi: -900000000 - Új: -990000000
[10:09:30] Terno_Tommys készpénzt adott neki: Terno_Tommys - Összeg: 90000000Ft - Régi: -990000000 - Új: -900000000
[10:09:31] Terno_Tommys készpénzt adott neki: Terno_Tommys - Összeg: 90000000Ft - Régi: -900000000 - Új: -810000000
[10:09:34] Terno_Tommys készpénzt adott neki: Terno_Tommys - Összeg: 900000000Ft - Régi: -810000000 - Új: 90000000
[10:09:46] Terno_Tommys beállította Terno_Tommys készpénzét - Összeg: 0Ft - Régi: 90000000 - Új: 0 >>
[10:34:49] [/alefoglal]Lefoglalta: Ralf_S_Tomasso | Rendszám: 912 | Model: Streak  >>
[10:42:12] [/alefoglal Frakció]Lefoglalta: Ralf_S_Tomasso | Rendszám: 944 | Model: Sultan | Tulaj FBI >>
[13:07:56] Milinte_Brasco bezárta Joe_Walker-t (AJ) Idõ: 20p - Oka: Milinte_Brasco által - Oka: Cuff crash enyhítés
[13:42:24] Archie_B_Hollywood banki pénzt adott neki: Patrik_O_Neill - Összeg: 100000000Ft - Régi: 76288578 - Új: 176288578
[13:44:46] << Marcell_O_Neill lefoglalt egy jármûvet! Rendszám: 828 / Model: Savanna >>
[13:45:53] [/alefoglal VS]Lefoglalta: Ralf_S_Tomasso | Rendszám: 693 | Model: Infernus | Tulaj: Nelson_Washington>>
[13:50:15] Marcell_O_Neill készpénzt adott neki: Markus_D_Zecchin - Összeg: 60000Ft - Régi: 0 - Új: 60000
[14:44:47] << Krisztofer_Vincenzo lefoglalt egy jármûvet! Rendszám: 664 / Model: Maverick >>
[16:22:02] [/alefoglal VS]Lefoglalta: Archie_B_Hollywood | Rendszám: 873 | Model: Stratum | Tulaj: Christian_Scream>>
[16:22:41] [/alefoglal VS]Lefoglalta: Archie_B_Hollywood | Rendszám: 547 | Model: Alpha | Tulaj: Akos_B_Gates>>
[16:23:04] [/alefoglal VS]Lefoglalta: Archie_B_Hollywood | Rendszám: 547 | Model: Alpha | Tulaj: Akos_B_Gates>>
[16:23:24] [/alefoglal VS]Lefoglalta: Archie_B_Hollywood | Rendszám: 549 | Model: Tornado | Tulaj: Grag_Zidane>>
[16:23:39] [/alefoglal VS]Lefoglalta: Archie_B_Hollywood | Rendszám: 545 | Model: Admiral | Tulaj: Christian_Horner>>
[16:23:54] [/alefoglal VS]Lefoglalta: Archie_B_Hollywood | Rendszám: 536 | Model: Washington | Tulaj: Tom_Strike>>
[16:24:45] [/alefoglal VS]Lefoglalta: Archie_B_Hollywood | Rendszám: 549 | Model: Flash | Tulaj: Grag_Zidane>>
[16:38:13] [/alefoglal VS]Lefoglalta: Archie_B_Hollywood | Rendszám: 545 | Model: Comet | Tulaj: Nincs_Tulaj>>
[16:39:46] [/alefoglal VS]Lefoglalta: Archie_B_Hollywood | Rendszám: 536 | Model: Buffalo | Tulaj: Nincs_Tulaj>>
[17:26:16] Krisztofer_Vincenzo bezárta Dave_R_Vincenzo-t (AJ) Idõ: 0p - Oka: Krisztofer_Vincenzo által - Oka: Cuff crash
[17:27:38] << Edie_Morra lefoglalt egy jármûvet! Rendszám: 77 / Model: Greenwood >>
[17:41:48] Jason_Toretto bezárta Johnie_Drake-t (AJ) Idõ: 0p - Oka: Jason_Toretto által - Oka: kivéve
[17:45:44] << Edie_Morra lefoglalt egy jármûvet! Rendszám: 76 / Model: Greenwood >>
[17:57:27] Milinte_Brasco bezárta Paul_D_Cortez-t (AJ) Idõ: 0p - Oka: Milinte_Brasco által - Oka: régi
[18:01:29] Milinte_Brasco bezárta Dave_R_Vincenzo-t (AJ) Idõ: 5p - Oka: Milinte_Brasco által - Oka: átrakva
[18:11:12] Edie_Morra beállította Krist_Roscoe készpénzét - Összeg: 14000000Ft - Régi: 37406 - Új: 14000000 >>
[18:11:22] Edie_Morra beállította Krist_Roscoe készpénzét - Összeg: 14500000Ft - Régi: 14000000 - Új: 14500000 >>
[18:16:44] Edie_Morra beállította Don_Sorrentino készpénzét - Összeg: 1Ft - Régi: 0 - Új: 1 >>
[19:39:47] << Krisztofer_Vincenzo lefoglalt egy jármûvet! Rendszám: 414 / Model: Sultan >>
[19:41:40] << Krisztofer_Vincenzo lefoglalt egy jármûvet! Rendszám: 414 / Model: Sultan >>
[20:45:49] Dolph_F_Gates banki pénzt adott neki: Patrick_Zecchin - Összeg: 1917521Ft - Régi: 168556 - Új: 2086077
[21:01:43] Dolph_F_Gates banki pénzt adott neki: Tyler_Wish - Összeg: 14000000Ft - Régi: 21723733 - Új: 35723733
[21:26:33] Marcell_O_Neill készpénzt adott neki: Marcell_O_Neill - Összeg: 25000000Ft - Régi: 4200 - Új: 25004200
[21:37:29] Dolph_F_Gates készpénzt adott neki: Mark_B_Hollywood - Összeg: 27000000Ft - Régi: 0 - Új: 27000000
[21:38:06] Dolph_F_Gates beállította Mark_B_Hollywood készpénzét - Összeg: 0Ft - Régi: 27000000 - Új: 0 >>
[21:38:14] Dolph_F_Gates készpénzt adott neki: Mark_B_Hollywood - Összeg: 2700000Ft - Régi: 0 - Új: 2700000
[21:39:35] Jason_Toretto bezárta Paul_D_Cortez-t (MZ) Idõ: 40p - Oka: Jason_Toretto által - Oka: NonRP
[21:39:35] Jason_Toretto bezárta Stefan_Berger-t (MZ) Idõ: 40p - Oka: Jason_Toretto által - Oka: NonRP
[21:39:35] Jason_Toretto bezárta Charlie_Leanders-t (MZ) Idõ: 40p - Oka: Jason_Toretto által - Oka: NonRP
[21:39:35] Jason_Toretto bezárta James_D_Freeman-t (MZ) Idõ: 40p - Oka: Jason_Toretto által - Oka: NonRP
[21:41:39] Marcell_O_Neill készpénzt adott neki: Marcell_O_Neill - Összeg: 100000Ft - Régi: 4200 - Új: 104200
[21:42:18] Marcell_O_Neill készpénzt adott neki: Marcell_O_Neill - Összeg: 50000Ft - Régi: 4200 - Új: 54200
[21:56:49] Dolph bezárta Nick_Vitale-t (AJ) Idõ: 0p - Oka: Dolph által - Oka: kiveszem
[22:01:56] Jason_Toretto bezárta Nelson_Washington-t (AJ) Idõ: 0p - Oka: Jason_Toretto által - Oka: tazer bugg
