[00:00:08] << Marcell_O_Neill lefoglalt egy jármûvet! Rendszám: 483 / Model: Freeway >>
[00:02:00] [/alefoglal VS]Lefoglalta: Ralf_S_Tomasso | Rendszám: 460 | Model: Windsor | Tulaj: Ralf_S_Tomasso>>
[00:07:04] [/alefoglal VS]Lefoglalta: Ralf_S_Tomasso | Rendszám: 460 | Model: Windsor | Tulaj: Ralf_S_Tomasso>>
[00:07:08] [/alefoglal VS]Lefoglalta: Ralf_S_Tomasso | Rendszám: 460 | Model: Windsor | Tulaj: Ralf_S_Tomasso>>
[00:18:25] [/alefoglal VS]Lefoglalta: Ralf_S_Tomasso | Rendszám: 455 | Model: Elegy | Tulaj: Nincs_Tulaj>>
[00:25:34] Ralf_S_Tomasso beállította Dom_Aciano banki pénzét - Összeg: 9200000Ft - Régi: 0 - Új: 9200000
[00:25:47] Ralf_S_Tomasso beállította Dom_Aciano készpénzét - Összeg: 0Ft - Régi: 10000000 - Új: 0 >>
[00:31:32] << Marcell_O_Neill lefoglalt egy jármûvet! Rendszám: 460 / Model: Windsor >>
[00:33:08] << Marcell_O_Neill lefoglalt egy jármûvet! Rendszám: 460 / Model: Windsor >>
[00:33:29] [/alefoglal VS]Lefoglalta: Ralf_S_Tomasso | Rendszám: 460 | Model: Windsor | Tulaj: Ralf_S_Tomasso>>
[00:42:07] Mike_O_Neill készpénzt adott neki: Connor_O_Neill - Összeg: 1Ft - Régi: 0 - Új: 1
[00:42:33] Mike_O_Neill készpénzt adott neki: Mike_O_Neill - Összeg: 1Ft - Régi: 0 - Új: 1
[00:47:16] Mike_O_Neill készpénzt adott neki: Mike_O_Neill - Összeg: 1Ft - Régi: 0 - Új: 1
[00:50:08] Mike_O_Neill készpénzt adott neki: Mike_O_Neill - Összeg: 50000000Ft - Régi: 0 - Új: 50000000
[00:51:55] Mike_O_Neill készpénzt adott neki: Krisztofer_Vincenzo - Összeg: 150000Ft - Régi: 0 - Új: 150000
[00:52:01] Mike_O_Neill készpénzt adott neki: Krisztofer_Vincenzo - Összeg: 0Ft - Régi: 150000 - Új: 150000
[00:52:08] Mike_O_Neill beállította Krisztofer_Vincenzo készpénzét - Összeg: 0Ft - Régi: 150000 - Új: 0 >>
[00:52:17] Mike_O_Neill készpénzt adott neki: Mike_O_Neill - Összeg: 150000Ft - Régi: 0 - Új: 150000
[00:55:03] Mike_O_Neill készpénzt adott neki: Connor_O_Neill - Összeg: 1Ft - Régi: 0 - Új: 1
[01:00:31] Mike_O_Neill készpénzt adott neki: Mike_O_Neill - Összeg: 1Ft - Régi: 0 - Új: 1
[01:00:36] Mike_O_Neill készpénzt adott neki: Patrik_O_Neill - Összeg: 1Ft - Régi: 0 - Új: 1
[01:06:54] Mike_O_Neill készpénzt adott neki: Mike_O_Neill - Összeg: 1Ft - Régi: 0 - Új: 1
[01:14:43] << Marcell_O_Neill lefoglalt egy jármûvet! Rendszám: 452 / Model: Bullet >>
[01:17:53] Marcell_O_Neill készpénzt adott neki: Patrik_O_Neill - Összeg: -40000000Ft - Régi: 0 - Új: -40000000
[03:44:40] Marcell_O_Neill készpénzt adott neki: Torres_Butler - Összeg: 1Ft - Régi: 0 - Új: 1
[06:59:49] Marcell_O_Neill készpénzt adott neki: Kulcsar_Tamas - Összeg: 10000000Ft - Régi: 0 - Új: 10000000
[07:22:11] Marcell_O_Neill bezárta Bryan_Dawson-t (AJ) Idõ: 0p - Oka: Marcell_O_Neill által - Oka: 0
[10:21:48] Milinte_Brasco bezárta Ernesto_Surenos-t (MZ) Idõ: 0p - Oka: Milinte_Brasco által - Oka: Kivéve.
[10:45:27] Milinte_Brasco bezárta Horvath_Adrian-t (AJ) Idõ: 0p - Oka: Milinte_Brasco által - Oka: Kivéve
[11:19:56] [/alefoglal VS]Lefoglalta: Ralf_S_Tomasso | Rendszám: 460 | Model: Windsor | Tulaj: Ralf_S_Tomasso>>
[11:27:41] Ralf_S_Tomasso banki pénzt adott neki: Ralf_S_Tomasso - Összeg: 2000000Ft - Régi: 7028500 - Új: 9028500
[11:30:06] Ralf_S_Tomasso banki pénzt adott neki: Ralf_S_Tomasso - Összeg: 2000000Ft - Régi: 8988500 - Új: 10988500
[11:31:26] [/alefoglal VS]Lefoglalta: Ralf_S_Tomasso | Rendszám: 460 | Model: Windsor | Tulaj: Ralf_S_Tomasso>>
[11:42:10] << Dolph_F_Gates lefoglalt egy jármûvet! Rendszám: 523 / Model: Savanna >>
[11:45:47] [/alefoglal Frakció]Lefoglalta: Ralf_S_Tomasso | Rendszám: 516 | Model: Savanna | Tulaj VLA >>
[11:49:08] Dolph_F_Gates bezárta Dolph_F_Gates-t (AJ) Idõ: 0p - Oka: Dolph_F_Gates által - Oka: bug
[12:03:23] Connor_O_Neill bezárta Diego_Aciano-t (AJ) Idõ: 10p - Oka: Connor_O_Neill által - Oka: NonRP-s vezetés
[12:41:05] << Dolph_F_Gates lefoglalt egy jármûvet! Rendszám: 528 / Model: Manana >>
[12:47:56] Dolph_F_Gates banki pénzt adott neki: Daniel_Scaletta - Összeg: 10000000Ft - Régi: 942733 - Új: 10942733
[14:22:36] [/alefoglal Frakció]Lefoglalta: Ralf_S_Tomasso | Rendszám: 3 | Model: PoliceMaverick | Tulaj FBI >>
[14:22:55] Dolph beállította Lee_Fooster banki pénzét - Összeg: 10000000Ft - Régi: 51336 - Új: 10000000
[14:32:03] Marcell_O_Neill készpénzt adott neki: Diego_Aciano - Összeg: 1Ft - Régi: 0 - Új: 1
[15:23:17] Patrik_O_Neill bezárta Lance_Wilson-t (AJ) Idõ: 0p - Oka: Patrik_O_Neill által - Oka: újkezdés
[15:35:29] Milinte_Brasco bezárta Eli_Reznov-t (AJ) Idõ: 0p - Oka: Milinte_Brasco által - Oka: Kivéve
[15:42:26] Milinte_Brasco bezárta Barney_Ross-t (AJ) Idõ: 0p - Oka: Milinte_Brasco által - Oka: kivéve
[15:42:26] Milinte_Brasco bezárta Barney_Ross-t (AJ) Idõ: 0p - Oka: Milinte_Brasco által - Oka: kivéve
[15:55:04] << Edie_Morra lefoglalt egy jármûvet! Rendszám: 469 / Model: Buffalo >>
[15:55:18] << Edie_Morra lefoglalt egy jármûvet! Rendszám: 469 / Model: Buffalo >>
[15:55:22] << Edie_Morra lefoglalt egy jármûvet! Rendszám: 469 / Model: Buffalo >>
[15:55:56] << Edie_Morra lefoglalt egy jármûvet! Rendszám: 466 / Model: Sultan >>
[15:55:59] << Edie_Morra lefoglalt egy jármûvet! Rendszám: 466 / Model: Sultan >>
[15:57:41] << Edie_Morra lefoglalt egy jármûvet! Rendszám: 467 / Model: Voodoo >>
[16:41:20] << Marcell_O_Neill lefoglalt egy jármûvet! Rendszám: 567 / Model: Sabre >>
[16:47:46] [/alefoglal VS]Lefoglalta: Denaro_Brasco | Rendszám: 557 | Model: Phoenix | Tulaj: Denaro_Brasco>>
[16:47:55] Edie_Morra bezárta James_Creed-t (AJ) Idõ: 2p - Oka: Edie_Morra által - Oka: NoN RP
[16:56:00] Edie_Morra beállította Edie_Morra készpénzét - Összeg: 10000000Ft - Régi: 0 - Új: 10000000 >>
[17:01:14] Edie_Morra beállította Denaro_Brasco készpénzét - Összeg: 900000000Ft - Régi: 25911 - Új: 900000000 >>
[17:43:01] Nagato_Brasco bezárta Ferenc_K_Zecchin-t (AJ) Idõ: 0p - Oka: Nagato_Brasco által - Oka: Újra játszik
[17:57:39] Jim_Cortez bezárta Zeek_Dawson-t (AJ) Idõ: 0p - Oka: Jim_Cortez által - Oka: Bug
[18:05:03] Jim_Cortez bezárta Markus_D_Zecchin-t (AJ) Idõ: 10p - Oka: Jim_Cortez által - Oka: Hagyd az admin szolgálatost!
[18:09:18] << Dolph_F_Gates lefoglalt egy jármûvet! Rendszám: 608 / Model: Sultan >>
[18:14:51] Jim_Cortez készpénzt adott neki: Victor_Jr_Zecchin - Összeg: 1000000Ft - Régi: 0 - Új: 1000000
[18:22:47] Jim_Cortez készpénzt adott neki: Jin_Sorrentino - Összeg: 1000000Ft - Régi: 0 - Új: 1000000
[18:27:47] << Marcell_O_Neill lefoglalt egy jármûvet! Rendszám: 615 / Model: Turismo >>
[18:29:05] << Marcell_O_Neill lefoglalt egy jármûvet! Rendszám: 611 / Model: Sultan >>
[18:33:27] << Marcell_O_Neill lefoglalt egy jármûvet! Rendszám: 615 / Model: Turismo >>
[18:39:56] Connor_O_Neill bezárta Dr_Bartos_Krisztian-t (AJ) Idõ: 0p - Oka: Connor_O_Neill által - Oka: Bug
[18:40:47] Nagato_Brasco készpénzt adott neki: Nagato_Brasco - Összeg: 285448719Ft - Régi: 0 - Új: 285448719
[18:40:56] Nagato_Brasco készpénzt adott neki: Nagato_Brasco - Összeg: -285448719Ft - Régi: 285448719 - Új: 0
[18:41:35] Nagato_Brasco banki pénzt adott neki: Nagato_Brasco - Összeg: 285448719Ft - Régi: -285448719 - Új: 0
[18:42:34] Nagato_Brasco készpénzt adott neki: Nagato_Brasco - Összeg: 2000000000Ft - Régi: 0 - Új: 2000000000
[18:44:07] Nagato_Brasco banki pénzt adott neki: Nagato_Brasco - Összeg: 9600000Ft - Régi: 0 - Új: 9600000
[19:16:50] << Dolph_F_Gates lefoglalt egy jármûvet! Rendszám: 619 / Model: Jester >>
[19:19:27] << Jim_Cortez lefoglalt egy jármûvet! Rendszám: 619 / Model: Jester >>
[19:21:03] << Jim_Cortez lefoglalt egy jármûvet! Rendszám: 1 / Model: Infernus >>
[19:21:34] << Jim_Cortez lefoglalt egy jármûvet! Rendszám: 1 / Model: Infernus >>
[19:31:28] << Dolph_F_Gates lefoglalt egy jármûvet! Rendszám: 630 / Model: Beagle >>
[19:32:19] << Dolph_F_Gates lefoglalt egy jármûvet! Rendszám: 631 / Model: Dodo >>
[19:35:37] Edie_Morra bezárta Diego_Aciano-t (AJ) Idõ: 10p - Oka: Edie_Morra által - Oka: NonRP
[19:37:17] Edie_Morra bezárta David_Aciano-t (AJ) Idõ: 15p - Oka: Edie_Morra által - Oka: NonRP
[19:39:23] << Dolph_F_Gates lefoglalt egy jármûvet! Rendszám: 564 / Model: Sultan >>
[19:54:27] Dolph_F_Gates banki pénzt adott neki: David_R_Vincenzo - Összeg: 10000000Ft - Régi: 0 - Új: 10000000
[20:03:56] [/alefoglal Frakció]Lefoglalta: Nagato_Brasco | Rendszám: 48 | Model: Cement | Tulaj UDS >>
[20:05:39] Dolph beállította Dave_R_Vincenzo banki pénzét - Összeg: 10000000Ft - Régi: 0 - Új: 10000000
[20:10:07] [/alefoglal Frakció]Lefoglalta: Nagato_Brasco | Rendszám: 642 | Model: Rhino | Tulaj USA >>
[20:11:15] << Dolph_F_Gates lefoglalt egy jármûvet! Rendszám: 642 / Model: Rhino >>
[20:19:45] Edie_Morra bezárta Brad_Toretto-t (AJ3) Idõ: 180p - Oka: Edie_Morra által - Oka: Bannolva nem játszunk(edie)
[20:22:03] Edie_Morra bezárta Brad_Toretto-t (AJ3) Idõ: 0p - Oka: Edie_Morra által - Oka: 0 .
[20:25:19] Dolph_F_Gates készpénzt adott neki: David_R_Vincenzo - Összeg: 10000Ft - Régi: 8800 - Új: 18800
[21:01:14] << Edie_Morra lefoglalt egy jármûvet! Rendszám: 65 / Model: Securicar >>
[21:08:18] Connor_O_Neill bezárta Joe_Walker-t (AJ) Idõ: 0p - Oka: Connor_O_Neill által - Oka: Kiszedem
[21:15:53] [/alefoglal VS]Lefoglalta: Ralf_S_Tomasso | Rendszám: 578 | Model: NRG500 | Tulaj: Darius_N_Ortega>>
[21:23:23] Milinte_Brasco bezárta Sidney_Tribiani-t (AJ) Idõ: 0p - Oka: Milinte_Brasco által - Oka: Cuff crash.
[21:34:38] << Jim_Cortez lefoglalt egy jármûvet! Rendszám: 590 / Model: Elegy >>
[21:36:34] Jim_Cortez készpénzt adott neki: Jim_Cortez - Összeg: 10000000Ft - Régi: 8624435 - Új: 18624435
[21:43:21] Milinte_Brasco bezárta Michael_Faraday-t (AJ) Idõ: 25p - Oka: Milinte_Brasco által - Oka: PG
[21:47:55] Jim_Cortez készpénzt adott neki: Jim_Cortez - Összeg: 10000000Ft - Régi: 9624435 - Új: 19624435
[21:48:04] Jim_Cortez készpénzt adott neki: Tom_Torres - Összeg: 10000000Ft - Régi: 0 - Új: 10000000
[21:54:25] Milinte_Brasco bezárta Michael_Faraday-t (AJ) Idõ: 0p - Oka: Milinte_Brasco által - Oka: Megbeszélve
[21:57:53] << Marcell_O_Neill lefoglalt egy jármûvet! Rendszám: 154 / Model: Shamal >>
[22:15:43] << Jim_Cortez lefoglalt egy jármûvet! Rendszám: 598 / Model: Barracks >>
[22:20:28] [/alefoglal Frakció]Lefoglalta: Ralf_S_Tomasso | Rendszám: 4 | Model: Infernus | Tulaj FBI >>
[23:12:56] << Marcell_O_Neill lefoglalt egy jármûvet! Rendszám: 616 / Model: Jester >>
[23:59:02] << Edie_Morra lefoglalt egy jármûvet! Rendszám: 451 / Model: Huntley >>
