[00:23:57] << Keny_Eastwood lefoglalt egy jármûvet! Rendszám: 196 / Model: Premier >>
[10:18:32] << [CheatHP] [48]Keny_Eastwood elvett 1hp-t tõle: [21]Paul_Escobar() - Régi élet: 150.0, új: 149.0  >>
[10:18:36] << [CheatHP] [48]Keny_Eastwood elvett 1hp-t tõle: [21]Paul_Escobar() - Régi élet: 149.0, új: 148.0  >>
[10:18:42] << [CheatHP] [48]Keny_Eastwood adott 1hp-t neki: [21]Paul_Escobar() - Régi élet: 148.0, új: 149.0  >>
[10:18:56] << [CheatHP] [48]Keny_Eastwood elvett 1hp-t tõle: [21]Paul_Escobar() - Régi élet: 149.0, új: 148.0  >>
[10:19:01] << [CheatHP] [48]Keny_Eastwood adott 1hp-t neki: [21]Paul_Escobar() - Régi élet: 148.0, új: 149.0  >>
[10:23:28] Keny_Eastwood bezárta Paul_Escobar-t (MZ) Idõ: 30p - Oka: Keny_Eastwood által - Oka: nonrps közlekedés
[10:56:05] Keny_Eastwood bezárta James_Aciano-t (MZ) Idõ: 30p - Oka: Keny_Eastwood által - Oka: PG
[10:56:13] Keny_Eastwood bezárta Daryl_Aciano-t (MZ) Idõ: 30p - Oka: Keny_Eastwood által - Oka: PG
[11:00:20] Keny_Eastwood bezárta Charlie_Leanders-t (MZ) Idõ: 30p - Oka: Keny_Eastwood által - Oka: NONRP
[12:03:18] << Keny_Eastwood lefoglalt egy jármûvet! Rendszám: 665 / Model: Stallion >>
[12:15:10] Keny_Eastwood bezárta Szekely_Klara-t (AJ) Idõ: 30p - Oka: Keny_Eastwood által - Oka: NONRP
[12:18:36] Keny_Eastwood banki pénzt adott neki: Keny_Eastwood - Összeg: 1000000Ft - Régi: 8005344 - Új: 9005344
[13:01:37] << Keny_Eastwood lefoglalt egy jármûvet! Rendszám: 895 / Model: Slamvan >>
[14:30:31] Milinte_Brasco bezárta Vin_Alpacino-t (AJ) Idõ: 0p - Oka: Milinte_Brasco által - Oka: régi mentés
[14:36:10] Milinte_Brasco bezárta Niko_Black-t (AJ) Idõ: 0p - Oka: Milinte_Brasco által - Oka: régi mentés
[14:40:53] Milinte_Brasco bezárta Zsori_Sandor-t (AJ) Idõ: 25p - Oka: Milinte_Brasco által - Oka: RK
[14:43:53] Milinte_Brasco bezárta Dibu_S_Tomasso-t (AJ) Idõ: 0p - Oka: Milinte_Brasco által - Oka: Régi
[17:12:56] << Krisztofer_Vincenzo lefoglalt egy jármûvet! Rendszám: 999 / Model: Buffalo >>
[17:27:13] << Krisztofer_Vincenzo lefoglalt egy jármûvet! Rendszám: 435 / Model: Tractor >>
[17:27:33] << Franklin_F_Gates lefoglalt egy jármûvet! Rendszám: 949 / Model: Caddy >>
[17:28:29] << Krisztofer_Vincenzo lefoglalt egy jármûvet! Rendszám: 437 / Model: Tractor >>
[17:39:47] Franklin_F_Gates beállította Mester_Csaba készpénzét - Összeg: 10000000Ft - Régi: 0 - Új: 10000000 >>
[17:41:04] Franklin_F_Gates beállította Mester_Csaba készpénzét - Összeg: 10000000Ft - Régi: 3000000 - Új: 10000000 >>
[17:41:46] Franklin_F_Gates készpénzt adott neki: Mester_Csaba - Összeg: 2000000Ft - Régi: 9000000 - Új: 11000000
[17:45:07] Franklin_F_Gates készpénzt adott neki: Mester_Csaba - Összeg: 2000000Ft - Régi: 900000 - Új: 2900000
[17:45:41] Franklin_F_Gates beállította Mester_Csaba készpénzét - Összeg: 0Ft - Régi: 900000 - Új: 0 >>
[17:53:36] Ralf_S_Tomasso bezárta Don_Sorrentino-t (AJ) Idõ: 30p - Oka: Ralf_S_Tomasso által - Oka: PG
[17:56:44] Ralf_S_Tomasso bezárta Don_Sorrentino-t (AJ) Idõ: 0p - Oka: Ralf_S_Tomasso által - Oka: megbeszélve
[18:11:10] Ryan_Brasco bezárta Niki_Freeman-t (MZ) Idõ: 30p - Oka: Ryan_Brasco által - Oka: DM
[18:11:17] Ryan_Brasco bezárta Emanuel_Garcia-t (MZ) Idõ: 30p - Oka: Ryan_Brasco által - Oka: DM
[18:56:28] Marcell_O_Neill készpénzt adott neki: Ventura_Zecchin - Összeg: 240000000Ft - Régi: 0 - Új: 240000000
[18:58:10] Patrik_O_Neill bezárta Lesley_Antony-t (AJ) Idõ: 40p - Oka: Patrik_O_Neill által - Oka: Forgalmas helyen való lövés!
[19:01:44] Ryan_Brasco bezárta Henrik_Sedin-t (AJ3) Idõ: 0p - Oka: Ryan_Brasco által - Oka: Megbeszélve
[19:05:54] Milinte_Brasco bezárta James_D_Freeman-t (AJ) Idõ: 0p - Oka: Milinte_Brasco által - Oka: cuff crash lecsukják
[19:06:18] Milinte_Brasco bezárta James_D_Freeman-t (AJ) Idõ: 0p - Oka: Milinte_Brasco által - Oka: cuff crash lecsukják
[19:06:36] Milinte_Brasco bezárta Jackob_Shirton-t (AJ) Idõ: 30p - Oka: Milinte_Brasco által - Oka: NonRP
[19:13:05] Milinte_Brasco bezárta Jackob_Shirton-t (AJ) Idõ: 0p - Oka: Milinte_Brasco által - Oka: tévedés
[19:14:03] Milinte_Brasco bezárta Daryl_Aciano-t (AJ) Idõ: 0p - Oka: Milinte_Brasco által - Oka: cuff crash lecsukják
[19:17:47] Milinte_Brasco bezárta Kedves_Roland-t (AJ) Idõ: 30p - Oka: Milinte_Brasco által - Oka: DM
[19:19:59] Marcell_O_Neill készpénzt adott neki: Carl_Johnsen - Összeg: 1000000Ft - Régi: 307869 - Új: 1307869
[19:21:58] Milinte_Brasco bezárta Kedves_Roland-t (AJ) Idõ: 15p - Oka: Milinte_Brasco által - Oka: Enyhítés
[19:37:02] Connor_O_Neill bezárta Mate_Richard-t (AJ) Idõ: 35p - Oka: Connor_O_Neill által - Oka: Munkajármû magáncélra használása
[19:57:57] << Dolph_F_Gates lefoglalt egy jármûvet! Rendszám: 1083 / Model: Infernus >>
[21:43:18] Connor_O_Neill bezárta Mark_B_Hollywood-t (AJ3) Idõ: 60p - Oka: Connor_O_Neill által - Oka: Forgalmas helyen DM
