[00:03:35] [/alefoglal Frakció]Lefoglalta: Ralf_S_Tomasso | Rendszám: 153 | Model: Firetruckb | Tulaj SFFD >>
[00:10:55] Krisztofer_Vincenzo banki pénzt adott neki: Emanuel_Garcia - Összeg: 250000Ft - Régi: 250195 - Új: 500195
[00:47:11] [/alefoglal VS]Lefoglalta: Ralf_S_Tomasso | Rendszám: 1019 | Model: Freeway | Tulaj: Connor_O_Neill>>
[00:51:37] [/alefoglal Munkakocsi]Lefoglalta: Ralf_S_Tomasso | Rendszám: 302 | Model: Kart  Tulaj 0 munka>>
[00:54:16] [/alefoglal Frakció]Lefoglalta: Ralf_S_Tomasso | Rendszám: 177 | Model: Hydra | Tulaj USAF >>
[00:56:14] << Ryan_Brasco lefoglalt egy jármûvet! Rendszám: 177 / Model: Hydra >>
[00:56:39] [/alefoglal Frakció]Lefoglalta: Ralf_S_Tomasso | Rendszám: 177 | Model: Hydra | Tulaj USAF >>
[01:03:27] << Marcell_O_Neill lefoglalt egy jármûvet! Rendszám: 320 / Model: Shamal >>
[01:07:45] Ryan_Brasco bezárta Milinte_Brasco-t (AJ) Idõ: 0p - Oka: Ryan_Brasco által - Oka: Edie retardált volt
[01:10:13] [/alefoglal Munkakocsi]Lefoglalta: Ralf_S_Tomasso | Rendszám: 322 | Model: Shamal  Tulaj 9 munka>>
[01:13:58] [/alefoglal Frakció]Lefoglalta: Ralf_S_Tomasso | Rendszám: 163 | Model: Rhino | Tulaj USAF >>
[01:16:45] [/alefoglal Frakció]Lefoglalta: Ralf_S_Tomasso | Rendszám: 163 | Model: Rhino | Tulaj USAF >>
[01:18:36] [/alefoglal Frakció]Lefoglalta: Ralf_S_Tomasso | Rendszám: 177 | Model: Hydra | Tulaj USAF >>
[01:20:28] [/alefoglal Frakció]Lefoglalta: Ralf_S_Tomasso | Rendszám: 177 | Model: Hydra | Tulaj USAF >>
[02:53:42] Amos_Toretto készpénzt adott neki: Amos_Toretto - Összeg: 90000000Ft - Régi: 0 - Új: 90000000
[03:03:38] [/alefoglal Frakció]Lefoglalta: Ralf_S_Tomasso | Rendszám: 5 | Model: LSPD | Tulaj LSPD >>
[03:04:11] [/alefoglal Frakció]Lefoglalta: Ralf_S_Tomasso | Rendszám: 5 | Model: LSPD | Tulaj LSPD >>
[06:13:25] Krisztofer_Vincenzo beállította Krisztofer_Vincenzo készpénzét - Összeg: 0Ft - Régi: 4680000 - Új: 0 >>
[09:54:38] Krisztofer_Vincenzo beállította Krisztofer_Vincenzo készpénzét - Összeg: 0Ft - Régi: 4160000 - Új: 0 >>
[10:11:47] Amos_Toretto bezárta Stefan_Berger-t (AJ) Idõ: 10p - Oka: Amos_Toretto által - Oka: NonRP-s vezetés
[10:59:05] [/alefoglal VS]Lefoglalta: Ralf_S_Tomasso | Rendszám: 645 | Model: Buffalo | Tulaj: Kevin_S_Tomasso>>
[11:11:32] << Marcell_O_Neill lefoglalt egy jármûvet! Rendszám: 587 / Model: Ambulance >>
[11:38:18] [/alefoglal VS]Lefoglalta: Ralf_S_Tomasso | Rendszám: 698 | Model: NRG500 | Tulaj: Ralf_S_Tomasso>>
[12:06:15] Hizusu_Weedman készpénzt adott neki: Thomas_Berzerk - Összeg: 13629136Ft - Régi: 0 - Új: 13629136
[12:06:54] Mike_O_Neill készpénzt adott neki: Mike_O_Neill - Összeg: 38000Ft - Régi: 15000 - Új: 53000
[12:27:37] << [CheatHP] [68]Ralf_S_Tomasso adott 1hp-t neki: [63]Lucio_Zecchin(Animban) - Régi élet: 125.7, új: 126.7  >>
[12:27:40] << [CheatHP] [68]Ralf_S_Tomasso elvett 1hp-t tõle: [63]Lucio_Zecchin(Animban) - Régi élet: 126.7, új: 125.7  >>
[12:29:16] Ralf_S_Tomasso bezárta Antonn_Fedorov-t (AJ) Idõ: 35p - Oka: Ralf_S_Tomasso által - Oka: DM Szabályzat megszegése
[12:30:31] Krisztofer_Vincenzo bezárta Stefan_Berger-t (AJ) Idõ: 0p - Oka: Krisztofer_Vincenzo által - Oka: Cuff crash
[12:32:09] << Krisztofer_Vincenzo lefoglalt egy jármûvet! Rendszám: 780 / Model: Boxvillde >>
[12:41:50] Krisztofer_Vincenzo bezárta Lily_Miles-t (MZ) Idõ: 120p - Oka: Krisztofer_Vincenzo által - Oka: Ryan: IC - OOC keverés, OOC szidás[Kyle] 
[14:31:11] Hizusu bezárta Hizusu_Weedman-t (AJ) Idõ: 0p - Oka: Hizusu által - Oka: Bug..
[15:54:18] Ralf_S_Tomasso bezárta Ventura_Zecchin-t (AJ) Idõ: 0p - Oka: Ralf_S_Tomasso által - Oka: megbeszélve
[16:19:34] Ralf_S_Tomasso bezárta Zero_Hopkins-t (AJ) Idõ: 0p - Oka: Ralf_S_Tomasso által - Oka: cuffban crash ((getelem))
[16:27:23] Ralf_S_Tomasso bezárta Zero_Hopkins-t (AJ) Idõ: 0p - Oka: Ralf_S_Tomasso által - Oka: cuffban kick ((getelem))
[18:00:39] Hizusu_Weedman készpénzt adott neki: Mike_O_Neill - Összeg: 5000000Ft - Régi: 53000 - Új: 5053000
[18:00:50] Ryan_Brasco beállította Hizusu_Weedman készpénzét - Összeg: 5580000Ft - Régi: 0 - Új: 5580000 >>
[18:01:04] Ryan_Brasco beállította Hizusu_Weedman készpénzét - Összeg: 0Ft - Régi: 5580000 - Új: 0 >>
[18:01:12] Hizusu_Weedman készpénzt adott neki: Mike_O_Neill - Összeg: 5000000Ft - Régi: 5053000 - Új: 10053000
[18:01:35] Mike_O_Neill készpénzt adott neki: Patrik_O_Neill - Összeg: 10000000Ft - Régi: 1 - Új: 10000001
[18:01:46] Mike_O_Neill készpénzt adott neki: Mike_O_Neill - Összeg: -10000000Ft - Régi: 10053000 - Új: 53000
[18:04:13] Mike_O_Neill készpénzt adott neki: Patrik_O_Neill - Összeg: -10000000Ft - Régi: 10000001 - Új: 1
[18:04:43] Hizusu_Weedman készpénzt adott neki: Hizusu_Weedman - Összeg: 40000000Ft - Régi: 0 - Új: 40000000
[18:05:08] Hizusu_Weedman készpénzt adott neki: Hizusu_Weedman - Összeg: -40000000Ft - Régi: 40000000 - Új: 0
[18:15:30] Patrik_O_Neill bezárta Zsori_Sandor-t (AJ) Idõ: 0p - Oka: Patrik_O_Neill által - Oka: kivéve!
[18:16:01] Patrik_O_Neill bezárta Earl_Camorra-t (AJ) Idõ: 0p - Oka: Patrik_O_Neill által - Oka: régi
[18:21:25] Ryan_Brasco beállította Ryan_Brasco készpénzét - Összeg: 2000000Ft - Régi: 0 - Új: 2000000 >>
[20:19:15] Patrik_O_Neill bezárta Emanuel_Garcia-t (AJ) Idõ: 0p - Oka: Patrik_O_Neill által - Oka: Kivéve elmenekült!
[21:14:40] Hizusu_Weedman banki pénzt adott neki: Hizusu_Weedman - Összeg: -2000000Ft - Régi: 91082550 - Új: 89082550
[21:27:51] Hizusu_Weedman banki pénzt adott neki: Kitty_Soprano - Összeg: -35000000Ft - Régi: 64752325 - Új: 29752325
[21:28:01] Hizusu_Weedman banki pénzt adott neki: Hizusu_Weedman - Összeg: 35000000Ft - Régi: 53681736 - Új: 88681736
[21:38:50] Hizusu_Weedman banki pénzt adott neki: Blake_B_Salvatore - Összeg: 30000Ft - Régi: 3000000 - Új: 3030000
[21:38:59] Hizusu_Weedman banki pénzt adott neki: Blake_B_Salvatore - Összeg: -30000Ft - Régi: 3030000 - Új: 3000000
[21:41:29] Hizusu beállította Blake_B_Salvatore banki pénzét - Összeg: 3000000Ft - Régi: 2400000 - Új: 3000000
[21:49:17] Hizusu_Weedman banki pénzt adott neki: Hizusu_Weedman - Összeg: -20000000Ft - Régi: 108659920 - Új: 88659920
[21:58:54] Hizusu_Weedman banki pénzt adott neki: James_D_Freeman - Összeg: 1300000Ft - Régi: 280528 - Új: 1580528
[22:02:43] Hizusu_Weedman banki pénzt adott neki: Hizusu_Weedman - Összeg: 10000000Ft - Régi: 78702112 - Új: 88702112
[22:06:35] Ralf_S_Tomasso bezárta Yamato_Bosco-t (AJ) Idõ: 0p - Oka: Ralf_S_Tomasso által - Oka: cuffcrash (( kimenekítették))
[22:26:01] Milinte_Brasco bezárta Sergei_B_Dueno-t (AJ) Idõ: 25p - Oka: Milinte_Brasco által - Oka: NONRP
[23:07:14] Franklin_F_Gates beállította Nelson_Washington készpénzét - Összeg: 1100000Ft - Régi: 0 - Új: 1100000 >>
