[00:03:02] << Marcell_O_Neill lefoglalt egy jármûvet! Rendszám: 14 / Model: HPV1000 >>
[00:09:43] Edie_Morra bezárta Edie_Morra-t (AJ) Idõ: 0p - Oka: Edie_Morra által - Oka: 0
[00:13:57] Dolph_F_Gates készpénzt adott neki: Guillermo_Butler - Összeg: 120000000Ft - Régi: 17269 - Új: 120017269
[00:19:33] << Dolph_F_Gates lefoglalt egy jármûvet! Rendszám: 1014 / Model: Premier >>
[00:50:14] Patrik_O_Neill bezárta Freddie_B_Scaletta-t (AJ) Idõ: 0p - Oka: Patrik_O_Neill által - Oka: Bilincsbe Crash!
[01:43:22] << Marcell_O_Neill lefoglalt egy jármûvet! Rendszám: 14 / Model: HPV1000 >>
[02:26:58] Nugato bezárta Freddie_B_Scaletta-t (AJ) Idõ: 30p - Oka: Nugato által - Oka: DM
[02:44:22] << Marcell_O_Neill lefoglalt egy jármûvet! Rendszám: 5 / Model: LSPD >>
[02:45:41] << Marcell_O_Neill lefoglalt egy jármûvet! Rendszám: 5 / Model: LSPD >>
[02:57:45] << Marcell_O_Neill lefoglalt egy jármûvet! Rendszám: 976 / Model: HotringA >>
[12:01:29] Jason_Toretto bezárta Nick_R_Wilson-t (MZ) Idõ: 50p - Oka: Jason_Toretto által - Oka: Animba miért kúszol (per)megpróbál nélkül 1 km-ert?
[12:04:43] Ralf_S_Tomasso bezárta Pekano_S_Barett-t (AJ) Idõ: 0p - Oka: Ralf_S_Tomasso által - Oka: cuffcrash
[12:10:47] Ralf_S_Tomasso bezárta Diaz_Freeman-t (AJ) Idõ: 0p - Oka: Ralf_S_Tomasso által - Oka: cuffcrash
[12:15:57] Ralf_S_Tomasso bezárta Georg_B_Hollywood-t (AJ) Idõ: 45p - Oka: Ralf_S_Tomasso által - Oka: Animba lévõ rendõr kirablása
[13:16:36] Ralf_S_Tomasso bezárta Lucio_Zecchin-t (AJ) Idõ: 30p - Oka: Ralf_S_Tomasso által - Oka: NonRP, Animba ugrálás 1 km-et
[13:28:44] Ralf_S_Tomasso bezárta Ryan_Brasco-t (AJ) Idõ: 30p - Oka: Ralf_S_Tomasso által - Oka: DM szabályzat megszegése
[13:33:40] Ralf_S_Tomasso bezárta Max_Navarro-t (AJ) Idõ: 30p - Oka: Ralf_S_Tomasso által - Oka: DM szabályzat megszegése
[13:35:26] Ralf_S_Tomasso bezárta Ryan_Brasco-t (AJ) Idõ: 0p - Oka: Ralf_S_Tomasso által - Oka: Megbeszélve
[14:22:21] Jason_Toretto bezárta Nick_Vitale-t (MZ) Idõ: 60p - Oka: Jason_Toretto által - Oka: DM
[14:24:29] Jason_Toretto bezárta Ryan_Brasco-t (MZ) Idõ: 30p - Oka: Jason_Toretto által - Oka: dm
[14:25:03] Jason_Toretto bezárta Ryan_Brasco-t (AJ) Idõ: 0p - Oka: Jason_Toretto által - Oka: kivéve
[15:48:06] << Marcell_O_Neill lefoglalt egy jármûvet! Rendszám: 134 / Model: Faggio >>
[16:27:29] Nugato beállította Nagy_Atilla banki pénzét - Összeg: 0Ft - Régi: 1583814 - Új: 0
[16:27:57] Nagato_Brasco banki pénzt adott neki: Nagy_Atilla - Összeg: 1583814Ft - Régi: 0 - Új: 1583814
[16:32:09] Nugato bezárta Georg_B_Hollywood-t (AJ) Idõ: 0p - Oka: Nugato által - Oka: lecsukják
[16:35:32] Patrik_O_Neill bezárta Travis_Dominguez-t (AJ) Idõ: 20p - Oka: Patrik_O_Neill által - Oka: Rp szitu kilépés (megbeszélve enyhités)
[15:57:39] Ralf_S_Tomasso bezárta Ventura_Zecchin-t (AJ) Idõ: 0p - Oka: Ralf_S_Tomasso által - Oka: Cuffban elment a szeró
[16:22:04] Krisztofer_Vincenzo bezárta Henry_Tomasino-t (AJ) Idõ: 0p - Oka: Krisztofer_Vincenzo által - Oka: Lecsukják
[17:31:26] Connor_O_Neill bezárta Jason_B_Hollywood-t (AJ) Idõ: 16p - Oka: Connor_O_Neill által - Oka: NonRP-s vezetés
[19:07:17] << Marcell_O_Neill lefoglalt egy jármûvet! Rendszám: 965 / Model: Merit >>
[19:07:55] << Marcell_O_Neill lefoglalt egy jármûvet! Rendszám: 821 / Model: Buffalo >>
[19:54:56] John bezárta Lucio_Zecchin-t (AJ) Idõ: 0p - Oka: John által - Oka: Kiveszem.
[20:01:18] Marcell_O_Neill bezárta John_Salivan-t (AJ) Idõ: 10p - Oka: Marcell_O_Neill által - Oka: Enyhítés
[20:05:50] << Terno_Tommys lefoglalt egy jármûvet! Rendszám: 12 / Model: NRG500 >>
[20:30:06] [/alefoglal VS]Lefoglalta: Ralf_S_Tomasso | Rendszám: 722 | Model: Infernus | Tulaj: Ralf_S_Tomasso>>
[20:33:52] [/alefoglal VS]Lefoglalta: Ralf_S_Tomasso | Rendszám: 793 | Model: Andromada | Tulaj: Bitsch_M_Walker>>
[20:34:53] [/alefoglal VS]Lefoglalta: Ralf_S_Tomasso | Rendszám: 793 | Model: Andromada | Tulaj: Bitsch_M_Walker>>
[20:38:20] [/alefoglal VS]Lefoglalta: Ralf_S_Tomasso | Rendszám: 793 | Model: Andromada | Tulaj: Bitsch_M_Walker>>
[20:45:05] [/alefoglal Frakció]Lefoglalta: Ralf_S_Tomasso | Rendszám: 34 | Model: Infernus | Tulaj FBI >>
[20:49:27] [/alefoglal Frakció]Lefoglalta: Ralf_S_Tomasso | Rendszám: 158 | Model: Hydra | Tulaj USAF >>
[20:52:29] Jason_Toretto bezárta Nick_Vitale-t (AJ) Idõ: 0p - Oka: Jason_Toretto által - Oka: megbeszélve
[20:54:10] [/alefoglal Frakció]Lefoglalta: Ralf_S_Tomasso | Rendszám: 158 | Model: Hydra | Tulaj USAF >>
[20:58:29] Nugato bezárta Nagato_Brasco-t (AJ) Idõ: 0p - Oka: Nugato által - Oka: Kiképzés
[21:16:06] Nagato_Brasco készpénzt adott neki: Krisztofer_Vincenzo - Összeg: 900000Ft - Régi: 0 - Új: 900000
[21:22:59] Ralf_S_Tomasso bezárta Carlos_D_Surenos-t (AJ) Idõ: 0p - Oka: Ralf_S_Tomasso által - Oka: cuffcrash (( megmentették volna ))
[21:30:50] Nagato_Brasco készpénzt adott neki: Krisztofer_Vincenzo - Összeg: -600000Ft - Régi: 600000 - Új: 0
[21:32:43] Jason_Toretto bezárta Stefan_D_Zecchin-t (AJ) Idõ: 35p - Oka: Jason_Toretto által - Oka: SK
[21:44:42] Nagato_Brasco készpénzt adott neki: Krisztofer_Vincenzo - Összeg: 300000Ft - Régi: 0 - Új: 300000
[21:47:23] Nagato_Brasco beállította Krisztofer_Vincenzo készpénzét - Összeg: 300000Ft - Régi: 220098 - Új: 300000 >>
[21:47:59] Nagato_Brasco készpénzt adott neki: Krisztofer_Vincenzo - Összeg: -79902Ft - Régi: 0 - Új: -79902
[21:53:20] Nagato_Brasco készpénzt adott neki: Krisztofer_Vincenzo - Összeg: 300000Ft - Régi: 0 - Új: 300000
[23:06:28] Jason_Toretto bezárta William_Cortez-t (AJ) Idõ: 35p - Oka: Jason_Toretto által - Oka: rablás utáni ölés
[23:35:12] Mike_O_Neill bezárta William_Cortez-t (AJ) Idõ: 0p - Oka: Mike_O_Neill által - Oka: kiveszem
