[00:00:24] [/alefoglal Frakció]Lefoglalta: Ralf_S_Tomasso | Rendszám: 16 | Model: Cargobob | Tulaj LSPD >>
[00:26:03] << Marcell_O_Neill lefoglalt egy jármûvet! Rendszám: 12 / Model: NRG500 >>
[00:26:43] << Marcell_O_Neill lefoglalt egy jármûvet! Rendszám: 181 / Model: Maverick >>
[00:27:30] << Marcell_O_Neill lefoglalt egy jármûvet! Rendszám: 1057 / Model: NRG500 >>
[00:27:49] << Marcell_O_Neill lefoglalt egy jármûvet! Rendszám: 1057 / Model: NRG500 >>
[00:56:28] Patrik_O_Neill bezárta Rick_Aciano-t (AJ) Idõ: 0p - Oka: Patrik_O_Neill által - Oka: Cuffba Crash kiveszem!
[00:56:32] Connor_O_Neill bezárta Diego_Aciano-t (AJ3) Idõ: 45p - Oka: Connor_O_Neill által - Oka: Forgalmas helyen való lövöldözés, rendõr fegyverért kirablása
[00:57:22] Marcell_O_Neill bezárta Marcell_O_Neill-t (AJ) Idõ: 35p - Oka: Marcell_O_Neill által - Oka: Lassan kéne aludnod!! Ne játsz annyit!
[00:58:09] Marcell_O_Neill bezárta Marcell_O_Neill-t (AJ) Idõ: 0p - Oka: Marcell_O_Neill által - Oka: Vicc 
[00:58:17] << Marcell_O_Neill lefoglalt egy jármûvet! Rendszám: 148 / Model: Faggio >>
[01:38:34] [/alefoglal VS]Lefoglalta: Ralf_S_Tomasso | Rendszám: 226 | Model: HotringA | Tulaj: Ralf_S_Tomasso>>
[01:45:56] [/alefoglal Frakció]Lefoglalta: Ralf_S_Tomasso | Rendszám: 151 | Model: Rhino | Tulaj USAF >>
[01:49:28] [/alefoglal Frakció]Lefoglalta: Ralf_S_Tomasso | Rendszám: 151 | Model: Rhino | Tulaj USAF >>
[01:49:38] [/alefoglal]Lefoglalta: Ralf_S_Tomasso | Rendszám: 94 | Model: Mountain  >>
[01:49:50] [/alefoglal Frakció]Lefoglalta: Ralf_S_Tomasso | Rendszám: 151 | Model: Rhino | Tulaj USAF >>
[01:49:55] [/alefoglal Frakció]Lefoglalta: Ralf_S_Tomasso | Rendszám: 151 | Model: Rhino | Tulaj USAF >>
[08:45:06] Marcell_O_Neill készpénzt adott neki: Hanzon_Soprano - Összeg: 10000000Ft - Régi: 0 - Új: 10000000
[09:48:13] << Terno_Tommys lefoglalt egy jármûvet! Rendszám: 1069 / Model: Roadtrain >>
[11:18:11] << Marcell_O_Neill lefoglalt egy jármûvet! Rendszám: 66 / Model: Ambulance >>
[11:21:26] << Marcell_O_Neill lefoglalt egy jármûvet! Rendszám: 66 / Model: Ambulance >>
[11:29:44] Ralf_S_Tomasso bezárta Dave_R_Vincenzo-t (AJ) Idõ: 0p - Oka: Ralf_S_Tomasso által - Oka: cuffcrash
[11:30:34] << Marcell_O_Neill lefoglalt egy jármûvet! Rendszám: 66 / Model: Ambulance >>
[11:31:12] Ralf_S_Tomasso bezárta Fekete_Erik-t (AJ) Idõ: 0p - Oka: Ralf_S_Tomasso által - Oka: cuffcrash
[11:31:51] [/alefoglal Munkakocsi]Lefoglalta: Ralf_S_Tomasso | Rendszám: 299 | Model: Kart  Tulaj 0 munka>>
[11:34:03] Marcell_O_Neill bezárta Marcel_B_Hollywood-t (AJ) Idõ: 15p - Oka: Marcell_O_Neill által - Oka: Enyhítés
[11:35:04] Marcell_O_Neill bezárta Marcel_B_Hollywood-t (AJ) Idõ: 0p - Oka: Marcell_O_Neill által - Oka: Sorry.
[11:47:29] [/alefoglal Munkakocsi]Lefoglalta: Ralf_S_Tomasso | Rendszám: 297 | Model: Kart  Tulaj 0 munka>>
[11:48:03] [/alefoglal Frakció]Lefoglalta: Ralf_S_Tomasso | Rendszám: 46 | Model: Sultan | Tulaj FBI >>
[11:49:43] [/alefoglal]Lefoglalta: Ralf_S_Tomasso | Rendszám: 892 | Model: RCBaron  >>
[11:53:21] [/alefoglal]Lefoglalta: Ralf_S_Tomasso | Rendszám: 892 | Model: RCBaron  >>
[12:08:13] Mike_O_Neill készpénzt adott neki: Steve_Sanchez - Összeg: 25000Ft - Régi: 0 - Új: 25000
[12:08:29] [/alefoglal Frakció]Lefoglalta: Mike_O_Neill | Rendszám: 151 | Model: Rhino | Tulaj USAF >>
[12:18:44] Mike bezárta Joker_Surenos-t (AJ) Idõ: 0p - Oka: Mike által - Oka: kress
[12:26:07] [/alefoglal VS]Lefoglalta: Mike_O_Neill | Rendszám: 657 | Model: Jester | Tulaj: Dominic_Sanchez>>
[12:27:35] Marcell_O_Neill készpénzt adott neki: Dr_Faust_Lucius - Összeg: -121411Ft - Régi: 121411 - Új: 0
[12:27:47] Marcell_O_Neill készpénzt adott neki: Marcell_O_Neill - Összeg: 121411Ft - Régi: 0 - Új: 121411
[12:28:16] [/alefoglal VS]Lefoglalta: Mike_O_Neill | Rendszám: 658 | Model: Boxville | Tulaj: Nick_F_Gates>>
[12:33:27] [/alefoglal VS]Lefoglalta: Mike_O_Neill | Rendszám: 660 | Model: Sabre | Tulaj: George_Gates>>
[12:35:07] [/alefoglal VS]Lefoglalta: Mike_O_Neill | Rendszám: 93 | Model: Cheetah | Tulaj: Nick_F_Gates>>
[12:35:22] [/alefoglal VS]Lefoglalta: Mike_O_Neill | Rendszám: 93 | Model: Cheetah | Tulaj: Nick_F_Gates>>
[12:35:44] [/alefoglal VS]Lefoglalta: Mike_O_Neill | Rendszám: 657 | Model: Jester | Tulaj: Dominic_Sanchez>>
[12:38:43] [/alefoglal VS]Lefoglalta: Mike_O_Neill | Rendszám: 985 | Model: Infernus | Tulaj: Fred_Gates>>
[13:24:15] Mike bezárta Nadasi_Gyorgy-t (AJ) Idõ: 30p - Oka: Mike által - Oka: PG
[13:26:31] [/alefoglal VS]Lefoglalta: Mike_O_Neill | Rendszám: 648 | Model: Sultan | Tulaj: Sota_Cortez>>
[13:30:59] [/alefoglal VS]Lefoglalta: Mike_O_Neill | Rendszám: 657 | Model: Jester | Tulaj: Nincs_Tulaj>>
[13:31:22] [/alefoglal Munkakocsi]Lefoglalta: Mike_O_Neill | Rendszám: 510 | Model: Sultan  Tulaj 25 munka>>
[13:33:27] [/alefoglal VS]Lefoglalta: Mike_O_Neill | Rendszám: 93 | Model: Cheetah | Tulaj: Nincs_Tulaj>>
[13:36:32] [/alefoglal VS]Lefoglalta: Mike_O_Neill | Rendszám: 93 | Model: Sabre | Tulaj: Nincs_Tulaj>>
[13:39:32] [/alefoglal VS]Lefoglalta: Mike_O_Neill | Rendszám: 648 | Model: Sultan | Tulaj: Nincs_Tulaj>>
[13:42:00] [/alefoglal VS]Lefoglalta: Mike_O_Neill | Rendszám: 660 | Model: Infernus | Tulaj: Nincs_Tulaj>>
[13:48:38] Mike_O_Neill beállította Mike_O_Neill készpénzét - Összeg: 15000Ft - Régi: 2079616 - Új: 15000 >>
[14:30:39] Connor_O_Neill bezárta Ventura_Zecchin-t (AJ) Idõ: 20p - Oka: Connor_O_Neill által - Oka: NonRP
[14:31:06] Connor_O_Neill bezárta Rick_Aciano-t (AJ) Idõ: 25p - Oka: Connor_O_Neill által - Oka: PG
[15:48:28] Edie_Morra bezárta Grew_Brasco-t (AJ) Idõ: 15p - Oka: Edie_Morra által - Oka: IRL Nem tudhasz a C.I.a Ról: MG
[15:52:44] Edie_Morra bezárta Krist_Roscoe-t (AJ) Idõ: 30p - Oka: Edie_Morra által - Oka: NonRP
[15:52:49] Edie_Morra bezárta Edie_Morra-t (AJ) Idõ: 30p - Oka: Edie_Morra által - Oka: NonRP
[16:17:54] Edie_Morra bezárta Edie_Morra-t (AJ) Idõ: 8p - Oka: Edie_Morra által - Oka: NonRP enyhítve
[16:28:52] Edie_Morra bezárta Matt_Creed-t (AJ) Idõ: 15p - Oka: Edie_Morra által - Oka: NonRP
[17:35:02] Connor_O_Neill bezárta Wolczyk_T_Sorrentino-t (AJ) Idõ: 0p - Oka: Connor_O_Neill által - Oka: kiszedem
[17:42:06] Edie_Morra beállította Hajdu_Ubul banki pénzét - Összeg: 44944214Ft - Régi: -4944214 - Új: 44944214
[17:44:16] Connor_O_Neill bezárta Mark_Bishop-t (AJ) Idõ: 0p - Oka: Connor_O_Neill által - Oka: cuffbug
[17:50:06] Edie_Morra bezárta Dave_R_Vincenzo-t (AJ) Idõ: 0p - Oka: Edie_Morra által - Oka: Bug
[17:50:07] Edie_Morra bezárta Dave_R_Vincenzo-t (AJ) Idõ: 0p - Oka: Edie_Morra által - Oka: Bug
[17:59:09] Connor_O_Neill bezárta Dave_R_Vincenzo-t (AJ) Idõ: 10p - Oka: Connor_O_Neill által - Oka: Crashelés miatt
[18:12:15] Edie_Morra bezárta James_Creed-t (AJ) Idõ: 0p - Oka: Edie_Morra által - Oka: 0
[18:44:53] << Keny_Eastwood lefoglalt egy jármûvet! Rendszám: 94 / Model: Infernus >>
[18:52:05] << Edie_Morra lefoglalt egy jármûvet! Rendszám: 709 / Model: Maverick >>
[18:56:07] Keny_Eastwood bezárta Frank_Smatt-t (AJ) Idõ: 2p - Oka: Keny_Eastwood által - Oka: 30 Nonrp
[18:57:03] Keny_Eastwood bezárta Frank_Smatt-t (MZ) Idõ: 30p - Oka: Keny_Eastwood által - Oka: Nonrp
[18:59:44] [/alefoglal VS]Lefoglalta: Archie_B_Hollywood | Rendszám: 636 | Model: Elegy | Tulaj: Denaro_Brasco>>
[19:01:11] Archie_B_Hollywood banki pénzt adott neki: Archie_B_Hollywood - Összeg: 5000000Ft - Régi: 158095965 - Új: 163095965
[19:04:11] [/alefoglal VS]Lefoglalta: Archie_B_Hollywood | Rendszám: 671 | Model: Premier | Tulaj: Dom_M_Harris>>
[19:04:53] [/alefoglal VS]Lefoglalta: Archie_B_Hollywood | Rendszám: 636 | Model: Elegy | Tulaj: Denaro_Brasco>>
[19:05:14] Keny_Eastwood bezárta Frank_Smatt-t (AJ) Idõ: 30p - Oka: Keny_Eastwood által - Oka: Nonrp
[19:05:18] [/alefoglal VS]Lefoglalta: Archie_B_Hollywood | Rendszám: 636 | Model: Elegy | Tulaj: Denaro_Brasco>>
[19:21:06] Keny_Eastwood bezárta Szekely_Klara-t (AJ3) Idõ: 30p - Oka: Keny_Eastwood által - Oka: DM
[19:21:30] [/alefoglal VS]Lefoglalta: Archie_B_Hollywood | Rendszám: 655 | Model: Infernus | Tulaj: Joe_Wheeler>>
[19:21:49] [/alefoglal VS]Lefoglalta: Archie_B_Hollywood | Rendszám: 711 | Model: Infernus | Tulaj: Archie_B_Hollywood>>
[19:23:54] << Keny_Eastwood lefoglalt egy jármûvet! Rendszám: 219 / Model: Savanna >>
[19:23:56] Connor_O_Neill bezárta Lesley_Antony-t (AJ) Idõ: 15p - Oka: Connor_O_Neill által - Oka: Munkajármû magáncélra használása, széthagyása
[19:23:57] [/alefoglal VS]Lefoglalta: Archie_B_Hollywood | Rendszám: 711 | Model: Infernus | Tulaj: Archie_B_Hollywood>>
[19:24:17] << Keny_Eastwood lefoglalt egy jármûvet! Rendszám: 219 / Model: Savanna >>
[19:24:36] << Keny_Eastwood lefoglalt egy jármûvet! Rendszám: 848 / Model: Savanna >>
[19:25:32] << Keny_Eastwood lefoglalt egy jármûvet! Rendszám: 219 / Model: Savanna >>
[19:25:50] << Keny_Eastwood lefoglalt egy jármûvet! Rendszám: 219 / Model: Savanna >>
[19:26:00] << Keny_Eastwood lefoglalt egy jármûvet! Rendszám: 848 / Model: Savanna >>
[19:26:10] << Keny_Eastwood lefoglalt egy jármûvet! Rendszám: 796 / Model: DFT30 >>
[19:26:19] << Keny_Eastwood lefoglalt egy jármûvet! Rendszám: 213 / Model: Boxvillde >>
[19:53:37] Connor_O_Neill bezárta Ryder_B_Dueno-t (AJ) Idõ: 0p - Oka: Connor_O_Neill által - Oka: Véletlen floodolta
[19:57:46] Connor_O_Neill bezárta Henry_Tomasino-t (AJ) Idõ: 0p - Oka: Connor_O_Neill által - Oka: kiszedem
[20:06:45] Connor_O_Neill bezárta Daniel_Sedin-t (AJ3) Idõ: 25p - Oka: Connor_O_Neill által - Oka: PK: PG
[20:15:31] Connor_O_Neill bezárta Henrik_Sedin-t (AJ3) Idõ: 25p - Oka: Connor_O_Neill által - Oka: PK: PG
[20:25:24] Connor_O_Neill bezárta James_Creed-t (AJ) Idõ: 60p - Oka: Connor_O_Neill által - Oka: PK: DM
[20:38:45] Connor_O_Neill bezárta James_Creed-t (AJ3) Idõ: 30p - Oka: Connor_O_Neill által - Oka: PK:DM-Enyhítés
[23:48:35] Krisztofer_Vincenzo beállította Krisztofer_Vincenzo készpénzét - Összeg: 300000Ft - Régi: 0 - Új: 300000 >>
[23:48:58] Krisztofer_Vincenzo beállította Krisztofer_Vincenzo készpénzét - Összeg: 50000Ft - Régi: 300000 - Új: 50000 >>
[23:49:05] Krisztofer_Vincenzo beállította Krisztofer_Vincenzo készpénzét - Összeg: 350000Ft - Régi: 50000 - Új: 350000 >>
[23:53:25] << Amos_Toretto lefoglalt egy jármûvet! Rendszám: 127 / Model: Savanna >>
[23:56:25] Krisztofer_Vincenzo beállította Krisztofer_Vincenzo készpénzét - Összeg: 100000Ft - Régi: 0 - Új: 100000 >>
