[08:23:54] << Barney_Stinson lefoglalt egy jármûvet! Rendszám: 756 / Model: Sanchez >>
[08:26:09] << Barney_Stinson lefoglalt egy jármûvet! Rendszám: 756 / Model: Sanchez >>
[08:28:40] << Barney_Stinson lefoglalt egy jármûvet! Rendszám: 756 / Model: Sanchez >>
[08:32:49] Barney_Stinson készpénzt adott neki: Barney_Stinson - Összeg: 50000000Ft - Régi: 0 - Új: 50000000
[08:33:27] Edie_Morra készpénzt adott neki: Edie_Morra - Összeg: 18000000Ft - Régi: 0 - Új: 18000000
[08:41:32] << Barney_Stinson lefoglalt egy jármûvet! Rendszám: 758 / Model: Premier >>
[08:44:51] << Edie_Morra lefoglalt egy jármûvet! Rendszám: 761 / Model: Elegant >>
[08:48:01] << Edie_Morra lefoglalt egy jármûvet! Rendszám: 762 / Model: Premier >>
[08:49:29] << Edie_Morra lefoglalt egy jármûvet! Rendszám: 763 / Model: Freeway >>
[08:51:54] << Barney_Stinson lefoglalt egy jármûvet! Rendszám: 765 / Model: Sabre >>
[08:52:41] << Edie_Morra lefoglalt egy jármûvet! Rendszám: 769 / Model: Faggio >>
[08:53:09] << Edie_Morra lefoglalt egy jármûvet! Rendszám: 769 / Model: Faggio >>
[09:00:32] << Barney_Stinson lefoglalt egy jármûvet! Rendszám: 773 / Model: Voodoo >>
[09:03:34] << Barney_Stinson lefoglalt egy jármûvet! Rendszám: 775 / Model: Camper >>
[09:11:25] [/alefoglal Frakció]Lefoglalta: Ralf_S_Tomasso | Rendszám: 36 | Model: Infernus | Tulaj FBI >>
[09:12:50] Barney_Stinson készpénzt adott neki: Barney_Stinson - Összeg: 60000000Ft - Régi: 15938383 - Új: 75938383
[09:13:47] Barney_Stinson készpénzt adott neki: Barney_Stinson - Összeg: 600000000Ft - Régi: 75938383 - Új: 675938383
[09:19:37] [/alefoglal VS]Lefoglalta: Ralf_S_Tomasso | Rendszám: 784 | Model: Raindance | Tulaj: Barney_Stinson>>
[09:20:56] [/alefoglal VS]Lefoglalta: Ralf_S_Tomasso | Rendszám: 784 | Model: Raindance | Tulaj: Barney_Stinson>>
[09:21:12] << Barney_Stinson lefoglalt egy jármûvet! Rendszám: 784 / Model: Raindance >>
[09:21:39] << Barney_Stinson lefoglalt egy jármûvet! Rendszám: 784 / Model: Raindance >>
[09:21:58] << Barney_Stinson lefoglalt egy jármûvet! Rendszám: 784 / Model: Raindance >>
[09:22:29] << Barney_Stinson lefoglalt egy jármûvet! Rendszám: 784 / Model: Raindance >>
[09:22:44] [/alefoglal VS]Lefoglalta: Ralf_S_Tomasso | Rendszám: 784 | Model: Raindance | Tulaj: Barney_Stinson>>
[09:23:06] [/alefoglal VS]Lefoglalta: Ralf_S_Tomasso | Rendszám: 784 | Model: Raindance | Tulaj: Barney_Stinson>>
[09:52:24] Edie_Morra beállította Edie_Morra készpénzét - Összeg: 600000Ft - Régi: 0 - Új: 600000 >>
[09:52:31] Edie_Morra beállította Edie_Morra készpénzét - Összeg: 6000000Ft - Régi: 600000 - Új: 6000000 >>
[09:52:34] Edie_Morra beállította Edie_Morra készpénzét - Összeg: 60000000Ft - Régi: 6000000 - Új: 60000000 >>
[09:53:46] Edie_Morra beállította Randy_Brasco készpénzét - Összeg: 600000000Ft - Régi: 0 - Új: 600000000 >>
[09:56:40] Ralf_S_Tomasso banki pénzt adott neki: Ralf_S_Tomasso - Összeg: 8Ft - Régi: 70314058 - Új: 70314066
[09:56:53] Ralf_S_Tomasso banki pénzt adott neki: Ralf_S_Tomasso - Összeg: 80000000Ft - Régi: 70314066 - Új: 150314066
[09:59:02] << Barney_Stinson lefoglalt egy jármûvet! Rendszám: 784 / Model: Raindance >>
[10:13:35] Ralf_S_Tomasso banki pénzt adott neki: Ralf_S_Tomasso - Összeg: 40000000Ft - Régi: 68931066 - Új: 108931066
[10:15:39] << Barney_Stinson lefoglalt egy jármûvet! Rendszám: 764 / Model: Freeway >>
[10:16:16] [/alefoglal VS]Lefoglalta: Ralf_S_Tomasso | Rendszám: 780 | Model: Infernus | Tulaj: Ralf_S_Tomasso>>
[10:23:29] William_W_Andrews banki pénzt adott neki: Milinte_Brasco - Összeg: 80000000Ft - Régi: 4117030 - Új: 84117030
[10:49:55] << Barney_Stinson lefoglalt egy jármûvet! Rendszám: 93 / Model: Ambulance >>
[10:49:58] << Barney_Stinson lefoglalt egy jármûvet! Rendszám: 93 / Model: Ambulance >>
[10:50:43] << Barney_Stinson lefoglalt egy jármûvet! Rendszám: 93 / Model: Ambulance >>
[10:51:40] << Barney_Stinson lefoglalt egy jármûvet! Rendszám: 93 / Model: Ambulance >>
[11:27:59] << [CheatArmor] [16]Patrik_O_Neill adott 1 páncélt neki: [16]Patrik_O_Neill - Régi élet: 0.0, új: 5.0  >>
[11:41:17] << Dolph_F_Gates lefoglalt egy jármûvet! Rendszám: 78 / Model: Freeway >>
[11:53:57] << Dolph_F_Gates lefoglalt egy jármûvet! Rendszám: 186 / Model: Savanna >>
[12:21:12] << Dolph_F_Gates lefoglalt egy jármûvet! Rendszám: 23 / Model: LVPD >>
[12:43:13] Edie_Morra bezárta James_Ryan-t (MZ) Idõ: 0p - Oka: Edie_Morra által - Oka: 0
[13:40:30] << Mike_O_Neill lefoglalt egy jármûvet! Rendszám: 600 / Model: Enforcer >>
[14:16:47] << Dolph_F_Gates lefoglalt egy jármûvet! Rendszám: 133 / Model: Maverick >>
[15:22:31] << [CheatArmor] [18]Patrik_O_Neill elvett 1 páncélt tõle: [18]Patrik_O_Neill - Régi élet: 0.0, új: 6.0  >>
[15:45:11] Edie_Morra beállította Edie_Morra készpénzét - Összeg: 50000000Ft - Régi: 0 - Új: 50000000 >>
[15:45:29] Edie_Morra beállította Edie_Morra készpénzét - Összeg: 50000000Ft - Régi: 50000000 - Új: 50000000 >>
[15:45:41] Edie_Morra beállította Edie_Morra készpénzét - Összeg: 50000000Ft - Régi: 50000000 - Új: 50000000 >>
[15:45:41] Edie_Morra beállította Edie_Morra készpénzét - Összeg: 50000000Ft - Régi: 50000000 - Új: 50000000 >>
[15:45:45] Edie_Morra beállította Edie_Morra készpénzét - Összeg: 50000000Ft - Régi: 50000000 - Új: 50000000 >>
[15:45:53] Edie_Morra beállította Edie_Morra készpénzét - Összeg: 90000000Ft - Régi: 50000000 - Új: 90000000 >>
[16:29:24] Patrik_O_Neill bezárta Mike_O_Neill-t (AJ) Idõ: 1p - Oka: Patrik_O_Neill által - Oka: Dm 
[16:29:59] Mike_O_Neill bezárta Patrik_O_Neill-t (AJ3) Idõ: 600p - Oka: Mike_O_Neill által - Oka: Cheat
[16:31:46] Patrik_O_Neill bezárta Patrik_O_Neill-t (AJ) Idõ: 3p - Oka: Patrik_O_Neill által - Oka: 0 hagyá
[16:32:01] Patrik_O_Neill bezárta Patrik_O_Neill-t (AJ) Idõ: 0p - Oka: Patrik_O_Neill által - Oka: 0 hagyá
