[00:44:34] << Marcell_O_Neill lefoglalt egy jármûvet! Rendszám: 987 / Model: Premier >>
[00:45:49] << Marcell_O_Neill lefoglalt egy jármûvet! Rendszám: 643 / Model: Infernus >>
[01:46:33] Marcell_O_Neill készpénzt adott neki: Darius_N_Ortega - Összeg: 60000Ft - Régi: 0 - Új: 60000
[01:54:53] << Marcell_O_Neill lefoglalt egy jármûvet! Rendszám: 643 / Model: MonsterB >>
[02:43:32] Marcell_O_Neill készpénzt adott neki: Marcell_O_Neill - Összeg: 1Ft - Régi: 0 - Új: 1
[10:30:04] [/alefoglal Frakció]Lefoglalta: Ralf_S_Tomasso | Rendszám: 101 | Model: Patriot | Tulaj USAF >>
[10:58:29] Ralf_S_Tomasso beállította Chris_S_Black banki pénzét - Összeg: 10848741Ft - Régi: 11798741 - Új: 10848741
[11:02:22] [/alefoglal VS]Lefoglalta: Ralf_S_Tomasso | Rendszám: 516 | Model: Maverick | Tulaj: Victor_Jr_Zecchin>>
[11:05:30] [/alefoglal VS]Lefoglalta: Ralf_S_Tomasso | Rendszám: 516 | Model: Maverick | Tulaj: Victor_Jr_Zecchin>>
[11:11:24] [/alefoglal VS]Lefoglalta: Ralf_S_Tomasso | Rendszám: 683 | Model: Maverick | Tulaj: Marcel_B_Hollywood>>
[11:15:06] [/alefoglal VS]Lefoglalta: Ralf_S_Tomasso | Rendszám: 744 | Model: Stallion | Tulaj: Aldo_B_Dueno>>
[11:17:03] [/alefoglal VS]Lefoglalta: Ralf_S_Tomasso | Rendszám: 744 | Model: Stallion | Tulaj: Aldo_B_Dueno>>
[11:17:24] [/alefoglal Frakció]Lefoglalta: Ralf_S_Tomasso | Rendszám: 956 | Model: Yosemite | Tulaj FBI >>
[11:59:14] Ralf_S_Tomasso bezárta Matt_Creed-t (AJ) Idõ: 0p - Oka: Ralf_S_Tomasso által - Oka: CUffChrash((visszahozom))
[12:40:02] Ralf_S_Tomasso banki pénzt adott neki: Harold_G_Freeman - Összeg: 400000Ft - Régi: 330636 - Új: 730636
[12:40:51] Ralf_S_Tomasso bezárta Lucio_Zecchin-t (AJ) Idõ: 0p - Oka: Ralf_S_Tomasso által - Oka: cuffcrash
[12:55:01] Archie bezárta Dave_R_Vincenzo-t (AJ) Idõ: 0p - Oka: Archie által - Oka: cuff
[13:32:07] << Marcell_O_Neill lefoglalt egy jármûvet! Rendszám: 18 / Model: Ambulance >>
[13:32:14] << Marcell_O_Neill lefoglalt egy jármûvet! Rendszám: 18 / Model: Ambulance >>
[13:33:19] << Marcell_O_Neill lefoglalt egy jármûvet! Rendszám: 1 / Model: LSPD >>
[13:33:31] << Marcell_O_Neill lefoglalt egy jármûvet! Rendszám: 1 / Model: LSPD >>
[14:11:15] Milinte_Brasco bezárta Frank_Cobain-t (AJ) Idõ: 0p - Oka: Milinte_Brasco által - Oka: Régi.
[14:23:37] << Marcell_O_Neill lefoglalt egy jármûvet! Rendszám: 139 / Model: LSPD >>
[14:23:39] << Marcell_O_Neill lefoglalt egy jármûvet! Rendszám: 139 / Model: LSPD >>
[14:23:40] << Marcell_O_Neill lefoglalt egy jármûvet! Rendszám: 139 / Model: LSPD >>
[14:23:48] << Marcell_O_Neill lefoglalt egy jármûvet! Rendszám: 139 / Model: LSPD >>
[14:23:55] << Marcell_O_Neill lefoglalt egy jármûvet! Rendszám: 139 / Model: LSPD >>
[14:50:10] << Marcell_O_Neill lefoglalt egy jármûvet! Rendszám: 1002 / Model: Combine >>
[15:16:27] Marcell_O_Neill bezárta Marcell_O_Neill-t (AJ) Idõ: 0p - Oka: Marcell_O_Neill által - Oka: 0
[15:19:42] << Marcell_O_Neill lefoglalt egy jármûvet! Rendszám: 1005 / Model: NRG500 >>
[15:21:16] Marcell_O_Neill készpénzt adott neki: Natalia_Inferno - Összeg: 30000000Ft - Régi: 0 - Új: 30000000
[15:21:48] << Marcell_O_Neill lefoglalt egy jármûvet! Rendszám: 896 / Model: Sultan >>
[15:23:31] << Marcell_O_Neill lefoglalt egy jármûvet! Rendszám: 515 / Model: Bullet >>
[15:28:25] << Marcell_O_Neill lefoglalt egy jármûvet! Rendszám: 125 / Model: Maverick >>
[15:33:02] << Marcell_O_Neill lefoglalt egy jármûvet! Rendszám: 135 / Model: Speeder >>
[15:34:05] << Marcell_O_Neill lefoglalt egy jármûvet! Rendszám: 135 / Model: Speeder >>
[15:39:16] << Marcell_O_Neill lefoglalt egy jármûvet! Rendszám: 135 / Model: Speeder >>
[15:52:38] Jason_Toretto bezárta Dom_Aciano-t (MZ) Idõ: 1500p - Oka: Jason_Toretto által - Oka: Adminnak hazudás, FK. széf kirablása
[15:52:51] Jason_Toretto bezárta Diego_Aciano-t (MZ) Idõ: 1200p - Oka: Jason_Toretto által - Oka: FK. széf kirablása
[16:04:01] [/alefoglal Frakció]Lefoglalta: Ralf_S_Tomasso | Rendszám: 971 | Model: Premier | Tulaj C.I.A >>
[16:29:54] << Connor_O_Neill lefoglalt egy jármûvet! Rendszám: 71 / Model: Maverick >>
[16:32:12] Connor_O_Neill készpénzt adott neki: Connor_O_Neill - Összeg: 50000000Ft - Régi: 0 - Új: 50000000
[16:38:55] Connor_O_Neill banki pénzt adott neki: Connor_O_Neill - Összeg: 5000000Ft - Régi: 842675 - Új: 5842675
[16:46:51] << Connor_O_Neill lefoglalt egy jármûvet! Rendszám: 907 / Model: Bus >>
[18:33:37] Edie_Morra bezárta Krist_Roscoe-t (AJ) Idõ: 0p - Oka: Edie_Morra által - Oka: 0
[18:43:07] Edie_Morra bezárta James_D_Freeman-t (AJ) Idõ: 35p - Oka: Edie_Morra által - Oka: PG
[19:02:49] Patrik_O_Neill bezárta Doboska_Endre-t (AJ) Idõ: 20p - Oka: Patrik_O_Neill által - Oka: Munkajármû magáncélra használata!
[19:36:55] Patrik_O_Neill bezárta George_B_Hollywood-t (AJ) Idõ: 0p - Oka: Patrik_O_Neill által - Oka: Cuffba volt lecsukják!
[19:53:07] Milinte_Brasco bezárta Thomas_Berzerk-t (AJ) Idõ: 30p - Oka: Milinte_Brasco által - Oka: PG
[19:54:37] Edie_Morra bezárta Milinte_Brasco-t (MZ) Idõ: 120p - Oka: Edie_Morra által - Oka: Ez nem PG! 
[19:58:54] Edie_Morra bezárta Thomas_Berzerk-t (AJ) Idõ: 0p - Oka: Edie_Morra által - Oka: NemPG
[20:32:00] [/alefoglal VS]Lefoglalta: Keny_L_Brasco | Rendszám: 774 | Model: Infernus | Tulaj: Georg_B_Hollywood>>
[22:08:41] Connor_O_Neill bezárta Markus_D_Zecchin-t (AJ3) Idõ: 40p - Oka: Connor_O_Neill által - Oka: Ezt mire véljem?
[22:09:50] Patrik_O_Neill bezárta Valor_Colin-t (AJ) Idõ: 0p - Oka: Patrik_O_Neill által - Oka: Kórház Dm nem volt. kivéve!
[22:19:59] Connor_O_Neill bezárta Santos_O_Neill-t (AJ) Idõ: 0p - Oka: Connor_O_Neill által - Oka: Bug
[22:22:09] Connor_O_Neill bezárta Markus_D_Zecchin-t (AJ) Idõ: 16p - Oka: Connor_O_Neill által - Oka: Funolás-enyhítés
[23:09:22] << Marcell_O_Neill lefoglalt egy jármûvet! Rendszám: 141 / Model: LSPD >>
[23:14:38] << Marcell_O_Neill lefoglalt egy jármûvet! Rendszám: 1024 / Model: LSPD >>
[23:17:37] << Marcell_O_Neill lefoglalt egy jármûvet! Rendszám: 1024 / Model: LSPD >>
[23:22:21] << Connor_O_Neill lefoglalt egy jármûvet! Rendszám: 643 / Model: MonsterB >>
[23:26:01] << Connor_O_Neill lefoglalt egy jármûvet! Rendszám: 774 / Model: Infernus >>
[23:34:33] << Marcell_O_Neill lefoglalt egy jármûvet! Rendszám: 1034 / Model: Enforcer >>
