[00:10:56] Mike_O_Neill banki pénzt adott neki: Santos_O_Neill - Összeg: -100000Ft - Régi: 29364680 - Új: 29264680
[00:11:02] Mike_O_Neill banki pénzt adott neki: Patrik_O_Neill - Összeg: -100000Ft - Régi: 116062433 - Új: 115962433
[00:11:08] Mike_O_Neill banki pénzt adott neki: Mike_O_Neill - Összeg: -100000Ft - Régi: 40696107 - Új: 40596107
[00:13:08] Mike_O_Neill banki pénzt adott neki: Marcell_O_Neill - Összeg: -100000Ft - Régi: 11232585 - Új: 11132585
[00:30:52] Mike_O_Neill banki pénzt adott neki: Connor_O_Neill - Összeg: -100000Ft - Régi: 4093774 - Új: 3993774
[00:56:33] << Nagato_Brasco lefoglalt egy jármûvet! Rendszám: 652 / Model: Bullet >>
[00:56:59] << Nagato_Brasco lefoglalt egy jármûvet! Rendszám: 1007 / Model: Bullet >>
[01:07:06] << Marcell_O_Neill lefoglalt egy jármûvet! Rendszám: 748 / Model: MonsterB >>
[01:27:47] Mike_O_Neill banki pénzt adott neki: Mike_O_Neill - Összeg: 500000Ft - Régi: 40708384 - Új: 41208384
[01:42:26] Marcell_O_Neill készpénzt adott neki: Akos_White - Összeg: 500000Ft - Régi: 0 - Új: 500000
[01:55:56] Marcell_O_Neill készpénzt adott neki: Nagato_Brasco - Összeg: 5000Ft - Régi: 0 - Új: 5000
[01:56:34] Marcell_O_Neill készpénzt adott neki: Nagato_Brasco - Összeg: -5000Ft - Régi: 5000 - Új: 0
[02:09:28] << Marcell_O_Neill lefoglalt egy jármûvet! Rendszám: 1014 / Model: Boxvillde >>
[02:23:59] << Marcell_O_Neill lefoglalt egy jármûvet! Rendszám: 461 / Model: Romero >>
[02:28:41] << Marcell_O_Neill lefoglalt egy jármûvet! Rendszám: 461 / Model: Romero >>
[02:34:43] Marcell_O_Neill készpénzt adott neki: Marcell_O_Neill - Összeg: -10000000Ft - Régi: 0 - Új: -10000000
[02:34:58] Marcell_O_Neill készpénzt adott neki: Marcell_O_Neill - Összeg: 10000000Ft - Régi: 0 - Új: 10000000
[08:36:19] Nugato bezárta Denny_Toretto-t (AJ) Idõ: 0p - Oka: Nugato által - Oka: Mert megszereli az autómat...
[09:27:49] Nagato_Brasco banki pénzt adott neki: Robert_Scaletta - Összeg: -675000Ft - Régi: 7862928 - Új: 7187928
[11:41:00] [/alefoglal Frakció]Lefoglalta: Ralf_S_Tomasso | Rendszám: 167 | Model: Hunter | Tulaj USAF >>
[12:12:03] << Terno_Tommys lefoglalt egy jármûvet! Rendszám: 1069 / Model: Roadtrain >>
[13:39:08] << Nagato_Brasco lefoglalt egy jármûvet! Rendszám: 165 / Model: Hydra >>
[14:36:27] Connor_O_Neill bezárta Lorand_Vincenzo-t (AJ) Idõ: 35p - Oka: Connor_O_Neill által - Oka: PK-val való fenyegetõzés
[14:55:17] Connor_O_Neill bezárta Lorand_Vincenzo-t (AJ) Idõ: 0p - Oka: Connor_O_Neill által - Oka: Kiszedem
[15:08:15] << Marcell_O_Neill lefoglalt egy jármûvet! Rendszám: 1016 / Model: Freeway >>
[15:08:26] << Marcell_O_Neill lefoglalt egy jármûvet! Rendszám: 1016 / Model: Freeway >>
[15:08:29] << Marcell_O_Neill lefoglalt egy jármûvet! Rendszám: 1016 / Model: Freeway >>
[16:10:19] Nugato bezárta Akos_Vincenzo-t (AJ) Idõ: 35p - Oka: Nugato által - Oka: NoNRP-s vezetés
[16:11:24] Nugato bezárta Valor_Colin-t (AJ) Idõ: 35p - Oka: Nugato által - Oka: NoNRP-s vezetés
[16:11:30] Connor_O_Neill bezárta Max_Navarro-t (AJ) Idõ: 0p - Oka: Connor_O_Neill által - Oka: Megy érte rendõr
[16:22:38] Ralf_S_Tomasso bezárta Nico_Butler-t (AJ) Idõ: 30p - Oka: Ralf_S_Tomasso által - Oka: Stunt
[16:35:29] Krisztofer_Vincenzo bezárta Hugo_Toretto-t (AJ) Idõ: 0p - Oka: Krisztofer_Vincenzo által - Oka: cuff crash
[17:30:19] Krisztofer_Vincenzo bezárta Cody_Aciano-t (AJ) Idõ: 0p - Oka: Krisztofer_Vincenzo által - Oka: Cuff crash - lecsukják
[19:58:45] Connor_O_Neill bezárta Ventura_Zecchin-t (AJ) Idõ: 30p - Oka: Connor_O_Neill által - Oka: PK:War szabályzat megszegése(Keny)
[20:14:56] Connor_O_Neill bezárta William_Cortez-t (AJ) Idõ: 15p - Oka: Connor_O_Neill által - Oka: DM-enyhítés
[20:42:58] Nugato bezárta Rick_Aciano-t (AJ) Idõ: 35p - Oka: Nugato által - Oka: NONRP-s vezetés
[20:47:16] Connor_O_Neill bezárta William_Cortez-t (MZ) Idõ: 60p - Oka: Connor_O_Neill által - Oka: DM
[20:47:23] Connor_O_Neill bezárta Nick_Vitale-t (MZ) Idõ: 60p - Oka: Connor_O_Neill által - Oka: DM
[21:07:19] Connor_O_Neill bezárta James_D_Freeman-t (AJ3) Idõ: 30p - Oka: Connor_O_Neill által - Oka: Rendõr fegyverért rablása
[21:31:44] Ralf_S_Tomasso bezárta Atsuya_D_Freeman-t (AJ) Idõ: 0p - Oka: Ralf_S_Tomasso által - Oka: cuffcrash
[21:31:54] Nugato bezárta Thomas_Berzerk-t (AJ3) Idõ: 100p - Oka: Nugato által - Oka: Bugkihasználás
[21:45:31] [/alefoglal VS]Lefoglalta: Mike_O_Neill | Rendszám: 861 | Model: Sultan | Tulaj: Akos_B_Gates>>
[21:45:45] [/alefoglal VS]Lefoglalta: Mike_O_Neill | Rendszám: 861 | Model: Sultan | Tulaj: Akos_B_Gates>>
[22:20:16] Ralf_S_Tomasso bezárta Atsuya_D_Freeman-t (AJ) Idõ: 0p - Oka: Ralf_S_Tomasso által - Oka: cuffcrash
[22:25:20] Mike_O_Neill banki pénzt adott neki: Krist_Roscoe - Összeg: 5000000Ft - Régi: 33629045 - Új: 38629045
[22:25:27] Mike_O_Neill banki pénzt adott neki: Mike_O_Neill - Összeg: -5000000Ft - Régi: 46333421 - Új: 41333421
[22:48:33] << Keny_Eastwood lefoglalt egy jármûvet! Rendszám: 165 / Model: Hydra >>
[22:56:29] Connor_O_Neill bezárta Thomas_Berzerk-t (AJ) Idõ: 10p - Oka: Connor_O_Neill által - Oka: Enyhítés
[23:44:17] [/alefoglal VS]Lefoglalta: Ralf_S_Tomasso | Rendszám: 748 | Model: MonsterB | Tulaj: Patrik_O_Neill>>
[23:48:40] Nagato_Brasco banki pénzt adott neki: Hizusu_Zisiku - Összeg: 3500000Ft - Régi: 22777157 - Új: 26277157
[23:49:23] [/alefoglal VS]Lefoglalta: Ralf_S_Tomasso | Rendszám: 780 | Model: Jester | Tulaj: Hizusu_Zisiku>>
[23:57:09] Ralf_S_Tomasso készpénzt adott neki: Hizusu_Zisiku - Összeg: 25000Ft - Régi: 0 - Új: 25000
[23:57:11] Ralf_S_Tomasso készpénzt adott neki: Ralf_S_Tomasso - Összeg: 25000Ft - Régi: 0 - Új: 25000
[23:57:42] [/alefoglal VS]Lefoglalta: Ralf_S_Tomasso | Rendszám: 984 | Model: Sultan | Tulaj: Hizusu_Zisiku>>
[23:58:00] [/alefoglal VS]Lefoglalta: Ralf_S_Tomasso | Rendszám: 976 | Model: HotringA | Tulaj: Ralf_S_Tomasso>>
