[02:14:32] Marcell_O_Neill beállította Patrik_O_Neill készpénzét - Összeg: -40000000Ft - Régi: 10000 - Új: -40000000 >>
[02:14:41] Marcell_O_Neill beállította Patrik_O_Neill készpénzét - Összeg: 0Ft - Régi: 0 - Új: 0 >>
[02:15:59] << Marcell_O_Neill lefoglalt egy jármûvet! Rendszám: 643 / Model: MonsterB >>
[02:46:08] << Marcell_O_Neill lefoglalt egy jármûvet! Rendszám: 1018 / Model: HPV1000 >>
[03:35:55] << Marcell_O_Neill lefoglalt egy jármûvet! Rendszám: 1045 / Model: Elegant >>
[03:42:40] << Marcell_O_Neill lefoglalt egy jármûvet! Rendszám: 1045 / Model: Elegant >>
[09:10:49] [/alefoglal VS]Lefoglalta: Ralf_S_Tomasso | Rendszám: 617 | Model: Infernus | Tulaj: Ralf_S_Tomasso>>
[09:15:00] [/alefoglal Frakció]Lefoglalta: Ralf_S_Tomasso | Rendszám: 951 | Model: NRG500 | Tulaj FBI >>
[10:46:36] [/alefoglal Frakció]Lefoglalta: Keny_L_Brasco | Rendszám: 104 | Model: Patriot | Tulaj USAF >>
[10:49:28] [/alefoglal Frakció]Lefoglalta: Keny_L_Brasco | Rendszám: 104 | Model: Patriot | Tulaj USAF >>
[10:51:54] [/alefoglal Frakció]Lefoglalta: Keny_L_Brasco | Rendszám: 104 | Model: Patriot | Tulaj USAF >>
[11:06:57] Keny_L_Brasco beállította Toth_Martin készpénzét - Összeg: 4000000Ft - Régi: 0 - Új: 4000000 >>
[11:17:29] Edie_Morra beállította Mester_Csaba banki pénzét - Összeg: 2000000Ft - Régi: 1071535 - Új: 2000000
[11:18:14] Ralf_S_Tomasso bezárta Victor_Jr_Zecchin-t (AJ) Idõ: 0p - Oka: Ralf_S_Tomasso által - Oka: cuffcrash, ((lecsukjuk))
[11:18:54] Edie_Morra bezárta Victor_Jr_Zecchin-t (AJ) Idõ: 0p - Oka: Edie_Morra által - Oka: 0
[11:46:46] Ralf_S_Tomasso banki pénzt adott neki: Hugo_Toretto - Összeg: 1000000Ft - Régi: 1833300 - Új: 2833300
[11:46:52] Ralf_S_Tomasso banki pénzt adott neki: Marcel_B_Hollywood - Összeg: 1000000Ft - Régi: 77187441 - Új: 78187441
[11:46:58] Ralf_S_Tomasso banki pénzt adott neki: Antonn_Fedorov - Összeg: 1000000Ft - Régi: 124157472 - Új: 125157472
[11:47:04] Ralf_S_Tomasso banki pénzt adott neki: Dave_R_Vincenzo - Összeg: 1000000Ft - Régi: 8668604 - Új: 9668604
[11:47:10] Ralf_S_Tomasso banki pénzt adott neki: Nelson_Washington - Összeg: 1000000Ft - Régi: 3743403 - Új: 4743403
[11:47:17] Ralf_S_Tomasso banki pénzt adott neki: Felix_Wheeler - Összeg: 1000000Ft - Régi: 817354 - Új: 1817354
[11:47:29] Ralf_S_Tomasso banki pénzt adott neki: Patrick_Zecchin - Összeg: 1000000Ft - Régi: 572923 - Új: 1572923
[11:47:39] Ralf_S_Tomasso banki pénzt adott neki: Leone_S_Tomasso - Összeg: 1000000Ft - Régi: 96618400 - Új: 97618400
[11:49:53] [/alefoglal VS]Lefoglalta: Ralf_S_Tomasso | Rendszám: 617 | Model: Infernus | Tulaj: Ralf_S_Tomasso>>
[11:50:17] << Edie_Morra lefoglalt egy jármûvet! Rendszám: 693 / Model: Infernus >>
[12:06:35] [/alefoglal VS]Lefoglalta: Keny_L_Brasco | Rendszám: 854 | Model: Camper | Tulaj: Betty_O_Neill>>
[12:24:15] Edie_Morra bezárta Don_Sorrentino-t (MZ) Idõ: 35p - Oka: Edie_Morra által - Oka: OOC sértegetés
[14:06:58] Connor_O_Neill bezárta Steve_Aoki-t (MZ) Idõ: 30p - Oka: Connor_O_Neill által - Oka: PK:Rendõr cukkolása
[14:13:36] Marcell_O_Neill bezárta Don_Sorrentino-t (MZ) Idõ: 10p - Oka: Marcell_O_Neill által - Oka: Enyhítés
[14:39:50] << Marcell_O_Neill lefoglalt egy jármûvet! Rendszám: 1050 / Model: Jester >>
[14:40:45] << Marcell_O_Neill lefoglalt egy jármûvet! Rendszám: 1050 / Model: Jester >>
[14:43:02] << Marcell_O_Neill lefoglalt egy jármûvet! Rendszám: 1051 / Model: Huntley >>
[14:44:08] << Marcell_O_Neill lefoglalt egy jármûvet! Rendszám: 1055 / Model: Huntley >>
[14:47:07] << Marcell_O_Neill lefoglalt egy jármûvet! Rendszám: 1048 / Model: Jester >>
[16:39:23] Connor_O_Neill bezárta Thomas_Berzerk-t (AJ) Idõ: 18p - Oka: Connor_O_Neill által - Oka: PK:DM
[16:41:09] Patrik_O_Neill bezárta James_Creed-t (AJ) Idõ: 40p - Oka: Patrik_O_Neill által - Oka: PK:DM 
[16:50:42] Patrik_O_Neill bezárta James_Creed-t (AJ) Idõ: 15p - Oka: Patrik_O_Neill által - Oka: Dm enyhítve!
[17:05:54] Connor_O_Neill bezárta Steve_Aoki-t (AJ) Idõ: 10p - Oka: Connor_O_Neill által - Oka: Rendõr hergelése-enyhítés
[17:25:40] Nagato_Brasco készpénzt adott neki: Nagato_Brasco - Összeg: 800000Ft - Régi: 0 - Új: 800000
[17:26:16] Nagato_Brasco banki pénzt adott neki: Nagato_Brasco - Összeg: 800000Ft - Régi: 2468872 - Új: 3268872
[17:26:23] Nagato_Brasco készpénzt adott neki: Nagato_Brasco - Összeg: -800000Ft - Régi: 800000 - Új: 0
[18:21:43] Krisztofer_Vincenzo bezárta Martin_B_Zecchin-t (MZ) Idõ: 30p - Oka: Krisztofer_Vincenzo által - Oka: War után ölés
[18:47:09] Nagato_Brasco bezárta Nelson_Washington-t (MZ) Idõ: 40p - Oka: Nagato_Brasco által - Oka: NoNRP
[19:16:50] [/alefoglal Munkakocsi]Lefoglalta: Ralf_S_Tomasso | Rendszám: 381 | Model: Cargobob  Tulaj 24 munka>>
[19:23:47] [/alefoglal Frakció]Lefoglalta: Ralf_S_Tomasso | Rendszám: 14 | Model: LVPD | Tulaj FBI >>
[19:30:26] [/alefoglal Frakció]Lefoglalta: Ralf_S_Tomasso | Rendszám: 14 | Model: LVPD | Tulaj FBI >>
[19:55:39] [/alefoglal Frakció]Lefoglalta: Ralf_S_Tomasso | Rendszám: 14 | Model: LVPD | Tulaj FBI >>
[19:56:44] Ralf_S_Tomasso bezárta Kevin_S_Tomasso-t (AJ) Idõ: 1p - Oka: Ralf_S_Tomasso által - Oka: bugol
[21:13:47] Edie_Morra bezárta Dave_R_Vincenzo-t (AJ) Idõ: 0p - Oka: Edie_Morra által - Oka: 0
[21:18:46] Nagato_Brasco bezárta Marcel_B_Hollywood-t (MZ) Idõ: 120p - Oka: Nagato_Brasco által - Oka: NoNRP , PG
[22:13:15] Patrik_O_Neill bezárta Tom_Strike-t (AJ) Idõ: 0p - Oka: Patrik_O_Neill által - Oka: Cuffba Crashelt.
[22:44:06] Edie_Morra bezárta Georg_B_Hollywood-t (AJ) Idõ: 0p - Oka: Edie_Morra által - Oka: 0
[22:49:31] Edie_Morra bezárta Edie_Morra-t (AJ) Idõ: 120p - Oka: Edie_Morra által - Oka: NonRP
[22:58:38] Edie_Morra bezárta Edie_Morra-t (AJ) Idõ: 20p - Oka: Edie_Morra által - Oka: NonRP enyhítve
[22:59:00] Edie_Morra bezárta Thomas_Berzerk-t (AJ) Idõ: 20p - Oka: Edie_Morra által - Oka: NonRP enyhítve
[23:10:24] Marcell_O_Neill bezárta Matt_Creed-t (AJ) Idõ: 10p - Oka: Marcell_O_Neill által - Oka: Enyhítés
[23:13:01] << Marcell_O_Neill lefoglalt egy jármûvet! Rendszám: 1022 / Model: Jester >>
[23:25:52] [/alefoglal VS]Lefoglalta: Keny_Eastwood | Rendszám: 1008 | Model: NRG500 | Tulaj: Nico_Butler>>
[23:39:43] << Marcell_O_Neill lefoglalt egy jármûvet! Rendszám: 1013 / Model: Infernus >>
[23:40:53] << Marcell_O_Neill lefoglalt egy jármûvet! Rendszám: 620 / Model: Bullet >>
[23:41:11] << Marcell_O_Neill lefoglalt egy jármûvet! Rendszám: 652 / Model: Bullet >>
[23:42:41] << Marcell_O_Neill lefoglalt egy jármûvet! Rendszám: 237 / Model: Sultan >>
[23:55:15] Dolph_F_Gates beállította Dolph_F_Gates készpénzét - Összeg: 0Ft - Régi: 188766572 - Új: 0 >>
[23:59:13] Dolph_F_Gates banki pénzt adott neki: Guillermo_Butler - Összeg: 46018451Ft - Régi: 2953388 - Új: 48971839
