[00:24:57] Ralf_S_Tomasso készpénzt adott neki: Ralf_S_Tomasso - Összeg: 1Ft - Régi: 0 - Új: 1
[00:26:22] Mike_O_Neill készpénzt adott neki: Marcell_O_Neill - Összeg: 1Ft - Régi: 0 - Új: 1
[00:48:56] Marcell_O_Neill készpénzt adott neki: Dolph_F_Gates - Összeg: 99998Ft - Régi: 0 - Új: 99998
[01:28:59] [/alefoglal VS]Lefoglalta: Patrik_O_Neill | Rendszám: 495 | Model: Sultan | Tulaj: Nincs_Tulaj>>
[01:31:42] [/alefoglal VS]Lefoglalta: Patrik_O_Neill | Rendszám: 497 | Model: Stallion | Tulaj: Nincs_Tulaj>>
[01:31:44] [/alefoglal VS]Lefoglalta: Patrik_O_Neill | Rendszám: 497 | Model: Stallion | Tulaj: Nincs_Tulaj>>
[01:32:22] [/alefoglal VS]Lefoglalta: Patrik_O_Neill | Rendszám: 497 | Model: Stallion | Tulaj: Nincs_Tulaj>>
[01:43:28] [/alefoglal VS]Lefoglalta: Patrik_O_Neill | Rendszám: 487 | Model: Landstalker | Tulaj: Nincs_Tulaj>>
[01:51:12] [/alefoglal VS]Lefoglalta: Patrik_O_Neill | Rendszám: 507 | Model: Faggio | Tulaj: Nincs_Tulaj>>
[01:51:36] [/alefoglal VS]Lefoglalta: Patrik_O_Neill | Rendszám: 510 | Model: Freeway | Tulaj: Nincs_Tulaj>>
[01:52:22] [/alefoglal VS]Lefoglalta: Patrik_O_Neill | Rendszám: 509 | Model: Freeway | Tulaj: Nincs_Tulaj>>
[01:52:50] [/alefoglal VS]Lefoglalta: Patrik_O_Neill | Rendszám: 512 | Model: PCJ600 | Tulaj: Nincs_Tulaj>>
[03:14:22] Michael_Franzese beállította Michael_Franzese készpénzét - Összeg: 1000000000Ft - Régi: 0 - Új: 1000000000 >>
[03:57:44] << Marcell_O_Neill lefoglalt egy jármûvet! Rendszám: 25 / Model: Securicar >>
[03:57:55] << Marcell_O_Neill lefoglalt egy jármûvet! Rendszám: 25 / Model: Securicar >>
[03:59:05] << Marcell_O_Neill lefoglalt egy jármûvet! Rendszám: 25 / Model: Securicar >>
[04:07:18] << Marcell_O_Neill lefoglalt egy jármûvet! Rendszám: 322 / Model: PoliceMaverick >>
[04:09:54] << Marcell_O_Neill lefoglalt egy jármûvet! Rendszám: 322 / Model: PoliceMaverick >>
[15:52:45] << Jim_Cortez lefoglalt egy jármûvet! Rendszám: 1 / Model: Infernus >>
[15:57:06] << Jim_Cortez lefoglalt egy jármûvet! Rendszám: 1 / Model: Infernus >>
[16:10:07] Michael_Franzese készpénzt adott neki: Michael_Franzese - Összeg: 1Ft - Régi: 0 - Új: 1
[16:10:22] Michael_Franzese készpénzt adott neki: Michael_Franzese - Összeg: 2Ft - Régi: 1 - Új: 3
[16:10:26] Michael_Franzese készpénzt adott neki: Michael_Franzese - Összeg: 1400Ft - Régi: 3 - Új: 1403
[16:10:39] Michael_Franzese készpénzt adott neki: Jim_Cortez - Összeg: 1400Ft - Régi: 337000 - Új: 338400
[20:41:11] << Dolph_F_Gates lefoglalt egy jármûvet! Rendszám: 513 / Model: Voodoo >>
[22:01:24] Marcell_O_Neill bezárta Matt_Creed-t (AJ) Idõ: 0p - Oka: Marcell_O_Neill által - Oka: 0
[22:13:19] Marcell_O_Neill bezárta Hanzon_Soprano-t (AJ) Idõ: 0p - Oka: Marcell_O_Neill által - Oka: 0
[22:22:29] Ralf_S_Tomasso bezárta Algernon_Youngmay-t (AJ) Idõ: 0p - Oka: Ralf_S_Tomasso által - Oka: .
[22:25:39] [/alefoglal Frakció]Lefoglalta: Ralf_S_Tomasso | Rendszám: 4 | Model: Infernus | Tulaj FBI >>
[22:30:17] Marcell_O_Neill bezárta George_B_Hollywood-t (MZ) Idõ: 0p - Oka: Marcell_O_Neill által - Oka: 0 
[22:32:38] Marcell_O_Neill készpénzt adott neki: Patrik_O_Neill - Összeg: 100000000Ft - Régi: 41362 - Új: 100041362
[22:41:08] Patrik_O_Neill bezárta Michael_Faraday-t (MZ) Idõ: 0p - Oka: Patrik_O_Neill által - Oka: .
[23:52:12] Ralf_S_Tomasso banki pénzt adott neki: Ralf_S_Tomasso - Összeg: 900Ft - Régi: 9200000 - Új: 9200900
[23:52:21] Ralf_S_Tomasso banki pénzt adott neki: Ralf_S_Tomasso - Összeg: 900000000Ft - Régi: 9200900 - Új: 909200900
[23:52:57] Marcell_O_Neill készpénzt adott neki: Patrik_O_Neill - Összeg: 100000000Ft - Régi: 0 - Új: 100000000
[23:53:09] Ralf_S_Tomasso beállította Ralf_S_Tomasso banki pénzét - Összeg: 9200000Ft - Régi: 909200900 - Új: 9200000
[23:53:11] Marcell_O_Neill készpénzt adott neki: Patrik_O_Neill - Összeg: 110000000Ft - Régi: 100000000 - Új: 210000000
[23:53:32] Marcell_O_Neill készpénzt adott neki: Patrik_O_Neill - Összeg: -100000000Ft - Régi: 210000000 - Új: 110000000
[23:53:33] Ralf_S_Tomasso beállította Ralf_S_Tomasso készpénzét - Összeg: 900000000Ft - Régi: 0 - Új: 900000000 >>
