[00:58:18] Franklin_F_Gates bezárta Emanuel_Garcia-t (AJ) Idõ: 14p - Oka: Franklin_F_Gates által - Oka: Börtön DM
[01:04:14] Connor_O_Neill bezárta Drew_B_Dueno-t (AJ) Idõ: 10p - Oka: Connor_O_Neill által - Oka: Enyhítés
[01:05:45] Marcell_O_Neill készpénzt adott neki: Jeff_Jefferson - Összeg: 3700000Ft - Régi: 232300 - Új: 3932300
[01:11:24] Marcell_O_Neill készpénzt adott neki: Jhonny_Carlos_Tapia - Összeg: 5100000Ft - Régi: 317600 - Új: 5417600
[01:18:57] FiredNox bezárta Phil_Stinson-t (AJ3) Idõ: 90p - Oka: FiredNox által - Oka: Bugkihasználás
[01:22:29] Marcell_O_Neill készpénzt adott neki: Marcell_O_Neill - Összeg: -3892300Ft - Régi: 5413435 - Új: 1521135
[01:22:42] Marcell_O_Neill készpénzt adott neki: Jeff_Jefferson - Összeg: 3892300Ft - Régi: 0 - Új: 3892300
[01:26:13] << Marcell_O_Neill lefoglalt egy jármûvet! Rendszám: 1062 / Model: Banshee >>
[01:34:22] << Marcell_O_Neill lefoglalt egy jármûvet! Rendszám: 1061 / Model: Manana >>
[01:36:01] << Amos_Toretto lefoglalt egy jármûvet! Rendszám: 235 / Model: LSPD >>
[01:36:14] Marcell_O_Neill készpénzt adott neki: Frank_Cadillac - Összeg: 600000Ft - Régi: 251950 - Új: 851950
[01:37:41] FiredNox bezárta Yamato_Bosco-t (AJ) Idõ: 35p - Oka: FiredNox által - Oka: NonRP-s parkolás
[01:39:18] FiredNox bezárta Yamato_Bosco-t (AJ) Idõ: 0p - Oka: FiredNox által - Oka: Téves
[01:41:23] << Amos_Toretto lefoglalt egy jármûvet! Rendszám: 235 / Model: LSPD >>
[03:30:13] Connor_O_Neill bezárta Jim_Handerson-t (AJ) Idõ: 0p - Oka: Connor_O_Neill által - Oka: Véletlen floodolta F-t
[04:36:28] Hizusu_Zisiku banki pénzt adott neki: Hizusu_Zisiku - Összeg: -10000000Ft - Régi: 95610099 - Új: 85610099
[04:36:57] [/alefoglal VS]Lefoglalta: Hizusu_Zisiku | Rendszám: 678 | Model: Turismo | Tulaj: Shura_Sharma>>
[09:22:07] [/alefoglal VS]Lefoglalta: Ralf_S_Tomasso | Rendszám: 725 | Model: Infernus | Tulaj: Ralf_S_Tomasso>>
[09:29:06] [/alefoglal VS]Lefoglalta: Ralf_S_Tomasso | Rendszám: 979 | Model: HotringA | Tulaj: Ralf_S_Tomasso>>
[09:45:33] [/alefoglal VS]Lefoglalta: Ralf_S_Tomasso | Rendszám: 944 | Model: Sabre | Tulaj: Tom_Washington>>
[10:00:21] [/alefoglal Munkakocsi]Lefoglalta: Ralf_S_Tomasso | Rendszám: 301 | Model: Kart  Tulaj 0 munka>>
[10:01:44] [/alefoglal Frakció]Lefoglalta: Ralf_S_Tomasso | Rendszám: 177 | Model: Hydra | Tulaj USAF >>
[10:06:12] Ralf_S_Tomasso bezárta John_Salivan-t (AJ) Idõ: 40p - Oka: Ralf_S_Tomasso által - Oka: Cuffcrash enyhítés
[10:06:54] Ralf_S_Tomasso bezárta John_Salivan-t (AJ) Idõ: 0p - Oka: Ralf_S_Tomasso által - Oka: cuffcrash lecsukják
[10:09:43] [/alefoglal Frakció]Lefoglalta: Ralf_S_Tomasso | Rendszám: 46 | Model: Sultan | Tulaj FBI >>
[10:36:21] Keny_Eastwood bezárta Donald_Stacks-t (AJ3) Idõ: 40p - Oka: Keny_Eastwood által - Oka: Többször szabály szegés ooc sértegetés
[10:37:07] << Keny_Eastwood lefoglalt egy jármûvet! Rendszám: 41 / Model: NRG500 >>
[10:54:41] << Keny_Eastwood lefoglalt egy jármûvet! Rendszám: 41 / Model: NRG500 >>
[10:56:57] << Keny_Eastwood lefoglalt egy jármûvet! Rendszám: 41 / Model: NRG500 >>
[11:00:55] << Keny_Eastwood lefoglalt egy jármûvet! Rendszám: 41 / Model: NRG500 >>
[11:02:45] << Keny_Eastwood lefoglalt egy jármûvet! Rendszám: 41 / Model: NRG500 >>
[11:03:19] << Keny_Eastwood lefoglalt egy jármûvet! Rendszám: 41 / Model: NRG500 >>
[11:14:16] Keny_Eastwood bezárta Steve_J_Sorrentino-t (MZ) Idõ: 30p - Oka: Keny_Eastwood által - Oka: PG
[11:21:31] << Keny_Eastwood lefoglalt egy jármûvet! Rendszám: 41 / Model: NRG500 >>
[11:30:48] << Keny_Eastwood lefoglalt egy jármûvet! Rendszám: 41 / Model: NRG500 >>
[11:54:52] << Keny_Eastwood lefoglalt egy jármûvet! Rendszám: 41 / Model: NRG500 >>
[12:05:15] << Keny_Eastwood lefoglalt egy jármûvet! Rendszám: 41 / Model: NRG500 >>
[12:07:43] << Keny_Eastwood lefoglalt egy jármûvet! Rendszám: 41 / Model: NRG500 >>
[12:08:14] << Keny_Eastwood lefoglalt egy jármûvet! Rendszám: 41 / Model: NRG500 >>
[12:11:28] << Keny_Eastwood lefoglalt egy jármûvet! Rendszám: 41 / Model: NRG500 >>
[12:57:47] << Keny_Eastwood lefoglalt egy jármûvet! Rendszám: 41 / Model: NRG500 >>
[13:13:53] << Keny_Eastwood lefoglalt egy jármûvet! Rendszám: 41 / Model: NRG500 >>
[13:22:48] << Keny_Eastwood lefoglalt egy jármûvet! Rendszám: 41 / Model: NRG500 >>
[13:25:55] << Keny_Eastwood lefoglalt egy jármûvet! Rendszám: 41 / Model: NRG500 >>
[13:50:07] << Keny_Eastwood lefoglalt egy jármûvet! Rendszám: 41 / Model: NRG500 >>
[13:53:22] << Keny_Eastwood lefoglalt egy jármûvet! Rendszám: 41 / Model: NRG500 >>
[14:30:46] Ralf_S_Tomasso bezárta Henry_Thomasino-t (MZ) Idõ: 30p - Oka: Ralf_S_Tomasso által - Oka: Animba lévõ ember kirablása, köze nem volt az ügyhöz
[14:37:30] Ralf_S_Tomasso bezárta Henry_Tomasino-t (MZ) Idõ: 30p - Oka: Ralf_S_Tomasso által - Oka: Animba lévõ kirablása ok nélkül!
[14:43:07] Ralf_S_Tomasso bezárta Henry_Tomasino-t (AJ) Idõ: 0p - Oka: Ralf_S_Tomasso által - Oka: addig
[15:08:50] Ralf_S_Tomasso bezárta Henry_Thomasino-t (AJ) Idõ: 0p - Oka: Ralf_S_Tomasso által - Oka: rosszat raktam be
[15:43:51] Keny_Eastwood banki pénzt adott neki: Levy_B_Hollywood - Összeg: 20000000Ft - Régi: 43226208 - Új: 63226208
[17:04:02] Hizusu bezárta Ryder_B_Dueno-t (AJ) Idõ: 40p - Oka: Hizusu által - Oka: NoNRP
[17:04:19] Hizusu bezárta Joker_Creed-t (AJ) Idõ: 40p - Oka: Hizusu által - Oka: NoNRP
[18:27:50] Leon_Toretto bezárta Paul_Escobar-t (AJ3) Idõ: 60p - Oka: Leon_Toretto által - Oka: Kórház DM
[18:34:48] Leon_Toretto bezárta Paul_Escobar-t (AJ) Idõ: 0p - Oka: Leon_Toretto által - Oka: megbeszélve vw bug volt
[18:35:05] Krisztofer_Vincenzo bezárta Nick_R_Wilson-t (AJ) Idõ: 40p - Oka: Krisztofer_Vincenzo által - Oka: OOC szidás
[18:52:39] Krisztofer_Vincenzo bezárta Nick_R_Wilson-t (AJ) Idõ: 12p - Oka: Krisztofer_Vincenzo által - Oka: OOC szidás (enyhítve)
[19:06:35] Ralf_S_Tomasso bezárta Henry_Tomasino-t (MZ) Idõ: 50p - Oka: Ralf_S_Tomasso által - Oka: NonRp
[20:59:41] Patrik_O_Neill bezárta Bob_Kleiner-t (AJ) Idõ: 30p - Oka: Patrik_O_Neill által - Oka: Pk: Animba lövés után Lövés (Patrik)
[21:02:14] [/alefoglal VS]Lefoglalta: Mike_O_Neill | Rendszám: 752 | Model: HotringB | Tulaj: Denaro_Brasco>>
[21:12:00] Milinte_Brasco bezárta Markus_D_Zecchin-t (AJ) Idõ: 30p - Oka: Milinte_Brasco által - Oka: Mondtuk,hogy nyugodj le
[21:13:35] [/alefoglal VS]Lefoglalta: Mike_O_Neill | Rendszám: 968 | Model: Merit | Tulaj: Ryan_J_Styles>>
[21:14:21] Milinte_Brasco bezárta James_Aciano-t (AJ) Idõ: 0p - Oka: Milinte_Brasco által - Oka: cuffcrash
[21:18:19] [/alefoglal VS]Lefoglalta: Mike_O_Neill | Rendszám: 1001 | Model: Manana | Tulaj: Krisztina_Curno>>
[21:20:01] [/alefoglal VS]Lefoglalta: Mike_O_Neill | Rendszám: 906 | Model: Savanna | Tulaj: Curtis_Krause>>
[21:22:00] [/alefoglal VS]Lefoglalta: Mike_O_Neill | Rendszám: 775 | Model: Infernus | Tulaj: Niky_Block>>
[21:23:18] Connor_O_Neill bezárta Jeff_Jefferson-t (AJ) Idõ: 20p - Oka: Connor_O_Neill által - Oka: Többszöri stunt
[21:23:20] [/alefoglal VS]Lefoglalta: Mike_O_Neill | Rendszám: 812 | Model: NRG500 | Tulaj: Ezio_Blaise>>
[21:25:39] [/alefoglal VS]Lefoglalta: Mike_O_Neill | Rendszám: 816 | Model: Bullet | Tulaj: Hiro_Toretto>>
[21:32:49] Hizusu bezárta Jack_Bryan-t (AJ) Idõ: 12p - Oka: Hizusu által - Oka: Kérésre.
[21:45:20] [/alefoglal VS]Lefoglalta: Mike_O_Neill | Rendszám: 890 | Model: Merit | Tulaj: Nincs_Tulaj>>
[21:47:18] [/alefoglal VS]Lefoglalta: Mike_O_Neill | Rendszám: 1001 | Model: Manana | Tulaj: Nincs_Tulaj>>
[21:50:45] [/alefoglal VS]Lefoglalta: Mike_O_Neill | Rendszám: 812 | Model: NRG500 | Tulaj: Nincs_Tulaj>>
[21:53:37] [/alefoglal VS]Lefoglalta: Mike_O_Neill | Rendszám: 816 | Model: Bullet | Tulaj: Nincs_Tulaj>>
[21:55:38] [/alefoglal VS]Lefoglalta: Mike_O_Neill | Rendszám: 906 | Model: Savanna | Tulaj: Nincs_Tulaj>>
[21:57:37] [/alefoglal VS]Lefoglalta: Mike_O_Neill | Rendszám: 775 | Model: Infernus | Tulaj: Nincs_Tulaj>>
[21:57:56] [/alefoglal VS]Lefoglalta: Mike_O_Neill | Rendszám: 775 | Model: Infernus | Tulaj: Nincs_Tulaj>>
[22:14:36] [/alefoglal VS]Lefoglalta: Ralf_S_Tomasso | Rendszám: 979 | Model: HotringA | Tulaj: Ralf_S_Tomasso>>
[22:28:06] Patrik_O_Neill bezárta Kerim_Yilmaz-t (AJ) Idõ: 0p - Oka: Patrik_O_Neill által - Oka: Régi!
[22:57:46] Connor_O_Neill bezárta Dominic_Vincenzo-t (AJ) Idõ: 16p - Oka: Connor_O_Neill által - Oka: NonRP
[22:58:03] Connor_O_Neill bezárta Dominic_Vincenzo-t (AJ) Idõ: 0p - Oka: Connor_O_Neill által - Oka: Téves
[22:58:58] Connor_O_Neill bezárta Kiraly_Hunor-t (AJ3) Idõ: 15p - Oka: Connor_O_Neill által - Oka: NonRP
[23:31:34] Connor_O_Neill bezárta Kiraly_Tamas-t (AJ3) Idõ: 40p - Oka: Connor_O_Neill által - Oka: NonRP
[23:33:07] << [CheatHP] [59]Connor_O_Neill adott 1hp-t neki: [21]Thomas_Davis() - Régi élet: 66.5, új: 67.5  >>
[23:33:10] << [CheatHP] [59]Connor_O_Neill adott 1hp-t neki: [21]Thomas_Davis() - Régi élet: 67.5, új: 68.5  >>
[23:33:16] << [CheatHP] [59]Connor_O_Neill adott 1hp-t neki: [21]Thomas_Davis() - Régi élet: 68.5, új: 69.5  >>
[23:58:02] Hizusu bezárta James_Aciano-t (AJ) Idõ: 45p - Oka: Hizusu által - Oka: RP szituáció elöli kilépés
