[00:03:36] Rusznyak_Peter sebzest kapott tole: Tony_Stonem | sebzes: Ököl (-1.3) | E/P: 30.0/1.0 (S: 30.0/1.0) | Tav: 0.6
[00:03:59] Rusznyak_Peter sebzest kapott tole: Tony_Stonem | sebzes: Ököl (-1.3) | E/P: 29.7/0.0 (S: 29.7/0.0) | Tav: 0.7
[00:08:19] Edie_Morra sebzest kapott tole: Marcell_O_Neill | sebzes: Ököl (-1.3) | E/P: 150.0/5.0 (S: 150.0/5.0) | Tav: 1.0
[00:08:20] Marcell_O_Neill sebzest kapott tole: Edie_Morra | sebzes: Ököl (-1.9) | E/P: 99.0/5.0 (S: 99.0/5.0) | Tav: 1.2
[00:08:21] Marcell_O_Neill sebzest kapott tole: Edie_Morra | sebzes: Ököl (-5.2) | E/P: 99.0/3.0 (S: 99.0/3.0) | Tav: 1.3
[00:08:22] Marcell_O_Neill sebzest kapott tole: Edie_Morra | sebzes: Ököl (-6.6) | E/P: 96.7/0.0 (S: 96.7/0.0) | Tav: 0.9
[00:08:22] Marcell_O_Neill sebzest kapott tole: Edie_Morra | sebzes: Ököl (-6.6) | E/P: 90.1/0.0 (S: 90.1/0.0) | Tav: 0.9
[00:08:25] Edie_Morra sebzest kapott tole: Marcell_O_Neill | sebzes: Ököl (-2.3) | E/P: 150.0/3.6 (S: 150.0/3.6) | Tav: 1.3
[00:08:25] Edie_Morra sebzest kapott tole: Marcell_O_Neill | sebzes: Ököl (-3.9) | E/P: 150.0/1.3 (S: 150.0/1.3) | Tav: 0.8
[00:08:27] Edie_Morra sebzest kapott tole: Marcell_O_Neill | sebzes: Ököl (-5.2) | E/P: 147.4/0.0 (S: 147.4/0.0) | Tav: 0.6
[00:08:27] Marcell_O_Neill sebzest kapott tole: Edie_Morra | sebzes: Ököl (-5.2) | E/P: 83.5/0.0 (S: 83.5/0.0) | Tav: 0.6
[00:08:28] Marcell_O_Neill sebzest kapott tole: Edie_Morra | sebzes: Ököl (-1.9) | E/P: 78.2/0.0 (S: 78.2/0.0) | Tav: 0.7
[00:08:29] Edie_Morra sebzest kapott tole: Marcell_O_Neill | sebzes: Ököl (-1.9) | E/P: 142.1/0.0 (S: 142.1/0.0) | Tav: 0.6
[00:08:29] Marcell_O_Neill sebzest kapott tole: Edie_Morra | sebzes: Ököl (-1.9) | E/P: 76.2/0.0 (S: 76.2/0.0) | Tav: 0.7
[00:08:29] Edie_Morra sebzest kapott tole: Marcell_O_Neill | sebzes: Ököl (-5.2) | E/P: 140.1/0.0 (S: 140.1/0.0) | Tav: 0.6
[00:08:30] Marcell_O_Neill sebzest kapott tole: Edie_Morra | sebzes: Ököl (-5.2) | E/P: 74.2/0.0 (S: 74.2/0.0) | Tav: 0.7
[00:08:31] Edie_Morra sebzest kapott tole: Marcell_O_Neill | sebzes: Ököl (-1.3) | E/P: 134.8/0.0 (S: 134.8/0.0) | Tav: 0.5
[00:08:31] Edie_Morra sebzest kapott tole: Marcell_O_Neill | sebzes: Ököl (-1.9) | E/P: 133.5/0.0 (S: 133.5/0.0) | Tav: 0.5
[00:08:32] Edie_Morra sebzest kapott tole: Marcell_O_Neill | sebzes: Ököl (-1.9) | E/P: 131.5/0.0 (S: 131.5/0.0) | Tav: 0.7
[00:08:32] Marcell_O_Neill sebzest kapott tole: Edie_Morra | sebzes: Ököl (-5.2) | E/P: 69.0/0.0 (S: 69.0/0.0) | Tav: 0.6
[00:08:33] Edie_Morra sebzest kapott tole: Marcell_O_Neill | sebzes: Ököl (-1.9) | E/P: 129.5/0.0 (S: 129.5/0.0) | Tav: 0.6
[00:08:34] Edie_Morra sebzest kapott tole: Marcell_O_Neill | sebzes: Ököl (-5.2) | E/P: 127.6/0.0 (S: 127.6/0.0) | Tav: 0.7
[00:08:34] Marcell_O_Neill sebzest kapott tole: Edie_Morra | sebzes: Ököl (-1.9) | E/P: 63.7/0.0 (S: 63.7/0.0) | Tav: 0.7
[00:08:35] Edie_Morra sebzest kapott tole: Marcell_O_Neill | sebzes: Ököl (-1.9) | E/P: 122.3/0.0 (S: 122.3/0.0) | Tav: 0.8
[00:08:35] Edie_Morra sebzest kapott tole: Marcell_O_Neill | sebzes: Ököl (-5.2) | E/P: 120.3/0.0 (S: 120.3/0.0) | Tav: 0.8
[00:08:36] Edie_Morra sebzest kapott tole: Marcell_O_Neill | sebzes: Ököl (-6.6) | E/P: 115.0/0.0 (S: 115.0/0.0) | Tav: 1.2
[00:08:37] Edie_Morra sebzest kapott tole: Marcell_O_Neill | sebzes: Ököl (-6.6) | E/P: 108.4/0.0 (S: 108.4/0.0) | Tav: 1.4
[00:08:38] Edie_Morra sebzest kapott tole: Marcell_O_Neill | sebzes: Ököl (-6.6) | E/P: 101.8/0.0 (S: 101.8/0.0) | Tav: 1.4
[00:08:38] Edie_Morra sebzest kapott tole: Marcell_O_Neill | sebzes: Ököl (-1.9) | E/P: 95.2/0.0 (S: 95.2/0.0) | Tav: 1.2
[00:08:57] Edie_Morra sebzest kapott tole: Angelina_Freeman | sebzes: Ököl (-1.3) | E/P: 93.2/0.0 (S: 93.2/0.0) | Tav: 0.7
[00:09:02] Angelina_Freeman sebzest kapott tole: Edie_Morra | sebzes: Ököl (-1.3) | E/P: 129.0/5.0 (S: 129.0/5.0) | Tav: 0.7
[00:09:03] Edie_Morra sebzest kapott tole: Angelina_Freeman | sebzes: Ököl (-1.3) | E/P: 91.9/0.0 (S: 91.9/0.0) | Tav: 1.2
[00:09:10] Edie_Morra sebzest kapott tole: Angelina_Freeman | sebzes: Ököl (-5.2) | E/P: 90.6/0.0 (S: 90.6/0.0) | Tav: 0.9
[00:09:11] Patrik_O_Neill sebzest kapott tole: Connor_O_Neill | sebzes: Ököl (-1.3) | E/P: 150.0/0.0 (S: 150.0/0.0) | Tav: 1.1
[00:09:11] Patrik_O_Neill sebzest kapott tole: Connor_O_Neill | sebzes: Ököl (-1.3) | E/P: 150.0/0.0 (S: 150.0/0.0) | Tav: 1.1
[00:09:12] Patrik_O_Neill sebzest kapott tole: Connor_O_Neill | sebzes: Ököl (-2.3) | E/P: 150.0/0.0 (S: 150.0/0.0) | Tav: 1.2
[00:09:12] Patrik_O_Neill sebzest kapott tole: Connor_O_Neill | sebzes: Ököl (-3.9) | E/P: 150.0/0.0 (S: 150.0/0.0) | Tav: 0.8
[00:09:13] Patrik_O_Neill sebzest kapott tole: Connor_O_Neill | sebzes: Ököl (-1.3) | E/P: 150.0/0.0 (S: 150.0/0.0) | Tav: 0.5
[00:09:13] Patrik_O_Neill sebzest kapott tole: Connor_O_Neill | sebzes: Ököl (-2.3) | E/P: 150.0/0.0 (S: 150.0/0.0) | Tav: 0.6
[00:09:15] Patrik_O_Neill sebzest kapott tole: Connor_O_Neill | sebzes: Ököl (-3.9) | E/P: 150.0/0.0 (S: 150.0/0.0) | Tav: 0.7
[00:09:16] Patrik_O_Neill sebzest kapott tole: Connor_O_Neill | sebzes: Ököl (-3.9) | E/P: 150.0/0.0 (S: 150.0/0.0) | Tav: 1.0
[00:09:16] Jim_Handerson sebzest kapott tole: Connor_O_Neill | sebzes: Ököl (-3.9) | E/P: 120.9/0.0 (S: 120.9/0.0) | Tav: 1.1
[00:09:18] Edie_Morra sebzest kapott tole: Angelina_Freeman | sebzes: Ököl (-1.3) | E/P: 85.3/0.0 (S: 85.3/0.0) | Tav: 0.7
[00:09:19] Patrik_O_Neill sebzest kapott tole: Connor_O_Neill | sebzes: Ököl (-1.3) | E/P: 150.0/0.0 (S: 150.0/0.0) | Tav: 1.0
[00:09:20] Patrik_O_Neill sebzest kapott tole: Connor_O_Neill | sebzes: Ököl (-2.3) | E/P: 150.0/0.0 (S: 150.0/0.0) | Tav: 0.7
[00:09:20] Connor_O_Neill sebzest kapott tole: Patrik_O_Neill | sebzes: Ököl (-6.6) | E/P: 150.0/0.0 (S: 150.0/0.0) | Tav: 0.9
[00:09:20] Patrik_O_Neill sebzest kapott tole: Connor_O_Neill | sebzes: Ököl (-3.9) | E/P: 150.0/0.0 (S: 150.0/0.0) | Tav: 0.7
[00:09:21] Patrik_O_Neill sebzest kapott tole: Connor_O_Neill | sebzes: Ököl (-1.3) | E/P: 150.0/0.0 (S: 150.0/0.0) | Tav: 1.4
[00:09:24] Edie_Morra sebzest kapott tole: Angelina_Freeman | sebzes: Ököl (-1.3) | E/P: 84.0/0.0 (S: 84.0/0.0) | Tav: 0.8
[00:09:24] Patrik_O_Neill sebzest kapott tole: Connor_O_Neill | sebzes: Ököl (-2.3) | E/P: 150.0/0.0 (S: 150.0/0.0) | Tav: 0.7
[00:09:24] Connor_O_Neill sebzest kapott tole: Patrik_O_Neill | sebzes: Ököl (-3.9) | E/P: 150.0/0.0 (S: 150.0/0.0) | Tav: 0.7
[00:09:25] Connor_O_Neill sebzest kapott tole: Patrik_O_Neill | sebzes: Ököl (-1.3) | E/P: 150.0/0.0 (S: 150.0/0.0) | Tav: 0.7
[00:09:25] Connor_O_Neill sebzest kapott tole: Patrik_O_Neill | sebzes: Ököl (-1.3) | E/P: 150.0/0.0 (S: 150.0/0.0) | Tav: 0.6
[00:09:26] Patrik_O_Neill sebzest kapott tole: Connor_O_Neill | sebzes: Ököl (-6.6) | E/P: 150.0/0.0 (S: 150.0/0.0) | Tav: 1.0
[00:09:26] Connor_O_Neill sebzest kapott tole: Patrik_O_Neill | sebzes: Ököl (-1.3) | E/P: 150.0/0.0 (S: 150.0/0.0) | Tav: 1.3
[00:09:27] Connor_O_Neill sebzest kapott tole: Patrik_O_Neill | sebzes: Ököl (-2.3) | E/P: 150.0/0.0 (S: 150.0/0.0) | Tav: 0.5
[00:09:28] Edie_Morra sebzest kapott tole: Angelina_Freeman | sebzes: Ököl (-1.3) | E/P: 82.7/0.0 (S: 82.7/0.0) | Tav: 0.8
[00:09:28] Connor_O_Neill sebzest kapott tole: Patrik_O_Neill | sebzes: Ököl (-1.3) | E/P: 150.0/0.0 (S: 150.0/0.0) | Tav: 1.0
[00:09:29] Angelina_Freeman sebzest kapott tole: Edie_Morra | sebzes: Ököl (-1.9) | E/P: 129.0/3.6 (S: 129.0/3.6) | Tav: 1.3
[00:09:30] Patrik_O_Neill sebzest kapott tole: Connor_O_Neill | sebzes: Ököl (-2.9) | E/P: 150.0/0.0 (S: 150.0/0.0) | Tav: 1.4
[00:09:30] Connor_O_Neill sebzest kapott tole: Patrik_O_Neill | sebzes: Ököl (-3.9) | E/P: 150.0/0.0 (S: 150.0/0.0) | Tav: 1.2
[00:09:30] Patrik_O_Neill sebzest kapott tole: Connor_O_Neill | sebzes: Ököl (-6.6) | E/P: 150.0/0.0 (S: 150.0/0.0) | Tav: 0.8
[00:09:34] Jim_Handerson sebzest kapott tole: Patrik_O_Neill | sebzes: Ököl (-6.6) | E/P: 120.9/0.0 (S: 120.9/0.0) | Tav: 0.9
[00:09:58] Edie_Morra sebzest kapott tole: Angelina_Freeman | sebzes: Ököl (-1.3) | E/P: 81.4/0.0 (S: 81.4/0.0) | Tav: 0.7
[00:09:58] Edie_Morra sebzest kapott tole: Angelina_Freeman | sebzes: Ököl (-1.3) | E/P: 80.0/0.0 (S: 80.0/0.0) | Tav: 0.9
[00:10:09] Oliver_Aciano sebzest kapott tole: Daniel_Gatsby | sebzes: Ököl (-1.3) | E/P: 150.0/3.6 (S: 150.0/3.6) | Tav: 0.7
[00:10:10] Angelina_Freeman sebzest kapott tole: Edie_Morra | sebzes: Ököl (-1.3) | E/P: 126.0/1.6 (S: 126.0/1.6) | Tav: 1.3
[00:10:10] Angelina_Freeman sebzest kapott tole: Edie_Morra | sebzes: Ököl (-1.9) | E/P: 126.0/0.3 (S: 126.0/0.3) | Tav: 0.7
[00:10:11] Angelina_Freeman sebzest kapott tole: Edie_Morra | sebzes: Ököl (-5.2) | E/P: 124.4/0.0 (S: 124.4/0.0) | Tav: 0.7
[00:11:13] Angelina_Freeman sebzest kapott tole: Edie_Morra | sebzes: Ököl (-1.3) | E/P: 119.1/0.0 (S: 119.1/0.0) | Tav: 0.5
[00:11:14] Angelina_Freeman sebzest kapott tole: Edie_Morra | sebzes: Ököl (-1.3) | E/P: 117.8/0.0 (S: 117.8/0.0) | Tav: 1.2
[00:11:14] Angelina_Freeman sebzest kapott tole: Edie_Morra | sebzes: Ököl (-2.3) | E/P: 116.4/0.0 (S: 116.4/0.0) | Tav: 1.6
[00:11:14] Edie_Morra sebzest kapott tole: Angelina_Freeman | sebzes: Ököl (-1.3) | E/P: 150.0/0.0 (S: 150.0/0.0) | Tav: 0.6
[00:11:15] Angelina_Freeman sebzest kapott tole: Edie_Morra | sebzes: Ököl (-3.9) | E/P: 114.1/0.0 (S: 114.1/0.0) | Tav: 0.6
[00:11:15] Angelina_Freeman sebzest kapott tole: Edie_Morra | sebzes: Ököl (-1.3) | E/P: 110.2/0.0 (S: 110.2/0.0) | Tav: 0.6
[00:11:16] Angelina_Freeman sebzest kapott tole: Edie_Morra | sebzes: Ököl (-2.3) | E/P: 108.8/0.0 (S: 108.8/0.0) | Tav: 0.6
[00:11:16] Angelina_Freeman sebzest kapott tole: Edie_Morra | sebzes: Ököl (-3.9) | E/P: 106.5/0.0 (S: 106.5/0.0) | Tav: 0.6
[00:11:17] Angelina_Freeman sebzest kapott tole: Edie_Morra | sebzes: Ököl (-1.3) | E/P: 102.6/0.0 (S: 102.6/0.0) | Tav: 1.0
[00:11:17] Angelina_Freeman sebzest kapott tole: Edie_Morra | sebzes: Ököl (-1.3) | E/P: 101.3/0.0 (S: 101.3/0.0) | Tav: 0.7
[00:11:18] Angelina_Freeman sebzest kapott tole: Edie_Morra | sebzes: Ököl (-2.3) | E/P: 99.9/0.0 (S: 99.9/0.0) | Tav: 0.7
[00:11:19] Angelina_Freeman sebzest kapott tole: Edie_Morra | sebzes: Ököl (-3.9) | E/P: 97.6/0.0 (S: 97.6/0.0) | Tav: 0.7
[00:11:21] Henrik_T_Scaletta sebzest kapott tole: Marcell_O_Neill | sebzes: Ököl (-1.3) | E/P: 113.5/100.0 (S: 113.5/100.0) | Tav: 1.0
[00:11:23] Henrik_T_Scaletta sebzest kapott tole: Marcell_O_Neill | sebzes: Ököl (-1.9) | E/P: 113.5/98.6 (S: 113.5/98.6) | Tav: 0.6
[00:11:41] Edie_Morra sebzest kapott tole: Angelina_Freeman | sebzes: Ököl (-1.3) | E/P: 148.6/0.0 (S: 148.6/0.0) | Tav: 0.6
[00:11:42] Edie_Morra sebzest kapott tole: Angelina_Freeman | sebzes: Ököl (-1.3) | E/P: 148.6/0.0 (S: 148.6/0.0) | Tav: 0.9
[00:11:43] Edie_Morra sebzest kapott tole: Angelina_Freeman | sebzes: Ököl (-2.3) | E/P: 148.6/0.0 (S: 148.6/0.0) | Tav: 0.9
[00:11:44] Edie_Morra sebzest kapott tole: Angelina_Freeman | sebzes: Ököl (-3.9) | E/P: 150.0/0.0 (S: 150.0/0.0) | Tav: 0.7
[00:14:47] Nagato_Brasco sebzest kapott tole: Marcell_O_Neill | sebzes: Ököl (-1.3) | E/P: 120.0/150.0 (S: 120.0/150.0) | Tav: 0.8
[00:30:45] Oliver_Aciano sebzest kapott tole: Daniel_Gatsby | sebzes: Ököl (-1.3) | E/P: 150.0/2.3 (S: 150.0/2.3) | Tav: 1.0
[00:33:53] Henrik_T_Scaletta sebzest kapott tole: Nagato_Brasco | sebzes: Ököl (-1.3) | E/P: 113.5/96.6 (S: 113.5/96.6) | Tav: 0.6
[00:33:54] Henrik_T_Scaletta sebzest kapott tole: Nagato_Brasco | sebzes: Ököl (-2.3) | E/P: 113.5/96.6 (S: 113.5/96.6) | Tav: 0.6
[00:33:54] Henrik_T_Scaletta sebzest kapott tole: Nagato_Brasco | sebzes: Ököl (-1.3) | E/P: 113.5/96.6 (S: 113.5/96.6) | Tav: 0.7
[00:34:09] Henrik_T_Scaletta sebzest kapott tole: Marcell_O_Neill | sebzes: Ököl (-6.6) | E/P: 113.5/96.6 (S: 113.5/96.6) | Tav: 0.7
[00:35:03] NPC_2Bank sebzest kapott tole: Daniel_Gatsby | sebzes: Ököl (-6.6) | E/P: 150.0/0.0 (S: 150.0/0.0) | Tav: 1.6
[00:35:03] NPC_2Bank sebzest kapott tole: Daniel_Gatsby | sebzes: Ököl (-6.6) | E/P: 150.0/0.0 (S: 150.0/0.0) | Tav: 1.6
[00:35:34] Daniel_Gatsby sebzest kapott tole: Oliver_Aciano | sebzes: Ököl (-1.3) | E/P: 30.0/0.0 (S: 30.0/0.0) | Tav: 1.0
[00:38:19] Edie_Morra sebzest kapott tole: Nagato_Brasco | sebzes: Ököl (-1.3) | E/P: 150.0/0.0 (S: 150.0/0.0) | Tav: 0.6
[00:38:32] Nagato_Brasco sebzest kapott tole: Edie_Morra | sebzes: Ököl (-5.2) | E/P: 150.0/150.0 (S: 150.0/150.0) | Tav: 0.7
[00:38:33] Nagato_Brasco sebzest kapott tole: Edie_Morra | sebzes: Ököl (-6.6) | E/P: 150.0/150.0 (S: 150.0/150.0) | Tav: 0.7
[00:38:34] Nagato_Brasco sebzest kapott tole: Edie_Morra | sebzes: Ököl (-6.6) | E/P: 150.0/150.0 (S: 150.0/150.0) | Tav: 0.7
[00:38:34] Nagato_Brasco sebzest kapott tole: Edie_Morra | sebzes: Ököl (-6.6) | E/P: 150.0/150.0 (S: 150.0/150.0) | Tav: 0.7
[00:38:35] Nagato_Brasco sebzest kapott tole: Edie_Morra | sebzes: Ököl (-1.9) | E/P: 150.0/150.0 (S: 150.0/150.0) | Tav: 0.7
[00:38:35] Nagato_Brasco sebzest kapott tole: Edie_Morra | sebzes: Ököl (-5.2) | E/P: 150.0/150.0 (S: 150.0/150.0) | Tav: 0.7
[00:38:36] Nagato_Brasco sebzest kapott tole: Edie_Morra | sebzes: Ököl (-1.9) | E/P: 150.0/150.0 (S: 150.0/150.0) | Tav: 0.7
[00:38:37] Nagato_Brasco sebzest kapott tole: Edie_Morra | sebzes: Ököl (-1.9) | E/P: 150.0/150.0 (S: 150.0/150.0) | Tav: 0.7
[00:38:38] Nagato_Brasco sebzest kapott tole: Edie_Morra | sebzes: Ököl (-5.2) | E/P: 150.0/150.0 (S: 150.0/150.0) | Tav: 0.7
[00:38:39] Nagato_Brasco sebzest kapott tole: Edie_Morra | sebzes: Ököl (-1.9) | E/P: 150.0/150.0 (S: 150.0/150.0) | Tav: 0.7
[00:38:40] Nagato_Brasco sebzest kapott tole: Edie_Morra | sebzes: Ököl (-1.9) | E/P: 150.0/150.0 (S: 150.0/150.0) | Tav: 0.7
[00:38:41] Nagato_Brasco sebzest kapott tole: Edie_Morra | sebzes: Ököl (-1.9) | E/P: 150.0/150.0 (S: 150.0/150.0) | Tav: 0.7
[00:52:33] Connor_O_Neill sebzest kapott tole: Angelina_Freeman | sebzes: Ököl (-1.3) | E/P: 150.0/0.0 (S: 150.0/0.0) | Tav: 0.6
[00:52:33] Connor_O_Neill sebzest kapott tole: Angelina_Freeman | sebzes: Ököl (-1.3) | E/P: 150.0/0.0 (S: 150.0/0.0) | Tav: 0.6
[00:52:34] Connor_O_Neill sebzest kapott tole: Angelina_Freeman | sebzes: Ököl (-1.3) | E/P: 150.0/0.0 (S: 150.0/0.0) | Tav: 0.6
[00:57:03] Archie_B_Hollywood sebzest kapott tole: Marcell_O_Neill | sebzes: Ököl (-1.3) | E/P: 150.0/5.0 (S: 150.0/5.0) | Tav: 1.2
[00:57:04] Archie_B_Hollywood sebzest kapott tole: Marcell_O_Neill | sebzes: Ököl (-1.3) | E/P: 150.0/5.0 (S: 150.0/5.0) | Tav: 0.9
[01:09:00] Algernon_Youngmay sebzest kapott tole: Marcell_O_Neill | sebzes: Ököl (-1.3) | E/P: 30.0/5.0 (S: 30.0/5.0) | Tav: 1.0
[03:29:54] Nagato_Brasco sebzest kapott tole: Marcell_O_Neill | sebzes: Ököl (-1.3) | E/P: 150.0/100.0 (S: 150.0/100.0) | Tav: 0.7
[03:57:53] Nagato_Brasco sebzest kapott tole: Marcell_O_Neill | sebzes: Ököl (-1.3) | E/P: 150.0/100.0 (S: 150.0/100.0) | Tav: 0.8
[04:05:38] Nagato_Brasco sebzest kapott tole: Marcell_O_Neill | sebzes: Ököl (-1.3) | E/P: 150.0/100.0 (S: 150.0/100.0) | Tav: 10000.0
[04:06:53] Nagato_Brasco sebzest kapott tole: Marcell_O_Neill | sebzes: Ököl (-1.3) | E/P: 150.0/100.0 (S: 150.0/100.0) | Tav: 0.7
