[08:41:04] William_W_Andrews sebzest kapott tole: Marcell_O_Neill | sebzes: Ököl (-1.3) | E/P: 150.0/5.0 (S: 150.0/5.0) | Tav: 0.8
[08:41:05] William_W_Andrews sebzest kapott tole: Marcell_O_Neill | sebzes: Ököl (-1.3) | E/P: 150.0/5.0 (S: 150.0/5.0) | Tav: 0.7
[08:41:05] William_W_Andrews sebzest kapott tole: Marcell_O_Neill | sebzes: Ököl (-1.3) | E/P: 150.0/5.0 (S: 150.0/5.0) | Tav: 0.7
[08:41:06] William_W_Andrews sebzest kapott tole: Marcell_O_Neill | sebzes: Ököl (-1.3) | E/P: 150.0/5.0 (S: 150.0/5.0) | Tav: 0.7
[08:41:06] William_W_Andrews sebzest kapott tole: Marcell_O_Neill | sebzes: Ököl (-1.3) | E/P: 150.0/5.0 (S: 150.0/5.0) | Tav: 0.7
[08:41:07] William_W_Andrews sebzest kapott tole: Marcell_O_Neill | sebzes: Ököl (-1.3) | E/P: 150.0/5.0 (S: 150.0/5.0) | Tav: 0.7
[08:41:09] William_W_Andrews sebzest kapott tole: Marcell_O_Neill | sebzes: Ököl (-1.3) | E/P: 150.0/5.0 (S: 150.0/5.0) | Tav: 0.7
[08:41:09] William_W_Andrews sebzest kapott tole: Marcell_O_Neill | sebzes: Ököl (-1.3) | E/P: 150.0/5.0 (S: 150.0/5.0) | Tav: 0.7
[08:41:09] William_W_Andrews sebzest kapott tole: Marcell_O_Neill | sebzes: Ököl (-2.3) | E/P: 150.0/5.0 (S: 150.0/5.0) | Tav: 0.7
[08:41:11] William_W_Andrews sebzest kapott tole: Marcell_O_Neill | sebzes: Ököl (-5.2) | E/P: 150.0/5.0 (S: 150.0/5.0) | Tav: 1.0
[08:41:12] William_W_Andrews sebzest kapott tole: Marcell_O_Neill | sebzes: Ököl (-1.9) | E/P: 150.0/5.0 (S: 150.0/5.0) | Tav: 0.7
[08:41:13] William_W_Andrews sebzest kapott tole: Marcell_O_Neill | sebzes: Ököl (-5.2) | E/P: 150.0/5.0 (S: 150.0/5.0) | Tav: 0.7
[08:41:14] William_W_Andrews sebzest kapott tole: Marcell_O_Neill | sebzes: Ököl (-1.9) | E/P: 150.0/5.0 (S: 150.0/5.0) | Tav: 0.9
[08:41:15] William_W_Andrews sebzest kapott tole: Marcell_O_Neill | sebzes: Ököl (-5.2) | E/P: 150.0/5.0 (S: 150.0/5.0) | Tav: 0.9
[08:41:15] William_W_Andrews sebzest kapott tole: Marcell_O_Neill | sebzes: Ököl (-1.9) | E/P: 150.0/5.0 (S: 150.0/5.0) | Tav: 0.9
[08:41:16] William_W_Andrews sebzest kapott tole: Marcell_O_Neill | sebzes: Ököl (-5.2) | E/P: 150.0/5.0 (S: 150.0/5.0) | Tav: 0.9
[09:01:01] Milinte_Brasco sebzest kapott tole: Marcell_O_Neill | sebzes: M4 (-9.9) | E/P: 150.0/0.0 (S: 150.0/0.0) | Tav: 3.6
[09:01:01] Marcell_O_Neill sebzest kapott tole: Milinte_Brasco | sebzes: AK47 (-9.9) | E/P: 150.0/0.0 (S: 150.0/0.0) | Tav: 3.5
[09:01:01] Marcell_O_Neill sebzest kapott tole: Milinte_Brasco | sebzes: AK47 (-9.9) | E/P: 0.0/0.0 (S: 0.0/0.0) | Tav: 3.5
[09:01:08] Marcell_O_Neill sebzest kapott tole: Milinte_Brasco | sebzes: AK47 (-9.9) | E/P: 150.0/0.0 (S: 150.0/0.0) | Tav: 40.7
[09:02:57] Marcell_O_Neill sebzest kapott tole: Milinte_Brasco | sebzes: AK47 (-9.9) | E/P: 150.0/0.0 (S: 150.0/0.0) | Tav: 28.3
[09:02:58] Milinte_Brasco sebzest kapott tole: Marcell_O_Neill | sebzes: M4 (-9.9) | E/P: 131.0/0.0 (S: 131.0/0.0) | Tav: 27.7
[09:03:05] Marcell_O_Neill sebzest kapott tole: Milinte_Brasco | sebzes: AK47 (-9.9) | E/P: 150.0/0.0 (S: 150.0/0.0) | Tav: 33.3
[09:03:17] Milinte_Brasco sebzest kapott tole: Marcell_O_Neill | sebzes: M4 (-9.9) | E/P: 150.0/0.0 (S: 150.0/0.0) | Tav: 8.3
[09:03:27] Milinte_Brasco sebzest kapott tole: Marcell_O_Neill | sebzes: M4 (-9.9) | E/P: 150.0/0.0 (S: 150.0/0.0) | Tav: 2.9
[09:03:28] Milinte_Brasco sebzest kapott tole: Marcell_O_Neill | sebzes: M4 (-9.9) | E/P: 130.0/0.0 (S: 130.0/0.0) | Tav: 2.9
[09:03:28] Milinte_Brasco sebzest kapott tole: Marcell_O_Neill | sebzes: M4 (-9.9) | E/P: 110.0/0.0 (S: 110.0/0.0) | Tav: 2.9
[09:03:28] Milinte_Brasco sebzest kapott tole: Marcell_O_Neill | sebzes: M4 (-9.9) | E/P: 90.0/0.0 (S: 90.0/0.0) | Tav: 2.9
[09:03:28] Milinte_Brasco sebzest kapott tole: Marcell_O_Neill | sebzes: M4 (-9.9) | E/P: 70.0/0.0 (S: 70.0/0.0) | Tav: 2.9
[09:03:29] Milinte_Brasco sebzest kapott tole: Marcell_O_Neill | sebzes: M4 (-9.9) | E/P: 50.0/0.0 (S: 50.0/0.0) | Tav: 2.9
[09:03:29] Milinte_Brasco sebzest kapott tole: Marcell_O_Neill | sebzes: M4 (-9.9) | E/P: 30.0/0.0 (S: 30.0/0.0) | Tav: 2.6
[09:03:29] Milinte_Brasco sebzest kapott tole: Marcell_O_Neill | sebzes: M4 (-9.9) | E/P: 10.0/0.0 (S: 10.0/0.0) | Tav: 2.6
[09:03:39] Marcell_O_Neill sebzest kapott tole: Milinte_Brasco | sebzes: AK47 (-9.9) | E/P: 150.0/0.0 (S: 150.0/0.0) | Tav: 18.8
[09:03:39] Marcell_O_Neill sebzest kapott tole: Milinte_Brasco | sebzes: AK47 (-9.9) | E/P: 110.0/0.0 (S: 110.0/0.0) | Tav: 18.7
[09:03:39] Milinte_Brasco sebzest kapott tole: Marcell_O_Neill | sebzes: M4 (-9.9) | E/P: 150.0/0.0 (S: 150.0/0.0) | Tav: 18.6
[09:03:46] Marcell_O_Neill sebzest kapott tole: Milinte_Brasco | sebzes: AK47 (-9.9) | E/P: 94.0/0.0 (S: 94.0/0.0) | Tav: 11.9
[09:03:47] Marcell_O_Neill sebzest kapott tole: Milinte_Brasco | sebzes: AK47 (-9.9) | E/P: 0.0/0.0 (S: 0.0/0.0) | Tav: 11.9
[09:03:55] Marcell_O_Neill sebzest kapott tole: Milinte_Brasco | sebzes: AK47 (-9.9) | E/P: 150.0/0.0 (S: 150.0/0.0) | Tav: 20.7
[09:04:04] Marcell_O_Neill sebzest kapott tole: Milinte_Brasco | sebzes: AK47 (-9.9) | E/P: 150.0/0.0 (S: 150.0/0.0) | Tav: 11.2
[09:04:04] Marcell_O_Neill sebzest kapott tole: Milinte_Brasco | sebzes: AK47 (-9.9) | E/P: 110.0/0.0 (S: 110.0/0.0) | Tav: 11.9
[09:04:06] Marcell_O_Neill sebzest kapott tole: Milinte_Brasco | sebzes: AK47 (-9.9) | E/P: 70.0/0.0 (S: 70.0/0.0) | Tav: 17.6
[09:04:06] Marcell_O_Neill sebzest kapott tole: Milinte_Brasco | sebzes: AK47 (-9.9) | E/P: 30.0/0.0 (S: 30.0/0.0) | Tav: 18.1
[09:04:13] Marcell_O_Neill sebzest kapott tole: Milinte_Brasco | sebzes: AK47 (-9.9) | E/P: 150.0/0.0 (S: 150.0/0.0) | Tav: 17.3
[09:04:14] Marcell_O_Neill sebzest kapott tole: Milinte_Brasco | sebzes: AK47 (-9.9) | E/P: 110.0/0.0 (S: 110.0/0.0) | Tav: 16.4
[09:04:14] Milinte_Brasco sebzest kapott tole: Marcell_O_Neill | sebzes: M4 (-9.9) | E/P: 150.0/0.0 (S: 150.0/0.0) | Tav: 16.3
[09:04:14] Milinte_Brasco sebzest kapott tole: Marcell_O_Neill | sebzes: M4 (-9.9) | E/P: 130.0/0.0 (S: 130.0/0.0) | Tav: 16.2
[09:04:15] Marcell_O_Neill sebzest kapott tole: Milinte_Brasco | sebzes: AK47 (-9.9) | E/P: 70.0/0.0 (S: 70.0/0.0) | Tav: 16.1
[09:04:20] Milinte_Brasco sebzest kapott tole: Marcell_O_Neill | sebzes: M4 (-9.9) | E/P: 149.0/0.0 (S: 149.0/0.0) | Tav: 18.2
[09:04:21] Milinte_Brasco sebzest kapott tole: Marcell_O_Neill | sebzes: M4 (-9.9) | E/P: 0.0/0.0 (S: 0.0/0.0) | Tav: 18.3
[09:04:36] Marcell_O_Neill sebzest kapott tole: Milinte_Brasco | sebzes: AK47 (-9.9) | E/P: 150.0/0.0 (S: 150.0/0.0) | Tav: 26.1
[09:04:36] Marcell_O_Neill sebzest kapott tole: Milinte_Brasco | sebzes: AK47 (-9.9) | E/P: 110.0/0.0 (S: 110.0/0.0) | Tav: 26.1
[09:04:36] Marcell_O_Neill sebzest kapott tole: Milinte_Brasco | sebzes: AK47 (-9.9) | E/P: 70.0/0.0 (S: 70.0/0.0) | Tav: 26.1
[09:04:58] Marcell_O_Neill sebzest kapott tole: Milinte_Brasco | sebzes: AK47 (-9.9) | E/P: 150.0/0.0 (S: 150.0/0.0) | Tav: 7.5
[09:05:06] Marcell_O_Neill sebzest kapott tole: Milinte_Brasco | sebzes: AK47 (-9.9) | E/P: 150.0/0.0 (S: 150.0/0.0) | Tav: 33.3
[09:05:07] Marcell_O_Neill sebzest kapott tole: Milinte_Brasco | sebzes: AK47 (-9.9) | E/P: 110.0/0.0 (S: 110.0/0.0) | Tav: 32.2
[09:05:13] Marcell_O_Neill sebzest kapott tole: Milinte_Brasco | sebzes: AK47 (-9.9) | E/P: 150.0/0.0 (S: 150.0/0.0) | Tav: 10.2
[09:05:13] Milinte_Brasco sebzest kapott tole: Marcell_O_Neill | sebzes: M4 (-9.9) | E/P: 150.0/0.0 (S: 150.0/0.0) | Tav: 10.1
[09:05:25] Milinte_Brasco sebzest kapott tole: Marcell_O_Neill | sebzes: M4 (-9.9) | E/P: 130.0/0.0 (S: 130.0/0.0) | Tav: 14.1
[09:05:25] Milinte_Brasco sebzest kapott tole: Marcell_O_Neill | sebzes: M4 (-9.9) | E/P: 0.0/0.0 (S: 0.0/0.0) | Tav: 14.1
[10:43:49] William_W_Andrews sebzest kapott tole: Krist_Roscoe | sebzes: Ököl (-1.3) | E/P: 150.0/5.0 (S: 150.0/5.0) | Tav: 0.8
[10:45:15] William_W_Andrews sebzest kapott tole: Krist_Roscoe | sebzes: Ököl (-1.3) | E/P: 150.0/5.0 (S: 150.0/5.0) | Tav: 0.8
[10:47:47] William_W_Andrews sebzest kapott tole: Krist_Roscoe | sebzes: M4 (-9.9) | E/P: 150.0/150.0 (S: 150.0/150.0) | Tav: 29.1
[10:47:47] William_W_Andrews sebzest kapott tole: Krist_Roscoe | sebzes: M4 (-9.9) | E/P: 150.0/135.0 (S: 150.0/135.0) | Tav: 29.1
[10:47:48] Krist_Roscoe sebzest kapott tole: William_W_Andrews | sebzes: M4 (-9.9) | E/P: 150.0/100.0 (S: 150.0/100.0) | Tav: 29.1
[10:47:51] William_W_Andrews sebzest kapott tole: Krist_Roscoe | sebzes: M4 (-9.9) | E/P: 150.0/120.0 (S: 150.0/120.0) | Tav: 29.1
[10:47:52] William_W_Andrews sebzest kapott tole: Krist_Roscoe | sebzes: M4 (-9.9) | E/P: 150.0/105.0 (S: 150.0/105.0) | Tav: 29.1
[10:47:52] William_W_Andrews sebzest kapott tole: Krist_Roscoe | sebzes: M4 (-9.9) | E/P: 150.0/90.0 (S: 150.0/90.0) | Tav: 29.1
[10:47:52] William_W_Andrews sebzest kapott tole: Krist_Roscoe | sebzes: M4 (-9.9) | E/P: 150.0/75.0 (S: 150.0/75.0) | Tav: 29.1
[10:47:52] William_W_Andrews sebzest kapott tole: Krist_Roscoe | sebzes: M4 (-9.9) | E/P: 150.0/60.0 (S: 150.0/60.0) | Tav: 29.1
[10:49:24] William_W_Andrews sebzest kapott tole: Krist_Roscoe | sebzes: Ököl (-2.6) | E/P: 150.0/0.0 (S: 150.0/0.0) | Tav: 0.8
[10:49:38] William_W_Andrews sebzest kapott tole: Krist_Roscoe | sebzes: Ököl (-2.6) | E/P: 147.3/0.0 (S: 147.3/0.0) | Tav: 0.8
[10:49:44] William_W_Andrews sebzest kapott tole: Krist_Roscoe | sebzes: Ököl (-1.3) | E/P: 144.7/0.0 (S: 144.7/0.0) | Tav: 1.7
[10:49:44] William_W_Andrews sebzest kapott tole: Krist_Roscoe | sebzes: Ököl (-1.3) | E/P: 143.3/0.0 (S: 143.3/0.0) | Tav: 1.3
[12:03:07] Dolph_F_Gates sebzest kapott tole: Marcell_O_Neill | sebzes: Ököl (-1.3) | E/P: 150.0/5.0 (S: 150.0/5.0) | Tav: 1.1
[13:24:48] Mike_O_Neill sebzest kapott tole: Marcell_O_Neill | sebzes: Ököl (-1.3) | E/P: 150.0/5.0 (S: 150.0/5.0) | Tav: 1.3
[13:24:50] Mike_O_Neill sebzest kapott tole: Marcell_O_Neill | sebzes: Ököl (-1.3) | E/P: 150.0/5.0 (S: 150.0/5.0) | Tav: 0.8
[13:25:00] Mike_O_Neill sebzest kapott tole: Marcell_O_Neill | sebzes: Ököl (-1.3) | E/P: 150.0/5.0 (S: 150.0/5.0) | Tav: 1.0
[13:25:06] Mike_O_Neill sebzest kapott tole: Marcell_O_Neill | sebzes: Ököl (-1.3) | E/P: 150.0/5.0 (S: 150.0/5.0) | Tav: 1.2
[13:25:06] Mike_O_Neill sebzest kapott tole: Marcell_O_Neill | sebzes: Ököl (-1.3) | E/P: 150.0/5.0 (S: 150.0/5.0) | Tav: 0.9
[13:25:07] Mike_O_Neill sebzest kapott tole: Marcell_O_Neill | sebzes: Ököl (-1.3) | E/P: 150.0/5.0 (S: 150.0/5.0) | Tav: 0.9
[13:25:08] Mike_O_Neill sebzest kapott tole: Marcell_O_Neill | sebzes: Ököl (-1.3) | E/P: 150.0/5.0 (S: 150.0/5.0) | Tav: 0.9
[13:25:08] Mike_O_Neill sebzest kapott tole: Marcell_O_Neill | sebzes: Ököl (-1.3) | E/P: 150.0/5.0 (S: 150.0/5.0) | Tav: 1.0
[13:25:09] Mike_O_Neill sebzest kapott tole: Marcell_O_Neill | sebzes: Ököl (-1.3) | E/P: 150.0/5.0 (S: 150.0/5.0) | Tav: 1.0
[13:25:10] Mike_O_Neill sebzest kapott tole: Marcell_O_Neill | sebzes: Ököl (-1.3) | E/P: 150.0/5.0 (S: 150.0/5.0) | Tav: 1.0
[13:25:10] Mike_O_Neill sebzest kapott tole: Marcell_O_Neill | sebzes: Ököl (-1.3) | E/P: 150.0/5.0 (S: 150.0/5.0) | Tav: 1.0
[13:25:11] Mike_O_Neill sebzest kapott tole: Marcell_O_Neill | sebzes: Ököl (-1.3) | E/P: 150.0/5.0 (S: 150.0/5.0) | Tav: 0.9
[13:25:12] Mike_O_Neill sebzest kapott tole: Marcell_O_Neill | sebzes: Ököl (-1.3) | E/P: 150.0/5.0 (S: 150.0/5.0) | Tav: 0.9
[13:25:12] Mike_O_Neill sebzest kapott tole: Marcell_O_Neill | sebzes: Ököl (-1.3) | E/P: 150.0/5.0 (S: 150.0/5.0) | Tav: 1.0
[13:26:09] Connor_O_Neill sebzest kapott tole: Marcell_O_Neill | sebzes: Ököl (-1.3) | E/P: 150.0/5.0 (S: 150.0/5.0) | Tav: 1.5
[13:39:35] Mike_O_Neill sebzest kapott tole: Marcell_O_Neill | sebzes: Ököl (-1.3) | E/P: 150.0/5.0 (S: 150.0/5.0) | Tav: 0.7
[13:41:09] Mike_O_Neill sebzest kapott tole: Marcell_O_Neill | sebzes: Ököl (-1.3) | E/P: 150.0/5.0 (S: 150.0/5.0) | Tav: 0.8
[13:42:26] Mike_O_Neill sebzest kapott tole: Marcell_O_Neill | sebzes: Ököl (-1.3) | E/P: 150.0/5.0 (S: 150.0/5.0) | Tav: 1.7
[13:43:21] Connor_O_Neill sebzest kapott tole: Marcell_O_Neill | sebzes: Ököl (-1.3) | E/P: 150.0/5.0 (S: 150.0/5.0) | Tav: 0.7
[13:43:22] Connor_O_Neill sebzest kapott tole: Marcell_O_Neill | sebzes: Ököl (-1.9) | E/P: 150.0/5.0 (S: 150.0/5.0) | Tav: 0.7
[13:43:22] Connor_O_Neill sebzest kapott tole: Marcell_O_Neill | sebzes: Ököl (-5.2) | E/P: 150.0/5.0 (S: 150.0/5.0) | Tav: 0.7
[13:43:23] Connor_O_Neill sebzest kapott tole: Marcell_O_Neill | sebzes: Ököl (-6.6) | E/P: 150.0/5.0 (S: 150.0/5.0) | Tav: 0.7
[13:43:24] Connor_O_Neill sebzest kapott tole: Marcell_O_Neill | sebzes: Ököl (-6.6) | E/P: 150.0/5.0 (S: 150.0/5.0) | Tav: 0.7
[13:43:24] Connor_O_Neill sebzest kapott tole: Marcell_O_Neill | sebzes: Ököl (-6.6) | E/P: 150.0/5.0 (S: 150.0/5.0) | Tav: 0.7
[13:43:25] Connor_O_Neill sebzest kapott tole: Marcell_O_Neill | sebzes: Ököl (-1.9) | E/P: 150.0/5.0 (S: 150.0/5.0) | Tav: 0.7
[13:43:26] Connor_O_Neill sebzest kapott tole: Marcell_O_Neill | sebzes: Ököl (-5.2) | E/P: 150.0/5.0 (S: 150.0/5.0) | Tav: 0.7
[13:43:27] Connor_O_Neill sebzest kapott tole: Marcell_O_Neill | sebzes: Ököl (-6.6) | E/P: 150.0/5.0 (S: 150.0/5.0) | Tav: 0.7
[13:43:27] Connor_O_Neill sebzest kapott tole: Marcell_O_Neill | sebzes: Ököl (-6.6) | E/P: 150.0/5.0 (S: 150.0/5.0) | Tav: 0.7
[13:43:28] Connor_O_Neill sebzest kapott tole: Marcell_O_Neill | sebzes: Ököl (-6.6) | E/P: 150.0/5.0 (S: 150.0/5.0) | Tav: 0.7
[13:43:28] Connor_O_Neill sebzest kapott tole: Marcell_O_Neill | sebzes: Ököl (-1.9) | E/P: 150.0/5.0 (S: 150.0/5.0) | Tav: 0.7
[13:43:29] Connor_O_Neill sebzest kapott tole: Marcell_O_Neill | sebzes: Ököl (-5.2) | E/P: 150.0/5.0 (S: 150.0/5.0) | Tav: 0.7
[13:43:30] Connor_O_Neill sebzest kapott tole: Marcell_O_Neill | sebzes: Ököl (-6.6) | E/P: 150.0/5.0 (S: 150.0/5.0) | Tav: 0.7
[13:43:31] Connor_O_Neill sebzest kapott tole: Marcell_O_Neill | sebzes: Ököl (-6.6) | E/P: 150.0/5.0 (S: 150.0/5.0) | Tav: 0.7
[13:43:32] Connor_O_Neill sebzest kapott tole: Marcell_O_Neill | sebzes: Ököl (-1.9) | E/P: 150.0/5.0 (S: 150.0/5.0) | Tav: 0.7
[13:43:32] Connor_O_Neill sebzest kapott tole: Marcell_O_Neill | sebzes: Ököl (-5.2) | E/P: 150.0/5.0 (S: 150.0/5.0) | Tav: 0.7
[13:43:33] Connor_O_Neill sebzest kapott tole: Marcell_O_Neill | sebzes: Ököl (-1.9) | E/P: 150.0/5.0 (S: 150.0/5.0) | Tav: 0.7
[13:44:44] Connor_O_Neill sebzest kapott tole: Marcell_O_Neill | sebzes: Ököl (-1.3) | E/P: 150.0/5.0 (S: 150.0/5.0) | Tav: 0.6
[13:44:45] Connor_O_Neill sebzest kapott tole: Marcell_O_Neill | sebzes: Ököl (-1.3) | E/P: 150.0/5.0 (S: 150.0/5.0) | Tav: 0.6
[13:44:46] Connor_O_Neill sebzest kapott tole: Marcell_O_Neill | sebzes: Ököl (-1.9) | E/P: 150.0/5.0 (S: 150.0/5.0) | Tav: 0.5
[13:44:46] Connor_O_Neill sebzest kapott tole: Marcell_O_Neill | sebzes: Ököl (-5.2) | E/P: 150.0/5.0 (S: 150.0/5.0) | Tav: 0.5
[13:44:47] Connor_O_Neill sebzest kapott tole: Marcell_O_Neill | sebzes: Ököl (-1.9) | E/P: 150.0/5.0 (S: 150.0/5.0) | Tav: 0.6
[13:44:48] Connor_O_Neill sebzest kapott tole: Marcell_O_Neill | sebzes: Ököl (-5.2) | E/P: 150.0/5.0 (S: 150.0/5.0) | Tav: 0.6
[13:44:49] Connor_O_Neill sebzest kapott tole: Marcell_O_Neill | sebzes: Ököl (-1.9) | E/P: 150.0/5.0 (S: 150.0/5.0) | Tav: 0.6
[13:44:49] Connor_O_Neill sebzest kapott tole: Marcell_O_Neill | sebzes: Ököl (-5.2) | E/P: 150.0/5.0 (S: 150.0/5.0) | Tav: 0.6
[13:45:02] Connor_O_Neill sebzest kapott tole: Marcell_O_Neill | sebzes: Ököl (-2.9) | E/P: 150.0/5.0 (S: 150.0/5.0) | Tav: 0.9
[13:45:02] Connor_O_Neill sebzest kapott tole: Marcell_O_Neill | sebzes: Ököl (-1.3) | E/P: 150.0/5.0 (S: 150.0/5.0) | Tav: 0.8
[13:45:03] Connor_O_Neill sebzest kapott tole: Marcell_O_Neill | sebzes: Ököl (-2.9) | E/P: 150.0/5.0 (S: 150.0/5.0) | Tav: 0.9
[13:45:04] Connor_O_Neill sebzest kapott tole: Marcell_O_Neill | sebzes: Ököl (-3.9) | E/P: 150.0/5.0 (S: 150.0/5.0) | Tav: 0.9
[13:45:04] Connor_O_Neill sebzest kapott tole: Marcell_O_Neill | sebzes: Ököl (-2.9) | E/P: 150.0/5.0 (S: 150.0/5.0) | Tav: 0.9
[13:45:05] Connor_O_Neill sebzest kapott tole: Marcell_O_Neill | sebzes: Ököl (-3.9) | E/P: 150.0/5.0 (S: 150.0/5.0) | Tav: 0.8
[13:45:06] Connor_O_Neill sebzest kapott tole: Marcell_O_Neill | sebzes: Ököl (-2.9) | E/P: 150.0/5.0 (S: 150.0/5.0) | Tav: 0.9
[13:45:06] Connor_O_Neill sebzest kapott tole: Marcell_O_Neill | sebzes: Ököl (-3.9) | E/P: 150.0/5.0 (S: 150.0/5.0) | Tav: 1.1
[13:45:07] Connor_O_Neill sebzest kapott tole: Marcell_O_Neill | sebzes: Ököl (-2.9) | E/P: 150.0/5.0 (S: 150.0/5.0) | Tav: 1.0
[13:45:07] Connor_O_Neill sebzest kapott tole: Marcell_O_Neill | sebzes: Ököl (-3.9) | E/P: 150.0/5.0 (S: 150.0/5.0) | Tav: 1.2
[13:45:08] Connor_O_Neill sebzest kapott tole: Marcell_O_Neill | sebzes: Ököl (-2.9) | E/P: 150.0/5.0 (S: 150.0/5.0) | Tav: 0.9
[13:45:09] Connor_O_Neill sebzest kapott tole: Marcell_O_Neill | sebzes: Ököl (-2.9) | E/P: 150.0/5.0 (S: 150.0/5.0) | Tav: 0.9
[13:45:11] Marcell_O_Neill sebzest kapott tole: Connor_O_Neill | sebzes: Ököl (-1.3) | E/P: 150.0/5.0 (S: 150.0/5.0) | Tav: 0.8
[13:45:12] Marcell_O_Neill sebzest kapott tole: Connor_O_Neill | sebzes: Ököl (-2.3) | E/P: 150.0/5.0 (S: 150.0/5.0) | Tav: 0.6
[13:45:12] Connor_O_Neill sebzest kapott tole: Marcell_O_Neill | sebzes: Ököl (-2.3) | E/P: 150.0/5.0 (S: 150.0/5.0) | Tav: 0.6
[13:45:12] Connor_O_Neill sebzest kapott tole: Marcell_O_Neill | sebzes: Ököl (-3.9) | E/P: 150.0/5.0 (S: 150.0/5.0) | Tav: 1.4
[13:45:13] Marcell_O_Neill sebzest kapott tole: Connor_O_Neill | sebzes: Ököl (-1.3) | E/P: 150.0/5.0 (S: 150.0/5.0) | Tav: 1.0
[13:45:13] Connor_O_Neill sebzest kapott tole: Marcell_O_Neill | sebzes: Ököl (-2.9) | E/P: 150.0/5.0 (S: 150.0/5.0) | Tav: 0.8
[13:45:13] Marcell_O_Neill sebzest kapott tole: Connor_O_Neill | sebzes: Ököl (-2.3) | E/P: 150.0/5.0 (S: 150.0/5.0) | Tav: 0.7
[13:45:13] Connor_O_Neill sebzest kapott tole: Marcell_O_Neill | sebzes: Ököl (-3.9) | E/P: 150.0/5.0 (S: 150.0/5.0) | Tav: 0.7
[13:45:14] Marcell_O_Neill sebzest kapott tole: Connor_O_Neill | sebzes: Ököl (-5.2) | E/P: 150.0/5.0 (S: 150.0/5.0) | Tav: 0.7
[13:45:14] Connor_O_Neill sebzest kapott tole: Marcell_O_Neill | sebzes: Ököl (-2.9) | E/P: 150.0/5.0 (S: 150.0/5.0) | Tav: 0.6
[13:45:15] Connor_O_Neill sebzest kapott tole: Marcell_O_Neill | sebzes: Ököl (-3.9) | E/P: 150.0/5.0 (S: 150.0/5.0) | Tav: 0.7
[13:45:16] Connor_O_Neill sebzest kapott tole: Marcell_O_Neill | sebzes: Ököl (-2.9) | E/P: 150.0/5.0 (S: 150.0/5.0) | Tav: 0.7
[13:45:16] Connor_O_Neill sebzest kapott tole: Marcell_O_Neill | sebzes: Ököl (-3.9) | E/P: 150.0/5.0 (S: 150.0/5.0) | Tav: 0.7
[13:45:17] Connor_O_Neill sebzest kapott tole: Marcell_O_Neill | sebzes: Ököl (-2.9) | E/P: 150.0/5.0 (S: 150.0/5.0) | Tav: 0.7
[13:45:17] Connor_O_Neill sebzest kapott tole: Marcell_O_Neill | sebzes: Ököl (-3.9) | E/P: 150.0/5.0 (S: 150.0/5.0) | Tav: 0.9
[13:45:18] Connor_O_Neill sebzest kapott tole: Marcell_O_Neill | sebzes: Ököl (-2.9) | E/P: 150.0/5.0 (S: 150.0/5.0) | Tav: 0.7
[13:45:19] Connor_O_Neill sebzest kapott tole: Marcell_O_Neill | sebzes: Ököl (-6.6) | E/P: 150.0/5.0 (S: 150.0/5.0) | Tav: 0.7
[13:45:21] Connor_O_Neill sebzest kapott tole: Marcell_O_Neill | sebzes: Ököl (-1.3) | E/P: 150.0/5.0 (S: 150.0/5.0) | Tav: 0.8
[13:45:22] Connor_O_Neill sebzest kapott tole: Marcell_O_Neill | sebzes: Ököl (-3.9) | E/P: 150.0/5.0 (S: 150.0/5.0) | Tav: 0.6
[13:45:24] Connor_O_Neill sebzest kapott tole: Marcell_O_Neill | sebzes: Ököl (-1.3) | E/P: 150.0/5.0 (S: 150.0/5.0) | Tav: 0.7
[13:45:25] Connor_O_Neill sebzest kapott tole: Marcell_O_Neill | sebzes: Ököl (-2.9) | E/P: 150.0/5.0 (S: 150.0/5.0) | Tav: 0.7
[13:45:25] Connor_O_Neill sebzest kapott tole: Marcell_O_Neill | sebzes: Ököl (-3.9) | E/P: 150.0/5.0 (S: 150.0/5.0) | Tav: 1.1
[13:45:26] Connor_O_Neill sebzest kapott tole: Marcell_O_Neill | sebzes: Ököl (-2.9) | E/P: 150.0/5.0 (S: 150.0/5.0) | Tav: 1.1
[13:45:27] Connor_O_Neill sebzest kapott tole: Marcell_O_Neill | sebzes: Ököl (-3.9) | E/P: 150.0/5.0 (S: 150.0/5.0) | Tav: 1.2
[13:45:27] Connor_O_Neill sebzest kapott tole: Marcell_O_Neill | sebzes: Ököl (-2.9) | E/P: 150.0/5.0 (S: 150.0/5.0) | Tav: 1.0
[13:45:28] Connor_O_Neill sebzest kapott tole: Marcell_O_Neill | sebzes: Ököl (-3.9) | E/P: 150.0/5.0 (S: 150.0/5.0) | Tav: 1.1
[13:45:28] Connor_O_Neill sebzest kapott tole: Marcell_O_Neill | sebzes: Ököl (-2.9) | E/P: 150.0/5.0 (S: 150.0/5.0) | Tav: 1.1
[13:45:29] Connor_O_Neill sebzest kapott tole: Marcell_O_Neill | sebzes: Ököl (-3.9) | E/P: 150.0/5.0 (S: 150.0/5.0) | Tav: 1.0
[13:45:30] Connor_O_Neill sebzest kapott tole: Marcell_O_Neill | sebzes: Ököl (-2.9) | E/P: 150.0/5.0 (S: 150.0/5.0) | Tav: 0.9
[13:45:30] Connor_O_Neill sebzest kapott tole: Marcell_O_Neill | sebzes: Ököl (-3.9) | E/P: 150.0/5.0 (S: 150.0/5.0) | Tav: 1.3
[13:45:31] Connor_O_Neill sebzest kapott tole: Marcell_O_Neill | sebzes: Ököl (-2.9) | E/P: 150.0/5.0 (S: 150.0/5.0) | Tav: 0.9
[13:45:32] Connor_O_Neill sebzest kapott tole: Marcell_O_Neill | sebzes: Ököl (-3.9) | E/P: 150.0/5.0 (S: 150.0/5.0) | Tav: 0.9
[13:45:32] Connor_O_Neill sebzest kapott tole: Marcell_O_Neill | sebzes: Ököl (-1.3) | E/P: 150.0/5.0 (S: 150.0/5.0) | Tav: 0.8
[13:45:32] Connor_O_Neill sebzest kapott tole: Marcell_O_Neill | sebzes: Ököl (-1.3) | E/P: 150.0/5.0 (S: 150.0/5.0) | Tav: 1.2
[13:45:33] Connor_O_Neill sebzest kapott tole: Marcell_O_Neill | sebzes: Ököl (-2.9) | E/P: 150.0/5.0 (S: 150.0/5.0) | Tav: 0.7
[13:45:34] Connor_O_Neill sebzest kapott tole: Marcell_O_Neill | sebzes: Ököl (-3.9) | E/P: 150.0/5.0 (S: 150.0/5.0) | Tav: 0.7
[13:45:34] Connor_O_Neill sebzest kapott tole: Marcell_O_Neill | sebzes: Ököl (-2.9) | E/P: 145.0/5.0 (S: 145.0/5.0) | Tav: 0.7
[13:45:35] Connor_O_Neill sebzest kapott tole: Marcell_O_Neill | sebzes: Ököl (-3.9) | E/P: 145.0/5.0 (S: 145.0/5.0) | Tav: 1.3
[13:45:36] Connor_O_Neill sebzest kapott tole: Marcell_O_Neill | sebzes: Ököl (-1.3) | E/P: 145.0/5.0 (S: 145.0/5.0) | Tav: 4.7
[13:47:23] Dolph_F_Gates sebzest kapott tole: Marcell_O_Neill | sebzes: Ököl (-1.3) | E/P: 150.0/5.0 (S: 150.0/5.0) | Tav: 1.0
[13:47:25] Dolph_F_Gates sebzest kapott tole: Marcell_O_Neill | sebzes: Ököl (-1.3) | E/P: 150.0/5.0 (S: 150.0/5.0) | Tav: 0.7
[13:47:33] Dolph_F_Gates sebzest kapott tole: Marcell_O_Neill | sebzes: Ököl (-1.3) | E/P: 150.0/5.0 (S: 150.0/5.0) | Tav: 1.2
[13:47:35] Dolph_F_Gates sebzest kapott tole: Marcell_O_Neill | sebzes: Ököl (-1.3) | E/P: 150.0/5.0 (S: 150.0/5.0) | Tav: 0.8
[13:47:35] Dolph_F_Gates sebzest kapott tole: Marcell_O_Neill | sebzes: Ököl (-1.3) | E/P: 150.0/5.0 (S: 150.0/5.0) | Tav: 1.2
[13:47:41] Dolph_F_Gates sebzest kapott tole: Marcell_O_Neill | sebzes: Ököl (-1.3) | E/P: 150.0/5.0 (S: 150.0/5.0) | Tav: 0.8
[13:47:41] Dolph_F_Gates sebzest kapott tole: Marcell_O_Neill | sebzes: Ököl (-2.3) | E/P: 150.0/5.0 (S: 150.0/5.0) | Tav: 0.8
[13:47:41] Dolph_F_Gates sebzest kapott tole: Marcell_O_Neill | sebzes: Ököl (-3.9) | E/P: 150.0/5.0 (S: 150.0/5.0) | Tav: 1.1
[13:47:43] Dolph_F_Gates sebzest kapott tole: Marcell_O_Neill | sebzes: Ököl (-54.1) | E/P: 150.0/5.0 (S: 150.0/5.0) | Tav: 1.2
[13:47:44] Dolph_F_Gates sebzest kapott tole: Marcell_O_Neill | sebzes: Ököl (-6.6) | E/P: 150.0/5.0 (S: 150.0/5.0) | Tav: 1.5
[13:47:45] Dolph_F_Gates sebzest kapott tole: Marcell_O_Neill | sebzes: Ököl (-2.9) | E/P: 150.0/5.0 (S: 150.0/5.0) | Tav: 0.6
[13:47:49] Dolph_F_Gates sebzest kapott tole: Marcell_O_Neill | sebzes: Ököl (-1.3) | E/P: 150.0/5.0 (S: 150.0/5.0) | Tav: 1.1
[13:47:49] Dolph_F_Gates sebzest kapott tole: Marcell_O_Neill | sebzes: Ököl (-2.9) | E/P: 150.0/5.0 (S: 150.0/5.0) | Tav: 1.3
[13:47:50] Dolph_F_Gates sebzest kapott tole: Marcell_O_Neill | sebzes: Ököl (-3.9) | E/P: 150.0/5.0 (S: 150.0/5.0) | Tav: 1.3
[13:47:50] Dolph_F_Gates sebzest kapott tole: Marcell_O_Neill | sebzes: Ököl (-2.9) | E/P: 150.0/5.0 (S: 150.0/5.0) | Tav: 0.6
[13:47:51] Dolph_F_Gates sebzest kapott tole: Marcell_O_Neill | sebzes: Ököl (-3.9) | E/P: 150.0/5.0 (S: 150.0/5.0) | Tav: 0.7
[13:47:52] Dolph_F_Gates sebzest kapott tole: Marcell_O_Neill | sebzes: Ököl (-2.9) | E/P: 150.0/5.0 (S: 150.0/5.0) | Tav: 0.9
[13:47:52] Dolph_F_Gates sebzest kapott tole: Marcell_O_Neill | sebzes: Ököl (-3.9) | E/P: 150.0/5.0 (S: 150.0/5.0) | Tav: 0.9
[13:47:53] Dolph_F_Gates sebzest kapott tole: Marcell_O_Neill | sebzes: Ököl (-2.9) | E/P: 150.0/5.0 (S: 150.0/5.0) | Tav: 1.2
[13:47:54] Dolph_F_Gates sebzest kapott tole: Marcell_O_Neill | sebzes: Ököl (-3.9) | E/P: 150.0/5.0 (S: 150.0/5.0) | Tav: 1.4
[13:47:54] Dolph_F_Gates sebzest kapott tole: Marcell_O_Neill | sebzes: Ököl (-2.9) | E/P: 150.0/5.0 (S: 150.0/5.0) | Tav: 0.6
[13:47:55] Dolph_F_Gates sebzest kapott tole: Marcell_O_Neill | sebzes: Ököl (-3.9) | E/P: 150.0/5.0 (S: 150.0/5.0) | Tav: 0.7
[13:47:55] Dolph_F_Gates sebzest kapott tole: Marcell_O_Neill | sebzes: Ököl (-2.9) | E/P: 150.0/5.0 (S: 150.0/5.0) | Tav: 1.4
[13:47:56] Dolph_F_Gates sebzest kapott tole: Marcell_O_Neill | sebzes: Ököl (-3.9) | E/P: 150.0/5.0 (S: 150.0/5.0) | Tav: 0.9
[13:47:57] Dolph_F_Gates sebzest kapott tole: Marcell_O_Neill | sebzes: Ököl (-2.9) | E/P: 150.0/5.0 (S: 150.0/5.0) | Tav: 0.6
[13:47:57] Dolph_F_Gates sebzest kapott tole: Marcell_O_Neill | sebzes: Ököl (-3.9) | E/P: 150.0/5.0 (S: 150.0/5.0) | Tav: 0.7
[13:48:56] Dolph_F_Gates sebzest kapott tole: Marcell_O_Neill | sebzes: Ököl (-1.3) | E/P: 150.0/5.0 (S: 150.0/5.0) | Tav: 0.7
[13:48:56] Dolph_F_Gates sebzest kapott tole: Marcell_O_Neill | sebzes: Ököl (-2.9) | E/P: 150.0/5.0 (S: 150.0/5.0) | Tav: 0.6
[13:49:03] Dolph_F_Gates sebzest kapott tole: Marcell_O_Neill | sebzes: Ököl (-2.9) | E/P: 150.0/5.0 (S: 150.0/5.0) | Tav: 0.7
[13:49:03] Dolph_F_Gates sebzest kapott tole: Marcell_O_Neill | sebzes: Ököl (-3.9) | E/P: 150.0/5.0 (S: 150.0/5.0) | Tav: 0.7
[13:49:04] Dolph_F_Gates sebzest kapott tole: Marcell_O_Neill | sebzes: Ököl (-2.9) | E/P: 150.0/5.0 (S: 150.0/5.0) | Tav: 0.9
[13:49:04] Dolph_F_Gates sebzest kapott tole: Marcell_O_Neill | sebzes: Ököl (-3.9) | E/P: 150.0/5.0 (S: 150.0/5.0) | Tav: 0.9
[13:49:05] Dolph_F_Gates sebzest kapott tole: Marcell_O_Neill | sebzes: Ököl (-2.9) | E/P: 150.0/5.0 (S: 150.0/5.0) | Tav: 1.3
[13:49:06] Dolph_F_Gates sebzest kapott tole: Marcell_O_Neill | sebzes: Ököl (-3.9) | E/P: 150.0/5.0 (S: 150.0/5.0) | Tav: 1.5
[13:49:06] Dolph_F_Gates sebzest kapott tole: Marcell_O_Neill | sebzes: Ököl (-2.9) | E/P: 150.0/5.0 (S: 150.0/5.0) | Tav: 0.6
[13:49:07] Dolph_F_Gates sebzest kapott tole: Marcell_O_Neill | sebzes: Ököl (-1.3) | E/P: 150.0/5.0 (S: 150.0/5.0) | Tav: 0.7
[13:49:07] Dolph_F_Gates sebzest kapott tole: Marcell_O_Neill | sebzes: Ököl (-2.9) | E/P: 150.0/5.0 (S: 150.0/5.0) | Tav: 1.1
[13:49:08] Dolph_F_Gates sebzest kapott tole: Marcell_O_Neill | sebzes: Ököl (-3.9) | E/P: 150.0/5.0 (S: 150.0/5.0) | Tav: 1.0
[13:49:09] Dolph_F_Gates sebzest kapott tole: Marcell_O_Neill | sebzes: Ököl (-2.9) | E/P: 150.0/5.0 (S: 150.0/5.0) | Tav: 0.6
[13:49:09] Dolph_F_Gates sebzest kapott tole: Marcell_O_Neill | sebzes: Ököl (-3.9) | E/P: 150.0/5.0 (S: 150.0/5.0) | Tav: 0.9
[13:49:10] Dolph_F_Gates sebzest kapott tole: Marcell_O_Neill | sebzes: Ököl (-1.3) | E/P: 150.0/5.0 (S: 150.0/5.0) | Tav: 0.8
[13:49:10] Dolph_F_Gates sebzest kapott tole: Marcell_O_Neill | sebzes: Ököl (-2.9) | E/P: 150.0/5.0 (S: 150.0/5.0) | Tav: 1.1
[13:49:14] Dolph_F_Gates sebzest kapott tole: Marcell_O_Neill | sebzes: Ököl (-1.3) | E/P: 150.0/5.0 (S: 150.0/5.0) | Tav: 0.7
[13:49:14] Dolph_F_Gates sebzest kapott tole: Marcell_O_Neill | sebzes: Ököl (-2.3) | E/P: 150.0/5.0 (S: 150.0/5.0) | Tav: 1.1
[13:49:14] Dolph_F_Gates sebzest kapott tole: Marcell_O_Neill | sebzes: Ököl (-3.9) | E/P: 150.0/5.0 (S: 150.0/5.0) | Tav: 1.2
[13:49:16] Dolph_F_Gates sebzest kapott tole: Marcell_O_Neill | sebzes: Ököl (-54.1) | E/P: 150.0/5.0 (S: 150.0/5.0) | Tav: 0.7
[13:49:17] Dolph_F_Gates sebzest kapott tole: Marcell_O_Neill | sebzes: Ököl (-6.6) | E/P: 150.0/5.0 (S: 150.0/5.0) | Tav: 0.8
[13:49:19] Dolph_F_Gates sebzest kapott tole: Marcell_O_Neill | sebzes: Ököl (-2.9) | E/P: 150.0/5.0 (S: 150.0/5.0) | Tav: 0.6
[13:49:20] Dolph_F_Gates sebzest kapott tole: Marcell_O_Neill | sebzes: Ököl (-3.9) | E/P: 150.0/5.0 (S: 150.0/5.0) | Tav: 1.2
[13:49:20] Dolph_F_Gates sebzest kapott tole: Marcell_O_Neill | sebzes: Ököl (-2.9) | E/P: 150.0/5.0 (S: 150.0/5.0) | Tav: 0.9
[13:49:21] Dolph_F_Gates sebzest kapott tole: Marcell_O_Neill | sebzes: Ököl (-3.9) | E/P: 150.0/5.0 (S: 150.0/5.0) | Tav: 0.6
[13:49:22] Dolph_F_Gates sebzest kapott tole: Marcell_O_Neill | sebzes: Ököl (-2.9) | E/P: 150.0/5.0 (S: 150.0/5.0) | Tav: 0.8
[13:49:41] Dolph_F_Gates sebzest kapott tole: Marcell_O_Neill | sebzes: Ököl (-1.3) | E/P: 150.0/5.0 (S: 150.0/5.0) | Tav: 0.6
[13:49:41] Dolph_F_Gates sebzest kapott tole: Marcell_O_Neill | sebzes: Ököl (-1.3) | E/P: 150.0/5.0 (S: 150.0/5.0) | Tav: 0.9
[13:49:42] Dolph_F_Gates sebzest kapott tole: Marcell_O_Neill | sebzes: Ököl (-2.3) | E/P: 150.0/5.0 (S: 150.0/5.0) | Tav: 0.7
[13:49:42] Dolph_F_Gates sebzest kapott tole: Marcell_O_Neill | sebzes: Ököl (-3.9) | E/P: 150.0/5.0 (S: 150.0/5.0) | Tav: 0.6
[13:49:44] Dolph_F_Gates sebzest kapott tole: Marcell_O_Neill | sebzes: Ököl (-54.1) | E/P: 150.0/5.0 (S: 150.0/5.0) | Tav: 0.9
[13:49:45] Dolph_F_Gates sebzest kapott tole: Marcell_O_Neill | sebzes: Ököl (-6.6) | E/P: 150.0/5.0 (S: 150.0/5.0) | Tav: 1.3
[13:49:45] Dolph_F_Gates sebzest kapott tole: Marcell_O_Neill | sebzes: Ököl (-6.6) | E/P: 150.0/5.0 (S: 150.0/5.0) | Tav: 1.3
[13:50:18] Dolph_F_Gates sebzest kapott tole: Marcell_O_Neill | sebzes: Ököl (-1.3) | E/P: 150.0/5.0 (S: 150.0/5.0) | Tav: 0.7
[13:50:29] Dolph_F_Gates sebzest kapott tole: Marcell_O_Neill | sebzes: Ököl (-1.3) | E/P: 150.0/5.0 (S: 150.0/5.0) | Tav: 0.7
[13:50:29] Dolph_F_Gates sebzest kapott tole: Marcell_O_Neill | sebzes: Ököl (-1.3) | E/P: 150.0/5.0 (S: 150.0/5.0) | Tav: 0.7
[13:50:30] Dolph_F_Gates sebzest kapott tole: Marcell_O_Neill | sebzes: Ököl (-1.3) | E/P: 150.0/5.0 (S: 150.0/5.0) | Tav: 0.7
[13:50:31] Dolph_F_Gates sebzest kapott tole: Marcell_O_Neill | sebzes: Ököl (-2.9) | E/P: 150.0/5.0 (S: 150.0/5.0) | Tav: 0.7
[13:50:31] Dolph_F_Gates sebzest kapott tole: Marcell_O_Neill | sebzes: Ököl (-3.9) | E/P: 150.0/5.0 (S: 150.0/5.0) | Tav: 0.7
[13:50:32] Dolph_F_Gates sebzest kapott tole: Marcell_O_Neill | sebzes: Ököl (-2.9) | E/P: 150.0/5.0 (S: 150.0/5.0) | Tav: 0.8
[13:50:32] Dolph_F_Gates sebzest kapott tole: Marcell_O_Neill | sebzes: Ököl (-3.9) | E/P: 150.0/5.0 (S: 150.0/5.0) | Tav: 0.7
[13:50:33] Dolph_F_Gates sebzest kapott tole: Marcell_O_Neill | sebzes: Ököl (-2.9) | E/P: 150.0/5.0 (S: 150.0/5.0) | Tav: 0.8
[13:50:39] Dolph_F_Gates sebzest kapott tole: Marcell_O_Neill | sebzes: Ököl (-2.3) | E/P: 150.0/5.0 (S: 150.0/5.0) | Tav: 1.0
[13:50:40] Dolph_F_Gates sebzest kapott tole: Marcell_O_Neill | sebzes: Ököl (-3.9) | E/P: 150.0/5.0 (S: 150.0/5.0) | Tav: 0.8
[13:50:41] Dolph_F_Gates sebzest kapott tole: Marcell_O_Neill | sebzes: Ököl (-2.3) | E/P: 150.0/5.0 (S: 150.0/5.0) | Tav: 0.7
[13:50:42] Dolph_F_Gates sebzest kapott tole: Marcell_O_Neill | sebzes: Ököl (-1.3) | E/P: 150.0/5.0 (S: 150.0/5.0) | Tav: 0.6
[13:50:43] Dolph_F_Gates sebzest kapott tole: Marcell_O_Neill | sebzes: Ököl (-2.3) | E/P: 150.0/5.0 (S: 150.0/5.0) | Tav: 0.8
[13:50:43] Dolph_F_Gates sebzest kapott tole: Marcell_O_Neill | sebzes: Ököl (-3.9) | E/P: 150.0/5.0 (S: 150.0/5.0) | Tav: 1.0
[13:50:44] Dolph_F_Gates sebzest kapott tole: Marcell_O_Neill | sebzes: Ököl (-2.3) | E/P: 150.0/5.0 (S: 150.0/5.0) | Tav: 0.7
[13:50:45] Dolph_F_Gates sebzest kapott tole: Marcell_O_Neill | sebzes: Ököl (-3.9) | E/P: 150.0/5.0 (S: 150.0/5.0) | Tav: 1.0
[13:50:46] Dolph_F_Gates sebzest kapott tole: Marcell_O_Neill | sebzes: Ököl (-1.3) | E/P: 150.0/5.0 (S: 150.0/5.0) | Tav: 0.7
[13:50:47] Dolph_F_Gates sebzest kapott tole: Marcell_O_Neill | sebzes: Ököl (-2.3) | E/P: 150.0/5.0 (S: 150.0/5.0) | Tav: 0.8
[13:50:47] Dolph_F_Gates sebzest kapott tole: Marcell_O_Neill | sebzes: Ököl (-3.9) | E/P: 150.0/5.0 (S: 150.0/5.0) | Tav: 1.1
[13:50:48] Dolph_F_Gates sebzest kapott tole: Marcell_O_Neill | sebzes: Ököl (-2.3) | E/P: 150.0/5.0 (S: 150.0/5.0) | Tav: 0.8
[13:50:49] Dolph_F_Gates sebzest kapott tole: Marcell_O_Neill | sebzes: Ököl (-3.9) | E/P: 150.0/5.0 (S: 150.0/5.0) | Tav: 1.1
[13:50:50] Dolph_F_Gates sebzest kapott tole: Marcell_O_Neill | sebzes: Ököl (-1.3) | E/P: 150.0/5.0 (S: 150.0/5.0) | Tav: 0.7
[13:50:51] Dolph_F_Gates sebzest kapott tole: Marcell_O_Neill | sebzes: Ököl (-2.3) | E/P: 150.0/5.0 (S: 150.0/5.0) | Tav: 1.1
[13:50:51] Dolph_F_Gates sebzest kapott tole: Marcell_O_Neill | sebzes: Ököl (-3.9) | E/P: 150.0/5.0 (S: 150.0/5.0) | Tav: 1.1
[13:50:52] Dolph_F_Gates sebzest kapott tole: Marcell_O_Neill | sebzes: Ököl (-2.3) | E/P: 150.0/5.0 (S: 150.0/5.0) | Tav: 0.6
[13:50:53] Dolph_F_Gates sebzest kapott tole: Marcell_O_Neill | sebzes: Ököl (-3.9) | E/P: 150.0/5.0 (S: 150.0/5.0) | Tav: 1.1
[13:52:06] Mike_O_Neill sebzest kapott tole: Marcell_O_Neill | sebzes: Ököl (-1.3) | E/P: 150.0/5.0 (S: 150.0/5.0) | Tav: 0.7
[13:52:07] Mike_O_Neill sebzest kapott tole: Marcell_O_Neill | sebzes: Ököl (-2.9) | E/P: 150.0/5.0 (S: 150.0/5.0) | Tav: 0.7
[13:52:08] Mike_O_Neill sebzest kapott tole: Marcell_O_Neill | sebzes: Ököl (-3.9) | E/P: 150.0/5.0 (S: 150.0/5.0) | Tav: 0.7
[13:52:08] Mike_O_Neill sebzest kapott tole: Marcell_O_Neill | sebzes: Ököl (-2.9) | E/P: 150.0/5.0 (S: 150.0/5.0) | Tav: 0.7
[13:52:09] Mike_O_Neill sebzest kapott tole: Marcell_O_Neill | sebzes: Ököl (-3.9) | E/P: 150.0/5.0 (S: 150.0/5.0) | Tav: 0.7
[13:52:09] Mike_O_Neill sebzest kapott tole: Marcell_O_Neill | sebzes: Ököl (-2.9) | E/P: 150.0/5.0 (S: 150.0/5.0) | Tav: 0.7
[13:52:15] Dolph_F_Gates sebzest kapott tole: Marcell_O_Neill | sebzes: Ököl (-2.3) | E/P: 150.0/5.0 (S: 150.0/5.0) | Tav: 0.9
[13:52:15] Dolph_F_Gates sebzest kapott tole: Marcell_O_Neill | sebzes: Ököl (-3.9) | E/P: 150.0/5.0 (S: 150.0/5.0) | Tav: 0.7
[13:52:16] Dolph_F_Gates sebzest kapott tole: Marcell_O_Neill | sebzes: Ököl (-2.9) | E/P: 150.0/5.0 (S: 150.0/5.0) | Tav: 0.7
[13:52:20] Dolph_F_Gates sebzest kapott tole: Marcell_O_Neill | sebzes: Ököl (-1.3) | E/P: 150.0/5.0 (S: 150.0/5.0) | Tav: 0.8
[13:52:29] Dolph_F_Gates sebzest kapott tole: Marcell_O_Neill | sebzes: Ököl (-1.3) | E/P: 150.0/5.0 (S: 150.0/5.0) | Tav: 0.6
[13:52:29] Dolph_F_Gates sebzest kapott tole: Marcell_O_Neill | sebzes: Ököl (-1.3) | E/P: 150.0/5.0 (S: 150.0/5.0) | Tav: 1.1
[13:52:30] Dolph_F_Gates sebzest kapott tole: Marcell_O_Neill | sebzes: Ököl (-1.3) | E/P: 150.0/5.0 (S: 150.0/5.0) | Tav: 1.3
[13:56:44] Patrik_O_Neill sebzest kapott tole: Mike_O_Neill | sebzes: M4 (-9.9) | E/P: 150.0/0.0 (S: 150.0/0.0) | Tav: 32.0
[13:56:46] Patrik_O_Neill sebzest kapott tole: Mike_O_Neill | sebzes: M4 (-9.9) | E/P: 130.0/0.0 (S: 130.0/0.0) | Tav: 21.3
[13:58:34] Patrik_O_Neill sebzest kapott tole: Mike_O_Neill | sebzes: M4 (-9.9) | E/P: 150.0/0.0 (S: 150.0/0.0) | Tav: 51.6
[13:58:34] Patrik_O_Neill sebzest kapott tole: Mike_O_Neill | sebzes: M4 (-9.9) | E/P: 0.0/0.0 (S: 0.0/0.0) | Tav: 51.3
[13:59:05] Mike_O_Neill sebzest kapott tole: Patrik_O_Neill | sebzes: M4 (-9.9) | E/P: 150.0/0.0 (S: 150.0/0.0) | Tav: 15.0
[13:59:05] Mike_O_Neill sebzest kapott tole: Patrik_O_Neill | sebzes: M4 (-9.9) | E/P: 0.0/0.0 (S: 0.0/0.0) | Tav: 15.1
[14:00:04] Patrik_O_Neill sebzest kapott tole: Mike_O_Neill | sebzes: M4 (-9.9) | E/P: 150.0/0.0 (S: 150.0/0.0) | Tav: 6.3
[14:00:04] Mike_O_Neill sebzest kapott tole: Patrik_O_Neill | sebzes: M4 (-9.9) | E/P: 150.0/0.0 (S: 150.0/0.0) | Tav: 6.3
[14:00:57] Patrik_O_Neill sebzest kapott tole: Mike_O_Neill | sebzes: M4 (-9.9) | E/P: 150.0/0.0 (S: 150.0/0.0) | Tav: 3.5
[14:05:28] Patrik_O_Neill sebzest kapott tole: Mike_O_Neill | sebzes: Ököl (-1.3) | E/P: 150.0/5.0 (S: 150.0/5.0) | Tav: 0.9
[14:05:31] Mike_O_Neill sebzest kapott tole: Patrik_O_Neill | sebzes: Ököl (-1.3) | E/P: 150.0/0.0 (S: 150.0/0.0) | Tav: 0.7
[14:05:41] Mike_O_Neill sebzest kapott tole: Patrik_O_Neill | sebzes: Ököl (-1.3) | E/P: 148.6/0.0 (S: 148.6/0.0) | Tav: 0.9
[14:06:03] Patrik_O_Neill sebzest kapott tole: Mike_O_Neill | sebzes: Ököl (-1.3) | E/P: 150.0/3.6 (S: 150.0/3.6) | Tav: 0.7
[14:06:04] Mike_O_Neill sebzest kapott tole: Patrik_O_Neill | sebzes: Ököl (-1.3) | E/P: 147.3/0.0 (S: 147.3/0.0) | Tav: 0.6
[14:06:08] Mike_O_Neill sebzest kapott tole: Patrik_O_Neill | sebzes: Ököl (-1.3) | E/P: 146.0/0.0 (S: 146.0/0.0) | Tav: 0.7
[14:06:30] Patrik_O_Neill sebzest kapott tole: Mike_O_Neill | sebzes: M4 (-9.9) | E/P: 150.0/0.0 (S: 150.0/0.0) | Tav: 32.0
[14:06:58] Patrik_O_Neill sebzest kapott tole: Mike_O_Neill | sebzes: M4 (-9.9) | E/P: 150.0/0.0 (S: 150.0/0.0) | Tav: 11.8
[14:07:20] Mike_O_Neill sebzest kapott tole: Patrik_O_Neill | sebzes: M4 (-9.9) | E/P: 150.0/0.0 (S: 150.0/0.0) | Tav: 13.9
[14:07:21] Mike_O_Neill sebzest kapott tole: Patrik_O_Neill | sebzes: M4 (-9.9) | E/P: 130.0/0.0 (S: 130.0/0.0) | Tav: 13.8
[14:07:21] Mike_O_Neill sebzest kapott tole: Patrik_O_Neill | sebzes: M4 (-9.9) | E/P: 110.0/0.0 (S: 110.0/0.0) | Tav: 13.8
[14:07:21] Patrik_O_Neill sebzest kapott tole: Mike_O_Neill | sebzes: M4 (-9.9) | E/P: 150.0/0.0 (S: 150.0/0.0) | Tav: 13.8
[14:08:05] Mike_O_Neill sebzest kapott tole: Patrik_O_Neill | sebzes: M4 (-9.9) | E/P: 131.0/0.0 (S: 131.0/0.0) | Tav: 19.5
[14:08:05] Mike_O_Neill sebzest kapott tole: Patrik_O_Neill | sebzes: M4 (-9.9) | E/P: 111.0/0.0 (S: 111.0/0.0) | Tav: 18.4
[14:08:05] Mike_O_Neill sebzest kapott tole: Patrik_O_Neill | sebzes: M4 (-9.9) | E/P: 91.0/0.0 (S: 91.0/0.0) | Tav: 17.8
[14:08:05] Mike_O_Neill sebzest kapott tole: Patrik_O_Neill | sebzes: M4 (-9.9) | E/P: 71.0/0.0 (S: 71.0/0.0) | Tav: 17.6
[14:08:05] Mike_O_Neill sebzest kapott tole: Patrik_O_Neill | sebzes: M4 (-9.9) | E/P: 51.0/0.0 (S: 51.0/0.0) | Tav: 17.5
[14:08:06] Mike_O_Neill sebzest kapott tole: Patrik_O_Neill | sebzes: M4 (-9.9) | E/P: 31.0/0.0 (S: 31.0/0.0) | Tav: 17.6
[14:08:06] Mike_O_Neill sebzest kapott tole: Patrik_O_Neill | sebzes: M4 (-9.9) | E/P: 11.0/0.0 (S: 11.0/0.0) | Tav: 17.6
[14:08:06] Mike_O_Neill sebzest kapott tole: Patrik_O_Neill | sebzes: M4 (-9.9) | E/P: 0.0/0.0 (S: 0.0/0.0) | Tav: 17.6
[14:08:24] Patrik_O_Neill sebzest kapott tole: Mike_O_Neill | sebzes: M4 (-9.9) | E/P: 150.0/0.0 (S: 150.0/0.0) | Tav: 5.5
[14:08:25] Mike_O_Neill sebzest kapott tole: Patrik_O_Neill | sebzes: M4 (-9.9) | E/P: 150.0/0.0 (S: 150.0/0.0) | Tav: 4.8
[14:09:28] Patrik_O_Neill sebzest kapott tole: Mike_O_Neill | sebzes: M4 (-9.9) | E/P: 150.0/0.0 (S: 150.0/0.0) | Tav: 19.3
[14:09:28] Patrik_O_Neill sebzest kapott tole: Mike_O_Neill | sebzes: M4 (-9.9) | E/P: 130.0/0.0 (S: 130.0/0.0) | Tav: 19.3
[14:09:28] Patrik_O_Neill sebzest kapott tole: Mike_O_Neill | sebzes: M4 (-9.9) | E/P: 110.0/0.0 (S: 110.0/0.0) | Tav: 19.3
[14:09:41] Patrik_O_Neill sebzest kapott tole: Mike_O_Neill | sebzes: M4 (-9.9) | E/P: 150.0/0.0 (S: 150.0/0.0) | Tav: 62.2
[14:10:00] Patrik_O_Neill sebzest kapott tole: Mike_O_Neill | sebzes: M4 (-9.9) | E/P: 150.0/0.0 (S: 150.0/0.0) | Tav: 9.2
[14:10:00] Patrik_O_Neill sebzest kapott tole: Mike_O_Neill | sebzes: M4 (-9.9) | E/P: 0.0/0.0 (S: 0.0/0.0) | Tav: 9.1
[14:10:07] Patrik_O_Neill sebzest kapott tole: Mike_O_Neill | sebzes: M4 (-9.9) | E/P: 150.0/0.0 (S: 150.0/0.0) | Tav: 30.3
[14:10:36] Mike_O_Neill sebzest kapott tole: Patrik_O_Neill | sebzes: M4 (-9.9) | E/P: 150.0/0.0 (S: 150.0/0.0) | Tav: 23.3
[14:10:36] Mike_O_Neill sebzest kapott tole: Patrik_O_Neill | sebzes: M4 (-9.9) | E/P: 130.0/0.0 (S: 130.0/0.0) | Tav: 22.9
[14:10:36] Mike_O_Neill sebzest kapott tole: Patrik_O_Neill | sebzes: M4 (-9.9) | E/P: 110.0/0.0 (S: 110.0/0.0) | Tav: 21.9
[14:10:36] Mike_O_Neill sebzest kapott tole: Patrik_O_Neill | sebzes: M4 (-9.9) | E/P: 90.0/0.0 (S: 90.0/0.0) | Tav: 21.2
[14:10:36] Mike_O_Neill sebzest kapott tole: Patrik_O_Neill | sebzes: M4 (-9.9) | E/P: 70.0/0.0 (S: 70.0/0.0) | Tav: 21.1
[14:10:37] Mike_O_Neill sebzest kapott tole: Patrik_O_Neill | sebzes: M4 (-9.9) | E/P: 50.0/0.0 (S: 50.0/0.0) | Tav: 21.2
[14:10:37] Mike_O_Neill sebzest kapott tole: Patrik_O_Neill | sebzes: M4 (-9.9) | E/P: 30.0/0.0 (S: 30.0/0.0) | Tav: 21.2
[14:10:37] Mike_O_Neill sebzest kapott tole: Patrik_O_Neill | sebzes: M4 (-9.9) | E/P: 10.0/0.0 (S: 10.0/0.0) | Tav: 21.2
[14:10:37] Mike_O_Neill sebzest kapott tole: Patrik_O_Neill | sebzes: M4 (-9.9) | E/P: 0.0/0.0 (S: 0.0/0.0) | Tav: 21.2
[14:10:59] Mike_O_Neill sebzest kapott tole: Patrik_O_Neill | sebzes: M4 (-9.9) | E/P: 150.0/0.0 (S: 150.0/0.0) | Tav: 16.2
[14:11:00] Patrik_O_Neill sebzest kapott tole: Mike_O_Neill | sebzes: M4 (-9.9) | E/P: 150.0/0.0 (S: 150.0/0.0) | Tav: 16.1
[14:11:00] Mike_O_Neill sebzest kapott tole: Patrik_O_Neill | sebzes: M4 (-9.9) | E/P: 130.0/0.0 (S: 130.0/0.0) | Tav: 16.1
[14:11:00] Mike_O_Neill sebzest kapott tole: Patrik_O_Neill | sebzes: M4 (-9.9) | E/P: 110.0/0.0 (S: 110.0/0.0) | Tav: 16.1
[14:11:01] Mike_O_Neill sebzest kapott tole: Patrik_O_Neill | sebzes: M4 (-9.9) | E/P: 90.0/0.0 (S: 90.0/0.0) | Tav: 16.1
[14:11:01] Patrik_O_Neill sebzest kapott tole: Mike_O_Neill | sebzes: M4 (-9.9) | E/P: 130.0/0.0 (S: 130.0/0.0) | Tav: 16.0
[14:11:08] Mike_O_Neill sebzest kapott tole: Patrik_O_Neill | sebzes: M4 (-9.9) | E/P: 70.0/0.0 (S: 70.0/0.0) | Tav: 20.5
[14:11:08] Mike_O_Neill sebzest kapott tole: Patrik_O_Neill | sebzes: M4 (-9.9) | E/P: 50.0/0.0 (S: 50.0/0.0) | Tav: 19.8
[14:11:08] Mike_O_Neill sebzest kapott tole: Patrik_O_Neill | sebzes: M4 (-9.9) | E/P: 30.0/0.0 (S: 30.0/0.0) | Tav: 19.0
[14:11:09] Mike_O_Neill sebzest kapott tole: Patrik_O_Neill | sebzes: M4 (-9.9) | E/P: 10.0/0.0 (S: 10.0/0.0) | Tav: 18.6
[14:11:09] Mike_O_Neill sebzest kapott tole: Patrik_O_Neill | sebzes: M4 (-9.9) | E/P: 0.0/0.0 (S: 0.0/0.0) | Tav: 18.6
[14:12:53] Patrik_O_Neill sebzest kapott tole: Mike_O_Neill | sebzes: M4 (-2.6) | E/P: 150.0/0.0 (S: 150.0/0.0) | Tav: 0.5
[14:12:53] Patrik_O_Neill sebzest kapott tole: Mike_O_Neill | sebzes: M4 (-2.6) | E/P: 150.0/0.0 (S: 150.0/0.0) | Tav: 0.5
[14:12:54] Patrik_O_Neill sebzest kapott tole: Mike_O_Neill | sebzes: M4 (-2.6) | E/P: 150.0/0.0 (S: 150.0/0.0) | Tav: 0.6
[14:12:55] Patrik_O_Neill sebzest kapott tole: Mike_O_Neill | sebzes: M4 (-2.6) | E/P: 130.0/0.0 (S: 130.0/0.0) | Tav: 0.6
[14:12:56] Patrik_O_Neill sebzest kapott tole: Mike_O_Neill | sebzes: M4 (-9.9) | E/P: 110.0/0.0 (S: 110.0/0.0) | Tav: 1.7
[14:12:56] Patrik_O_Neill sebzest kapott tole: Mike_O_Neill | sebzes: M4 (-9.9) | E/P: 0.0/0.0 (S: 0.0/0.0) | Tav: 2.0
[14:13:30] Mike_O_Neill sebzest kapott tole: Patrik_O_Neill | sebzes: M4 (-9.9) | E/P: 150.0/0.0 (S: 150.0/0.0) | Tav: 10.8
[21:13:45] Mike_O_Neill sebzest kapott tole: Patrik_O_Neill | sebzes: M4 (-9.9) | E/P: 150.0/0.0 (S: 150.0/0.0) | Tav: 6.6
[21:13:45] Mike_O_Neill sebzest kapott tole: Patrik_O_Neill | sebzes: M4 (-9.9) | E/P: 130.0/0.0 (S: 130.0/0.0) | Tav: 6.1
[20:14:26] Patrik_O_Neill sebzest kapott tole: Mike_O_Neill | sebzes: M4 (-9.9) | E/P: 150.0/0.0 (S: 150.0/0.0) | Tav: 8.6
[20:14:27] Mike_O_Neill sebzest kapott tole: Patrik_O_Neill | sebzes: M4 (-9.9) | E/P: 150.0/0.0 (S: 150.0/0.0) | Tav: 9.3
[20:14:31] Mike_O_Neill sebzest kapott tole: Patrik_O_Neill | sebzes: M4 (-9.9) | E/P: 130.0/0.0 (S: 130.0/0.0) | Tav: 9.4
[20:14:31] Mike_O_Neill sebzest kapott tole: Patrik_O_Neill | sebzes: M4 (-9.9) | E/P: 110.0/0.0 (S: 110.0/0.0) | Tav: 9.5
[20:14:31] Mike_O_Neill sebzest kapott tole: Patrik_O_Neill | sebzes: M4 (-9.9) | E/P: 90.0/0.0 (S: 90.0/0.0) | Tav: 9.5
[20:14:31] Mike_O_Neill sebzest kapott tole: Patrik_O_Neill | sebzes: M4 (-9.9) | E/P: 70.0/0.0 (S: 70.0/0.0) | Tav: 9.5
[20:14:31] Patrik_O_Neill sebzest kapott tole: Mike_O_Neill | sebzes: M4 (-9.9) | E/P: 130.0/0.0 (S: 130.0/0.0) | Tav: 9.5
[20:14:39] Patrik_O_Neill sebzest kapott tole: Mike_O_Neill | sebzes: M4 (-9.9) | E/P: 150.0/0.0 (S: 150.0/0.0) | Tav: 4.9
[20:14:40] Mike_O_Neill sebzest kapott tole: Patrik_O_Neill | sebzes: M4 (-9.9) | E/P: 89.0/0.0 (S: 89.0/0.0) | Tav: 5.4
[20:14:40] Mike_O_Neill sebzest kapott tole: Patrik_O_Neill | sebzes: M4 (-9.9) | E/P: 69.0/0.0 (S: 69.0/0.0) | Tav: 5.6
[20:14:40] Mike_O_Neill sebzest kapott tole: Patrik_O_Neill | sebzes: M4 (-9.9) | E/P: 49.0/0.0 (S: 49.0/0.0) | Tav: 5.6
[20:14:40] Patrik_O_Neill sebzest kapott tole: Mike_O_Neill | sebzes: M4 (-9.9) | E/P: 130.0/0.0 (S: 130.0/0.0) | Tav: 5.6
[20:14:48] Mike_O_Neill sebzest kapott tole: Patrik_O_Neill | sebzes: M4 (-9.9) | E/P: 74.0/0.0 (S: 74.0/0.0) | Tav: 13.1
[20:14:48] Mike_O_Neill sebzest kapott tole: Patrik_O_Neill | sebzes: M4 (-9.9) | E/P: 54.0/0.0 (S: 54.0/0.0) | Tav: 13.2
[20:14:48] Mike_O_Neill sebzest kapott tole: Patrik_O_Neill | sebzes: M4 (-9.9) | E/P: 34.0/0.0 (S: 34.0/0.0) | Tav: 12.9
[20:14:48] Mike_O_Neill sebzest kapott tole: Patrik_O_Neill | sebzes: M4 (-9.9) | E/P: 0.0/0.0 (S: 0.0/0.0) | Tav: 12.9
[20:15:13] Patrik_O_Neill sebzest kapott tole: Mike_O_Neill | sebzes: M4 (-9.9) | E/P: 150.0/0.0 (S: 150.0/0.0) | Tav: 41.9
[20:15:56] Mike_O_Neill sebzest kapott tole: Patrik_O_Neill | sebzes: M4 (-9.9) | E/P: 150.0/0.0 (S: 150.0/0.0) | Tav: 41.1
[20:16:13] Patrik_O_Neill sebzest kapott tole: Mike_O_Neill | sebzes: M4 (-9.9) | E/P: 150.0/0.0 (S: 150.0/0.0) | Tav: 1.2
[20:16:14] Patrik_O_Neill sebzest kapott tole: Mike_O_Neill | sebzes: M4 (-9.9) | E/P: 130.0/0.0 (S: 130.0/0.0) | Tav: 1.2
[20:16:14] Patrik_O_Neill sebzest kapott tole: Mike_O_Neill | sebzes: M4 (-9.9) | E/P: 110.0/0.0 (S: 110.0/0.0) | Tav: 1.2
[20:16:14] Patrik_O_Neill sebzest kapott tole: Mike_O_Neill | sebzes: M4 (-9.9) | E/P: 90.0/0.0 (S: 90.0/0.0) | Tav: 1.2
[20:16:14] Mike_O_Neill sebzest kapott tole: Patrik_O_Neill | sebzes: M4 (-9.9) | E/P: 150.0/0.0 (S: 150.0/0.0) | Tav: 1.4
[20:16:14] Patrik_O_Neill sebzest kapott tole: Mike_O_Neill | sebzes: M4 (-9.9) | E/P: 70.0/0.0 (S: 70.0/0.0) | Tav: 1.4
[20:16:14] Patrik_O_Neill sebzest kapott tole: Mike_O_Neill | sebzes: M4 (-9.9) | E/P: 0.0/0.0 (S: 0.0/0.0) | Tav: 1.5
[20:16:33] Patrik_O_Neill sebzest kapott tole: Mike_O_Neill | sebzes: M4 (-9.9) | E/P: 150.0/0.0 (S: 150.0/0.0) | Tav: 5.2
[20:16:40] Patrik_O_Neill sebzest kapott tole: Mike_O_Neill | sebzes: M4 (-9.9) | E/P: 150.0/0.0 (S: 150.0/0.0) | Tav: 17.1
[20:16:40] Patrik_O_Neill sebzest kapott tole: Mike_O_Neill | sebzes: M4 (-9.9) | E/P: 130.0/0.0 (S: 130.0/0.0) | Tav: 16.8
[20:16:40] Patrik_O_Neill sebzest kapott tole: Mike_O_Neill | sebzes: M4 (-9.9) | E/P: 110.0/0.0 (S: 110.0/0.0) | Tav: 16.4
[20:16:41] Mike_O_Neill sebzest kapott tole: Patrik_O_Neill | sebzes: M4 (-9.9) | E/P: 150.0/0.0 (S: 150.0/0.0) | Tav: 15.7
[20:16:52] Patrik_O_Neill sebzest kapott tole: Mike_O_Neill | sebzes: M4 (-9.9) | E/P: 136.0/0.0 (S: 136.0/0.0) | Tav: 4.3
[20:16:53] Patrik_O_Neill sebzest kapott tole: Mike_O_Neill | sebzes: M4 (-9.9) | E/P: 116.0/0.0 (S: 116.0/0.0) | Tav: 3.2
[20:16:53] Patrik_O_Neill sebzest kapott tole: Mike_O_Neill | sebzes: M4 (-9.9) | E/P: 0.0/0.0 (S: 0.0/0.0) | Tav: 3.2
[20:17:06] Patrik_O_Neill sebzest kapott tole: Mike_O_Neill | sebzes: M4 (-9.9) | E/P: 150.0/0.0 (S: 150.0/0.0) | Tav: 36.3
[18:17:21] Mike_O_Neill sebzest kapott tole: Patrik_O_Neill | sebzes: M4 (-9.9) | E/P: 150.0/0.0 (S: 150.0/0.0) | Tav: 63.4
[20:17:34] Mike_O_Neill sebzest kapott tole: Patrik_O_Neill | sebzes: M4 (-9.9) | E/P: 130.0/0.0 (S: 130.0/0.0) | Tav: 60.8
[20:17:34] Mike_O_Neill sebzest kapott tole: Patrik_O_Neill | sebzes: M4 (-9.9) | E/P: 0.0/0.0 (S: 0.0/0.0) | Tav: 60.6
[20:17:52] Patrik_O_Neill sebzest kapott tole: Mike_O_Neill | sebzes: M4 (-9.9) | E/P: 150.0/0.0 (S: 150.0/0.0) | Tav: 24.0
[20:18:09] Mike_O_Neill sebzest kapott tole: Patrik_O_Neill | sebzes: Ököl (-1.3) | E/P: 150.0/0.0 (S: 150.0/0.0) | Tav: 0.8
[20:18:14] Mike_O_Neill sebzest kapott tole: Patrik_O_Neill | sebzes: Ököl (-1.3) | E/P: 148.6/0.0 (S: 148.6/0.0) | Tav: 1.0
