[00:26:19] Amos_Toretto sebzest kapott tole: Krisztofer_Vincenzo | sebzes: Ököl (-1.3) | E/P: 150.0/144.7 (S: 150.0/144.7) | Tav: 0.8
[00:29:05] Amos_Toretto sebzest kapott tole: Krisztofer_Vincenzo | sebzes: Ököl (-1.3) | E/P: 150.0/143.3 (S: 150.0/143.3) | Tav: 0.9
[00:35:33] Amos_Toretto sebzest kapott tole: Marcell_O_Neill | sebzes: Ököl (-1.3) | E/P: 150.0/143.3 (S: 150.0/143.3) | Tav: 0.8
[00:35:34] Krisztofer_Vincenzo sebzest kapott tole: Marcell_O_Neill | sebzes: Ököl (-1.3) | E/P: 150.0/5.0 (S: 150.0/5.0) | Tav: 1.3
[00:35:35] Krisztofer_Vincenzo sebzest kapott tole: Marcell_O_Neill | sebzes: Ököl (-2.3) | E/P: 150.0/5.0 (S: 150.0/5.0) | Tav: 0.6
[00:35:36] Krisztofer_Vincenzo sebzest kapott tole: Marcell_O_Neill | sebzes: Ököl (-1.3) | E/P: 150.0/5.0 (S: 150.0/5.0) | Tav: 0.6
[00:35:56] Marcell_O_Neill sebzest kapott tole: Ryan_Brasco | sebzes: M4 (-9.9) | E/P: 150.0/0.0 (S: 150.0/0.0) | Tav: 5.0
[00:35:56] Marcell_O_Neill sebzest kapott tole: Ryan_Brasco | sebzes: M4 (-9.9) | E/P: 150.0/0.0 (S: 150.0/0.0) | Tav: 5.0
[00:35:56] Marcell_O_Neill sebzest kapott tole: Ryan_Brasco | sebzes: M4 (-9.9) | E/P: 150.0/0.0 (S: 150.0/0.0) | Tav: 5.0
[00:35:56] Marcell_O_Neill sebzest kapott tole: Ryan_Brasco | sebzes: M4 (-9.9) | E/P: 150.0/0.0 (S: 150.0/0.0) | Tav: 5.0
[00:35:57] Marcell_O_Neill sebzest kapott tole: Ryan_Brasco | sebzes: M4 (-9.9) | E/P: 150.0/0.0 (S: 150.0/0.0) | Tav: 4.9
[00:35:57] Marcell_O_Neill sebzest kapott tole: Ryan_Brasco | sebzes: M4 (-9.9) | E/P: 150.0/0.0 (S: 150.0/0.0) | Tav: 4.9
[00:35:57] Marcell_O_Neill sebzest kapott tole: Ryan_Brasco | sebzes: M4 (-9.9) | E/P: 150.0/0.0 (S: 150.0/0.0) | Tav: 4.9
[00:35:58] Marcell_O_Neill sebzest kapott tole: Ryan_Brasco | sebzes: M4 (-9.9) | E/P: 150.0/0.0 (S: 150.0/0.0) | Tav: 4.9
[00:35:58] Marcell_O_Neill sebzest kapott tole: Ryan_Brasco | sebzes: M4 (-9.9) | E/P: 150.0/0.0 (S: 150.0/0.0) | Tav: 4.9
[00:35:58] Marcell_O_Neill sebzest kapott tole: Ryan_Brasco | sebzes: M4 (-9.9) | E/P: 150.0/0.0 (S: 150.0/0.0) | Tav: 4.9
[00:35:58] Marcell_O_Neill sebzest kapott tole: Ryan_Brasco | sebzes: M4 (-9.9) | E/P: 150.0/0.0 (S: 150.0/0.0) | Tav: 4.9
[00:35:58] Marcell_O_Neill sebzest kapott tole: Ryan_Brasco | sebzes: M4 (-9.9) | E/P: 150.0/0.0 (S: 150.0/0.0) | Tav: 4.9
[00:35:58] Marcell_O_Neill sebzest kapott tole: Ryan_Brasco | sebzes: M4 (-9.9) | E/P: 150.0/0.0 (S: 150.0/0.0) | Tav: 4.9
[00:35:58] Marcell_O_Neill sebzest kapott tole: Ryan_Brasco | sebzes: M4 (-9.9) | E/P: 150.0/0.0 (S: 150.0/0.0) | Tav: 4.9
[00:35:58] Marcell_O_Neill sebzest kapott tole: Ryan_Brasco | sebzes: M4 (-9.9) | E/P: 150.0/0.0 (S: 150.0/0.0) | Tav: 10000.0
[00:35:59] Marcell_O_Neill sebzest kapott tole: Ryan_Brasco | sebzes: M4 (-9.9) | E/P: 150.0/0.0 (S: 150.0/0.0) | Tav: 10000.0
[00:35:59] Marcell_O_Neill sebzest kapott tole: Ryan_Brasco | sebzes: M4 (-9.9) | E/P: 150.0/0.0 (S: 150.0/0.0) | Tav: 10000.0
[00:35:59] Marcell_O_Neill sebzest kapott tole: Ryan_Brasco | sebzes: M4 (-9.9) | E/P: 150.0/0.0 (S: 150.0/0.0) | Tav: 10000.0
[00:35:59] Marcell_O_Neill sebzest kapott tole: Ryan_Brasco | sebzes: M4 (-9.9) | E/P: 150.0/0.0 (S: 150.0/0.0) | Tav: 10000.0
[00:35:59] Marcell_O_Neill sebzest kapott tole: Ryan_Brasco | sebzes: M4 (-9.9) | E/P: 150.0/0.0 (S: 150.0/0.0) | Tav: 10000.0
[00:36:52] Krisztofer_Vincenzo sebzest kapott tole: Ryan_Brasco | sebzes: M4 (-9.9) | E/P: 150.0/5.0 (S: 150.0/5.0) | Tav: 3.0
[00:36:52] Krisztofer_Vincenzo sebzest kapott tole: Ryan_Brasco | sebzes: M4 (-9.9) | E/P: 150.0/5.0 (S: 150.0/5.0) | Tav: 3.0
[00:36:52] Krisztofer_Vincenzo sebzest kapott tole: Ryan_Brasco | sebzes: M4 (-9.9) | E/P: 150.0/5.0 (S: 150.0/5.0) | Tav: 3.0
[00:36:53] Krisztofer_Vincenzo sebzest kapott tole: Ryan_Brasco | sebzes: M4 (-9.9) | E/P: 150.0/5.0 (S: 150.0/5.0) | Tav: 3.0
[00:36:53] Krisztofer_Vincenzo sebzest kapott tole: Ryan_Brasco | sebzes: M4 (-9.9) | E/P: 150.0/5.0 (S: 150.0/5.0) | Tav: 3.0
[00:36:53] Krisztofer_Vincenzo sebzest kapott tole: Ryan_Brasco | sebzes: M4 (-9.9) | E/P: 150.0/5.0 (S: 150.0/5.0) | Tav: 3.0
[00:36:54] Krisztofer_Vincenzo sebzest kapott tole: Ryan_Brasco | sebzes: M4 (-9.9) | E/P: 150.0/5.0 (S: 150.0/5.0) | Tav: 3.0
[00:36:54] Krisztofer_Vincenzo sebzest kapott tole: Ryan_Brasco | sebzes: M4 (-9.9) | E/P: 150.0/5.0 (S: 150.0/5.0) | Tav: 3.0
[00:36:54] Krisztofer_Vincenzo sebzest kapott tole: Ryan_Brasco | sebzes: M4 (-9.9) | E/P: 150.0/5.0 (S: 150.0/5.0) | Tav: 3.0
[00:36:54] Krisztofer_Vincenzo sebzest kapott tole: Ryan_Brasco | sebzes: M4 (-9.9) | E/P: 150.0/5.0 (S: 150.0/5.0) | Tav: 3.0
[00:36:54] Krisztofer_Vincenzo sebzest kapott tole: Ryan_Brasco | sebzes: M4 (-9.9) | E/P: 150.0/5.0 (S: 150.0/5.0) | Tav: 3.0
[00:36:55] Krisztofer_Vincenzo sebzest kapott tole: Ryan_Brasco | sebzes: M4 (-9.9) | E/P: 150.0/5.0 (S: 150.0/5.0) | Tav: 3.0
[00:36:55] Krisztofer_Vincenzo sebzest kapott tole: Ryan_Brasco | sebzes: M4 (-9.9) | E/P: 150.0/5.0 (S: 150.0/5.0) | Tav: 3.0
[00:36:55] Krisztofer_Vincenzo sebzest kapott tole: Ryan_Brasco | sebzes: M4 (-9.9) | E/P: 150.0/5.0 (S: 150.0/5.0) | Tav: 3.0
[00:36:55] Krisztofer_Vincenzo sebzest kapott tole: Ryan_Brasco | sebzes: M4 (-9.9) | E/P: 150.0/5.0 (S: 150.0/5.0) | Tav: 3.0
[00:36:55] Krisztofer_Vincenzo sebzest kapott tole: Ryan_Brasco | sebzes: M4 (-9.9) | E/P: 150.0/5.0 (S: 150.0/5.0) | Tav: 3.0
[00:36:55] Krisztofer_Vincenzo sebzest kapott tole: Ryan_Brasco | sebzes: M4 (-9.9) | E/P: 150.0/5.0 (S: 150.0/5.0) | Tav: 3.0
[00:36:56] Krisztofer_Vincenzo sebzest kapott tole: Ryan_Brasco | sebzes: M4 (-9.9) | E/P: 150.0/5.0 (S: 150.0/5.0) | Tav: 3.0
[00:36:57] Krisztofer_Vincenzo sebzest kapott tole: Ryan_Brasco | sebzes: M4 (-9.9) | E/P: 150.0/5.0 (S: 150.0/5.0) | Tav: 3.0
[00:36:57] Krisztofer_Vincenzo sebzest kapott tole: Ryan_Brasco | sebzes: M4 (-9.9) | E/P: 150.0/5.0 (S: 150.0/5.0) | Tav: 3.0
[00:36:57] Krisztofer_Vincenzo sebzest kapott tole: Ryan_Brasco | sebzes: M4 (-9.9) | E/P: 150.0/5.0 (S: 150.0/5.0) | Tav: 3.0
[00:36:58] Krisztofer_Vincenzo sebzest kapott tole: Ryan_Brasco | sebzes: M4 (-9.9) | E/P: 150.0/5.0 (S: 150.0/5.0) | Tav: 3.0
[00:37:20] Krisztofer_Vincenzo sebzest kapott tole: Amos_Toretto | sebzes: Ököl (-1.3) | E/P: 150.0/5.0 (S: 150.0/5.0) | Tav: 0.7
[00:37:21] Krisztofer_Vincenzo sebzest kapott tole: Amos_Toretto | sebzes: Ököl (-2.3) | E/P: 150.0/5.0 (S: 150.0/5.0) | Tav: 0.7
[00:37:21] Krisztofer_Vincenzo sebzest kapott tole: Amos_Toretto | sebzes: Ököl (-3.9) | E/P: 150.0/5.0 (S: 150.0/5.0) | Tav: 0.8
[00:37:22] Krisztofer_Vincenzo sebzest kapott tole: Amos_Toretto | sebzes: Ököl (-1.3) | E/P: 150.0/5.0 (S: 150.0/5.0) | Tav: 0.7
[00:37:23] Krisztofer_Vincenzo sebzest kapott tole: Amos_Toretto | sebzes: Ököl (-2.3) | E/P: 150.0/5.0 (S: 150.0/5.0) | Tav: 0.8
[00:39:19] Marcell_O_Neill sebzest kapott tole: Ryan_Brasco | sebzes: M4 (-9.9) | E/P: 150.0/5.0 (S: 150.0/5.0) | Tav: 9.6
[00:39:36] Ryan_Brasco sebzest kapott tole: Marcell_O_Neill | sebzes: Ököl (-1.3) | E/P: 150.0/0.0 (S: 150.0/0.0) | Tav: 10000.0
[00:39:44] Amos_Toretto sebzest kapott tole: Marcell_O_Neill | sebzes: Ököl (-1.3) | E/P: 150.0/143.3 (S: 150.0/143.3) | Tav: 0.7
[00:39:44] Amos_Toretto sebzest kapott tole: Marcell_O_Neill | sebzes: Ököl (-1.3) | E/P: 150.0/143.3 (S: 150.0/143.3) | Tav: 1.0
[00:39:45] Amos_Toretto sebzest kapott tole: Marcell_O_Neill | sebzes: Ököl (-1.3) | E/P: 150.0/143.3 (S: 150.0/143.3) | Tav: 0.8
[00:39:45] Amos_Toretto sebzest kapott tole: Marcell_O_Neill | sebzes: Ököl (-1.3) | E/P: 150.0/143.3 (S: 150.0/143.3) | Tav: 1.0
[00:39:46] Amos_Toretto sebzest kapott tole: Marcell_O_Neill | sebzes: Ököl (-1.3) | E/P: 150.0/143.3 (S: 150.0/143.3) | Tav: 0.6
[00:39:46] Amos_Toretto sebzest kapott tole: Marcell_O_Neill | sebzes: Ököl (-1.3) | E/P: 150.0/143.3 (S: 150.0/143.3) | Tav: 0.6
[00:39:47] Amos_Toretto sebzest kapott tole: Marcell_O_Neill | sebzes: Ököl (-2.3) | E/P: 150.0/143.3 (S: 150.0/143.3) | Tav: 0.6
[00:39:47] Amos_Toretto sebzest kapott tole: Marcell_O_Neill | sebzes: Ököl (-3.9) | E/P: 150.0/143.3 (S: 150.0/143.3) | Tav: 0.7
[00:39:48] Amos_Toretto sebzest kapott tole: Marcell_O_Neill | sebzes: Ököl (-1.3) | E/P: 150.0/143.3 (S: 150.0/143.3) | Tav: 0.6
[00:39:49] Amos_Toretto sebzest kapott tole: Marcell_O_Neill | sebzes: Ököl (-1.3) | E/P: 150.0/143.3 (S: 150.0/143.3) | Tav: 0.6
[00:39:49] Amos_Toretto sebzest kapott tole: Marcell_O_Neill | sebzes: Ököl (-2.3) | E/P: 150.0/143.3 (S: 150.0/143.3) | Tav: 0.6
[00:39:50] Amos_Toretto sebzest kapott tole: Marcell_O_Neill | sebzes: Ököl (-3.9) | E/P: 150.0/143.3 (S: 150.0/143.3) | Tav: 0.7
[00:39:50] Amos_Toretto sebzest kapott tole: Marcell_O_Neill | sebzes: Ököl (-1.3) | E/P: 150.0/143.3 (S: 150.0/143.3) | Tav: 0.6
[07:24:06] Ryan_Brasco sebzest kapott tole: Marcell_O_Neill | sebzes: Ököl (-1.3) | E/P: 150.0/5.0 (S: 150.0/5.0) | Tav: 0.7
[07:24:07] Ryan_Brasco sebzest kapott tole: Marcell_O_Neill | sebzes: Ököl (-1.3) | E/P: 150.0/5.0 (S: 150.0/5.0) | Tav: 0.6
[07:24:07] Ryan_Brasco sebzest kapott tole: Marcell_O_Neill | sebzes: Ököl (-1.3) | E/P: 150.0/5.0 (S: 150.0/5.0) | Tav: 0.6
[07:24:08] Ryan_Brasco sebzest kapott tole: Marcell_O_Neill | sebzes: Ököl (-1.3) | E/P: 150.0/5.0 (S: 150.0/5.0) | Tav: 0.6
[07:24:08] Ryan_Brasco sebzest kapott tole: Marcell_O_Neill | sebzes: Ököl (-1.3) | E/P: 150.0/5.0 (S: 150.0/5.0) | Tav: 0.6
[07:24:08] Ryan_Brasco sebzest kapott tole: Marcell_O_Neill | sebzes: Ököl (-1.3) | E/P: 150.0/5.0 (S: 150.0/5.0) | Tav: 0.6
[07:26:45] Ryan_Brasco sebzest kapott tole: Marcell_O_Neill | sebzes: Ököl (-1.3) | E/P: 150.0/3.6 (S: 150.0/3.6) | Tav: 0.9
[07:26:45] Ryan_Brasco sebzest kapott tole: Marcell_O_Neill | sebzes: Ököl (-1.3) | E/P: 150.0/2.3 (S: 150.0/2.3) | Tav: 1.2
[07:26:46] Ryan_Brasco sebzest kapott tole: Marcell_O_Neill | sebzes: Ököl (-1.3) | E/P: 150.0/1.0 (S: 150.0/1.0) | Tav: 1.0
[07:26:46] Ryan_Brasco sebzest kapott tole: Marcell_O_Neill | sebzes: Ököl (-1.3) | E/P: 150.0/1.0 (S: 150.0/1.0) | Tav: 0.7
[07:26:47] Ryan_Brasco sebzest kapott tole: Marcell_O_Neill | sebzes: Ököl (-1.3) | E/P: 149.7/0.0 (S: 149.7/0.0) | Tav: 0.9
[07:26:47] Ryan_Brasco sebzest kapott tole: Marcell_O_Neill | sebzes: Ököl (-2.3) | E/P: 148.3/0.0 (S: 148.3/0.0) | Tav: 0.8
[07:26:48] Ryan_Brasco sebzest kapott tole: Marcell_O_Neill | sebzes: Ököl (-3.9) | E/P: 146.0/0.0 (S: 146.0/0.0) | Tav: 1.0
[07:26:49] Ryan_Brasco sebzest kapott tole: Marcell_O_Neill | sebzes: Ököl (-2.3) | E/P: 142.1/0.0 (S: 142.1/0.0) | Tav: 0.7
[07:26:50] Ryan_Brasco sebzest kapott tole: Marcell_O_Neill | sebzes: Ököl (-3.9) | E/P: 139.8/0.0 (S: 139.8/0.0) | Tav: 1.0
[07:26:52] Ryan_Brasco sebzest kapott tole: Marcell_O_Neill | sebzes: Ököl (-1.3) | E/P: 134.5/0.0 (S: 134.5/0.0) | Tav: 1.2
[07:26:53] Ryan_Brasco sebzest kapott tole: Marcell_O_Neill | sebzes: Ököl (-1.3) | E/P: 130.5/0.0 (S: 130.5/0.0) | Tav: 1.0
[07:26:53] Ryan_Brasco sebzest kapott tole: Marcell_O_Neill | sebzes: Ököl (-2.3) | E/P: 130.5/0.0 (S: 130.5/0.0) | Tav: 1.2
[07:26:54] Ryan_Brasco sebzest kapott tole: Marcell_O_Neill | sebzes: Ököl (-3.9) | E/P: 127.9/0.0 (S: 127.9/0.0) | Tav: 0.8
[07:26:54] Ryan_Brasco sebzest kapott tole: Marcell_O_Neill | sebzes: Ököl (-1.3) | E/P: 125.6/0.0 (S: 125.6/0.0) | Tav: 1.6
[07:26:55] Ryan_Brasco sebzest kapott tole: Marcell_O_Neill | sebzes: Ököl (-3.9) | E/P: 124.3/0.0 (S: 124.3/0.0) | Tav: 0.7
[07:29:17] Ryan_Brasco sebzest kapott tole: Marcell_O_Neill | sebzes: Ököl (-1.3) | E/P: 150.0/0.0 (S: 150.0/0.0) | Tav: 0.9
[07:29:17] Ryan_Brasco sebzest kapott tole: Marcell_O_Neill | sebzes: Ököl (-2.3) | E/P: 150.0/0.0 (S: 150.0/0.0) | Tav: 0.7
[07:29:18] Ryan_Brasco sebzest kapott tole: Marcell_O_Neill | sebzes: Ököl (-3.9) | E/P: 150.0/0.0 (S: 150.0/0.0) | Tav: 1.2
