[00:01:45] [kredit][31]Carlos_D_Surenos kapott 1 bónusz kreditet (játszott óra)
[00:03:22] [kredit][29]Gaspar_David kapott 1 bónusz kreditet (játszott óra)
[00:06:00] [kredit][24]Johny_Morales kapott 1 bónusz kreditet (játszott óra)
[00:06:15] Johny_Morales kórház jail ideje: 90 mp
[00:06:32] [kredit][46]Akos_White kapott 1 bónusz kreditet (játszott óra)
[00:08:06] [kredit][38]Krisztofer_Vincenzo kapott 1 bónusz kreditet (játszott óra)
[00:12:19] [kredit][9]Philip_Skipper kapott 1 bónusz kreditet (játszott óra)
[00:16:01] [kredit][41]Costa_Miles kapott 1 bónusz kreditet (játszott óra)
[00:18:07] [kredit][21]Norbert_N_Ortega kapott 1 bónusz kreditet (játszott óra)
[00:19:11] [kredit][51]Zero_Hopkins kapott 1 bónusz kreditet (játszott óra)
[00:20:46] [kredit][18]Zack_B_Zecchin kapott 1 bónusz kreditet (játszott óra)
[00:20:46] [kredit][33]Cristofer_Francesko kapott 1 bónusz kreditet (játszott óra)
[00:20:46] [kredit][57]Valor_Colin kapott 1 bónusz kreditet (játszott óra)
[00:22:21] [kredit][17]Mike_O_Neill kapott 1 bónusz kreditet (játszott óra)
[00:24:27] [kredit][36]Santos_O_Neill kapott 1 bónusz kreditet (játszott óra)
[00:24:27] [kredit][83]Shura_Sharma kapott 1 bónusz kreditet (játszott óra)
[00:25:31] [kredit][28]Patrik_O_Neill kapott 1 bónusz kreditet (játszott óra)
[00:27:37] [kredit][22]Kevin_L_Saltzman kapott 1 bónusz kreditet (játszott óra)
[00:27:37] [kredit][23]Marcell_O_Neill kapott 1 bónusz kreditet (játszott óra)
[00:34:29] [kredit][20]David_P_Taylor kapott 1 bónusz kreditet (játszott óra)
[00:36:40] [kredit][19]Cristofer_Francesko beváltott 50 kreditet 262500Ftért
[00:40:47] [kredit][30]Darius_N_Ortega kapott 1 bónusz kreditet (játszott óra)
[00:44:58] [kredit][40]Nagato_Brasco kapott 1 bónusz kreditet (játszott óra)
[00:56:08] [/v vásárol] - Costa_Miles vett egy Nagato_Brasco -tõl egy NRG500 típusú jármûvet. 126 v-s rendszám.
[00:56:08] [/v vásárol] - Nagato_Brasco megkapta az utalást 275,523 Ft.
[01:01:23] [kredit][19]Connor_O_Neill kapott 1 bónusz kreditet (játszott óra)
[01:09:53] [kredit][46]Akos_White kapott 1 bónusz kreditet (játszott óra)
[01:13:38] [kredit][21]Oliver_Hizrics kapott 1 bónusz kreditet (játszott óra)
[01:16:16] [kredit][9]Philip_Skipper kapott 1 bónusz kreditet (játszott óra)
[01:20:01] [kredit][18]Costa_Miles kapott 1 bónusz kreditet (játszott óra)
[01:25:49] [kredit][17]Mike_O_Neill kapott 1 bónusz kreditet (játszott óra)
[01:27:23] Nagato_Brasco kórház jail ideje: 270 mp
[01:27:34] Shura_Sharma kórház jail ideje: 90 mp
[01:28:57] [kredit][28]Patrik_O_Neill kapott 1 bónusz kreditet (játszott óra)
[01:31:03] [kredit][23]Marcell_O_Neill kapott 1 bónusz kreditet (játszott óra)
[01:31:19] Akos_White kórház jail ideje: 270 mp
[01:33:25] Marcell_O_Neill kórház jail ideje: 750 mp
[01:33:41] [kredit][24]Shura_Sharma kapott 1 bónusz kreditet (játszott óra)
[01:33:59] Akos_White kórház jail ideje: 270 mp
[01:43:12] Marcell_O_Neill kórház jail ideje: 90 mp
[01:48:50] [kredit][20]Nagato_Brasco kapott 1 bónusz kreditet (játszott óra)
[01:50:16] Shura_Sharma kórház jail ideje: 90 mp
[01:55:22] Marcell_O_Neill LOGINkórház jail ideje: 90 mp
[02:05:31] [kredit][19]Connor_O_Neill kapott 1 bónusz kreditet (játszott óra)
[02:35:02] [/buyhouse] - Marcell_O_Neill vett egy házat 33, 10,000,000 Ft-ért
[02:37:46] [kredit][9]Patrik_O_Neill kapott 1 bónusz kreditet (játszott óra)
[02:37:46] [kredit][18]Shura_Sharma kapott 1 bónusz kreditet (játszott óra)
[02:42:19] Shura_Sharma LOGINkórház jail ideje: 90 mp
[02:42:58] [kredit][17]Marcell_O_Neill kapott 1 bónusz kreditet (játszott óra)
[02:49:33] [/v vesz] - Albert_Kesselring vett Marcell_O_Neill -tõl egy Comet típusú jármûvet. 101 v-s rendszám.
[02:49:48] [ujmodel]Marcell_O_Neill átlakaította 1066 rendszámû 480 típusú kocsit 65-é. Tulaj: 
[02:51:51] [kredit][20]Nagato_Brasco kapott 1 bónusz kreditet (játszott óra)
[03:10:31] [kredit][9]James_D_Ryan kapott 1 bónusz kreditet (játszott óra)
[04:13:17] [kredit][9]James_D_Ryan kapott 1 bónusz kreditet (játszott óra)
[06:26:49] [kredit][9]Atsuya_D_Freeman kapott 1 bónusz kreditet (játszott óra)
[07:00:32] [kredit][17]Kani_Alex kapott 1 bónusz kreditet (játszott óra)
[07:15:24] Szekely_Klara LOGINkórház jail ideje: 631 mp
[07:19:20] [kredit][18]Stefan_Berger kapott 1 bónusz kreditet (játszott óra)
[07:21:25] [kredit][21]Szekely_Klara kapott 1 bónusz kreditet (játszott óra)
[07:25:37] [kredit][20]Toth_Martin kapott 1 bónusz kreditet (játszott óra)
[07:29:16] [kredit][9]Atsuya_D_Freeman kapott 1 bónusz kreditet (játszott óra)
[07:46:34] [kredit][17]Ryan_B_Mike kapott 1 bónusz kreditet (játszott óra)
[07:52:51] [kredit][19]Akos_B_Gates kapott 1 bónusz kreditet (játszott óra)
[07:54:23] Diaz_Freeman LOGINkórház jail ideje: 84 mp
[07:59:22] Dave_R_Vincenzo LOGINkórház jail ideje: 15 mp
[08:04:57] [kredit][24]Norbert_N_Ortega kapott 1 bónusz kreditet (játszott óra)
[08:08:06] [kredit][26]Diaz_Freeman kapott 1 bónusz kreditet (játszott óra)
[08:08:06] [kredit][27]Dave_R_Vincenzo kapott 1 bónusz kreditet (játszott óra)
[08:14:25] [kredit][22]Kani_Alex kapott 1 bónusz kreditet (játszott óra)
[08:22:32] [kredit][18]Stefan_Berger kapott 1 bónusz kreditet (játszott óra)
[08:22:32] [kredit][29]Blake_Browns kapott 1 bónusz kreditet (játszott óra)
[08:23:04] [kredit][17]Lesley_Antony kapott 1 bónusz kreditet (játszott óra)
[08:24:07] [kredit][20]Nagato_Brasco kapott 1 bónusz kreditet (játszott óra)
[08:28:19] [kredit][25]Leone_S_Tomasso kapott 1 bónusz kreditet (játszott óra)
[08:33:03] [kredit][9]Atsuya_D_Freeman kapott 1 bónusz kreditet (játszott óra)
[08:33:03] [kredit][29]Szekely_Klara kapott 1 bónusz kreditet (játszott óra)
[08:50:07] Hirdetés: A Katonaság felvételt tart a bázison. Minden jelentkezõt.. várunk szeretettel. | Hirdetõ: Nagato Brasco | Tel: 1-838-413 [08:50]
[08:52:35] [kredit][29]Victor_Jr_Zecchin kapott 1 bónusz kreditet (játszott óra)
[08:53:41] Hirdetés: A U.S.A.F (katonaság) felvételt hirdet a bázison. Jelentkezéshez, jöjjön a bázisra. | Hirdetõ: Nagato Brasco | Tel: 1-838-413 [08:53]
[08:55:45] [kredit][31]Markus_D_Zecchin kapott 1 bónusz kreditet (játszott óra)
[08:56:17] [kredit][23]Jason_Aciano kapott 1 bónusz kreditet (játszott óra)
[08:59:58] [kredit][19]Akos_B_Gates kapott 1 bónusz kreditet (játszott óra)
[09:00:30] [kredit][25]Charlie_Leanders kapott 1 bónusz kreditet (játszott óra)
[09:00:30] [kredit][28]Keny_Da_Silva kapott 1 bónusz kreditet (játszott óra)
[09:02:04] [kredit][22]Joshue_White kapott 1 bónusz kreditet (játszott óra)
[09:12:07] [kredit][32]Toth_Martin kapott 1 bónusz kreditet (játszott óra)
[09:14:14] [kredit][27]Dave_R_Vincenzo kapott 1 bónusz kreditet (játszott óra)
[09:16:53] [kredit][24]Strong_D_Black kapott 1 bónusz kreditet (játszott óra)
[09:21:07] [kredit][17]Diaz_Freeman kapott 1 bónusz kreditet (játszott óra)
[09:23:15] [kredit][21]Denny_Toretto kapott 1 bónusz kreditet (játszott óra)
[09:25:54] [kredit][18]Stefan_Berger kapott 1 bónusz kreditet (játszott óra)
[09:27:30] [kredit][20]Nagato_Brasco kapott 1 bónusz kreditet (játszott óra)
[09:30:42] [kredit][40]Lesley_Antony kapott 1 bónusz kreditet (játszott óra)
[09:33:15] Alvilág: Materialt vennék nagyon nagy mennyiségben | Hirdetõ: Georg B Hollywood | Tel: 3-015-786 [09:33]
[09:33:21] [kredit][43]Daniel_Davis kapott 1 bónusz kreditet (játszott óra)
[09:34:28] Hirdetés: A San Fierro Fire Department felvételt hírdet magas fizetéssel! Érd:web ((Fórum)) | Hirdetõ: Toth Martin | Tel: 2-877-703 [09:34]
[09:35:07] Cody_Aciano LOGINkórház jail ideje: 46 mp
[09:37:39] [kredit][9]Atsuya_D_Freeman kapott 1 bónusz kreditet (játszott óra)
[09:38:44] [kredit][23]John_Volger kapott 1 bónusz kreditet (játszott óra)
[09:40:52] [kredit][37]Betty_O_Neill kapott 1 bónusz kreditet (játszott óra)
[09:41:56] [kredit][26]Georg_B_Hollywood kapott 1 bónusz kreditet (játszott óra)
[09:42:59] [kredit][30]Szekely_Klara kapott 1 bónusz kreditet (játszott óra)
[09:44:04] [kredit][26]Don_Sorrentino kapott 1 bónusz kreditet (játszott óra)
[09:52:38] Diaz_Freeman kórház jail ideje: 90 mp
[09:55:28] Johan_B_Black kórház jail ideje: 270 mp
[09:55:55] [kredit][47]Cody_Aciano kapott 1 bónusz kreditet (játszott óra)
[09:56:10] Dave_R_Vincenzo kórház jail ideje: 89 mp
[09:56:28] [kredit][29]Victor_Jr_Zecchin kapott 1 bónusz kreditet (játszott óra)
[09:57:57] [Saját jármû feltörése]Név: Oliver_Aciano Kocsi: 933
[09:58:04] [Saját jármû feltörése]Név: Oliver_Aciano Kocsi: 933
[09:59:11] [kredit][42]Earl_Fooster kapott 1 bónusz kreditet (játszott óra)
[10:00:47] [kredit][34]Nick_R_Wilson kapott 1 bónusz kreditet (játszott óra)
[10:02:29] Jimmy_Doherty kórház jail ideje: 89 mp
[10:03:25] [kredit][38]Jason_Aciano kapott 1 bónusz kreditet (játszott óra)
[10:04:26] [kredit][19]Akos_B_Gates kapott 1 bónusz kreditet (játszott óra)
[10:05:31] [kredit][33]Robert_Scaletta kapott 1 bónusz kreditet (játszott óra)
[10:06:03] [kredit][31]Charlie_Leanders kapott 1 bónusz kreditet (játszott óra)
[10:06:36] [kredit][22]Joshue_White kapott 1 bónusz kreditet (játszott óra)
[10:06:36] [kredit][36]Terno_Tommys kapott 1 bónusz kreditet (játszott óra)
[10:09:37] [kredit][45]Mark_Bishop kapott 1 bónusz kreditet (játszott óra)
[10:12:17] [kredit][44]Pekano_S_Barett kapott 1 bónusz kreditet (játszott óra)
[10:14:27] [kredit][24]Niky_Winston kapott 1 bónusz kreditet (játszott óra)
[10:14:59] [kredit][42]Fekete_Erik kapott 1 bónusz kreditet (játszott óra)
[10:15:10] Don_Sorrentino kórház jail ideje: 449 mp
[10:16:07] Strong_D_Black kórház jail ideje: 90 mp
[10:19:09] Jin_Sorrentino kórház jail ideje: 570 mp
[10:19:18] [kredit][25]Oliver_Aciano kapott 1 bónusz kreditet (játszott óra)
[10:19:18] [kredit][46]Hanzon_Soprano kapott 1 bónusz kreditet (játszott óra)
[10:20:26] Denny_Toretto kórház jail ideje: 1290 mp
[10:20:55] [kredit][43]Dave_R_Vincenzo kapott 1 bónusz kreditet (játszott óra)
[10:20:55] [kredit][48]Norbert_N_Ortega kapott 1 bónusz kreditet (játszott óra)
[10:20:55] [kredit][50]Bryan_B_Hollywood kapott 1 bónusz kreditet (játszott óra)
[10:23:06] [kredit][54]Tom_Strike kapott 1 bónusz kreditet (játszott óra)
[10:23:15] Hirdetés: Hívja a szerelõket!((/service mechanic)) | Hirdetõ: Kazuyoshi Akira | Tel: 5-031-040 [10:23]
[10:23:37] Robert_Scaletta kórház jail ideje: 90 mp
[10:24:11] [kredit][27]Javier_B_Hollywood kapott 1 bónusz kreditet (játszott óra)
[10:24:43] [kredit][28]Krist_Roscoe kapott 1 bónusz kreditet (játszott óra)
[10:25:02] Hirdetés: Jester Cserelheto! | Hirdetõ: Nico Butler | Tel: 7-488-958 [10:25]
[10:26:53] [kredit][17]Diaz_Freeman kapott 1 bónusz kreditet (játszott óra)
[10:27:31] Ryan_B_Mike kórház jail ideje: 90 mp
[10:28:30] [kredit][38]Keny_Da_Silva kapott 1 bónusz kreditet (játszott óra)
[10:28:31] John_Lawrence kórház jail ideje: 90 mp
[10:30:07] [kredit][36]Johny_Morales kapott 1 bónusz kreditet (játszott óra)
[10:31:50] =====[ Játékos bejelentés érkezett ]=====
[10:31:50] Elkövetõ: [54]Tom_Strike | Bejelentõ: [35]Toth_Martin
[10:31:50] Tett: {FFFF00}az utat használja rp-sen ne a füves dobon menynen fel!
[10:32:15] [kredit][35]Toth_Martin kapott 1 bónusz kreditet (játszott óra)
[10:32:22] Hirdetés: A Grove Kocsma Pultosokat Keres! Erd.SMS | Hirdetõ: Nico Butler | Tel: 7-488-958 [10:32]
[10:36:33] [kredit][40]Lesley_Antony kapott 1 bónusz kreditet (játszott óra)
[10:37:39] Don_Sorrentino kórház jail ideje: 90 mp
[10:39:43] Ryan_B_Mike kórház jail ideje: 89 mp
[10:39:49] Strong_D_Black LOGINkórház jail ideje: 90 mp
[10:43:33] [kredit][33]Atsuya_D_Freeman kapott 1 bónusz kreditet (játszott óra)
[10:44:05] [kredit][55]Nico_Butler kapott 1 bónusz kreditet (játszott óra)
[10:44:37] [kredit][42]Gaspar_David kapott 1 bónusz kreditet (játszott óra)
[10:45:42] [kredit][21]Denny_Toretto kapott 1 bónusz kreditet (játszott óra)
[10:45:42] [kredit][51]Kazuyoshi_Akira kapott 1 bónusz kreditet (játszott óra)
[10:46:48] [kredit][37]Betty_O_Neill kapott 1 bónusz kreditet (játszott óra)
[10:47:53] [kredit][41]Dave_Stone kapott 1 bónusz kreditet (játszott óra)
[10:48:54] Strong_D_Black kórház jail ideje: 90 mp
[10:48:58] [kredit][20]Matthew_Carter kapott 1 bónusz kreditet (játszott óra)
[10:49:28] Hirdetés: Boxvillde Cserélhetõ! | Hirdetõ: Torres Butler | Tel: 1-923-365 [10:49]
[10:49:31] [kredit][32]Georg_B_Hollywood kapott 1 bónusz kreditet (játszott óra)
[10:50:04] [kredit][25]Szekely_Klara kapott 1 bónusz kreditet (játszott óra)
[10:50:36] [kredit][17]Don_Sorrentino kapott 1 bónusz kreditet (játszott óra)
[10:50:48] Georg_B_Hollywood kórház jail ideje: 870 mp
[10:50:56] Horvath_Adrian LOGINkórház jail ideje: 218 mp
[10:51:09] [kredit][39]Dukai_Roland kapott 1 bónusz kreditet (játszott óra)
[10:52:47] [kredit][22]Stefan_Berger kapott 1 bónusz kreditet (játszott óra)
[10:52:55] Charlie_Leanders kórház jail ideje: 390 mp
[10:54:06] Charlie_Leanders kórház jail ideje: 327 mp
[10:54:41] Akos_B_Gates kórház jail ideje: 90 mp
[10:54:57] [kredit][48]Patrick_Zecchin kapott 1 bónusz kreditet (játszott óra)
[10:55:30] [kredit][34]Strong_D_Black kapott 1 bónusz kreditet (játszott óra)
[10:57:55] Victor_Jr_Zecchin kórház jail ideje: 450 mp
[10:59:18] Hirdetés: Lejárt a jogosítványa? MEgszeretné ujjítatni? HÍvjon minket! | Hirdetõ: Dukai Roland | Tel: 4-046-666 [10:59]
[11:02:00] [kredit][47]Cody_Aciano kapott 1 bónusz kreditet (játszott óra)
[11:02:33] [kredit][23]Dave_Stinson kapott 1 bónusz kreditet (játszott óra)
[11:03:05] [kredit][53]Victor_Jr_Zecchin kapott 1 bónusz kreditet (játszott óra)
[11:03:10] Robert_Scaletta kórház jail ideje: 90 mp
[11:03:38] [kredit][19]Carlos_D_Surenos kapott 1 bónusz kreditet (játszott óra)
[11:04:02] Georg_B_Hollywood LOGINkórház jail ideje: 284 mp
[11:05:18] Valor_Colin kórház jail ideje: 90 mp
[11:06:43] Pekano_S_Barett LOGINkórház jail ideje: 90 mp
[11:06:53] [kredit][34]Jimmy_Doherty kapott 1 bónusz kreditet (játszott óra)
[11:09:24] [kredit][25]Szekely_Klara beváltott 10 kreditet -1 perc börtönidõért
[11:10:09] [kredit][30]Jason_Aciano kapott 1 bónusz kreditet (játszott óra)
[11:10:25] Georg_B_Hollywood LOGINkórház jail ideje: 45 mp
[11:11:28] Dave_R_Vincenzo kórház jail ideje: 690 mp
[11:11:45] [kredit][31]Charlie_Leanders kapott 1 bónusz kreditet (játszott óra)
[11:13:22] [kredit][9]Santos_O_Neill kapott 1 bónusz kreditet (játszott óra)
[11:13:22] [kredit][61]Torres_Butler kapott 1 bónusz kreditet (játszott óra)
[11:13:55] [kredit][24]Horvath_Adrian kapott 1 bónusz kreditet (játszott óra)
[11:20:25] [kredit][23]Strong_D_Black beváltott 10 kreditet 50g kokainért
[11:21:37] [kredit][27]Ralf_S_Tomasso kapott 1 bónusz kreditet (játszott óra)
[11:22:10] [/ram] Kevin_S_Tomasso - 400-s ház
[11:22:50] [/ram] Denny_Toretto - 400-s ház
[11:29:10] [kredit][31]Strong_D_Black beváltott 10 kreditet 50g kokainért
[11:31:18] [/ram] Costa_Miles - 112-s ház
[11:32:59] [kredit][57]Nick_R_Wilson kapott 1 bónusz kreditet (játszott óra)
[11:34:53] Hirdetés: Fenyõ utca 6 eladó! | Hirdetõ: Valor Colin | Tel: 7-439-525 [11:34]
[11:36:12] [kredit][28]Thomas_Blackwell kapott 1 bónusz kreditet (játszott óra)
[11:36:51] [kredit][40]Mark_Bishop kapott 1 bónusz kreditet (játszott óra)
[11:38:31] [kredit][63]Joker_Creed kapott 1 bónusz kreditet (játszott óra)
[11:43:54] [kredit][38]Cristofer_Francesko kapott 1 bónusz kreditet (játszott óra)
[11:45:11] Hirdetés: Infernus Cserelheto ' | Hirdetõ: Nico Butler | Tel: 7-488-958 [11:45]
[11:46:02] [kredit][37]Shura_Sharma kapott 1 bónusz kreditet (játszott óra)
[11:46:07] Alvilág: Munkat keresek | Hirdetõ: Mario Drake | Tel: 8-441-556 [11:46]
[11:49:18] [kredit][20]Bryan_B_Hollywood kapott 1 bónusz kreditet (játszott óra)
[11:49:18] [kredit][42]Diaz_Freeman kapott 1 bónusz kreditet (játszott óra)
[11:50:19] Bruce_Inferno LOGINkórház jail ideje: 47 mp
[11:50:24] [kredit][34]Marcel_B_Hollywood kapott 1 bónusz kreditet (játszott óra)
[11:51:58] Hirdetés: Fulltuningos Bullet eladó ! | Hirdetõ: Bruce Inferno | Tel: 2-803-880 [11:51]
[11:52:02] [kredit][17]Pekano_S_Barett kapott 1 bónusz kreditet (játszott óra)
[11:53:39] [kredit][48]Dave_R_Vincenzo kapott 1 bónusz kreditet (játszott óra)
[11:56:21] [kredit][21]Atsuya_D_Freeman kapott 1 bónusz kreditet (játszott óra)
[11:56:39] [Saját jármû feltörése]Név: Horvath_Adrian Kocsi: 482
[11:57:59] [kredit][28]Denny_Toretto kapott 1 bónusz kreditet (játszott óra)
[12:00:41] [kredit][41]Valor_Colin kapott 1 bónusz kreditet (játszott óra)
[12:01:45] [kredit][25]Dave_Stone kapott 1 bónusz kreditet (játszott óra)
[12:01:45] [kredit][44]Nelson_Washington kapott 1 bónusz kreditet (játszott óra)
[12:02:14] [/ram] Denny_Toretto - 108-s ház
[12:02:17] [/ram] Don_Sorrentino - 108-s ház
[12:02:17] [kredit][33]Tom_Strike kapott 1 bónusz kreditet (játszott óra)
[12:02:24] [/ram] Jason_Toretto - 108-s ház
[12:04:10] Alvilág: Materialt veszek nagy mennyiségben! | Hirdetõ: Bruce Inferno | Tel: 2-803-880 [12:04]
[12:06:03] [kredit][31]Strong_D_Black kapott 1 bónusz kreditet (játszott óra)
[12:06:35] [kredit][30]Don_Sorrentino kapott 1 bónusz kreditet (játszott óra)
[12:10:21] [kredit][49]Georg_B_Hollywood kapott 1 bónusz kreditet (játszott óra)
[12:11:16] William_Leroy kórház jail ideje: 89 mp
[12:11:26] [kredit][47]Cody_Aciano kapott 1 bónusz kreditet (játszott óra)
[12:11:58] [kredit][21]Stefan_Berger kapott 1 bónusz kreditet (játszott óra)
[12:12:37] Hirdetés: Fullos bullet eladó | Hirdetõ: Bruce Inferno | Tel: 2-803-880 [12:12]
[12:13:02] [kredit][51]Lesley_Antony kapott 1 bónusz kreditet (játszott óra)
[12:13:32] Hirdetés: Fullos bullet eladó/csere | Hirdetõ: Bruce Inferno | Tel: 2-803-880 [12:13]
[12:13:33] [kredit][18]Keny_Da_Silva kapott 1 bónusz kreditet (játszott óra)
[12:13:33] [kredit][22]Gaspar_David kapott 1 bónusz kreditet (játszott óra)
[12:15:11] [kredit][26]Kazuyoshi_Akira kapott 1 bónusz kreditet (játszott óra)
[12:15:47] [Frakció jármû feltörése]Név: Cody_Aciano Kocsi: 92
[12:15:53] [Frakció jármû feltörése]Név: Cody_Aciano Kocsi: 92
[12:20:34] [kredit][36]David_Toretto kapott 1 bónusz kreditet (játszott óra)
[12:22:43] [kredit][29]Costa_Miles kapott 1 bónusz kreditet (játszott óra)
[12:25:11] << Cody_White kikapcsolta a mûsornevek használatát >>
[12:25:58] [kredit][44]Jason_Toretto kapott 1 bónusz kreditet (játszott óra)
[12:28:07] [kredit][46]Dukai_Roland kapott 1 bónusz kreditet (játszott óra)
[12:29:42] [kredit][32]Zero_Hopkins kapott 1 bónusz kreditet (játszott óra)
[12:30:45] [kredit][17]John_Volger kapott 1 bónusz kreditet (játszott óra)
[12:30:45] [kredit][27]Ralf_S_Tomasso kapott 1 bónusz kreditet (játszott óra)
[12:32:52] [kredit][9]Bruce_Inferno kapott 1 bónusz kreditet (játszott óra)
[12:34:38] Georg_B_Hollywood kórház jail ideje: 90 mp
[12:36:06] [kredit][35]Akos_B_Gates kapott 1 bónusz kreditet (játszott óra)
[12:38:01] John_Volger kórház jail ideje: 81 mp
[12:38:15] [kredit][34]Patrick_Zecchin kapott 1 bónusz kreditet (játszott óra)
[12:38:15] [kredit][45]Mark_B_Hollywood kapott 1 bónusz kreditet (játszott óra)
[12:38:47] [kredit][23]Max_Navarro kapott 1 bónusz kreditet (játszott óra)
[12:39:45] [kredit][50]Kevin_L_Saltzman beváltott 10 kreditet 50g kokainért
[12:39:50] John_Volger LOGINkórház jail ideje: 37 mp
[12:40:24] Ventura_Zecchin LOGINkórház jail ideje: 523 mp
[12:41:42] [/alair kocsi] - Hanzon_Soprano vett Bruce_Inferno -tõl egy Bullet típusú jármûvet. 66 v-s rendszám, 400,000 Ft-ért
[12:43:02] Mark_B_Hollywood kórház jail ideje: 1110 mp
[12:44:10] [kredit][50]Kevin_L_Saltzman kapott 1 bónusz kreditet (játszott óra)
[12:46:16] William_Leroy LOGINkórház jail ideje: 89 mp
[12:46:52] [kredit][43]Horvath_Adrian kapott 1 bónusz kreditet (játszott óra)
[12:46:52] [kredit][51]Hanzon_Soprano kapott 1 bónusz kreditet (játszott óra)
[12:47:56] [kredit][46]John_Kelin kapott 1 bónusz kreditet (játszott óra)
[12:48:28] [kredit][38]Cristofer_Francesko kapott 1 bónusz kreditet (játszott óra)
[12:49:00] [kredit][54]Sergei_B_Dueno kapott 1 bónusz kreditet (játszott óra)
[12:50:36] [kredit][37]Shura_Sharma kapott 1 bónusz kreditet (játszott óra)
[12:50:36] [kredit][39]Ryan_Lennox kapott 1 bónusz kreditet (játszott óra)
[12:50:36] [kredit][58]Cody_White kapott 1 bónusz kreditet (játszott óra)
[12:52:45] [kredit][57]Krisztofer_Vincenzo kapott 1 bónusz kreditet (játszott óra)
[12:55:27] [kredit][23]Tyler_Wish kapott 1 bónusz kreditet (játszott óra)
[12:57:31] Krisztofer_Vincenzo LOGINkórház jail ideje: 89 mp
[12:58:09] [kredit][26]Mark_Bishop kapott 1 bónusz kreditet (játszott óra)
[12:58:09] [kredit][60]Betty_O_Neill kapott 1 bónusz kreditet (játszott óra)
[12:58:42] [kredit][40]Joe_Surenos kapott 1 bónusz kreditet (játszott óra)
[13:05:11] [kredit][19]Tom_Torres kapott 1 bónusz kreditet (játszott óra)
[13:05:11] [kredit][41]Valor_Colin kapott 1 bónusz kreditet (játszott óra)
[13:05:44] Hirdetés: Jármûvet veszek | Hirdetõ: Antonn Fedorov | Tel: 5-141-402 [13:05]
[13:05:44] [kredit][24]Ernesto_Surenos kapott 1 bónusz kreditet (játszott óra)
[13:06:17] [kredit][25]Dave_Stone kapott 1 bónusz kreditet (játszott óra)
[13:08:10] [kredit][18]Keny_Da_Silva beváltott 10 kreditet 50g kokainért
[13:08:29] [kredit][31]Thomas_Blackwell kapott 1 bónusz kreditet (játszott óra)
[13:09:02] [kredit][49]Fekete_Erik kapott 1 bónusz kreditet (játszott óra)
[13:10:39] [kredit][56]Antonn_Fedorov kapott 1 bónusz kreditet (játszott óra)
[13:13:56] [kredit][44]Markus_D_Zecchin kapott 1 bónusz kreditet (játszott óra)
[13:14:28] [kredit][26]George_B_Hollywood kapott 1 bónusz kreditet (játszott óra)
[13:15:33] [kredit][53]Georg_B_Hollywood kapott 1 bónusz kreditet (játszott óra)
[13:18:10] [BOLTRABLÁS] Georg_B_Hollywood boltot rabol, összesen 1-n vannak
[13:18:14] [kredit][42]Calvin_C_Broadus kapott 1 bónusz kreditet (játszott óra)
[13:18:34] Jin_Sorrentino LOGINkórház jail ideje: 254 mp
[13:19:14] [BOLTRABLÁS] Georg_B_Hollywood befejezte a boltrablást, 1-n maradtak, 1-n kezdték
[13:19:14] Georg_B_Hollywood rabolt 1 emberrel, összeg: 37406Ft
[13:20:56] [kredit][18]Tom_Zecchin kapott 1 bónusz kreditet (játszott óra)
[13:21:57] Hirdetés: Ingyen fuvarozást vállalok! Hivjon bátran! --> | Hirdetõ: Kyosuke Kawasaki | Tel: 7-683-634 [13:21]
[13:22:34] [kredit][35]Oliver_Hizrics kapott 1 bónusz kreditet (játszott óra)
[13:23:39] [kredit][28]Kazuyoshi_Akira kapott 1 bónusz kreditet (játszott óra)
[13:24:11] [kredit][38]Jin_Sorrentino kapott 1 bónusz kreditet (játszott óra)
[13:26:45] [BOLTRABLÁS] Georg_B_Hollywood boltot rabol, összesen 2-n vannak
[13:27:26] [kredit][29]Costa_Miles kapott 1 bónusz kreditet (játszott óra)
[13:27:50] [BOLTRABLÁS] Georg_B_Hollywood befejezte a boltrablást, 1-n maradtak, 2-n kezdték
[13:27:50] Georg_B_Hollywood rabolt 1 emberrel, összeg: 37406Ft
[13:27:58] [kredit][44]Diaz_Freeman kapott 1 bónusz kreditet (játszott óra)
[13:29:36] [kredit][49]Stefan_Berger kapott 1 bónusz kreditet (játszott óra)
[13:32:52] [kredit][62]Carl_J_Creed kapott 1 bónusz kreditet (játszott óra)
[13:33:35] [BOLTRABLÁS] Max_Navarro boltot rabol, összesen 1-n vannak
[13:34:40] [BOLTRABLÁS] Max_Navarro befejezte a boltrablást, 1-n maradtak, 1-n kezdték
[13:34:40] Max_Navarro rabolt 1 emberrel, összeg: 37406Ft
[13:35:01] [kredit][30]Dave_Stinson kapott 1 bónusz kreditet (játszott óra)
[13:35:34] [kredit][51]Dukai_Roland kapott 1 bónusz kreditet (játszott óra)
[13:38:17] [kredit][17]Lesley_Antony kapott 1 bónusz kreditet (játszott óra)
[13:39:54] [kredit][49]Nagato_Brasco kapott 1 bónusz kreditet (játszott óra)
[13:41:33] [kredit][41]Akos_B_Gates kapott 1 bónusz kreditet (játszott óra)
[13:41:33] [kredit][57]Bruce_Inferno kapott 1 bónusz kreditet (játszott óra)
[13:41:47] Calvin_C_Broadus kórház jail ideje: 90 mp
[13:42:02] Mark_B_Hollywood kórház jail ideje: 210 mp
[13:42:40] Niki_Freeman kórház jail ideje: 510 mp
[13:43:11] [kredit][34]Patrick_Zecchin kapott 1 bónusz kreditet (játszott óra)
[13:43:11] [kredit][69]Ryder_B_Dueno kapott 1 bónusz kreditet (játszott óra)
[13:43:44] [kredit][40]Mark_B_Hollywood kapott 1 bónusz kreditet (játszott óra)
[13:44:17] [kredit][43]Earl_Fooster kapott 1 bónusz kreditet (játszott óra)
[13:44:55] Levy_B_Hollywood kórház jail ideje: 90 mp
[13:45:40] Bruce_Inferno kórház jail ideje: 90 mp
[13:47:12] Hirdetés: Infernus eladó | Hirdetõ: Darius N Ortega | Tel: 8-878-070 [13:47]
[13:48:15] Max_D_Freeman LOGINkórház jail ideje: 241 mp
[13:51:24] [kredit][62]Nagy_Richard kapott 1 bónusz kreditet (játszott óra)
[13:52:30] [kredit][20]Kyosuke_Kawasaki kapott 1 bónusz kreditet (játszott óra)
[13:52:39] Ernesto_Surenos kórház jail ideje: 750 mp
[13:53:37] [kredit][32]John_Kelin kapott 1 bónusz kreditet (játszott óra)
[13:54:03] Markus_D_Zecchin kórház jail ideje: 210 mp
[13:55:36] Hirdetés: Jarmuvet vennek! | Hirdetõ: Max D Freeman | Tel: 8-247-270 [13:55]
[13:55:48] [kredit][37]Shura_Sharma kapott 1 bónusz kreditet (játszott óra)
[13:55:48] [kredit][53]Santos_O_Neill kapott 1 bónusz kreditet (játszott óra)
[13:55:48] [kredit][58]Cody_White kapott 1 bónusz kreditet (játszott óra)
[13:57:26] [kredit][55]Niki_Freeman kapott 1 bónusz kreditet (játszott óra)
[13:57:26] [kredit][71]Niky_Winston kapott 1 bónusz kreditet (játszott óra)
[13:58:30] [kredit][22]Max_Navarro kapott 1 bónusz kreditet (játszott óra)
[13:59:04] [kredit][47]Krisztofer_Vincenzo kapott 1 bónusz kreditet (játszott óra)
[14:00:50] Usate_Krukenberg kórház jail ideje: 210 mp
[14:01:56] [kredit][52]Sidney_Tribiani kapott 1 bónusz kreditet (játszott óra)
[14:02:02] Alvilág: M4 lõfegyver eladó! | Hirdetõ: Santos O Neill | Tel: 3-564-552 [14:02]
[14:02:28] [kredit][66]Adele_Scaletta kapott 1 bónusz kreditet (játszott óra)
[14:04:25] [/alair biznisz] - Akos_Vincenzo vett Levy_B_Hollywood -tõl egy ~w~[] ~r~Bonanno ~y~ Jarmu Berlo ~p~! ~w~[] bizniszt, 500,000 Ft-ért
[14:04:39] [kredit][45]Betty_O_Neill kapott 1 bónusz kreditet (játszott óra)
[14:05:11] [kredit][22]Levi_R_Zecchin kapott 1 bónusz kreditet (játszott óra)
[14:05:18] Steve_Aoki kórház jail ideje: 90 mp
[14:05:44] [kredit][48]Usate_Krukenberg kapott 1 bónusz kreditet (játszott óra)
[14:06:17] [kredit][36]Freddy_Walker kapott 1 bónusz kreditet (játszott óra)
[14:06:37] Stefan_Berger kórház jail ideje: 90 mp
[14:06:49] [kredit][31]James_Creed kapott 1 bónusz kreditet (játszott óra)
[14:06:49] [kredit][61]Pekano_S_Barett kapott 1 bónusz kreditet (játszott óra)
[14:08:27] [kredit][53]Levy_B_Hollywood kapott 1 bónusz kreditet (játszott óra)
[14:10:54] Thomas_Blackwell kórház jail ideje: 88 mp
[14:11:11] [kredit][24]Ernesto_Surenos kapott 1 bónusz kreditet (játszott óra)
[14:11:11] [kredit][78]Tom_Torres kapott 1 bónusz kreditet (játszott óra)
[14:11:43] [kredit][30]Joshue_White kapott 1 bónusz kreditet (játszott óra)
[14:13:20] [kredit][63]Dave_R_Vincenzo kapott 1 bónusz kreditet (játszott óra)
[14:14:24] [kredit][23]Cristofer_Francesko kapott 1 bónusz kreditet (játszott óra)
[14:15:30] [kredit][79]Lorand_Vincenzo kapott 1 bónusz kreditet (játszott óra)
[14:16:02] [kredit][18]Fekete_Erik kapott 1 bónusz kreditet (játszott óra)
[14:16:02] [kredit][73]Victor_Jr_Zecchin kapott 1 bónusz kreditet (játszott óra)
[14:17:01] Stefan_Berger LOGINkórház jail ideje: 14 mp
[14:17:07] [kredit][33]Antonn_Fedorov kapott 1 bónusz kreditet (játszott óra)
[14:17:07] [kredit][74]Valor_Colin kapott 1 bónusz kreditet (játszott óra)
[14:18:10] [BOLTRABLÁS] Levi_R_Zecchin boltot rabol, összesen 1-n vannak
[14:19:16] [BOLTRABLÁS] Levi_R_Zecchin befejezte a boltrablást, 1-n maradtak, 1-n kezdték
[14:19:16] Levi_R_Zecchin rabolt 1 emberrel, összeg: 37406Ft
[14:20:26] [kredit][54]Daniel_Sedin kapott 1 bónusz kreditet (játszott óra)
[14:20:26] [kredit][56]George_B_Hollywood kapott 1 bónusz kreditet (játszott óra)
[14:21:32] Usate_Krukenberg LOGINkórház jail ideje: 90 mp
[14:22:24] Joshue_White LOGINkórház jail ideje: 90 mp
[14:24:57] [BOLTRABLÁS] Pekano_S_Barett boltot rabol, összesen 4-n vannak
[14:26:02] [BOLTRABLÁS] Pekano_S_Barett befejezte a boltrablást, 4-n maradtak, 4-n kezdték
[14:26:02] Pekano_S_Barett rabolt 4 emberrel, összeg: 576923Ft
[14:26:30] Johan_B_Black LOGINkórház jail ideje: 231 mp
[14:26:59] [kredit][59]Jimmy_Doherty kapott 1 bónusz kreditet (játszott óra)
[14:28:05] [kredit][68]Nelson_Washington kapott 1 bónusz kreditet (játszott óra)
[14:28:19] Alvilág: M4 eladó 200 lõszerrel | Hirdetõ: Fekete Erik | Tel: 4-338-494 [14:28]
[14:29:44] [kredit][9]Kazuyoshi_Akira kapott 1 bónusz kreditet (játszott óra)
[14:29:44] [kredit][58]Dom_Wheeler kapott 1 bónusz kreditet (játszott óra)
[14:32:21] Chris_S_Black kórház jail ideje: 450 mp
[14:32:21] Chris_S_Black kórház jail ideje: 449 mp
[14:32:29] [kredit][17]Markus_D_Zecchin kapott 1 bónusz kreditet (játszott óra)
[14:32:31] Chris_S_Black kórház jail ideje: 440 mp
[14:32:37] [kredit][68]Nelson_Washington beváltott 10 kreditet 50g kokainért
[14:32:37] [kredit][68]Nelson_Washington beváltott 10 kreditet 50g kokainért
[14:32:54] Alvilág: M4-et veszek! | Hirdetõ: Javier B Hollywood | Tel: 7-903-049 [14:32]
[14:33:03] [kredit][29]Costa_Miles kapott 1 bónusz kreditet (játszott óra)
[14:33:03] [kredit][39]Patrik_O_Neill kapott 1 bónusz kreditet (játszott óra)
[14:33:03] [kredit][48]Henrik_Sedin kapott 1 bónusz kreditet (játszott óra)
[14:33:03] [kredit][65]Gaspar_David kapott 1 bónusz kreditet (játszott óra)
[14:33:36] [kredit][38]Bentner_K_White kapott 1 bónusz kreditet (játszott óra)
[14:35:16] [kredit][80]Kevin_S_Tomasso kapott 1 bónusz kreditet (játszott óra)
[14:36:11] Hirdetés: Báttya polot veszek! | Hirdetõ: Henrik Sedin | Tel: 9-359-147 [14:36]
[14:36:46] Alvilág: M4-et veszek. | Hirdetõ: Javier B Hollywood | Tel: 7-903-049 [14:36]
[14:38:02] [kredit][46]Mark_Bishop kapott 1 bónusz kreditet (játszott óra)
[14:38:35] [kredit][42]Don_Sorrentino kapott 1 bónusz kreditet (játszott óra)
[14:38:50] Alvilág: M4-et veszek. | Hirdetõ: Javier B Hollywood | Tel: 7-903-049 [14:38]
[14:39:53] [/ram] Kevin_S_Tomasso - 149-s ház
[14:40:48] [kredit][53]Freddie_B_Scaletta kapott 1 bónusz kreditet (játszott óra)
[14:40:48] [kredit][75]Albert_Kesselring kapott 1 bónusz kreditet (játszott óra)
[14:41:21] [kredit][30]Johan_B_Black kapott 1 bónusz kreditet (játszott óra)
[14:41:21] [kredit][51]Dukai_Roland kapott 1 bónusz kreditet (játszott óra)
[14:42:28] [kredit][28]Darius_N_Ortega kapott 1 bónusz kreditet (játszott óra)
[14:43:01] [kredit][27]Steve_Aoki kapott 1 bónusz kreditet (játszott óra)
[14:43:01] [kredit][34]Akos_Vincenzo kapott 1 bónusz kreditet (játszott óra)
[14:43:34] [kredit][22]Jasen_T_Asad kapott 1 bónusz kreditet (játszott óra)
[14:44:07] [kredit][50]Daniel_Scaletta kapott 1 bónusz kreditet (játszott óra)
[14:45:45] Alvilág: M4-et veszek. | Hirdetõ: Javier B Hollywood | Tel: 7-903-049 [14:45]
[14:45:46] [kredit][49]Nagato_Brasco kapott 1 bónusz kreditet (játszott óra)
[14:47:58] [kredit][20]Tyler_Wish kapott 1 bónusz kreditet (játszott óra)
[14:48:32] [kredit][18]Akos_White kapott 1 bónusz kreditet (játszott óra)
[14:48:57] [VLA]Hugo_Toretto átadta a San Fierro Reptér területet nekik: Yakuza
[14:49:05] [kredit][33]Joe_Wheeler kapott 1 bónusz kreditet (játszott óra)
[14:49:05] [kredit][69]Ryder_B_Dueno kapott 1 bónusz kreditet (játszott óra)
[14:49:38] [kredit][40]Mark_B_Hollywood kapott 1 bónusz kreditet (játszott óra)
[14:51:42] =====[ Játékos bejelentés érkezett ]=====
[14:51:42] Elkövetõ: [23]Cristofer_Francesko | Bejelentõ: [52]Ventura_Zecchin
[14:51:42] Tett: {FFFF00}NONRP
[14:52:25] [kredit][35]Chris_S_Black kapott 1 bónusz kreditet (játszott óra)
[14:52:25] [kredit][56]Matt_Creed kapott 1 bónusz kreditet (játszott óra)
[14:52:37] =====[ Játékos bejelentés érkezett ]=====
[14:52:37] Elkövetõ: [39]Thomas_Blackwell | Bejelentõ: [52]Ventura_Zecchin
[14:52:37] Tett: {FFFF00}cj futás
[14:52:58] [kredit][62]Gyorgy_Boyka kapott 1 bónusz kreditet (játszott óra)
[14:55:34] Freddie_B_Scaletta kórház jail ideje: 270 mp
[14:56:47] Hirdetés: Házat vennék | Hirdetõ: Daniel Sedin | Tel: 6-655-272 [14:56]
[14:56:50] [kredit][65]Tyler_Gregory kapott 1 bónusz kreditet (játszott óra)
[14:57:35] Usate_Krukenberg kórház jail ideje: 90 mp
[14:57:37] Nelson_Washington kórház jail ideje: 330 mp
[14:57:59] Ryan_Lennox kórház jail ideje: 90 mp
[14:58:54] Dom_Wheeler kórház jail ideje: 90 mp
[14:59:03] [kredit][83]Ryan_Lennox kapott 1 bónusz kreditet (játszott óra)
[15:01:41] [kredit][41]Jason_Aciano kapott 1 bónusz kreditet (játszott óra)
[15:03:36] [kredit][37]Shura_Sharma kapott 1 bónusz kreditet (játszott óra)
[15:04:48] Daniel_Scaletta kórház jail ideje: 1110 mp
[15:05:25] =====[ Játékos bejelentés érkezett ]=====
[15:05:25] Elkövetõ: [94]Levi_R_Zecchin | Bejelentõ: [24]Daniel_Scaletta
[15:05:25] Tett: {FFFF00}Megállok az út szélén a laggmiatt, erre odajön és fejbelõ
[15:05:34] [kredit][39]Thomas_Blackwell kapott 1 bónusz kreditet (játszott óra)
[15:07:16] Javier_B_Hollywood kórház jail ideje: 90 mp
[15:07:47] [kredit][47]Krisztofer_Vincenzo kapott 1 bónusz kreditet (játszott óra)
[15:07:55] Ventura_Zecchin kórház jail ideje: 90 mp
[15:07:55] Levi_R_Zecchin kórház jail ideje: 1230 mp
[15:08:08] =====[ Játékos bejelentés érkezett ]=====
[15:08:08] Elkövetõ: [25]Denny_Toretto | Bejelentõ: [52]Ventura_Zecchin
[15:08:08] Tett: {FFFF00}felszólítás nélküli lövés
[15:08:53] [kredit][64]Bryan_B_Hollywood kapott 1 bónusz kreditet (játszott óra)
[15:08:56] Alvilág: Material eladó | Hirdetõ: Wolczyk T Sorrentino | Tel: 4-179-187 [15:08]
[15:11:04] [kredit][67]Stefan_Berger kapott 1 bónusz kreditet (játszott óra)
[15:11:37] [kredit][60]Sidney_Tribiani kapott 1 bónusz kreditet (játszott óra)
[15:11:50] Hirdetés: legális A BATF felvételt tart. Jelentkezni a bázison lehet. (Min.:lvl5) | Hirdetõ: Usate Krukenberg | Tel: 6-027-510 [15:11]
[15:12:10] [kredit][54]Dan_B_Hollywood kapott 1 bónusz kreditet (játszott óra)
[15:12:42] [kredit][70]Max_Navarro kapott 1 bónusz kreditet (játszott óra)
[15:13:15] [kredit][45]Betty_O_Neill kapott 1 bónusz kreditet (játszott óra)
[15:15:54] Hirdetés: Alap Jester tipusú autóm eladó. | Hirdetõ: Nagato Brasco | Tel: 1-838-413 [15:15]
[15:16:00] [kredit][31]Usate_Krukenberg kapott 1 bónusz kreditet (játszott óra)
[15:16:27] [kredit][37]James_Creed beváltott 10 kreditet 25g marihuanaért
[15:16:30] [kredit][37]James_Creed beváltott 10 kreditet 25g marihuanaért
[15:17:04] =====[ Játékos bejelentés érkezett ]=====
[15:17:04] Elkövetõ: [26]Dave_R_Vincenzo | Bejelentõ: [40]Mark_B_Hollywood
[15:17:04] Tett: {FFFF00}Helinket matihajón vízbe l9kte
[15:17:43] Akos_White kórház jail ideje: 77 mp
[15:18:44] [kredit][55]Cseh_Adam kapott 1 bónusz kreditet (játszott óra)
[15:19:50] [kredit][37]James_Creed kapott 1 bónusz kreditet (játszott óra)
[15:20:55] [kredit][57]Ernesto_Surenos kapott 1 bónusz kreditet (játszott óra)
[15:21:27] [kredit][52]Tom_Torres kapott 1 bónusz kreditet (játszott óra)
[15:21:27] [kredit][76]Atsuya_D_Freeman kapott 1 bónusz kreditet (játszott óra)
[15:21:31] Hirdetés: Fenyõ utca 6 eladó! | Hirdetõ: Valor Colin | Tel: 7-439-525 [15:21]
[15:23:01] Lucio_Zecchin LOGINkórház jail ideje: 1916 mp
[15:23:06] [kredit][26]Dave_R_Vincenzo kapott 1 bónusz kreditet (játszott óra)
[15:23:06] [kredit][86]Blake_B_Salvatore kapott 1 bónusz kreditet (játszott óra)
[15:24:11] [kredit][23]Cristofer_Francesko kapott 1 bónusz kreditet (játszott óra)
[15:24:11] [kredit][65]Joshue_White kapott 1 bónusz kreditet (játszott óra)
[15:24:11] [kredit][87]Oliver_Hizrics kapott 1 bónusz kreditet (játszott óra)
[15:25:15] [kredit][19]Javier_B_Hollywood kapott 1 bónusz kreditet (játszott óra)
[15:25:48] [kredit][18]Zero_Hopkins kapott 1 bónusz kreditet (játszott óra)
[15:26:17] [kredit][37]James_Creed beváltott 10 kreditet 40g heroinért
[15:26:21] [kredit][29]Connor_O_Neill kapott 1 bónusz kreditet (játszott óra)
[15:28:58] [/alair ház] - Daniel_Sedin vett Valor_Colin -tõl egy házat 6, 6,000,000 Ft-ért
[15:29:22] Hirdetés: Kocsit veszek max:7 milláért | Hirdetõ: Valor Colin | Tel: 7-439-525 [15:29]
[15:29:37] [kredit][25]Denny_Toretto kapott 1 bónusz kreditet (játszott óra)
[15:33:23] [kredit][9]Oze_Roland kapott 1 bónusz kreditet (játszott óra)
[15:34:28] [kredit][28]Wolczyk_T_Sorrentino kapott 1 bónusz kreditet (játszott óra)
[15:34:28] [kredit][60]Hugo_Toretto kapott 1 bónusz kreditet (játszott óra)
[15:37:10] [kredit][59]Nelson_Washington kapott 1 bónusz kreditet (játszott óra)
[15:37:10] [kredit][72]Valor_Colin kapott 1 bónusz kreditet (játszott óra)
[15:39:21] [kredit][81]Mateusz_M_Walker kapott 1 bónusz kreditet (játszott óra)
[15:40:27] [kredit][35]Mate_Richard kapott 1 bónusz kreditet (játszott óra)
[15:41:41] [kredit][38]Pekano_S_Barett kapott 1 bónusz kreditet (játszott óra)
[15:41:41] [kredit][63]Markus_D_Zecchin kapott 1 bónusz kreditet (játszott óra)
[15:42:48] [kredit][79]Lorand_Vincenzo kapott 1 bónusz kreditet (játszott óra)
[15:44:01] Hirdetés: Kocsit veszek! | Hirdetõ: Valor Colin | Tel: 7-439-525 [15:44]
[15:46:03] Pekano_S_Barett kórház jail ideje: 90 mp
[15:46:04] Dave_R_Vincenzo kórház jail ideje: 269 mp
[15:46:04] [kredit][22]Jimmy_Doherty kapott 1 bónusz kreditet (játszott óra)
[15:46:07] Denny_Toretto kórház jail ideje: 990 mp
[15:46:08] Levi_R_Zecchin LOGINkórház jail ideje: 1172 mp
[15:46:37] [kredit][46]Mark_Bishop kapott 1 bónusz kreditet (játszott óra)
[15:47:04] Strong_D_Black kórház jail ideje: 90 mp
[15:47:24] Daniel_Scaletta LOGINkórház jail ideje: 533 mp
[15:49:01] Hugo_Toretto kórház jail ideje: 210 mp
[15:49:54] [kredit][30]Johan_B_Black kapott 1 bónusz kreditet (játszott óra)
[15:49:54] [kredit][43]Sergei_B_Dueno kapott 1 bónusz kreditet (játszott óra)
[15:50:27] [kredit][61]Dukai_Roland kapott 1 bónusz kreditet (játszott óra)
[15:51:01] Akos_Vincenzo kórház jail ideje: 270 mp
[15:52:39] [kredit][56]Daniel_Sedin kapott 1 bónusz kreditet (játszott óra)
[15:53:11] [kredit][17]Don_Sorrentino kapott 1 bónusz kreditet (játszott óra)
[15:53:46] =====[ Játékos bejelentés érkezett ]=====
[15:53:46] Elkövetõ: [26]Dave_R_Vincenzo | Bejelentõ: [62]Levy_B_Hollywood
[15:53:46] Tett: {FFFF00}ugrál a kocsimon üti minden.
[15:54:18] [kredit][40]John_Salivan kapott 1 bónusz kreditet (játszott óra)
[15:54:51] [kredit][42]Steve_Aoki kapott 1 bónusz kreditet (játszott óra)
[15:55:57] [kredit][62]Levy_B_Hollywood kapott 1 bónusz kreditet (játszott óra)
[15:56:30] [kredit][52]Edie_Morra kapott 1 bónusz kreditet (játszott óra)
[15:57:04] [kredit][29]Henrik_Sedin kapott 1 bónusz kreditet (játszott óra)
[15:57:43] [kredit][55]George_B_Hollywood kapott 1 bónusz kreditet (játszott óra)
[15:58:49] [kredit][41]Mark_B_Hollywood kapott 1 bónusz kreditet (játszott óra)
[15:59:11] Hirdetés: A kormány felvételt tart!Érd.:SMS | Hirdetõ: Ekaterina Kurae | Tel: 3-615-956 [15:59]
[15:59:16] Jimmy_Doherty LOGINkórház jail ideje: 90 mp
[15:59:22] [kredit][48]Strong_D_Black kapott 1 bónusz kreditet (játszott óra)
[15:59:22] [kredit][92]Ryder_B_Dueno kapott 1 bónusz kreditet (játszott óra)
[16:02:08] [kredit][36]Chris_S_Black kapott 1 bónusz kreditet (játszott óra)
[16:02:08] [kredit][47]Victor_Gonzales kapott 1 bónusz kreditet (játszott óra)
[16:02:18] Hirdetés: Infernus eladó | Hirdetõ: Darius N Ortega | Tel: 8-878-070 [16:02]
[16:04:19] [kredit][63]Nagato_Brasco kapott 1 bónusz kreditet (játszott óra)
[16:06:13] Strong_D_Black kórház jail ideje: 90 mp
[16:09:34] [kredit][22]Paul_D_Cortez kapott 1 bónusz kreditet (játszott óra)
[16:10:07] [kredit][27]Elena_Moon kapott 1 bónusz kreditet (játszott óra)
[16:10:07] [kredit][37]Teus_Fontaine kapott 1 bónusz kreditet (játszott óra)
[16:11:27] Levi_R_Zecchin LOGINkórház jail ideje: 781 mp
[16:11:40] Steve_Aoki kórház jail ideje: 90 mp
[16:11:45] [kredit][39]Thomas_Blackwell kapott 1 bónusz kreditet (játszott óra)
[16:11:52] Steve_Aoki kórház jail ideje: 79 mp
[16:13:12] Mester_Csaba kórház jail ideje: 89 mp
[16:13:57] [kredit][31]Darius_N_Ortega kapott 1 bónusz kreditet (játszott óra)
[16:15:36] [kredit][34]Patrick_Zecchin kapott 1 bónusz kreditet (játszott óra)
[16:15:36] [kredit][35]Krisztofer_Vincenzo kapott 1 bónusz kreditet (játszott óra)
[16:15:37] Elena_Moon kórház jail ideje: 89 mp
[16:16:09] [kredit][21]Horvath_Adrian kapott 1 bónusz kreditet (játszott óra)
[16:16:09] [kredit][67]Joe_Wheeler kapott 1 bónusz kreditet (játszott óra)
[16:18:27] [kredit][79]Ryan_B_Mike kapott 1 bónusz kreditet (játszott óra)
[16:19:00] [kredit][20]Dan_B_Hollywood kapott 1 bónusz kreditet (játszott óra)
[16:19:34] [kredit][45]Betty_O_Neill kapott 1 bónusz kreditet (játszott óra)
[16:19:50] Hirdetés: Boxville-t vennék | Hirdetõ: Jason Aciano | Tel: 3-020-791 [16:19]
[16:20:19] Levi_R_Zecchin kórház jail ideje: 90 mp
[16:20:39] [kredit][65]Stefan_Berger kapott 1 bónusz kreditet (játszott óra)
[16:21:19] Tom_Zecchin kórház jail ideje: 447 mp
[16:22:18] [kredit][32]Tyler_Wish kapott 1 bónusz kreditet (játszott óra)
[16:22:32] Sergei_B_Dueno kórház jail ideje: 210 mp
[16:22:32] Nico_Butler kórház jail ideje: 90 mp
[16:23:23] [kredit][69]Ralf_S_Tomasso kapott 1 bónusz kreditet (játszott óra)
[16:23:56] [kredit][44]Vito_D_Brasco kapott 1 bónusz kreditet (játszott óra)
[16:23:59] [Frakció jármû ellopása]Név: Joe_Wheeler Kocsi: 93
[16:24:30] [kredit][38]Marcel_B_Hollywood kapott 1 bónusz kreditet (játszott óra)
[16:25:36] [kredit][33]Daniel_Scaletta kapott 1 bónusz kreditet (játszott óra)
[16:26:09] [kredit][24]Thomas_Berzerk kapott 1 bónusz kreditet (játszott óra)
[16:26:43] [kredit][77]Tom_Zecchin kapott 1 bónusz kreditet (játszott óra)
[16:28:22] [kredit][28]Sidney_Tribiani kapott 1 bónusz kreditet (játszott óra)
[16:28:49] Markus_D_Zecchin LOGINkórház jail ideje: 90 mp
[16:29:29] [kredit][49]Freddie_B_Scaletta kapott 1 bónusz kreditet (játszott óra)
[16:29:29] [kredit][51]Jason_Aciano kapott 1 bónusz kreditet (játszott óra)
[16:30:02] [kredit][9]Keny_Da_Silva kapott 1 bónusz kreditet (játszott óra)
[16:30:02] [kredit][29]Ernesto_Surenos kapott 1 bónusz kreditet (játszott óra)
[16:30:34] [kredit][87]Oliver_Hizrics kapott 1 bónusz kreditet (játszott óra)
[16:31:06] [kredit][69]Cody_Aciano kapott 1 bónusz kreditet (játszott óra)
[16:33:50] [kredit][31]Nick_Vitale kapott 1 bónusz kreditet (játszott óra)
[16:34:24] [kredit][55]Fekete_Erik kapott 1 bónusz kreditet (játszott óra)
[16:35:52] [kredit][28]Sidney_Tribiani beváltott 50 kreditet -5 perc börtönidõért
[16:37:42] [kredit][74]Denny_Toretto kapott 1 bónusz kreditet (játszott óra)
[16:39:23] [kredit][28]Jin_Sorrentino kapott 1 bónusz kreditet (játszott óra)
[16:43:16] [kredit][42]Cristofer_Francesko kapott 1 bónusz kreditet (játszott óra)
[16:43:16] [kredit][53]Szekely_Klara kapott 1 bónusz kreditet (játszott óra)
[16:43:29] Cody_Aciano kórház jail ideje: 90 mp
[16:44:20] [kredit][37]Krist_Roscoe kapott 3 bónusz kreditet (kincs)
[16:49:18] Hirdetés: Infernus eladó | Hirdetõ: Darius N Ortega | Tel: 8-878-070 [16:49]
[16:49:56] [kredit][17]Earl_Fooster kapott 1 bónusz kreditet (játszott óra)
[16:51:03] [kredit][71]Dolph_F_Gates kapott 1 bónusz kreditet (játszott óra)
[16:51:03] [kredit][81]Tom_Mulex kapott 1 bónusz kreditet (játszott óra)
[16:53:16] [kredit][46]Mark_Bishop kapott 1 bónusz kreditet (játszott óra)
[16:53:49] [kredit][64]Nelson_Washington kapott 1 bónusz kreditet (játszott óra)
[16:56:03] [kredit][25]Johny_Morales kapott 1 bónusz kreditet (játszott óra)
[16:56:37] [kredit][23]Connor_O_Neill kapott 1 bónusz kreditet (játszott óra)
[16:57:10] [kredit][57]Akos_Vincenzo kapott 1 bónusz kreditet (játszott óra)
[16:57:10] [kredit][61]Dukai_Roland kapott 1 bónusz kreditet (játszott óra)
[16:57:43] [kredit][33]Sergei_B_Dueno kapott 1 bónusz kreditet (játszott óra)
[16:58:04] Hirdetés: Eladó ház. | Hirdetõ: Daniel Sedin | Tel: 6-655-272 [16:58]
[16:58:17] [kredit][67]Kevin_S_Tomasso kapott 1 bónusz kreditet (játszott óra)
[16:58:42] Hirdetés: Kocsit veszek | Hirdetõ: Valor Colin | Tel: 7-439-525 [16:58]
[16:58:51] [kredit][19]Javier_B_Hollywood kapott 1 bónusz kreditet (játszott óra)
[16:58:51] [kredit][30]Johan_B_Black kapott 1 bónusz kreditet (játszott óra)
[17:00:05] Thomas_Blackwell kórház jail ideje: 90 mp
[17:00:32] [kredit][34]Lesley_Antony kapott 1 bónusz kreditet (játszott óra)
[17:00:32] [kredit][47]Don_Sorrentino kapott 1 bónusz kreditet (játszott óra)
[17:00:39] Hirdetés: A Grove Kocsma Pultosokat Keres! Erd.SMS | Hirdetõ: Nico Butler | Tel: 7-488-958 [17:00]
[17:01:40] [kredit][60]Henrik_T_Scaletta kapott 1 bónusz kreditet (játszott óra)
[17:04:36] [kredit][37]Krist_Roscoe kapott 3 bónusz kreditet (kincs)
[17:05:18] Akos_Vincenzo kórház jail ideje: 90 mp
[17:05:19] Javier_B_Hollywood kórház jail ideje: 90 mp
[17:05:20] Levy_B_Hollywood kórház jail ideje: 90 mp
[17:05:35] Akos_Vincenzo kórház jail ideje: 75 mp
[17:06:08] [kredit][50]Atsuya_D_Freeman kapott 1 bónusz kreditet (játszott óra)
[17:07:49] [kredit][44]George_B_Hollywood kapott 1 bónusz kreditet (játszott óra)
[17:09:08] Hirdetés: NRG-500 eladó, 9M | Hirdetõ: Niki Freeman | Tel: 2-643-741 [17:09]
[17:10:02] [kredit][36]Ryder_B_Dueno kapott 1 bónusz kreditet (játszott óra)
[17:10:08] Tom_Zecchin LOGINkórház jail ideje: 74 mp
[17:10:36] [kredit][40]Mateusz_M_Walker kapott 1 bónusz kreditet (játszott óra)
[17:11:56] Hirdetés: Házat vennék | Hirdetõ: Matt Creed | Tel: 4-859-887 [17:11]
[17:14:05] [BOLTRABLÁS] Thomas_Berzerk boltot rabol, összesen 11-n vannak
[17:14:07] Hirdetés: A kormány felvételt hirdet!Érd.:SMS | Hirdetõ: Ekaterina Kurae | Tel: 3-615-956 [17:14]
[17:14:27] [kredit][68]Bryan_B_Hollywood kapott 1 bónusz kreditet (játszott óra)
[17:14:27] [kredit][70]Edie_Morra kapott 1 bónusz kreditet (játszott óra)
[17:15:00] [kredit][73]Tom_Strike kapott 1 bónusz kreditet (játszott óra)
[17:15:11] [BOLTRABLÁS] Thomas_Berzerk befejezte a boltrablást, 11-n maradtak, 11-n kezdték
[17:15:11] Thomas_Berzerk rabolt 11 emberrel, összeg: 3483685Ft
[17:15:33] Atsuya_D_Freeman kórház jail ideje: 209 mp
[17:15:33] [kredit][37]Krist_Roscoe kapott 1 bónusz kreditet (játszott óra)
[17:15:36] Stefan_Berger kórház jail ideje: 90 mp
[17:16:06] [kredit][22]Paul_D_Cortez kapott 1 bónusz kreditet (játszott óra)
[17:16:37] Alvilág: A Grove Street Family tagokat keres! | Hirdetõ: Niki Freeman | Tel: 2-643-741 [17:16]
[17:16:39] [kredit][87]Ekaterina_Kurae kapott 1 bónusz kreditet (játszott óra)
[17:16:46] Thomas_Berzerk LOGINkórház jail ideje: 66 mp
[17:18:03] Leone_S_Tomasso kórház jail ideje: 90 mp
[17:18:05] Daniel_Scaletta kórház jail ideje: 90 mp
[17:18:08] Henrik_T_Scaletta kórház jail ideje: 870 mp
[17:18:19] [kredit][39]Thomas_Blackwell kapott 1 bónusz kreditet (játszott óra)
[17:18:19] [kredit][85]Costa_Miles kapott 1 bónusz kreditet (játszott óra)
[17:18:24] Hirdetés: VenturasOilt cserélném másik kútra!(+ráfizetek sok értékpapírral) | Hirdetõ: Emma Stone | Tel: 5-853-812 [17:18]
[17:18:52] [kredit][18]Blake_B_Salvatore kapott 1 bónusz kreditet (játszott óra)
[17:18:52] [kredit][72]Adele_Scaletta kapott 1 bónusz kreditet (játszott óra)
[17:19:00] Hirdetés: Matricás hidraulikás Elegy cserélhetõ! | Hirdetõ: Mike Scaletta | Tel: 7-527-399 [17:19]
[17:19:22] [kredit][73]Tom_Strike beváltott 10 kreditet 50g kokainért
[17:19:35] [kredit][73]Tom_Strike beváltott 10 kreditet 50g kokainért
[17:19:40] [kredit][73]Tom_Strike beváltott 10 kreditet 50g kokainért
[17:19:56] Steve_Aoki kórház jail ideje: 330 mp
[17:19:59] [kredit][66]Joe_Gates kapott 1 bónusz kreditet (játszott óra)
[17:20:32] [kredit][54]Zero_Hopkins kapott 1 bónusz kreditet (játszott óra)
[17:20:32] [kredit][59]Steve_Aoki kapott 1 bónusz kreditet (játszott óra)
[17:20:32] [kredit][61]Jimmy_Doherty kapott 1 bónusz kreditet (játszott óra)
[17:20:32] [kredit][80]Matt_Creed kapott 1 bónusz kreditet (játszott óra)
[17:20:37] Hirdetés: Benzinkút érdekel! | Hirdetõ: Bryan B Hollywood | Tel: 5-082-600 [17:20]
[17:22:12] [kredit][35]Krisztofer_Vincenzo kapott 1 bónusz kreditet (játszott óra)
[17:22:46] [kredit][21]Horvath_Adrian kapott 1 bónusz kreditet (játszott óra)
[17:23:11] Hirdetés: Benzinkutat veszek! | Hirdetõ: Bryan B Hollywood | Tel: 5-082-600 [17:23]
[17:24:26] [kredit][42]Mark_B_Hollywood kapott 1 bónusz kreditet (játszott óra)
[17:24:59] [kredit][26]Joe_Wheeler kapott 1 bónusz kreditet (játszott óra)
[17:25:55] Henrik_T_Scaletta LOGINkórház jail ideje: 503 mp
[17:28:19] [kredit][33]Stefan_Berger kapott 1 bónusz kreditet (játszott óra)
[17:28:19] [kredit][37]Ryan_B_Mike kapott 1 bónusz kreditet (játszott óra)
[17:28:53] [kredit][32]Tyler_Wish kapott 1 bónusz kreditet (játszott óra)
[17:29:26] [kredit][62]Levy_B_Hollywood kapott 1 bónusz kreditet (játszott óra)
[17:31:05] [kredit][52]Niki_Freeman kapott 1 bónusz kreditet (játszott óra)
[17:31:38] [kredit][56]Chris_S_Black kapott 1 bónusz kreditet (játszott óra)
[17:32:12] [kredit][70]Betty_O_Neill kapott 1 bónusz kreditet (játszott óra)
[17:32:45] [kredit][28]David_Toretto kapott 1 bónusz kreditet (játszott óra)
[17:32:45] [kredit][90]Markus_D_Zecchin kapott 1 bónusz kreditet (játszott óra)
[17:33:18] [kredit][24]Thomas_Berzerk kapott 1 bónusz kreditet (játszott óra)
[17:33:40] Hirdetés: ZR 350-et cserélek Elegy-re! | Hirdetõ: Bryan B Hollywood | Tel: 5-082-600 [17:33]
[17:33:51] [kredit][76]Joshue_White kapott 1 bónusz kreditet (játszott óra)
[17:36:38] [kredit][49]Freddie_B_Scaletta kapott 1 bónusz kreditet (játszott óra)
[17:37:44] [kredit][84]Mate_Richard kapott 1 bónusz kreditet (játszott óra)
[17:38:18] [kredit][45]Ralf_S_Tomasso kapott 1 bónusz kreditet (játszott óra)
[17:38:18] [kredit][65]Tyler_Gregory kapott 1 bónusz kreditet (játszott óra)
[17:39:08] Dave_Shakur kórház jail ideje: 89 mp
[17:39:26] Hirdetés: Benzinkút, üzlet(biznisz) érdekel! | Hirdetõ: Bryan B Hollywood | Tel: 5-082-600 [17:39]
[17:39:57] [kredit][32]Daniel_Sedin kapott 1 bónusz kreditet (játszott óra)
[17:40:30] [kredit][48]Darius_N_Ortega kapott 1 bónusz kreditet (játszott óra)
[17:42:10] [kredit][58]Joe_Walker kapott 1 bónusz kreditet (játszott óra)
[17:42:19] Bryan_B_Hollywood LOGINkórház jail ideje: 90 mp
[17:43:41] Hirdetés: Benzinkút érdekel Los Santoshoz közel! | Hirdetõ: Bryan B Hollywood | Tel: 5-082-600 [17:43]
[17:43:50] [kredit][38]Cody_Aciano kapott 1 bónusz kreditet (játszott óra)
[17:44:23] [kredit][29]Keny_Da_Silva kapott 1 bónusz kreditet (játszott óra)
[17:44:23] [kredit][74]Denny_Toretto kapott 1 bónusz kreditet (játszott óra)
[17:44:23] [kredit][82]Philip_Skipper kapott 1 bónusz kreditet (játszott óra)
[17:44:24] Hirdetés: Infernus eladó | Hirdetõ: Darius N Ortega | Tel: 8-878-070 [17:44]
[17:47:09] [kredit][49]Jason_Aciano kapott 1 bónusz kreditet (játszott óra)
[17:48:13] Hirdetés: A kormány felvételt tart magas fizetéssel! Érd.:SMS | Hirdetõ: Ekaterina Kurae | Tel: 3-615-956 [17:48]
[17:49:14] Hirdetés: Infernus eladó | Hirdetõ: Darius N Ortega | Tel: 8-878-070 [17:49]
[17:49:22] [kredit][29]John_Salivan kapott 1 bónusz kreditet (játszott óra)
[17:50:28] [kredit][18]Leon_Toretto kapott 1 bónusz kreditet (játszott óra)
[17:51:35] [kredit][35]Sidney_Tribiani kapott 1 bónusz kreditet (játszott óra)
[17:51:35] [kredit][64]Cristofer_Francesko kapott 1 bónusz kreditet (játszott óra)
[17:51:35] [kredit][72]Bentner_K_White kapott 1 bónusz kreditet (játszott óra)
[17:52:09] [kredit][32]Nico_Butler kapott 1 bónusz kreditet (játszott óra)
[17:52:42] [kredit][27]Norbert_N_Ortega kapott 1 bónusz kreditet (játszott óra)
[17:53:09] Hirdetés: Matricás Hidraulikás Elegy cserélhetõ! | Hirdetõ: Mike Scaletta | Tel: 7-527-399 [17:53]
[17:54:55] [kredit][31]Simon_Derossi kapott 1 bónusz kreditet (játszott óra)
[17:55:56] Hirdetés: Jármûvet vennék | Hirdetõ: Denny Toretto | Tel: 7-823-164 [17:55]
[17:56:10] Ventura_Zecchin LOGINkórház jail ideje: 25 mp
[17:58:28] Hirdetés: A Grove Kocsma Pultosokat Keres! Erd.SMS ((1hely)) | Hirdetõ: Nico Butler | Tel: 7-488-958 [17:58]
[18:00:28] [kredit][37]Daniel_Scaletta kapott 1 bónusz kreditet (játszott óra)
[18:00:28] [kredit][86]Santos_O_Neill kapott 1 bónusz kreditet (játszott óra)
[18:01:56] Mester_Csaba LOGINkórház jail ideje: 35 mp
[18:03:14] [kredit][22]Johny_Morales kapott 1 bónusz kreditet (játszott óra)
[18:03:14] [kredit][83]Usate_Krukenberg kapott 1 bónusz kreditet (játszott óra)
[18:03:48] [kredit][57]Akos_Vincenzo kapott 1 bónusz kreditet (játszott óra)
[18:04:55] [kredit][63]Fekete_Erik kapott 1 bónusz kreditet (játszott óra)
[18:04:55] [kredit][67]Kevin_S_Tomasso kapott 1 bónusz kreditet (játszott óra)
[18:05:28] [kredit][19]Javier_B_Hollywood kapott 1 bónusz kreditet (játszott óra)
[18:05:43] Alvilág: Fegyverek eladók | Hirdetõ: Mester Csaba | Tel: 5-749-173 [18:05]
[18:05:52] Ryder_B_Dueno kórház jail ideje: 690 mp
[18:06:01] [kredit][30]Johan_B_Black kapott 1 bónusz kreditet (játszott óra)
[18:06:35] [kredit][65]Darthy_M_Stillenacht kapott 1 bónusz kreditet (játszott óra)
[18:07:08] [kredit][34]Lesley_Antony kapott 1 bónusz kreditet (játszott óra)
[18:07:08] [kredit][52]Danno_Derossi kapott 1 bónusz kreditet (játszott óra)
[18:07:42] [kredit][41]Nelson_Washington kapott 1 bónusz kreditet (játszott óra)
[18:07:42] [kredit][69]Don_Sorrentino kapott 1 bónusz kreditet (játszott óra)
[18:08:48] [kredit][66]Max_Navarro kapott 1 bónusz kreditet (játszott óra)
[18:09:22] [kredit][44]Henrik_T_Scaletta kapott 1 bónusz kreditet (játszott óra)
[18:11:36] [kredit][59]Patrick_Zecchin kapott 1 bónusz kreditet (játszott óra)
[18:13:15] [kredit][17]Earl_Fooster kapott 1 bónusz kreditet (játszott óra)
[18:13:48] [kredit][20]Ryan_Lennox kapott 1 bónusz kreditet (játszott óra)
[18:18:48] [kredit][25]Kazuyoshi_Akira kapott 1 bónusz kreditet (játszott óra)
[18:19:21] [kredit][42]Mark_Bishop kapott 1 bónusz kreditet (játszott óra)
[18:19:21] [kredit][48]Ryder_B_Dueno kapott 1 bónusz kreditet (játszott óra)
[18:19:21] [kredit][50]Leone_S_Tomasso kapott 1 bónusz kreditet (játszott óra)
[18:19:55] [kredit][49]Sergei_B_Dueno kapott 1 bónusz kreditet (játszott óra)
[18:21:01] [kredit][56]Wolczyk_T_Sorrentino kapott 1 bónusz kreditet (játszott óra)
[18:21:34] [kredit][73]Tom_Strike kapott 1 bónusz kreditet (játszott óra)
[18:22:57] Hirdetés: Házak eladóak sürgõsen! | Hirdetõ: Norbert L Scaletta | Tel: 8-017-195 [18:22]
[18:24:55] [kredit][85]Costa_Miles kapott 1 bónusz kreditet (játszott óra)
[18:25:28] [kredit][65]Valor_Colin kapott 1 bónusz kreditet (játszott óra)
[18:26:01] [kredit][39]Krist_Roscoe kapott 1 bónusz kreditet (játszott óra)
[18:26:01] [kredit][84]Mike_Scaletta kapott 1 bónusz kreditet (játszott óra)
[18:27:41] [kredit][21]Blake_B_Salvatore kapott 1 bónusz kreditet (játszott óra)
[18:28:14] [kredit][44]Matt_Creed kapott 1 bónusz kreditet (játszott óra)
[18:30:26] [kredit][36]Mateusz_M_Walker kapott 1 bónusz kreditet (játszott óra)
[18:30:26] [kredit][75]Krisztofer_Vincenzo kapott 1 bónusz kreditet (játszott óra)
[18:30:59] [kredit][61]Steve_Aoki kapott 1 bónusz kreditet (játszott óra)
[18:31:35] Tom_Strike kórház jail ideje: 90 mp
[18:32:05] [kredit][53]Mark_B_Hollywood kapott 1 bónusz kreditet (játszott óra)
[18:32:23] Alvilág: 3 sniper 2 m4 1126 m4 lõszer és 190 sniper lõszer eladó!!! | Hirdetõ: Norbert L Scaletta | Tel: 8-017-195 [18:32]
[18:33:30] Lucio_Zecchin LOGINkórház jail ideje: 1881 mp
[18:34:18] [kredit][22]Dave_Stinson kapott 1 bónusz kreditet (játszott óra)
[18:35:45] Alvilág: 3 sniper 2 m4 1126 m4 lõszer és 190 sniper lõszer eladó!!! | Hirdetõ: Norbert L Scaletta | Tel: 8-017-195 [18:35]
[18:35:57] [kredit][62]Levy_B_Hollywood kapott 1 bónusz kreditet (játszott óra)
[18:37:36] [kredit][40]Mester_Csaba kapott 1 bónusz kreditet (játszott óra)
[18:37:36] [kredit][47]George_B_Hollywood kapott 1 bónusz kreditet (játszott óra)
[18:38:43] [kredit][49]Nadasi_Gyorgy kapott 1 bónusz kreditet (játszott óra)
[18:38:43] [kredit][52]Edie_Morra kapott 1 bónusz kreditet (játszott óra)
[18:39:16] [kredit][60]Betty_O_Neill kapott 1 bónusz kreditet (játszott óra)
[18:39:16] [kredit][90]Markus_D_Zecchin kapott 1 bónusz kreditet (játszott óra)
[18:39:49] [kredit][23]Nagato_Brasco kapott 1 bónusz kreditet (játszott óra)
[18:40:22] [kredit][24]Thomas_Berzerk kapott 1 bónusz kreditet (játszott óra)
[18:41:11] Hirdetés: Fullos Elegy cserélhetõ! | Hirdetõ: Mike Scaletta | Tel: 7-527-399 [18:41]
[18:41:28] [kredit][74]Carl_J_Creed kapott 1 bónusz kreditet (játszott óra)
[18:41:45] Javier_B_Hollywood kórház jail ideje: 90 mp
[18:42:03] [kredit][43]Joe_Wheeler kapott 1 bónusz kreditet (játszott óra)
[18:44:18] [kredit][18]Tom_Torres kapott 1 bónusz kreditet (játszott óra)
[18:44:18] [kredit][46]Gyorgy_Boyka kapott 1 bónusz kreditet (játszott óra)
[18:44:18] [kredit][87]Tom_Zecchin kapott 1 bónusz kreditet (játszott óra)
[18:47:55] [kredit][54]Antonn_Fedorov kapott 1 bónusz kreditet (játszott óra)
[18:48:27] [kredit][19]Dave_Stone kapott 1 bónusz kreditet (játszott óra)
[18:48:31] Hirdetés: San fierrói medencás ház eladó! | Hirdetõ: Norbert L Scaletta | Tel: 8-017-195 [18:48]
[18:49:01] [kredit][58]Joe_Walker kapott 1 bónusz kreditet (játszott óra)
[18:49:28] Hirdetés: San fierrói medencés ház garázzsal eladó! | Hirdetõ: Norbert L Scaletta | Tel: 8-017-195 [18:49]
[18:50:41] Hirdetés: San fierrói medencés ház garázzsal eladó! | Hirdetõ: Norbert L Scaletta | Tel: 8-017-195 [18:50]
[18:51:13] [kredit][82]Philip_Skipper kapott 1 bónusz kreditet (játszott óra)
[18:51:21] Hirdetés: legális Házat veszek! | Hirdetõ: Norbert N Ortega | Tel: 8-058-468 [18:51]
[18:52:12] Hirdetés: Házat veszek! | Hirdetõ: Norbert N Ortega | Tel: 8-058-468 [18:52]
[18:52:18] [kredit][81]Thomas_Blackwell kapott 1 bónusz kreditet (játszott óra)
[18:53:11] =====[ Játékos bejelentés érkezett ]=====
[18:53:11] Elkövetõ: [33]Niki_Freeman | Bejelentõ: [62]Levy_B_Hollywood
[18:53:11] Tett: {FFFF00}Stunt. Bicajjal a hegyen lefele.
[18:53:24] =====[ Játékos bejelentés érkezett ]=====
[18:53:24] Elkövetõ: [33]Niki_Freeman | Bejelentõ: [57]Akos_Vincenzo
[18:53:24] Tett: {FFFF00}NonRPs vezetés
[18:53:27] Hirdetés: Házat veszek | Hirdetõ: Norbert N Ortega | Tel: 8-058-468 [18:53]
[18:53:58] [kredit][92]Norbert_L_Scaletta kapott 1 bónusz kreditet (játszott óra)
[18:54:33] [kredit][88]Carlos_D_Surenos kapott 1 bónusz kreditet (játszott óra)
[18:54:46] [/alair ház] - Nadasi_Gyorgy vett Norbert_L_Scaletta -tõl egy házat 329, 9,500,000 Ft-ért
[18:54:59] Lucio_Zecchin LOGINkórház jail ideje: 950 mp
[18:55:38] [kredit][55]Jimmy_Doherty kapott 1 bónusz kreditet (játszott óra)
[18:56:11] [kredit][63]Ryan_B_Mike kapott 1 bónusz kreditet (játszott óra)
[18:56:45] [kredit][29]James_Creed kapott 1 bónusz kreditet (játszott óra)
[18:57:08] Hirdetés: medencés san fierói ház garázsal eladó! | Hirdetõ: Norbert L Scaletta | Tel: 8-017-195 [18:57]
[18:57:42] Hirdetés: Jármûvet vennék | Hirdetõ: Antonn Fedorov | Tel: 5-141-402 [18:57]
[18:57:51] Krist_Roscoe kórház jail ideje: 90 mp
[18:58:27] Hirdetés: Építészre van szükséged? Hívj fel! | Hirdetõ: John Salivan | Tel: 6-828-189 [18:58]
[18:58:58] [kredit][61]Tyler_Gregory kapott 1 bónusz kreditet (játszott óra)
[18:59:01] Hirdetés: Munkát keresek! | Hirdetõ: Jerry Hooward | Tel: 7-197-683 [18:59]
[18:59:31] [kredit][27]Norbert_N_Ortega kapott 1 bónusz kreditet (játszott óra)
[18:59:31] [kredit][59]Zero_Hopkins kapott 1 bónusz kreditet (játszott óra)
[19:01:44] [kredit][31]Simon_Derossi kapott 1 bónusz kreditet (játszott óra)
[19:01:44] [kredit][71]Lucio_Zecchin kapott 1 bónusz kreditet (játszott óra)
[19:02:50] [kredit][86]Vito_Dawson kapott 1 bónusz kreditet (játszott óra)
[19:03:57] [kredit][76]Pekano_S_Barett kapott 1 bónusz kreditet (játszott óra)
[19:04:30] [kredit][78]Keny_Da_Silva kapott 1 bónusz kreditet (játszott óra)
[19:05:06] Hirdetés: medencés san fierói ház garázsal eladó! | Hirdetõ: Norbert L Scaletta | Tel: 8-017-195 [19:05]
[19:05:36] [kredit][46]Stefan_Berger kapott 1 bónusz kreditet (játszott óra)
[19:05:36] [kredit][83]Hanzon_Soprano kapott 1 bónusz kreditet (játszott óra)
[19:05:41] Hirdetés: Értékpapírt veszek!  | Hirdetõ: Bryan B Hollywood | Tel: 5-082-600 [19:05]
[19:07:19] [/ram] Don_Sorrentino - 329-s ház
[19:09:05] Hirdetés: NRG-500 eladó 9M | Hirdetõ: Niki Freeman | Tel: 2-643-741 [19:09]
[19:10:04] [/ram] Valor_Colin - 36-s ház
[19:10:05] [/ram] Philip_Skipper - 36-s ház
[19:10:09] [kredit][80]Santos_O_Neill kapott 1 bónusz kreditet (játszott óra)
[19:10:11] Lucio_Zecchin LOGINkórház jail ideje: 317 mp
[19:10:42] [kredit][91]Lorand_Vincenzo kapott 1 bónusz kreditet (játszott óra)
[19:11:47] [kredit][26]Dave_R_Vincenzo kapott 1 bónusz kreditet (játszott óra)
[19:12:20] [kredit][32]Kevin_L_Saltzman kapott 1 bónusz kreditet (játszott óra)
[19:12:20] [kredit][63]Nico_Butler kapott 1 bónusz kreditet (játszott óra)
[19:13:26] Hirdetés: Értékpapírt veszek! | Hirdetõ: Bryan B Hollywood | Tel: 5-082-600 [19:13]
[19:13:31] [/ram] Philip_Skipper - 36-s ház
[19:14:00] [kredit][17]Javier_B_Hollywood kapott 1 bónusz kreditet (játszott óra)
[19:14:33] [kredit][34]Lesley_Antony kapott 1 bónusz kreditet (játszott óra)
[19:15:00] [/ram] Keny_Da_Silva - 36-s ház
[19:15:09] Hirdetés: Infernus Cserlheto | Hirdetõ: Nico Butler | Tel: 7-488-958 [19:15]
[19:15:39] Nagy_Richard kórház jail ideje: 90 mp
[19:15:40] [kredit][79]Darthy_M_Stillenacht kapott 1 bónusz kreditet (játszott óra)
[19:15:42] Hirdetés: Merit eladó/csere | Hirdetõ: Gyongyosi Lajos | Tel: 8-235-328 [19:15]
[19:16:13] [kredit][64]Dominic_Vincenzo kapott 1 bónusz kreditet (játszott óra)
[19:16:13] [kredit][66]Max_Navarro kapott 1 bónusz kreditet (játszott óra)
[19:16:26] Lucio_Zecchin LOGINkórház jail ideje: 58 mp
[19:16:30] [kredit][92]Norbert_L_Scaletta beváltott 100 kreditet 275g marihuanaért
[19:16:39] [kredit][92]Norbert_L_Scaletta beváltott 100 kreditet 550000Ftért
[19:16:42] [kredit][92]Norbert_L_Scaletta beváltott 100 kreditet 550000Ftért
[19:16:50] [kredit][92]Norbert_L_Scaletta beváltott 50 kreditet 262500Ftért
[19:16:54] [kredit][92]Norbert_L_Scaletta beváltott 10 kreditet 50000Ftért
[19:17:05] [/ram] Valor_Colin - 36-s ház
[19:17:19] [kredit][81]Torres_Butler kapott 1 bónusz kreditet (játszott óra)
[19:17:32] =====[ Játékos bejelentés érkezett ]=====
[19:17:32] Elkövetõ: [41]James_Creed | Bejelentõ: [53]Mark_B_Hollywood
[19:17:32] Tett: {FFFF00}sztem vmivel laggoltatja magát vki tv-zze war alatt
[19:17:53] [kredit][60]Sidney_Tribiani kapott 1 bónusz kreditet (játszott óra)
[19:17:58] Hirdetés: Medencés san fierói ház garázzsal eladó! | Hirdetõ: Norbert L Scaletta | Tel: 8-017-195 [19:17]
[19:19:00] Hirdetés: Infernust cserélek Shamalra! | Hirdetõ: Bryan B Hollywood | Tel: 5-082-600 [19:19]
[19:20:06] [kredit][27]Ventura_Zecchin kapott 1 bónusz kreditet (játszott óra)
[19:20:06] [kredit][30]Patrick_Zecchin kapott 1 bónusz kreditet (játszott óra)
[19:20:18] [kredit][25]Costa_Miles beváltott 10 kreditet 50g kokainért
[19:21:13] [kredit][33]Nelson_Washington kapott 1 bónusz kreditet (játszott óra)
[19:21:13] [kredit][45]Mate_Richard kapott 1 bónusz kreditet (játszott óra)
[19:21:45] =====[ Játékos bejelentés érkezett ]=====
[19:21:45] Elkövetõ: [38]Torres_Butler | Bejelentõ: [96]Niki_Freeman
[19:21:45] Tett: {FFFF00}kellet relogoljak és war lesz, azt meg befoglalta de mondtam neki hogy csak relog
[19:21:46] [kredit][77]Gyongyosi_Lajos kapott 1 bónusz kreditet (játszott óra)
[19:22:19] [kredit][95]Dan_B_Hollywood kapott 1 bónusz kreditet (játszott óra)
[19:22:20] Hirdetés: Elado jester | Hirdetõ: Henrik Sedin | Tel: 9-359-147 [19:22]
[19:23:26] [kredit][50]Guillermo_Butler kapott 1 bónusz kreditet (játszott óra)
[19:23:43] Hirdetés: Infernust cserélek Shamalra! | Hirdetõ: Bryan B Hollywood | Tel: 5-082-600 [19:23]
[19:24:16] Hirdetés: Elado Fullos Jester | Hirdetõ: Henrik Sedin | Tel: 9-359-147 [19:24]
[19:24:33] [kredit][74]Connor_O_Neill kapott 1 bónusz kreditet (játszott óra)
[19:25:07] [kredit][68]Don_Sorrentino kapott 1 bónusz kreditet (játszott óra)
[19:25:40] [kredit][67]Gaspar_David kapott 1 bónusz kreditet (játszott óra)
[19:26:47] [kredit][48]Ryder_B_Dueno kapott 1 bónusz kreditet (játszott óra)
[19:27:20] [kredit][22]Mark_Bishop kapott 1 bónusz kreditet (játszott óra)
[19:28:00] Dan_B_Hollywood kórház jail ideje: 270 mp
[19:28:26] [kredit][44]Nagy_Richard kapott 1 bónusz kreditet (játszott óra)
[19:28:26] [kredit][55]Kazuyoshi_Akira kapott 1 bónusz kreditet (játszott óra)
[19:28:26] [kredit][56]Wolczyk_T_Sorrentino kapott 1 bónusz kreditet (játszott óra)
[19:28:35] [/ram] Costa_Miles - 36-s ház
[19:28:53] Thomas_Berzerk LOGINkórház jail ideje: 90 mp
[19:29:43] Hirdetés: Merit eladó/csere | Hirdetõ: Gyongyosi Lajos | Tel: 8-235-328 [19:29]
[19:30:40] [kredit][37]Leone_S_Tomasso kapott 1 bónusz kreditet (játszott óra)
[19:31:46] [kredit][100]John_Kelin kapott 1 bónusz kreditet (játszott óra)
[19:32:05] Hirdetés: Infernus eladó | Hirdetõ: Darius N Ortega | Tel: 8-878-070 [19:32]
[19:32:19] [kredit][17]Ryan_Lennox kapott 1 bónusz kreditet (játszott óra)
[19:32:19] [kredit][36]Bryan_B_Hollywood kapott 1 bónusz kreditet (játszott óra)
[19:32:52] [kredit][65]Valor_Colin kapott 1 bónusz kreditet (játszott óra)
[19:33:25] [kredit][39]Krist_Roscoe kapott 1 bónusz kreditet (játszott óra)
[19:33:25] [kredit][98]Chris_S_Black kapott 1 bónusz kreditet (játszott óra)
[19:34:27] [/ram] Valor_Colin - 36-s ház
[19:34:31] [kredit][25]Costa_Miles kapott 1 bónusz kreditet (játszott óra)
[19:34:33] Hirdetés: Bizniszt veszek 600m -ig ! | Hirdetõ: Nico Butler | Tel: 7-488-958 [19:34]
[19:35:04] [kredit][21]Blake_B_Salvatore kapott 1 bónusz kreditet (játszott óra)
[19:35:27] Ventura_Zecchin LOGINkórház jail ideje: 89 mp
[19:36:04] Hirdetés: Infernus eladó | Hirdetõ: Darius N Ortega | Tel: 8-878-070 [19:36]
[19:36:43] [kredit][47]Doboska_Endre kapott 1 bónusz kreditet (játszott óra)
[19:37:32] Nagy_Richard kórház jail ideje: 90 mp
[19:37:49] [kredit][75]Krisztofer_Vincenzo kapott 1 bónusz kreditet (játszott óra)
[19:38:15] Darthy_M_Stillenacht kórház jail ideje: 630 mp
[19:39:28] [kredit][53]Mark_B_Hollywood kapott 1 bónusz kreditet (játszott óra)
[19:39:28] [kredit][93]Henrik_Sedin kapott 1 bónusz kreditet (játszott óra)
[19:39:41] Nagato_Brasco kórház jail ideje: 630 mp
[19:41:06] [kredit][78]Darius_N_Ortega kapott 1 bónusz kreditet (játszott óra)
[19:41:21] Hirdetés: Jogsit szeretne? Hívjon bátran! | Hirdetõ: Norbert N Ortega | Tel: 8-058-468 [19:41]
[19:41:39] [kredit][61]Henrik_T_Scaletta kapott 1 bónusz kreditet (játszott óra)
[19:42:04] Hirdetés: Infernus eladó | Hirdetõ: Darius N Ortega | Tel: 8-878-070 [19:42]
[19:43:51] [kredit][69]Adele_Scaletta kapott 1 bónusz kreditet (játszott óra)
[19:44:01] [/ram] Costa_Miles - 36-s ház
[19:44:40] Nagato_Brasco kórház jail ideje: 950 mp
[19:44:57] [kredit][28]Damien_Creed kapott 1 bónusz kreditet (játszott óra)
[19:46:03] [kredit][52]Edie_Morra kapott 1 bónusz kreditet (játszott óra)
[19:46:12] Nagato_Brasco kórház jail ideje: 90 mp
[19:46:48] Hirdetés: Infernus eladó csere is Értékpapírra | Hirdetõ: Darius N Ortega | Tel: 8-878-070 [19:46]
[19:46:57] Darthy_M_Stillenacht LOGINkórház jail ideje: 259 mp
[19:47:09] [kredit][23]Nagato_Brasco kapott 1 bónusz kreditet (játszott óra)
[19:47:09] [kredit][90]Freddie_B_Scaletta kapott 1 bónusz kreditet (játszott óra)
[19:48:15] Hirdetés: Infernus eladó csere is Értékpapírra | Hirdetõ: Darius N Ortega | Tel: 8-878-070 [19:48]
[19:48:55] Hirdetés: Merit eladó/csere | Hirdetõ: Gyongyosi Lajos | Tel: 8-235-328 [19:48]
[19:48:58] Costa_Miles kórház jail ideje: 390 mp
[19:49:17] [kredit][51]Max_Navarro beváltott 10 kreditet 25g marihuanaért
[19:49:21] [kredit][35]Thomas_Berzerk kapott 1 bónusz kreditet (játszott óra)
[19:49:43] [kredit][58]Norbert_N_Ortega beváltott 10 kreditet 50000Ftért
[19:49:46] [kredit][58]Norbert_N_Ortega beváltott 10 kreditet 50000Ftért
[19:50:35] Hirdetés: Eladó ház. | Hirdetõ: Daniel Sedin | Tel: 6-655-272 [19:50]
[19:50:44] [/ram] Keny_Da_Silva - 36-s ház
[19:51:34] [kredit][21]Joker_Creed kapott 1 bónusz kreditet (játszott óra)
[19:51:34] [kredit][46]Bruce_Inferno kapott 1 bónusz kreditet (játszott óra)
[19:51:34] [kredit][87]Tom_Zecchin kapott 1 bónusz kreditet (játszott óra)
[19:51:37] Hirdetés: Jester cserelheto | Hirdetõ: Henrik Sedin | Tel: 9-359-147 [19:51]
[19:52:07] John_Salivan kórház jail ideje: 270 mp
[19:52:10] [kredit][17]Bryan_B_Hollywood kapott 9 bónusz kreditet (verseny)
[19:52:15] [kredit][54]Antonn_Fedorov kapott 6 bónusz kreditet (verseny)
[19:52:16] [kredit][42]Sidney_Tribiani kapott 3 bónusz kreditet (verseny)
[19:53:47] [kredit][40]Tom_Torres kapott 1 bónusz kreditet (játszott óra)
[19:54:21] [kredit][80]Kelin_Carry kapott 1 bónusz kreditet (játszott óra)
[19:54:54] [kredit][54]Antonn_Fedorov kapott 1 bónusz kreditet (játszott óra)
[19:55:28] [kredit][79]Nadasi_Gyorgy kapott 1 bónusz kreditet (játszott óra)
[19:56:03] Thomas_Berzerk kórház jail ideje: 90 mp
[19:56:34] [kredit][49]Joe_Wheeler kapott 1 bónusz kreditet (játszott óra)
[19:56:34] [kredit][81]Johan_B_Black kapott 1 bónusz kreditet (játszott óra)
[19:57:07] [kredit][20]Markus_D_Zecchin kapott 1 bónusz kreditet (játszott óra)
[19:57:07] [kredit][64]Akos_B_Gates kapott 1 bónusz kreditet (játszott óra)
[19:59:30] Ryan_Lennox kórház jail ideje: 450 mp
[19:59:33] Stefan_Berger kórház jail ideje: 89 mp
[19:59:35] Mark_Bishop kórház jail ideje: 270 mp
[20:02:39] [kredit][50]James_D_Freeman kapott 1 bónusz kreditet (játszott óra)
[20:02:39] [kredit][85]Levi_R_Zecchin kapott 1 bónusz kreditet (játszott óra)
[20:02:49] Bryan_B_Hollywood kórház jail ideje: 90 mp
[20:03:00] Sidney_Tribiani kórház jail ideje: 1050 mp
[20:03:46] [kredit][62]Mike_O_Neill kapott 1 bónusz kreditet (játszott óra)
[20:04:06] Hirdetés: Merit eladó/csere | Hirdetõ: Gyongyosi Lajos | Tel: 8-235-328 [20:04]
[20:04:19] [kredit][17]Steve_Aoki kapott 1 bónusz kreditet (játszott óra)
[20:04:52] [kredit][60]Akos_Vincenzo kapott 1 bónusz kreditet (játszott óra)
[20:04:52] [kredit][96]Sergei_B_Dueno kapott 1 bónusz kreditet (játszott óra)
[20:05:22] Hirdetés: Infernust adok Shamalért! | Hirdetõ: Bryan B Hollywood | Tel: 5-082-600 [20:05]
[20:05:25] [kredit][41]James_Creed kapott 1 bónusz kreditet (játszott óra)
[20:05:57] [kredit][31]John_Salivan kapott 1 bónusz kreditet (játszott óra)
[20:06:31] [kredit][39]Archie_B_Hollywood kapott 1 bónusz kreditet (játszott óra)
[20:09:02] Hirdetés: Eladó ház. | Hirdetõ: Daniel Sedin | Tel: 6-655-272 [20:09]
[20:09:17] [kredit][58]Norbert_N_Ortega kapott 1 bónusz kreditet (játszott óra)
[20:09:17] [kredit][94]Zero_Hopkins kapott 1 bónusz kreditet (játszott óra)
[20:09:22] Leone_S_Tomasso kórház jail ideje: 90 mp
[20:09:46] Nelson_Washington LOGINkórház jail ideje: 90 mp
[20:11:30] Denny_Toretto kórház jail ideje: 330 mp
[20:12:03] Freddie_B_Scaletta kórház jail ideje: 89 mp
[20:12:33] Hirdetés: Shamal érdekel! | Hirdetõ: Bryan B Hollywood | Tel: 5-082-600 [20:12]
[20:12:36] [kredit][83]Hanzon_Soprano kapott 1 bónusz kreditet (játszott óra)
[20:12:39] Levy_B_Hollywood kórház jail ideje: 210 mp
[20:15:43] Ralf_S_Tomasso LOGINkórház jail ideje: 90 mp
[20:15:50] [BOLTRABLÁS] Max_Navarro boltot rabol, összesen 1-n vannak
[20:15:55] [kredit][57]Stefan_Berger kapott 1 bónusz kreditet (játszott óra)
[20:16:49] Lucio_Zecchin kórház jail ideje: 629 mp
[20:16:56] [BOLTRABLÁS] Max_Navarro befejezte a boltrablást, 1-n maradtak, 1-n kezdték
[20:16:56] Max_Navarro rabolt 1 emberrel, összeg: 37406Ft
[20:17:02] [kredit][91]Lorand_Vincenzo kapott 1 bónusz kreditet (játszott óra)
[20:17:35] [kredit][22]Carlos_D_Surenos kapott 1 bónusz kreditet (játszott óra)
[20:18:41] [kredit][32]Kevin_L_Saltzman kapott 1 bónusz kreditet (játszott óra)
[20:19:14] [kredit][29]Keny_Da_Silva kapott 1 bónusz kreditet (játszott óra)
[20:19:35] Hirdetés: Infernus eladó | Hirdetõ: Darius N Ortega | Tel: 8-878-070 [20:19]
[20:19:48] [kredit][84]Denny_Toretto kapott 1 bónusz kreditet (játszott óra)
[20:20:54] [kredit][71]Kiraly_Viktor kapott 1 bónusz kreditet (játszott óra)
[20:21:27] [kredit][43]Johny_Morales kapott 1 bónusz kreditet (játszott óra)
[20:21:27] [kredit][73]Kevin_S_Tomasso kapott 1 bónusz kreditet (játszott óra)
[20:21:57] [kredit][74]Tom_Torres beváltott 200 kreditet -11 perc börtönidõért
[20:22:00] [kredit][74]Tom_Torres beváltott 200 kreditet -11 perc börtönidõért
[20:22:01] James_D_Freeman kórház jail ideje: 90 mp
[20:22:34] [kredit][27]Lucio_Zecchin kapott 1 bónusz kreditet (játszott óra)
[20:23:08] [kredit][47]Max_D_Freeman kapott 1 bónusz kreditet (játszott óra)
[20:23:41] [kredit][86]Darthy_M_Stillenacht kapott 1 bónusz kreditet (játszott óra)
[20:24:15] [kredit][51]Max_Navarro kapott 1 bónusz kreditet (játszott óra)
[20:24:32] Hirdetés: Infernus eladó | Hirdetõ: Darius N Ortega | Tel: 8-878-070 [20:24]
[20:26:27] [kredit][30]Patrick_Zecchin kapott 1 bónusz kreditet (játszott óra)
[20:26:27] [kredit][89]Sidney_Tribiani kapott 1 bónusz kreditet (játszott óra)
[20:26:45] Hirdetés: Infernus eladó | Hirdetõ: Darius N Ortega | Tel: 8-878-070 [20:26]
[20:27:35] [kredit][33]Levy_B_Hollywood kapott 1 bónusz kreditet (játszott óra)
[20:27:35] [kredit][42]Daniel_Sedin kapott 1 bónusz kreditet (játszott óra)
[20:27:35] [kredit][45]Mate_Richard kapott 1 bónusz kreditet (játszott óra)
[20:28:08] [kredit][83]Matt_Creed kapott 1 bónusz kreditet (játszott óra)
[20:28:41] [kredit][70]Dave_R_Vincenzo kapott 1 bónusz kreditet (játszott óra)
[20:28:41] [kredit][77]Gyongyosi_Lajos kapott 1 bónusz kreditet (játszott óra)
[20:29:14] [kredit][19]Dan_B_Hollywood kapott 1 bónusz kreditet (játszott óra)
[20:29:38] Mark_Bishop kórház jail ideje: 90 mp
[20:30:54] [kredit][36]Connor_O_Neill kapott 1 bónusz kreditet (játszott óra)
[20:31:41] Carlos_D_Surenos kórház jail ideje: 3209 mp
[20:33:07] [kredit][31]Torres_Butler kapott 1 bónusz kreditet (játszott óra)
[20:33:07] [kredit][48]Ryder_B_Dueno kapott 1 bónusz kreditet (játszott óra)
[20:33:40] [kredit][26]Gaspar_David kapott 1 bónusz kreditet (játszott óra)
[20:33:40] [kredit][82]Horvath_Adrian kapott 1 bónusz kreditet (játszott óra)
[20:34:13] [kredit][72]Mark_Bishop kapott 1 bónusz kreditet (játszott óra)
[20:34:13] [kredit][88]Ralf_S_Tomasso kapott 1 bónusz kreditet (játszott óra)
[20:34:46] [kredit][25]Jason_B_Hollywood kapott 1 bónusz kreditet (játszott óra)
[20:34:46] [kredit][55]Kazuyoshi_Akira kapott 1 bónusz kreditet (játszott óra)
[20:35:19] [kredit][99]Nagy_Richard kapott 1 bónusz kreditet (játszott óra)
[20:35:52] [kredit][20]Wolczyk_T_Sorrentino kapott 1 bónusz kreditet (játszott óra)
[20:35:52] [kredit][78]Rick_Aciano kapott 1 bónusz kreditet (játszott óra)
[20:36:58] [kredit][37]Leone_S_Tomasso kapott 1 bónusz kreditet (játszott óra)
[20:37:35] Hirdetés: Infernus eladó | Hirdetõ: Darius N Ortega | Tel: 8-878-070 [20:37]
[20:39:39] Nelson_Washington LOGINkórház jail ideje: 2 mp
[20:39:43] [kredit][76]Bryan_B_Hollywood kapott 1 bónusz kreditet (játszott óra)
[20:40:15] [kredit][104]Chris_S_Black kapott 1 bónusz kreditet (játszott óra)
[20:42:57] Hirdetés: Infernus eladó | Hirdetõ: Darius N Ortega | Tel: 8-878-070 [20:42]
[20:43:21] Patrick_Zecchin kórház jail ideje: 1950 mp
[20:44:00] Hirdetés: Eladó ház. | Hirdetõ: Daniel Sedin | Tel: 6-655-272 [20:44]
[20:44:04] Charlie_Leanders kórház jail ideje: 90 mp
[20:44:38] [kredit][84]Jason_Aciano kapott 1 bónusz kreditet (játszott óra)
[20:45:06] Henrik_Sedin kórház jail ideje: 89 mp
[20:45:12] [kredit][105]Daniel_Scaletta kapott 1 bónusz kreditet (játszott óra)
[20:45:35] Ralf_S_Tomasso kórház jail ideje: 270 mp
[20:45:45] Levy_B_Hollywood kórház jail ideje: 90 mp
[20:45:45] [kredit][53]Mark_B_Hollywood kapott 1 bónusz kreditet (játszott óra)
[20:46:14] =====[ Játékos bejelentés érkezett ]=====
[20:46:14] Elkövetõ: [41]James_Creed | Bejelentõ: [28]Levy_B_Hollywood
[20:46:14] Tett: {FFFF00}DM. Szerelõ telepröl kikanyarodtunk. és fejes.
[20:46:35] Ralf_S_Tomasso kórház jail ideje: 88 mp
[20:46:42] [/csere kocsi1] - Kiraly_Viktor(60 - Securicar) cserélt Kristaly_Zoltan(611 - Trailer2) -el kocsit.
[20:46:50] Usate_Krukenberg kórház jail ideje: 90 mp
[20:46:51] Darthy_M_Stillenacht kórház jail ideje: 90 mp
[20:46:51] Darthy_M_Stillenacht kórház jail ideje: 90 mp
[20:47:54] Jason_B_Hollywood kórház jail ideje: 90 mp
[20:47:58] Akos_Vincenzo kórház jail ideje: 85 mp
[20:48:45] Wolczyk_T_Sorrentino kórház jail ideje: 90 mp
[20:49:42] Hirdetés: BF injection cserélem értékpapirra | Hirdetõ: Kiraly Viktor | Tel: 9-946-675 [20:49]
[20:50:09] [kredit][56]Usate_Krukenberg kapott 1 bónusz kreditet (játszott óra)
[20:50:49] Freddy_Walker kórház jail ideje: 89 mp
[20:51:14] [kredit][40]Shura_Sharma kapott 1 bónusz kreditet (játszott óra)
[20:51:47] [kredit][38]Damien_Creed kapott 1 bónusz kreditet (játszott óra)
[20:53:27] [kredit][23]Nagato_Brasco kapott 1 bónusz kreditet (játszott óra)
[20:54:05] Zero_Hopkins kórház jail ideje: 509 mp
[20:54:28] Hirdetés: Infernus eladó | Hirdetõ: Darius N Ortega | Tel: 8-878-070 [20:54]
[20:55:15] [/csere kocsi1] - Kristaly_Zoltan(60 - Securicar) cserélt Kiraly_Viktor(611 - Trailer2) -el kocsit.
[20:55:39] [kredit][56]Darius_N_Ortega kapott 1 bónusz kreditet (játszott óra)
[20:56:30] Hirdetés: Értékpapirt veszek | Hirdetõ: Kiraly Viktor | Tel: 9-946-675 [20:56]
[20:56:45] [kredit][59]Krist_Roscoe kapott 1 bónusz kreditet (játszott óra)
[20:56:48] Zero_Hopkins LOGINkórház jail ideje: 401 mp
[20:57:18] [kredit][102]Henrik_Sedin kapott 1 bónusz kreditet (játszott óra)
[20:57:19] Hirdetés: Merit eladó/csere | Hirdetõ: Gyongyosi Lajos | Tel: 8-235-328 [20:57]
[20:58:25] [kredit][97]Thomas_Berzerk kapott 1 bónusz kreditet (játszott óra)
[20:59:31] [kredit][28]Ventura_Zecchin kapott 1 bónusz kreditet (játszott óra)
[21:00:04] [kredit][31]Joker_Creed kapott 1 bónusz kreditet (játszott óra)
[21:00:37] [kredit][29]Costa_Miles kapott 1 bónusz kreditet (játszott óra)
[21:00:53] Hirdetés: Tüntetés van a Városháza elõtt! Jöjjenek sokan! | Hirdetõ: John Salivan | Tel: 6-828-189 [21:00]
[21:01:43] [kredit][52]Valor_Colin kapott 1 bónusz kreditet (játszott óra)
[21:01:43] [kredit][79]Nadasi_Gyorgy kapott 1 bónusz kreditet (játszott óra)
[21:02:26] Alvilág: Teszokáim gyüljûnk össze kevesebb adóért! | Hirdetõ: James D Freeman | Tel: 1-140-902 [21:02]
[21:03:11] Paul_Escobar LOGINkórház jail ideje: 90 mp
[21:03:23] [kredit][64]Akos_B_Gates kapott 1 bónusz kreditet (játszott óra)
[21:03:56] [kredit][80]Markus_D_Zecchin kapott 1 bónusz kreditet (játszott óra)
[21:04:29] [kredit][67]Nick_R_Wilson kapott 1 bónusz kreditet (játszott óra)
[21:04:29] [kredit][95]Dominic_Vincenzo kapott 1 bónusz kreditet (játszott óra)
[21:05:35] [kredit][77]Patrik_O_Neill kapott 1 bónusz kreditet (játszott óra)
[21:07:14] [kredit][45]Lesley_Antony kapott 1 bónusz kreditet (játszott óra)
[21:08:19] Hirdetés: legális Fullos bulletem cserélem Sultanra/Turismora. | Hirdetõ: Levy B Hollywood | Tel: 1-755-115 [21:08]
[21:09:58] John_Salivan kórház jail ideje: 90 mp
[21:10:01] [kredit][62]Mike_O_Neill kapott 1 bónusz kreditet (játszott óra)
[21:10:35] [kredit][17]Steve_Aoki kapott 1 bónusz kreditet (játszott óra)
[21:11:09] [kredit][49]Freddy_Walker kapott 1 bónusz kreditet (játszott óra)
[21:11:09] [kredit][96]Sergei_B_Dueno kapott 1 bónusz kreditet (játszott óra)
[21:11:41] [kredit][41]James_Creed kapott 1 bónusz kreditet (játszott óra)
[21:12:32] Hirdetés: Értékpapirt veszek! | Hirdetõ: Kiraly Viktor | Tel: 9-946-675 [21:12]
[21:12:33] Danno_Derossi kórház jail ideje: 90 mp
[21:12:48] [kredit][39]Archie_B_Hollywood kapott 1 bónusz kreditet (játszott óra)
[21:13:14] Hirdetés: Új Merit eladó | Hirdetõ: Gyongyosi Lajos | Tel: 8-235-328 [21:13]
[21:13:19] Jason_B_Hollywood kórház jail ideje: 87 mp
[21:14:28] [kredit][35]Atsuya_D_Freeman kapott 1 bónusz kreditet (játszott óra)
[21:14:28] [kredit][75]Akos_White kapott 1 bónusz kreditet (játszott óra)
[21:14:28] [kredit][87]Tom_Zecchin kapott 1 bónusz kreditet (játszott óra)
[21:15:00] =====[ Játékos bejelentés érkezett ]=====
[21:15:00] Elkövetõ: [32]Danno_Derossi | Bejelentõ: [48]Levy_B_Hollywood
[21:15:00] Tett: {FFFF00}Idejön elkezdi ütni a kocsit.
[21:16:06] [kredit][44]Norbert_N_Ortega kapott 1 bónusz kreditet (játszott óra)
[21:17:13] [kredit][21]Zero_Hopkins kapott 1 bónusz kreditet (játszott óra)
[21:17:21] Hirdetés: Freeway eladó! | Hirdetõ: Travis Dominguez | Tel: 2-100-893 [21:17]
[21:18:51] [kredit][28]John_Kelin kapott 1 bónusz kreditet (játszott óra)
[21:20:57] [kredit][22]Charlie_Leanders kapott 1 bónusz kreditet (játszott óra)
[21:21:30] [kredit][44]David_Gatsby kapott 1 bónusz kreditet (játszott óra)
[21:21:30] [kredit][53]Paul_Escobar kapott 1 bónusz kreditet (játszott óra)
[21:21:30] [kredit][99]Phil_Stinson kapott 1 bónusz kreditet (játszott óra)
[21:22:03] [kredit][89]Santos_O_Neill kapott 1 bónusz kreditet (játszott óra)
[21:22:07] Hirdetés: VenturasOilt/PizzaHutot cserélném másik kútra!(+értékpapírral ráfizetek) | Hirdetõ: Emma Stone | Tel: 5-853-812 [21:22]
[21:22:24] [kredit][99]Phil_Stinson beváltott 10 kreditet 0.050000% adócsökkentésre 15 fizetésig
[21:22:36] [kredit][73]Tom_Torres kapott 1 bónusz kreditet (játszott óra)
[21:22:59] Hirdetés: Montgomery benzinkut eladó! | Hirdetõ: Levy B Hollywood | Tel: 1-755-115 [21:22]
[21:23:10] [kredit][76]Antonn_Fedorov kapott 1 bónusz kreditet (játszott óra)
[21:23:43] [kredit][91]Stefan_Berger kapott 1 bónusz kreditet (játszott óra)
[21:24:17] [kredit][42]Jin_Sorrentino kapott 1 bónusz kreditet (játszott óra)
[21:24:39] Hirdetés: Infernus eladó | Hirdetõ: Darius N Ortega | Tel: 8-878-070 [21:24]
[21:24:56] [kredit][24]Freddie_B_Scaletta beváltott 50 kreditet 131g marihuanaért
[21:25:12] Hirdetés: Montgomery benzinkut eladó! (( 10-es kút )) | Hirdetõ: Levy B Hollywood | Tel: 1-755-115 [21:25]
[21:26:07] Hirdetés: Bekk Jani típusú számítógépem eladó! | Hirdetõ: Ventura Zecchin | Tel: 6-793-782 [21:26]
[21:26:34] [kredit][69]Carlos_D_Surenos kapott 1 bónusz kreditet (játszott óra)
[21:26:34] [kredit][81]Sarah_Inferno kapott 1 bónusz kreditet (játszott óra)
[21:27:07] [kredit][32]Emma_Stone kapott 1 bónusz kreditet (játszott óra)
[21:27:37] Hirdetés: VenturasOilt/PizzaHutot cserélném másik kútra!(+sok értékpapírral ráfizetek) | Hirdetõ: Emma Stone | Tel: 5-853-812 [21:27]
[21:27:39] [kredit][41]James_Creed beváltott 10 kreditet 50g kokainért
[21:27:39] [kredit][61]Henry_Tomasino kapott 1 bónusz kreditet (játszott óra)
[21:27:39] [kredit][71]Kiraly_Viktor kapott 1 bónusz kreditet (játszott óra)
[21:28:10] David_Gatsby kórház jail ideje: 210 mp
[21:28:11] [kredit][43]Johny_Morales kapott 1 bónusz kreditet (játszott óra)
[21:28:44] [kredit][37]Kevin_S_Tomasso kapott 1 bónusz kreditet (játszott óra)
[21:29:11] David_Gatsby LOGINkórház jail ideje: 196 mp
[21:29:17] [kredit][94]Yamato_Bosco kapott 1 bónusz kreditet (játszott óra)
[21:30:52] [kredit][93]Johan_B_Black kapott 1 bónusz kreditet (játszott óra)
[21:31:24] [kredit][51]Max_Navarro kapott 1 bónusz kreditet (játszott óra)
[21:32:30] [kredit][60]Jim_Handerson kapott 1 bónusz kreditet (játszott óra)
[21:33:36] [kredit][30]Patrick_Zecchin kapott 1 bónusz kreditet (játszott óra)
[21:33:57] Freddy_Walker kórház jail ideje: 89 mp
[21:34:03] Hirdetés: Házat vennék! | Hirdetõ: Johny Morales | Tel: 9-521-720 [21:34]
[21:34:09] [kredit][24]Freddie_B_Scaletta kapott 1 bónusz kreditet (játszott óra)
[21:34:42] [kredit][70]Lucio_Zecchin kapott 1 bónusz kreditet (játszott óra)
[21:36:14] Alvilág: Eladó M4 / Sniper + Lõszer 2.5 millió! | Hirdetõ: Henry Tomasino | Tel: 3-313-245 [21:36]
[21:36:56] Alvilág: Eladó M4 / Sniper + Lõszer 2.5 millió! 92-s csatorna ! (irc) | Hirdetõ: Henry Tomasino | Tel: 3-313-245 [21:36]
[21:37:34] Hirdetés: Házat veszek! | Hirdetõ: Johny Morales | Tel: 9-521-720 [21:37]
[21:38:01] [kredit][47]Jason_Surenos kapott 1 bónusz kreditet (játszott óra)
[21:39:15] Hirdetés: a tûzoltóság felvételt tart! Jelentkezni lehet a honlapon | Hirdetõ: Jim Handerson | Tel: 5-457-088 [21:39]
[21:39:40] [kredit][67]Connor_O_Neill kapott 1 bónusz kreditet (játszott óra)
[21:39:40] [kredit][103]Steve_Connor kapott 1 bónusz kreditet (játszott óra)
[21:39:55] [/v vásárol] - Darius_N_Ortega vett egy Damien_Creed -tõl egy Shamal típusú jármûvet. 491 v-s rendszám.
[21:39:55] [/v vásárol] - Damien_Creed megkapta az utalást 49,499,999 Ft.
[21:40:14] [kredit][65]Daniel_Sedin kapott 1 bónusz kreditet (játszott óra)
[21:40:14] [kredit][98]Dom_Wheeler kapott 1 bónusz kreditet (játszott óra)
[21:41:20] [kredit][19]Ryder_B_Dueno kapott 1 bónusz kreditet (játszott óra)
[21:41:20] [kredit][54]Horvath_Adrian kapott 1 bónusz kreditet (játszott óra)
[21:41:20] [kredit][72]Mark_Bishop kapott 1 bónusz kreditet (játszott óra)
[21:41:58] [kredit][25]Jason_B_Hollywood kapott 1 bónusz kreditet (játszott óra)
[21:41:58] [kredit][55]Kazuyoshi_Akira kapott 1 bónusz kreditet (játszott óra)
[21:41:58] [kredit][63]Tyler_Wish kapott 1 bónusz kreditet (játszott óra)
[21:41:58] [kredit][88]Ralf_S_Tomasso kapott 1 bónusz kreditet (játszott óra)
[21:42:20] John_Kelin kórház jail ideje: 89 mp
[21:42:31] [kredit][52]Levy_B_Hollywood kapott 1 bónusz kreditet (játszott óra)
[21:43:19] Alvilág: Eladó M4 / Sniper ! ((Irc 92 )) | Hirdetõ: Henry Tomasino | Tel: 3-313-245 [21:43]
[21:43:34] Hirdetés: A La Cosa Nostra Prod Szállító Vállalata Megnyílt! Hívjon Bátran! | Hirdetõ: Markus D Zecchin | Tel: 1-765-530 [21:43]
[21:43:36] Gyongyosi_Lajos kórház jail ideje: 90 mp
[21:43:37] [kredit][33]Wolczyk_T_Sorrentino kapott 1 bónusz kreditet (játszott óra)
[21:43:57] Alvilág: Eladó M4 / Sniper ! ((Irc 92 )) | Hirdetõ: Henry Tomasino | Tel: 3-313-245 [21:43]
[21:44:25] Hirdetés: Új Merit eladó/csere! | Hirdetõ: Gyongyosi Lajos | Tel: 8-235-328 [21:44]
[21:44:55] Steve_Connor kórház jail ideje: 269 mp
[21:44:59] Hirdetés: A La Cosa Nostra Prod Szállító Vállalata Megnyílt! Hívjon Bátran! | Hirdetõ: Markus D Zecchin | Tel: 1-765-530 [21:44]
[21:45:15] [kredit][46]Leone_S_Tomasso kapott 1 bónusz kreditet (játszott óra)
[21:45:15] [kredit][74]Mate_Richard kapott 1 bónusz kreditet (játszott óra)
[21:45:15] [kredit][102]Jason_O_Neill kapott 1 bónusz kreditet (játszott óra)
[21:45:42] Hirdetés: A La Cosa Nostra nem csak egy borozó, hanem egyben egy prodos vállalkozás | Hirdetõ: Markus D Zecchin | Tel: 1-765-530 [21:45]
[21:46:54] [kredit][27]Don_Sorrentino kapott 1 bónusz kreditet (játszott óra)
[21:47:27] [kredit][77]Travis_Dominguez kapott 1 bónusz kreditet (játszott óra)
[21:48:49] [BOLTRABLÁS] James_Creed boltot rabol, összesen 1-n vannak
[21:49:40] [kredit][90]Oze_Roland kapott 1 bónusz kreditet (játszott óra)
[21:49:53] [BOLTRABLÁS] James_Creed befejezte a boltrablást, 1-n maradtak, 1-n kezdték
[21:49:53] James_Creed rabolt 1 emberrel, összeg: 37406Ft
[21:50:13] [kredit][28]Mateusz_M_Walker kapott 1 bónusz kreditet (játszott óra)
[21:51:21] Dominic_Vincenzo kórház jail ideje: 90 mp
[21:51:52] Henry_Tomasino kórház jail ideje: 330 mp
[21:51:53] [kredit][23]Simon_Derossi kapott 1 bónusz kreditet (játszott óra)
[21:52:25] [kredit][50]Jason_Aciano kapott 1 bónusz kreditet (játszott óra)
[21:53:09] Alvilág: Drogokat vennék! | Hirdetõ: Steve Aoki | Tel: 3-196-151 [21:53]
[21:53:13] Carlos_D_Surenos kórház jail ideje: 750 mp
[21:53:16] Markus_D_Zecchin kórház jail ideje: 270 mp
[21:53:26] James_Creed kórház jail ideje: 687 mp
[21:53:28] Max_Navarro kórház jail ideje: 270 mp
[21:54:03] [kredit][78]Daniel_Scaletta kapott 1 bónusz kreditet (játszott óra)
[21:56:15] [kredit][18]Leon_Toretto kapott 1 bónusz kreditet (játszott óra)
[21:56:48] [kredit][33]Gyongyosi_Lajos kapott 1 bónusz kreditet (játszott óra)
[21:57:21] [kredit][30]Bruce_Inferno kapott 1 bónusz kreditet (játszott óra)
[21:57:24] James_Creed LOGINkórház jail ideje: 587 mp
[21:58:53] Travis_Dominguez kórház jail ideje: 90 mp
[21:59:00] [kredit][40]Shura_Sharma kapott 1 bónusz kreditet (játszott óra)
[21:59:34] [kredit][52]Steve_J_Sorrentino kapott 1 bónusz kreditet (játszott óra)
[22:00:07] [kredit][38]Damien_Creed kapott 1 bónusz kreditet (játszott óra)
[22:02:52] [kredit][56]Darius_N_Ortega kapott 1 bónusz kreditet (játszott óra)
[22:03:22] Javier_B_Hollywood kórház jail ideje: 210 mp
[22:05:11] [/v vásárol] - Jason_Aciano vett egy Elwood_JR_Sorrentino -tõl egy Jester típusú jármûvet. 78 v-s rendszám.
[22:05:11] [/v vásárol] - UID: 8182687 nem kapta meg az utalást, mentve az összeg: 14,850,000 Ft. Kocsi Jester
[22:05:24] Alvilág: Akciót szervezünk, mindenki a 98-as frekire | Hirdetõ: Damien Creed | Tel: 2-017-168 [22:05]
[22:07:25] Javier_B_Hollywood LOGINkórház jail ideje: 45 mp
[22:07:50] [kredit][29]Costa_Miles kapott 1 bónusz kreditet (játszott óra)
[22:08:45] Hirdetés: Házat veszek! | Hirdetõ: Johny Morales | Tel: 9-521-720 [22:08]
[22:09:48] Ventura_Zecchin kórház jail ideje: 90 mp
[22:09:58] Alvilág: Kocsmázás a Groove Kocsmábat/me Beveri a fejet | Hirdetõ: Johan B Black | Tel: 7-234-314 [22:09]
[22:11:01] Travis_Dominguez LOGINkórház jail ideje: 60 mp
[22:11:04] [kredit][106]Ernesto_Surenos kapott 1 bónusz kreditet (játszott óra)
[22:11:13] Hirdetés: Értékpapirt veszek | Hirdetõ: Kiraly Viktor | Tel: 9-946-675 [22:11]
[22:11:53] Mate_Richard kórház jail ideje: 90 mp
[22:11:56] Levy_B_Hollywood kórház jail ideje: 90 mp
[22:12:10] [kredit][86]Ventura_Zecchin kapott 1 bónusz kreditet (játszott óra)
[22:13:11] Adele_Scaletta kórház jail ideje: 90 mp
[22:14:03] Valor_Colin kórház jail ideje: 390 mp
[22:14:54] [kredit][43]Nick_R_Wilson kapott 1 bónusz kreditet (játszott óra)
[22:14:54] [kredit][104]Nadasi_Gyorgy kapott 1 bónusz kreditet (játszott óra)
[22:14:57] Kevin_S_Tomasso kórház jail ideje: 1170 mp
[22:15:17] Hirdetés: Értékpapirt veszek | Hirdetõ: Kiraly Viktor | Tel: 9-946-675 [22:15]
[22:15:31] Matt_Creed kórház jail ideje: 510 mp
[22:15:35] Marcel_B_Hollywood kórház jail ideje: 1530 mp
[22:16:57] Carlos_D_Surenos LOGINkórház jail ideje: 443 mp
[22:17:37] Hirdetés: Fullos Bulletem cserélem Sultanra/Turismora. | Hirdetõ: Levy B Hollywood | Tel: 1-755-115 [22:17]
[22:17:38] [kredit][47]Sidney_Tribiani kapott 1 bónusz kreditet (játszott óra)
[22:17:38] [kredit][62]Mike_O_Neill kapott 1 bónusz kreditet (játszott óra)
[22:18:43] [kredit][96]Sergei_B_Dueno kapott 1 bónusz kreditet (játszott óra)
[22:18:43] Alvilág: Elado 3 M4 es 2 Combat es 1 Sniper ! PACK Ár : 5m ! | Hirdetõ: Nico Butler | Tel: 7-488-958 [22:18]
[22:19:49] [kredit][20]Chris_S_Black kapott 1 bónusz kreditet (játszott óra)
[22:19:49] [kredit][85]Patrik_O_Neill kapott 1 bónusz kreditet (játszott óra)
[22:20:21] [kredit][39]Archie_B_Hollywood kapott 1 bónusz kreditet (játszott óra)
[22:20:53] [kredit][26]Matt_Creed kapott 1 bónusz kreditet (játszott óra)
[22:21:26] [kredit][42]Steve_Aoki kapott 1 bónusz kreditet (játszott óra)
[22:21:49] Hirdetés: Értékpapirt veszek | Hirdetõ: Kiraly Viktor | Tel: 9-946-675 [22:21]
[22:22:31] [kredit][48]Tom_Zecchin kapott 1 bónusz kreditet (játszott óra)
[22:23:28] Hirdetés: Bureau of Alcohol and Tobacco(NAV) felvételt tart! Info:SMS ((level 4+RP)) | Hirdetõ: Travis Dominguez | Tel: 2-100-893 [22:23]
[22:24:12] [kredit][17]Akos_White kapott 1 bónusz kreditet (játszott óra)
[22:24:12] Don_Sorrentino kórház jail ideje: 210 mp
[22:24:22] =====[ Játékos bejelentés érkezett ]=====
[22:24:22] Elkövetõ: [74]Mate_Richard | Bejelentõ: [51]Kitty_Soprano
[22:24:22] Tett: {FFFF00}nonrp
[22:24:39] Valor_Colin LOGINkórház jail ideje: 348 mp
[22:24:45] [kredit][30]Atsuya_D_Freeman kapott 1 bónusz kreditet (játszott óra)
[22:25:18] [kredit][21]Zero_Hopkins kapott 1 bónusz kreditet (játszott óra)
[22:25:18] [kredit][68]Norbert_N_Ortega kapott 1 bónusz kreditet (játszott óra)
[22:25:50] [kredit][31]Diego_Aciano kapott 1 bónusz kreditet (játszott óra)
[22:27:02] [Frakció jármû ellopása]Név: Nick_R_Wilson Kocsi: 138
[22:28:01] [kredit][22]Charlie_Leanders kapott 1 bónusz kreditet (játszott óra)
[22:28:20] Tom_Zecchin kórház jail ideje: 1470 mp
[22:28:34] [kredit][58]Rick_Aciano kapott 1 bónusz kreditet (játszott óra)
[22:29:06] [kredit][100]Phil_Stinson kapott 1 bónusz kreditet (játszott óra)
[22:30:12] [kredit][99]David_Toretto kapott 1 bónusz kreditet (játszott óra)
[22:31:17] [kredit][45]Nico_Butler kapott 1 bónusz kreditet (játszott óra)
[22:31:20] Charlie_Leanders kórház jail ideje: 90 mp
[22:31:51] [kredit][61]Jin_Sorrentino kapott 1 bónusz kreditet (játszott óra)
[22:32:11] Hirdetés: Bureau of Alcohol and Tobacco(NAV) felvételt tart! Info: SMS ((Level4)) | Hirdetõ: Travis Dominguez | Tel: 2-100-893 [22:32]
[22:32:23] [kredit][36]Gaspar_David kapott 1 bónusz kreditet (játszott óra)
[22:32:47] Hirdetés: A kormány felvételt tart!Érd.:SMS | Hirdetõ: Ekaterina Kurae | Tel: 3-615-956 [22:32]
[22:34:33] [kredit][32]Emma_Stone kapott 1 bónusz kreditet (játszott óra)
[22:34:54] Diego_Aciano kórház jail ideje: 450 mp
[22:34:56] Marcel_B_Hollywood LOGINkórház jail ideje: 1109 mp
[22:35:21] [kredit][24]Freddie_B_Scaletta beváltott 50 kreditet 131g marihuanaért
[22:36:07] Yamato_Bosco kórház jail ideje: 750 mp
[22:36:09] Lucio_Zecchin kórház jail ideje: 450 mp
[22:36:12] [kredit][94]Yamato_Bosco kapott 1 bónusz kreditet (játszott óra)
[22:36:47] Damien_Creed kórház jail ideje: 990 mp
[22:36:49] [kredit][24]Freddie_B_Scaletta beváltott 50 kreditet 210g heroinért
[22:37:17] [kredit][93]Johan_B_Black kapott 1 bónusz kreditet (játszott óra)
[22:37:49] [kredit][33]Krist_Roscoe kapott 1 bónusz kreditet (játszott óra)
[22:39:13] Marcel_B_Hollywood LOGINkórház jail ideje: 935 mp
[22:39:22] Zero_Hopkins kórház jail ideje: 90 mp
[22:40:17] Hirdetés: Házat vennék 10millió alatt!! | Hirdetõ: Johan B Black | Tel: 7-234-314 [22:40]
[22:40:31] [kredit][24]Freddie_B_Scaletta kapott 1 bónusz kreditet (játszott óra)
[22:41:03] [kredit][41]Johny_Morales kapott 1 bónusz kreditet (játszott óra)
[22:41:16] Hirdetés: Házat vennék 10millió alatt!! | Hirdetõ: Johan B Black | Tel: 7-234-314 [22:41]
[22:41:48] Yamato_Bosco LOGINkórház jail ideje: 627 mp
[22:42:38] Pekano_S_Barett kórház jail ideje: 90 mp
[22:45:12] Hirdetés: Házat vennék! | Hirdetõ: Johny Morales | Tel: 9-521-720 [22:45]
[22:47:00] [kredit][43]Akos_Vincenzo kapott 1 bónusz kreditet (játszott óra)
[22:47:00] [kredit][56]Javier_B_Hollywood kapott 1 bónusz kreditet (játszott óra)
[22:47:33] [kredit][57]Keny_Eastwood kapott 1 bónusz kreditet (játszott óra)
[22:47:33] [kredit][72]Mark_Bishop kapott 1 bónusz kreditet (játszott óra)
[22:48:05] [kredit][63]Tyler_Wish kapott 1 bónusz kreditet (játszott óra)
[22:48:38] [kredit][21]Ralf_S_Tomasso kapott 1 bónusz kreditet (játszott óra)
[22:50:18] [kredit][35]Levy_B_Hollywood kapott 1 bónusz kreditet (játszott óra)
[22:51:23] [kredit][102]Jason_O_Neill kapott 1 bónusz kreditet (játszott óra)
[22:53:02] [kredit][27]Don_Sorrentino kapott 1 bónusz kreditet (játszott óra)
[22:53:02] [kredit][58]Leone_S_Tomasso kapott 1 bónusz kreditet (játszott óra)
[22:53:06] Hirdetés: Fullos Bulletem cserélem Sultanra/Turismora. | Hirdetõ: Levy B Hollywood | Tel: 1-755-115 [22:53]
[22:54:26] Costa_Miles kórház jail ideje: 90 mp
[22:54:52] Johny_Morales kórház jail ideje: 89 mp
[22:55:12] Johny_Morales kórház jail ideje: 72 mp
[22:56:18] [kredit][28]Mateusz_M_Walker kapott 1 bónusz kreditet (játszott óra)
[22:56:27] Hirdetés: A Grove Kocsma Pultosokat Keres! Erd.SMS | Hirdetõ: Nico Butler | Tel: 7-488-958 [22:56]
[22:58:48] Hirdetés: Bureau of Alcohol and Tobacco(NAV) felvételt tart! Info: SMS ((Level4)) | Hirdetõ: Travis Dominguez | Tel: 2-100-893 [22:58]
[22:59:03] [kredit][64]Ekaterina_Kurae kapott 1 bónusz kreditet (játszott óra)
[23:00:08] [kredit][78]Daniel_Scaletta kapott 1 bónusz kreditet (játszott óra)
[23:00:41] [kredit][34]Jason_Aciano kapott 1 bónusz kreditet (játszott óra)
[23:04:51] [kredit][19]Marcel_B_Hollywood kapott 1 bónusz kreditet (játszott óra)
[23:07:01] [kredit][40]Travis_Dominguez kapott 1 bónusz kreditet (játszott óra)
[23:08:06] [kredit][32]Ryan_Lennox kapott 1 bónusz kreditet (játszott óra)
[23:08:06] [kredit][38]Damien_Creed kapott 1 bónusz kreditet (játszott óra)
[23:08:06] [kredit][48]Oliver_Hizrics kapott 1 bónusz kreditet (játszott óra)
[23:11:17] Hirdetés: Bureau of Alcohol and Tobacco(NAV) felvételt tart! Info: SMS ((Level4)) | Hirdetõ: Travis Dominguez | Tel: 2-100-893 [23:11]
[23:12:08] [kredit][22]Darius_N_Ortega kapott 1 bónusz kreditet (játszott óra)
[23:17:36] [kredit][26]Costa_Miles kapott 1 bónusz kreditet (játszott óra)
[23:19:14] [kredit][25]Hizusu_Zisiku kapott 1 bónusz kreditet (játszott óra)
[23:20:07] Hirdetés: Bureau of Alcohol and Tobacco(NAV) felvételt tart! Info: SMS ((Level4)) | Hirdetõ: Travis Dominguez | Tel: 2-100-893 [23:20]
[23:21:05] Hirdetés: A kormány felvételt hirdet!Érd.:SMS | Hirdetõ: Ekaterina Kurae | Tel: 3-615-956 [23:21]
[23:22:41] [kredit][27]Don_Sorrentino beváltott 10 kreditet 25g marihuanaért
[23:23:06] [kredit][29]Torres_Butler kapott 1 bónusz kreditet (játszott óra)
[23:23:25] Dominic_Vincenzo LOGINkórház jail ideje: 60 mp
[23:24:45] [kredit][62]Mike_O_Neill kapott 1 bónusz kreditet (játszott óra)
[23:26:59] [kredit][30]Sergei_B_Dueno kapott 1 bónusz kreditet (játszott óra)
[23:28:05] [kredit][36]Patrik_O_Neill kapott 1 bónusz kreditet (játszott óra)
[23:32:28] [kredit][23]Henrik_T_Scaletta kapott 1 bónusz kreditet (játszott óra)
[23:33:01] [kredit][31]Diego_Aciano kapott 1 bónusz kreditet (játszott óra)
[23:33:01] [kredit][59]Norbert_N_Ortega kapott 1 bónusz kreditet (játszott óra)
[23:35:52] Hirdetés: Bureau of Alcohol and Tobacco(NAV) felvételt tart! Info: SMS ((Level4)) | Hirdetõ: Travis Dominguez | Tel: 2-100-893 [23:35]
[23:36:17] [kredit][33]Adele_Scaletta kapott 1 bónusz kreditet (játszott óra)
[23:37:22] [kredit][24]Jim_Handerson kapott 1 bónusz kreditet (játszott óra)
[23:39:32] [kredit][18]Jin_Sorrentino kapott 1 bónusz kreditet (játszott óra)
[23:40:27] Hirdetés: Szeret játszani és sokat nyerni? Jöjjön Roncsderbire megéri! | Hirdetõ: Ryan Lennox | Tel: 1-031-651 [23:40]
[23:40:43] [/alair biznisz] - Hizusu_Zisiku vett Nagato_Brasco -tõl egy ~p~]~r~Class Loter~p~] bizniszt, 500,000 Ft-ért
[23:42:13] [kredit][37]Rick_Aciano kapott 1 bónusz kreditet (játszott óra)
[23:42:13] [kredit][47]Phil_Stinson kapott 1 bónusz kreditet (játszott óra)
[23:42:14] [/alair ház] - Hizusu_Zisiku vett Nagato_Brasco -tõl egy házat 36, 500,000 Ft-ért
[23:42:32] [/alair kocsi] - Hizusu_Zisiku vett Nagato_Brasco -tõl egy Jester típusú jármûvet. 352 v-s rendszám, 500,000 Ft-ért
[23:42:45] [kredit][45]Dominic_Vincenzo kapott 1 bónusz kreditet (játszott óra)
[23:46:41] [/alair ház] - Hizusu_Zisiku vett Nagato_Brasco -tõl egy házat 199, 500,000 Ft-ért
[23:47:34] [/alair kocsi] - Hizusu_Zisiku vett Nagato_Brasco -tõl egy HotringA típusú jármûvet. 41 v-s rendszám, 500,000 Ft-ért
[23:47:44] [/alair kocsi] - Hizusu_Zisiku vett Nagato_Brasco -tõl egy Landstalker típusú jármûvet. 340 v-s rendszám, 500,000 Ft-ért
[23:48:06] [/alair ház] - Hizusu_Zisiku vett Nagato_Brasco -tõl egy házat 112, 500,000 Ft-ért
[23:49:13] [kredit][38]Johny_Morales kapott 1 bónusz kreditet (játszott óra)
[23:49:13] [kredit][41]Zero_Hopkins kapott 1 bónusz kreditet (játszott óra)
[23:50:18] [kredit][20]Freddie_B_Scaletta kapott 1 bónusz kreditet (játszott óra)
[23:50:18] [kredit][43]Valor_Colin kapott 1 bónusz kreditet (játszott óra)
[23:55:40] [kredit][21]Ralf_S_Tomasso kapott 1 bónusz kreditet (játszott óra)
[23:57:16] [kredit][35]Levy_B_Hollywood kapott 1 bónusz kreditet (játszott óra)
[23:57:18] [/csere kocsi1] - Ralf_S_Tomasso(87 - Sultan) cserélt Hizusu_Zisiku(41 - NRG500) -el kocsit.
[23:59:56] [kredit][22]Don_Sorrentino kapott 1 bónusz kreditet (játszott óra)
