[00:01:47] [kredit][19]Mateusz_M_Walker kapott 1 bónusz kreditet (játszott óra)
[00:02:52] [kredit][20]Krisztofer_Vincenzo kapott 1 bónusz kreditet (játszott óra)
[00:03:49] Johan_B_Black kórház jail ideje: 90 mp
[00:03:56] [kredit][29]Darius_N_Ortega kapott 1 bónusz kreditet (játszott óra)
[00:07:08] [kredit][30]Connor_O_Neill kapott 1 bónusz kreditet (játszott óra)
[00:07:55] Jim_Handerson LOGINkórház jail ideje: 90 mp
[00:08:11] [kredit][16]Grew_Brasco kapott 1 bónusz kreditet (játszott óra)
[00:10:50] [kredit][32]Marcel_B_Hollywood kapott 1 bónusz kreditet (játszott óra)
[00:16:42] [kredit][32]Ray_Washington kapott 1 bónusz kreditet (játszott óra)
[00:16:42] [kredit][33]Yamato_Bosco kapott 1 bónusz kreditet (játszott óra)
[00:17:33] =====[ Játékos bejelentés érkezett ]=====
[00:17:33] Elkövetõ: [23]Kiraly_Viktor | Bejelentõ: [41]Bent_Washington
[00:17:33] Tett: {FFFF00}NonRP-s közlekedés, szembe sávba repeszt 300-al..
[00:17:46] [kredit][18]Ryan_Brasco kapott 1 bónusz kreditet (játszott óra)
[00:18:12] Grew_Brasco LOGINkórház jail ideje: 90 mp
[00:18:18] [kredit][34]Marcell_O_Neill kapott 1 bónusz kreditet (játszott óra)
[00:19:54] [kredit][41]Bent_Washington kapott 1 bónusz kreditet (játszott óra)
[00:23:06] [kredit][40]Daniel_Davis kapott 1 bónusz kreditet (játszott óra)
[00:29:31] [kredit][25]Henrik_T_Scaletta kapott 1 bónusz kreditet (játszott óra)
[00:31:51] Max_Sorrentino kórház jail ideje: 90 mp
[00:32:40] Dominic_Vincenzo kórház jail ideje: 90 mp
[00:36:03] Marcell_O_Neill kórház jail ideje: 90 mp
[00:36:07] Ryan_Brasco kórház jail ideje: 870 mp
[00:36:27] Krisztofer_Vincenzo kórház jail ideje: 270 mp
[00:36:48] Alvilág: Sniper és hozzá lõszer ELADÓ! | Hirdetõ: Yamato Bosco | Tel: 5-174-373 [00:36]
[00:38:06] [kredit][22]Dominic_Vincenzo kapott 1 bónusz kreditet (játszott óra)
[00:39:39] Max_Sorrentino kórház jail ideje: 90 mp
[00:41:57] Johan_B_Black kórház jail ideje: 90 mp
[00:52:30] [kredit][27]Max_Sorrentino kapott 1 bónusz kreditet (játszott óra)
[00:53:02] [kredit][21]Amos_Toretto kapott 1 bónusz kreditet (játszott óra)
[00:53:34] [kredit][28]Zack_B_Zecchin kapott 1 bónusz kreditet (játszott óra)
[00:54:06] [kredit][23]Jim_Handerson kapott 1 bónusz kreditet (játszott óra)
[00:57:48] [kredit][25]Nick_Vitale kapott 1 bónusz kreditet (játszott óra)
[01:00:26] Ryan_Brasco LOGINkórház jail ideje: 90 mp
[01:03:37] [kredit][32]Costa_Miles kapott 1 bónusz kreditet (játszott óra)
[01:05:44] [kredit][18]Mateusz_M_Walker kapott 1 bónusz kreditet (játszott óra)
[01:07:19] [kredit][20]Krisztofer_Vincenzo kapott 1 bónusz kreditet (játszott óra)
[01:08:54] [kredit][31]Rick_Aciano kapott 1 bónusz kreditet (játszott óra)
[01:08:54] [kredit][34]Darius_N_Ortega kapott 1 bónusz kreditet (játszott óra)
[01:12:36] [kredit][17]Tyler_Wish kapott 1 bónusz kreditet (játszott óra)
[01:12:36] [kredit][19]Connor_O_Neill kapott 1 bónusz kreditet (játszott óra)
[01:22:38] [kredit][16]Ryan_Brasco kapott 1 bónusz kreditet (játszott óra)
[01:22:38] [kredit][26]Marcell_O_Neill kapott 1 bónusz kreditet (játszott óra)
[01:30:01] [kredit][35]Patrik_O_Neill kapott 1 bónusz kreditet (játszott óra)
[01:56:44] [kredit][28]Zack_B_Zecchin kapott 1 bónusz kreditet (játszott óra)
[02:03:21] Tyler_Wish kórház jail ideje: 90 mp
[02:12:20] [kredit][20]Rick_Aciano kapott 1 bónusz kreditet (játszott óra)
[02:52:43] [kredit][16]Amos_Toretto kapott 1 bónusz kreditet (játszott óra)
[03:17:37] [kredit][16]Georg_B_Hollywood kapott 1 bónusz kreditet (játszott óra)
[03:26:57] [kredit][19]Henrik_T_Scaletta kapott 1 bónusz kreditet (játszott óra)
[03:45:39] [kredit][18]Krisztofer_Vincenzo kapott 1 bónusz kreditet (játszott óra)
[04:08:16] Amos_Toretto kórház jail ideje: 90 mp
[04:08:29] [kredit][17]Amos_Toretto kapott 1 bónusz kreditet (játszott óra)
[04:09:36] Amos_Toretto LOGINkórház jail ideje: 64 mp
[04:13:04] Henrik_T_Scaletta kórház jail ideje: 750 mp
[04:13:43] Krisztofer_Vincenzo kórház jail ideje: 90 mp
[04:33:53] [kredit][17]Henrik_T_Scaletta kapott 1 bónusz kreditet (játszott óra)
[04:51:30] [kredit][18]Krisztofer_Vincenzo kapott 1 bónusz kreditet (játszott óra)
[04:58:19] James_Aciano kórház jail ideje: 989 mp
[05:26:49] James_Aciano LOGINkórház jail ideje: 251 mp
[05:29:28] Ryan_Brasco LOGINkórház jail ideje: 90 mp
[06:15:42] Carlos_D_Surenos LOGINkórház jail ideje: 127 mp
[07:27:23] Stefan_Berger LOGINkórház jail ideje: 8 mp
[07:40:47] [kredit][18]Charlie_Leanders kapott 1 bónusz kreditet (játszott óra)
[07:43:54] [kredit][24]Harold_G_Freeman kapott 1 bónusz kreditet (játszott óra)
[08:00:02] [kredit][17]Atsuya_D_Freeman kapott 1 bónusz kreditet (játszott óra)
[08:04:29] Carlos_D_Surenos LOGINkórház jail ideje: 95 mp
[08:08:21] [kredit][16]Jason_Aciano kapott 1 bónusz kreditet (játszott óra)
[08:16:35] [kredit][18]Ryan_B_Mike kapott 1 bónusz kreditet (játszott óra)
[08:20:15] [kredit][23]Markus_D_Zecchin kapott 1 bónusz kreditet (játszott óra)
[08:30:42] [kredit][25]Stefan_Berger kapott 1 bónusz kreditet (játszott óra)
[08:31:14] [kredit][21]Kitty_Soprano kapott 1 bónusz kreditet (játszott óra)
[08:33:39] Lucio_Zecchin LOGINkórház jail ideje: 32 mp
[08:45:51] [kredit][18]Keny_Da_Silva kapott 1 bónusz kreditet (játszott óra)
[08:47:26] [kredit][25]Diaz_Freeman kapott 1 bónusz kreditet (játszott óra)
[08:49:00] [kredit][19]Akos_B_Gates kapott 1 bónusz kreditet (játszott óra)
[08:51:38] [kredit][28]Kevin_L_Saltzman kapott 1 bónusz kreditet (játszott óra)
[09:00:02] [kredit][17]Krist_Roscoe kapott 1 bónusz kreditet (játszott óra)
[09:07:21] [kredit][18]Atsuya_D_Freeman kapott 1 bónusz kreditet (játszott óra)
[09:07:21] [kredit][30]Joker_Creed kapott 1 bónusz kreditet (játszott óra)
[09:07:52] [kredit][31]Nico_Butler kapott 1 bónusz kreditet (játszott óra)
[09:08:46] [BOLTRABLÁS] Nico_Butler boltot rabol, összesen 3-n vannak
[09:09:48] [BOLTRABLÁS] Nico_Butler befejezte a boltrablást, 3-n maradtak, 3-n kezdték
[09:09:48] Nico_Butler rabolt 3 emberrel, összeg: 330074Ft
[09:18:23] [BOLTRABLÁS] Nico_Butler boltot rabol, összesen 3-n vannak
[09:19:26] [BOLTRABLÁS] Nico_Butler befejezte a boltrablást, 3-n maradtak, 3-n kezdték
[09:19:26] Nico_Butler rabolt 3 emberrel, összeg: 330074Ft
[09:19:56] [kredit][29]Szekely_Klara kapott 1 bónusz kreditet (játszott óra)
[09:22:02] [kredit][20]Patrick_Zecchin kapott 1 bónusz kreditet (játszott óra)
[09:29:55] [kredit][22]Nick_Vitale kapott 1 bónusz kreditet (játszott óra)
[09:30:03] [BOLTRABLÁS] Kitty_Soprano boltot rabol, összesen 2-n vannak
[09:31:06] [BOLTRABLÁS] Kitty_Soprano befejezte a boltrablást, 1-n maradtak, 2-n kezdték
[09:31:06] Kitty_Soprano rabolt 1 emberrel, összeg: 37406Ft
[09:31:29] [kredit][30]Jason_Aciano kapott 1 bónusz kreditet (játszott óra)
[09:31:56] [kredit][20]Patrick_Zecchin beváltott 10 kreditet 50g kokainért
[09:32:32] [kredit][19]Nick_R_Wilson kapott 1 bónusz kreditet (játszott óra)
[09:32:32] [kredit][26]Emma_Stone kapott 1 bónusz kreditet (játszott óra)
[09:37:47] [kredit][21]Kitty_Soprano kapott 1 bónusz kreditet (játszott óra)
[09:43:36] [kredit][27]Oze_Roland kapott 1 bónusz kreditet (játszott óra)
[09:44:39] [kredit][32]Dave_R_Vincenzo kapott 1 bónusz kreditet (játszott óra)
[09:45:43] [kredit][25]Darius_N_Ortega kapott 1 bónusz kreditet (játszott óra)
[09:49:57] [kredit][16]Ryan_B_Mike kapott 1 bónusz kreditet (játszott óra)
[09:54:36] [BOLTRABLÁS] Joker_Creed boltot rabol, összesen 2-n vannak
[09:54:44] [kredit][23]Akos_B_Gates kapott 1 bónusz kreditet (játszott óra)
[09:55:39] [BOLTRABLÁS] Joker_Creed befejezte a boltrablást, 2-n maradtak, 2-n kezdték
[09:55:39] Joker_Creed rabolt 2 emberrel, összeg: 148515Ft
[09:58:31] [Frakció jármû ellopása]Név: Paul_Escobar Kocsi: 209
[09:58:46] [/csere kocsi1] - Darius_N_Ortega(491 - FBIRancher) cserélt Norbert_N_Ortega(43 - FBITruck) -el kocsit.
[09:58:58] [kredit][35]Diaz_Freeman kapott 1 bónusz kreditet (játszott óra)
[09:59:25] [/csere kocsi1] - Darius_N_Ortega(43 - FBITruck) cserélt Norbert_N_Ortega(401 - Tractor) -el kocsit.
[10:00:33] [kredit][39]Csaki_Gergo kapott 1 bónusz kreditet (játszott óra)
[10:01:05] [BOLTRABLÁS] Kitty_Soprano boltot rabol, összesen 2-n vannak
[10:03:38] [jármu átalakítás]Eredeti: 401 új 559 Tulaj: Darius_N_Ortega, Rendszám: 891
[10:04:16] [kredit][43]Lucio_Zecchin kapott 1 bónusz kreditet (játszott óra)
[10:05:08] [/csere kocsi1] - Darius_N_Ortega(401 - Tractor) cserélt Norbert_N_Ortega(43 - FBITruck) -el kocsit.
[10:05:33] [/csere kocsi1] - Darius_N_Ortega(43 - FBITruck) cserélt Norbert_N_Ortega(491 - FBIRancher) -el kocsit.
[10:06:15] Hirdetés: Gazdagnegyedi házat veszek | Hirdetõ: Wolczyk T Sorrentino | Tel: 5-491-145 [10:06]
[10:06:24] [BOLTRABLÁS] Kitty_Soprano befejezte a boltrablást, 2-n maradtak, 2-n kezdték
[10:06:24] Kitty_Soprano rabolt 2 emberrel, összeg: 148515Ft
[10:06:36] Kitty_Soprano kórház jail ideje: 90 mp
[10:08:32] [kredit][38]Tyler_Wish kapott 1 bónusz kreditet (játszott óra)
[10:09:34] Hirdetés: Jester eladó | Hirdetõ: Norbert N Ortega | Tel: 1-208-224 [10:09]
[10:12:16] [kredit][36]Blake_Browns kapott 1 bónusz kreditet (játszott óra)
[10:12:48] [kredit][31]Joker_Creed kapott 1 bónusz kreditet (játszott óra)
[10:17:47] [jármu átalakítás]Eredeti: 12 új 519 Tulaj: Atsuya_D_Freeman, Rendszám: 628
[10:18:40] [kredit][37]Norbert_N_Ortega kapott 1 bónusz kreditet (játszott óra)
[10:18:40] [kredit][47]George_B_Hollywood kapott 1 bónusz kreditet (játszott óra)
[10:21:19] [kredit][42]Joker_Creed beváltott 10 kreditet -1 perc börtönidõért
[10:21:23] [kredit][42]Joker_Creed beváltott 10 kreditet -1 perc börtönidõért
[10:21:23] Hirdetés: Gazdagnegyedi házat veszek | Hirdetõ: Wolczyk T Sorrentino | Tel: 5-491-145 [10:21]
[10:21:25] [kredit][42]Joker_Creed beváltott 10 kreditet -1 perc börtönidõért
[10:21:57] Hirdetés: Ház eladó! | Hirdetõ: Darius N Ortega | Tel: 8-878-070 [10:21]
[10:23:26] [kredit][26]John_Kelin kapott 1 bónusz kreditet (játszott óra)
[10:28:44] [kredit][16]Dan_B_Hollywood kapott 1 bónusz kreditet (játszott óra)
[10:30:22] [kredit][33]Leone_S_Tomasso kapott 1 bónusz kreditet (játszott óra)
[10:30:55] [kredit][34]Loope_Aciano kapott 1 bónusz kreditet (játszott óra)
[10:31:29] [kredit][41]Paul_Escobar kapott 1 bónusz kreditet (játszott óra)
[10:36:26] [kredit][21]Atsuya_D_Freeman kapott 1 bónusz kreditet (játszott óra)
[10:36:26] [kredit][36]Alan_Black kapott 1 bónusz kreditet (játszott óra)
[10:36:58] [kredit][19]Jason_Aciano kapott 1 bónusz kreditet (játszott óra)
[10:39:05] [kredit][43]Denny_Toretto kapott 1 bónusz kreditet (játszott óra)
[10:39:18] Darius_N_Ortega kórház jail ideje: 90 mp
[10:41:45] [kredit][22]Cody_Aciano kapott 1 bónusz kreditet (játszott óra)
[10:44:24] [kredit][24]Kitty_Soprano kapott 1 bónusz kreditet (játszott óra)
[10:44:24] [kredit][27]Stefan_Berger kapott 1 bónusz kreditet (játszott óra)
[10:44:55] [kredit][26]Nelson_Washington kapott 1 bónusz kreditet (játszott óra)
[10:45:28] [kredit][18]Kazuyoshi_Akira kapott 1 bónusz kreditet (játszott óra)
[10:49:10] [kredit][19]Oze_Roland kapott 1 bónusz kreditet (játszott óra)
[10:51:51] [kredit][32]Darius_N_Ortega kapott 1 bónusz kreditet (játszott óra)
[10:52:23] [kredit][29]Kevin_S_Tomasso kapott 1 bónusz kreditet (játszott óra)
[10:52:55] [kredit][20]Fekete_Erik kapott 1 bónusz kreditet (játszott óra)
[10:55:03] [kredit][26]Alen_Stark kapott 1 bónusz kreditet (játszott óra)
[10:56:37] Atsuya_D_Freeman kórház jail ideje: 209 mp
[10:57:24] Hirdetés: Fullos ZR350/Jester Cserelheto ! | Hirdetõ: Nico Butler | Tel: 7-488-958 [10:57]
[10:59:12] Blake_Browns LOGINkórház jail ideje: 89 mp
[11:00:52] [kredit][20]Earl_Fooster kapott 1 bónusz kreditet (játszott óra)
[11:01:26] Atsuya_D_Freeman LOGINkórház jail ideje: 10 mp
[11:06:27] Diaz_Freeman LOGINkórház jail ideje: 90 mp
[11:09:52] Alvilág: LCN tagokat keres (min.LVL8)és RP | Hirdetõ: Georg B Hollywood | Tel: 4-214-927 [11:09]
[11:10:27] [kredit][18]Nico_Butler kapott 1 bónusz kreditet (játszott óra)
[11:10:33] Alvilág: LCN tagokat keres (min.LVL8)és RP | Hirdetõ: Georg B Hollywood | Tel: 4-214-927 [11:10]
[11:12:22] Blake_Browns LOGINkórház jail ideje: 89 mp
[11:12:41] [Frakció jármû ellopása]Név: Loope_Aciano Kocsi: 107
[11:13:38] [kredit][28]Ryan_B_Mike kapott 1 bónusz kreditet (játszott óra)
[11:18:59] Georg_B_Hollywood kórház jail ideje: 389 mp
[11:20:32] [kredit][19]Georg_B_Hollywood kapott 1 bónusz kreditet (játszott óra)
[11:20:32] [kredit][38]Markus_D_Zecchin kapott 1 bónusz kreditet (játszott óra)
[11:23:11] [kredit][29]Joker_Creed kapott 1 bónusz kreditet (játszott óra)
[11:23:12] Joker_Creed kórház jail ideje: 90 mp
[11:24:46] [kredit][33]Patrick_Zecchin kapott 1 bónusz kreditet (játszott óra)
[11:25:18] [kredit][37]Norbert_N_Ortega kapott 1 bónusz kreditet (játszott óra)
[11:25:28] [kredit][35]Nelson_Washington beváltott 10 kreditet 50g kokainért
[11:26:42] Nico_Butler kórház jail ideje: 90 mp
[11:26:56] Hirdetés: Infernus eladó sürgõsen !! | Hirdetõ: Kitty Soprano | Tel: 2-803-880 [11:26]
[11:30:39] [kredit][39]Daniel_Scaletta kapott 1 bónusz kreditet (játszott óra)
[11:31:11] [kredit][35]Bryan_B_Hollywood kapott 1 bónusz kreditet (játszott óra)
[11:32:51] Hirdetés: Infernus eladó cser | Hirdetõ: Kitty Soprano | Tel: 2-803-880 [11:32]
[11:35:27] [kredit][20]Frank_Cobain kapott 1 bónusz kreditet (játszott óra)
[11:40:24] [kredit][18]Thomas_Blackwell kapott 1 bónusz kreditet (játszott óra)
[11:42:06] Atsuya_D_Freeman kórház jail ideje: 90 mp
[11:43:04] [kredit][16]Atsuya_D_Freeman kapott 1 bónusz kreditet (játszott óra)
[11:43:27] Hirdetés: Ház eladó! | Hirdetõ: Darius N Ortega | Tel: 8-878-070 [11:43]
[11:44:08] [kredit][22]Loope_Aciano kapott 1 bónusz kreditet (játszott óra)
[11:44:08] [kredit][29]Stefan_D_Zecchin kapott 1 bónusz kreditet (játszott óra)
[11:44:40] [kredit][30]Alan_Black kapott 1 bónusz kreditet (játszott óra)
[11:46:48] [kredit][33]Matt_Creed kapott 1 bónusz kreditet (játszott óra)
[11:47:22] [/csere ház1] - Ryan_B_Mike(11) cserélt Nico_Butler(74) -el házat.
[11:52:08] [kredit][27]Nelson_Washington kapott 1 bónusz kreditet (játszott óra)
[11:55:48] Stefan_D_Zecchin kórház jail ideje: 90 mp
[11:56:25] [kredit][38]Keny_Da_Silva kapott 1 bónusz kreditet (játszott óra)
[11:57:30] [kredit][21]Kevin_S_Tomasso kapott 1 bónusz kreditet (játszott óra)
[11:57:30] [kredit][39]Adele_Scaletta kapott 1 bónusz kreditet (játszott óra)
[11:58:35] [kredit][17]Krisztofer_Vincenzo kapott 1 bónusz kreditet (játszott óra)
[11:58:35] [kredit][40]Nick_R_Wilson kapott 1 bónusz kreditet (játszott óra)
[12:00:18] Georg_B_Hollywood LOGINkórház jail ideje: 89 mp
[12:02:53] [kredit][45]Oze_Roland kapott 1 bónusz kreditet (játszott óra)
[12:03:09] Hirdetés: Oktatót keresek! | Hirdetõ: George B Hollywood | Tel: 3-538-772 [12:03]
[12:04:11] Ralf_S_Tomasso kórház jail ideje: 330 mp
[12:05:33] [kredit][28]Leone_S_Tomasso kapott 1 bónusz kreditet (játszott óra)
[12:07:09] [kredit][23]Jason_Aciano kapott 1 bónusz kreditet (játszott óra)
[12:07:09] [kredit][48]Thomas_George kapott 1 bónusz kreditet (játszott óra)
[12:07:55] Matt_Creed kórház jail ideje: 450 mp
[12:08:13] [kredit][42]Ralf_S_Tomasso kapott 1 bónusz kreditet (játszott óra)
[12:10:22] [kredit][24]William_Cortez kapott 1 bónusz kreditet (játszott óra)
[12:10:54] [kredit][35]Darius_N_Ortega kapott 1 bónusz kreditet (játszott óra)
[12:12:03] Daniel_Scaletta kórház jail ideje: 450 mp
[12:12:31] [kredit][41]Max_Sorrentino kapott 1 bónusz kreditet (játszott óra)
[12:12:57] Patrick_Zecchin kórház jail ideje: 90 mp
[12:12:57] Kevin_S_Tomasso kórház jail ideje: 1110 mp
[12:15:14] Daniel_Scaletta LOGINkórház jail ideje: 352 mp
[12:16:32] Hirdetés: NRG-500 eladó 7M | Hirdetõ: Niki Freeman | Tel: 2-643-741 [12:16]
[12:18:26] Hirdetés: Fullos Bulletem cserélem Sultanra/Turismora. | Hirdetõ: Levy B Hollywood | Tel: 1-755-115 [12:18]
[12:19:00] [kredit][23]Levy_B_Hollywood kapott 1 bónusz kreditet (játszott óra)
[12:20:04] [kredit][20]Blake_B_Salvatore kapott 1 bónusz kreditet (játszott óra)
[12:20:52] Hirdetés: Eladó a Class Lõtér! Érdeklõdés : SMS-ben! | Hirdetõ: Hizusu Zisiku | Tel: 1-838-413 [12:20]
[12:21:45] Markus_D_Zecchin kórház jail ideje: 270 mp
[12:22:14] [kredit][46]George_B_Hollywood kapott 1 bónusz kreditet (játszott óra)
[12:22:46] [kredit][34]Betty_O_Neill kapott 1 bónusz kreditet (játszott óra)
[12:23:45] Marcel_B_Hollywood kórház jail ideje: 1710 mp
[12:27:40] [kredit][48]Maro_Scaletta kapott 1 bónusz kreditet (játszott óra)
[12:29:43] Matt_Creed kórház jail ideje: 90 mp
[12:30:56] [kredit][16]Shura_Sharma kapott 1 bónusz kreditet (játszott óra)
[12:30:56] [kredit][33]Georg_B_Hollywood kapott 1 bónusz kreditet (játszott óra)
[12:31:05] [/alair ppont] - Hizusu_Zisiku vett Levy_B_Hollywood -tõl egy ppontott, 500,000 Ft-ért
[12:31:07] [/alair ppont] - Hizusu_Zisiku vett Levy_B_Hollywood -tõl egy ppontott, 500,000 Ft-ért
[12:31:09] [/alair ppont] - Hizusu_Zisiku vett Levy_B_Hollywood -tõl egy ppontott, 500,000 Ft-ért
[12:31:10] [/alair ppont] - Hizusu_Zisiku vett Levy_B_Hollywood -tõl egy ppontott, 500,000 Ft-ért
[12:31:12] [/alair ppont] - Hizusu_Zisiku vett Levy_B_Hollywood -tõl egy ppontott, 500,000 Ft-ért
[12:31:13] [/alair ppont] - Hizusu_Zisiku vett Levy_B_Hollywood -tõl egy ppontott, 500,000 Ft-ért
[12:31:15] [/alair ppont] - Hizusu_Zisiku vett Levy_B_Hollywood -tõl egy ppontott, 500,000 Ft-ért
[12:31:16] [/alair ppont] - Hizusu_Zisiku vett Levy_B_Hollywood -tõl egy ppontott, 500,000 Ft-ért
[12:31:17] [/alair ppont] - Hizusu_Zisiku vett Levy_B_Hollywood -tõl egy ppontott, 500,000 Ft-ért
[12:31:19] [/alair ppont] - Hizusu_Zisiku vett Levy_B_Hollywood -tõl egy ppontott, 500,000 Ft-ért
[12:31:39] [/alair biznisz] - Levy_B_Hollywood vett Hizusu_Zisiku -tõl egy ~p~]~r~Class Loter~p~] bizniszt, 500,000 Ft-ért
[12:32:56] Hirdetés: Lily Miles véremnek Boldog Szülinapot kívánok! | Hirdetõ: Brittney Miles | Tel: 4-692-331 [12:32]
[12:33:07] [kredit][53]Domenico_Nestore kapott 1 bónusz kreditet (játszott óra)
[12:33:40] [kredit][52]Lesley_Antony kapott 1 bónusz kreditet (játszott óra)
[12:34:13] [kredit][56]Alen_Stark kapott 1 bónusz kreditet (játszott óra)
[12:35:20] Max_Sorrentino kórház jail ideje: 90 mp
[12:35:30] Stefan_D_Zecchin kórház jail ideje: 90 mp
[12:35:51] [kredit][57]Ryan_B_Mike kapott 1 bónusz kreditet (játszott óra)
[12:36:23] [kredit][22]Krist_Roscoe kapott 1 bónusz kreditet (játszott óra)
[12:38:01] [kredit][30]Connor_O_Neill kapott 1 bónusz kreditet (játszott óra)
[12:38:01] [kredit][51]Victor_Gonzales kapott 1 bónusz kreditet (játszott óra)
[12:38:10] Lily_Miles kórház jail ideje: 90 mp
[12:38:52] [kredit][20]Blake_B_Salvatore beváltott 10 kreditet 50000Ftért
[12:39:55] Hirdetés: robogót vennék! olcsón | Hirdetõ: Alen Stark | Tel: 7-220-080 [12:39]
[12:40:11] [kredit][44]Aladeen_A_Crowe kapott 1 bónusz kreditet (játszott óra)
[12:40:45] Hirdetés: Robogót vennék! olcsón | Hirdetõ: Alen Stark | Tel: 7-220-080 [12:40]
[12:41:30] Simon_Petrikov LOGINkórház jail ideje: 0 mp
[12:41:35] Marcel_B_Hollywood LOGINkórház jail ideje: 845 mp
[12:43:27] [kredit][31]Don_Sorrentino kapott 1 bónusz kreditet (játszott óra)
[12:44:00] [kredit][60]Diaz_Freeman kapott 1 bónusz kreditet (játszott óra)
[12:45:38] [kredit][47]Costa_Miles kapott 1 bónusz kreditet (játszott óra)
[12:46:44] [kredit][56]Mark_B_Hollywood kapott 1 bónusz kreditet (játszott óra)
[12:47:16] Brittney_Miles LOGINkórház jail ideje: 90 mp
[12:47:49] [kredit][57]Nick_Vitale kapott 1 bónusz kreditet (játszott óra)
[12:48:09] Alvilág: Bérgyillokost keresek! | Hirdetõ: Niki Freeman | Tel: 2-643-741 [12:48]
[12:48:50] Alvilág: Bérgyilkost keresek! | Hirdetõ: Niki Freeman | Tel: 2-643-741 [12:48]
[12:49:28] [kredit][63]Marcel_B_Hollywood kapott 1 bónusz kreditet (játszott óra)
[12:50:35] [kredit][21]Hizusu_Zisiku kapott 1 bónusz kreditet (játszott óra)
[12:51:41] [kredit][26]Daniel_Scaletta kapott 1 bónusz kreditet (játszott óra)
[12:52:29] [kredit][50]Zero_Hopkins beváltott 10 kreditet 50g kokainért
[12:53:19] [kredit][17]Matt_Creed kapott 1 bónusz kreditet (játszott óra)
[12:53:19] [kredit][23]Brittney_Miles kapott 1 bónusz kreditet (játszott óra)
[12:53:19] [kredit][62]Alan_Black kapott 1 bónusz kreditet (játszott óra)
[12:53:30] George_B_Hollywood LOGINkórház jail ideje: 90 mp
[12:53:52] [kredit][19]Akos_White kapott 1 bónusz kreditet (játszott óra)
[12:53:52] [kredit][35]Thomas_Blackwell kapott 1 bónusz kreditet (játszott óra)
[12:54:10] Alvilág: Toretto magánbirtokon party-t szervezek | Hirdetõ: Ventura Zecchin | Tel: 6-793-782 [12:54]
[12:54:25] [kredit][18]Joe_Wheeler kapott 1 bónusz kreditet (játszott óra)
[12:54:25] Hirdetés: legyenek táncestek | Hirdetõ: Sandro Nestore | Tel: 5-545-019 [12:54]
[12:54:52] Alvilág: Bérgyilkost keresek | Hirdetõ: Niki Freeman | Tel: 2-643-741 [12:54]
[12:55:13] Hirdetés: Legyen tánc | Hirdetõ: Sandro Nestore | Tel: 5-545-019 [12:55]
[12:56:38] [kredit][34]Ventura_Zecchin kapott 1 bónusz kreditet (játszott óra)
[12:57:12] Hirdetés: autómentõ   | Hirdetõ: Brittney Miles | Tel: 4-692-331 [12:57]
[12:57:21] Alvilág: 34 Háznál gyülekezünk a Hitmanok ellen akit megkell védeni jöjjön | Hirdetõ: Georg B Hollywood | Tel: 4-214-927 [12:57]
[12:57:44] [kredit][32]Kazuyoshi_Akira kapott 1 bónusz kreditet (játszott óra)
[12:58:50] [kredit][57]Stefan_D_Zecchin kapott 1 bónusz kreditet (játszott óra)
[12:58:59] Stefan_D_Zecchin LOGINkórház jail ideje: 90 mp
[13:00:06] Costa_Miles kórház jail ideje: 90 mp
[13:00:18] Marcel_B_Hollywood LOGINkórház jail ideje: 244 mp
[13:00:29] [kredit][45]Henry_Thomasino kapott 1 bónusz kreditet (játszott óra)
[13:00:29] [kredit][54]Nelson_Washington kapott 1 bónusz kreditet (játszott óra)
[13:02:16] [Frakció jármû ellopása]Név: Mester_Csaba Kocsi: 107
[13:03:13] [kredit][65]Zsori_Sandor kapott 1 bónusz kreditet (játszott óra)
[13:04:38] Thomas_Blackwell kórház jail ideje: 90 mp
[13:05:58] [kredit][67]Jimmy_Doherty kapott 1 bónusz kreditet (játszott óra)
[13:06:01] Alvilág: Bérgyilkosokat keresek!  | Hirdetõ: Ventura Zecchin | Tel: 6-793-782 [13:06]
[13:06:35] Hirdetés: csicska patrik ne domenico | Hirdetõ: Sandro Nestore | Tel: 5-545-019 [13:06]
[13:07:04] [kredit][56]Krisztofer_Vincenzo kapott 1 bónusz kreditet (játszott óra)
[13:07:04] [kredit][70]Stefan_Berger kapott 1 bónusz kreditet (játszott óra)
[13:08:09] [kredit][40]Dave_R_Vincenzo kapott 1 bónusz kreditet (játszott óra)
[13:08:09] [kredit][50]Zero_Hopkins kapott 1 bónusz kreditet (játszott óra)
[13:11:15] Ventura_Zecchin kórház jail ideje: 90 mp
[13:11:58] [kredit][28]Markus_D_Zecchin kapott 1 bónusz kreditet (játszott óra)
[13:13:05] [kredit][71]Adele_Scaletta kapott 1 bónusz kreditet (játszott óra)
[13:15:49] [kredit][46]Jason_Aciano kapott 1 bónusz kreditet (játszott óra)
[13:18:00] [kredit][41]Max_Sorrentino kapott 1 bónusz kreditet (játszott óra)
[13:18:32] [kredit][18]William_Cortez kapott 1 bónusz kreditet (játszott óra)
[13:19:05] [kredit][38]Sidney_Tribiani kapott 1 bónusz kreditet (játszott óra)
[13:20:10] [kredit][37]Brandon_Toretto kapott 1 bónusz kreditet (játszott óra)
[13:22:54] [kredit][19]Norbert_N_Ortega kapott 1 bónusz kreditet (játszott óra)
[13:25:38] [kredit][51]Oze_Roland kapott 1 bónusz kreditet (játszott óra)
[13:26:11] [kredit][30]Niki_Freeman kapott 1 bónusz kreditet (játszott óra)
[13:26:11] [kredit][75]Blake_B_Salvatore kapott 1 bónusz kreditet (játszott óra)
[13:28:02] Georg_B_Hollywood kórház jail ideje: 750 mp
[13:28:24] Oze_Roland kórház jail ideje: 90 mp
[13:28:27] Hizusu_Zisiku kórház jail ideje: 209 mp
[13:30:35] [kredit][69]Patrick_Zecchin kapott 1 bónusz kreditet (játszott óra)
[13:31:40] [kredit][61]Betty_O_Neill kapott 1 bónusz kreditet (játszott óra)
[13:32:19] Brandon_Toretto kórház jail ideje: 90 mp
[13:32:45] [kredit][17]Mester_Csaba kapott 1 bónusz kreditet (játszott óra)
[13:32:49] Leone_S_Tomasso LOGINkórház jail ideje: 90 mp
[13:33:50] [kredit][37]Nick_R_Wilson kapott 1 bónusz kreditet (játszott óra)
[13:34:12] Hirdetés: Olcsó Faggio típusú robogót vennék! | Hirdetõ: Thomas Blackwell | Tel: 8-551-746 [13:34]
[13:34:23] [kredit][29]Maro_Scaletta kapott 1 bónusz kreditet (játszott óra)
[13:35:30] [kredit][58]Mateusz_M_Walker kapott 1 bónusz kreditet (játszott óra)
[13:36:27] Nick_R_Wilson kórház jail ideje: 510 mp
[13:36:52] Mester_Csaba kórház jail ideje: 90 mp
[13:37:40] [kredit][16]Shura_Sharma kapott 1 bónusz kreditet (játszott óra)
[13:38:12] [kredit][21]Patrik_O_Neill kapott 1 bónusz kreditet (játszott óra)
[13:39:03] Paul_Escobar kórház jail ideje: 1650 mp
[13:40:55] [kredit][53]Lesley_Antony kapott 1 bónusz kreditet (játszott óra)
[13:43:05] [kredit][59]Mark_Bishop kapott 1 bónusz kreditet (játszott óra)
[13:43:05] [kredit][60]Denny_Toretto kapott 1 bónusz kreditet (játszott óra)
[13:43:37] Hirdetés: Eladó Fullos Premier | Eladó N.A.V melletti ház! | Hirdetõ: Henry Tomasino | Tel: 3-313-245 [13:43]
[13:45:10] Georg_B_Hollywood LOGINkórház jail ideje: 705 mp
[13:45:17] [kredit][64]Dan_B_Hollywood kapott 1 bónusz kreditet (játszott óra)
[13:45:50] [kredit][49]Joker_Creed kapott 1 bónusz kreditet (játszott óra)
[13:45:52] Denny_Toretto kórház jail ideje: 570 mp
[13:45:56] Marcel_B_Hollywood kórház jail ideje: 270 mp
[13:45:58] Ventura_Zecchin kórház jail ideje: 570 mp
[13:46:18] Nick_Vitale kórház jail ideje: 1050 mp
[13:48:00] [kredit][19]Amos_Toretto kapott 1 bónusz kreditet (játszott óra)
[13:50:10] Hirdetés: Garázs eladó | Hirdetõ: Dukai Roland | Tel: 4-046-666 [13:50]
[13:50:11] [kredit][79]Leone_S_Tomasso kapott 1 bónusz kreditet (játszott óra)
[13:51:37] [kredit][66]Aladeen_A_Crowe kapott 1 bónusz kreditet (játszott óra)
[13:52:42] [kredit][20]Wyler_S_Tomasso kapott 1 bónusz kreditet (játszott óra)
[13:53:41] [kredit][45]Paul_Escobar vett 5 kreditet 500000Ftért
[13:53:52] [kredit][22]Georg_B_Hollywood kapott 1 bónusz kreditet (játszott óra)
[13:54:44] [kredit][18]Costa_Miles kapott 1 bónusz kreditet (játszott óra)
[13:54:44] [kredit][62]Ryan_Lennox kapott 1 bónusz kreditet (játszott óra)
[13:55:02] Hirdetés: Garázs eladó, los santos belvárosában | Hirdetõ: Dukai Roland | Tel: 4-046-666 [13:55]
[13:55:17] [kredit][63]Carl_J_Creed kapott 1 bónusz kreditet (játszott óra)
[13:55:56] [kredit][45]Paul_Escobar kapott 1 bónusz kreditet (játszott óra)
[13:56:04] Krist_Roscoe kórház jail ideje: 90 mp
[13:56:15] Alvilág: Fegyvert vennék lõszerel | Hirdetõ: Zsori Sandor | Tel: 4-992-253 [13:56]
[13:57:24] [kredit][24]Alen_Stark kapott 1 bónusz kreditet (játszott óra)
[13:57:56] [kredit][23]Strong_D_Black kapott 1 bónusz kreditet (játszott óra)
[13:59:34] [kredit][55]James_Creed kapott 1 bónusz kreditet (játszott óra)
[14:00:21] Denny_Toretto LOGINkórház jail ideje: 203 mp
[14:01:12] [kredit][43]Mark_B_Hollywood kapott 1 bónusz kreditet (játszott óra)
[14:01:44] [kredit][78]Chris_S_Black kapott 1 bónusz kreditet (játszott óra)
[14:02:27] Ryder_B_Dueno kórház jail ideje: 90 mp
[14:02:49] [kredit][25]Alan_Black kapott 1 bónusz kreditet (játszott óra)
[14:03:32] Zero_Hopkins kórház jail ideje: 450 mp
[14:03:38] Shura_Sharma kórház jail ideje: 90 mp
[14:03:52] Adele_Scaletta kórház jail ideje: 450 mp
[14:04:27] [kredit][57]Dukai_Roland kapott 1 bónusz kreditet (játszott óra)
[14:04:59] [kredit][33]Thomas_Blackwell kapott 1 bónusz kreditet (játszott óra)
[14:04:59] [kredit][38]Krist_Roscoe kapott 1 bónusz kreditet (játszott óra)
[14:05:31] [kredit][67]Ryder_B_Dueno kapott 1 bónusz kreditet (játszott óra)
[14:06:46] Paul_Escobar LOGINkórház jail ideje: 473 mp
[14:08:14] [kredit][27]Kazuyoshi_Akira kapott 1 bónusz kreditet (játszott óra)
[14:10:55] [kredit][65]Zsori_Sandor kapott 1 bónusz kreditet (játszott óra)
[14:11:28] [kredit][19]Diaz_Freeman kapott 1 bónusz kreditet (játszott óra)
[14:11:28] [kredit][37]Spike_Wheeler kapott 1 bónusz kreditet (játszott óra)
[14:14:41] [kredit][56]Krisztofer_Vincenzo kapott 1 bónusz kreditet (játszott óra)
[14:14:41] [kredit][70]Stefan_Berger kapott 1 bónusz kreditet (játszott óra)
[14:17:03] Adele_Scaletta LOGINkórház jail ideje: 336 mp
[14:19:00] [kredit][27]Dave_Stone kapott 1 bónusz kreditet (játszott óra)
[14:19:32] [kredit][21]Tyler_Wish kapott 1 bónusz kreditet (játszott óra)
[14:19:32] [kredit][28]Markus_D_Zecchin kapott 1 bónusz kreditet (játszott óra)
[14:21:00] Zero_Hopkins LOGINkórház jail ideje: 211 mp
[14:21:11] [kredit][19]Davey_Sezario kapott 1 bónusz kreditet (játszott óra)
[14:22:48] [kredit][52]Lorand_Vincenzo kapott 1 bónusz kreditet (játszott óra)
[14:23:53] [kredit][46]Jason_Aciano kapott 1 bónusz kreditet (játszott óra)
[14:26:03] [kredit][60]Max_Sorrentino kapott 1 bónusz kreditet (játszott óra)
[14:29:18] [kredit][25]Zero_Hopkins kapott 1 bónusz kreditet (játszott óra)
[14:30:17] Hirdetés: Montgomery benzinkutam eladó! ((10-es kút )) | Hirdetõ: Levy B Hollywood | Tel: 1-755-115 [14:30]
[14:34:11] [kredit][20]Don_Sorrentino kapott 1 bónusz kreditet (játszott óra)
[14:34:11] [kredit][36]Adele_Scaletta kapott 1 bónusz kreditet (játszott óra)
[14:35:16] [kredit][17]Jimmy_Doherty kapott 1 bónusz kreditet (játszott óra)
[14:35:18] Hirdetés: A Japán Étterem Pincéreket Keres! [RP,LVL5,TS] | Hirdetõ: Paul Escobar | Tel: 8-091-064 [14:35]
[14:35:19] Alvilág: Fegyvert készítek rendelésre | Hirdetõ: Jason Aciano | Tel: 3-020-791 [14:35]
[14:38:20] [jármu átalakítás]Eredeti: 15 új 513 Tulaj: Tyler_Wish, Rendszám: 784
[14:39:37] [kredit][23]Gyorgy_Boyka kapott 1 bónusz kreditet (játszott óra)
[14:40:42] [kredit][43]Betty_O_Neill kapott 1 bónusz kreditet (játszott óra)
[14:42:53] [kredit][63]Joe_Wheeler kapott 1 bónusz kreditet (játszott óra)
[14:43:26] [kredit][44]Darius_N_Ortega kapott 1 bónusz kreditet (játszott óra)
[14:43:26] [kredit][64]Henry_Tomasino kapott 1 bónusz kreditet (játszott óra)
[14:43:54] Hirdetés: Garázs eladó | Hirdetõ: Dukai Roland | Tel: 4-046-666 [14:43]
[14:45:37] [kredit][53]Nelson_Washington kapott 1 bónusz kreditet (játszott óra)
[14:46:11] [kredit][26]Shura_Sharma kapott 1 bónusz kreditet (játszott óra)
[14:46:53] Hirdetés: Garázs 11 millióért eladó | Hirdetõ: Dukai Roland | Tel: 4-046-666 [14:46]
[14:47:19] [kredit][46]Connor_O_Neill kapott 1 bónusz kreditet (játszott óra)
[14:48:25] [kredit][39]Akos_Vincenzo kapott 1 bónusz kreditet (játszott óra)
[14:50:39] [kredit][50]Ernesto_Surenos kapott 1 bónusz kreditet (játszott óra)
[14:50:50] Hirdetés: Garázs eladó | Hirdetõ: Dukai Roland | Tel: 4-046-666 [14:50]
[14:51:48] << Daniel_Davis megváltoztatta a mûsornevet erre: Kívánság mûsor >>
[14:52:29] [kredit][29]Mark_Bishop kapott 1 bónusz kreditet (játszott óra)
[14:52:33] Marcell_O_Neill kórház jail ideje: 89 mp
[14:53:15] << Peter_O_Martinez megváltoztatta a mûsornevet erre: Próba >>
[14:53:29] << Peter_O_Martinez megváltoztatta a mûsornevet erre: Kívánság mûsor >>
[14:53:32] << Peter_O_Martinez megváltoztatta a mûsornevet erre: Kívánság mûsor >>
[14:54:33] Mark_Bishop kórház jail ideje: 210 mp
[14:54:37] Guillermo_Butler kórház jail ideje: 570 mp
[14:55:41] Hirdetés: Értékpapirt veszek | Hirdetõ: Kiraly Viktor | Tel: 9-946-675 [14:55]
[14:56:24] [kredit][68]Peter_O_Martinez kapott 1 bónusz kreditet (játszott óra)
[14:59:06] [kredit][58]Joker_Creed kapott 1 bónusz kreditet (játszott óra)
[14:59:42] [kredit][74]Don_Sorrentino beváltott 10 kreditet 25g marihuanaért
[15:00:40] Hirdetés: Japán Étterem Felvételt Hírdet! | Hirdetõ: Paul Escobar | Tel: 8-091-064 [15:00]
[15:01:18] [kredit][22]David_Toretto kapott 1 bónusz kreditet (játszott óra)
[15:01:18] [kredit][45]Marcell_O_Neill kapott 1 bónusz kreditet (játszott óra)
[15:01:42] Kevin_S_Tomasso LOGINkórház jail ideje: 431 mp
[15:02:22] [kredit][35]Thomas_Berzerk kapott 1 bónusz kreditet (játszott óra)
[15:05:32] Hirdetés: Eladó NAV melletti ház !  | Hirdetõ: Henry Tomasino | Tel: 3-313-245 [15:05]
[15:06:11] [kredit][44]Ryan_Lennox kapott 1 bónusz kreditet (játszott óra)
[15:08:39] Hirdetés: Gazdagnegyedi házat veszek!  | Hirdetõ: Henry Tomasino | Tel: 3-313-245 [15:08]
[15:08:54] [kredit][19]Paul_Escobar kapott 1 bónusz kreditet (játszott óra)
[15:09:29] Hirdetés: A Japán étterem szakácsokat/pincéreket keres! Érd:Telefonon | Hirdetõ: Thomas Berzerk | Tel: 8-929-562 [15:09]
[15:11:06] [kredit][22]Daniel_Davis kapott 1 bónusz kreditet (játszott óra)
[15:11:29] Hirdetés: Jármûvet veszek! | Hirdetõ: Daniel Scaletta | Tel: 1-521-643 [15:11]
[15:11:58] Alvilág: Fuvarért szopok | Hirdetõ: Kiji Gates | Tel: 8-469-453 [15:11]
[15:12:06] [kredit][33]Pablo_S_Carcassone beváltott 10 kreditet 25g marihuanaért
[15:12:11] [kredit][25]Fekete_Erik kapott 1 bónusz kreditet (játszott óra)
[15:12:11] [kredit][49]Mark_B_Hollywood kapott 1 bónusz kreditet (játszott óra)
[15:12:14] Hirdetés: Jármûveket vennék! | Hirdetõ: Krisztofer Vincenzo | Tel: 3-384-774 [15:12]
[15:14:26] Mark_B_Hollywood kórház jail ideje: 930 mp
[15:14:27] Hirdetés: Eladó NAV bázis melletti ház! | Hirdetõ: Henry Tomasino | Tel: 3-313-245 [15:14]
[15:15:27] [kredit][31]Dukai_Roland kapott 1 bónusz kreditet (játszott óra)
[15:15:27] [kredit][67]Ryder_B_Dueno kapott 1 bónusz kreditet (játszott óra)
[15:16:00] [kredit][25]Earl_Fooster kapott 1 bónusz kreditet (játszott óra)
[15:16:00] [kredit][54]Kristaly_Istvan kapott 1 bónusz kreditet (játszott óra)
[15:19:03] [kredit][35]Vizi_Adam kapott 1 bónusz kreditet (játszott óra)
[15:19:03] [kredit][59]Rick_Aciano kapott 1 bónusz kreditet (játszott óra)
[15:21:14] [kredit][17]Freddie_B_Scaletta kapott 1 bónusz kreditet (játszott óra)
[15:21:43] [/buyhouse] - Kitty_Soprano vett egy házat 242, 1 Ft-ért
[15:21:46] [kredit][16]Doboska_Endre kapott 1 bónusz kreditet (játszott óra)
[15:21:46] [kredit][30]Mikhail_Bratislav kapott 1 bónusz kreditet (játszott óra)
[15:23:23] [kredit][47]Joe_Gates kapott 1 bónusz kreditet (játszott óra)
[15:24:25] Bryan_B_Hollywood LOGINkórház jail ideje: 89 mp
[15:25:01] [kredit][39]Matthew_Carter kapott 1 bónusz kreditet (játszott óra)
[15:25:33] [kredit][30]Wolczyk_T_Sorrentino kapott 1 bónusz kreditet (játszott óra)
[15:26:05] [kredit][38]Krisztofer_Vincenzo kapott 1 bónusz kreditet (játszott óra)
[15:26:58] Krist_Roscoe kórház jail ideje: 90 mp
[15:28:46] [kredit][40]Krist_Roscoe kapott 1 bónusz kreditet (játszott óra)
[15:29:51] [kredit][21]Kiraly_Viktor kapott 1 bónusz kreditet (játszott óra)
[15:29:56] [/ram] Patrick_Zecchin - 302-s ház
[15:30:24] [kredit][56]Kitty_Soprano kapott 1 bónusz kreditet (játszott óra)
[15:30:38] Hirdetés: Garázs sûrgõsen eladó | Hirdetõ: Dukai Roland | Tel: 4-046-666 [15:30]
[15:30:48] [/k vásárol] - UID: 8178553 nem kapta meg az utalást, mentve az összeg: 9,900,000 Ft. Kocsi NRG500
[15:32:35] Alvilág: M4et vennék!! | Hirdetõ: Tom Torres | Tel: 6-454-363 [15:32]
[15:33:07] [kredit][28]Ryan_B_Mike kapott 1 bónusz kreditet (játszott óra)
[15:33:32] Hirdetés: NRG500 eladó /!\ Értékpapir eladó!! | Hirdetõ: Hizusu Zisiku | Tel: 1-838-413 [15:33]
[15:33:40] [kredit][37]Patrick_Zecchin kapott 1 bónusz kreditet (játszott óra)
[15:34:45] [kredit][34]Jason_Aciano kapott 1 bónusz kreditet (játszott óra)
[15:34:45] [kredit][44]Paul_D_Cortez kapott 1 bónusz kreditet (játszott óra)
[15:34:45] [kredit][65]Tom_Torres kapott 1 bónusz kreditet (játszott óra)
[15:37:48] Kitty_Soprano LOGINkórház jail ideje: 90 mp
[15:38:47] Hirdetés: Eladó flatbed típusu jármûvem  | Hirdetõ: Zero Hopkins | Tel: 3-524-415 [15:38]
[15:39:43] [/alair ppont] - Henry_Tomasino vett Hizusu_Zisiku -tõl egy ppontott, 23,000,000 Ft-ért
[15:39:45] [/alair ppont] - Henry_Tomasino vett Hizusu_Zisiku -tõl egy ppontott, 23,000,000 Ft-ért
[15:41:15] [kredit][57]Lesley_Antony kapott 1 bónusz kreditet (játszott óra)
[15:41:47] [kredit][40]Daniel_Scaletta kapott 1 bónusz kreditet (játszott óra)
[15:43:35] Hirdetés: Fullis Infernus eladó | Hirdetõ: Don Sorrentino | Tel: 3-370-851 [15:43]
[15:44:13] [/v vásárol] - Hizusu_Zisiku megkapta az utalást 12,870,000 Ft.
[15:44:24] Henry_Tomasino kórház jail ideje: 689 mp
[15:45:11] [/k vásárol] - UID: 8180311 nem kapta meg az utalást, mentve az összeg: 15,840,000 Ft. Kocsi Comet
[15:45:26] Hirdetés: Értékpapir eladó. | Hirdetõ: Hizusu Zisiku | Tel: 1-838-413 [15:45]
[15:45:35] [kredit][36]Akos_White kapott 1 bónusz kreditet (játszott óra)
[15:45:35] [kredit][58]Adele_Scaletta kapott 1 bónusz kreditet (játszott óra)
[15:47:10] Hirdetés: Eladó ház! | Hirdetõ: Daniel Sedin | Tel: 6-655-272 [15:47]
[15:48:51] [kredit][45]Ryan_Brasco kapott 1 bónusz kreditet (játszott óra)
[15:50:36] << Daniel_Davis megváltoztatta a mûsornevet erre: Beszélgessünk >>
[15:51:36] [kredit][53]Max_Sorrentino kapott 1 bónusz kreditet (játszott óra)
[15:52:42] [kredit][47]Hizusu_Zisiku kapott 1 bónusz kreditet (játszott óra)
[15:53:15] [kredit][63]Joe_Wheeler kapott 1 bónusz kreditet (játszott óra)
[15:54:21] [kredit][45]Jim_Handerson kapott 1 bónusz kreditet (játszott óra)
[15:54:21] [kredit][54]Teus_Fontaine kapott 1 bónusz kreditet (játszott óra)
[15:54:31] Betty_O_Neill LOGINkórház jail ideje: 90 mp
[15:54:41] Jimmy_Doherty kórház jail ideje: 90 mp
[15:54:59] [/alair ppont] - Darius_N_Ortega vett Hizusu_Zisiku -tõl egy ppontott, 23,000,000 Ft-ért
[15:55:03] Hirdetés: Garázs sûrgõsen eladó | Hirdetõ: Dukai Roland | Tel: 4-046-666 [15:55]
[15:55:38] Hirdetés: Értékpapir eladó! | Hirdetõ: Hizusu Zisiku | Tel: 1-838-413 [15:55]
[15:56:05] [kredit][40]Valor_Colin beváltott 10 kreditet 50g kokainért
[15:56:25] Tyler_Wish kórház jail ideje: 89 mp
[15:56:33] [kredit][16]Henry_Tomasino kapott 1 bónusz kreditet (játszott óra)
[15:56:33] [kredit][26]Albert_Kesselring kapott 1 bónusz kreditet (játszott óra)
[15:57:22] Paul_Escobar kórház jail ideje: 90 mp
[15:57:32] Paul_D_Cortez kórház jail ideje: 90 mp
[15:57:38] Hirdetés: Faggio-t veszek! | Hirdetõ: Thomas Blackwell | Tel: 8-551-746 [15:57]
[15:57:41] << Peter_O_Martinez megváltoztatta a mûsornevet erre: Beszélgetés >>
[15:58:11] [kredit][59]Stefan_Berger kapott 1 bónusz kreditet (játszott óra)
[15:58:47] [/csere kocsi1] - Hizusu_Zisiku(340 - Pizzaboy) cserélt Zero_Hopkins(13 - NRG500) -el kocsit.
[15:59:52] Hirdetés: Elado JESTER | Hirdetõ: Henrik Sedin | Tel: 9-359-147 [15:59]
[16:00:16] [/csere kocsi1] - Hizusu_Zisiku(13 - NRG500) cserélt Zero_Hopkins(340 - Pizzaboy) -el kocsit.
[16:00:22] [kredit][27]Don_Sorrentino kapott 1 bónusz kreditet (játszott óra)
[16:02:12] Alvilág: AK47 eladó | Hirdetõ: Jason Aciano | Tel: 3-020-791 [16:02]
[16:02:32] [kredit][20]Mark_Bishop kapott 1 bónusz kreditet (játszott óra)
[16:03:05] [kredit][48]Ernesto_Surenos kapott 1 bónusz kreditet (játszott óra)
[16:03:38] [kredit][46]Peter_O_Martinez kapott 1 bónusz kreditet (játszott óra)
[16:05:02] Hirdetés: Japán étterem pincéreket keress[LV5, RP, TS] | Hirdetõ: Paul D Cortez | Tel: 9-519-711 [16:05]
[16:05:19] [kredit][39]Shura_Sharma kapott 1 bónusz kreditet (játszott óra)
[16:05:52] [kredit][56]Joker_Creed kapott 1 bónusz kreditet (játszott óra)
[16:06:06] [/alair ppont] - Wolczyk_T_Sorrentino vett Hizusu_Zisiku -tõl egy ppontott, 23,000,000 Ft-ért
[16:06:43] Hirdetés: Japán étterem pincéreket keress[LV5, RP, TS] | Hirdetõ: Paul D Cortez | Tel: 9-519-711 [16:06]
[16:07:31] [kredit][67]Jimmy_Doherty kapott 1 bónusz kreditet (játszott óra)
[16:07:57] Hirdetés: Japán étterem pincéreket keress[LV5, RP] | Hirdetõ: Paul D Cortez | Tel: 9-519-711 [16:07]
[16:08:38] [kredit][32]Thomas_Berzerk kapott 1 bónusz kreditet (játszott óra)
[16:08:38] [kredit][65]Lorand_Vincenzo kapott 1 bónusz kreditet (játszott óra)
[16:09:11] [kredit][46]Lucio_Zecchin kapott 1 bónusz kreditet (játszott óra)
[16:09:11] [kredit][66]Steve_J_Sorrentino kapott 1 bónusz kreditet (játszott óra)
[16:09:48] Jimmy_Doherty kórház jail ideje: 90 mp
[16:11:43] Hirdetés: Blista eladó. | Hirdetõ: Bentner K White | Tel: 6-399-381 [16:11]
[16:11:58] [kredit][35]Zero_Hopkins kapott 1 bónusz kreditet (játszott óra)
[16:12:31] [kredit][29]Georg_B_Hollywood kapott 1 bónusz kreditet (játszott óra)
[16:12:35] Hirdetés: Akció az Oktatóknál: Autó,motor és kamion jogosítvány negyede visszajár! Csak ma! | Hirdetõ: Dukai Roland | Tel: 4-046-666 [16:12]
[16:13:02] Kevin_S_Tomasso kórház jail ideje: 90 mp
[16:13:04] [kredit][23]David_Toretto kapott 1 bónusz kreditet (játszott óra)
[16:13:18] Georg_B_Hollywood kórház jail ideje: 210 mp
[16:13:37] [kredit][17]Bryan_B_Hollywood kapott 1 bónusz kreditet (játszott óra)
[16:14:10] [kredit][43]Kevin_S_Tomasso kapott 1 bónusz kreditet (játszott óra)
[16:15:16] [kredit][64]Paul_Escobar kapott 1 bónusz kreditet (játszott óra)
[16:15:58] Hirdetés: Akció az Oktatóknál: Autó,motor és kamion jogosítvány negyede visszajár! Csak ma! | Hirdetõ: Dukai Roland | Tel: 4-046-666 [16:15]
[16:16:42] Max_Sorrentino kórház jail ideje: 90 mp
[16:16:42] Bryan_B_Hollywood kórház jail ideje: 269 mp
[16:19:08] [kredit][44]Nelson_Washington kapott 1 bónusz kreditet (játszott óra)
[16:20:04] Alvilág: Kurváskodást vállalok! | Hirdetõ: Niki Freeman | Tel: 2-643-741 [16:20]
[16:20:48] [kredit][37]Mark_B_Hollywood kapott 1 bónusz kreditet (játszott óra)
[16:21:10] [/v vásárol] - Krisztofer_Vincenzo megkapta az utalást 4,950,000 Ft.
[16:21:20] [kredit][26]Betty_O_Neill kapott 1 bónusz kreditet (játszott óra)
[16:21:41] Kitty_Soprano kórház jail ideje: 90 mp
[16:22:07] Kevin_S_Tomasso kórház jail ideje: 90 mp
[16:22:13] Bentner_K_White kórház jail ideje: 90 mp
[16:22:59] [kredit][31]Ryder_B_Dueno kapott 1 bónusz kreditet (játszott óra)
[16:23:03] =====[ Játékos bejelentés érkezett ]=====
[16:23:03] Elkövetõ: [44]Nelson_Washington | Bejelentõ: [37]Mark_B_Hollywood
[16:23:03] Tett: {FFFF00}semmit nem kap!! sztem csal
[16:23:26] Joshue_White LOGINkórház jail ideje: 90 mp
[16:23:33] [kredit][60]Joshue_White kapott 1 bónusz kreditet (játszott óra)
[16:24:05] [kredit][72]Earl_Fooster kapott 1 bónusz kreditet (játszott óra)
[16:26:30] Betty_O_Neill kórház jail ideje: 90 mp
[16:27:12] Hirdetés: Admiral eladó! | Hirdetõ: Joshue White | Tel: 4-989-824 [16:27]
[16:27:25] [kredit][50]Niki_Freeman kapott 1 bónusz kreditet (játszott óra)
[16:27:59] [kredit][62]Freddie_B_Scaletta kapott 1 bónusz kreditet (játszott óra)
[16:28:31] [kredit][42]Horvath_Adrian kapott 1 bónusz kreditet (játszott óra)
[16:28:31] [kredit][51]Drake_Rifaz kapott 1 bónusz kreditet (játszott óra)
[16:29:04] [kredit][21]Rick_Aciano kapott 1 bónusz kreditet (játszott óra)
[16:29:04] [kredit][71]Valor_Colin kapott 1 bónusz kreditet (játszott óra)
[16:30:01] Max_Sorrentino kórház jail ideje: 90 mp
[16:30:10] [kredit][63]Dukai_Roland kapott 1 bónusz kreditet (játszott óra)
[16:31:07] Hirdetés: Admiral eladó! | Hirdetõ: Joshue White | Tel: 4-989-824 [16:31]
[16:31:16] [kredit][55]Matthew_Carter kapott 1 bónusz kreditet (játszott óra)
[16:32:22] [kredit][57]Edie_Morra kapott 1 bónusz kreditet (játszott óra)
[16:33:35] Nick_R_Wilson LOGINkórház jail ideje: 135 mp
[16:33:42] [/ram] Kevin_S_Tomasso - 306-s ház
[16:34:34] [kredit][19]Wolczyk_T_Sorrentino kapott 1 bónusz kreditet (játszott óra)
[16:35:07] [kredit][30]Krist_Roscoe kapott 1 bónusz kreditet (játszott óra)
[16:35:07] [kredit][61]Nico_Butler kapott 1 bónusz kreditet (játszott óra)
[16:38:06] Alvilág: 2 darab AK47 eladó | Hirdetõ: Jason Aciano | Tel: 3-020-791 [16:38]
[16:38:54] =====[ Játékos bejelentés érkezett ]=====
[16:38:54] Elkövetõ: [16]Henry_Tomasino | Bejelentõ: [43]Kevin_S_Tomasso
[16:38:54] Tett: {FFFF00}Súlyos nonRP
[16:39:30] [kredit][53]Krisztofer_Vincenzo kapott 1 bónusz kreditet (játszott óra)
[16:39:43] [ujmodel]Krisztofer_Vincenzo átlakaította 1063 rendszámû 410 típusú kocsit 78-é. Tulaj: 
[16:40:36] [kredit][68]Nick_Vitale kapott 1 bónusz kreditet (játszott óra)
[16:41:09] [kredit][59]Paul_D_Cortez kapott 1 bónusz kreditet (játszott óra)
[16:45:31] [kredit][73]Mate_Richard kapott 1 bónusz kreditet (játszott óra)
[16:46:37] [kredit][39]Jason_Aciano kapott 1 bónusz kreditet (játszott óra)
[16:48:14] [kredit][62]William_Cortez kapott 1 bónusz kreditet (játszott óra)
[16:48:46] [kredit][54]Daniel_Davis kapott 1 bónusz kreditet (játszott óra)
[16:49:19] [kredit][22]Lily_Miles kapott 1 bónusz kreditet (játszott óra)
[16:50:23] [kredit][35]Kitty_Soprano kapott 1 bónusz kreditet (játszott óra)
[16:51:28] [kredit][67]Kiraly_Viktor kapott 1 bónusz kreditet (játszott óra)
[16:51:59] [kredit][36]Daniel_Scaletta kapott 1 bónusz kreditet (játszott óra)
[16:55:48] [kredit][16]Levy_B_Hollywood kapott 1 bónusz kreditet (játszott óra)
[16:58:18] Hirdetés: Kukást keresek a 242-s házamhoz! | Hirdetõ: Kitty Soprano | Tel: 2-803-880 [16:58]
[16:59:53] [kredit][44]Nelson_Washington beváltott 10 kreditet 50g kokainért
[16:59:54] [kredit][44]Nelson_Washington beváltott 10 kreditet 50g kokainért
[16:59:58] Bentner_K_White kórház jail ideje: 90 mp
[17:00:06] [kredit][18]Hizusu_Zisiku kapott 1 bónusz kreditet (játszott óra)
[17:00:38] [kredit][45]Jim_Handerson kapott 1 bónusz kreditet (játszott óra)
[17:01:10] [kredit][33]Costa_Miles kapott 1 bónusz kreditet (játszott óra)
[17:03:21] [kredit][25]Bentner_K_White kapott 1 bónusz kreditet (játszott óra)
[17:03:21] [kredit][47]Denny_Toretto kapott 1 bónusz kreditet (játszott óra)
[17:03:45] Hirdetés: Infernust veszek! | Hirdetõ: Markus D Zecchin | Tel: 5-992-582 [17:03]
[17:04:52] Hirdetés: Infernust veszek! | Hirdetõ: Markus D Zecchin | Tel: 5-992-582 [17:04]
[17:05:31] [kredit][21]Dave_R_Vincenzo kapott 1 bónusz kreditet (játszott óra)
[17:06:13] Keny_Da_Silva kórház jail ideje: 630 mp
[17:07:41] [kredit][56]Don_Sorrentino kapott 1 bónusz kreditet (játszott óra)
[17:08:13] [kredit][20]Mark_Bishop kapott 1 bónusz kreditet (játszott óra)
[17:08:46] [kredit][24]Max_Sorrentino kapott 1 bónusz kreditet (játszott óra)
[17:09:51] [kredit][38]Connor_O_Neill kapott 1 bónusz kreditet (játszott óra)
[17:10:23] [/v vásárol] - Markus_D_Zecchin vett egy Krisztofer_Vincenzo -tõl egy Infernus típusú jármûvet. 108 v-s rendszám.
[17:10:23] [/v vásárol] - Krisztofer_Vincenzo megkapta az utalást 49,500,000 Ft.
[17:12:03] [kredit][26]Ryan_Lennox kapott 1 bónusz kreditet (játszott óra)
[17:13:32] Wolczyk_T_Sorrentino kórház jail ideje: -1 mp
[17:14:14] [kredit][32]Thomas_Berzerk kapott 1 bónusz kreditet (játszott óra)
[17:15:51] [kredit][31]Tyler_Wish kapott 1 bónusz kreditet (játszott óra)
[17:16:24] [kredit][52]Diaz_Freeman kapott 1 bónusz kreditet (játszott óra)
[17:16:49] Hirdetés: Értékpapír eladó! | Hirdetõ: Bryan B Hollywood | Tel: 5-082-600 [17:16]
[17:18:02] [kredit][28]Tom_Torres kapott 1 bónusz kreditet (játszott óra)
[17:18:34] [kredit][23]Markus_D_Zecchin kapott 1 bónusz kreditet (játszott óra)
[17:19:40] [kredit][43]Shura_Sharma kapott 1 bónusz kreditet (játszott óra)
[17:21:09] [/alair ppont] - Levy_B_Hollywood vett Bryan_B_Hollywood -tõl egy ppontott, 28,000,000 Ft-ért
[17:21:17] [kredit][49]Paul_Escobar kapott 1 bónusz kreditet (játszott óra)
[17:23:12] [/alair ppont] - Bryan_B_Hollywood vett Hizusu_Zisiku -tõl egy ppontott, 23,000,000 Ft-ért
[17:23:27] [kredit][48]Stefan_Berger kapott 1 bónusz kreditet (játszott óra)
[17:24:05] [/alair ppont] - Bryan_B_Hollywood vett Hizusu_Zisiku -tõl egy ppontott, 23,000,000 Ft-ért
[17:24:18] [/alair ppont] - Levy_B_Hollywood vett Bryan_B_Hollywood -tõl egy ppontott, 26,000,000 Ft-ért
[17:24:33] [kredit][44]Nelson_Washington kapott 1 bónusz kreditet (játszott óra)
[17:24:45] Hirdetés: Értékpapír eladó!  | Hirdetõ: Bryan B Hollywood | Tel: 5-082-600 [17:24]
[17:27:04] Hirdetés: Értékpapír eladó! | Hirdetõ: Bryan B Hollywood | Tel: 5-082-600 [17:27]
[17:27:19] [kredit][42]Carlos_D_Surenos kapott 1 bónusz kreditet (játszott óra)
[17:27:21] [kredit][60]Steve_J_Sorrentino beváltott 10 kreditet 50g kokainért
[17:27:24] [kredit][60]Steve_J_Sorrentino beváltott 10 kreditet 50g kokainért
[17:28:25] [kredit][46]Bryan_B_Hollywood kapott 1 bónusz kreditet (játszott óra)
[17:30:36] [kredit][64]Henrik_T_Scaletta kapott 1 bónusz kreditet (játszott óra)
[17:31:03] Hirdetés: Ház eladó! | Hirdetõ: Darius N Ortega | Tel: 8-878-070 [17:31]
[17:32:39] Hirdetés: Ház eladó! | Hirdetõ: Darius N Ortega | Tel: 8-878-070 [17:32]
[17:32:47] [kredit][51]Joshue_White kapott 1 bónusz kreditet (játszott óra)
[17:33:52] [kredit][24]Oze_Roland kapott 1 bónusz kreditet (játszott óra)
[17:34:37] [jármu átalakítás]Eredeti: 166 új 515 Tulaj: Rick_Aciano, Rendszám: 1004
[17:34:59] [kredit][29]Rick_Aciano kapott 1 bónusz kreditet (játszott óra)
[17:34:59] [kredit][41]Horvath_Adrian kapott 1 bónusz kreditet (játszott óra)
[17:35:32] [kredit][63]Darius_N_Ortega kapott 1 bónusz kreditet (játszott óra)
[17:38:52] [kredit][69]Ralf_S_Tomasso kapott 1 bónusz kreditet (játszott óra)
[17:39:58] [kredit][18]Lucio_Zecchin kapott 1 bónusz kreditet (játszott óra)
[17:40:26] [/v vásárol] - Ferenc_K_Zecchin vett egy Marcel_B_Hollywood -tõl egy Infernus típusú jármûvet. 218 v-s rendszám.
[17:40:26] [/v vásárol] - UID: 8178553 nem kapta meg az utalást, mentve az összeg: 49,500,000 Ft. Kocsi Infernus
[17:40:32] [kredit][30]Krist_Roscoe kapott 1 bónusz kreditet (játszott óra)
[17:43:51] [kredit][18]Henry_Tomasino kapott 1 bónusz kreditet (játszott óra)
[17:46:02] [kredit][37]Norbert_N_Ortega kapott 1 bónusz kreditet (játszott óra)
[17:46:18] Paul_Escobar kórház jail ideje: 90 mp
[17:46:35] [kredit][42]Ferenc_K_Zecchin kapott 1 bónusz kreditet (játszott óra)
[17:47:08] [kredit][34]Paul_D_Cortez kapott 1 bónusz kreditet (játszott óra)
[17:47:08] [kredit][50]Kevin_S_Tomasso kapott 1 bónusz kreditet (játszott óra)
[17:48:15] [kredit][35]Tom_Zecchin kapott 1 bónusz kreditet (játszott óra)
[17:48:15] [kredit][40]Krisztofer_Vincenzo kapott 1 bónusz kreditet (játszott óra)
[17:48:55] [/csere biznisz] - Krisztofer_Vincenzo(13) cserélt Edie_Morra(13) -el bizniszt.
[17:49:42] [/alair biznisz] - Edie_Morra vett Krisztofer_Vincenzo -tõl egy E&K Market bizniszt, 10,000,000 Ft-ért
[17:50:13] Atsuya_D_Freeman kórház jail ideje: 90 mp
[17:50:26] [kredit][77]Sergei_B_Dueno kapott 1 bónusz kreditet (játszott óra)
[17:52:06] [kredit][25]Jason_Aciano kapott 1 bónusz kreditet (játszott óra)
[17:53:12] [kredit][42]Thomas_Blackwell kapott 1 bónusz kreditet (játszott óra)
[17:53:12] [kredit][45]Kiraly_Hunor kapott 1 bónusz kreditet (játszott óra)
[17:54:18] [kredit][27]Edie_Morra kapott 1 bónusz kreditet (játszott óra)
[17:54:52] [kredit][76]Atsuya_D_Freeman kapott 1 bónusz kreditet (játszott óra)
[17:55:25] [kredit][60]Steve_J_Sorrentino kapott 1 bónusz kreditet (játszott óra)
[17:55:58] [kredit][23]Keny_Da_Silva kapott 1 bónusz kreditet (játszott óra)
[17:56:31] [kredit][78]Yamato_Bosco kapott 1 bónusz kreditet (játszott óra)
[17:58:09] [kredit][33]James_Creed kapott 1 bónusz kreditet (játszott óra)
[17:58:09] [kredit][62]Mate_Richard kapott 1 bónusz kreditet (játszott óra)
[17:59:16] Hirdetés: Fullos Bulletem cserélem Sultanra/Turismora. | Hirdetõ: Levy B Hollywood | Tel: 1-755-115 [17:59]
[17:59:53] [Saját jármû feltörése]Név: Darius_N_Ortega Kocsi: 891
[18:00:21] [kredit][53]Lesley_Antony kapott 1 bónusz kreditet (játszott óra)
[18:01:42] Steve_Sanchez kórház jail ideje: 90 mp
[18:03:06] [kredit][21]Jimmy_Doherty kapott 1 bónusz kreditet (játszott óra)
[18:03:06] [kredit][70]Usate_Krukenberg kapott 1 bónusz kreditet (játszott óra)
[18:03:39] [kredit][52]Betty_O_Neill kapott 1 bónusz kreditet (játszott óra)
[18:04:12] [kredit][65]Blake_B_Salvatore kapott 1 bónusz kreditet (játszott óra)
[18:04:45] [kredit][73]Matt_Creed kapott 1 bónusz kreditet (játszott óra)
[18:05:18] [kredit][32]Alan_Black kapott 1 bónusz kreditet (játszott óra)
[18:07:28] Hirdetés: Gni Ház eladó. | Hirdetõ: Matt Creed | Tel: 4-859-887 [18:07]
[18:08:03] [kredit][38]Javier_B_Hollywood kapott 1 bónusz kreditet (játszott óra)
[18:08:03] [kredit][66]Cody_Aciano kapott 1 bónusz kreditet (játszott óra)
[18:09:11] [kredit][75]Kiraly_Viktor kapott 1 bónusz kreditet (játszott óra)
[18:09:43] [kredit][28]Ryan_B_Mike kapott 1 bónusz kreditet (játszott óra)
[18:09:43] [kredit][36]David_Toretto kapott 1 bónusz kreditet (játszott óra)
[18:10:13] Hirdetés: GN-i Ház Eladó. | Hirdetõ: Matt Creed | Tel: 4-859-887 [18:10]
[18:10:15] [kredit][19]Peter_O_Martinez kapott 1 bónusz kreditet (játszott óra)
[18:10:43] Zero_Hopkins kórház jail ideje: 90 mp
[18:10:48] [kredit][16]Levy_B_Hollywood kapott 1 bónusz kreditet (játszott óra)
[18:10:48] [kredit][55]Jim_Handerson kapott 1 bónusz kreditet (játszott óra)
[18:11:55] [kredit][56]Zero_Hopkins kapott 1 bónusz kreditet (játszott óra)
[18:13:59] Costa_Miles kórház jail ideje: 90 mp
[18:14:40] [kredit][39]Ryan_Brasco kapott 1 bónusz kreditet (játszott óra)
[18:14:40] [kredit][64]Zsori_Sandor kapott 1 bónusz kreditet (játszott óra)
[18:15:47] [kredit][73]Simon_Derossi kapott 1 bónusz kreditet (játszott óra)
[18:17:25] [kredit][35]Joker_Creed kapott 1 bónusz kreditet (játszott óra)
[18:17:58] [kredit][26]Ryan_Lennox kapott 1 bónusz kreditet (játszott óra)
[18:18:32] [kredit][29]Vito_Dawson kapott 1 bónusz kreditet (játszott óra)
[18:19:05] [kredit][54]Dave_R_Vincenzo kapott 1 bónusz kreditet (játszott óra)
[18:19:42] Hirdetés: Gyémánt eladó, vagy cserélem joféle bizniszre | Hirdetõ: Edie Morra | Tel: 4-121-295 [18:19]
[18:20:12] [kredit][20]Doboska_Endre kapott 1 bónusz kreditet (játszott óra)
[18:20:12] [kredit][61]Mark_Bishop kapott 1 bónusz kreditet (játszott óra)
[18:20:45] [kredit][17]Steve_Sanchez kapott 1 bónusz kreditet (játszott óra)
[18:21:51] [kredit][31]Tyler_Wish kapott 1 bónusz kreditet (játszott óra)
[18:21:51] [kredit][43]Thomas_Berzerk kapott 1 bónusz kreditet (játszott óra)
[18:24:05] [kredit][58]Patrick_Zecchin kapott 1 bónusz kreditet (játszott óra)
[18:24:38] [kredit][57]Mark_B_Hollywood kapott 1 bónusz kreditet (játszott óra)
[18:24:40] Hirdetés: Gyémánt eladó vagy cserélem jó féle bizniszre! Érdeklõdni 164 es háznál | Hirdetõ: Edie Morra | Tel: 4-121-295 [18:24]
[18:27:24] [kredit][49]Paul_Escobar kapott 1 bónusz kreditet (játszott óra)
[18:28:24] Hirdetés: Hidraulikás Admiral eladó! | Hirdetõ: Joshue White | Tel: 4-989-824 [18:28]
[18:29:03] [kredit][38]Costa_Miles kapott 1 bónusz kreditet (játszott óra)
[18:29:03] [kredit][67]Niki_Freeman kapott 1 bónusz kreditet (játszott óra)
[18:29:59] [/v vásárol] - Damien_Creed megkapta az utalást utolag nem volt online 15,840,000 Ft. Kocsi: Comet
[18:30:02] Hirdetés: San Fierro Fire Department felvételt hirdet!Érd.:SMS | Hirdetõ: Connor O Neill | Tel: 2-713-649 [18:30]
[18:30:42] [kredit][72]Stefan_Berger kapott 1 bónusz kreditet (játszott óra)
[18:31:28] [/ram] Krisztofer_Vincenzo - 178-s ház
[18:31:48] [kredit][77]Tom_Torres kapott 1 bónusz kreditet (játszott óra)
[18:32:02] Vito_Dawson LOGINkórház jail ideje: 90 mp
[18:32:54] [kredit][45]Amos_Toretto kapott 1 bónusz kreditet (játszott óra)
[18:34:20] Hirdetés: Értékpapír eladó! | Hirdetõ: Bryan B Hollywood | Tel: 5-082-600 [18:34]
[18:35:26] [/alair ppont] - Edie_Morra vett Levy_B_Hollywood -tõl egy ppontott, 500,000 Ft-ért
[18:35:30] [/alair ppont] - Edie_Morra vett Levy_B_Hollywood -tõl egy ppontott, 500,000 Ft-ért
[18:35:31] [/alair ppont] - Edie_Morra vett Levy_B_Hollywood -tõl egy ppontott, 500,000 Ft-ért
[18:35:32] [/alair ppont] - Edie_Morra vett Levy_B_Hollywood -tõl egy ppontott, 500,000 Ft-ért
[18:35:33] [/alair ppont] - Edie_Morra vett Levy_B_Hollywood -tõl egy ppontott, 500,000 Ft-ért
[18:35:35] [/alair ppont] - Edie_Morra vett Levy_B_Hollywood -tõl egy ppontott, 500,000 Ft-ért
[18:35:36] [/alair ppont] - Edie_Morra vett Levy_B_Hollywood -tõl egy ppontott, 500,000 Ft-ért
[18:35:38] [/alair ppont] - Edie_Morra vett Levy_B_Hollywood -tõl egy ppontott, 500,000 Ft-ért
[18:35:39] [kredit][23]Harold_G_Freeman kapott 1 bónusz kreditet (játszott óra)
[18:36:12] [kredit][62]Dominic_Vincenzo kapott 1 bónusz kreditet (játszott óra)
[18:36:12] [kredit][89]Dan_B_Hollywood kapott 1 bónusz kreditet (játszott óra)
[18:37:25] Hirdetés: GN-i ház eladó | Hirdetõ: Matt Creed | Tel: 4-859-887 [18:37]
[18:38:59] [kredit][51]Joshue_White kapott 1 bónusz kreditet (játszott óra)
[18:38:59] [kredit][60]Antonn_Fedorov kapott 1 bónusz kreditet (játszott óra)
[18:40:00] [kredit][38]Costa_Miles beváltott 10 kreditet 50g kokainért
[18:40:06] [kredit][24]Oze_Roland kapott 1 bónusz kreditet (játszott óra)
[18:41:12] [kredit][41]Horvath_Adrian kapott 1 bónusz kreditet (játszott óra)
[18:41:12] [kredit][59]Nico_Butler kapott 1 bónusz kreditet (játszott óra)
[18:41:45] [kredit][63]Darius_N_Ortega kapott 1 bónusz kreditet (játszott óra)
[18:41:45] [kredit][92]Franklin_Morales kapott 1 bónusz kreditet (játszott óra)
[18:42:51] [kredit][96]David_Sorrentino kapott 1 bónusz kreditet (játszott óra)
[18:44:28] Simon_Derossi kórház jail ideje: 89 mp
[18:44:29] Franklin_Morales kórház jail ideje: 810 mp
[18:44:30] Danno_Derossi kórház jail ideje: 90 mp
[18:45:04] [kredit][69]Ralf_S_Tomasso kapott 1 bónusz kreditet (játszott óra)
[18:45:33] << Peter_O_Martinez megváltoztatta a mûsornevet erre: Szókirakó >>
[18:46:35] Simon_Derossi LOGINkórház jail ideje: 19 mp
[18:46:37] Usate_Krukenberg kórház jail ideje: 90 mp
[18:46:44] [kredit][30]Krist_Roscoe kapott 1 bónusz kreditet (játszott óra)
[18:46:44] [kredit][33]Hizusu_Zisiku kapott 1 bónusz kreditet (játszott óra)
[18:47:03] Don_Sorrentino kórház jail ideje: 510 mp
[18:47:18] Danno_Derossi LOGINkórház jail ideje: 14 mp
[18:48:24] [kredit][70]Joe_Gates kapott 1 bónusz kreditet (játszott óra)
[18:48:57] [kredit][91]Mateusz_M_Walker kapott 1 bónusz kreditet (játszott óra)
[18:49:28] Danno_Derossi kórház jail ideje: 90 mp
[18:49:44] Simon_Derossi kórház jail ideje: 90 mp
[18:50:05] Abella_Anderson kórház jail ideje: 90 mp
[18:50:39] Cody_Aciano kórház jail ideje: 90 mp
[18:51:11] [kredit][48]Carlos_D_Surenos kapott 1 bónusz kreditet (játszott óra)
[18:51:38] Hirdetés: Karakteremet WOT karira cserélem | Hirdetõ: Danno Derossi | Tel: 1-266-430 [18:51]
[18:51:44] [kredit][82]Connor_O_Neill kapott 1 bónusz kreditet (játszott óra)
[18:52:17] [kredit][37]Norbert_N_Ortega kapott 1 bónusz kreditet (játszott óra)
[18:52:18] Betty_O_Neill kórház jail ideje: 90 mp
[18:52:29] Don_Sorrentino LOGINkórház jail ideje: 314 mp
[18:53:24] [kredit][50]Kevin_S_Tomasso kapott 1 bónusz kreditet (játszott óra)
[18:53:57] [kredit][42]Kevin_L_Saltzman kapott 1 bónusz kreditet (játszott óra)
[18:54:30] [kredit][34]Paul_D_Cortez kapott 1 bónusz kreditet (játszott óra)
[18:54:30] [kredit][40]Krisztofer_Vincenzo kapott 1 bónusz kreditet (játszott óra)
[18:54:30] [kredit][67]Kazuyoshi_Akira kapott 1 bónusz kreditet (játszott óra)
[18:54:30] [kredit][79]Leone_S_Tomasso kapott 1 bónusz kreditet (játszott óra)
[18:55:37] [kredit][46]Daniel_Sedin kapott 1 bónusz kreditet (játszott óra)
[18:55:41] Thomas_Berzerk kórház jail ideje: 179 mp
[18:56:02] Betty_O_Neill LOGINkórház jail ideje: 3 mp
[18:56:21] [/ram] Costa_Miles - 112-s ház
[18:56:43] [kredit][84]Philip_Skipper kapott 1 bónusz kreditet (játszott óra)
[18:57:17] [kredit][17]Johny_Morales kapott 1 bónusz kreditet (játszott óra)
[18:59:35] [/alair ppont] - Mateusz_M_Walker vett Bryan_B_Hollywood -tõl egy ppontott, 27,000,000 Ft-ért
[19:00:09] [kredit][33]Edie_Morra kapott 3 bónusz kreditet (kincs)
[19:00:24] Alvilág: A Gsf felvételt hirdet | Hirdetõ: Joe Wheeler | Tel: 3-198-545 [19:00]
[19:01:07] Hirdetés: Gazdagnegyedi út 400-at cserélem! | Hirdetõ: Bryan B Hollywood | Tel: 5-082-600 [19:01]
[19:01:10] [kredit][88]Joe_Wheeler kapott 1 bónusz kreditet (játszott óra)
[19:01:16] Joe_Gates LOGINkórház jail ideje: 90 mp
[19:01:21] Alvilág: A Groove Street families felvételt hirdet | Hirdetõ: Joe Wheeler | Tel: 3-198-545 [19:01]
[19:01:36] [GSF]Mark_B_Hollywood átadta a Parkolóház területet nekik: LCN
[19:02:06] Hirdetés: Merit eladó/csere | Hirdetõ: Gyongyosi Lajos | Tel: 8-235-328 [19:02]
[19:02:50] [kredit][76]Atsuya_D_Freeman kapott 1 bónusz kreditet (játszott óra)
[19:05:36] [kredit][25]Matthew_Carter kapott 1 bónusz kreditet (játszott óra)
[19:05:36] [kredit][33]Edie_Morra kapott 1 bónusz kreditet (játszott óra)
[19:06:10] [kredit][90]Damien_Creed kapott 1 bónusz kreditet (játszott óra)
[19:06:44] [kredit][83]Tom_Zecchin kapott 1 bónusz kreditet (játszott óra)
[19:08:23] [kredit][51]Henrik_T_Scaletta kapott 1 bónusz kreditet (játszott óra)
[19:08:23] [kredit][59]Don_Sorrentino kapott 1 bónusz kreditet (játszott óra)
[19:10:01] [kredit][70]Sergei_B_Dueno kapott 1 bónusz kreditet (játszott óra)
[19:10:33] [kredit][65]Blake_B_Salvatore kapott 1 bónusz kreditet (játszott óra)
[19:10:49] Damien_Creed kórház jail ideje: 210 mp
[19:10:53] Patrick_Zecchin kórház jail ideje: 390 mp
[19:11:39] [kredit][23]Betty_O_Neill kapott 1 bónusz kreditet (játszott óra)
[19:11:39] [kredit][32]Daniel_Scaletta kapott 1 bónusz kreditet (játszott óra)
[19:12:01] Costa_Miles kórház jail ideje: 210 mp
[19:13:18] [kredit][29]Yamato_Bosco kapott 1 bónusz kreditet (játszott óra)
[19:13:53] [GSF]Mark_B_Hollywood átadta a Santa Maria Beach területet nekik: LCN
[19:14:26] [kredit][66]Cody_Aciano kapott 1 bónusz kreditet (játszott óra)
[19:16:39] [kredit][28]Ryan_B_Mike kapott 1 bónusz kreditet (játszott óra)
[19:17:13] [kredit][47]James_Creed kapott 1 bónusz kreditet (játszott óra)
[19:17:46] [kredit][78]Kiraly_Hunor kapott 1 bónusz kreditet (játszott óra)
[19:17:46] [kredit][93]Kiraly_Viktor kapott 1 bónusz kreditet (játszott óra)
[19:18:53] [kredit][18]Abella_Anderson kapott 1 bónusz kreditet (játszott óra)
[19:19:26] [kredit][86]Jim_Handerson kapott 1 bónusz kreditet (játszott óra)
[19:19:41] Abella_Anderson kórház jail ideje: 90 mp
[19:19:59] [kredit][48]Lorand_Vincenzo kapott 1 bónusz kreditet (játszott óra)
[19:20:32] [kredit][60]Lucio_Zecchin kapott 1 bónusz kreditet (játszott óra)
[19:20:32] [kredit][73]Lesley_Antony kapott 1 bónusz kreditet (játszott óra)
[19:20:44] Alvilág: M4,Combat Fegyvert És Hozzá Tölit Veszek! | Hirdetõ: Paul Escobar | Tel: 8-091-064 [19:20]
[19:21:06] [kredit][39]Ryan_Brasco kapott 1 bónusz kreditet (játszott óra)
[19:21:06] [kredit][71]Bryan_B_Hollywood kapott 1 bónusz kreditet (játszott óra)
[19:22:12] [kredit][31]Ventura_Zecchin kapott 1 bónusz kreditet (játszott óra)
[19:23:52] [kredit][35]Joker_Creed kapott 1 bónusz kreditet (játszott óra)
[19:24:33] Usate_Krukenberg LOGINkórház jail ideje: 78 mp
[19:25:31] [kredit][36]David_Toretto kapott 1 bónusz kreditet (játszott óra)
[19:26:04] [kredit][22]Wolczyk_T_Sorrentino kapott 1 bónusz kreditet (játszott óra)
[19:26:37] [kredit][55]Dave_R_Vincenzo kapott 1 bónusz kreditet (játszott óra)
[19:27:32] [kredit][17]Johny_Morales beváltott 10 kreditet 50g kokainért
[19:27:43] [kredit][37]Zsori_Sandor kapott 1 bónusz kreditet (játszott óra)
[19:28:00] [kredit][17]Johny_Morales beváltott 10 kreditet 50g kokainért
[19:28:16] [kredit][43]Thomas_Berzerk kapott 1 bónusz kreditet (játszott óra)
[19:28:50] [kredit][61]Zero_Hopkins kapott 1 bónusz kreditet (játszott óra)
[19:29:33] Hirdetés: új Merit eladó/csere | Hirdetõ: Gyongyosi Lajos | Tel: 8-235-328 [19:29]
[19:29:57] [kredit][54]Charlie_Harper kapott 1 bónusz kreditet (játszott óra)
[19:30:30] [kredit][58]Patrick_Zecchin kapott 1 bónusz kreditet (játszott óra)
[19:31:04] [kredit][57]Mark_B_Hollywood kapott 1 bónusz kreditet (játszott óra)
[19:31:04] [kredit][59]Niky_Winston kapott 1 bónusz kreditet (játszott óra)
[19:32:42] Alvilág: Combat, M4, Sniper eladó tölténnyel! | Hirdetõ: Kitty Soprano | Tel: 2-803-880 [19:32]
[19:33:51] [kredit][49]Paul_Escobar kapott 1 bónusz kreditet (játszott óra)
[19:33:51] [kredit][64]Brittney_Miles kapott 1 bónusz kreditet (játszott óra)
[19:35:07] [kredit][61]Zero_Hopkins beváltott 10 kreditet 50g kokainért
[19:35:31] [kredit][38]Costa_Miles kapott 1 bónusz kreditet (játszott óra)
[19:36:24] Hirdetés: Garázs sûrgõsen eladó! | Hirdetõ: Dukai Roland | Tel: 4-046-666 [19:36]
[19:37:07] Hirdetés: Ertekpapirt veszek! | Hirdetõ: Spike Wheeler | Tel: 8-247-270 [19:37]
[19:37:11] [kredit][46]Mark_Bishop kapott 1 bónusz kreditet (játszott óra)
[19:37:54] Hirdetés: Gazdagnegyedi út 400 eladó! | Hirdetõ: Bryan B Hollywood | Tel: 5-082-600 [19:37]
[19:38:18] [kredit][77]Tom_Torres kapott 1 bónusz kreditet (játszott óra)
[19:38:51] [kredit][62]Levy_B_Hollywood kapott 1 bónusz kreditet (játszott óra)
[19:39:25] [kredit][29]Kristaly_Istvan kapott 1 bónusz kreditet (játszott óra)
[19:40:50] Keny_Da_Silva LOGINkórház jail ideje: 90 mp
[19:41:37] [kredit][80]Brandon_Toretto kapott 1 bónusz kreditet (játszott óra)
[19:42:43] [kredit][56]Jimmy_Doherty kapott 1 bónusz kreditet (játszott óra)
[19:44:59] Hirdetés: hívja a szerelõket!((/service mechanic)) | Hirdetõ: Kazuyoshi Akira | Tel: 5-031-040 [19:44]
[19:45:13] [/ram] Daniel_Scaletta - 540-s ház
[19:46:01] [kredit][26]Amos_Toretto kapott 1 bónusz kreditet (játszott óra)
[19:47:40] [kredit][41]Horvath_Adrian kapott 1 bónusz kreditet (játszott óra)
[19:47:40] [kredit][69]Nadasi_Gyorgy kapott 1 bónusz kreditet (játszott óra)
[19:47:54] Alvilág: 2 Rifle lõszerrel eladó ! | Hirdetõ: Kitty Soprano | Tel: 2-803-880 [19:47]
[19:48:28] [kredit][63]Darius_N_Ortega kapott 1 bónusz kreditet (játszott óra)
[19:48:48] Alvilág: 5 mellény eladó | Hirdetõ: Kitty Soprano | Tel: 2-803-880 [19:48]
[19:49:34] [kredit][23]Szekely_Klara kapott 1 bónusz kreditet (játszott óra)
[19:49:55] Connor_O_Neill LOGINkórház jail ideje: 90 mp
[19:50:14] [/ram] Henrik_T_Scaletta - 222-s ház
[19:52:35] Hirdetés: GN Ház eladó ! | Hirdetõ: Kitty Soprano | Tel: 2-803-880 [19:52]
[19:53:25] [kredit][18]Joe_Walker kapott 1 bónusz kreditet (játszott óra)
[19:53:25] [kredit][30]Krist_Roscoe kapott 1 bónusz kreditet (játszott óra)
[19:55:37] [kredit][91]Mateusz_M_Walker kapott 1 bónusz kreditet (játszott óra)
[19:59:02] Hirdetés: Eladó ház. | Hirdetõ: Daniel Sedin | Tel: 6-655-272 [19:59]
[19:59:44] Hirdetés: San Fierro-ban keresek eladó házat! | Hirdetõ: Stefan Berger | Tel: 5-065-091 [19:59]
[20:00:01] [kredit][21]Norbert_N_Ortega kapott 1 bónusz kreditet (játszott óra)
[20:00:34] [kredit][53]Joe_Gates kapott 1 bónusz kreditet (játszott óra)
[20:01:07] [kredit][40]Krisztofer_Vincenzo kapott 1 bónusz kreditet (játszott óra)
[20:01:07] [kredit][65]Nelson_Washington kapott 1 bónusz kreditet (játszott óra)
[20:01:07] [kredit][67]Kazuyoshi_Akira kapott 1 bónusz kreditet (játszott óra)
[20:02:14] [kredit][17]Zack_B_Zecchin kapott 1 bónusz kreditet (játszott óra)
[20:02:14] [kredit][24]Kitty_Soprano kapott 1 bónusz kreditet (játszott óra)
[20:02:14] [kredit][31]Kevin_S_Tomasso kapott 1 bónusz kreditet (játszott óra)
[20:02:45] Hirdetés: Az olasz borozó felvételet hírdet, érd:sms[lvl4] | Hirdetõ: Max Sorrentino | Tel: 8-909-784 [20:02]
[20:03:08] Horvath_Adrian kórház jail ideje: 90 mp
[20:03:20] [kredit][68]Wyler_S_Tomasso kapott 1 bónusz kreditet (játszott óra)
[20:04:06] [/alair ppont] - Kitty_Soprano vett Henry_Tomasino -tõl egy ppontott, 3,000,000 Ft-ért
[20:04:23] [/alair ház] - Henry_Tomasino vett Kitty_Soprano -tõl egy házat 242, 1,000,000 Ft-ért
[20:04:26] [kredit][27]Philip_Skipper kapott 1 bónusz kreditet (játszott óra)
[20:05:55] Nick_R_Wilson kórház jail ideje: 89 mp
[20:06:05] [kredit][19]Spike_Wheeler kapott 1 bónusz kreditet (játszott óra)
[20:07:45] [kredit][36]Dom_Wheeler kapott 1 bónusz kreditet (játszott óra)
[20:07:45] [kredit][52]Parag_Peter kapott 1 bónusz kreditet (játszott óra)
[20:07:45] [kredit][88]Joe_Wheeler kapott 1 bónusz kreditet (játszott óra)
[20:07:59] Hirdetés: Gazdagnegyedi út 400 cserélhetõ! | Hirdetõ: Bryan B Hollywood | Tel: 5-082-600 [20:07]
[20:08:06] [/csere kocsi1] - Kiraly_Viktor(60 - Securicar) cserélt Kiraly_Hunor(154 - Firetruckb) -el kocsit.
[20:08:17] [kredit][50]Dominic_Vincenzo kapott 1 bónusz kreditet (játszott óra)
[20:08:50] Szekely_Klara kórház jail ideje: 178 mp
[20:08:50] [kredit][60]Johan_B_Black kapott 1 bónusz kreditet (játszott óra)
[20:09:57] Hirdetés: Jármûvet veszek ! | Hirdetõ: Kitty Soprano | Tel: 2-803-880 [20:09]
[20:10:31] [kredit][66]Hans_Cooper kapott 1 bónusz kreditet (játszott óra)
[20:10:50] Levy_B_Hollywood kórház jail ideje: 90 mp
[20:11:04] [kredit][16]Gyorgy_Boyka kapott 1 bónusz kreditet (játszott óra)
[20:11:04] [kredit][38]Jason_O_Neill kapott 1 bónusz kreditet (játszott óra)
[20:11:04] [kredit][74]Akos_White kapott 1 bónusz kreditet (játszott óra)
[20:11:11] Joe_Gates kórház jail ideje: 90 mp
[20:12:11] [kredit][33]Edie_Morra kapott 1 bónusz kreditet (játszott óra)
[20:12:11] [kredit][37]Matt_Creed kapott 1 bónusz kreditet (játszott óra)
[20:14:25] Hirdetés: Autót veszek! | Hirdetõ: Kitty Soprano | Tel: 2-803-880 [20:14]
[20:14:26] Jason_O_Neill kórház jail ideje: 90 mp
[20:14:49] Nick_R_Wilson LOGINkórház jail ideje: 38 mp
[20:14:56] [kredit][51]Henrik_T_Scaletta kapott 1 bónusz kreditet (játszott óra)
[20:14:56] [kredit][64]Leone_S_Tomasso kapott 1 bónusz kreditet (játszott óra)
[20:14:56] [kredit][82]Max_Sorrentino kapott 1 bónusz kreditet (játszott óra)
[20:17:08] [kredit][44]Stefan_Berger kapott 1 bónusz kreditet (játszott óra)
[20:18:13] [kredit][32]Daniel_Scaletta kapott 1 bónusz kreditet (játszott óra)
[20:19:19] [kredit][45]Henry_Tomasino kapott 1 bónusz kreditet (játszott óra)
[20:19:37] Hirdetés: Kocsit vagy házat veszek | Hirdetõ: Gyongyosi Lajos | Tel: 8-235-328 [20:19]
[20:19:51] [kredit][49]Chris_S_Black kapott 1 bónusz kreditet (játszott óra)
[20:21:05] James_Aciano LOGINkórház jail ideje: 252 mp
[20:22:01] Hirdetés: Autót veszek! | Hirdetõ: Kitty Soprano | Tel: 2-803-880 [20:22]
[20:23:11] [kredit][20]Ryan_B_Mike kapott 1 bónusz kreditet (játszott óra)
[20:23:11] [kredit][76]Torres_Butler kapott 1 bónusz kreditet (játszott óra)
[20:23:16] Hirdetés: Merit eladó/csere | Hirdetõ: Kitty Soprano | Tel: 2-803-880 [20:23]
[20:23:45] [kredit][69]James_Aciano kapott 1 bónusz kreditet (játszott óra)
[20:24:17] [kredit][93]Kiraly_Viktor kapott 1 bónusz kreditet (játszott óra)
[20:25:12] Hirdetés: Merit eladó ! | Hirdetõ: Kitty Soprano | Tel: 2-803-880 [20:25]
[20:25:35] Chris_S_Lucchese LOGINkórház jail ideje: 90 mp
[20:26:01] Kiraly_Hunor kórház jail ideje: 90 mp
[20:26:28] [kredit][48]Lorand_Vincenzo kapott 1 bónusz kreditet (játszott óra)
[20:26:28] [kredit][55]Kiraly_Hunor kapott 1 bónusz kreditet (játszott óra)
[20:28:21] [kredit][25]James_Creed kapott 1 bónusz kreditet (játszott óra)
[20:28:21] [kredit][71]Bryan_B_Hollywood kapott 1 bónusz kreditet (játszott óra)
[20:29:30] [kredit][72]Don_Sorrentino kapott 1 bónusz kreditet (játszott óra)
[20:31:09] [kredit][41]Lesley_Antony kapott 1 bónusz kreditet (játszott óra)
[20:31:11] Hirdetés: Kocsit vennék | Hirdetõ: Joe Walker | Tel: 4-779-494 [20:31]
[20:31:42] [kredit][53]Davey_Sezario kapott 1 bónusz kreditet (játszott óra)
[20:31:42] [kredit][69]Rayle_Q_Dueno kapott 1 bónusz kreditet (játszott óra)
[20:31:53] [/alair ppont] - Henry_Tomasino vett Rayle_Q_Dueno -tõl egy ppontott, 500,000 Ft-ért
[20:31:55] [/alair ppont] - Henry_Tomasino vett Rayle_Q_Dueno -tõl egy ppontott, 500,000 Ft-ért
[20:31:56] [/alair ppont] - Henry_Tomasino vett Rayle_Q_Dueno -tõl egy ppontott, 500,000 Ft-ért
[20:31:58] [/alair ppont] - Henry_Tomasino vett Rayle_Q_Dueno -tõl egy ppontott, 500,000 Ft-ért
[20:40:03] [kredit][18]Joker_Creed kapott 1 bónusz kreditet (játszott óra)
[20:41:03] Hirdetés: A Grove Kocsma Pultosokat Keres! Erd.SMS | Hirdetõ: Nico Butler | Tel: 7-488-958 [20:41]
[20:42:40] [kredit][42]Javier_B_Hollywood kapott 1 bónusz kreditet (játszott óra)
[20:42:40] [kredit][43]Thomas_Berzerk kapott 1 bónusz kreditet (játszott óra)
[20:45:22] [kredit][57]Mark_B_Hollywood kapott 1 bónusz kreditet (játszott óra)
[20:46:27] [kredit][20]Akos_Vincenzo kapott 1 bónusz kreditet (játszott óra)
[20:46:27] [kredit][70]Zsori_Sandor kapott 1 bónusz kreditet (játszott óra)
[20:47:00] [kredit][26]Zsori_Sandor kapott 1 bónusz kreditet (játszott óra)
[20:47:46] [kredit][88]Joe_Wheeler kapott 3 bónusz kreditet (paintball)
[20:50:33] Hirdetés: Merit eladó/csere | Hirdetõ: Kitty Soprano | Tel: 2-803-880 [20:50]
[20:52:12] Hirdetés: Merit eladó/csere | Hirdetõ: Kitty Soprano | Tel: 2-803-880 [20:52]
[20:52:26] [kredit][60]Mark_Bishop kapott 1 bónusz kreditet (játszott óra)
[20:53:07] Parag_Peter kórház jail ideje: 89 mp
[20:53:07] Zsori_Sandor kórház jail ideje: 209 mp
[20:53:32] [kredit][16]Levy_B_Hollywood kapott 1 bónusz kreditet (játszott óra)
[20:53:48] Hirdetés: Manana-t veszek! | Hirdetõ: Kitty Soprano | Tel: 2-803-880 [20:53]
[20:56:06] Hirdetés: Ertekpapirt veszek! | Hirdetõ: Spike Wheeler | Tel: 8-247-270 [20:56]
[20:57:04] Hirdetés: Merit eladó, kocsit veszek | Hirdetõ: Kitty Soprano | Tel: 2-803-880 [20:57]
[20:57:44] Hirdetés: Infernus eladó | Hirdetõ: Kitty Soprano | Tel: 2-803-880 [20:57]
[21:00:02] [kredit][32]Blake_Browns kapott 1 bónusz kreditet (játszott óra)
[21:00:02] [kredit][34]Ralf_S_Tomasso kapott 1 bónusz kreditet (játszott óra)
[21:01:07] [kredit][62]Wolczyk_T_Sorrentino kapott 1 bónusz kreditet (játszott óra)
[21:01:47] =====[ Játékos bejelentés érkezett ]=====
[21:01:47] Elkövetõ: [18]Joker_Creed | Bejelentõ: [42]Javier_B_Hollywood
[21:01:47] Tett: {FFFF00}Esc Kihasználása
[21:02:46] [kredit][21]Niky_Winston kapott 1 bónusz kreditet (játszott óra)
[21:02:46] [kredit][47]Horvath_Adrian kapott 1 bónusz kreditet (játszott óra)
[21:03:34] James_Creed kórház jail ideje: 899 mp
[21:09:00] Leone_S_Tomasso kórház jail ideje: 90 mp
[21:09:04] Hirdetés: Kocsit vennék | Hirdetõ: Gyongyosi Lajos | Tel: 8-235-328 [21:09]
[21:09:21] [kredit][91]Mateusz_M_Walker kapott 1 bónusz kreditet (játszott óra)
[21:09:54] [kredit][69]Patrick_Zecchin kapott 1 bónusz kreditet (játszott óra)
[21:10:46] Niky_Winston kórház jail ideje: 89 mp
[21:10:59] [kredit][46]Rick_Aciano kapott 1 bónusz kreditet (játszott óra)
[21:11:30] Hirdetés: Eleged van a sok rusnya hullákbol?Ha igen akkor hivj | Hirdetõ: Zsori Sandor | Tel: 4-992-253 [21:11]
[21:12:05] [kredit][24]Denny_Toretto kapott 1 bónusz kreditet (játszott óra)
[21:13:42] Hizusu_Weedman kórház jail ideje: 1050 mp
[21:14:17] [kredit][79]Blake_B_Salvatore kapott 1 bónusz kreditet (játszott óra)
[21:14:19] Georg_B_Hollywood kórház jail ideje: 510 mp
[21:14:50] [kredit][40]Krisztofer_Vincenzo kapott 1 bónusz kreditet (játszott óra)
[21:15:57] [kredit][31]Kevin_S_Tomasso kapott 1 bónusz kreditet (játszott óra)
[21:15:57] [kredit][46]Johny_Morales kapott 1 bónusz kreditet (játszott óra)
[21:17:03] [kredit][49]Nadasi_Gyorgy kapott 1 bónusz kreditet (játszott óra)
[21:17:03] [kredit][61]Kazuyoshi_Akira kapott 1 bónusz kreditet (játszott óra)
[21:18:41] [kredit][17]Darius_N_Ortega kapott 1 bónusz kreditet (játszott óra)
[21:20:26] [/alkulcs] Edie_Morra - 242-s ház
[21:21:25] [kredit][19]Ryder_B_Dueno kapott 1 bónusz kreditet (játszott óra)
[21:21:25] [kredit][39]Phil_Stinson kapott 1 bónusz kreditet (játszott óra)
[21:21:25] [kredit][48]Zack_B_Zecchin kapott 1 bónusz kreditet (játszott óra)
[21:21:25] [kredit][52]Parag_Peter kapott 1 bónusz kreditet (játszott óra)
[21:21:58] [kredit][50]Dominic_Vincenzo kapott 1 bónusz kreditet (játszott óra)
[21:23:46] Davey_Sezario kórház jail ideje: 90 mp
[21:24:09] [kredit][30]Tom_Zecchin kapott 1 bónusz kreditet (játszott óra)
[21:24:26] Kevin_S_Tomasso kórház jail ideje: 90 mp
[21:24:56] Zack_B_Zecchin kórház jail ideje: 510 mp
[21:25:31] [/ram] Levy_B_Hollywood - 242-s ház
[21:25:47] [kredit][33]Edie_Morra kapott 1 bónusz kreditet (játszott óra)
[21:26:19] [kredit][46]Robert_Scaletta kapott 1 bónusz kreditet (játszott óra)
[21:26:52] [kredit][44]Damien_Creed kapott 1 bónusz kreditet (játszott óra)
[21:28:30] [kredit][51]Henrik_T_Scaletta kapott 1 bónusz kreditet (játszott óra)
[21:28:30] [kredit][64]Leone_S_Tomasso kapott 1 bónusz kreditet (játszott óra)
[21:29:02] [kredit][57]Ernesto_Surenos kapott 1 bónusz kreditet (játszott óra)
[21:31:12] [kredit][38]Nico_Butler kapott 1 bónusz kreditet (játszott óra)
[21:32:16] [kredit][22]Jason_O_Neill kapott 1 bónusz kreditet (játszott óra)
[21:32:16] [kredit][36]Max_Sorrentino kapott 1 bónusz kreditet (játszott óra)
[21:32:16] [kredit][55]Albert_Kesselring kapott 1 bónusz kreditet (játszott óra)
[21:32:25] Hirdetés: Autót vennék | Hirdetõ: Gyongyosi Lajos | Tel: 8-235-328 [21:32]
[21:32:49] [kredit][34]Keny_Da_Silva kapott 1 bónusz kreditet (játszott óra)
[21:32:49] [kredit][71]Amos_Toretto kapott 1 bónusz kreditet (játszott óra)
[21:33:28] Davey_Sezario kórház jail ideje: 90 mp
[21:33:30] Joe_Gates kórház jail ideje: 90 mp
[21:33:54] [kredit][70]Gyongyosi_Lajos kapott 1 bónusz kreditet (játszott óra)
[21:35:15] James_Creed LOGINkórház jail ideje: 487 mp
[21:35:32] Albert_Kesselring kórház jail ideje: 90 mp
[21:36:37] [kredit][68]Georg_B_Hollywood kapott 1 bónusz kreditet (játszott óra)
[21:37:09] [kredit][37]Norbert_N_Ortega kapott 1 bónusz kreditet (játszott óra)
[21:37:42] [kredit][56]Ryan_B_Mike kapott 1 bónusz kreditet (játszott óra)
[21:38:12] Alvilág: 5000 mati és 50 müanyag elado hivj | Hirdetõ: Zsori Sandor | Tel: 4-992-253 [21:38]
[21:38:32] Mark_B_Hollywood kórház jail ideje: 390 mp
[21:38:49] [kredit][23]Stefan_Berger kapott 1 bónusz kreditet (játszott óra)
[21:39:08] Kiraly_Hunor LOGINkórház jail ideje: 90 mp
[21:39:21] James_Creed LOGINkórház jail ideje: 333 mp
[21:39:54] [kredit][21]Henry_Tomasino kapott 1 bónusz kreditet (játszott óra)
[21:40:27] [kredit][28]Dom_Wheeler kapott 1 bónusz kreditet (játszott óra)
[21:42:03] Edie_Morra kórház jail ideje: 210 mp
[21:42:49] Don_Sorrentino kórház jail ideje: 90 mp
[21:42:50] Robert_Scaletta kórház jail ideje: 90 mp
[21:43:29] [kredit][30]Tom_Zecchin beváltott 10 kreditet 25g marihuanaért
[21:43:43] [kredit][53]Davey_Sezario kapott 1 bónusz kreditet (játszott óra)
[21:44:06] Kevin_S_Tomasso kórház jail ideje: 90 mp
[21:44:48] [kredit][66]William_Cortez kapott 1 bónusz kreditet (játszott óra)
[21:45:33] Alvilág: Mati és mûanyag eladó Hívjon | Hirdetõ: Zsori Sandor | Tel: 4-992-253 [21:45]
[21:46:18] Hirdetés: Kocsit vennék | Hirdetõ: Gyongyosi Lajos | Tel: 8-235-328 [21:46]
[21:46:26] [kredit][74]Don_Sorrentino kapott 1 bónusz kreditet (játszott óra)
[21:46:42] William_Cortez kórház jail ideje: 3570 mp
[21:46:59] [kredit][75]Bryan_B_Hollywood kapott 1 bónusz kreditet (játszott óra)
[21:47:24] Akos_Vincenzo kórház jail ideje: 90 mp
[21:47:32] [kredit][18]Joker_Creed kapott 1 bónusz kreditet (játszott óra)
[21:47:32] [kredit][35]Joe_Gates kapott 1 bónusz kreditet (játszott óra)
[21:47:32] [kredit][59]Hizusu_Weedman kapott 1 bónusz kreditet (játszott óra)
[21:48:02] Levy_B_Hollywood kórház jail ideje: 90 mp
[21:48:05] [kredit][42]Javier_B_Hollywood kapott 1 bónusz kreditet (játszott óra)
[21:48:05] [kredit][43]Thomas_Berzerk kapott 1 bónusz kreditet (játszott óra)
[21:48:05] [kredit][72]Nelson_Washington kapott 1 bónusz kreditet (játszott óra)
[21:48:05] [kredit][78]Jason_Aciano kapott 1 bónusz kreditet (játszott óra)
[21:49:10] [kredit][65]Antonn_Fedorov kapott 1 bónusz kreditet (játszott óra)
[21:49:38] Phil_Stinson kórház jail ideje: 90 mp
[21:49:52] Javier_B_Hollywood kórház jail ideje: 329 mp
[21:50:10] Henrik_T_Scaletta kórház jail ideje: 630 mp
[21:50:42] Bryan_B_Hollywood kórház jail ideje: 90 mp
[21:50:44] [/ram] Ralf_S_Tomasso - 242-s ház
[21:51:21] [kredit][80]Dave_R_Vincenzo kapott 1 bónusz kreditet (játszott óra)
[21:51:53] [kredit][20]Akos_Vincenzo kapott 1 bónusz kreditet (játszott óra)
[21:52:19] Nadasi_Gyorgy kórház jail ideje: 90 mp
[21:52:23] Robert_Scaletta kórház jail ideje: 90 mp
[21:52:26] [kredit][26]Zsori_Sandor kapott 1 bónusz kreditet (játszott óra)
[21:53:34] Ralf_S_Tomasso kórház jail ideje: 270 mp
[21:53:35] Don_Sorrentino kórház jail ideje: 90 mp
[21:55:04] [kredit][72]Nelson_Washington beváltott 10 kreditet 50g kokainért
[21:55:09] [kredit][77]Toth_Martin kapott 1 bónusz kreditet (játszott óra)
[21:55:36] Robert_Scaletta LOGINkórház jail ideje: 53 mp
[21:56:29] Hugo_Toretto LOGINkórház jail ideje: 89 mp
[21:56:40] Hirdetés: Kocsit vennék | Hirdetõ: Gyongyosi Lajos | Tel: 8-235-328 [21:56]
[21:57:53] [kredit][45]Akos_White kapott 1 bónusz kreditet (játszott óra)
[21:57:53] [kredit][60]Mark_Bishop kapott 1 bónusz kreditet (játszott óra)
[21:59:31] [kredit][63]Carlos_D_Surenos kapott 1 bónusz kreditet (játszott óra)
[22:00:17] William_Cortez LOGINkórház jail ideje: 2893 mp
[22:00:36] Hirdetés: Faggió van eladó Hivjon | Hirdetõ: David Sorrentino | Tel: 8-375-387 [22:00]
[22:00:47] [kredit][69]Patrick_Zecchin beváltott 10 kreditet 40g heroinért
[22:00:49] [kredit][69]Patrick_Zecchin beváltott 10 kreditet 40g heroinért
[22:00:53] [kredit][69]Patrick_Zecchin beváltott 10 kreditet 40g heroinért
[22:01:12] Robert_Scaletta kórház jail ideje: 90 mp
[22:02:09] Hirdetés: Faggiót Vennék Hívjon | Hirdetõ: David Sorrentino | Tel: 8-375-387 [22:02]
[22:02:16] [kredit][46]David_Sorrentino kapott 1 bónusz kreditet (játszott óra)
[22:02:16] [kredit][70]Daniel_Scaletta kapott 1 bónusz kreditet (játszott óra)
[22:04:18] Ralf_S_Tomasso kórház jail ideje: 90 mp
[22:04:20] Kevin_S_Tomasso kórház jail ideje: 90 mp
[22:04:27] Nelson_Washington kórház jail ideje: 90 mp
[22:05:51] Joe_Gates kórház jail ideje: 630 mp
[22:05:51] Krisztofer_Vincenzo kórház jail ideje: 750 mp
[22:06:06] [kredit][27]Mark_B_Hollywood kapott 1 bónusz kreditet (játszott óra)
[22:07:10] Alvilág: AK47 eladó | Hirdetõ: Jason Aciano | Tel: 3-020-791 [22:07]
[22:07:11] [kredit][22]Valor_Colin kapott 1 bónusz kreditet (játszott óra)
[22:07:11] [kredit][41]Ralf_S_Tomasso kapott 1 bónusz kreditet (játszott óra)
[22:07:44] [kredit][62]Wolczyk_T_Sorrentino kapott 1 bónusz kreditet (játszott óra)
[22:08:09] Hirdetés: Stafordot v hasonlót vennék | Hirdetõ: Gyongyosi Lajos | Tel: 8-235-328 [22:08]
[22:08:17] [kredit][24]Hugo_Toretto kapott 1 bónusz kreditet (játszott óra)
[22:08:48] Ernesto_Surenos LOGINkórház jail ideje: 18 mp
[22:09:02] Javier_B_Hollywood LOGINkórház jail ideje: 119 mp
[22:09:22] Alvilág: 50 db mûanyag eladó | Hirdetõ: Zsori Sandor | Tel: 4-992-253 [22:09]
[22:09:57] Alvilág: AK47 eladó | Hirdetõ: Jason Aciano | Tel: 3-020-791 [22:09]
[22:11:00] Joe_Gates LOGINkórház jail ideje: 451 mp
[22:11:01] [kredit][32]Nick_R_Wilson kapott 1 bónusz kreditet (játszott óra)
[22:13:46] [kredit][18]Nick_Vitale kapott 1 bónusz kreditet (játszott óra)
[22:14:29] Leone_S_Tomasso kórház jail ideje: 210 mp
[22:14:52] [kredit][16]Levy_B_Hollywood kapott 1 bónusz kreditet (játszott óra)
[22:15:25] [kredit][82]Mateusz_M_Walker kapott 1 bónusz kreditet (játszott óra)
[22:15:42] Javier_B_Hollywood LOGINkórház jail ideje: 22 mp
[22:17:54] Georg_B_Hollywood kórház jail ideje: 810 mp
[22:19:16] [kredit][33]Harold_G_Freeman kapott 1 bónusz kreditet (játszott óra)
[22:19:49] [kredit][79]Blake_B_Salvatore kapott 1 bónusz kreditet (játszott óra)
[22:20:22] [kredit][40]Krisztofer_Vincenzo kapott 1 bónusz kreditet (játszott óra)
[22:20:22] [kredit][76]Lorand_Vincenzo kapott 1 bónusz kreditet (játszott óra)
[22:20:55] Leone_S_Tomasso kórház jail ideje: 90 mp
[22:21:27] [kredit][81]Rick_Aciano kapott 1 bónusz kreditet (játszott óra)
[22:23:39] [kredit][42]Nadasi_Gyorgy kapott 1 bónusz kreditet (játszott óra)
[22:24:12] [kredit][17]Darius_N_Ortega kapott 1 bónusz kreditet (játszott óra)
[22:25:41] << Daniel_Davis megváltoztatta a mûsornevet erre: Kivánságmûsor >>
[22:26:09] Ralf_S_Tomasso kórház jail ideje: 450 mp
[22:26:34] Tom_Zecchin kórház jail ideje: 270 mp
[22:26:35] Hizusu_Weedman kórház jail ideje: 90 mp
[22:26:55] Joe_Gates kórház jail ideje: 90 mp
[22:26:56] [kredit][44]Jin_Sorrentino kapott 1 bónusz kreditet (játszott óra)
[22:26:56] [kredit][48]Zack_B_Zecchin kapott 1 bónusz kreditet (játszott óra)
[22:26:56] [kredit][52]Parag_Peter kapott 1 bónusz kreditet (játszott óra)
[22:26:56] [kredit][67]Phil_Stinson kapott 1 bónusz kreditet (játszott óra)
[22:29:52] [kredit][54]Kevin_S_Tomasso kapott 1 bónusz kreditet (játszott óra)
[22:30:08] Carlos_D_Surenos kórház jail ideje: 570 mp
[22:31:19] Levy_B_Hollywood kórház jail ideje: 90 mp
[22:31:43] Albert_Kesselring kórház jail ideje: 90 mp
[22:31:45] Jin_Sorrentino kórház jail ideje: 810 mp
[22:31:49] Nelson_Washington kórház jail ideje: 89 mp
[22:31:52] Phil_Stinson kórház jail ideje: 90 mp
[22:32:41] Georg_B_Hollywood LOGINkórház jail ideje: 364 mp
[22:33:09] [kredit][57]Dominic_Vincenzo kapott 1 bónusz kreditet (játszott óra)
[22:33:32] Jin_Sorrentino LOGINkórház jail ideje: 798 mp
[22:34:15] [kredit][51]Henrik_T_Scaletta kapott 1 bónusz kreditet (játszott óra)
[22:34:49] [kredit][49]Robert_Scaletta kapott 1 bónusz kreditet (játszott óra)
[22:35:55] [kredit][64]Leone_S_Tomasso kapott 1 bónusz kreditet (játszott óra)
[22:36:28] [kredit][20]Daryl_Aciano kapott 1 bónusz kreditet (játszott óra)
[22:37:01] [kredit][22]Ernesto_Surenos kapott 1 bónusz kreditet (játszott óra)
[22:38:40] Daryl_Aciano kórház jail ideje: 279 mp
[22:38:49] [kredit][34]Keny_Da_Silva kapott 1 bónusz kreditet (játszott óra)
[22:39:58] Alvilág: 2garab AK47-es eladó | Hirdetõ: Jason Aciano | Tel: 3-020-791 [22:39]
[22:40:56] Blake_B_Salvatore kórház jail ideje: 90 mp
[22:42:40] [kredit][19]Tom_Zecchin kapott 1 bónusz kreditet (játszott óra)
[22:43:13] [kredit][37]Norbert_N_Ortega kapott 1 bónusz kreditet (játszott óra)
[22:43:38] Georg_B_Hollywood kórház jail ideje: 90 mp
[22:44:53] [kredit][68]Costa_Miles kapott 1 bónusz kreditet (játszott óra)
[22:45:12] Henrik_T_Scaletta kórház jail ideje: 90 mp
[22:45:26] [kredit][23]Stefan_Berger kapott 1 bónusz kreditet (játszott óra)
[22:45:26] [kredit][53]Connor_O_Neill kapott 1 bónusz kreditet (játszott óra)
[22:46:32] [kredit][28]Dom_Wheeler kapott 1 bónusz kreditet (játszott óra)
[22:46:32] [kredit][70]Damien_Creed kapott 1 bónusz kreditet (játszott óra)
[22:47:04] Henry_Tomasino kórház jail ideje: 2430 mp
[22:47:05] [kredit][21]Johny_Morales kapott 1 bónusz kreditet (játszott óra)
[22:47:38] [kredit][29]Daniel_Davis kapott 1 bónusz kreditet (játszott óra)
[22:47:38] [kredit][39]Krist_Roscoe kapott 1 bónusz kreditet (játszott óra)
[22:47:43] Hirdetés: Kocsi/ház érdekel | Hirdetõ: Joe Walker | Tel: 4-779-494 [22:47]
[22:47:52] Akos_Vincenzo kórház jail ideje: 90 mp
[22:48:11] [kredit][38]Wyler_S_Tomasso kapott 1 bónusz kreditet (játszott óra)
[22:49:16] [kredit][44]Georg_B_Hollywood kapott 1 bónusz kreditet (játszott óra)
[22:51:28] [kredit][62]Hans_Cooper kapott 1 bónusz kreditet (játszott óra)
[22:53:03] Harold_G_Freeman kórház jail ideje: 90 mp
[22:53:08] Costa_Miles kórház jail ideje: 90 mp
[22:54:13] [kredit][78]Jason_Aciano kapott 1 bónusz kreditet (játszott óra)
[22:54:46] [kredit][43]Thomas_Berzerk kapott 1 bónusz kreditet (játszott óra)
[22:54:50] Connor_O_Neill kórház jail ideje: 90 mp
[22:55:18] [kredit][32]Nelson_Washington kapott 1 bónusz kreditet (játszott óra)
[22:55:37] Darius_N_Ortega kórház jail ideje: 90 mp
[22:55:51] [kredit][28]Siska_Finuccsi kapott 1 bónusz kreditet (játszott óra)
[22:55:51] [kredit][45]Joe_Gates kapott 1 bónusz kreditet (játszott óra)
[22:56:16] Carlos_D_Surenos kórház jail ideje: 330 mp
[22:56:54] Ventura_Zecchin kórház jail ideje: 90 mp
[22:56:58] Levy_B_Hollywood kórház jail ideje: 89 mp
[22:57:22] Ryan_Brasco kórház jail ideje: 90 mp
[22:58:02] [kredit][69]Ventura_Zecchin kapott 1 bónusz kreditet (játszott óra)
[22:58:06] Joe_Gates kórház jail ideje: 270 mp
[22:58:20] Leone_S_Tomasso kórház jail ideje: 450 mp
[22:58:34] [kredit][26]Zsori_Sandor kapott 1 bónusz kreditet (játszott óra)
[23:00:28] Georg_B_Hollywood kórház jail ideje: 89 mp
[23:00:45] [kredit][30]Pekano_S_Barett kapott 1 bónusz kreditet (játszott óra)
[23:00:45] [kredit][31]Hizusu_Weedman kapott 1 bónusz kreditet (játszott óra)
[23:00:45] [kredit][56]Kevin_L_Saltzman kapott 1 bónusz kreditet (játszott óra)
[23:01:17] Joe_Gates LOGINkórház jail ideje: 262 mp
[23:02:11] Ventura_Zecchin kórház jail ideje: 90 mp
[23:02:24] [kredit][35]Antonn_Fedorov kapott 1 bónusz kreditet (játszott óra)
[23:04:35] [kredit][18]Adele_Scaletta kapott 1 bónusz kreditet (játszott óra)
[23:06:48] [kredit][50]Matt_Creed kapott 1 bónusz kreditet (játszott óra)
[23:07:21] [kredit][24]Carlos_D_Surenos kapott 1 bónusz kreditet (játszott óra)
[23:08:26] [kredit][46]David_Sorrentino kapott 1 bónusz kreditet (játszott óra)
[23:09:35] Stefan_D_Zecchin kórház jail ideje: 90 mp
[23:11:45] [kredit][49]Don_Sorrentino kapott 1 bónusz kreditet (játszott óra)
[23:11:45] [kredit][58]Zero_Hopkins kapott 1 bónusz kreditet (játszott óra)
[23:13:06] Hans_Cooper kórház jail ideje: 88 mp
[23:13:23] [kredit][41]Ralf_S_Tomasso kapott 1 bónusz kreditet (játszott óra)
[23:15:01] [kredit][47]Javier_B_Hollywood kapott 1 bónusz kreditet (játszott óra)
[23:17:05] Alvilág: 2 darab AK47-es eladó | Hirdetõ: Jason Aciano | Tel: 3-020-791 [23:17]
[23:17:32] Nelson_Washington kórház jail ideje: 270 mp
[23:18:19] [kredit][65]Ryan_Brasco kapott 1 bónusz kreditet (játszott óra)
[23:18:36] Valor_Colin kórház jail ideje: 330 mp
[23:18:37] Shura_Sharma kórház jail ideje: 90 mp
[23:19:49] Hugo_Toretto kórház jail ideje: 1890 mp
[23:20:04] Kevin_L_Saltzman kórház jail ideje: 260 mp
[23:21:04] [kredit][16]Levy_B_Hollywood kapott 1 bónusz kreditet (játszott óra)
[23:22:33] Henrik_T_Scaletta kórház jail ideje: 90 mp
[23:23:14] [kredit][66]Sidney_Tribiani kapott 1 bónusz kreditet (játszott óra)
[23:24:51] [kredit][36]Amos_Toretto kapott 1 bónusz kreditet (játszott óra)
[23:26:16] Ventura_Zecchin kórház jail ideje: 270 mp
[23:26:22] Chris_S_Black kórház jail ideje: 90 mp
[23:26:29] [kredit][33]Harold_G_Freeman kapott 1 bónusz kreditet (játszott óra)
[23:26:29] [kredit][40]Krisztofer_Vincenzo kapott 1 bónusz kreditet (játszott óra)
[23:27:02] [kredit][48]Torres_Butler kapott 1 bónusz kreditet (játszott óra)
[23:27:15] Leone_S_Tomasso kórház jail ideje: 90 mp
[23:27:34] [kredit][81]Rick_Aciano kapott 1 bónusz kreditet (játszott óra)
[23:28:39] [kredit][60]Hugo_Toretto kapott 1 bónusz kreditet (játszott óra)
[23:29:01] Chris_S_Black LOGINkórház jail ideje: 83 mp
[23:29:44] [kredit][42]Nadasi_Gyorgy kapott 1 bónusz kreditet (játszott óra)
[23:30:17] [kredit][17]Darius_N_Ortega kapott 1 bónusz kreditet (játszott óra)
[23:31:22] [kredit][61]Valor_Colin kapott 1 bónusz kreditet (játszott óra)
[23:31:57] Don_Sorrentino kórház jail ideje: 89 mp
[23:33:00] [kredit][52]Parag_Peter kapott 1 bónusz kreditet (játszott óra)
[23:33:00] [kredit][67]Phil_Stinson kapott 1 bónusz kreditet (játszott óra)
[23:33:33] [kredit][70]Chris_S_Black kapott 1 bónusz kreditet (játszott óra)
[23:37:56] Jin_Sorrentino LOGINkórház jail ideje: 139 mp
[23:40:37] Alvilág: 2 darab AK47 eladó 600ezerért | Hirdetõ: Jason Aciano | Tel: 3-020-791 [23:40]
[23:41:13] [kredit][30]Dominic_Vincenzo kapott 1 bónusz kreditet (játszott óra)
[23:41:45] [kredit][23]Stefan_D_Zecchin kapott 1 bónusz kreditet (játszott óra)
[23:41:45] [kredit][51]Shura_Sharma kapott 1 bónusz kreditet (játszott óra)
[23:41:45] [kredit][64]Leone_S_Tomasso kapott 1 bónusz kreditet (játszott óra)
[23:42:36] Hizusu_Weedman kórház jail ideje: 330 mp
[23:43:55] [kredit][43]John_Kelin kapott 1 bónusz kreditet (játszott óra)
[23:44:19] [/v vásárol] - Marcel_B_Hollywood megkapta az utalást utolag nem volt online 9,900,000 Ft. Kocsi: NRG500
[23:44:19] [/v vásárol] - Marcel_B_Hollywood megkapta az utalást utolag nem volt online 49,500,000 Ft. Kocsi: Infernus
[23:44:19] Marcel_B_Hollywood LOGINkórház jail ideje: 234 mp
[23:44:28] [kredit][34]Keny_Da_Silva kapott 1 bónusz kreditet (játszott óra)
[23:47:01] Valor_Colin kórház jail ideje: 89 mp
[23:47:37] Sidney_Tribiani kórház jail ideje: 510 mp
[23:47:43] [kredit][35]Blake_B_Salvatore kapott 1 bónusz kreditet (játszott óra)
[23:47:47] Parag_Peter kórház jail ideje: 90 mp
[23:48:16] [kredit][19]Tom_Zecchin kapott 1 bónusz kreditet (játszott óra)
[23:48:48] [kredit][16]Daryl_Aciano kapott 1 bónusz kreditet (játszott óra)
[23:48:51] Kevin_L_Saltzman kórház jail ideje: 89 mp
[23:49:36] Johny_Morales kórház jail ideje: 810 mp
[23:49:36] Joe_Gates kórház jail ideje: 270 mp
[23:49:52] [kredit][33]Norbert_N_Ortega kapott 1 bónusz kreditet (játszott óra)
[23:50:25] [kredit][68]Costa_Miles kapott 1 bónusz kreditet (játszott óra)
[23:50:36] Jin_Sorrentino kórház jail ideje: 269 mp
[23:50:57] [kredit][47]Connor_O_Neill kapott 1 bónusz kreditet (játszott óra)
[23:52:35] [kredit][62]Damien_Creed kapott 1 bónusz kreditet (játszott óra)
[23:53:08] [kredit][39]Krist_Roscoe kapott 1 bónusz kreditet (játszott óra)
[23:53:11] Carlos_D_Surenos kórház jail ideje: 390 mp
[23:53:24] Pekano_S_Barett kórház jail ideje: 630 mp
[23:53:41] [kredit][21]Johny_Morales kapott 1 bónusz kreditet (játszott óra)
[23:54:09] Matt_Creed kórház jail ideje: 270 mp
[23:54:10] Krist_Roscoe kórház jail ideje: 390 mp
[23:55:52] [kredit][37]Georg_B_Hollywood kapott 1 bónusz kreditet (játszott óra)
[23:56:25] [kredit][63]Jim_Handerson kapott 1 bónusz kreditet (játszott óra)
[23:56:58] [kredit][27]Toth_Martin kapott 1 bónusz kreditet (játszott óra)
[23:58:05] Stefan_D_Zecchin kórház jail ideje: 210 mp
[23:59:42] [kredit][44]Marcel_B_Hollywood kapott 1 bónusz kreditet (játszott óra)
