[00:01:39] Hirdetés: Gazdagnegyedi Ház Eladó. | Hirdetõ: Matt Creed | Tel: 4-859-887 [00:01]
[00:04:19] [kredit][49]Valor_Colin kapott 1 bónusz kreditet (játszott óra)
[00:09:11] [kredit][40]Mikhail_Bratislav kapott 1 bónusz kreditet (játszott óra)
[00:09:43] [kredit][42]Jim_Aciano kapott 1 bónusz kreditet (játszott óra)
[00:10:15] [kredit][32]Zsori_Sandor kapott 1 bónusz kreditet (játszott óra)
[00:11:15] Franklin_F_Gates kórház jail ideje: 90 mp
[00:12:56] [kredit][22]Matt_Creed kapott 1 bónusz kreditet (játszott óra)
[00:14:32] [kredit][30]Tyler_Wish kapott 1 bónusz kreditet (játszott óra)
[00:15:05] Hirdetés: Gazdagnegyedi Ház Eladó. | Hirdetõ: Matt Creed | Tel: 4-859-887 [00:15]
[00:17:25] Hirdetés: Gazdagnegyedi Ház Eladó. | Hirdetõ: Matt Creed | Tel: 4-859-887 [00:17]
[00:19:54] [kredit][37]Oze_Roland kapott 1 bónusz kreditet (játszott óra)
[00:20:27] [kredit][31]Toth_Martin kapott 1 bónusz kreditet (játszott óra)
[00:25:48] [kredit][33]Carl_Johnsen kapott 1 bónusz kreditet (játszott óra)
[00:29:01] [kredit][25]Jason_O_Neill kapott 1 bónusz kreditet (játszott óra)
[00:29:33] [kredit][20]Charles_Corallo kapott 1 bónusz kreditet (játszott óra)
[00:29:33] [kredit][24]Darius_N_Ortega kapott 1 bónusz kreditet (játszott óra)
[00:29:54] Alvilág: Eladó 2db Ak47 | Hirdetõ: Steve J Sorrentino | Tel: 7-050-170 [00:29]
[00:30:06] [kredit][35]Norbert_N_Ortega kapott 1 bónusz kreditet (játszott óra)
[00:31:10] [kredit][38]Emma_Stone kapott 1 bónusz kreditet (játszott óra)
[00:36:32] [kredit][56]Daryl_Aciano kapott 1 bónusz kreditet (játszott óra)
[00:37:04] [kredit][34]Costa_Miles kapott 1 bónusz kreditet (játszott óra)
[00:39:43] [kredit][22]Siska_Finuccsi kapott 1 bónusz kreditet (játszott óra)
[00:40:15] [kredit][23]Robert_Black kapott 1 bónusz kreditet (játszott óra)
[00:45:35] [kredit][28]Alan_Black kapott 1 bónusz kreditet (játszott óra)
[00:49:18] [kredit][3]Farder_Coram kapott 1 bónusz kreditet (játszott óra)
[00:50:22] [kredit][27]Connor_O_Neill kapott 1 bónusz kreditet (játszott óra)
[00:51:57] [kredit][64]Keny_Eastwood kapott 1 bónusz kreditet (játszott óra)
[00:57:12] Hirdetés: Pelenkát cserélek! | Hirdetõ: Adi Adams | Tel: 7-220-494 [00:57]
[00:57:16] [kredit][2]Mateusz_M_Walker kapott 1 bónusz kreditet (játszott óra)
[00:58:51] [kredit][19]Jason_Aciano kapott 1 bónusz kreditet (játszott óra)
[01:02:32] [kredit][39]Freddie_B_Scaletta kapott 1 bónusz kreditet (játszott óra)
[01:02:32] [kredit][45]Steve_J_Sorrentino kapott 1 bónusz kreditet (játszott óra)
[01:04:54] Dominic_Vincenzo kórház jail ideje: 90 mp
[01:12:01] [kredit][36]Silas_Escobar kapott 1 bónusz kreditet (játszott óra)
[01:13:35] [kredit][42]Jim_Aciano kapott 1 bónusz kreditet (játszott óra)
[01:14:38] [kredit][21]Zsori_Sandor kapott 1 bónusz kreditet (játszott óra)
[01:14:42] Henry_Thomasino LOGINkórház jail ideje: 55 mp
[01:18:20] [kredit][30]Tyler_Wish kapott 1 bónusz kreditet (játszott óra)
[01:18:51] [kredit][0]Matt_Creed kapott 1 bónusz kreditet (játszott óra)
[01:25:11] [kredit][20]Toth_Martin kapott 1 bónusz kreditet (játszott óra)
[01:33:37] [kredit][0]Darius_N_Ortega kapott 1 bónusz kreditet (játszott óra)
[01:33:37] [kredit][35]Norbert_N_Ortega kapott 1 bónusz kreditet (játszott óra)
[01:39:57] [kredit][56]Daryl_Aciano kapott 1 bónusz kreditet (játszott óra)
[01:40:28] [kredit][34]Costa_Miles kapott 1 bónusz kreditet (játszott óra)
[01:43:05] [kredit][22]Siska_Finuccsi kapott 1 bónusz kreditet (játszott óra)
[01:55:08] [kredit][64]Keny_Eastwood kapott 1 bónusz kreditet (játszott óra)
[01:06:04] Silas_Escobar kórház jail ideje: 89 mp
[02:09:20] [kredit][2]Ellstag_Scaletta kapott 1 bónusz kreditet (játszott óra)
[02:21:17] [kredit][0]Adam_Brau kapott 1 bónusz kreditet (játszott óra)
[05:25:51] Paul_D_Cortez LOGINkórház jail ideje: 258 mp
[05:54:11] [kredit][17]Carl_J_Creed kapott 1 bónusz kreditet (játszott óra)
[06:05:04] [kredit][18]Kiraly_Hunor kapott 1 bónusz kreditet (játszott óra)
[07:03:42] [kredit][19]Paul_D_Cortez kapott 1 bónusz kreditet (játszott óra)
[07:21:55] [kredit][16]Bryan_B_Hollywood kapott 1 bónusz kreditet (játszott óra)
[07:26:37] [kredit][21]Carl_J_Creed kapott 1 bónusz kreditet (játszott óra)
[07:32:28] [kredit][23]Stefan_Aciano kapott 1 bónusz kreditet (játszott óra)
[07:34:02] [kredit][24]Miholecz_Zoltan kapott 1 bónusz kreditet (játszott óra)
[07:41:53] [kredit][20]Jackob_Shirton kapott 1 bónusz kreditet (játszott óra)
[07:47:08] [kredit][27]Niky_Winston kapott 1 bónusz kreditet (játszott óra)
[07:51:49] Alvilág: Fiatal lány munkát keres! | Hirdetõ: Niky Winston | Tel: 1-352-188 [07:51]
[07:56:38] [kredit][25]Norbert_N_Ortega kapott 1 bónusz kreditet (játszott óra)
[07:57:41] Alvilág: Fiatal lány munkát keres!Bármit meghallgatok! | Hirdetõ: Niky Winston | Tel: 1-352-188 [07:57]
[08:00:22] [kredit][18]Toth_Martin kapott 1 bónusz kreditet (játszott óra)
[08:06:38] [kredit][19]Paul_D_Cortez kapott 1 bónusz kreditet (játszott óra)
[08:06:48] Alvilág: Fiatal lány munkát keres, bármit meghallgatok! | Hirdetõ: Niky Winston | Tel: 1-352-188 [08:06]
[08:09:49] Hirdetés: Infernust cserélek Maverickre! | Hirdetõ: Bryan B Hollywood | Tel: 1-873-478 [08:09]
[08:10:18] [kredit][17]Emma_Stone kapott 1 bónusz kreditet (játszott óra)
[08:10:50] [kredit][26]CarloS_D_Garcia kapott 1 bónusz kreditet (játszott óra)
[08:11:21] [kredit][22]Keny_Da_Silva kapott 1 bónusz kreditet (játszott óra)
[08:28:37] [kredit][16]Bryan_B_Hollywood kapott 1 bónusz kreditet (játszott óra)
[08:29:10] Hirdetés: Házat vennék | Hirdetõ: Nick R Wilson | Tel: 5-076-072 [08:29]
[08:33:19] Mate_Richard kórház jail ideje: 90 mp
[08:38:06] [kredit][19]Damien_Q_Carcassone kapott 1 bónusz kreditet (játszott óra)
[08:38:38] [kredit][23]Mate_Richard kapott 1 bónusz kreditet (játszott óra)
[08:40:52] [kredit][34]CarloS_D_Garcia beváltott 10 kreditet 50000Ftért
[08:41:49] [kredit][20]Niki_Freeman kapott 1 bónusz kreditet (játszott óra)
[08:43:24] [kredit][33]Rick_Aciano kapott 1 bónusz kreditet (játszott óra)
[08:49:12] [kredit][22]Nico_Butler kapott 1 bónusz kreditet (játszott óra)
[08:52:15] Keny_Da_Silva kórház jail ideje: 90 mp
[08:52:54] [kredit][31]Miroslav_Klose kapott 1 bónusz kreditet (játszott óra)
[08:55:32] [kredit][18]Mikhail_Bratislav kapott 1 bónusz kreditet (játszott óra)
[08:56:36] [kredit][21]Bart_S_Tomasso kapott 1 bónusz kreditet (játszott óra)
[08:58:11] [kredit][26]Kiraly_Hunor kapott 1 bónusz kreditet (játszott óra)
[08:59:47] [kredit][39]Alan_Black kapott 1 bónusz kreditet (játszott óra)
[09:00:19] [kredit][42]Vlad_D_Dueno kapott 1 bónusz kreditet (játszott óra)
[09:01:22] [kredit][30]Norbert_N_Ortega kapott 1 bónusz kreditet (játszott óra)
[09:03:29] [kredit][24]Daniel_Sedin kapott 1 bónusz kreditet (játszott óra)
[09:04:01] [kredit][22]Atsuya_D_Freeman kapott 1 bónusz kreditet (játszott óra)
[09:09:38] Bart_S_Tomasso kórház jail ideje: 90 mp
[09:12:31] [kredit][36]Shura_Sharma kapott 1 bónusz kreditet (játszott óra)
[09:13:03] [kredit][17]Jack_Thomson kapott 1 bónusz kreditet (játszott óra)
[09:13:19] Hirdetés: Értékpapírt veszek! | Hirdetõ: Markus D Zecchin | Tel: 7-678-917 [09:13]
[09:14:07] [kredit][41]Joe_Walker kapott 1 bónusz kreditet (játszott óra)
[09:14:38] [kredit][32]Banyanszki_Martin kapott 1 bónusz kreditet (játszott óra)
[09:15:10] [kredit][18]Jason_Gravano kapott 1 bónusz kreditet (játszott óra)
[09:15:16] Hirdetés: Értékpapírt veszek! | Hirdetõ: Markus D Zecchin | Tel: 7-678-917 [09:15]
[09:16:14] [kredit][28]Keny_Da_Silva kapott 1 bónusz kreditet (játszott óra)
[09:16:14] [kredit][37]Pablo_S_Carcassone kapott 1 bónusz kreditet (játszott óra)
[09:17:18] [kredit][24]Mark_B_Hollywood kapott 1 bónusz kreditet (játszott óra)
[09:19:35] [BOLTRABLÁS] Mikhail_Bratislav boltot rabol, összesen 2-n vannak
[09:19:56] [kredit][19]John_Salivan kapott 1 bónusz kreditet (játszott óra)
[09:20:07] Jimmy_Doherty kórház jail ideje: 90 mp
[09:20:21] Szabo_Balazs kórház jail ideje: 450 mp
[09:20:39] [BOLTRABLÁS] Mikhail_Bratislav befejezte a boltrablást, 1-n maradtak, 2-n kezdték
[09:20:39] Mikhail_Bratislav rabolt 1 emberrel, összeg: 37406Ft
[09:21:32] [kredit][40]Szabo_Balazs kapott 1 bónusz kreditet (játszott óra)
[09:24:13] [kredit][45]James_Aciano kapott 1 bónusz kreditet (játszott óra)
[09:24:37] Alvilág: elado 210 Marihuanna | Hirdetõ: Kiraly Hunor | Tel: 8-589-187 [09:24]
[09:25:50] [kredit][34]Gere_Andor kapott 1 bónusz kreditet (játszott óra)
[09:26:24] [BOLTRABLÁS] Mikhail_Bratislav boltot rabol, összesen 2-n vannak
[09:27:28] [BOLTRABLÁS] Mikhail_Bratislav befejezte a boltrablást, 2-n maradtak, 2-n kezdték
[09:27:28] Mikhail_Bratislav rabolt 2 emberrel, összeg: 148515Ft
[09:34:50] Hirdetés: Windsont vennék | Hirdetõ: Niki Freeman | Tel: 2-806-313 [09:34]
[09:35:43] George_B_Hollywood LOGINkórház jail ideje: 79 mp
[09:38:03] [kredit][29]Siska_Finuccsi kapott 1 bónusz kreditet (játszott óra)
[09:40:36] Daniel_Sedin LOGINkórház jail ideje: 90 mp
[09:41:00] [BOLTRABLÁS] Damien_Q_Carcassone boltot rabol, összesen 3-n vannak
[09:41:15] [kredit][35]Darius_N_Ortega kapott 1 bónusz kreditet (játszott óra)
[09:42:04] [BOLTRABLÁS] Damien_Q_Carcassone befejezte a boltrablást, 3-n maradtak, 3-n kezdték
[09:42:04] Damien_Q_Carcassone rabolt 3 emberrel, összeg: 330074Ft
[09:42:19] [kredit][23]Mate_Richard kapott 1 bónusz kreditet (játszott óra)
[09:43:55] [kredit][25]Jimmy_Doherty kapott 1 bónusz kreditet (játszott óra)
[09:45:32] [kredit][31]Damien_Q_Carcassone kapott 1 bónusz kreditet (játszott óra)
[09:51:24] [BOLTRABLÁS] Matthew_Queen boltot rabol, összesen 3-n vannak
[09:51:28] Hirdetés: Összetört a kocsija? Jöljön és szerelje meg! Olcsó szerelés LS szerelõtelepen | Hirdetõ: Darius N Ortega | Tel: 8-878-070 [09:51]
[09:52:19] Hirdetés: Fullos Huntley eladó 16 millió, alkúképes | Hirdetõ: Jack Thomson | Tel: 3-379-886 [09:52]
[09:52:28] [BOLTRABLÁS] Matthew_Queen befejezte a boltrablást, 3-n maradtak, 3-n kezdték
[09:52:28] Matthew_Queen rabolt 3 emberrel, összeg: 330074Ft
[09:53:20] Hirdetés: Motort vásárolnék! Árat, márkát írjanak! | Hirdetõ: Toth Martin | Tel: 2-877-703 [09:53]
[09:55:08] Damien_Q_Carcassone kórház jail ideje: 810 mp
[09:55:08] Mikhail_Bratislav kórház jail ideje: 209 mp
[09:57:22] [kredit][38]Matthew_Queen kapott 1 bónusz kreditet (játszott óra)
[10:01:07] [kredit][17]George_B_Hollywood kapott 1 bónusz kreditet (játszott óra)
[10:01:15] Hirdetés: illegális 10k mati eladó   | Hirdetõ: Mate Richard | Tel: 5-292-994 [10:01]
[10:01:39] [kredit][46]Mikhail_Bratislav kapott 1 bónusz kreditet (játszott óra)
[10:03:48] [kredit][39]Alan_Black kapott 1 bónusz kreditet (játszott óra)
[10:03:48] [kredit][43]Rick_Aciano kapott 1 bónusz kreditet (játszott óra)
[10:04:53] [kredit][21]Paul_Escobar kapott 1 bónusz kreditet (játszott óra)
[10:04:53] [kredit][49]Nelson_Washington kapott 1 bónusz kreditet (játszott óra)
[10:07:35] [kredit][27]Daryl_Aciano kapott 1 bónusz kreditet (játszott óra)
[10:09:36] [BOLTRABLÁS] Thomas_Berzerk boltot rabol, összesen 2-n vannak
[10:10:17] [kredit][37]Vlad_D_Dueno kapott 1 bónusz kreditet (játszott óra)
[10:10:39] [BOLTRABLÁS] Thomas_Berzerk befejezte a boltrablást, 2-n maradtak, 2-n kezdték
[10:10:39] Thomas_Berzerk rabolt 2 emberrel, összeg: 148515Ft
[10:11:53] [kredit][36]Stefan_Aciano kapott 1 bónusz kreditet (játszott óra)
[10:12:27] [kredit][50]Kazuyoshi_Akira kapott 1 bónusz kreditet (játszott óra)
[10:12:57] Anderson_Khalifa kórház jail ideje: 89 mp
[10:13:16] Paul_D_Cortez kórház jail ideje: 210 mp
[10:13:48] Horvath_Adrian kórház jail ideje: 90 mp
[10:14:19] Hirdetés: Hívja a szerelõket!((/service mechanic)) | Hirdetõ: Kazuyoshi Akira | Tel: 5-031-040 [10:14]
[10:14:51] Hirdetés: Maverick érdekel! | Hirdetõ: Bryan B Hollywood | Tel: 1-873-478 [10:14]
[10:16:11] [kredit][34]Costa_Miles kapott 1 bónusz kreditet (játszott óra)
[10:16:46] [BOLTRABLÁS] Thomas_Berzerk boltot rabol, összesen 4-n vannak
[10:17:15] =====[ Játékos bejelentés érkezett ]=====
[10:17:15] Elkövetõ: [21]Paul_Escobar | Bejelentõ: [49]Nelson_Washington
[10:17:15] Tett: {FFFF00}4 csipa hitet kap, plusz 1 tár m4-et
[10:17:49] [BOLTRABLÁS] Thomas_Berzerk befejezte a boltrablást, 4-n maradtak, 4-n kezdték
[10:17:49] Thomas_Berzerk rabolt 4 emberrel, összeg: 576923Ft
[10:17:55] Hirdetés: Groovi házam cserélem GNIre ráfizetek | Hirdetõ: Vlad D Dueno | Tel: 6-338-331 [10:17]
[10:19:22] [kredit][18]Jason_Gravano kapott 1 bónusz kreditet (játszott óra)
[10:19:22] [kredit][48]Keny_Eastwood kapott 1 bónusz kreditet (játszott óra)
[10:20:27] [kredit][24]Pablo_S_Carcassone kapott 1 bónusz kreditet (játszott óra)
[10:22:57] Hirdetés: Shamal, Maverick érdekel! | Hirdetõ: Bryan B Hollywood | Tel: 1-873-478 [10:22]
[10:24:13] [kredit][28]Paul_D_Cortez kapott 1 bónusz kreditet (játszott óra)
[10:25:50] [kredit][40]Szabo_Balazs kapott 1 bónusz kreditet (játszott óra)
[10:26:05] Nadasi_Gyorgy kórház jail ideje: 89 mp
[10:26:22] [kredit][36]Dan_B_Hollywood kapott 1 bónusz kreditet (játszott óra)
[10:27:10] Hirdetés: Oktatót keresek! | Hirdetõ: George B Hollywood | Tel: 3-538-772 [10:27]
[10:27:27] << Jason_Gravano kikapcsolta a mûsornevek használatát >>
[10:29:03] [kredit][24]Thomas_Davis kapott 1 bónusz kreditet (játszott óra)
[10:29:12] Steve_Sanchez kórház jail ideje: 210 mp
[10:29:20] Hirdetés: Oktatót keresek!(Fegyver engedély) | Hirdetõ: George B Hollywood | Tel: 3-538-772 [10:29]
[10:29:35] [kredit][19]Horvath_Adrian kapott 1 bónusz kreditet (játszott óra)
[10:29:35] [kredit][26]James_Aciano kapott 1 bónusz kreditet (játszott óra)
[10:29:39] << Jason_Gravano megváltoztatta a mûsornevet erre: Hirdetések >>
[10:30:29] Oberth_Andras LOGINkórház jail ideje: 363 mp
[10:31:43] [kredit][22]Joker_Travin kapott 1 bónusz kreditet (játszott óra)
[10:33:19] [kredit][30]Cody_Aciano kapott 1 bónusz kreditet (játszott óra)
[10:36:07] << Jason_Gravano kikapcsolta a mûsornevek használatát >>
[10:37:54] Hirdetés: Arany eladó! | Hirdetõ: Bryan B Hollywood | Tel: 1-873-478 [10:37]
[10:38:22] [/csere ház1] - Vlad_D_Dueno(83) cserélt Nico_Butler(11) -el házat.
[10:39:45] [kredit][44]Nadasi_Gyorgy kapott 1 bónusz kreditet (játszott óra)
[10:40:26] Hirdetés: Hívja a szerelõket!((/service mechanic)) | Hirdetõ: Kazuyoshi Akira | Tel: 5-031-040 [10:40]
[10:41:19] Hirdetés: Arany eladó! | Hirdetõ: Bryan B Hollywood | Tel: 1-873-478 [10:41]
[10:41:46] [/ram] Nelson_Washington - 42-s ház
[10:41:47] [/ram] Dan_B_Hollywood - 42-s ház
[10:41:54] [kredit][39]Norbert_N_Ortega kapott 1 bónusz kreditet (játszott óra)
[10:43:21] Tomas_Pablo kórház jail ideje: 89 mp
[10:43:30] [kredit][23]Tom_Torres kapott 1 bónusz kreditet (játszott óra)
[10:45:07] [kredit][20]John_Salivan kapott 1 bónusz kreditet (játszott óra)
[10:47:51] Hirdetés: Savannát cserélek | Hirdetõ: Darius N Ortega | Tel: 8-878-070 [10:47]
[10:48:20] [kredit][41]Jackob_Shirton kapott 1 bónusz kreditet (játszott óra)
[10:49:24] [kredit][45]Steve_Sanchez kapott 1 bónusz kreditet (játszott óra)
[10:49:56] [kredit][54]Charlie_Leanders kapott 1 bónusz kreditet (játszott óra)
[10:52:22] Hirdetés: Autot vennék | Hirdetõ: Calvin C Broadus | Tel: 8-248-782 [10:52]
[10:52:38] [kredit][25]Mate_Richard kapott 1 bónusz kreditet (játszott óra)
[10:53:42] [kredit][16]Bryan_B_Hollywood kapott 1 bónusz kreditet (játszott óra)
[10:55:20] [kredit][32]David_Toretto kapott 1 bónusz kreditet (játszott óra)
[10:55:50] Hirdetés: Savannát cserélem | Hirdetõ: Darius N Ortega | Tel: 8-878-070 [10:55]
[10:57:24] =====[ Játékos bejelentés érkezett ]=====
[10:57:24] Elkövetõ: [54]Charlie_Leanders | Bejelentõ: [49]Nelson_Washington
[10:57:24] Tett: {FFFF00}NonRP
[10:57:30] [kredit][33]CarloS_D_Garcia kapott 1 bónusz kreditet (játszott óra)
[10:58:09] Hirdetés: Ejtõernyõt veszek 100 ezer forintért. | Hirdetõ: Paul D Cortez | Tel: 1-121-591 [10:58]
[11:01:09] Hirdetés: Autot vennék | Hirdetõ: Calvin C Broadus | Tel: 8-248-782 [11:01]
[11:01:50] [kredit][38]Matthew_Queen kapott 1 bónusz kreditet (játszott óra)
[11:02:13] Hirdetés: Autot vennék | Hirdetõ: Calvin C Broadus | Tel: 8-248-782 [11:02]
[11:04:00] [kredit][35]Oberth_Andras kapott 1 bónusz kreditet (játszott óra)
[11:04:39] Mate_Richard kórház jail ideje: 90 mp
[11:05:36] [kredit][17]George_B_Hollywood kapott 1 bónusz kreditet (játszott óra)
[11:06:06] Hirdetés: Savannát cserélem | Hirdetõ: Darius N Ortega | Tel: 8-878-070 [11:06]
[11:08:15] Shawn_R_Wilson LOGINkórház jail ideje: 89 mp
[11:08:18] [kredit][43]Rick_Aciano kapott 1 bónusz kreditet (játszott óra)
[11:09:22] [kredit][49]Nelson_Washington kapott 1 bónusz kreditet (játszott óra)
[11:10:26] [kredit][34]Atsuya_D_Freeman kapott 1 bónusz kreditet (játszott óra)
[11:11:30] [kredit][32]Mester_Csaba kapott 1 bónusz kreditet (játszott óra)
[11:11:31] Hirdetés: Házat vennék | Hirdetõ: Charlie Harper | Tel: 8-049-072 [11:11]
[11:14:12] [kredit][33]John_F_Scott kapott 1 bónusz kreditet (játszott óra)
[11:14:44] [kredit][37]Vlad_D_Dueno kapott 1 bónusz kreditet (játszott óra)
[11:16:52] [kredit][50]Kazuyoshi_Akira kapott 1 bónusz kreditet (játszott óra)
[11:23:51] [kredit][48]Keny_Eastwood kapott 1 bónusz kreditet (játszott óra)
[11:28:43] [kredit][28]Paul_D_Cortez kapott 1 bónusz kreditet (játszott óra)
[11:29:15] [kredit][56]Kerim_Yilmaz kapott 1 bónusz kreditet (játszott óra)
[11:29:47] [kredit][57]Bob_Kleiner kapott 1 bónusz kreditet (játszott óra)
[11:30:20] [kredit][40]Szabo_Balazs kapott 1 bónusz kreditet (játszott óra)
[11:30:53] [kredit][36]Dan_B_Hollywood kapott 1 bónusz kreditet (játszott óra)
[11:31:26] [kredit][18]Darius_N_Ortega kapott 1 bónusz kreditet (játszott óra)
[11:31:58] [kredit][55]Gildo_Palermo kapott 1 bónusz kreditet (játszott óra)
[11:32:39] Cody_Aciano kórház jail ideje: 90 mp
[11:33:36] [kredit][26]Johnson_Kenway kapott 1 bónusz kreditet (játszott óra)
[11:33:52] Kerim_Yilmaz kórház jail ideje: 90 mp
[11:34:00] Oberth_Andras kórház jail ideje: 90 mp
[11:34:08] [kredit][24]Thomas_Davis kapott 1 bónusz kreditet (játszott óra)
[11:35:57] Hirdetés: Manana Eladó | Hirdetõ: Szekely Klara | Tel: 9-482-278 [11:35]
[11:36:18] [kredit][30]Erik_Wheeler kapott 1 bónusz kreditet (játszott óra)
[11:36:48] Hirdetés: Manana Eladó | Hirdetõ: Szekely Klara | Tel: 9-482-278 [11:36]
[11:36:51] [kredit][27]Oze_Roland kapott 1 bónusz kreditet (játszott óra)
[11:37:56] [kredit][38]Joker_Travin kapott 1 bónusz kreditet (játszott óra)
[11:38:03] Adele_Scaletta kórház jail ideje: 90 mp
[11:41:45] [kredit][53]Adele_Scaletta kapott 1 bónusz kreditet (játszott óra)
[11:42:50] [kredit][19]Earl_Wheeler kapott 1 bónusz kreditet (játszott óra)
[11:43:55] [kredit][41]Keny_Da_Silva kapott 1 bónusz kreditet (játszott óra)
[11:44:28] [kredit][42]Toth_Martin kapott 1 bónusz kreditet (játszott óra)
[11:45:00] [kredit][58]Damien_Q_Carcassone kapott 1 bónusz kreditet (játszott óra)
[11:46:05] [kredit][46]Steve_Gable kapott 1 bónusz kreditet (játszott óra)
[11:46:38] [kredit][51]Charlie_Harper kapott 1 bónusz kreditet (játszott óra)
[11:46:52] Hirdetés: Jármûvet vennék! | Hirdetõ: Levy B Hollywood | Tel: 1-755-115 [11:46]
[11:48:15] [kredit][62]Levy_B_Hollywood kapott 1 bónusz kreditet (játszott óra)
[11:48:48] [kredit][20]Szekely_Klara kapott 1 bónusz kreditet (játszott óra)
[11:49:01] Earl_Wheeler kórház jail ideje: 90 mp
[11:49:17] Erik_Wheeler kórház jail ideje: 210 mp
[11:49:49] Tom_Torres LOGINkórház jail ideje: 90 mp
[11:49:54] Bent_Washington LOGINkórház jail ideje: 913 mp
[11:50:27] [kredit][32]Tom_Torres kapott 1 bónusz kreditet (játszott óra)
[11:50:27] [kredit][35]Ryder_B_Dueno kapott 1 bónusz kreditet (játszott óra)
[11:51:32] [kredit][39]Alan_Black kapott 1 bónusz kreditet (játszott óra)
[11:51:57] Dave_R_Vincenzo kórház jail ideje: 90 mp
[11:54:16] [kredit][45]Steve_Sanchez kapott 1 bónusz kreditet (játszott óra)
[11:55:21] [kredit][52]Carlos_D_Surenos kapott 1 bónusz kreditet (játszott óra)
[11:56:59] [kredit][63]Ray_Washington kapott 1 bónusz kreditet (játszott óra)
[12:01:20] [kredit][18]Leone_S_Tomasso kapott 1 bónusz kreditet (játszott óra)
[12:01:20] [kredit][56]Jack_Thomson kapott 1 bónusz kreditet (játszott óra)
[12:03:26] [/alair kocsi] - Toth_Martin vett Szekely_Klara -tõl egy Manana típusú jármûvet. 165 v-s rendszám, 4,200,000 Ft-ért
[12:04:02] [kredit][43]Zsori_Sandor kapott 1 bónusz kreditet (játszott óra)
[12:05:07] [kredit][37]Norbert_N_Ortega kapott 1 bónusz kreditet (játszott óra)
[12:06:12] [kredit][19]Zack_B_Zecchin kapott 1 bónusz kreditet (játszott óra)
[12:07:24] Hirdetés: Stallion eladó Olcsón | Hirdetõ: Alan Black | Tel: 1-380-524 [12:07]
[12:08:20] [kredit][60]Henry_Thomasino kapott 1 bónusz kreditet (játszott óra)
[12:08:47] [/ram] Dan_B_Hollywood - 302-s ház
[12:08:47] [/ram] Costa_Miles - 302-s ház
[12:08:48] [/ram] Levy_B_Hollywood - 302-s ház
[12:08:48] [/ram] Akos_Vincenzo - 302-s ház
[12:08:53] [kredit][28]Jefferson_B_Black kapott 1 bónusz kreditet (játszott óra)
[12:09:32] Bob_Kleiner kórház jail ideje: 90 mp
[12:09:57] [kredit][47]Tom_D_Wayne kapott 1 bónusz kreditet (játszott óra)
[12:10:40] [kredit][21]Valor_Colin beváltott 10 kreditet 50g kokainért
[12:10:51] Hirdetés: Stallion Eladó olcsón | Hirdetõ: Oze Roland | Tel: 7-078-957 [12:10]
[12:11:35] [kredit][22]Costa_Miles kapott 1 bónusz kreditet (játszott óra)
[12:12:34] Hirdetés: Kocsit veszek | Hirdetõ: Ignacio D Freeman | Tel: 6-050-565 [12:12]
[12:13:33] Bent_Washington LOGINkórház jail ideje: 823 mp
[12:13:45] =====[ Játékos bejelentés érkezett ]=====
[12:13:45] Elkövetõ: [52]Szekely_Klara | Bejelentõ: [43]Zsori_Sandor
[12:13:45] Tett: {FFFF00}tolja a kocsit ...
[12:14:18] [kredit][42]George_B_Hollywood kapott 1 bónusz kreditet (játszott óra)
[12:14:48] Hirdetés: Házat vennél LosSantosban 5 milláért | Hirdetõ: Alan Black | Tel: 1-380-524 [12:14]
[12:15:23] [kredit][20]Nelson_Washington kapott 1 bónusz kreditet (játszott óra)
[12:15:27] Hirdetés: Házat vennék | Hirdetõ: Charlie Harper | Tel: 8-049-072 [12:15]
[12:16:28] [kredit][33]Atsuya_D_Freeman kapott 1 bónusz kreditet (játszott óra)
[12:17:21] Hirdetés: Házat vennél LosSantosban 5 milláért | Hirdetõ: Alan Black | Tel: 1-380-524 [12:17]
[12:17:34] [kredit][25]Jackob_Shirton kapott 1 bónusz kreditet (játszott óra)
[12:18:07] [kredit][26]Silas_Escobar kapott 1 bónusz kreditet (játszott óra)
[12:18:18] Henry_Thomasino kórház jail ideje: 90 mp
[12:18:40] [kredit][65]Szabina_S_White kapott 1 bónusz kreditet (játszott óra)
[12:20:12] Hirdetés: Elegyemet cserélem! | Hirdetõ: Tom Torres | Tel: 6-582-497 [12:20]
[12:20:51] Hirdetés: Fullos Bulletem cserélem Sultanra/Turismora. | Hirdetõ: Levy B Hollywood | Tel: 1-755-115 [12:20]
[12:22:27] [kredit][50]Mester_Csaba kapott 1 bónusz kreditet (játszott óra)
[12:22:57] Hirdetés: Fullos Bulletem cserélem Sultanra/Turismora | Roadtrainom cserélem infernusra. | Hirdetõ: Levy B Hollywood | Tel: 1-755-115 [12:22]
[12:23:07] [/csere kocsi1] - Jack_Thomson(256 - Trailer4) cserélt Albert_Viktor(611 - Trailer3) -el kocsit.
[12:23:50] [BOLTRABLÁS] Vlad_D_Dueno boltot rabol, összesen 2-n vannak
[12:24:55] [BOLTRABLÁS] Vlad_D_Dueno befejezte a boltrablást, 2-n maradtak, 2-n kezdték
[12:24:55] Vlad_D_Dueno rabolt 2 emberrel, összeg: 148515Ft
[12:25:01] Hirdetés: Kocsit veszek | Hirdetõ: Ignacio D Freeman | Tel: 6-050-565 [12:25]
[12:25:08] Vlad_D_Dueno kórház jail ideje: 90 mp
[12:25:43] [kredit][24]Akos_Vincenzo kapott 1 bónusz kreditet (játszott óra)
[12:28:57] [kredit][48]Keny_Eastwood kapott 1 bónusz kreditet (játszott óra)
[12:28:57] [kredit][59]Bart_S_Tomasso kapott 1 bónusz kreditet (játszott óra)
[12:30:02] [kredit][45]Bentner_K_White kapott 1 bónusz kreditet (játszott óra)
[12:32:25] [/ram] Costa_Miles - 112-s ház
[12:32:43] Hirdetés: Fullos Huntley eladó | Hirdetõ: Jack Thomson | Tel: 3-379-886 [12:32]
[12:32:46] [kredit][46]Bryan_B_Hollywood kapott 1 bónusz kreditet (játszott óra)
[12:33:51] [kredit][44]Shura_Sharma kapott 1 bónusz kreditet (játszott óra)
[12:35:33] [/ram] Kevin_L_Saltzman - 112-s ház
[12:39:19] [kredit][55]Mikhail_Bratislav kapott 1 bónusz kreditet (játszott óra)
[12:39:30] Atsuya_D_Freeman kórház jail ideje: 90 mp
[12:39:55] [/csere kocsi1] - Darius_N_Ortega(145 - Taxi) cserélt Tyler_Wish(390 - Tanker) -el kocsit.
[12:40:13] [/alair ppont] - Tyler_Wish vett Darius_N_Ortega -tõl egy ppontott, 500,000 Ft-ért
[12:40:58] [kredit][52]Valor_Colin kapott 1 bónusz kreditet (játszott óra)
[12:41:47] Peter_Keller LOGINkórház jail ideje: 0 mp
[12:42:03] [kredit][27]Oze_Roland kapott 1 bónusz kreditet (játszott óra)
[12:43:11] [kredit][38]Joker_Travin kapott 1 bónusz kreditet (játszott óra)
[12:43:38] Szabo_Balazs kórház jail ideje: 90 mp
[12:43:40] Tom_Torres kórház jail ideje: 90 mp
[12:44:16] [kredit][62]Denny_Toretto kapott 1 bónusz kreditet (játszott óra)
[12:45:21] [kredit][16]Jason_B_Hollywood kapott 1 bónusz kreditet (játszott óra)
[12:45:21] [kredit][41]Tyler_Wish kapott 1 bónusz kreditet (játszott óra)
[12:45:28] Alvilág: M4 combat eladó! | Hirdetõ: Steve J Sorrentino | Tel: 7-050-170 [12:45]
[12:47:01] [kredit][17]Vlad_D_Dueno kapott 1 bónusz kreditet (játszott óra)
[12:47:04] Kerim_Yilmaz kórház jail ideje: 90 mp
[12:47:24] Dave_Stinson kórház jail ideje: 90 mp
[12:48:07] [kredit][32]Darius_N_Ortega kapott 1 bónusz kreditet (játszott óra)
[12:48:40] [kredit][56]Lucio_Zecchin kapott 1 bónusz kreditet (játszott óra)
[12:49:44] Peter_Keller kórház jail ideje: 90 mp
[12:49:58] Cody_Aciano LOGINkórház jail ideje: 79 mp
[12:50:02] Franklin_F_Gates kórház jail ideje: 90 mp
[12:50:20] [kredit][23]Daryl_Aciano kapott 1 bónusz kreditet (játszott óra)
[12:50:20] [kredit][58]Damien_Q_Carcassone kapott 1 bónusz kreditet (játszott óra)
[12:50:37] Alvilág: Fegyver, lõszer eladó | Hirdetõ: Mester Csaba | Tel: 3-513-305 [12:50]
[12:54:06] Hirdetés: Shamal cserélhetõ! | Hirdetõ: Steve J Sorrentino | Tel: 7-050-170 [12:54]
[12:54:10] [kredit][31]Ignacio_D_Freeman kapott 1 bónusz kreditet (játszott óra)
[12:54:41] Carlos_D_Surenos kórház jail ideje: 570 mp
[12:54:46] Lucio_Zecchin kórház jail ideje: 270 mp
[12:55:17] [kredit][28]Pablo_S_Carcassone kapott 1 bónusz kreditet (játszott óra)
[12:55:50] [kredit][19]Cody_Aciano kapott 1 bónusz kreditet (játszott óra)
[12:56:55] [kredit][39]Alan_Black kapott 1 bónusz kreditet (játszott óra)
[12:58:01] [kredit][61]Daniel_Sedin kapott 1 bónusz kreditet (játszott óra)
[12:58:01] [kredit][66]Bitsch_M_Walker kapott 1 bónusz kreditet (játszott óra)
[12:59:06] [kredit][67]Kevin_L_Saltzman kapott 1 bónusz kreditet (játszott óra)
[12:59:38] [kredit][57]Joe_Wheeler kapott 1 bónusz kreditet (játszott óra)
[13:00:04] Valentin_B_Smith LOGINkórház jail ideje: 90 mp
[13:01:49] [kredit][82]Banyanszki_Martin kapott 1 bónusz kreditet (játszott óra)
[13:02:02] Natalia_Inferno kórház jail ideje: 87 mp
[13:02:22] [kredit][29]Matthew_Queen kapott 1 bónusz kreditet (játszott óra)
[13:02:22] [kredit][46]Kiraly_Viktor kapott 1 bónusz kreditet (játszott óra)
[13:02:22] [kredit][73]Horvath_Adrian kapott 1 bónusz kreditet (játszott óra)
[13:02:57] Natalia_Inferno LOGINkórház jail ideje: 66 mp
[13:03:24] Ray_Washington kórház jail ideje: 90 mp
[13:04:07] =====[ Játékos bejelentés érkezett ]=====
[13:04:07] Elkövetõ: [74]Kevin_Whers | Bejelentõ: [82]Banyanszki_Martin
[13:04:07] Tett: {FFFF00}vezetem a kocsit és elkezdi ütni (lvl 1)
[13:04:21] [BOLTRABLÁS] Daniel_Sedin boltot rabol, összesen 1-n vannak
[13:05:06] [kredit][42]Steve_Sanchez kapott 1 bónusz kreditet (játszott óra)
[13:05:26] [BOLTRABLÁS] Daniel_Sedin befejezte a boltrablást, 1-n maradtak, 1-n kezdték
[13:05:26] Daniel_Sedin rabolt 1 emberrel, összeg: 37406Ft
[13:05:39] [kredit][21]Tom_Mulex kapott 1 bónusz kreditet (játszott óra)
[13:05:41] Zsori_Sandor kórház jail ideje: 269 mp
[13:07:23] Ignacio_D_Freeman kórház jail ideje: 210 mp
[13:07:24] Alvilág: Ak,M4,Combat lõszert vennék | Hirdetõ: Vlad D Dueno | Tel: 6-338-331 [13:07]
[13:07:44] Atsuya_D_Freeman kórház jail ideje: 450 mp
[13:08:18] Hirdetés: Házat vennék | Hirdetõ: Alan Black | Tel: 1-380-524 [13:08]
[13:09:31] [kredit][43]Zsori_Sandor kapott 1 bónusz kreditet (játszott óra)
[13:10:37] [kredit][36]Mate_Richard kapott 1 bónusz kreditet (játszott óra)
[13:10:37] [kredit][37]Norbert_N_Ortega kapott 1 bónusz kreditet (játszott óra)
[13:10:37] [kredit][65]David_Aciano kapott 1 bónusz kreditet (játszott óra)
[13:10:37] [kredit][75]Siska_Finuccsi kapott 1 bónusz kreditet (játszott óra)
[13:11:10] [kredit][63]Freddie_B_Scaletta kapott 1 bónusz kreditet (játszott óra)
[13:12:16] [kredit][34]Jack_Thomson kapott 1 bónusz kreditet (játszott óra)
[13:12:20] Norbert_N_Ortega kórház jail ideje: 89 mp
[13:13:37] Hirdetés: Házat veszek | Hirdetõ: Alan Black | Tel: 1-380-524 [13:13]
[13:14:29] [kredit][19]Toth_Imre kapott 1 bónusz kreditet (játszott óra)
[13:14:29] [kredit][64]Michael_W_Rumolov kapott 1 bónusz kreditet (játszott óra)
[13:15:03] [kredit][22]Johnny_Wheeler kapott 1 bónusz kreditet (játszott óra)
[13:15:36] [kredit][47]Tom_D_Wayne kapott 1 bónusz kreditet (játszott óra)
[13:16:41] [kredit][69]Henry_Thomasino kapott 1 bónusz kreditet (játszott óra)
[13:17:47] [kredit][54]Costa_Miles kapott 1 bónusz kreditet (játszott óra)
[13:18:25] Hirdetés: Infernusomat cserélem! | Hirdetõ: Lucas Giovanni | Tel: 6-718-987 [13:18]
[13:21:01] [kredit][80]Kevin_S_Tomasso kapott 1 bónusz kreditet (játszott óra)
[13:21:27] [kredit][35]Zero_Hopkins beváltott 10 kreditet 50g kokainért
[13:23:10] [kredit][25]Jackob_Shirton kapott 1 bónusz kreditet (játszott óra)
[13:23:10] [kredit][33]Atsuya_D_Freeman kapott 1 bónusz kreditet (játszott óra)
[13:23:10] [kredit][40]Szabo_Balazs kapott 1 bónusz kreditet (játszott óra)
[13:24:04] Hirdetés: Házat veszek | Hirdetõ: Alan Black | Tel: 1-380-524 [13:24]
[13:24:44] Hirdetés: Olcsó házat vennék LS-be | Hirdetõ: Alex Nobel | Tel: 1-772-412 [13:24]
[13:25:22] [kredit][48]Akos_B_Gates kapott 1 bónusz kreditet (játszott óra)
[13:25:54] [kredit][47]Taylor_Bence kapott 1 bónusz kreditet (játszott óra)
[13:26:37] Damien_Q_Carcassone kórház jail ideje: 390 mp
[13:26:42] Mikhail_Bratislav kórház jail ideje: 90 mp
[13:26:43] Matthew_Queen kórház jail ideje: 89 mp
[13:26:44] Pablo_S_Carcassone kórház jail ideje: 570 mp
[13:28:05] [kredit][50]Mester_Csaba kapott 1 bónusz kreditet (játszott óra)
[13:29:11] [kredit][30]Natalia_Inferno kapott 1 bónusz kreditet (játszott óra)
[13:29:44] [kredit][77]Dom_Wheeler kapott 1 bónusz kreditet (játszott óra)
[13:30:17] [kredit][53]Daniel_Davis kapott 1 bónusz kreditet (játszott óra)
[13:30:49] [kredit][18]Ryder_B_Dueno kapott 1 bónusz kreditet (játszott óra)
[13:31:21] [kredit][70]Leone_S_Tomasso kapott 1 bónusz kreditet (játszott óra)
[13:31:21] [kredit][78]Silas_Escobar kapott 1 bónusz kreditet (játszott óra)
[13:35:10] [kredit][28]Billy_Hithcock kapott 1 bónusz kreditet (játszott óra)
[13:36:34] Alvilág: Emberrob veszi kezdetét!((IRC 99)) | Hirdetõ: Dom Wheeler | Tel: 9-885-314 [13:36]
[13:37:27] Alvilág: Emberrob veszi kezdetét!((IRC 99)) | Hirdetõ: Dom Wheeler | Tel: 9-885-314 [13:37]
[13:37:52] [kredit][21]Stefan_Aciano kapott 1 bónusz kreditet (játszott óra)
[13:38:27] Alvilág: Emberrob veszi kezdetét!((IRC 99)) | Hirdetõ: Dom Wheeler | Tel: 9-885-314 [13:38]
[13:39:32] [kredit][44]Shura_Sharma kapott 1 bónusz kreditet (játszott óra)
[13:43:21] Alvilág: Emberrob veszi kezdetét!((irc99)) | Hirdetõ: Dom Wheeler | Tel: 9-885-314 [13:43]
[13:44:20] Hirdetés: Manana gépjármûvem eladó! További részletekért hívjon. | Hirdetõ: Toth Martin | Tel: 2-877-703 [13:44]
[13:46:05] [kredit][56]Marcel_B_Hollywood kapott 1 bónusz kreditet (játszott óra)
[13:46:37] [kredit][52]Valor_Colin kapott 1 bónusz kreditet (játszott óra)
[13:48:49] [kredit][26]John_Kelin kapott 1 bónusz kreditet (játszott óra)
[13:48:49] [kredit][38]Joker_Travin kapott 1 bónusz kreditet (játszott óra)
[13:49:53] [kredit][17]Szabina_S_White kapott 1 bónusz kreditet (játszott óra)
[13:49:53] [kredit][49]Mateusz_M_Walker kapott 1 bónusz kreditet (játszott óra)
[13:52:02] [kredit][64]Rick_Aciano kapott 1 bónusz kreditet (játszott óra)
[13:52:36] [kredit][60]Paul_D_Cortez kapott 1 bónusz kreditet (játszott óra)
[13:52:52] << Jason_Gravano megváltoztatta a mûsornevet erre: Hirdetések >>
[13:53:41] [kredit][58]Paul_Oliver kapott 1 bónusz kreditet (játszott óra)
[13:55:55] Dominic_Vincenzo LOGINkórház jail ideje: 28 mp
[13:57:28] [kredit][29]Kerim_Yilmaz kapott 1 bónusz kreditet (játszott óra)
[13:57:32] Hirdetés: Fullos flash elado/csere! | Hirdetõ: Spike Wheeler | Tel: 8-247-270 [13:57]
[13:58:42] << Jason_Gravano kikapcsolta a mûsornevek használatát >>
[14:00:11] [kredit][62]Steve_J_Sorrentino kapott 1 bónusz kreditet (játszott óra)
[14:00:44] [kredit][39]Krisztofer_Vincenzo kapott 1 bónusz kreditet (játszott óra)
[14:00:44] [kredit][59]Ignacio_D_Freeman kapott 1 bónusz kreditet (játszott óra)
[14:00:53] Pablo_S_Carcassone LOGINkórház jail ideje: 465 mp
[14:01:49] [kredit][51]Toth_Martin kapott 1 bónusz kreditet (játszott óra)
[14:02:55] [kredit][16]Connor_O_Neill kapott 1 bónusz kreditet (játszott óra)
[14:04:01] [kredit][40]David_Sorrentino kapott 1 bónusz kreditet (játszott óra)
[14:04:34] [kredit][25]Lily_Miles kapott 1 bónusz kreditet (játszott óra)
[14:05:42] Damien_Q_Carcassone LOGINkórház jail ideje: 279 mp
[14:05:59] << Jason_Gravano megváltoztatta a mûsornevet erre: Kívánságkosár >>
[14:07:50] [kredit][61]Spike_Wheeler kapott 1 bónusz kreditet (játszott óra)
[14:08:23] [kredit][20]Banyanszki_Martin kapott 1 bónusz kreditet (játszott óra)
[14:08:23] [kredit][32]Horvath_Adrian kapott 1 bónusz kreditet (játszott óra)
[14:08:56] [kredit][46]Kiraly_Viktor kapott 1 bónusz kreditet (játszott óra)
[14:09:44] Hirdetés: Jármûvet vennék | Hirdetõ: Jack Thomson | Tel: 3-379-886 [14:09]
[14:10:02] [kredit][18]Keny_Eastwood kapott 1 bónusz kreditet (játszott óra)
[14:10:35] [kredit][42]Steve_Sanchez kapott 1 bónusz kreditet (játszott óra)
[14:13:26] Alvilág: Shamal bérelhetõ! | Hirdetõ: Steve J Sorrentino | Tel: 7-050-170 [14:13]
[14:13:35] Hirdetés: Shamal bérelhetõ! | Hirdetõ: Steve J Sorrentino | Tel: 7-050-170 [14:13]
[14:13:53] [kredit][45]Peter_O_Martinez kapott 1 bónusz kreditet (játszott óra)
[14:14:32] [kredit][59]Ignacio_D_Freeman beváltott 10 kreditet -1 perc börtönidõért
[14:14:35] [kredit][59]Ignacio_D_Freeman beváltott 10 kreditet -1 perc börtönidõért
[14:14:48] Hirdetés: 9-es benzinkút eladó! | Hirdetõ: Nelson Washington | Tel: 3-696-216 [14:14]
[14:14:59] [kredit][43]Zsori_Sandor kapott 1 bónusz kreditet (játszott óra)
[14:15:33] [kredit][32]Nick_R_Wilson kapott 1 bónusz kreditet (játszott óra)
[14:15:48] Carlos_D_Surenos kórház jail ideje: 90 mp
[14:16:22] Hirdetés: Aranyat vennék jó áron! | Hirdetõ: Krisztofer Vincenzo | Tel: 3-384-774 [14:16]
[14:16:39] [kredit][36]Mate_Richard kapott 1 bónusz kreditet (játszott óra)
[14:17:04] Hirdetés: Aranyrudat vennék | Hirdetõ: Marcel B Hollywood | Tel: 1-084-448 [14:17]
[14:17:12] [kredit][24]Norbert_N_Ortega kapott 1 bónusz kreditet (játszott óra)
[14:17:39] Hirdetés: Aranyat vennék | Hirdetõ: Leone S Tomasso | Tel: 2-823-332 [14:17]
[14:17:45] [kredit][34]Jack_Thomson kapott 1 bónusz kreditet (játszott óra)
[14:18:51] [kredit][64]Bitsch_M_Walker kapott 1 bónusz kreditet (játszott óra)
[14:20:30] [kredit][69]Thomas_Berzerk kapott 1 bónusz kreditet (játszott óra)
[14:21:05] Hirdetés: Házat vennék! | Hirdetõ: Pablo S Carcassone | Tel: 6-666-826 [14:21]
[14:22:09] [kredit][37]John_Salivan kapott 1 bónusz kreditet (játszott óra)
[14:22:38] Hirdetés: Aranyrudat vennék | Hirdetõ: Marcel B Hollywood | Tel: 1-084-448 [14:22]
[14:22:42] [kredit][27]Jason_Gravano kapott 1 bónusz kreditet (játszott óra)
[14:23:15] [kredit][54]Costa_Miles kapott 1 bónusz kreditet (játszott óra)
[14:23:38] Milinte_Brasco kórház jail ideje: 90 mp
[14:23:48] [kredit][16]Nelson_Washington kapott 1 bónusz kreditet (játszott óra)
[14:23:49] Zsori_Sandor kórház jail ideje: 270 mp
[14:24:02] Stefan_D_Zecchin kórház jail ideje: 90 mp
[14:24:23] Doboska_Endre kórház jail ideje: 90 mp
[14:25:27] [kredit][71]Siska_Finuccsi kapott 1 bónusz kreditet (játszott óra)
[14:26:15] Oberth_Andras LOGINkórház jail ideje: 34 mp
[14:26:33] [kredit][28]Dominic_Vincenzo kapott 1 bónusz kreditet (játszott óra)
[14:27:06] [kredit][22]Daryl_Aciano kapott 1 bónusz kreditet (játszott óra)
[14:28:45] [kredit][33]Atsuya_D_Freeman kapott 1 bónusz kreditet (játszott óra)
[14:30:56] [kredit][48]Akos_B_Gates kapott 1 bónusz kreditet (játszott óra)
[14:33:06] [kredit][38]Pablo_S_Carcassone kapott 1 bónusz kreditet (játszott óra)
[14:33:06] [kredit][41]Damien_Q_Carcassone kapott 1 bónusz kreditet (játszott óra)
[14:34:12] [kredit][46]Thomas_George kapott 1 bónusz kreditet (játszott óra)
[14:35:50] [kredit][53]Daniel_Davis kapott 1 bónusz kreditet (játszott óra)
[14:36:22] [kredit][29]Darthy_M_Stillenacht kapott 1 bónusz kreditet (játszott óra)
[14:36:36] Dobos_Roland kórház jail ideje: 269 mp
[14:39:27] [kredit][62]Steve_J_Sorrentino beváltott 10 kreditet +0.000200% kamatra 15 fizetésig
[14:41:50] [kredit][17]Oliver_Hizrics kapott 1 bónusz kreditet (játszott óra)
[14:43:29] [kredit][21]Stefan_Aciano kapott 1 bónusz kreditet (játszott óra)
[14:43:29] [kredit][55]Jimmy_Doherty kapott 1 bónusz kreditet (játszott óra)
[14:44:34] [kredit][20]Bentner_K_White kapott 1 bónusz kreditet (játszott óra)
[14:47:16] [kredit][32]Steve_Gable kapott 1 bónusz kreditet (játszott óra)
[14:48:30] << Jason_Gravano kikapcsolta a mûsornevek használatát >>
[14:48:53] [kredit][67]Matthew_Queen kapott 1 bónusz kreditet (játszott óra)
[14:48:58] Pablo_S_Carcassone kórház jail ideje: 90 mp
[14:49:21] Costa_Miles kórház jail ideje: 90 mp
[14:49:38] Dave_Stinson LOGINkórház jail ideje: 60 mp
[14:50:31] [kredit][50]David_Aciano kapott 1 bónusz kreditet (játszott óra)
[14:51:42] [/alair arany] - Marcel_B_Hollywood vett Steve_J_Sorrentino -tõl egy aranyat, 12,000,000 Ft-ért
[14:52:10] [kredit][52]Valor_Colin kapott 1 bónusz kreditet (játszott óra)
[14:52:19] << Jason_Gravano megváltoztatta a mûsornevet erre: Hirdetések >>
[14:54:23] [kredit][30]Kazuyoshi_Akira kapott 1 bónusz kreditet (játszott óra)
[14:54:55] [kredit][61]Dom_Wheeler beváltott 10 kreditet -1 perc börtönidõért
[14:54:56] [kredit][61]Dom_Wheeler kapott 1 bónusz kreditet (játszott óra)
[14:55:29] [kredit][49]Mateusz_M_Walker kapott 1 bónusz kreditet (játszott óra)
[14:56:17] Steve_J_Sorrentino kórház jail ideje: 390 mp
[14:56:35] [kredit][58]Victor_Jr_Garcia kapott 1 bónusz kreditet (játszott óra)
[14:56:35] [kredit][65]Dave_Stinson kapott 1 bónusz kreditet (játszott óra)
[14:57:19] Valor_Colin kórház jail ideje: 1290 mp
[14:57:41] [kredit][19]Marcel_B_Hollywood kapott 1 bónusz kreditet (játszott óra)
[14:57:41] [kredit][31]Nico_Butler kapott 1 bónusz kreditet (játszott óra)
[14:58:14] [kredit][60]Paul_D_Cortez kapott 1 bónusz kreditet (játszott óra)
[14:59:20] [kredit][68]Blake_Browns kapott 1 bónusz kreditet (játszott óra)
[14:59:31] << Steve_Gable kikapcsolta a mûsornevek használatát >>
[15:02:40] [kredit][34]Carlos_D_Garcia kapott 1 bónusz kreditet (játszott óra)
[15:03:12] [kredit][73]Milinte_Brasco kapott 1 bónusz kreditet (játszott óra)
[15:05:57] [kredit][62]Steve_J_Sorrentino kapott 1 bónusz kreditet (játszott óra)
[15:05:57] [kredit][84]Carlos_D_Surenos kapott 1 bónusz kreditet (játszott óra)
[15:06:30] [kredit][39]Krisztofer_Vincenzo kapott 1 bónusz kreditet (játszott óra)
[15:07:35] [kredit][51]Toth_Martin kapott 1 bónusz kreditet (játszott óra)
[15:07:45] Jim_Aciano LOGINkórház jail ideje: 90 mp
[15:08:40] [kredit][26]Mikhail_Bratislav kapott 1 bónusz kreditet (játszott óra)
[15:08:40] [kredit][49]Sergei_B_Dueno kapott 1 bónusz kreditet (játszott óra)
[15:09:21] Valor_Colin LOGINkórház jail ideje: 701 mp
[15:10:46] Nico_Butler LOGINkórház jail ideje: 90 mp
[15:14:10] [kredit][66]Stefan_D_Zecchin kapott 1 bónusz kreditet (játszott óra)
[15:15:17] [kredit][61]Ernesto_Wheeler kapott 1 bónusz kreditet (játszott óra)
[15:15:50] [kredit][42]Oberth_Andras kapott 1 bónusz kreditet (játszott óra)
[15:16:23] [kredit][18]Keny_Eastwood kapott 1 bónusz kreditet (játszott óra)
[15:16:23] [kredit][52]Freddie_B_Scaletta kapott 1 bónusz kreditet (játszott óra)
[15:16:56] [kredit][24]Henrik_T_Scaletta kapott 1 bónusz kreditet (játszott óra)
[15:16:56] [kredit][31]Ignacio_D_Freeman kapott 1 bónusz kreditet (játszott óra)
[15:17:29] [kredit][55]Tom_Camorra kapott 1 bónusz kreditet (játszott óra)
[15:17:35] Alvilág: Damien Q Carsassione-t várom Jefferson elõtt! | Hirdetõ: John Salivan | Tel: 6-828-189 [15:17]
[15:17:48] Jim_Aciano LOGINkórház jail ideje: 90 mp
[15:18:01] [kredit][53]Denny_Toretto kapott 1 bónusz kreditet (játszott óra)
[15:19:07] [kredit][54]Kevin_S_Tomasso kapott 1 bónusz kreditet (játszott óra)
[15:19:40] [kredit][71]Steve_Sanchez kapott 1 bónusz kreditet (játszott óra)
[15:20:13] [kredit][51]Tom_Zecchin kapott 1 bónusz kreditet (játszott óra)
[15:22:48] =====[ Játékos bejelentés érkezett ]=====
[15:22:48] Elkövetõ: [29]Darthy_M_Stillenacht | Bejelentõ: [60]Toth_Martin
[15:22:48] Tett: {FFFF00}Szépen traffizik, nonrps-sen ül a kerítés mögött, de akkor hogy fényképez?
[15:23:05] Hirdetés: Házat vennék | Hirdetõ: Charlie Harper | Tel: 8-049-072 [15:23]
[15:24:36] [kredit][30]Mark_B_Hollywood kapott 1 bónusz kreditet (játszott óra)
[15:24:36] [kredit][62]Dobos_Roland kapott 1 bónusz kreditet (játszott óra)
[15:25:41] [kredit][57]Mark_Bishop kapott 1 bónusz kreditet (játszott óra)
[15:25:41] [kredit][59]Joker_Travin kapott 1 bónusz kreditet (játszott óra)
[15:25:42] =====[ Játékos bejelentés érkezett ]=====
[15:25:42] Elkövetõ: [29]Darthy_M_Stillenacht | Bejelentõ: [60]Toth_Martin
[15:25:42] Tett: {FFFF00}Szépen traffizik, nonrps-sen ül a kerítés mögött, de akkor hogy fényképez?
[15:25:47] Hirdetés: A Grove Kocsma Pultosokat Keres! Erd.SMS | Hirdetõ: Nico Butler | Tel: 7-488-958 [15:25]
[15:27:11] Don_Sorrentino kórház jail ideje: 90 mp
[15:27:16] Oberth_Andras kórház jail ideje: 90 mp
[15:27:52] [kredit][46]Brandon_Toretto kapott 1 bónusz kreditet (játszott óra)
[15:28:25] [kredit][50]Bent_Washington kapott 1 bónusz kreditet (játszott óra)
[15:28:55] =====[ Játékos bejelentés érkezett ]=====
[15:28:55] Elkövetõ: [29]Darthy_M_Stillenacht | Bejelentõ: [60]Toth_Martin
[15:28:55] Tett: {FFFF00}Szépen traffizik, nonrps-sen ül a kerítés mögött, de akkor hogy fényképez?
[15:32:15] [kredit][36]Jim_Aciano kapott 1 bónusz kreditet (játszott óra)
[15:32:50] Alvilág: Grove Street Family tagokat keres | Hirdetõ: Mark B Hollywood | Tel: 3-061-691 [15:32]
[15:33:23] Alvilág: Grove Street Family tagokat keres | Hirdetõ: Mark B Hollywood | Tel: 3-061-691 [15:33]
[15:33:53] [kredit][21]Yamato_Bosco kapott 1 bónusz kreditet (játszott óra)
[15:34:26] [kredit][61]Daniel_Sedin kapott 1 bónusz kreditet (játszott óra)
[15:35:41] [kredit][61]Daniel_Sedin beváltott 100 kreditet 550000Ftért
[15:35:55] [kredit][61]Daniel_Sedin beváltott 100 kreditet 550000Ftért
[15:36:38] [kredit][48]Akos_B_Gates kapott 1 bónusz kreditet (játszott óra)
[15:37:32] Ray_Washington LOGINkórház jail ideje: 90 mp
[15:37:42] [kredit][39]Szabo_Balazs kapott 1 bónusz kreditet (játszott óra)
[15:38:10] Alvilág: Grove Street Family tagokat keres | Hirdetõ: Mark B Hollywood | Tel: 3-061-691 [15:38]
[15:38:19] Emanuel_Garcia kórház jail ideje: 90 mp
[15:38:46] [kredit][25]Don_Sorrentino kapott 1 bónusz kreditet (játszott óra)
[15:38:50] Alvilág: Grove Street Family tagokat keres | Hirdetõ: Mark B Hollywood | Tel: 3-061-691 [15:38]
[15:39:24] Tom_Washington kórház jail ideje: 329 mp
[15:39:25] Bent_Washington kórház jail ideje: 90 mp
[15:39:25] Hirdetés: Eladó Los Santos-i Házam! Házszám: 62. | Hirdetõ: Toth Martin | Tel: 2-877-703 [15:39]
[15:39:30] Alvilág: Grove Street Family tagokat keres | Hirdetõ: Mark B Hollywood | Tel: 3-061-691 [15:39]
[15:41:56] Dobos_Roland kórház jail ideje: 90 mp
[15:42:01] [kredit][29]Darthy_M_Stillenacht kapott 1 bónusz kreditet (játszott óra)
[15:42:34] [kredit][79]Siska_Finuccsi kapott 1 bónusz kreditet (játszott óra)
[15:42:45] Emanuel_Garcia kórház jail ideje: 90 mp
[15:43:27] Hirdetés: Los Santos-i házam eladó! Házszám: 62 | Hirdetõ: Toth Martin | Tel: 2-877-703 [15:43]
[15:44:13] [kredit][18]Torres_Butler kapott 1 bónusz kreditet (játszott óra)
[15:44:13] [kredit][33]Miroslav_Klose kapott 1 bónusz kreditet (játszott óra)
[15:45:18] [kredit][56]Nelson_Washington kapott 1 bónusz kreditet (játszott óra)
[15:45:51] [kredit][49]Emanuel_Garcia kapott 1 bónusz kreditet (játszott óra)
[15:46:12] Earl_Camorra LOGINkórház jail ideje: 361 mp
[15:46:58] Earl_Camorra LOGINkórház jail ideje: 90 mp
[15:47:30] [kredit][35]Johnson_Kenway kapott 1 bónusz kreditet (játszott óra)
[15:47:30] [kredit][47]Georg_B_Hollywood kapott 1 bónusz kreditet (játszott óra)
[15:47:46] [kredit][25]Don_Sorrentino beváltott 10 kreditet 25g marihuanaért
[15:48:03] [kredit][27]Oliver_Hizrics kapott 1 bónusz kreditet (játszott óra)
[15:48:39] Hirdetés: A Katonaság toborzást tart a városháza földszintjén! | Hirdetõ: Costa Miles | Tel: 7-487-555 [15:48]
[15:48:50] Alvilág: Grove Street Family tagokat keres | Hirdetõ: Mark B Hollywood | Tel: 3-061-691 [15:48]
[15:49:42] [kredit][17]Earl_Camorra kapott 1 bónusz kreditet (játszott óra)
[15:50:15] [kredit][80]Stevy_Camorra kapott 1 bónusz kreditet (játszott óra)
[15:50:48] [kredit][37]Thomas_Davis kapott 1 bónusz kreditet (játszott óra)
[15:50:48] [kredit][70]Thomas_Berzerk kapott 1 bónusz kreditet (játszott óra)
[15:51:53] [kredit][20]Stefan_Aciano kapott 1 bónusz kreditet (játszott óra)
[15:52:36] Hirdetés: A Katonaság toborzást tart a városháza földszintjén! | Hirdetõ: Costa Miles | Tel: 7-487-555 [15:52]
[15:52:59] [kredit][66]Daryl_Aciano kapott 1 bónusz kreditet (játszott óra)
[15:53:14] [/alair ház] - Cseszka_R_Davidson vett Toth_Martin -tõl egy házat 62, 10,000,000 Ft-ért
[15:53:32] [kredit][47]Dave_R_Vincenzo kapott 1 bónusz kreditet (játszott óra)
[15:54:04] [kredit][50]Santos_O_Neill kapott 1 bónusz kreditet (játszott óra)
[15:54:23] Hirdetés: A katonaság toborzást tart a városháza földszintjén! | Hirdetõ: Kevin L Saltzman | Tel: 5-653-506 [15:54]
[15:55:30] Hirdetés: A katonaság toborzást tart a városháza földszintjén! | Hirdetõ: Kevin L Saltzman | Tel: 5-653-506 [15:55]
[15:55:44] [kredit][16]Joe_Wheeler kapott 1 bónusz kreditet (játszott óra)
[15:55:44] [kredit][43]Adele_Scaletta kapott 1 bónusz kreditet (játszott óra)
[15:56:08] Earl_Camorra kórház jail ideje: 90 mp
[15:56:09] Stevy_Camorra kórház jail ideje: 450 mp
[15:56:31] Torres_Butler kórház jail ideje: 750 mp
[15:57:35] Justin_Camorra kórház jail ideje: 390 mp
[15:59:04] Niki_Freeman kórház jail ideje: 870 mp
[15:59:26] [kredit][54]Kevin_S_Tomasso kapott 3 bónusz kreditet (kincs)
[15:59:32] Hirdetés: Házat vásárolnék! Ajánlatokkal írjanak! | Hirdetõ: Toth Martin | Tel: 2-877-703 [15:59]
[16:00:09] [kredit][58]Costa_Miles kapott 1 bónusz kreditet (játszott óra)
[16:00:42] [kredit][60]David_Aciano kapott 1 bónusz kreditet (játszott óra)
[16:01:47] [kredit][68]Kevin_Whers kapott 1 bónusz kreditet (játszott óra)
[16:02:52] [kredit][41]James_Aciano kapott 1 bónusz kreditet (játszott óra)
[16:03:05] Hirdetés: A katonaság toborzást hirdet a városházán! | Hirdetõ: Costa Miles | Tel: 7-487-555 [16:03]
[16:03:58] [kredit][65]Marcel_B_Hollywood kapott 1 bónusz kreditet (játszott óra)
[16:03:58] [kredit][72]Victor_Jr_Garcia kapott 1 bónusz kreditet (játszott óra)
[16:04:30] [kredit][75]Paul_D_Cortez kapott 1 bónusz kreditet (játszott óra)
[16:05:02] [kredit][74]Gregor_L_Camaro kapott 1 bónusz kreditet (játszott óra)
[16:05:41] Torres_Butler LOGINkórház jail ideje: 539 mp
[16:06:15] Alvilág: Matit veszek' | Hirdetõ: Spike Wheeler | Tel: 8-247-270 [16:06]
[16:07:14] [kredit][19]Nick_R_Wilson kapott 1 bónusz kreditet (játszott óra)
[16:08:20] [kredit][40]Horvath_Adrian kapott 1 bónusz kreditet (játszott óra)
[16:08:25] Alvilág: Ak47 és M4 lõszert vennék | Hirdetõ: Cseszka R Davidson | Tel: 4-564-490 [16:08]
[16:09:26] [kredit][77]Blake_Browns kapott 1 bónusz kreditet (játszott óra)
[16:10:14] Alvilág: Materialt vennék! | Hirdetõ: Cseszka R Davidson | Tel: 4-564-490 [16:10]
[16:11:04] [kredit][23]Justin_Camorra kapott 1 bónusz kreditet (játszott óra)
[16:11:04] [kredit][59]Charlie_Harper kapott 1 bónusz kreditet (játszott óra)
[16:11:33] Hirdetés: A katonaság toborzást tart városháza földszintjén! | Hirdetõ: Kevin L Saltzman | Tel: 5-653-506 [16:11]
[16:11:46] Alvilág: Materialt veszek! | Hirdetõ: Spike Wheeler | Tel: 8-247-270 [16:11]
[16:12:56] Alvilág: M4 et veszek! | Hirdetõ: Spike Wheeler | Tel: 8-247-270 [16:12]
[16:13:15] Hirdetés: Arany eladó! | Hirdetõ: Bryan B Hollywood | Tel: 1-873-478 [16:13]
[16:14:09] Hirdetés: A katonaság felvételt tart a városházán! | Hirdetõ: Kevin L Saltzman | Tel: 5-653-506 [16:14]
[16:14:17] Alvilág: M4 et veszek 1 milaba! | Hirdetõ: Spike Wheeler | Tel: 8-247-270 [16:14]
[16:14:54] [kredit][69]Mikhail_Bratislav kapott 1 bónusz kreditet (játszott óra)
[16:15:27] [kredit][28]Krisztofer_Vincenzo kapott 1 bónusz kreditet (játszott óra)
[16:16:00] [kredit][22]Carlos_D_Garcia kapott 1 bónusz kreditet (játszott óra)
[16:17:07] [kredit][36]Toth_Martin kapott 1 bónusz kreditet (játszott óra)
[16:19:20] [kredit][26]Antonn_Fedorov kapott 1 bónusz kreditet (játszott óra)
[16:19:20] [kredit][84]Dom_Wheeler kapott 1 bónusz kreditet (játszott óra)
[16:20:26] [kredit][29]Javier_B_Hollywood kapott 1 bónusz kreditet (játszott óra)
[16:20:26] [kredit][45]Cseszka_R_Davidson kapott 1 bónusz kreditet (játszott óra)
[16:20:26] [kredit][63]Kiraly_Hunor kapott 1 bónusz kreditet (játszott óra)
[16:20:26] [kredit][82]Bryan_B_Hollywood kapott 1 bónusz kreditet (játszott óra)
[16:21:00] [kredit][34]Tyler_Wish kapott 1 bónusz kreditet (játszott óra)
[16:21:33] [kredit][62]Jackob_Shirton kapott 1 bónusz kreditet (játszott óra)
[16:22:07] [kredit][38]Tom_Mulex kapott 1 bónusz kreditet (játszott óra)
[16:22:07] [kredit][52]Freddie_B_Scaletta kapott 1 bónusz kreditet (játszott óra)
[16:22:25] Hirdetés: Arany eladó! | Hirdetõ: Bryan B Hollywood | Tel: 1-873-478 [16:22]
[16:22:39] [kredit][24]Henrik_T_Scaletta kapott 1 bónusz kreditet (játszott óra)
[16:22:39] [kredit][78]Zsori_Sandor kapott 1 bónusz kreditet (játszott óra)
[16:23:12] [kredit][55]Tom_Camorra kapott 1 bónusz kreditet (játszott óra)
[16:23:46] [kredit][53]Denny_Toretto kapott 1 bónusz kreditet (játszott óra)
[16:24:19] Mark_Bishop kórház jail ideje: 270 mp
[16:24:22] Justin_Camorra kórház jail ideje: 270 mp
[16:24:30] James_Aciano kórház jail ideje: 690 mp
[16:24:54] [kredit][54]Kevin_S_Tomasso kapott 1 bónusz kreditet (játszott óra)
[16:24:54] [kredit][64]Niki_Freeman kapott 1 bónusz kreditet (játszott óra)
[16:25:17] Hirdetés: Arany eladó! | Hirdetõ: Bryan B Hollywood | Tel: 1-873-478 [16:25]
[16:25:26] [kredit][67]Carlos_D_Surenos kapott 1 bónusz kreditet (játszott óra)
[16:25:36] Earl_Camorra kórház jail ideje: 84 mp
[16:25:58] Victor_Jr_Garcia kórház jail ideje: 510 mp
[16:26:00] [kredit][59]Milinte_Brasco kapott 1 bónusz kreditet (játszott óra)
[16:26:00] [kredit][73]Jason_Gravano kapott 1 bónusz kreditet (játszott óra)
[16:26:06] Stevy_Camorra kórház jail ideje: 450 mp
[16:26:33] [kredit][66]Carl_J_Creed kapott 1 bónusz kreditet (játszott óra)
[16:27:20] Hirdetés: A toborzás végetért | Hirdetõ: Kevin L Saltzman | Tel: 5-653-506 [16:27]
[16:29:35] [/alair arany] - Leone_S_Tomasso vett Bryan_B_Hollywood -tõl egy aranyat, 15,000,000 Ft-ért
[16:29:41] Hirdetés: Arany eladó! | Hirdetõ: Bryan B Hollywood | Tel: 1-873-478 [16:29]
[16:29:51] [kredit][48]Kevin_L_Saltzman kapott 1 bónusz kreditet (játszott óra)
[16:30:24] [kredit][30]Mark_B_Hollywood kapott 1 bónusz kreditet (játszott óra)
[16:31:02] Hirdetés: Arany eladó! | Hirdetõ: Bryan B Hollywood | Tel: 1-873-478 [16:31]
[16:31:48] Hirdetés: Házat veszek | Hirdetõ: Alan Black | Tel: 1-380-524 [16:31]
[16:32:35] [kredit][18]Leone_S_Tomasso kapott 1 bónusz kreditet (játszott óra)
[16:32:35] [kredit][57]Mark_Bishop kapott 1 bónusz kreditet (játszott óra)
[16:33:40] [kredit][46]Brandon_Toretto kapott 1 bónusz kreditet (játszott óra)
[16:34:05] Hirdetés: Arany eladó! | Hirdetõ: Bryan B Hollywood | Tel: 1-873-478 [16:34]
[16:34:12] [kredit][90]Valentin_B_Hall kapott 1 bónusz kreditet (játszott óra)
[16:35:19] Hirdetés: Arany eladó! | Hirdetõ: Bryan B Hollywood | Tel: 1-873-478 [16:35]
[16:35:52] Hirdetés: Gazdagnegyedi Ház Eladó. | Hirdetõ: Matt Creed | Tel: 4-859-887 [16:35]
[16:36:22] [kredit][81]Dukai_Roland kapott 1 bónusz kreditet (játszott óra)
[16:36:48] Hirdetés: Gazdagnegyedi Ház Eladó. | Hirdetõ: Matt Creed | Tel: 4-859-887 [16:36]
[16:36:55] [kredit][84]Jack_Thomson kapott 1 bónusz kreditet (játszott óra)
[16:37:37] Hirdetés: Arany eladó! | Hirdetõ: Bryan B Hollywood | Tel: 1-873-478 [16:37]
[16:38:01] [kredit][60]Jeff_Jefferson kapott 1 bónusz kreditet (játszott óra)
[16:38:43] Horvath_Adrian kórház jail ideje: 210 mp
[16:38:45] Justin_Camorra kórház jail ideje: 270 mp
[16:39:05] Earl_Camorra kórház jail ideje: 90 mp
[16:39:08] [kredit][64]Guillermo_Butler kapott 1 bónusz kreditet (játszott óra)
[16:39:28] Hirdetés: Arany eladó! | Hirdetõ: Bryan B Hollywood | Tel: 1-873-478 [16:39]
[16:39:42] [kredit][21]Yamato_Bosco kapott 1 bónusz kreditet (játszott óra)
[16:39:42] [kredit][68]Dibu_S_Tomasso kapott 1 bónusz kreditet (játszott óra)
[16:39:42] [kredit][76]Lesley_Antony kapott 1 bónusz kreditet (játszott óra)
[16:41:21] [kredit][93]Erik_Wheeler kapott 1 bónusz kreditet (játszott óra)
[16:41:36] Hirdetés: Gazdagnegyedi Ház Eladó Házszám:153 | Hirdetõ: Matt Creed | Tel: 4-859-887 [16:41]
[16:41:55] [kredit][79]Alan_Black kapott 1 bónusz kreditet (játszott óra)
[16:42:28] [kredit][19]Spike_Wheeler kapott 1 bónusz kreditet (játszott óra)
[16:42:28] [kredit][78]Jim_Aciano kapott 1 bónusz kreditet (játszott óra)
[16:43:01] [kredit][47]Darius_N_Ortega kapott 1 bónusz kreditet (játszott óra)
[16:43:01] [kredit][49]Oze_Roland kapott 1 bónusz kreditet (játszott óra)
[16:44:08] [kredit][35]Gyorgy_Boyka kapott 1 bónusz kreditet (játszott óra)
[16:44:30] Hirdetés: Gazdagnegyedi Ház Eladó Házszám:153 | Hirdetõ: Matt Creed | Tel: 4-859-887 [16:44]
[16:44:41] [kredit][39]Pekano_S_Barett kapott 1 bónusz kreditet (játszott óra)
[16:45:10] Hirdetés: Arany eladó! | Hirdetõ: Bryan B Hollywood | Tel: 1-873-478 [16:45]
[16:47:27] [kredit][88]Don_Sorrentino kapott 1 bónusz kreditet (játszott óra)
[16:50:14] [kredit][44]Stefan_D_Zecchin kapott 1 bónusz kreditet (játszott óra)
[16:50:14] [kredit][83]Jimmy_Doherty kapott 1 bónusz kreditet (játszott óra)
[16:51:21] [kredit][56]Nelson_Washington kapott 1 bónusz kreditet (játszott óra)
[16:51:31] Alvilág: M4-et veszek! | Hirdetõ: Spike Wheeler | Tel: 8-247-270 [16:51]
[16:52:06] Hirdetés: Boxvilde eladó | Hirdetõ: Akos White | Tel: 6-084-062 [16:52]
[16:52:14] Connor_O_Neill kórház jail ideje: 90 mp
[16:52:27] [kredit][87]Mate_Richard kapott 1 bónusz kreditet (játszott óra)
[16:53:07] Hirdetés: Slamvan cserélhetõ / Savanna cserélhetõ!Érd:SMS | Hirdetõ: Guillermo Butler | Tel: 4-499-461 [16:53]
[16:53:32] [kredit][42]Oberth_Andras kapott 1 bónusz kreditet (játszott óra)
[16:53:48] Hirdetés: Arany eladó! | Hirdetõ: Bryan B Hollywood | Tel: 1-873-478 [16:53]
[16:54:38] [kredit][100]Max_Sorrentino kapott 1 bónusz kreditet (játszott óra)
[16:55:11] [kredit][33]Torres_Butler kapott 1 bónusz kreditet (játszott óra)
[16:55:44] [kredit][32]Kiraly_Viktor kapott 1 bónusz kreditet (játszott óra)
[16:56:50] [kredit][37]Thomas_Davis kapott 1 bónusz kreditet (játszott óra)
[16:56:50] [kredit][70]Thomas_Berzerk kapott 1 bónusz kreditet (játszott óra)
[16:58:12] Hirdetés: Házat veszek Ls-ben 8 millióért | Hirdetõ: Alan Black | Tel: 1-380-524 [16:58]
[16:58:23] [/ram] Krisztofer_Vincenzo - 540-s ház
[16:58:54] [/ram] Krisztofer_Vincenzo - 55-s ház
[16:59:36] [kredit][17]Valor_Colin kapott 1 bónusz kreditet (játszott óra)
[16:59:36] [kredit][55]Ernesto_Wheeler kapott 1 bónusz kreditet (játszott óra)
[17:00:48] Hans_Cooper LOGINkórház jail ideje: 47 mp
[17:01:48] [kredit][43]Adele_Scaletta kapott 1 bónusz kreditet (játszott óra)
[17:02:21] [kredit][60]Johnie_Alvadore kapott 1 bónusz kreditet (játszott óra)
[17:03:23] Jack_Thomson kórház jail ideje: 90 mp
[17:04:01] [kredit][25]Jason_Aciano kapott 1 bónusz kreditet (játszott óra)
[17:05:39] [kredit][23]Albert_Kesselring kapott 1 bónusz kreditet (játszott óra)
[17:05:39] [kredit][51]Paul_Oliver kapott 1 bónusz kreditet (játszott óra)
[17:05:42] Valor_Colin kórház jail ideje: 90 mp
[17:06:47] Hans_Cooper kórház jail ideje: 90 mp
[17:09:31] [kredit][85]Mateusz_M_Walker kapott 1 bónusz kreditet (játszott óra)
[17:09:31] [kredit][89]Ryan_Brasco kapott 1 bónusz kreditet (játszott óra)
[17:10:04] [kredit][27]James_Aciano kapott 1 bónusz kreditet (játszott óra)
[17:10:04] [kredit][65]Marcel_B_Hollywood kapott 1 bónusz kreditet (játszott óra)
[17:10:04] [kredit][72]Victor_Jr_Garcia kapott 1 bónusz kreditet (játszott óra)
[17:11:10] [kredit][74]Gregor_L_Camaro kapott 1 bónusz kreditet (játszott óra)
[17:14:30] [kredit][40]Horvath_Adrian kapott 1 bónusz kreditet (játszott óra)
[17:14:30] [kredit][75]Betty_O_Neill kapott 1 bónusz kreditet (játszott óra)
[17:14:44] Oberth_Andras kórház jail ideje: 90 mp
[17:15:03] [kredit][37]Robert_Black kapott 1 bónusz kreditet (játszott óra)
[17:15:36] [kredit][69]Costa_Miles kapott 1 bónusz kreditet (játszott óra)
[17:16:09] [kredit][80]Siska_Finuccsi kapott 1 bónusz kreditet (játszott óra)
[17:16:42] [kredit][61]Ignacio_D_Freeman kapott 1 bónusz kreditet (játszott óra)
[17:17:15] [kredit][39]Ralf_S_Tomasso kapott 1 bónusz kreditet (játszott óra)
[17:17:15] [kredit][54]Stefan_Aciano kapott 1 bónusz kreditet (játszott óra)
[17:19:58] Mark_B_Hollywood kórház jail ideje: 330 mp
[17:20:00] [kredit][61]Jason_Toretto kapott 1 bónusz kreditet (játszott óra)
[17:20:29] Hirdetés: San Fierro-i házat vásárolnék! Házszám+ár sms-ben | Hirdetõ: Toth Martin | Tel: 2-877-703 [17:20]
[17:20:58] Jackob_Shirton kórház jail ideje: 90 mp
[17:21:39] [kredit][28]Krisztofer_Vincenzo kapott 1 bónusz kreditet (játszott óra)
[17:22:46] [kredit][22]Carlos_D_Garcia kapott 1 bónusz kreditet (játszott óra)
[17:23:51] Thomas_Berzerk kórház jail ideje: 1050 mp
[17:23:51] Albert_Kesselring kórház jail ideje: 270 mp
[17:25:00] [kredit][51]Antonio_Salvatore kapott 1 bónusz kreditet (játszott óra)
[17:25:00] [kredit][105]Edward_Park kapott 1 bónusz kreditet (játszott óra)
[17:25:33] [kredit][26]Antonn_Fedorov kapott 1 bónusz kreditet (játszott óra)
[17:26:06] [kredit][102]Jhonny_Carlos_Tapia kapott 1 bónusz kreditet (játszott óra)
[17:27:13] [kredit][99]Kiraly_Hunor kapott 1 bónusz kreditet (játszott óra)
[17:27:47] [kredit][62]Jackob_Shirton kapott 1 bónusz kreditet (játszott óra)
[17:27:47] [kredit][92]George_B_Hollywood kapott 1 bónusz kreditet (játszott óra)
[17:28:19] [kredit][34]Blake_Browns kapott 1 bónusz kreditet (játszott óra)
[17:28:19] [kredit][38]Tom_Mulex kapott 1 bónusz kreditet (játszott óra)
[17:28:52] [kredit][24]Henrik_T_Scaletta kapott 1 bónusz kreditet (játszott óra)
[17:28:52] [kredit][48]Steve_Sanchez kapott 1 bónusz kreditet (játszott óra)
[17:29:25] [kredit][107]Freddie_B_Scaletta kapott 1 bónusz kreditet (játszott óra)
[17:29:58] [kredit][36]Emanuel_Garcia kapott 1 bónusz kreditet (játszott óra)
[17:29:58] [kredit][53]Denny_Toretto kapott 1 bónusz kreditet (játszott óra)
[17:30:24] Hirdetés: Arany eladó! | Hirdetõ: Bryan B Hollywood | Tel: 1-873-478 [17:30]
[17:31:36] [kredit][71]Niki_Freeman kapott 1 bónusz kreditet (játszott óra)
[17:31:36] [kredit][96]Kevin_S_Tomasso kapott 1 bónusz kreditet (játszott óra)
[17:31:41] Alvilág: SWAT mellényt vennék((150es armor)) | Hirdetõ: Mark B Hollywood | Tel: 3-061-691 [17:31]
[17:31:44] Hirdetés: Arany eladó! | Hirdetõ: Bryan B Hollywood | Tel: 1-873-478 [17:31]
[17:32:42] [kredit][100]Damien_Q_Carcassone kapott 1 bónusz kreditet (játszott óra)
[17:34:54] [kredit][106]Bryan_B_Hollywood kapott 1 bónusz kreditet (játszott óra)
[17:36:01] [kredit][58]Dominic_Vincenzo kapott 1 bónusz kreditet (játszott óra)
[17:36:34] [kredit][30]Mark_B_Hollywood kapott 1 bónusz kreditet (játszott óra)
[17:37:06] [kredit][98]Jason_Gravano kapott 1 bónusz kreditet (játszott óra)
[17:37:40] [kredit][67]Victor_Gonzales kapott 1 bónusz kreditet (játszott óra)
[17:37:40] [kredit][86]Tyler_Wish kapott 1 bónusz kreditet (játszott óra)
[17:37:52] Hirdetés: Arany eladó! | Hirdetõ: Bryan B Hollywood | Tel: 1-873-478 [17:37]
[17:38:14] [kredit][59]Natalia_Inferno kapott 1 bónusz kreditet (játszott óra)
[17:38:36] Gregor_L_Camaro kórház jail ideje: 78 mp
[17:39:53] [kredit][45]Mark_Bishop kapott 1 bónusz kreditet (játszott óra)
[17:39:53] [kredit][46]Brandon_Toretto kapott 1 bónusz kreditet (játszott óra)
[17:41:32] [kredit][78]Jason_B_Hollywood kapott 1 bónusz kreditet (játszott óra)
[17:42:05] [kredit][63]Javier_B_Hollywood kapott 1 bónusz kreditet (játszott óra)
[17:42:32] [ujmodel]Krisztofer_Vincenzo átlakaította 1073 rendszámû 410 típusú kocsit 78-é. Tulaj: 
[17:42:38] [kredit][16]David_R_Vincenzo kapott 1 bónusz kreditet (játszott óra)
[17:43:08] Steve_Sanchez kórház jail ideje: 90 mp
[17:45:12] =====[ Játékos bejelentés érkezett ]=====
[17:45:12] Elkövetõ: [27]James_Aciano | Bejelentõ: [68]Hans_Cooper
[17:45:12] Tett: {FFFF00}idk Semi rp nem volt /motoz /elvesz elõt utan
[17:46:07] [kredit][109]Mester_Csaba kapott 1 bónusz kreditet (játszott óra)
[17:48:22] Costa_Miles kórház jail ideje: 90 mp
[17:48:35] Siska_Finuccsi kórház jail ideje: 210 mp
[17:51:31] Dominic_Vincenzo kórház jail ideje: 90 mp
[17:51:31] Bentner_K_White kórház jail ideje: 90 mp
[17:51:54] Jack_Thomson kórház jail ideje: 90 mp
[17:52:28] Costa_Miles LOGINkórház jail ideje: 82 mp
[17:52:45] Bentner_K_White LOGINkórház jail ideje: 86 mp
[17:53:03] [kredit][18]Leone_S_Tomasso kapott 1 bónusz kreditet (játszott óra)
[17:53:09] Marcel_B_Hollywood kórház jail ideje: 1530 mp
[17:53:19] Freddie_B_Scaletta kórház jail ideje: 990 mp
[17:53:37] [kredit][40]Lucas_Giovanni kapott 1 bónusz kreditet (játszott óra)
[17:57:28] Marcel_B_Hollywood LOGINkórház jail ideje: 1443 mp
[17:57:45] [kredit][101]Franklin_F_Gates kapott 1 bónusz kreditet (játszott óra)
[17:57:45] [kredit][112]Michael_W_Rumolov kapott 1 bónusz kreditet (játszott óra)
[17:59:59] Marcel_B_Hollywood LOGINkórház jail ideje: 1440 mp
[18:00:16] [kredit][19]Szabo_Balazs kapott 1 bónusz kreditet (játszott óra)
[18:00:41] Ventura_Zecchin kórház jail ideje: 1230 mp
[18:03:36] Freddie_B_Scaletta LOGINkórház jail ideje: 792 mp
[18:04:07] Ventura_Zecchin LOGINkórház jail ideje: 1169 mp
[18:05:01] [kredit][52]Darius_N_Ortega kapott 1 bónusz kreditet (játszott óra)
[18:05:33] [kredit][7]Spike_Wheeler kapott 1 bónusz kreditet (játszott óra)
[18:06:27] Marcel_B_Hollywood LOGINkórház jail ideje: 1356 mp
[18:06:38] [kredit][35]Oze_Roland kapott 1 bónusz kreditet (játszott óra)
[18:07:50] Torres_Butler kórház jail ideje: 90 mp
[18:08:16] [kredit][8]Lesley_Antony kapott 1 bónusz kreditet (játszott óra)
[18:09:23] [kredit][2]Zsori_Sandor kapott 1 bónusz kreditet (játszott óra)
[18:09:23] [kredit][34]Don_Sorrentino kapott 1 bónusz kreditet (játszott óra)
[18:09:23] [kredit][40]Dave_R_Vincenzo kapott 1 bónusz kreditet (játszott óra)
[18:11:02] [kredit][40]Daniel_Sedin kapott 1 bónusz kreditet (játszott óra)
[18:11:14] Hirdetés: Autót veszek. | Hirdetõ: Bentner K White | Tel: 6-399-381 [18:11]
[18:11:35] [kredit][36]Ryder_B_Dueno kapott 1 bónusz kreditet (játszott óra)
[18:11:35] [kredit][65]Stefan_D_Zecchin kapott 1 bónusz kreditet (játszott óra)
[18:12:41] [kredit][56]Mate_Richard kapott 1 bónusz kreditet (játszott óra)
[18:14:20] [kredit][61]Niko_Black kapott 1 bónusz kreditet (játszott óra)
[18:14:20] [kredit][70]Ventura_Zecchin kapott 1 bónusz kreditet (játszott óra)
[18:14:41] Lucio_Zecchin LOGINkórház jail ideje: 244 mp
[18:14:54] [kredit][43]Torres_Butler kapott 1 bónusz kreditet (játszott óra)
[18:15:11] << Steve_Gable megváltoztatta a mûsornevet erre: Hirdetések >>
[18:15:27] [kredit][31]Patrick_Zecchin kapott 1 bónusz kreditet (játszott óra)
[18:15:44] Hirdetés: Házat vennék | Hirdetõ: Gyongyosi Lajos | Tel: 8-235-328 [18:15]
[18:16:00] [kredit][30]Yamato_Bosco kapott 1 bónusz kreditet (játszott óra)
[18:16:42] [kredit][38]Thomas_Berzerk kapott 1 bónusz kreditet (játszott óra)
[18:16:51] [/csere kocsi1] - Jason_B_Hollywood(387 - Linerunner) cserélt Lucas_Giovanni(368 - Trailer) -el kocsit.
[18:17:01] Lucio_Zecchin LOGINkórház jail ideje: 165 mp
[18:19:36] Siska_Finuccsi LOGINkórház jail ideje: 47 mp
[18:19:54] [kredit][10]Carlos_D_Surenos kapott 1 bónusz kreditet (játszott óra)
[18:22:44] Ventura_Zecchin kórház jail ideje: 90 mp
[18:23:37] Milinte_Brasco kórház jail ideje: 1110 mp
[18:24:13] Hirdetés: Házat vennék | Hirdetõ: Gyongyosi Lajos | Tel: 8-235-328 [18:24]
[18:24:27] [kredit][5]Kiraly_Viktor kapott 1 bónusz kreditet (játszott óra)
[18:24:27] [kredit][75]Stevy_Camorra kapott 1 bónusz kreditet (játszott óra)
[18:25:04] Gregor_L_Camaro kórház jail ideje: 73 mp
[18:25:47] Freddie_B_Scaletta LOGINkórház jail ideje: 39 mp
[18:26:33] Hirdetés: Értékpapírokat vennék | Hirdetõ: Damien Creed | Tel: 2-017-168 [18:26]
[18:26:40] [kredit][32]Kazuyoshi_Akira kapott 1 bónusz kreditet (játszott óra)
[18:28:19] [kredit][84]Blake_B_Salvatore kapott 1 bónusz kreditet (játszott óra)
[18:29:14] Hirdetés: Maverickem cserélném Infernusra! | Hirdetõ: Nelson Washington | Tel: 3-696-216 [18:29]
[18:29:23] [kredit][0]Doboska_Endre kapott 1 bónusz kreditet (játszott óra)
[18:29:54] Milinte_Brasco kórház jail ideje: 90 mp
[18:31:02] Jamal_Escobar kórház jail ideje: 89 mp
[18:31:26] =====[ Játékos bejelentés érkezett ]=====
[18:31:26] Elkövetõ: [61]Niko_Black | Bejelentõ: [2]Zsori_Sandor
[18:31:26] Tett: {FFFF00}csak ugy simán lelöt
[18:32:06] [kredit][50]Nelson_Washington kapott 1 bónusz kreditet (játszott óra)
[18:33:28] [kredit][31]Hans_Cooper kapott 1 bónusz kreditet (játszott óra)
[18:34:17] Kedves_Roland kórház jail ideje: 89 mp
[18:35:23] [kredit][62]Bentner_K_White kapott 1 bónusz kreditet (játszott óra)
[18:35:39] << Steve_Gable megváltoztatta a mûsornevet erre: Mókapercek >>
[18:35:58] Jack_Thomson LOGINkórház jail ideje: 68 mp
[18:37:02] [kredit][11]Gyongyosi_Lajos kapott 1 bónusz kreditet (játszott óra)
[18:38:08] [kredit][45]Victor_Jr_Garcia kapott 1 bónusz kreditet (játszott óra)
[18:38:08] [kredit][55]Mateusz_M_Walker kapott 1 bónusz kreditet (játszott óra)
[18:38:41] [kredit][12]James_Aciano kapott 1 bónusz kreditet (játszott óra)
[18:39:16] Lucio_Zecchin LOGINkórház jail ideje: 101 mp
[18:39:19] Hans_Cooper kórház jail ideje: 90 mp
[18:40:16] Victor_Jr_Garcia kórház jail ideje: 210 mp
[18:40:20] [kredit][60]Cseszka_R_Davidson kapott 1 bónusz kreditet (játszott óra)
[18:40:54] [kredit][47]Zack_B_Zecchin kapott 1 bónusz kreditet (játszott óra)
[18:41:13] Valentin_B_Hall kórház jail ideje: 450 mp
[18:41:27] [kredit][69]Valentin_B_Hall kapott 1 bónusz kreditet (játszott óra)
[18:41:28] Milinte_Brasco LOGINkórház jail ideje: 85 mp
[18:41:53] [/alair ppont] - Joe_Brasco vett Kyle_Brasco -tõl egy ppontott, 500,000 Ft-ért
[18:42:33] [/alair ház] - Joe_Brasco vett Kyle_Brasco -tõl egy házat 503, 400,000 Ft-ért
[18:42:34] [kredit][51]Joe_Brasco kapott 1 bónusz kreditet (játszott óra)
[18:42:41] Jack_Thomson LOGINkórház jail ideje: 20 mp
[18:44:43] Nelson_Washington kórház jail ideje: 1829 mp
[18:44:45] Paul_D_Cortez kórház jail ideje: 90 mp
[18:44:47] [kredit][60]Jack_Thomson kapott 1 bónusz kreditet (játszott óra)
[18:45:06] Jason_B_Hollywood kórház jail ideje: 210 mp
[18:46:11] Hirdetés: Házat vásárolnék | Hirdetõ: Gyongyosi Lajos | Tel: 8-235-328 [18:46]
[18:46:28] [kredit][10]Stefan_Aciano kapott 1 bónusz kreditet (játszott óra)
[18:47:34] [kredit][54]Kyle_Brasco kapott 1 bónusz kreditet (játszott óra)
[18:47:57] Kiraly_Hunor kórház jail ideje: 270 mp
[18:48:41] [kredit][3]Milinte_Brasco kapott 1 bónusz kreditet (játszott óra)
[18:49:14] [kredit][83]Steve_J_Sorrentino kapott 1 bónusz kreditet (játszott óra)
[18:50:20] Jason_B_Hollywood LOGINkórház jail ideje: 71 mp
[18:51:26] [kredit][77]Pekano_S_Barett kapott 1 bónusz kreditet (játszott óra)
[18:51:26] [kredit][88]Marcel_B_Hollywood kapott 1 bónusz kreditet (játszott óra)
[18:51:59] [/csere ház1] - Kyle_Brasco(14) cserélt Ryan_Brasco(23) -el házat.
[18:51:59] [kredit][4]Krisztofer_Vincenzo kapott 1 bónusz kreditet (játszott óra)
[18:51:59] [kredit][30]Carlos_D_Garcia kapott 1 bónusz kreditet (játszott óra)
[18:55:19] [kredit][73]Joe_Wheeler kapott 1 bónusz kreditet (játszott óra)
[18:55:52] [kredit][41]Pablo_S_Carcassone kapott 1 bónusz kreditet (játszott óra)
[18:55:52] [kredit][86]Damien_Creed kapott 1 bónusz kreditet (játszott óra)
[18:56:25] [kredit][9]Blake_Browns kapott 1 bónusz kreditet (játszott óra)
[18:56:25] [kredit][87]Kiraly_Hunor kapott 1 bónusz kreditet (játszott óra)
[18:56:28] Nelson_Washington LOGINkórház jail ideje: 1396 mp
[18:56:34] Siska_Finuccsi kórház jail ideje: 90 mp
[18:57:33] [kredit][37]George_B_Hollywood kapott 1 bónusz kreditet (játszott óra)
[18:57:33] [kredit][79]Robert_Black kapott 1 bónusz kreditet (játszott óra)
[18:59:13] [/alair kocsi] - Ryan_Brasco vett Kyle_Brasco -tõl egy Infernus típusú jármûvet. 148 v-s rendszám, 500,000 Ft-ért
[18:59:45] [kredit][89]Arnold_Surenos kapott 1 bónusz kreditet (játszott óra)
[18:59:45] [kredit][93]Valor_Colin kapott 1 bónusz kreditet (játszott óra)
[19:00:19] [kredit][5]Freddie_B_Scaletta kapott 1 bónusz kreditet (játszott óra)
[19:00:53] [kredit][48]Szallai_Tamas kapott 1 bónusz kreditet (játszott óra)
[19:01:26] [kredit][39]Siska_Finuccsi kapott 1 bónusz kreditet (játszott óra)
[19:02:25] Alvilág: Grove Street Family tagokat keres! | Hirdetõ: Kazuyoshi Akira | Tel: 5-031-040 [19:02]
[19:02:32] [kredit][62]Ryan_Brasco kapott 1 bónusz kreditet (játszott óra)
[19:03:39] [kredit][6]Elwood_JR_Sorrentino kapott 1 bónusz kreditet (játszott óra)
[19:04:14] Hirdetés: Jester cserelheto | Hirdetõ: Henrik Sedin | Tel: 9-359-147 [19:04]
[19:04:45] [kredit][90]Markus_D_Zecchin kapott 1 bónusz kreditet (játszott óra)
[19:06:57] [kredit][58]Toth_Martin kapott 1 bónusz kreditet (játszott óra)
[19:07:43] Johnie_Alvadore kórház jail ideje: 89 mp
[19:07:50] [VLA]Tom_Zecchin átadta a Skate Park területet nekik: Vagos
[19:08:03] [kredit][1]Marcell_O_Neill kapott 1 bónusz kreditet (játszott óra)
[19:08:32] Kedves_Roland kórház jail ideje: 270 mp
[19:08:35] [kredit][63]Mark_B_Hollywood kapott 1 bónusz kreditet (játszott óra)
[19:08:35] [kredit][68]Max_Sorrentino kapott 1 bónusz kreditet (játszott óra)
[19:09:10] [kredit][74]Mark_Bishop kapott 1 bónusz kreditet (játszott óra)
[19:09:14] Antonio_Salvatore kórház jail ideje: 270 mp
[19:09:35] Hirdetés: Házat vennék | Hirdetõ: Gyongyosi Lajos | Tel: 8-235-328 [19:09]
[19:09:43] [kredit][12]Johnie_Alvadore kapott 1 bónusz kreditet (játszott óra)
[19:09:49] Kiraly_Hunor kórház jail ideje: 90 mp
[19:10:02] Alvilág: Grove Street Tagokat keres ! | Hirdetõ: Ryder B Dueno | Tel: 1-079-885 [19:10]
[19:12:38] Max_Sorrentino kórház jail ideje: 90 mp
[19:13:11] [kredit][86]Damien_Creed beváltott 10 kreditet 25g marihuanaért
[19:13:36] [kredit][8]Phil_Stinson kapott 1 bónusz kreditet (játszott óra)
[19:14:42] [kredit][46]Jason_B_Hollywood kapott 1 bónusz kreditet (játszott óra)
[19:15:16] [kredit][42]Javier_B_Hollywood kapott 1 bónusz kreditet (játszott óra)
[19:15:16] [kredit][66]Jhonny_Carlos_Tapia kapott 1 bónusz kreditet (játszott óra)
[19:15:49] [kredit][80]Jackob_Shirton kapott 1 bónusz kreditet (játszott óra)
[19:16:18] Antonio_Salvatore kórház jail ideje: 89 mp
[19:16:32] Alvilág: Grove Street tagokat keres! | Hirdetõ: Ryder B Dueno | Tel: 1-079-885 [19:16]
[19:17:03] Hirdetés: Elromlott a jármûve?Hívjon bátran!Alacsony munkadíjak, profi munka! | Hirdetõ: Guillermo Butler | Tel: 4-499-461 [19:17]
[19:17:05] Alvilág: Grove Street Family tagokat keres! | Hirdetõ: Ryder B Dueno | Tel: 1-079-885 [19:17]
[19:17:28] [kredit][102]Johny_Morales kapott 1 bónusz kreditet (játszott óra)
[19:17:40] Johnie_Alvadore kórház jail ideje: 90 mp
[19:18:35] Alvilág: Grove Street Family tagokat keres! | Hirdetõ: Ryder B Dueno | Tel: 1-079-885 [19:18]
[19:19:07] [kredit][35]Nadasi_Gyorgy kapott 1 bónusz kreditet (játszott óra)
[19:19:07] [kredit][65]Carl_Johnsen kapott 1 bónusz kreditet (játszott óra)
[19:19:16] Hirdetés: Értékpapírokat vennék | Hirdetõ: Damien Creed | Tel: 2-017-168 [19:19]
[19:19:41] [kredit][56]Steve_Sanchez kapott 1 bónusz kreditet (játszott óra)
[19:19:41] [kredit][78]Tom_Zecchin kapott 1 bónusz kreditet (játszott óra)
[19:20:13] [kredit][67]Szabo_Balazs kapott 1 bónusz kreditet (játszott óra)
[19:20:46] [/v vesz] - Carl_Johnsen vett Marcell_O_Neill -tõl egy Club típusú jármûvet. 153 v-s rendszám.
[19:21:20] [kredit][48]Paul_D_Cortez kapott 1 bónusz kreditet (játszott óra)
[19:21:20] [kredit][54]Cody_Aciano kapott 1 bónusz kreditet (játszott óra)
[19:21:55] [kredit][9]Harold_Gates kapott 1 bónusz kreditet (játszott óra)
[19:23:01] [kredit][97]John_Salivan kapott 1 bónusz kreditet (játszott óra)
[19:24:02] Hirdetés: Aranyat vennék! | Hirdetõ: Guillermo Butler | Tel: 4-499-461 [19:24]
[19:24:07] [kredit][2]Zsori_Sandor kapott 1 bónusz kreditet (játszott óra)
[19:24:40] [kredit][91]Alan_Black kapott 1 bónusz kreditet (játszott óra)
[19:25:06] Gyongyosi_Lajos kórház jail ideje: 90 mp
[19:25:11] Nadasi_Gyorgy kórház jail ideje: 89 mp
[19:25:13] [kredit][85]Erno_S_Tomasso kapott 1 bónusz kreditet (játszott óra)
[19:25:46] [kredit][52]Tom_Torres kapott 1 bónusz kreditet (játszott óra)
[19:26:19] [kredit][6]Henrik_Sedin kapott 1 bónusz kreditet (játszott óra)
[19:26:19] [kredit][36]Ryder_B_Dueno kapott 1 bónusz kreditet (játszott óra)
[19:26:34] Nelson_Washington LOGINkórház jail ideje: 1108 mp
[19:27:25] [kredit][7]Philip_Skipper kapott 1 bónusz kreditet (játszott óra)
[19:27:59] [kredit][34]Daryl_Aciano kapott 1 bónusz kreditet (játszott óra)
[19:28:31] [kredit][64]Oze_Roland kapott 1 bónusz kreditet (játszott óra)
[19:29:12] Hirdetés: Fullos Sultan cserélhetõ Shamalra/Infernusra! | Hirdetõ: Mester Csaba | Tel: 3-513-305 [19:29]
[19:30:03] Hirdetés: Házat veszek Ls-ben 8 milláért | Hirdetõ: Alan Black | Tel: 7-215-955 [19:30]
[19:30:11] [kredit][10]Patrik_O_Neill kapott 1 bónusz kreditet (játszott óra)
[19:30:11] [kredit][44]Costa_Miles kapott 1 bónusz kreditet (játszott óra)
[19:30:44] [kredit][94]Dolph_F_Gates kapott 1 bónusz kreditet (játszott óra)
[19:30:47] Hirdetés: Fullos Sultan cserélhetõ Shamalra/Infernusra! | Hirdetõ: Mester Csaba | Tel: 3-513-305 [19:30]
[19:31:18] [kredit][38]Thomas_Berzerk kapott 1 bónusz kreditet (játszott óra)
[19:31:55] Hirdetés: Sultan cserélhetõ! | Hirdetõ: Mester Csaba | Tel: 3-513-305 [19:31]
[19:32:24] [kredit][43]Rick_Aciano kapott 1 bónusz kreditet (játszott óra)
[19:34:31] Hirdetés: Faluba vagy Ls be házat vennék | Hirdetõ: Gyongyosi Lajos | Tel: 8-235-328 [19:34]
[19:34:55] [kredit][40]Bart_S_Tomasso kapott 1 bónusz kreditet (játszott óra)
[19:36:00] [kredit][98]Jason_Aciano kapott 1 bónusz kreditet (játszott óra)
[19:36:13] Hirdetés: Házat veszek Ls-ben 8 milláért | Hirdetõ: Alan Black | Tel: 7-215-955 [19:36]
[19:36:34] [kredit][3]Gyorgy_Boyka kapott 1 bónusz kreditet (játszott óra)
[19:36:34] [kredit][32]Torres_Butler kapott 1 bónusz kreditet (játszott óra)
[19:36:34] [kredit][45]Oliver_Aciano kapott 1 bónusz kreditet (játszott óra)
[19:36:34] [kredit][63]Don_Sorrentino kapott 1 bónusz kreditet (játszott óra)
[19:36:54] Hirdetés: Sultan/Bullet cserélhetõ | Hirdetõ: Mester Csaba | Tel: 3-513-305 [19:36]
[19:37:12] [kredit][8]Jack_Bryan kapott 1 bónusz kreditet (játszott óra)
[19:37:12] [kredit][69]Darius_N_Ortega kapott 1 bónusz kreditet (játszott óra)
[19:37:56] [kredit][88]Niky_Winston kapott 1 bónusz kreditet (játszott óra)
[19:38:45] [kredit][70]Connor_O_Neill kapott 1 bónusz kreditet (játszott óra)
[19:41:05] Hirdetés: Házat vennék LS-ben 8 milláért | Hirdetõ: Alan Black | Tel: 7-215-955 [19:41]
[19:42:07] [kredit][50]Blake_B_Salvatore kapott 1 bónusz kreditet (játszott óra)
[19:42:07] [kredit][62]Kazuyoshi_Akira kapott 1 bónusz kreditet (játszott óra)
[19:43:18] [kredit][31]Hans_Cooper kapott 1 bónusz kreditet (játszott óra)
[19:43:18] [kredit][76]Stefan_D_Zecchin kapott 1 bónusz kreditet (játszott óra)
[19:43:18] [kredit][96]Damien_Q_Carcassone kapott 1 bónusz kreditet (játszott óra)
[19:44:56] [kredit][4]Wade_Clinton kapott 1 bónusz kreditet (játszott óra)
[19:45:29] [kredit][75]Georg_B_Hollywood kapott 1 bónusz kreditet (játszott óra)
[19:45:45] Hirdetés: Arany eladó! | Hirdetõ: Bryan B Hollywood | Tel: 1-873-478 [19:45]
[19:46:01] [kredit][11]Gyongyosi_Lajos kapott 1 bónusz kreditet (játszott óra)
[19:46:01] [kredit][66]James_Creed kapott 1 bónusz kreditet (játszott óra)
[19:46:23] Hirdetés: Sultan/Bullet cserélhetõ | Hirdetõ: Mester Csaba | Tel: 3-513-305 [19:46]
[19:47:07] [kredit][55]Mateusz_M_Walker kapott 1 bónusz kreditet (játszott óra)
[19:51:06] [kredit][47]Zack_B_Zecchin kapott 1 bónusz kreditet (játszott óra)
[19:52:33] Damien_Q_Carcassone kórház jail ideje: 570 mp
[19:53:29] [kredit][37]Cseszka_R_Davidson kapott 1 bónusz kreditet (játszott óra)
[19:55:21] Mester_Csaba kórház jail ideje: 1470 mp
[19:55:42] [kredit][60]Jack_Thomson kapott 1 bónusz kreditet (játszott óra)
[19:58:16] [/alair arany] - Akos_B_Gates vett Bryan_B_Hollywood -tõl egy aranyat, 14,000,000 Ft-ért
[19:58:33] Hirdetés: Arany eladó! | Hirdetõ: Bryan B Hollywood | Tel: 1-873-478 [19:58]
[19:59:22] [kredit][42]James_D_Freeman kapott 1 bónusz kreditet (játszott óra)
[20:00:09] Johny_Morales kórház jail ideje: 90 mp
[20:00:22] Hirdetés: Arany eladó! | Hirdetõ: Bryan B Hollywood | Tel: 1-873-478 [20:00]
[20:00:34] Damien_Creed kórház jail ideje: 510 mp
[20:01:36] [kredit][48]Felix_Wheeler kapott 1 bónusz kreditet (játszott óra)
[20:03:49] [kredit][9]Joker_Travin kapott 1 bónusz kreditet (játszott óra)
[20:03:52] Jack_Thomson kórház jail ideje: 90 mp
[20:06:25] Albert_Kesselring kórház jail ideje: 89 mp
[20:06:55] Krisztofer_Vincenzo kórház jail ideje: 90 mp
[20:07:09] [kredit][86]Damien_Creed kapott 1 bónusz kreditet (játszott óra)
[20:07:09] [kredit][90]Franklin_F_Gates kapott 1 bónusz kreditet (játszott óra)
[20:07:16] Albert_Kesselring LOGINkórház jail ideje: 80 mp
[20:07:35] Hirdetés: Értékpapírokat vennék | Hirdetõ: Damien Creed | Tel: 2-017-168 [20:07]
[20:07:43] [kredit][87]Kiraly_Hunor kapott 1 bónusz kreditet (játszott óra)
[20:09:47] << Oliver_Aciano kikapcsolta a mûsornevek használatát >>
[20:10:33] [/alair kocsi] - Ryder_B_Dueno vett Mark_B_Hollywood -tõl egy Infernus típusú jármûvet. 138 v-s rendszám, 400,000 Ft-ért
[20:11:03] [kredit][93]Valor_Colin kapott 1 bónusz kreditet (játszott óra)
[20:12:59] Mester_Csaba LOGINkórház jail ideje: 1421 mp
[20:13:16] [kredit][2]Siska_Finuccsi kapott 1 bónusz kreditet (játszott óra)
[20:13:16] [kredit][61]Freddie_B_Scaletta kapott 1 bónusz kreditet (játszott óra)
[20:13:49] [kredit][49]Mikhail_Bratislav kapott 1 bónusz kreditet (játszott óra)
[20:14:12] Hirdetés: Értékpapírt vennék! | Hirdetõ: Cseszka R Davidson | Tel: 4-564-490 [20:14]
[20:16:34] Valor_Colin kórház jail ideje: 630 mp
[20:16:35] [kredit][73]Markus_D_Zecchin kapott 1 bónusz kreditet (játszott óra)
[20:17:12] James_D_Freeman kórház jail ideje: 210 mp
[20:17:47] [/alair arany] - Zack_B_Zecchin vett Bryan_B_Hollywood -tõl egy aranyat, 10,000,000 Ft-ért
[21:18:37] Niky_Winston LOGINkórház jail ideje: 90 mp
[21:20:30] Kedves_Roland kórház jail ideje: 450 mp
[21:28:18] Valor_Colin LOGINkórház jail ideje: 565 mp
[21:32:44] Valor_Colin LOGINkórház jail ideje: 442 mp
[21:33:28] [/alair kocsi] - Markus_Persons vett Mark_B_Hollywood -tõl egy Shamal típusú jármûvet. 150 v-s rendszám, 1,000,000 Ft-ért
[21:33:52] Alvilág: Munkást keresek | Hirdetõ: Ignacio D Freeman | Tel: 6-050-565 [21:33]
[21:34:27] Mester_Csaba LOGINkórház jail ideje: 1171 mp
[21:36:35] Niky_Winston LOGINkórház jail ideje: 90 mp
[21:37:29] Hanzon_Soprano kórház jail ideje: 90 mp
[21:37:34] [/alair ház] - Markus_Persons vett Mark_B_Hollywood -tõl egy házat 178, 800,000 Ft-ért
[21:37:46] Hirdetés: Házat vennék olcsón! | Hirdetõ: Chris D Black | Tel: 5-383-675 [21:37]
[21:38:23] Mark_Bishop kórház jail ideje: 750 mp
[21:38:50] Hirdetés: Házat vagy autót vennék olcsón! | Hirdetõ: Chris D Black | Tel: 5-383-675 [21:38]
[21:39:41] Hirdetés: Házat vagy autót vennék olcsón! | Hirdetõ: Chris D Black | Tel: 5-383-675 [21:39]
[21:40:00] [kredit][33]Mark_B_Hollywood kapott 1 bónusz kreditet (játszott óra)
[21:41:05] Hirdetés: Házat vagy autót vennék olcsón! | Hirdetõ: Chris D Black | Tel: 5-383-675 [21:41]
[21:42:42] [kredit][47]Kevin_L_Saltzman kapott 1 bónusz kreditet (játszott óra)
[21:42:53] Darius_N_Ortega kórház jail ideje: 90 mp
[21:43:09] Hirdetés: Házat vagy autót vennék olcsón! | Hirdetõ: Chris D Black | Tel: 5-383-675 [21:43]
[21:43:47] [kredit][35]Johny_Morales kapott 1 bónusz kreditet (játszott óra)
[21:44:19] [kredit][23]Steve_Sanchez kapott 1 bónusz kreditet (játszott óra)
[21:44:19] [kredit][28]Vito_Dawson kapott 1 bónusz kreditet (játszott óra)
[21:44:20] Hirdetés: Jármûvet vennék | Hirdetõ: Calvin C Broadus | Tel: 8-248-782 [21:44]
[21:46:10] Hirdetés: Sultan/Bullet cserélhetõ | Hirdetõ: Mester Csaba | Tel: 3-513-305 [21:46]
[21:46:30] [kredit][2]Zsori_Sandor kapott 1 bónusz kreditet (játszott óra)
[21:47:02] [kredit][46]Dom_Wheeler kapott 1 bónusz kreditet (játszott óra)
[21:47:35] [kredit][48]Joe_Wheeler kapott 1 bónusz kreditet (játszott óra)
[21:48:11] Hirdetés: Rotrain elado | Hirdetõ: Don Sorrentino | Tel: 3-370-851 [21:48]
[21:48:40] [kredit][41]Calvin_C_Broadus kapott 1 bónusz kreditet (játszott óra)
[21:50:49] [kredit][49]Max_Sorrentino kapott 1 bónusz kreditet (játszott óra)
[21:51:16] Daniel_Sedin kórház jail ideje: 90 mp
[21:51:17] Zsori_Sandor kórház jail ideje: 90 mp
[21:51:54] [kredit][3]Daryl_Aciano kapott 1 bónusz kreditet (játszott óra)
[21:53:45] Freddie_B_Scaletta kórház jail ideje: 630 mp
[21:53:52] Mester_Csaba LOGINkórház jail ideje: 433 mp
[21:54:35] [kredit][45]Philip_Skipper kapott 1 bónusz kreditet (játszott óra)
[21:56:12] [kredit][1]Thomas_Berzerk kapott 1 bónusz kreditet (játszott óra)
[21:56:56] [BOLTRABLÁS] Vito_Dawson boltot rabol, összesen 1-n vannak
[21:57:17] [kredit][22]Jackob_Shirton kapott 1 bónusz kreditet (játszott óra)
[21:58:00] [BOLTRABLÁS] Vito_Dawson befejezte a boltrablást, 1-n maradtak, 1-n kezdték
[21:58:00] Vito_Dawson rabolt 1 emberrel, összeg: 37406Ft
[21:58:21] [kredit][44]Costa_Miles kapott 1 bónusz kreditet (játszott óra)
[22:00:18] Damien_Q_Carcassone kórház jail ideje: 89 mp
[22:01:03] [kredit][27]Carlos_D_Surenos kapott 1 bónusz kreditet (játszott óra)
[22:02:05] Pekano_S_Barett kórház jail ideje: 269 mp
[22:02:07] Johny_Morales kórház jail ideje: 90 mp
[22:02:07] [kredit][4]Tyler_Wish kapott 1 bónusz kreditet (játszott óra)
[22:04:17] [kredit][39]Connor_O_Neill kapott 1 bónusz kreditet (játszott óra)
[22:04:34] Jamal_Escobar LOGINkórház jail ideje: 31 mp
[22:07:29] [kredit][21]Ryder_B_Dueno kapott 1 bónusz kreditet (játszott óra)
[22:08:02] [kredit][23]Don_Sorrentino kapott 1 bónusz kreditet (játszott óra)
[22:09:38] [kredit][31]Ekaterina_Kurae kapott 1 bónusz kreditet (játszott óra)
[22:10:20] Alvilág: M4 200darab lõszerrel eladó. | Hirdetõ: Mikhail Bratislav | Tel: 1-019-839 [22:10]
[22:11:25] Alvilág: M4 200darab lõszerrel eladó. | Hirdetõ: Mikhail Bratislav | Tel: 1-019-839 [22:11]
[22:11:46] [kredit][43]Gyorgy_Boyka kapott 1 bónusz kreditet (játszott óra)
[22:13:34] [BOLTRABLÁS] Daniel_Sedin boltot rabol, összesen 2-n vannak
[22:15:56] Alvilág: M4 200darab lõszerrel eladó. | Hirdetõ: Mikhail Bratislav | Tel: 1-019-839 [22:15]
[22:16:01] [kredit][32]Pekano_S_Barett kapott 1 bónusz kreditet (játszott óra)
[22:17:05] [kredit][3]Carl_Johnsen kapott 1 bónusz kreditet (játszott óra)
[22:17:05] [kredit][42]Darius_N_Ortega kapott 1 bónusz kreditet (játszott óra)
[22:18:09] [kredit][1]Jamal_Escobar kapott 1 bónusz kreditet (játszott óra)
[22:18:49] [BOLTRABLÁS] Daniel_Sedin befejezte a boltrablást, 2-n maradtak, 2-n kezdték
[22:18:49] Daniel_Sedin rabolt 2 emberrel, összeg: 148515Ft
[22:19:06] Calvin_C_Broadus kórház jail ideje: 930 mp
[22:20:16] [kredit][25]Damien_Q_Carcassone kapott 1 bónusz kreditet (játszott óra)
