[13:50:34] [/v vásárol] - Akos_Vincenzo megkapta az utalást utolag nem volt online 14,850,000 Ft. Kocsi: BlistaCompact
[13:50:36] Elwood_JR_Sorrentino LOGINkórház jail ideje: 46 mp
[13:50:39] James_Creed LOGINkórház jail ideje: 616 mp
[13:50:52] [kredit][17]Robert_Scaletta kapott 1 bónusz kreditet (játszott óra)
[13:50:52] [kredit][20]Elwood_JR_Sorrentino kapott 1 bónusz kreditet (játszott óra)
[13:51:33] Krist_Roscoe LOGINkórház jail ideje: 701 mp
[13:51:56] [/v vásárol] - Stefan_D_Zecchin megkapta az utalást utolag nem volt online 11,880,000 Ft. Kocsi: NRG500
[13:52:48] Georg_B_Freeman LOGINkórház jail ideje: 0 mp
[13:54:19] Hirdetés: Boxvillde eladó | Hirdetõ: Robert Scaletta | Tel: 2-030-729 [13:54]
[13:55:18] Dave_Stone LOGINkórház jail ideje: 0 mp
[13:56:13] [/alair biznisz] - Marcel_B_Hollywood vett John_B_Hollywood -tõl egy ~r~ HOLLYWOOD ~r~ REZSI ~b~ ZRT ~y~ bizniszt, 500,000 Ft-ért
[13:56:49] Alvilág: M4 / snipert veszek | Hirdetõ: Lucio Zecchin | Tel: 1-998-945 [13:56]
[13:57:10] [kredit][19]Akos_Vincenzo kapott 1 bónusz kreditet (játszott óra)
[13:57:42] [kredit][45]Mate_Richard kapott 1 bónusz kreditet (játszott óra)
[14:00:51] [kredit][40]Darius_N_Ortega kapott 1 bónusz kreditet (játszott óra)
[14:00:51] [kredit][53]Marcell_O_Neill kapott 1 bónusz kreditet (játszott óra)
[14:01:31] Hirdetés: Fa út 98 eladó | Hirdetõ: Kevin R Sorrentino | Tel: 3-073-800 [14:01]
[14:03:30] [kredit][58]Dave_Stone kapott 1 bónusz kreditet (játszott óra)
[14:04:01] [kredit][25]Max_Navarro kapott 1 bónusz kreditet (játszott óra)
[14:04:33] [kredit][19]Torres_Butler kapott 1 bónusz kreditet (játszott óra)
[14:06:39] [kredit][48]Lucio_Zecchin kapott 1 bónusz kreditet (játszott óra)
[14:06:39] [kredit][55]Carlos_Brasco kapott 1 bónusz kreditet (játszott óra)
[14:07:10] [kredit][29]Henrik_Sedin kapott 1 bónusz kreditet (játszott óra)
[14:07:34] Zero_Hopkins LOGINkórház jail ideje: 0 mp
[14:07:37] Hirdetés: Értékpapírt vennék | Hirdetõ: Damien Creed | Tel: 2-017-168 [14:07]
[14:08:40] Glen_Muertos LOGINkórház jail ideje: 0 mp
[14:08:46] [kredit][61]Lapos_Istvan kapott 1 bónusz kreditet (játszott óra)
[14:10:48] Cseszka_R_Davidson LOGINkórház jail ideje: 0 mp
[14:10:53] [kredit][37]George_B_Hollywood kapott 1 bónusz kreditet (játszott óra)
[14:10:53] [kredit][60]Sergei_B_Dueno kapott 1 bónusz kreditet (játszott óra)
[14:10:56] Hirdetés: Medencés házak eladóak, Sanfierróban | Hirdetõ: Damien Creed | Tel: 2-017-168 [14:10]
[14:11:57] [kredit][36]Norbert_L_Scaletta kapott 1 bónusz kreditet (játszott óra)
[14:11:57] [kredit][61]Dominic_Vincenzo kapott 1 bónusz kreditet (játszott óra)
[14:13:32] Chris_S_Black LOGINkórház jail ideje: 0 mp
[14:13:32] [kredit][72]Cseszka_R_Davidson kapott 1 bónusz kreditet (játszott óra)
[14:13:46] [ujmodel]John_B_Hollywood átlakaította 771 rendszámû 410 típusú kocsit 71-é. Tulaj: 
[14:14:04] [kredit][57]Oberth_Andras kapott 1 bónusz kreditet (játszott óra)
[14:14:40] [/csere kocsi1] - Damien_Creed(270 - Linerunner) cserélt Norbert_L_Scaletta(9 - Infernus) -el kocsit.
[14:14:42] [Frakció jármû ellopása]Név: Chris_S_Black Kocsi: 35
[14:14:44] [ujmodel]John_B_Hollywood átlakaította 512 rendszámû 522 típusú kocsit 71-é. Tulaj: 
[14:15:08] [kredit][27]Tyler_Wish kapott 1 bónusz kreditet (játszott óra)
[14:15:08] Ray_Washington LOGINkórház jail ideje: 679 mp
[14:15:39] [kredit][24]Krisztofer_Vincenzo kapott 1 bónusz kreditet (játszott óra)
[14:16:11] [kredit][28]Blake_Browns kapott 1 bónusz kreditet (játszott óra)
[14:16:34] Hirdetés: 3 DB PP eladó 10 millió/db | Hirdetõ: Carlos Brasco | Tel: 2-031-393 [14:16]
[14:16:43] [kredit][32]Atsuya_D_Freeman kapott 1 bónusz kreditet (játszott óra)
[14:17:08] Hirdetés: A válságra való tekintettel bármilyen jellegû munkát keresek! | Hirdetõ: Chris S Black | Tel: 6-155-281 [14:17]
[14:17:15] [kredit][68]Charlie_Leanders kapott 1 bónusz kreditet (játszott óra)
[14:18:06] Hirdetés: Értékpapirt vennék. | Hirdetõ: Matt Creed | Tel: 4-859-887 [14:18]
[14:18:15] Kevin_R_Sorrentino LOGINkórház jail ideje: 90 mp
[14:18:18] [kredit][25]Demeter_Jozsef kapott 1 bónusz kreditet (játszott óra)
[14:18:41] Hirdetés: Fa út 98 eladó | Hirdetõ: Kevin R Sorrentino | Tel: 3-073-800 [14:18]
[14:18:47] Valor_Colin LOGINkórház jail ideje: 0 mp
[14:19:04] [ujmodel]John_B_Hollywood átlakaította 516 rendszámû 462 típusú kocsit 78-é. Tulaj: 
[14:19:13] Alvilág: Groove Street family tagokat keres | Hirdetõ: Mark B Hollywood | Tel: 1-870-483 [14:19]
[14:19:19] Hirdetés: Fa út 98 eladó 9M | Hirdetõ: Kevin R Sorrentino | Tel: 3-073-800 [14:19]
[14:19:53] [kredit][42]Kevin_R_Sorrentino kapott 1 bónusz kreditet (játszott óra)
[14:19:56] [/csere ház1] - Norbert_L_Scaletta(419) cserélt Damien_Creed(329) -el házat.
[14:20:07] Hirdetés: Értékpapír eladó!  | Hirdetõ: Nero Chorstoo | Tel: 9-013-557 [14:20]
[14:20:25] [kredit][69]James_Creed kapott 1 bónusz kreditet (játszott óra)
[14:21:35] [/alair ppont] - Kevin_R_Sorrentino vett Carlos_Brasco -tõl egy ppontott, 10,000,000 Ft-ért
[14:22:04] Keny_L_Brasco LOGINkórház jail ideje: 346 mp
[14:22:10] [kredit][55]Michael_Faraday kapott 1 bónusz kreditet (játszott óra)
[14:22:42] [kredit][52]Fekete_Erik kapott 1 bónusz kreditet (játszott óra)
[14:22:46] [BOLTRABLÁS] Thomas_Berzerk boltot rabol, összesen 1-n vannak
[14:23:41] [/alair ppont] - Lucio_Zecchin vett Carlos_Brasco -tõl egy ppontott, 10,000,000 Ft-ért
[14:23:43] Hirdetés: Grenwod eladó | Hirdetõ: Michael Faraday | Tel: 5-299-698 [14:23]
[14:23:45] [/alair ppont] - Lucio_Zecchin vett Carlos_Brasco -tõl egy ppontott, 10,000,000 Ft-ért
[14:23:48] [/alair ppont] - Lucio_Zecchin vett Carlos_Brasco -tõl egy ppontott, 10,000,000 Ft-ért
[14:23:49] [jármu átalakítás]Eredeti: 13 új 455 Tulaj: Zero_Hopkins, Rendszám: 900
[14:23:50] [BOLTRABLÁS] Thomas_Berzerk befejezte a boltrablást, 1-n maradtak, 1-n kezdték
[14:23:50] Thomas_Berzerk rabolt 1 emberrel, összeg: 37406Ft
[14:24:17] [kredit][49]Norbert_N_Ortega kapott 1 bónusz kreditet (játszott óra)
[14:25:29] Hirdetés: Grenwod eladó olcsó | Hirdetõ: Michael Faraday | Tel: 5-299-698 [14:25]
[14:25:45] [/alair ház] - Yamato_Bosco vett Kevin_R_Sorrentino -tõl egy házat 98, 8,000,000 Ft-ért
[14:25:53] [kredit][80]Valor_Colin kapott 1 bónusz kreditet (játszott óra)
[14:26:41] Hirdetés: ÉrtékPapír eladó! | Hirdetõ: Kevin R Sorrentino | Tel: 3-073-800 [14:26]
[14:27:16] Hirdetés: Groove kocsma mellet ház eladó.! | Hirdetõ: Matt Creed | Tel: 4-859-887 [14:27]
[14:27:28] [kredit][65]Horvath_Adrian kapott 1 bónusz kreditet (játszott óra)
[14:27:54] Hirdetés: ÉrtékPapír eladó! | Hirdetõ: Kevin R Sorrentino | Tel: 3-073-800 [14:27]
[14:28:26] Hirdetés: ÉrtékPapír eladó 23M | Hirdetõ: Kevin R Sorrentino | Tel: 3-073-800 [14:28]
[14:29:22] [BOLTRABLÁS] Thomas_Berzerk boltot rabol, összesen 2-n vannak
[14:29:36] [kredit][21]Jason_O_Neill kapott 1 bónusz kreditet (játszott óra)
[14:29:38] Max_Navarro kórház jail ideje: 90 mp
[14:30:08] Hirdetés: Értékpapír eladó! | Hirdetõ: Nero Chorstoo | Tel: 9-013-557 [14:30]
[14:30:25] [BOLTRABLÁS] Thomas_Berzerk befejezte a boltrablást, 2-n maradtak, 2-n kezdték
[14:30:25] Thomas_Berzerk rabolt 2 emberrel, összeg: 148515Ft
[14:30:26] Robert_Scaletta kórház jail ideje: 210 mp
[14:30:27] Stefan_D_Zecchin kórház jail ideje: 750 mp
[14:30:44] Hirdetés: Grenwod eladó nagyon olcsó | Hirdetõ: Michael Faraday | Tel: 5-299-698 [14:30]
[14:30:49] [/alair ház] - Nico_Butler vett Matt_Creed -tõl egy házat 25, 11,000,000 Ft-ért
[14:31:01] Antonn_Fedorov kórház jail ideje: 90 mp
[14:31:25] [/alair ppont] - Nico_Butler vett Kevin_R_Sorrentino -tõl egy ppontott, 20,000,000 Ft-ért
[14:31:51] Hirdetés: Értékpapír eladó! | Hirdetõ: Nero Chorstoo | Tel: 9-013-557 [14:31]
[14:32:35] Hirdetés: Grenwod eladó 1.5 millió szerelõtelepen. | Hirdetõ: Michael Faraday | Tel: 5-299-698 [14:32]
[14:32:46] [kredit][63]Zero_Hopkins kapott 1 bónusz kreditet (játszott óra)
[14:33:24] Hirdetés: Értékpapír eladó! | Hirdetõ: Nero Chorstoo | Tel: 9-013-557 [14:33]
[14:33:41] Connor_O_Neill LOGINkórház jail ideje: 90 mp
[14:34:07] [kredit][76]Thomas_Berzerk kapott 1 bónusz kreditet (játszott óra)
[14:35:11] [kredit][47]Henrik_T_Scaletta kapott 1 bónusz kreditet (játszott óra)
[14:35:11] [kredit][51]Bryan_B_Hollywood kapott 1 bónusz kreditet (játszott óra)
[14:35:38] Hirdetés: Infernus CSERÉLHETÕ!Érd:SMS | Hirdetõ: Guillermo Butler | Tel: 2-115-381 [14:35]
[14:36:37] Hirdetés: Értékpapírokat vennék | Hirdetõ: Damien Creed | Tel: 2-017-168 [14:36]
[14:37:53] [kredit][22]Akos_White kapott 1 bónusz kreditet (játszott óra)
[14:38:25] [kredit][38]Gyorgy_Boyka kapott 1 bónusz kreditet (játszott óra)
[14:38:44] Joshue_White kórház jail ideje: 89 mp
[14:38:57] [kredit][26]Don_Sorrentino kapott 1 bónusz kreditet (játszott óra)
[14:38:58] [/alair kocsi] - Kevin_R_Sorrentino vett Michael_Faraday -tõl egy Greenwood típusú jármûvet. 249 v-s rendszám, 1,200,000 Ft-ért
[14:39:22] Hirdetés: Greenwood eladó | Hirdetõ: Kevin R Sorrentino | Tel: 3-073-800 [14:39]
[14:39:29] [kredit][18]Jason_Toretto kapott 1 bónusz kreditet (játszott óra)
[14:39:46] [kredit][26]Don_Sorrentino beváltott 10 kreditet 50000Ftért
[14:40:13] Hirdetés: Értékpapír eladó 30 millióba! Alkudva min. 25 millió! | Hirdetõ: Nero Chorstoo | Tel: 9-013-557 [14:40]
[14:41:03] [BOLTRABLÁS] Thomas_Berzerk boltot rabol, összesen 3-n vannak
[14:42:06] [BOLTRABLÁS] Thomas_Berzerk befejezte a boltrablást, 3-n maradtak, 3-n kezdték
[14:42:06] Thomas_Berzerk rabolt 3 emberrel, összeg: 330074Ft
[14:42:08] [kredit][75]Krist_Roscoe kapott 1 bónusz kreditet (játszott óra)
[14:42:45] Alvilág: Van egy eladó M4em | Hirdetõ: Chris S Black | Tel: 6-155-281 [14:42]
[14:43:12] [kredit][66]Chris_S_Black kapott 1 bónusz kreditet (játszott óra)
[14:44:17] Hirdetés: Kármûvet veszek | Hirdetõ: Antonn Fedorov | Tel: 5-141-402 [14:44]
[14:44:29] Thomas_Russo kórház jail ideje: 89 mp
[14:44:45] Charlie_Leanders kórház jail ideje: 270 mp
[14:45:01] Thomas_Berzerk kórház jail ideje: 90 mp
[14:45:52] [kredit][24]Fujiwara_Takumi kapott 1 bónusz kreditet (játszott óra)
[14:47:18] [ujmodel]John_B_Hollywood átlakaította 517 rendszámû 565 típusú kocsit 65-é. Tulaj: 
[14:47:28] [kredit][16]John_B_Hollywood kapott 1 bónusz kreditet (játszott óra)
[14:47:59] Alvilág: M4 eladó gyorsan | Hirdetõ: Chris S Black | Tel: 6-155-281 [14:47]
[14:48:00] [kredit][43]Dave_Stinson kapott 1 bónusz kreditet (játszott óra)
[14:48:31] [kredit][46]Kiraly_Viktor kapott 1 bónusz kreditet (játszott óra)
[14:48:56] [ujmodel]John_B_Hollywood átlakaította 866 rendszámû 457 típusú kocsit 82-é. Tulaj: 
[14:48:58] Hirdetés: Jarmuvet vennek cserebe Ertekpappirt ajanlok ' | Hirdetõ: Nico Butler | Tel: 7-488-958 [14:48]
[14:49:40] Hirdetés: Jarmuvet vennek cserebe Ertekpappirt ajanlok ! | Hirdetõ: Nico Butler | Tel: 7-488-958 [14:49]
[14:50:12] Joker_Creed kórház jail ideje: 90 mp
[14:50:39] [kredit][67]Nero_Chorstoo kapott 1 bónusz kreditet (játszott óra)
[14:50:49] [ujmodel]John_B_Hollywood átlakaította 674 rendszámû 487 típusú kocsit 78-é. Tulaj: 
[14:51:35] [/ram] Kevin_S_Tomasso - 378-s ház
[14:51:45] [kredit][54]Georg_B_Freeman kapott 1 bónusz kreditet (játszott óra)
[14:52:18] [kredit][35]Perez_Esteban kapott 1 bónusz kreditet (játszott óra)
[14:52:26] [ujmodel]John_B_Hollywood átlakaította 520 rendszámû 560 típusú kocsit 68-é. Tulaj: 
[14:52:28] Kevin_S_Tomasso kórház jail ideje: 510 mp
[14:52:49] [kredit][20]Nico_Butler kapott 1 bónusz kreditet (játszott óra)
[14:53:39] Akos_White kórház jail ideje: 89 mp
[14:54:12] [Frakció jármû ellopása]Név: Valor_Colin Kocsi: 12
[14:54:25] [kredit][28]Antonn_Fedorov kapott 1 bónusz kreditet (játszott óra)
[14:56:00] [kredit][34]Joker_Creed kapott 1 bónusz kreditet (játszott óra)
[14:57:41] [ujmodel]John_B_Hollywood átlakaította 818 rendszámû 609 típusú kocsit 76-é. Tulaj: 
[14:58:39] [kredit][31]Marcel_B_Hollywood kapott 1 bónusz kreditet (játszott óra)
[14:59:10] [kredit][32]Nick_R_Wilson kapott 1 bónusz kreditet (játszott óra)
[14:59:32] Akos_White kórház jail ideje: 90 mp
[14:59:42] [kredit][59]Tom_Mulex kapott 1 bónusz kreditet (játszott óra)
[15:00:14] [kredit][40]Lorand_B_Hollywood kapott 1 bónusz kreditet (játszott óra)
[15:00:14] [kredit][53]Betty_O_Neill kapott 1 bónusz kreditet (játszott óra)
[15:00:18] Antonn_Fedorov kórház jail ideje: 90 mp
[15:00:46] [kredit][57]Joe_Surenos kapott 1 bónusz kreditet (játszott óra)
[15:02:09] Joker_Creed kórház jail ideje: 90 mp
[15:02:22] [kredit][45]Usate_Krukenberg kapott 1 bónusz kreditet (játszott óra)
[15:02:22] [kredit][48]Shura_Sharma kapott 1 bónusz kreditet (játszott óra)
[15:05:00] [kredit][56]Tom_Torres kapott 1 bónusz kreditet (játszott óra)
[15:05:31] [kredit][70]Max_D_Freeman kapott 1 bónusz kreditet (játszott óra)
[15:05:54] [ujmodel]John_B_Hollywood átlakaította 523 rendszámû 560 típusú kocsit 70-é. Tulaj: 
[15:06:03] [kredit][20]Damien_Creed kapott 1 bónusz kreditet (játszott óra)
[15:06:35] [kredit][71]Robert_Scaletta kapott 1 bónusz kreditet (játszott óra)
[15:08:11] [kredit][53]Mate_Richard kapott 1 bónusz kreditet (játszott óra)
[15:08:42] [kredit][36]Raul_Butler kapott 1 bónusz kreditet (játszott óra)
[15:09:38] Hirdetés: Hazat/Jarmuvet Vennek ! | Hirdetõ: Nico Butler | Tel: 7-488-958 [15:09]
[15:09:57] Jin_Sorrentino LOGINkórház jail ideje: 181 mp
[15:10:18] Lucio_Zecchin kórház jail ideje: 1529 mp
[15:10:50] [kredit][50]Gyongyosi_Lajos kapott 1 bónusz kreditet (játszott óra)
[15:11:22] [kredit][22]Dave_Stone kapott 1 bónusz kreditet (játszott óra)
[15:11:31] Adele_Scaletta LOGINkórház jail ideje: 83 mp
[15:12:26] [kredit][23]Carlos_Brasco kapott 1 bónusz kreditet (játszott óra)
[15:13:30] [kredit][41]Lucio_Zecchin kapott 1 bónusz kreditet (játszott óra)
[15:13:30] [kredit][73]Torres_Butler kapott 1 bónusz kreditet (játszott óra)
[15:14:01] Thomas_Berzerk LOGINkórház jail ideje: 57 mp
[15:14:32] Hirdetés: Értékpapír eladó! | Hirdetõ: Cody Aciano | Tel: 5-778-174 [15:14]
[15:16:15] Carlos_Brasco kórház jail ideje: 1230 mp
[15:16:31] [Frakció jármû ellopása]Név: Valor_Colin Kocsi: 77
[15:17:44] [kredit][62]Nelson_Washington kapott 1 bónusz kreditet (játszott óra)
[15:18:48] [kredit][61]Yamato_Bosco kapott 1 bónusz kreditet (játszott óra)
[15:19:19] [ujmodel]John_B_Hollywood átlakaította 522 rendszámû 402 típusú kocsit 78-é. Tulaj: 
[15:19:20] [kredit][27]Tyler_Wish kapott 1 bónusz kreditet (játszott óra)
[15:20:31] Hirdetés: Jarmuvet Vennek  | Hirdetõ: Nico Butler | Tel: 7-488-958 [15:20]
[15:21:00] Lucio_Zecchin LOGINkórház jail ideje: 1292 mp
[15:21:20] Hirdetés: Értékpapírt vennék | Hirdetõ: Gyorgy Boyka | Tel: 3-344-812 [15:21]
[15:21:26] [kredit][68]Charlie_Leanders kapott 1 bónusz kreditet (játszott óra)
[15:21:58] [kredit][39]Cody_Aciano kapott 1 bónusz kreditet (játszott óra)
[15:23:33] [kredit][25]Sergei_B_Dueno kapott 1 bónusz kreditet (játszott óra)
[15:23:45] Hirdetés: Értékpapírt vennék | Hirdetõ: Gyorgy Boyka | Tel: 3-344-812 [15:23]
[15:24:05] [kredit][30]Demeter_Jozsef kapott 1 bónusz kreditet (játszott óra)
[15:24:19] [kredit][41]James_Creed beváltott 50 kreditet 262g kokainért
[15:24:37] [kredit][56]Bentner_K_White kapott 1 bónusz kreditet (játszott óra)
[15:25:08] [kredit][35]Chris_D_Black kapott 1 bónusz kreditet (játszott óra)
[15:25:40] [kredit][41]James_Creed kapott 1 bónusz kreditet (játszott óra)
[15:25:42] [ujmodel]John_B_Hollywood átlakaította 773 rendszámû 468 típusú kocsit 68-é. Tulaj: 
[15:26:12] [kredit][23]Sam_Witwicky kapott 1 bónusz kreditet (játszott óra)
[15:27:05] Zack_B_Zecchin LOGINkórház jail ideje: 80 mp
[15:27:15] [kredit][26]Max_Navarro kapott 1 bónusz kreditet (játszott óra)
[15:27:15] [kredit][54]Michael_Faraday kapott 1 bónusz kreditet (játszott óra)
[15:27:38] Lucio_Zecchin LOGINkórház jail ideje: 1007 mp
[15:27:47] [kredit][21]Dukai_Roland kapott 1 bónusz kreditet (játszott óra)
[15:28:04] Bentner_K_White LOGINkórház jail ideje: 90 mp
[15:28:50] [kredit][51]Atsuya_D_Freeman kapott 1 bónusz kreditet (játszott óra)
[15:30:38] [ujmodel]John_B_Hollywood átlakaította 869 rendszámû 566 típusú kocsit 82-é. Tulaj: 
[15:30:57] Hirdetés: A Grove Kocsma Pultosokat Keres! Erd.SMS | Hirdetõ: Nico Butler | Tel: 7-488-958 [15:30]
[15:31:46] [BOLTRABLÁS] Thomas_Berzerk boltot rabol, összesen 2-n vannak
[15:32:01] [kredit][57]Norbert_N_Ortega kapott 1 bónusz kreditet (játszott óra)
[15:32:33] Zero_Hopkins LOGINkórház jail ideje: 90 mp
[15:32:50] [BOLTRABLÁS] Thomas_Berzerk befejezte a boltrablást, 1-n maradtak, 2-n kezdték
[15:32:50] Thomas_Berzerk rabolt 1 emberrel, összeg: 37406Ft
[15:33:59] [ujmodel]John_B_Hollywood átlakaította 809 rendszámû 517 típusú kocsit 84-é. Tulaj: 
[15:34:07] [kredit][43]Joshue_White kapott 1 bónusz kreditet (játszott óra)
[15:43:37] Richard_R_Wilson LOGINkórház jail ideje: 0 mp
[15:45:04] Lucio_Zecchin LOGINkórház jail ideje: 546 mp
[15:46:13] [ujmodel]John_B_Hollywood átlakaította 837 rendszámû 517 típusú kocsit 84-é. Tulaj: 
[15:49:09] [ujmodel]John_B_Hollywood átlakaította 641 rendszámû 506 típusú kocsit 78-é. Tulaj: 
[15:49:18] Jason_B_Hollywood LOGINkórház jail ideje: 241 mp
[15:49:30] [kredit][40]Horvath_Adrian kapott 1 bónusz kreditet (játszott óra)
[15:53:24] Usate_Krukenberg kórház jail ideje: 88 mp
[15:53:56] Ventura_Zecchin LOGINkórház jail ideje: 0 mp
[15:55:57] [kredit][20]Victor_Jr_Zecchin kapott 1 bónusz kreditet (játszott óra)
[15:57:03] [kredit][45]Henrik_T_Scaletta kapott 1 bónusz kreditet (játszott óra)
[15:57:36] [kredit][37]Chris_S_Black kapott 1 bónusz kreditet (játszott óra)
[15:58:42] [kredit][51]Zero_Hopkins kapott 1 bónusz kreditet (játszott óra)
[15:58:42] Archie_B_Hollywood kórház jail ideje: 90 mp
[15:59:14] [kredit][42]Archie_B_Hollywood kapott 1 bónusz kreditet (játszott óra)
[16:00:20] [kredit][33]John_B_Hollywood kapott 1 bónusz kreditet (játszott óra)
[16:01:57] [kredit][16]Cseszka_R_Davidson kapott 1 bónusz kreditet (játszott óra)
[16:02:29] [kredit][60]Markus_D_Zecchin kapott 1 bónusz kreditet (játszott óra)
[16:02:56] [ujmodel]John_B_Hollywood átlakaította 863 rendszámû 429 típusú kocsit 78-é. Tulaj: 
[16:03:02] [kredit][26]Dave_R_Vincenzo kapott 1 bónusz kreditet (játszott óra)
[16:04:52] Marcell_O_Neill kórház jail ideje: 90 mp
[16:05:29] [/csere kocsi1] - Darius_N_Ortega(401 - Infernus) cserélt Norbert_N_Ortega(43 - Sultan) -el kocsit.
[16:06:06] [/csere kocsi1] - Darius_N_Ortega(43 - Sultan) cserélt Norbert_N_Ortega(218 - Shamal) -el kocsit.
[16:07:30] [kredit][31]Ryan_Lennox kapott 1 bónusz kreditet (játszott óra)
[16:08:43] [ujmodel]John_B_Hollywood átlakaította 566 rendszámû 482 típusú kocsit 66-é. Tulaj: 
[16:09:10] [kredit][28]Levi_R_Zecchin kapott 1 bónusz kreditet (játszott óra)
[16:10:16] [kredit][46]Patrik_O_Neill kapott 1 bónusz kreditet (játszott óra)
[16:11:18] Ray_Washington LOGINkórház jail ideje: 346 mp
[16:12:07] Ray_Washington LOGINkórház jail ideje: 320 mp
[16:12:34] Hirdetés: Értékpapírt veszek! | Hirdetõ: Cseszka R Davidson | Tel: 4-564-490 [16:12]
[16:12:46] Keny_L_Brasco LOGINkórház jail ideje: 326 mp
[16:12:59] [ujmodel]John_B_Hollywood átlakaította 560 rendszámû 560 típusú kocsit 74-é. Tulaj: 
[16:13:34] [kredit][24]Hugo_Sanchez kapott 1 bónusz kreditet (játszott óra)
[16:14:07] Don_Sorrentino kórház jail ideje: 90 mp
[16:14:41] [kredit][21]Darius_N_Ortega kapott 1 bónusz kreditet (játszott óra)
[16:14:41] [kredit][57]Ray_Washington kapott 1 bónusz kreditet (játszott óra)
[16:14:50] Cesar_Johnson kórház jail ideje: 90 mp
[16:15:25] Hirdetés: Értékpapírt veszek! | Hirdetõ: Cseszka R Davidson | Tel: 4-564-490 [16:15]
[16:15:47] [kredit][35]Preston_R_Wilson kapott 1 bónusz kreditet (játszott óra)
[16:16:53] [kredit][22]Georg_B_Freeman kapott 1 bónusz kreditet (játszott óra)
[16:17:06] Chris_S_Black kórház jail ideje: 390 mp
[16:17:16] Levi_R_Zecchin kórház jail ideje: 90 mp
[16:17:18] [/buyhouse] - Georg_B_Freeman vett egy házat 108, 2,500,000 Ft-ért
[16:17:42] Ryder_T_Zecchin LOGINkórház jail ideje: 7 mp
[16:20:02] =====[ Játékos bejelentés érkezett ]=====
[16:20:02] Elkövetõ: [55]Steve_J_Sorrentino | Bejelentõ: [63]Mark_B_Hollywood
[16:20:02] Tett: {FFFF00}hunterrel repked csak úgy a városban
[16:20:10] [kredit][59]Emanuel_Garcia kapott 1 bónusz kreditet (játszott óra)
[16:22:39] [/alair biznisz] - Georg_B_Freeman vett Archie_B_Hollywood -tõl egy ~l~ !~r~Archie ~r~Media~l~! bizniszt, 500,000 Ft-ért
[16:22:41] Hirdetés: Értékpapírt vennék! | Hirdetõ: Cseszka R Davidson | Tel: 4-564-490 [16:22]
[16:22:48] Dave_R_Vincenzo kórház jail ideje: 89 mp
[16:22:57] [kredit][47]Usate_Krukenberg kapott 1 bónusz kreditet (játszott óra)
[16:23:27] Oberth_Andras LOGINkórház jail ideje: 90 mp
[16:23:30] [kredit][39]Shura_Sharma kapott 1 bónusz kreditet (játszott óra)
[16:23:35] Hugo_Sanchez kórház jail ideje: 450 mp
[16:24:19] Mark_B_Hollywood kórház jail ideje: 90 mp
[16:24:43] =====[ Játékos bejelentés érkezett ]=====
[16:24:43] Elkövetõ: [58]Marcel_B_Hollywood | Bejelentõ: [24]Hugo_Sanchez
[16:24:43] Tett: {FFFF00}cheat gyanû
[16:25:10] [kredit][58]Marcel_B_Hollywood kapott 1 bónusz kreditet (játszott óra)
[16:25:44] [kredit][23]Tom_Torres kapott 1 bónusz kreditet (játszott óra)
[16:26:17] [kredit][48]Bent_Washington kapott 1 bónusz kreditet (játszott óra)
[16:27:24] [kredit][55]Steve_J_Sorrentino kapott 1 bónusz kreditet (játszott óra)
[16:27:36] Hirdetés: házat veszek | Hirdetõ: Norbert N Ortega | Tel: 8-058-468 [16:27]
[16:28:36] Hirdetés: házat veszek | Hirdetõ: Norbert N Ortega | Tel: 8-058-468 [16:28]
[16:29:04] [kredit][16]David_Toretto kapott 1 bónusz kreditet (játszott óra)
[16:29:04] [kredit][19]Jin_Sorrentino kapott 1 bónusz kreditet (játszott óra)
[16:29:04] [kredit][63]Mark_B_Hollywood kapott 1 bónusz kreditet (játszott óra)
[16:29:42] [kredit][20]Nelson_Washington beváltott 50 kreditet 262g kokainért
[16:29:43] Hirdetés: Értékpapít vennék!((PPont)) | Hirdetõ: Cseszka R Davidson | Tel: 4-564-490 [16:29]
[16:30:25] Hirdetés: házat veszek | Hirdetõ: Norbert N Ortega | Tel: 8-058-468 [16:30]
[16:30:40] [/v vásárol] - Sergei_B_Dueno vett egy Levy_B_Hollywood -tõl egy Sultan típusú jármûvet. 21 v-s rendszám.
[16:30:40] [/v vásárol] - UID: 8177165 nem kapta meg az utalást, mentve az összeg: 31,680,000 Ft. Kocsi Sultan
[16:30:43] [kredit][54]Antonn_Fedorov kapott 1 bónusz kreditet (játszott óra)
[16:31:17] [kredit][61]Daniel_Sedin kapott 1 bónusz kreditet (játszott óra)
[16:32:44] Hirdetés: Értékpapít vennék!((PPont)) | Hirdetõ: Cseszka R Davidson | Tel: 4-564-490 [16:32]
[16:33:29] [kredit][34]Kevin_L_Saltzman kapott 1 bónusz kreditet (játszott óra)
[16:33:29] [kredit][53]Elwood_JR_Sorrentino kapott 1 bónusz kreditet (játszott óra)
[16:34:01] [kredit][44]Betty_O_Neill kapott 1 bónusz kreditet (játszott óra)
[16:34:34] [kredit][20]Nelson_Washington kapott 1 bónusz kreditet (játszott óra)
[16:34:39] Pablo_Scaletta kórház jail ideje: 89 mp
[16:35:40] [kredit][25]Valor_Colin kapott 1 bónusz kreditet (játszott óra)
[16:36:13] [kredit][40]Don_Sorrentino kapott 1 bónusz kreditet (játszott óra)
[16:36:46] Hirdetés: Szõrös mint a majom? Soha többet! Itt az új EP epilátort! Higgye el megéri!  | Hirdetõ: Dominic Vincenzo | Tel: 9-686-365 [16:36]
[16:38:24] [kredit][60]Nadasi_Gyorgy kapott 1 bónusz kreditet (játszott óra)
[16:38:56] [kredit][28]Milinte_Brasco kapott 1 bónusz kreditet (játszott óra)
[16:41:41] [kredit][48]Daniel_Scaletta kapott 1 bónusz kreditet (játszott óra)
[16:43:19] [kredit][30]Max_Navarro kapott 1 bónusz kreditet (játszott óra)
[16:43:52] Marcel_B_Hollywood kórház jail ideje: 870 mp
[16:46:02] [kredit][22]Atsuya_D_Freeman kapott 1 bónusz kreditet (játszott óra)
[16:46:35] [kredit][56]Norbert_N_Ortega kapott 1 bónusz kreditet (játszott óra)
[16:47:41] [kredit][17]Damien_Creed kapott 1 bónusz kreditet (játszott óra)
[18:41:39] Hirdetés: A NAV felvételt tart, jelentkezni személyesen és a honlapon lehet!((fórum)) | Hirdetõ: Ryan Lennox | Tel: 1-031-651 [18:41]
[18:42:09] [BOLTRABLÁS] Yamato_Bosco boltot rabol, összesen 1-n vannak
[18:43:11] [BOLTRABLÁS] Yamato_Bosco befejezte a boltrablást, 1-n maradtak, 1-n kezdték
[18:43:11] Yamato_Bosco rabolt 1 emberrel, összeg: 37406Ft
[18:43:47] Hirdetés: legális admin valahol?? | Hirdetõ: David P Taylor | Tel: 7-311-336 [18:43]
[18:52:41] [BOLTRABLÁS] Yamato_Bosco boltot rabol, összesen 1-n vannak
[18:53:44] [BOLTRABLÁS] Yamato_Bosco befejezte a boltrablást, 1-n maradtak, 1-n kezdték
[18:53:44] Yamato_Bosco rabolt 1 emberrel, összeg: 37406Ft
[18:53:53] [kredit][1]Radovan_S_Barett kapott 1 bónusz kreditet (játszott óra)
