[00:05:53] [kredit][21]Angelina_Freeman kapott 1 bónusz kreditet (játszott óra)
[00:13:39] [/v vesz] - Nagato_Brasco vett Marcell_O_Neill -tõl egy HotringA típusú jármûvet. 118 v-s rendszám.
[00:15:53] [kredit][22]Patrik_O_Neill kapott 1 bónusz kreditet (játszott óra)
[00:31:40] [kredit][25]Daniel_Gatsby kapott 1 bónusz kreditet (játszott óra)
[00:35:21] [kredit][23]Nagato_Brasco kapott 1 bónusz kreditet (játszott óra)
[00:45:53] [kredit][17]Oliver_Aciano kapott 1 bónusz kreditet (játszott óra)
[00:47:02] [/v vesz] - Archie_B_Hollywood vett Marcell_O_Neill -tõl egy Sultan típusú jármûvet. 119 v-s rendszám.
[00:56:27] [kredit][27]Marcell_O_Neill kapott 1 bónusz kreditet (játszott óra)
[00:56:58] [kredit][20]Archie_B_Hollywood kapott 1 bónusz kreditet (játszott óra)
[01:02:26] Angelina_Freeman kórház jail ideje: 90 mp
[01:09:28] [kredit][17]Edie_Morra kapott 1 bónusz kreditet (játszott óra)
[02:22:46] [kredit][17]Nagato_Brasco kapott 1 bónusz kreditet (játszott óra)
[02:23:16] [kredit][16]Algernon_Youngmay kapott 1 bónusz kreditet (játszott óra)
[02:43:36] Algernon_Youngmay kórház jail ideje: 90 mp
[03:24:33] [kredit][17]Nagato_Brasco kapott 1 bónusz kreditet (játszott óra)
[03:46:17] [kredit][18]Algernon_Youngmay kapott 1 bónusz kreditet (játszott óra)
[04:15:46] [kredit][16]Marcell_O_Neill kapott 1 bónusz kreditet (játszott óra)
[04:26:38] [kredit][17]Nagato_Brasco kapott 1 bónusz kreditet (játszott óra)
[05:44:48] [kredit][17]Jimmy_Doherty kapott 1 bónusz kreditet (játszott óra)
[06:46:07] [kredit][16]Toth_Martin kapott 1 bónusz kreditet (játszott óra)
[08:47:47] [kredit][16]Damian_Da_Silva kapott 1 bónusz kreditet (játszott óra)
[09:15:38] [kredit][16]Jim_Cortez kapott 1 bónusz kreditet (játszott óra)
[09:28:03] [kredit][17]Henrik_Karlson kapott 1 bónusz kreditet (játszott óra)
