[01:15:21] [kredit][18]Yamato_Bosco kapott 1 bónusz kreditet (játszott óra)
[01:16:55] [kredit][21]Krisztofer_Vincenzo kapott 1 bónusz kreditet (játszott óra)
[01:17:26] [kredit][1]Elwood_JR_Sorrentino kapott 1 bónusz kreditet (játszott óra)
[01:22:13] << Oliver_Aciano megváltoztatta a mûsornevet erre: Music Radió >>
[01:22:33] Marcell_O_Neill LOGINkórház jail ideje: 78 mp
[01:22:48] Hirdetés: Új lakosoknak körbevezetést válallok! | Hirdetõ: David Toretto | Tel: 1-710-986 [01:22]
[01:26:50] [kredit][18]Milinte_Brasco kapott 1 bónusz kreditet (játszott óra)
[01:27:52] [kredit][22]Henrik_T_Scaletta kapott 1 bónusz kreditet (játszott óra)
[01:36:12] [kredit][19]Oliver_Aciano kapott 1 bónusz kreditet (játszott óra)
[02:02:00] Edie_Morra kórház jail ideje: 266 mp
[02:03:51] Krisztofer_Vincenzo LOGINkórház jail ideje: 83 mp
[02:22:56] [kredit][0]Elwood_JR_Sorrentino kapott 1 bónusz kreditet (játszott óra)
[02:23:28] [kredit][21]Krisztofer_Vincenzo kapott 1 bónusz kreditet (játszott óra)
[02:24:30] [kredit][20]Edie_Morra kapott 1 bónusz kreditet (játszott óra)
[02:32:52] [kredit][2]Don_Sorrentino kapott 1 bónusz kreditet (játszott óra)
[02:32:52] [kredit][22]Milinte_Brasco kapott 1 bónusz kreditet (játszott óra)
[02:53:13] [kredit][1]Tom_Torres kapott 1 bónusz kreditet (játszott óra)
[02:56:21] [kredit][3]David_P_Taylor kapott 1 bónusz kreditet (játszott óra)
[03:00:10] Krisztofer_Vincenzo kórház jail ideje: 90 mp
[03:02:51] Tom_Torres LOGINkórház jail ideje: 90 mp
[03:10:25] [kredit][23]Henrik_T_Scaletta kapott 1 bónusz kreditet (játszott óra)
[03:27:04] [kredit][20]Edie_Morra kapott 1 bónusz kreditet (játszott óra)
[03:33:16] Steve_Aoki kórház jail ideje: 269 mp
[03:33:50] [kredit][0]Steve_Aoki kapott 1 bónusz kreditet (játszott óra)
[03:35:24] [kredit][2]Don_Sorrentino kapott 1 bónusz kreditet (játszott óra)
[03:35:24] [kredit][22]Milinte_Brasco kapott 1 bónusz kreditet (játszott óra)
[03:58:45] [kredit][0]Tom_Torres kapott 1 bónusz kreditet (játszott óra)
[04:31:08] Hirdetés: Csákány irc 8 | Hirdetõ: Tom Torres | Tel: 9-085-418 [04:31]
[08:04:38] Chris_S_Black LOGINkórház jail ideje: 356 mp
[08:18:19] Hirdetés: NRG-500 eladó | Hirdetõ: Blake Browns | Tel: 8-795-490 [08:18]
[08:18:54] [kredit][1]Blake_Browns kapott 1 bónusz kreditet (játszott óra)
[08:19:36] Hirdetés: NRG-500 eladó | Hirdetõ: Blake Browns | Tel: 8-795-490 [08:19]
[08:57:04] [ujmodel]John_B_Hollywood átlakaította 527 rendszámû 559 típusú kocsit 90-é. Tulaj: 
[09:14:19] Lucio_Zecchin LOGINkórház jail ideje: 194 mp
[09:14:56] [/v vásárol] - Stefan_Berger vett egy Marcel_B_Hollywood -tõl egy Greenwood típusú jármûvet. 249 v-s rendszám.
[09:14:56] [/v vásárol] - UID: 8178553 nem kapta meg az utalást, mentve az összeg: 8,910,000 Ft. Kocsi Greenwood
[09:21:27] [kredit][20]Terno_Tommys kapott 1 bónusz kreditet (játszott óra)
[09:22:29] [kredit][19]Antonn_Fedorov kapott 1 bónusz kreditet (játszott óra)
[09:27:43] [kredit][21]Emma_Stone kapott 1 bónusz kreditet (játszott óra)
[09:38:53] [Saját jármû feltörése]Név: Stefan_Berger Kocsi: 622
[09:40:29] [kredit][31]Leone_Thomasino kapott 1 bónusz kreditet (játszott óra)
[09:47:28] [kredit][32]Darius_N_Ortega kapott 1 bónusz kreditet (játszott óra)
[09:52:44] [kredit][23]Joe_Surenos kapott 1 bónusz kreditet (játszott óra)
[09:55:24] [kredit][17]Atsuya_D_Freeman kapott 1 bónusz kreditet (játszott óra)
[09:59:39] Don_Sorrentino LOGINkórház jail ideje: 90 mp
[10:00:09] [kredit][35]Valor_Colin kapott 1 bónusz kreditet (játszott óra)
[10:00:38] Hirdetés: Értékpapír eladó. | Hirdetõ: Matt Creed | Tel: 4-859-887 [10:00]
[10:09:45] [kredit][18]Kazuyoshi_Akira kapott 1 bónusz kreditet (játszott óra)
[10:10:49] [kredit][0]Dave_R_Vincenzo kapott 1 bónusz kreditet (játszott óra)
[10:12:19] [BOLTRABLÁS] Georg_B_Hollywood boltot rabol, összesen 1-n vannak
[10:12:43] Jin_Sorrentino kórház jail ideje: 270 mp
[10:12:43] Nelson_Washington kórház jail ideje: 630 mp
[10:13:22] [BOLTRABLÁS] Georg_B_Hollywood befejezte a boltrablást, 1-n maradtak, 1-n kezdték
[10:13:22] Georg_B_Hollywood rabolt 1 emberrel, összeg: 37406Ft
[10:13:29] [kredit][38]Nick_Ramos kapott 1 bónusz kreditet (játszott óra)
[10:16:45] [kredit][35]Norbert_N_Ortega kapott 1 bónusz kreditet (játszott óra)
[10:19:52] [BOLTRABLÁS] Charlie_Leanders boltot rabol, összesen 5-n vannak
[10:20:51] Kyabi_Kushiki LOGINkórház jail ideje: 0 mp
[10:22:00] [BOLTRABLÁS] Charlie_Leanders befejezte a boltrablást, 5-n maradtak, 5-n kezdték
[10:22:00] Charlie_Leanders rabolt 5 emberrel, összeg: 882353Ft
[10:28:23] [BOLTRABLÁS] Charlie_Leanders boltot rabol, összesen 5-n vannak
[10:30:48] Hirdetés: Jármûvet veszek | Hirdetõ: Antonn Fedorov | Tel: 5-141-402 [10:30]
[10:32:19] [kredit][25]Kevin_S_Tomasso kapott 1 bónusz kreditet (játszott óra)
[10:32:51] [kredit][30]Antonn_Fedorov kapott 1 bónusz kreditet (játszott óra)
[10:33:23] [kredit][33]Charlie_Leanders kapott 1 bónusz kreditet (játszott óra)
[10:33:42] [BOLTRABLÁS] Dave_Stinson befejezte a boltrablást, 3-n maradtak, 5-n kezdték
[10:33:42] Dave_Stinson rabolt 3 emberrel, összeg: 330074Ft
[10:34:09] Hirdetés: Olcso hazat,kocsit veszek! | Hirdetõ: Max D Freeman | Tel: 8-247-270 [10:34]
[10:34:27] [kredit][38]Blake_Browns kapott 1 bónusz kreditet (játszott óra)
[10:35:59] Jin_Sorrentino kórház jail ideje: 330 mp
[10:37:07] [kredit][17]Ralf_S_Tomasso kapott 1 bónusz kreditet (játszott óra)
[10:38:14] Valor_Colin kórház jail ideje: 89 mp
[10:38:14] Matt_Creed kórház jail ideje: 990 mp
[10:39:15] [kredit][29]Tyler_Wish kapott 1 bónusz kreditet (játszott óra)
[10:39:32] Lapos_Istvan kórház jail ideje: 90 mp
[10:39:50] Hirdetés: Olcso hazat veszek! | Hirdetõ: Max D Freeman | Tel: 8-247-270 [10:39]
[10:39:51] Strong_D_Black kórház jail ideje: 269 mp
[10:40:05] Atsuya_D_Freeman kórház jail ideje: 90 mp
[10:41:23] [kredit][28]Gaspar_David kapott 1 bónusz kreditet (játszott óra)
[10:42:25] [/alair kocsi] - Dave_R_Vincenzo vett Blake_Browns -tõl egy NRG500 típusú jármûvet. 121 v-s rendszám, 10,000,000 Ft-ért
[10:44:04] [kredit][23]Nelson_Washington kapott 1 bónusz kreditet (játszott óra)
[10:45:40] [kredit][37]Matt_Creed kapott 1 bónusz kreditet (játszott óra)
[10:46:12] [kredit][39]Cody_Aciano kapott 1 bónusz kreditet (játszott óra)
[10:47:12] Hirdetés: Infernus érdekel | Hirdetõ: Blake Browns | Tel: 8-795-490 [10:47]
[10:48:19] [kredit][22]Leone_Thomasino kapott 1 bónusz kreditet (játszott óra)
[10:48:24] Hirdetés: Infernus érdekel | Hirdetõ: Blake Browns | Tel: 8-795-490 [10:48]
[10:49:57] [kredit][24]Lucio_Zecchin kapott 1 bónusz kreditet (játszott óra)
[10:51:01] [kredit][31]Usate_Krukenberg kapott 1 bónusz kreditet (játszott óra)
[10:52:04] [kredit][34]Krist_Roscoe kapott 1 bónusz kreditet (játszott óra)
[10:52:36] [kredit][42]Bentner_K_White kapott 1 bónusz kreditet (játszott óra)
[10:53:08] [kredit][43]Elwood_JR_Sorrentino kapott 1 bónusz kreditet (játszott óra)
[10:53:40] [kredit][36]Strong_D_Black kapott 1 bónusz kreditet (játszott óra)
[10:55:16] [kredit][41]Victor_Jr_Zecchin kapott 1 bónusz kreditet (játszott óra)
[10:55:48] [kredit][44]Jizzy_Mc_Deguchi kapott 1 bónusz kreditet (játszott óra)
[10:55:49] Strong_D_Black kórház jail ideje: 90 mp
[10:55:54] Antonn_Fedorov kórház jail ideje: 270 mp
[10:56:19] [kredit][19]Victor_Gonzales kapott 1 bónusz kreditet (játszott óra)
[10:56:19] [kredit][27]Harold_G_Freeman kapott 1 bónusz kreditet (játszott óra)
[10:56:51] [kredit][21]Georg_B_Hollywood kapott 1 bónusz kreditet (játszott óra)
[10:57:20] [BOLTRABLÁS] Lucio_Zecchin boltot rabol, összesen 1-n vannak
[10:57:55] [kredit][26]Darius_N_Ortega kapott 1 bónusz kreditet (játszott óra)
[10:58:24] [BOLTRABLÁS] Lucio_Zecchin befejezte a boltrablást, 1-n maradtak, 1-n kezdték
[10:58:24] Lucio_Zecchin rabolt 1 emberrel, összeg: 37406Ft
[10:59:17] Lucio_Zecchin kórház jail ideje: 210 mp
[10:59:17] Leone_Thomasino kórház jail ideje: 210 mp
[11:01:08] Georg_B_Hollywood kórház jail ideje: 390 mp
[11:01:47] Alvilág: Grove Street Families Tagokat Keres! Info:SMS | Hirdetõ: Martin B Zecchin | Tel: 7-938-280 [11:01]
[11:04:18] [kredit][32]Atsuya_D_Freeman kapott 1 bónusz kreditet (játszott óra)
[11:06:13] Alvilág: 2 db sniper,1 db m4,2 db ak47 eladó! | Hirdetõ: Victor Jr Zecchin | Tel: 9-734-194 [11:06]
[11:07:57] Alvilág: 2 db sniper,1 db m4,2 db ak47 eladó! | Hirdetõ: Victor Jr Zecchin | Tel: 9-734-194 [11:07]
[11:08:03] [kredit][42]Gyongyosi_Lajos kapott 1 bónusz kreditet (játszott óra)
[11:08:33] Hirdetés: Japán Étterem felvételt hírdet! Érd:Honlap SMS ((Fórum)) | Hirdetõ: Darius N Ortega | Tel: 8-878-070 [11:08]
[11:08:35] [kredit][48]Stefan_Berger kapott 1 bónusz kreditet (játszott óra)
[11:09:08] [kredit][35]Valor_Colin kapott 1 bónusz kreditet (játszott óra)
[11:11:26] Matt_Creed LOGINkórház jail ideje: 137 mp
[11:13:26] [kredit][40]Joe_Gates kapott 1 bónusz kreditet (játszott óra)
[11:14:30] [kredit][38]Don_Sorrentino kapott 1 bónusz kreditet (játszott óra)
[11:15:02] [kredit][32]Mark_B_Hollywood kapott 1 bónusz kreditet (játszott óra)
[11:15:28] Markus_D_Zecchin kórház jail ideje: 210 mp
[11:15:39] =====[ Játékos bejelentés érkezett ]=====
[11:15:39] Elkövetõ: [23]Nelson_Washington | Bejelentõ: [32]Mark_B_Hollywood
[11:15:39] Tett: {FFFF00}Civil skinbe akciózik!!
[11:16:38] [kredit][46]Dave_Stinson kapott 1 bónusz kreditet (játszott óra)
[11:17:43] [kredit][37]Thomas_Berzerk kapott 1 bónusz kreditet (játszott óra)
[11:17:43] [kredit][53]Kazuyoshi_Akira kapott 1 bónusz kreditet (játszott óra)
[11:19:38] Hirdetés: Mogyoró utca 141 Eladó! | Hirdetõ: Simon Derossi | Tel: 8-170-278 [11:19]
[11:20:10] Alvilág: Kést vennék. | Hirdetõ: Usate Krukenberg | Tel: 6-027-510 [11:20]
[11:21:25] Georg_B_Hollywood LOGINkórház jail ideje: 273 mp
[11:26:17] Hirdetés: Házat vennék! | Hirdetõ: Norbert N Ortega | Tel: 8-058-468 [11:26]
[11:26:37] Lorand_B_Hollywood kórház jail ideje: 210 mp
[11:26:52] Bentner_K_White LOGINkórház jail ideje: 90 mp
[11:27:25] [kredit][33]Jack_Bronsons kapott 1 bónusz kreditet (játszott óra)
[11:27:57] [kredit][27]Costa_Miles kapott 1 bónusz kreditet (játszott óra)
[11:30:33] Lorand_Vincenzo LOGINkórház jail ideje: 63 mp
[11:31:49] Bentner_K_White LOGINkórház jail ideje: 90 mp
[11:34:34] Alvilág: Embereket keresek bankrabláshoz | Hirdetõ: Georg B Hollywood | Tel: 3-015-786 [11:34]
[11:35:38] Alvilág: Snipert vennék | Hirdetõ: Georg B Hollywood | Tel: 3-015-786 [11:35]
[11:38:42] [kredit][57]Antonn_Fedorov kapott 1 bónusz kreditet (játszott óra)
[11:38:58] Hirdetés: Házat veszek! | Hirdetõ: Norbert N Ortega | Tel: 8-058-468 [11:38]
[11:40:52] [kredit][39]Norbert_N_Ortega kapott 1 bónusz kreditet (játszott óra)
[11:41:25] [kredit][17]Ralf_S_Tomasso kapott 1 bónusz kreditet (játszott óra)
[11:43:36] [kredit][29]Tyler_Wish kapott 1 bónusz kreditet (játszott óra)
[11:45:11] Alvilág: Munkat keresek | Hirdetõ: Mario Drake | Tel: 8-441-556 [11:45]
[11:45:14] [kredit][33]Lorand_Vincenzo kapott 1 bónusz kreditet (játszott óra)
[11:45:14] [kredit][50]Martin_B_Zecchin kapott 1 bónusz kreditet (játszott óra)
[11:45:47] [kredit][28]Gaspar_David kapott 1 bónusz kreditet (játszott óra)
[11:48:28] [kredit][23]Nelson_Washington kapott 1 bónusz kreditet (játszott óra)
[11:49:01] [kredit][56]Denny_Toretto kapott 1 bónusz kreditet (játszott óra)
[11:52:16] [kredit][38]Archie_B_Hollywood kapott 1 bónusz kreditet (játszott óra)
[11:52:48] [kredit][22]Leone_Thomasino kapott 1 bónusz kreditet (játszott óra)
[11:52:48] [kredit][51]Dave_Stone kapott 1 bónusz kreditet (játszott óra)
[11:52:51] Thomas_Berzerk kórház jail ideje: 90 mp
[11:54:07] [/alair ház] - Bryan_B_Hollywood vett Archie_B_Hollywood -tõl egy házat 400, 500,000 Ft-ért
[11:59:16] [kredit][0]Bentner_K_White kapott 1 bónusz kreditet (játszott óra)
[11:59:48] [kredit][41]Victor_Jr_Zecchin kapott 1 bónusz kreditet (játszott óra)
[12:02:24] [kredit][44]Jizzy_Mc_Deguchi kapott 1 bónusz kreditet (játszott óra)
[12:02:24] [kredit][62]Usate_Krukenberg kapott 1 bónusz kreditet (játszott óra)
[12:02:56] [kredit][43]Jason_O_Neill kapott 1 bónusz kreditet (játszott óra)
[12:05:06] [kredit][25]Charlie_Leanders kapott 1 bónusz kreditet (játszott óra)
[12:05:38] [kredit][18]Markus_D_Zecchin kapott 1 bónusz kreditet (játszott óra)
[12:05:38] [kredit][20]Darius_N_Ortega kapott 1 bónusz kreditet (játszott óra)
[12:05:45] Hirdetés: Házat vennék minél olcsóbban | Hirdetõ: Chris S Black | Tel: 6-155-281 [12:05]
[12:06:11] [kredit][34]Dave_R_Vincenzo kapott 1 bónusz kreditet (játszott óra)
[12:06:23] Bentner_K_White LOGINkórház jail ideje: 90 mp
[12:08:20] [/alair biznisz] - Leon_Toretto vett Georg_B_Hollywood -tõl egy ~l~ !~r~Archie ~r~Media~l~! bizniszt, 500,000 Ft-ért
[12:08:53] [kredit][44]Chris_S_Black kapott 1 bónusz kreditet (játszott óra)
[12:09:26] [kredit][21]Matt_Creed kapott 1 bónusz kreditet (játszott óra)
[12:09:58] [kredit][24]Atsuya_D_Freeman kapott 1 bónusz kreditet (játszott óra)
[12:10:31] [kredit][40]Max_D_Freeman kapott 1 bónusz kreditet (játszott óra)
[12:13:45] [kredit][48]Stefan_Berger kapott 1 bónusz kreditet (játszott óra)
[12:14:17] [kredit][35]Valor_Colin kapott 1 bónusz kreditet (játszott óra)
[12:15:54] [kredit][29]Simon_Derossi kapott 1 bónusz kreditet (játszott óra)
[12:17:10] [jármu átalakítás]Eredeti: 30 új 535 Tulaj: Cody_Aciano, Rendszám: 526
[12:17:22] Cesar_Johnson LOGINkórház jail ideje: 47 mp
[12:19:10] [kredit][26]Tom_D_Wayne kapott 1 bónusz kreditet (játszott óra)
[12:20:14] [kredit][32]Mark_B_Hollywood kapott 1 bónusz kreditet (játszott óra)
[12:21:51] [kredit][55]Mark_Bishop kapott 1 bónusz kreditet (játszott óra)
[12:22:56] [kredit][47]Toth_Martin kapott 1 bónusz kreditet (játszott óra)
[12:23:28] [kredit][37]Thomas_Berzerk kapott 1 bónusz kreditet (játszott óra)
[12:23:28] [kredit][42]Kazuyoshi_Akira kapott 1 bónusz kreditet (játszott óra)
[12:24:00] [kredit][49]Szabina_S_White kapott 1 bónusz kreditet (játszott óra)
[12:24:30] [kredit][48]Stefan_Berger beváltott 10 kreditet 300db materialért
[12:24:34] [kredit][48]Stefan_Berger beváltott 10 kreditet 300db materialért
[12:24:36] [kredit][48]Stefan_Berger beváltott 10 kreditet 300db materialért
[12:26:42] [kredit][31]Dave_Stinson kapott 1 bónusz kreditet (játszott óra)
[12:27:14] [kredit][63]Emanuel_Garcia kapott 1 bónusz kreditet (játszott óra)
[12:28:54] [kredit][53]Danno_Derossi kapott 1 bónusz kreditet (játszott óra)
[12:30:42] [kredit][65]Georg_B_Hollywood kapott 1 bónusz kreditet (játszott óra)
[12:32:53] [kredit][45]Don_Sorrentino kapott 1 bónusz kreditet (játszott óra)
[12:32:57] Emanuel_Garcia kórház jail ideje: 90 mp
[12:33:00] Emanuel_Garcia kórház jail ideje: 87 mp
[12:33:59] [kredit][57]Steve_Aoki kapott 1 bónusz kreditet (játszott óra)
[12:33:59] [kredit][58]Elwood_JR_Sorrentino kapott 1 bónusz kreditet (játszott óra)
[12:35:03] [kredit][66]Joker_Creed kapott 1 bónusz kreditet (játszott óra)
[12:35:35] [kredit][64]Akos_White kapott 1 bónusz kreditet (játszott óra)
[12:35:55] Hirdetés: Kocsit vennék | Hirdetõ: Kevin R Sorrentino | Tel: 3-073-800 [12:35]
[12:36:46] [/v vásárol] - Kevin_R_Sorrentino vett egy Terno_Tommys -tõl egy Comet típusú jármûvet. 448 v-s rendszám.
[12:36:46] [/v vásárol] - UID: 234 nem kapta meg az utalást, mentve az összeg: 15,840,000 Ft. Kocsi Comet
[12:36:53] Hirdetés: Comet eladó! | Hirdetõ: Kevin R Sorrentino | Tel: 3-073-800 [12:36]
[12:38:42] Hirdetés: Comet eladó! | Hirdetõ: Kevin R Sorrentino | Tel: 3-073-800 [12:38]
[12:39:01] [jármu átalakítás]Eredeti: 14 új 515 Tulaj: Miroslav_Kroos, Rendszám: 905
[12:39:22] [kredit][0]Joe_Gates kapott 1 bónusz kreditet (játszott óra)
[12:43:44] [kredit][50]Betty_O_Neill kapott 1 bónusz kreditet (játszott óra)
[12:45:19] Hirdetés: Comet eladó | Hirdetõ: Kevin R Sorrentino | Tel: 3-073-800 [12:45]
[12:45:20] [kredit][36]Pekano_S_Barett kapott 1 bónusz kreditet (játszott óra)
[12:45:53] [kredit][18]Cody_Aciano kapott 1 bónusz kreditet (játszott óra)
[12:45:53] [kredit][47]Max_Navarro kapott 1 bónusz kreditet (játszott óra)
[12:46:01] Hirdetés: Értékpapír eladó | Hirdetõ: Matt Creed | Tel: 4-859-887 [12:46]
[12:46:20] Mark_Bishop kórház jail ideje: 270 mp
[12:46:28] Cody_Aciano kórház jail ideje: 90 mp
[12:46:29] Darius_N_Ortega kórház jail ideje: 570 mp
[12:46:38] Atsuya_D_Freeman kórház jail ideje: 89 mp
[12:46:39] Atsuya_D_Freeman kórház jail ideje: 89 mp
[12:46:44] Joker_Creed kórház jail ideje: 86 mp
[12:46:57] [kredit][23]Ryan_Lennox kapott 1 bónusz kreditet (játszott óra)
[12:47:27] Hirdetés: Olcso hazat ,kocsit veszek! | Hirdetõ: Max D Freeman | Tel: 8-247-270 [12:47]
[12:47:30] [kredit][34]Norbert_N_Ortega kapott 1 bónusz kreditet (játszott óra)
[12:48:09] Victor_Jr_Zecchin kórház jail ideje: 390 mp
[12:48:35] [kredit][27]Ralf_S_Tomasso kapott 1 bónusz kreditet (játszott óra)
[12:49:37] Akos_White kórház jail ideje: 64 mp
[12:49:39] Akos_White kórház jail ideje: 62 mp
[12:50:45] [kredit][52]Tyler_Wish kapott 1 bónusz kreditet (játszott óra)
[12:51:18] [kredit][33]Lorand_Vincenzo kapott 1 bónusz kreditet (játszott óra)
[12:51:18] [kredit][59]Antonn_Fedorov kapott 1 bónusz kreditet (játszott óra)
[12:51:51] [kredit][71]Finuccsi_Zecchin kapott 1 bónusz kreditet (játszott óra)
[12:52:05] Lucio_Zecchin kórház jail ideje: 1770 mp
[12:54:08] Robert_Scaletta LOGINkórház jail ideje: 90 mp
[12:54:49] Hirdetés: Értékpapírt vennék | Hirdetõ: Gyorgy Boyka | Tel: 3-344-812 [12:54]
[12:56:39] [kredit][38]Denny_Toretto kapott 1 bónusz kreditet (játszott óra)
[12:57:44] [kredit][28]Darthy_M_Stillenacht kapott 1 bónusz kreditet (játszott óra)
[12:58:49] [kredit][58]Patrik_O_Neill kapott 1 bónusz kreditet (játszott óra)
[12:59:21] [kredit][51]Dave_Stone kapott 1 bónusz kreditet (játszott óra)
[12:59:25] Hirdetés: Értékpapir eladó | Hirdetõ: Matt Creed | Tel: 4-859-887 [12:59]
[13:00:09] [/ram] Ryan_Lennox - 141-s ház
[13:00:58] [kredit][22]Peter_O_Martinez kapott 1 bónusz kreditet (játszott óra)
[13:01:08] Georg_B_Hollywood kórház jail ideje: 90 mp
[13:03:00] Alvilág: Számítógépes melót vállalok! | Hirdetõ: Joker Creed | Tel: 5-769-753 [13:03]
[13:03:40] Alvilág: Combatot lõszerrel vennék | Hirdetõ: Kevin R Sorrentino | Tel: 3-073-800 [13:03]
[13:04:15] [kredit][37]Kevin_R_Sorrentino kapott 1 bónusz kreditet (játszott óra)
[13:04:47] [kredit][26]Martin_B_Zecchin kapott 1 bónusz kreditet (játszott óra)
[13:05:20] [kredit][54]Federico_Amador kapott 1 bónusz kreditet (játszott óra)
[13:06:59] [kredit][41]Victor_Jr_Zecchin kapott 1 bónusz kreditet (játszott óra)
[13:07:31] [kredit][63]Tom_Camorra kapott 1 bónusz kreditet (játszott óra)
[13:08:38] Emanuel_Garcia kórház jail ideje: 89 mp
[13:09:50] Hirdetés: Comet eladó | Hirdetõ: Kevin R Sorrentino | Tel: 3-073-800 [13:09]
[13:10:01] =====[ Játékos bejelentés érkezett ]=====
[13:10:01] Elkövetõ: [37]Kevin_R_Sorrentino | Bejelentõ: [35]Don_Sorrentino
[13:10:01] Tett: {FFFF00}elopta  biciklim nonrp
[13:10:11] Lucio_Zecchin LOGINkórház jail ideje: 886 mp
[13:10:16] [kredit][39]Nelson_Washington kapott 1 bónusz kreditet (játszott óra)
[13:11:21] [kredit][20]Darius_N_Ortega kapott 1 bónusz kreditet (játszott óra)
[13:11:54] [kredit][19]Gyorgy_Boyka kapott 1 bónusz kreditet (játszott óra)
[13:13:00] [kredit][57]Hugo_Toretto kapott 1 bónusz kreditet (játszott óra)
[13:14:08] [kredit][56]Costa_Miles kapott 1 bónusz kreditet (játszott óra)
[13:15:48] [kredit][21]Leone_Thomasino kapott 1 bónusz kreditet (játszott óra)
[13:15:48] [kredit][69]Matt_Creed kapott 1 bónusz kreditet (játszott óra)
[13:16:21] [kredit][58]Dave_R_Vincenzo kapott 1 bónusz kreditet (játszott óra)
[13:16:21] [kredit][68]Markus_D_Zecchin kapott 1 bónusz kreditet (játszott óra)
[13:16:54] [kredit][26]Bent_Washington kapott 1 bónusz kreditet (játszott óra)
[13:16:54] [kredit][72]Cody_White kapott 1 bónusz kreditet (játszott óra)
[13:17:27] [kredit][24]Yamato_Bosco kapott 1 bónusz kreditet (játszott óra)
[13:17:27] [kredit][60]Atsuya_D_Freeman kapott 1 bónusz kreditet (játszott óra)
[13:18:35] Hirdetés: Comet eladó | Hirdetõ: Kevin R Sorrentino | Tel: 3-073-800 [13:18]
[13:19:20] Hirdetés: Comet eladó | Hirdetõ: Kevin R Sorrentino | Tel: 3-073-800 [13:19]
[13:20:12] [kredit][37]Ray_Washington kapott 1 bónusz kreditet (játszott óra)
[13:20:34] Hirdetés: Comet eladó 18M | Hirdetõ: Kevin R Sorrentino | Tel: 3-073-800 [13:20]
[13:20:45] [kredit][49]Valor_Colin kapott 1 bónusz kreditet (játszott óra)
[13:20:45] [kredit][54]Lucio_Zecchin kapott 1 bónusz kreditet (játszott óra)
[13:23:49] [Saját jármû feltörése]Név: Kevin_R_Sorrentino Kocsi: 691
[13:24:30] Hirdetés: Fullos Comet eladó 18M | Hirdetõ: Kevin R Sorrentino | Tel: 3-073-800 [13:24]
[13:24:34] [kredit][0]Oliver_Aciano kapott 1 bónusz kreditet (játszott óra)
[13:25:07] [kredit][53]Hanzon_Soprano kapott 1 bónusz kreditet (játszott óra)
[13:27:19] [kredit][79]Kevin_L_Saltzman kapott 1 bónusz kreditet (játszott óra)
[13:27:33] [/alair ppont] - Markus_D_Zecchin vett Lucio_Zecchin -tõl egy ppontott, 500,000 Ft-ért
[13:28:24] [kredit][55]Bryan_B_Hollywood kapott 1 bónusz kreditet (játszott óra)
[13:29:29] [kredit][24]Mark_Bishop kapott 1 bónusz kreditet (játszott óra)
[13:29:29] [kredit][80]Martin_Washington kapott 1 bónusz kreditet (játszott óra)
[13:32:59] Hirdetés: Comet eladó | Hirdetõ: Kevin R Sorrentino | Tel: 3-073-800 [13:32]
[13:33:52] [kredit][31]Dave_Stinson kapott 1 bónusz kreditet (játszott óra)
[13:34:14] Hirdetés: Comet eladó | Hirdetõ: Kevin R Sorrentino | Tel: 3-073-800 [13:34]
[13:34:24] [kredit][61]Emanuel_Garcia kapott 1 bónusz kreditet (játszott óra)
[13:36:07] [BOLTRABLÁS] Gyorgy_Boyka boltot rabol, összesen 1-n vannak
[13:36:37] [kredit][45]Thomas_Berzerk kapott 1 bónusz kreditet (játszott óra)
[13:37:13] [BOLTRABLÁS] Gyorgy_Boyka befejezte a boltrablást, 1-n maradtak, 1-n kezdték
[13:37:13] Gyorgy_Boyka rabolt 1 emberrel, összeg: 37406Ft
[13:37:39] =====[ Játékos bejelentés érkezett ]=====
[13:37:39] Elkövetõ: [46]Max_Navarro | Bejelentõ: [82]Lorand_Vincenzo
[13:37:39] Tett: {FFFF00}MG
[13:37:43] [kredit][35]Usate_Krukenberg kapott 1 bónusz kreditet (játszott óra)
[13:38:16] [kredit][74]Archie_B_Hollywood kapott 1 bónusz kreditet (játszott óra)
[13:38:37] =====[ Játékos bejelentés érkezett ]=====
[13:38:37] Elkövetõ: [64]Akos_White | Bejelentõ: [18]Kevin_R_Sorrentino
[13:38:37] Tett: {FFFF00}NON Rp
[13:38:50] [kredit][25]Jason_Toretto kapott 1 bónusz kreditet (játszott óra)
[13:38:53] [kredit][22]Ralf_S_Tomasso kapott 9 bónusz kreditet (verseny)
[13:38:53] [kredit][37]Ray_Washington kapott 6 bónusz kreditet (verseny)
[13:38:55] [kredit][55]Bryan_B_Hollywood kapott 3 bónusz kreditet (verseny)
[13:38:55] =====[ Játékos bejelentés érkezett ]=====
[13:38:55] Elkövetõ: [66]Joker_Creed | Bejelentõ: [18]Kevin_R_Sorrentino
[13:38:55] Tett: {FFFF00}NON RP rám tarsák a fegyvert másik szét veri a kocsimat
[13:39:23] Dave_R_Vincenzo kórház jail ideje: 90 mp
[13:39:56] [kredit][52]Dominic_Vincenzo kapott 1 bónusz kreditet (játszott óra)
[13:39:56] [kredit][67]Don_Sorrentino kapott 1 bónusz kreditet (játszott óra)
[13:40:54] Alvilág: M4 etveszek | Hirdetõ: Lucio Zecchin | Tel: 2-233-962 [13:40]
[13:41:02] [kredit][26]Joker_Creed kapott 1 bónusz kreditet (játszott óra)
[13:41:35] [kredit][33]Bentner_K_White kapott 1 bónusz kreditet (játszott óra)
[13:41:35] [kredit][81]Oberth_Andras kapott 1 bónusz kreditet (játszott óra)
[13:41:38] Alvilág: M4 ETVESZEK | Hirdetõ: Lucio Zecchin | Tel: 2-233-962 [13:41]
[13:42:40] Alvilág: M4 ETVESZEK | Hirdetõ: Lucio Zecchin | Tel: 2-233-962 [13:42]
[13:42:40] [kredit][64]Akos_White kapott 1 bónusz kreditet (játszott óra)
[13:43:07] [BOLTRABLÁS] Gyorgy_Boyka boltot rabol, összesen 1-n vannak
[13:43:13] [kredit][27]Elwood_JR_Sorrentino kapott 1 bónusz kreditet (játszott óra)
[13:43:13] Alvilág: M4 ETVESZEK! | Hirdetõ: Lucio Zecchin | Tel: 2-233-962 [13:43]
[13:43:46] [kredit][48]Torres_Butler kapott 1 bónusz kreditet (játszott óra)
[13:43:51] Hirdetés: Comet eladó | Hirdetõ: Kevin R Sorrentino | Tel: 3-073-800 [13:43]
[13:43:55] Alvilág: M4 ETVESZEK! | Hirdetõ: Lucio Zecchin | Tel: 2-233-962 [13:43]
[13:44:12] [BOLTRABLÁS] Gyorgy_Boyka befejezte a boltrablást, 1-n maradtak, 1-n kezdték
[13:44:12] Gyorgy_Boyka rabolt 1 emberrel, összeg: 37406Ft
[13:44:31] Hirdetés: Comet eladó | Hirdetõ: Kevin R Sorrentino | Tel: 3-073-800 [13:44]
[13:44:54] Alvilág: M4 ETVESZEK! | Hirdetõ: Lucio Zecchin | Tel: 2-233-962 [13:44]
[13:47:16] Hirdetés: Comet eladó | Hirdetõ: Kevin R Sorrentino | Tel: 3-073-800 [13:47]
[13:47:36] [kredit][28]Stefan_Berger kapott 1 bónusz kreditet (játszott óra)
[13:47:36] [kredit][32]David_Toretto kapott 1 bónusz kreditet (játszott óra)
[13:49:24] Hirdetés: Jármûvet veszek | Hirdetõ: Antonn Fedorov | Tel: 5-141-402 [13:49]
[13:50:05] Hirdetés: Házat vennék | Hirdetõ: Chris S Black | Tel: 6-155-281 [13:50]
[13:50:49] Hirdetés: Kocsit vennék 3 milloig. | Hirdetõ: Kiraly Viktor | Tel: 9-946-675 [13:50]
[13:52:31] [kredit][23]Ryan_Lennox kapott 1 bónusz kreditet (játszott óra)
[13:53:05] [kredit][34]Norbert_N_Ortega kapott 1 bónusz kreditet (játszott óra)
[13:53:31] Hirdetés: Jármûvet veszek | Hirdetõ: Antonn Fedorov | Tel: 5-141-402 [13:53]
[13:53:37] [kredit][17]Mark_B_Hollywood kapott 1 bónusz kreditet (játszott óra)
[13:54:10] [kredit][57]Chris_S_Black kapott 1 bónusz kreditet (játszott óra)
[13:54:42] [kredit][50]Betty_O_Neill kapott 1 bónusz kreditet (játszott óra)
[13:56:19] Hirdetés: Házat vennék megfizetem | Hirdetõ: Chris S Black | Tel: 6-155-281 [13:56]
[13:56:54] [kredit][59]Antonn_Fedorov kapott 1 bónusz kreditet (játszott óra)
[13:57:48] Alvilág: M4 et veszek SOKAT | Hirdetõ: Lucio Zecchin | Tel: 2-233-962 [13:57]
[14:00:44] [kredit][82]Lorand_Vincenzo kapott 1 bónusz kreditet (játszott óra)
[14:01:18] [kredit][30]Max_D_Freeman kapott 1 bónusz kreditet (játszott óra)
[14:04:33] [kredit][42]David_P_Taylor kapott 1 bónusz kreditet (játszott óra)
[14:04:33] [kredit][47]Ryder_T_Zecchin kapott 1 bónusz kreditet (játszott óra)
[14:04:33] [kredit][65]Joshue_White kapott 1 bónusz kreditet (játszott óra)
[14:04:47] [kredit][81]Oberth_Andras kapott 3 bónusz kreditet (kincs)
[14:06:07] Hirdetés: Házat vennék. | Hirdetõ: Bentner K White | Tel: 6-399-381 [14:06]
[14:07:17] [kredit][40]Peter_O_Martinez kapott 1 bónusz kreditet (játszott óra)
[14:09:59] [/v vásárol] - Marcel_B_Hollywood megkapta az utalást utolag nem volt online 8,910,000 Ft. Kocsi: Greenwood
[14:09:59] Marcel_B_Hollywood LOGINkórház jail ideje: 818 mp
[14:10:00] [kredit][33]Leon_Toretto kapott 1 bónusz kreditet (játszott óra)
[14:11:05] [kredit][78]Horvath_Adrian kapott 1 bónusz kreditet (játszott óra)
[14:12:10] [kredit][18]Kevin_R_Sorrentino kapott 1 bónusz kreditet (játszott óra)
[14:12:47] Marcel_B_Hollywood LOGINkórház jail ideje: 743 mp
[14:13:48] [kredit][70]Darthy_M_Stillenacht kapott 1 bónusz kreditet (játszott óra)
[14:14:21] [kredit][35]Dukai_Roland kapott 1 bónusz kreditet (játszott óra)
[14:14:22] Hirdetés: Házat veszek! | Hirdetõ: Norbert N Ortega | Tel: 8-058-468 [14:14]
[14:15:25] [kredit][43]Tyler_Wish kapott 1 bónusz kreditet (játszott óra)
[14:16:31] [kredit][28]Krisztofer_Vincenzo kapott 1 bónusz kreditet (játszott óra)
[14:16:31] [kredit][56]Victor_Jr_Zecchin kapott 1 bónusz kreditet (játszott óra)
[14:17:36] [kredit][19]Gyorgy_Boyka kapott 1 bónusz kreditet (játszott óra)
[14:18:08] [kredit][51]Tom_D_Wayne kapott 1 bónusz kreditet (játszott óra)
[14:19:49] Hirdetés: Bicikli eladó | Hirdetõ: Antonn Fedorov | Tel: 5-141-402 [14:19]
[14:20:27] Hirdetés: Bicikli eladó sisakkal | Hirdetõ: Betty O Neill | Tel: 6-382-790 [14:20]
[14:21:02] Hirdetés: Bicikli elado sisakkal es kesztyuvel | Hirdetõ: Henrik Sedin | Tel: 9-359-147 [14:21]
[14:21:24] [kredit][38]Dave_Stone kapott 1 bónusz kreditet (játszott óra)
[14:21:48] Hirdetés: Fullos elegy ingyen elvihetõ | Hirdetõ: Farder Coram | Tel: 9-552-991 [14:21]
[14:21:56] [kredit][26]Darius_N_Ortega kapott 1 bónusz kreditet (játszott óra)
[14:21:56] [kredit][68]Markus_D_Zecchin kapott 1 bónusz kreditet (játszott óra)
[14:22:27] Hirdetés: Infernus érdekel | Hirdetõ: Blake Browns | Tel: 8-795-490 [14:22]
[14:22:46] Marcel_B_Hollywood LOGINkórház jail ideje: 523 mp
[14:23:21] Hirdetés: Fullos elegy ingyen elvihetõ LS bank parkolóban | Hirdetõ: Farder Coram | Tel: 9-552-991 [14:23]
[14:23:35] [kredit][46]Cseszka_R_Davidson kapott 1 bónusz kreditet (játszott óra)
[14:26:18] [kredit][27]Atsuya_D_Freeman kapott 1 bónusz kreditet (játszott óra)
[14:26:18] [kredit][49]Valor_Colin kapott 1 bónusz kreditet (játszott óra)
[14:27:23] [kredit][22]Mate_Richard kapott 1 bónusz kreditet (játszott óra)
[14:29:02] [kredit][25]Farder_Coram kapott 1 bónusz kreditet (játszott óra)
[14:30:08] [kredit][0]Oliver_Aciano kapott 1 bónusz kreditet (játszott óra)
[14:30:08] [kredit][61]Dave_R_Vincenzo kapott 1 bónusz kreditet (játszott óra)
[14:30:41] [kredit][41]Gere_Andor kapott 1 bónusz kreditet (játszott óra)
[14:31:48] Mark_B_Hollywood kórház jail ideje: 90 mp
[14:32:20] [kredit][76]Krist_Roscoe kapott 1 bónusz kreditet (játszott óra)
[14:35:05] [kredit][24]Mark_Bishop kapott 1 bónusz kreditet (játszott óra)
[14:35:37] [kredit][36]Steve_Aoki kapott 1 bónusz kreditet (játszott óra)
[14:35:37] [kredit][69]Costa_Miles kapott 1 bónusz kreditet (játszott óra)
[14:35:42] [/alair kocsi] - Blake_Browns vett Daniel_Sedin -tõl egy Infernus típusú jármûvet. 49 v-s rendszám, 42,000,000 Ft-ért
[14:36:10] [kredit][39]Daniel_Sedin kapott 1 bónusz kreditet (játszott óra)
[14:37:16] [kredit][40]Tom_Camorra kapott 1 bónusz kreditet (játszott óra)
[14:37:38] << Oliver_Aciano megváltoztatta a mûsornevet erre: Internetadó >>
[14:37:41] << Oliver_Aciano megváltoztatta a mûsornevet erre: Internet adó >>
[14:37:46] [/alair kocsi] - Dave_Stone vett Farder_Coram -tõl egy Elegy típusú jármûvet. 182 v-s rendszám, 2,000,000 Ft-ért
[14:39:01] Cseszka_R_Davidson kórház jail ideje: 90 mp
[14:39:29] [kredit][31]Dave_Stinson kapott 1 bónusz kreditet (játszott óra)
[14:40:03] [kredit][52]Nelson_Washington kapott 1 bónusz kreditet (játszott óra)
[14:42:29] Ray_Washington kórház jail ideje: 90 mp
[14:44:04] Cseszka_R_Davidson LOGINkórház jail ideje: 63 mp
[14:45:27] [kredit][31]Kiraly_Viktor kapott 1 bónusz kreditet (játszott óra)
[14:46:32] [kredit][33]Thomas_Berzerk kapott 1 bónusz kreditet (játszott óra)
[14:46:32] [kredit][42]Georg_B_Hollywood kapott 1 bónusz kreditet (játszott óra)
[14:46:32] [kredit][43]Tom_Torres kapott 1 bónusz kreditet (játszott óra)
[14:49:10] [BOLTRABLÁS] Stefan_Berger boltot rabol, összesen 1-n vannak
[14:52:29] Dukai_Roland kórház jail ideje: 89 mp
[14:52:31] Georg_B_Hollywood kórház jail ideje: 90 mp
[14:53:02] [kredit][45]Elwood_JR_Sorrentino kapott 1 bónusz kreditet (játszott óra)
[14:54:30] [BOLTRABLÁS] Stefan_Berger befejezte a boltrablást, 1-n maradtak, 1-n kezdték
[14:54:30] Stefan_Berger rabolt 1 emberrel, összeg: 37406Ft
[14:54:39] [kredit][64]Patrik_O_Neill kapott 1 bónusz kreditet (játszott óra)
[14:56:15] [kredit][29]Dan_B_Hollywood kapott 1 bónusz kreditet (játszott óra)
[14:56:15] [kredit][56]Don_Sorrentino kapott 1 bónusz kreditet (játszott óra)
[14:56:48] [kredit][48]Cody_White kapott 1 bónusz kreditet (játszott óra)
[14:57:52] [kredit][21]Lucio_Zecchin kapott 1 bónusz kreditet (játszott óra)
[15:00:31] [BOLTRABLÁS] James_Creed boltot rabol, összesen 1-n vannak
[15:00:34] [kredit][0]James_D_Freeman kapott 1 bónusz kreditet (játszott óra)
[15:00:35] Hirdetés: Fullos Comet eladó | Hirdetõ: Kevin R Sorrentino | Tel: 3-073-800 [15:00]
[15:01:35] [BOLTRABLÁS] James_Creed befejezte a boltrablást, 1-n maradtak, 1-n kezdték
[15:01:35] James_Creed rabolt 1 emberrel, összeg: 37406Ft
[15:02:42] [kredit][17]Mark_B_Hollywood kapott 1 bónusz kreditet (játszott óra)
[15:02:42] [kredit][22]Ryan_Lennox kapott 1 bónusz kreditet (játszott óra)
[15:02:42] [kredit][32]Max_Navarro kapott 1 bónusz kreditet (játszott óra)
[15:03:47] [kredit][44]Chris_S_Black kapott 1 bónusz kreditet (játszott óra)
[15:05:03] Hirdetés: Fullos Comet eladó | Hirdetõ: Kevin R Sorrentino | Tel: 3-073-800 [15:05]
[15:05:18] James_Creed kórház jail ideje: 90 mp
[15:07:03] [kredit][23]Dave_S_Tomasso kapott 1 bónusz kreditet (játszott óra)
[15:10:49] [kredit][50]Max_D_Freeman kapott 1 bónusz kreditet (játszott óra)
[15:10:51] Max_Navarro kórház jail ideje: 90 mp
[15:11:21] [kredit][54]Hugo_Toretto kapott 1 bónusz kreditet (játszott óra)
[15:11:53] [kredit][45]Dominic_Vincenzo kapott 1 bónusz kreditet (játszott óra)
[15:12:26] [kredit][58]Leone_Thomasino kapott 1 bónusz kreditet (játszott óra)
[15:14:38] [kredit][47]Stefan_Berger kapott 1 bónusz kreditet (játszott óra)
[15:15:11] [kredit][24]Jefferson_B_Black kapott 1 bónusz kreditet (játszott óra)
[15:15:11] [kredit][30]Akos_Vincenzo kapott 1 bónusz kreditet (játszott óra)
[15:15:11] [kredit][66]Antonn_Fedorov kapott 1 bónusz kreditet (játszott óra)
[15:18:26] [kredit][0]Tom_Zecchin kapott 1 bónusz kreditet (játszott óra)
[15:18:26] [kredit][46]Cody_Aciano kapott 1 bónusz kreditet (játszott óra)
[15:18:58] [kredit][49]Sergei_B_Dueno kapott 1 bónusz kreditet (játszott óra)
[15:20:06] Hirdetés: Jármûvet vennék! | Hirdetõ: Daniel Sedin | Tel: 4-123-820 [15:20]
[15:20:44] Hirdetés: Tuning Straum eladó! | Hirdetõ: Mirajane Strauss | Tel: 3-615-956 [15:20]
[15:21:41] [kredit][42]Horvath_Adrian kapott 1 bónusz kreditet (játszott óra)
[15:22:36] Hirdetés: Jester cserelheto | Hirdetõ: Henrik Sedin | Tel: 9-359-147 [15:22]
[15:22:47] [kredit][17]Henrik_T_Scaletta kapott 1 bónusz kreditet (játszott óra)
[15:23:11] Hirdetés: Tuning stratum eladó! | Hirdetõ: Mirajane Strauss | Tel: 3-615-956 [15:23]
[15:23:31] [BOLTRABLÁS] Joker_Creed boltot rabol, összesen 1-n vannak
[15:23:52] [kredit][0]Natalia_Inferno kapott 1 bónusz kreditet (játszott óra)
[15:23:52] [kredit][33]Joker_Creed kapott 1 bónusz kreditet (játszott óra)
[15:24:28] Georg_B_Hollywood kórház jail ideje: 210 mp
[15:24:35] [BOLTRABLÁS] Joker_Creed befejezte a boltrablást, 1-n maradtak, 1-n kezdték
[15:24:35] Joker_Creed rabolt 1 emberrel, összeg: 37406Ft
[15:25:29] Hirdetés: Tuning stratum eladó! I.Á 10millió | Hirdetõ: Mirajane Strauss | Tel: 3-615-956 [15:25]
[15:25:30] [kredit][25]Dukai_Roland kapott 1 bónusz kreditet (játszott óra)
[15:25:31] [/v vásárol] - Daniel_Sedin vett egy Marcel_B_Hollywood -tõl egy Huntley típusú jármûvet. 106 v-s rendszám.
[15:25:31] [/v vásárol] - Marcel_B_Hollywood megkapta az utalást 14,850,000 Ft.
[15:26:03] [kredit][28]Krisztofer_Vincenzo kapott 1 bónusz kreditet (játszott óra)
[15:26:29] [kredit][26]Nelson_Washington beváltott 10 kreditet 50g kokainért
[15:26:48] [kredit][26]Nelson_Washington beváltott 10 kreditet 50g kokainért
[15:28:47] [kredit][21]Torres_Butler kapott 1 bónusz kreditet (játszott óra)
[15:29:20] [kredit][55]Jerry_Hooward kapott 1 bónusz kreditet (játszott óra)
[15:29:52] [kredit][60]Darthy_M_Stillenacht kapott 1 bónusz kreditet (játszott óra)
[15:30:00] Georg_B_Hollywood LOGINkórház jail ideje: 45 mp
[15:30:24] [kredit][38]Dave_Stone kapott 1 bónusz kreditet (játszott óra)
[15:30:24] [kredit][52]Gaspar_David kapott 1 bónusz kreditet (játszott óra)
[15:30:30] Hirdetés: Tuning stratum eladó! | Hirdetõ: Mirajane Strauss | Tel: 3-615-956 [15:30]
[15:30:32] [BOLTRABLÁS] Joker_Creed boltot rabol, összesen 1-n vannak
[15:31:30] [kredit][47]Yamato_Bosco kapott 1 bónusz kreditet (játszott óra)
[15:31:37] [BOLTRABLÁS] Joker_Creed befejezte a boltrablást, 1-n maradtak, 1-n kezdték
[15:31:37] Joker_Creed rabolt 1 emberrel, összeg: 37406Ft
[15:32:02] [kredit][43]Akos_White kapott 1 bónusz kreditet (játszott óra)
[15:32:35] [kredit][53]Peter_O_Martinez kapott 1 bónusz kreditet (játszott óra)
[15:32:35] [kredit][67]Marcel_B_Hollywood kapott 1 bónusz kreditet (játszott óra)
[15:34:13] [kredit][18]Henrik_Sedin kapott 1 bónusz kreditet (játszott óra)
[15:34:13] [kredit][60]Aldo_B_Dueno kapott 1 bónusz kreditet (játszott óra)
[15:35:52] [kredit][34]Valor_Colin kapott 1 bónusz kreditet (játszott óra)
[15:36:25] [kredit][35]Cseszka_R_Davidson kapott 1 bónusz kreditet (játszott óra)
[15:36:58] [kredit][24]James_Creed kapott 1 bónusz kreditet (játszott óra)
[15:39:09] [kredit][37]Victor_Jr_Zecchin kapott 1 bónusz kreditet (játszott óra)
[15:39:09] [kredit][39]Mate_Richard kapott 1 bónusz kreditet (játszott óra)
[15:42:59] [kredit][36]Tyler_Wish kapott 1 bónusz kreditet (játszott óra)
[15:44:06] [kredit][54]Don_Sorrentino beváltott 10 kreditet 25g marihuanaért
[15:44:37] [kredit][49]Dave_R_Vincenzo kapott 1 bónusz kreditet (játszott óra)
[15:46:15] [kredit][40]Tom_Camorra kapott 1 bónusz kreditet (játszott óra)
[15:47:53] [kredit][50]Mark_Bishop kapott 1 bónusz kreditet (játszott óra)
[15:48:59] [kredit][20]Dave_Stinson kapott 1 bónusz kreditet (játszott óra)
[15:48:59] [kredit][57]Atsuya_D_Freeman kapott 1 bónusz kreditet (játszott óra)
[15:49:32] [kredit][26]Nelson_Washington kapott 1 bónusz kreditet (játszott óra)
[15:51:10] [kredit][31]Kiraly_Viktor kapott 1 bónusz kreditet (játszott óra)
[15:54:28] [kredit][44]Georg_B_Hollywood kapott 1 bónusz kreditet (játszott óra)
[15:56:57] Alvilág: A VLA felvételt hírdet! Érd: SMS | Hirdetõ: Hugo Toretto | Tel: 3-783-545 [15:56]
[15:59:58] [kredit][64]Patrik_O_Neill kapott 1 bónusz kreditet (játszott óra)
[16:01:03] [kredit][32]Gyorgy_Boyka kapott 1 bónusz kreditet (játszott óra)
[16:03:14] [kredit][17]Jin_Sorrentino kapott 1 bónusz kreditet (játszott óra)
[16:03:47] [kredit][54]Don_Sorrentino kapott 1 bónusz kreditet (játszott óra)
[16:04:19] [kredit][52]Fekete_Erik kapott 1 bónusz kreditet (játszott óra)
[16:05:57] [kredit][59]Steve_J_Sorrentino kapott 1 bónusz kreditet (játszott óra)
[16:07:36] [kredit][29]Dan_B_Hollywood kapott 1 bónusz kreditet (játszott óra)
[16:08:09] [kredit][22]Ryan_Lennox kapott 1 bónusz kreditet (játszott óra)
[16:09:14] Ray_Washington LOGINkórház jail ideje: 84 mp
[16:09:56] [kredit][26]Nelson_Washington beváltott 10 kreditet 50g kokainért
[16:10:51] [kredit][30]Edie_Morra kapott 1 bónusz kreditet (játszott óra)
[16:11:24] [kredit][61]Krist_Roscoe kapott 1 bónusz kreditet (játszott óra)
[16:11:56] [kredit][58]Blake_Browns kapott 1 bónusz kreditet (játszott óra)
[16:15:11] [kredit][27]Patrick_Zecchin kapott 1 bónusz kreditet (játszott óra)
[16:15:11] [kredit][45]Elwood_JR_Sorrentino kapott 1 bónusz kreditet (játszott óra)
[16:15:11] [kredit][51]Kevin_S_Tomasso kapott 1 bónusz kreditet (játszott óra)
[16:16:17] Levi_R_Zecchin LOGINkórház jail ideje: 67 mp
[16:16:26] Tom_Camorra kórház jail ideje: 90 mp
[16:16:26] Thomas_Berzerk kórház jail ideje: 90 mp
[16:17:52] [kredit][65]Thomas_Berzerk kapott 1 bónusz kreditet (játszott óra)
[16:18:50] Hirdetés: 4 misi ér kocsit vennék! | Hirdetõ: Taylor Bence | Tel: 9-319-405 [16:18]
[16:18:57] [kredit][41]Bent_Washington kapott 1 bónusz kreditet (játszott óra)
[16:19:00] =====[ Játékos bejelentés érkezett ]=====
[16:19:00] Elkövetõ: [36]Tyler_Wish | Bejelentõ: [41]Bent_Washington
[16:19:00] Tett: {FFFF00}NEm FK skinbe akar warozni
[16:20:02] [kredit][38]Hugo_Toretto kapott 1 bónusz kreditet (játszott óra)
[16:20:36] Hirdetés: 4 misi ér kocsit vennék! | Hirdetõ: Taylor Bence | Tel: 9-319-405 [16:20]
[16:21:07] [kredit][33]Antonn_Fedorov kapott 1 bónusz kreditet (játszott óra)
[16:22:34] [ujmodel]Archie_B_Hollywood átlakaította 547 rendszámû 411 típusú kocsit 65-é. Tulaj: 
[16:24:14] [ujmodel]Archie_B_Hollywood átlakaította 549 rendszámû 576 típusú kocsit 71-é. Tulaj: 
[16:24:27] [ujmodel]Archie_B_Hollywood átlakaította 536 rendszámû 421 típusú kocsit 84-é. Tulaj: 
[16:24:36] [ujmodel]Archie_B_Hollywood átlakaította 545 rendszámû 445 típusú kocsit 67-é. Tulaj: 
[16:24:55] [kredit][59]Cody_Aciano kapott 1 bónusz kreditet (játszott óra)
[16:26:00] [kredit][53]Leone_Thomasino kapott 1 bónusz kreditet (játszott óra)
[16:26:00] [kredit][71]Raul_Butler kapott 1 bónusz kreditet (játszott óra)
[16:26:33] [kredit][69]Denny_Toretto kapott 1 bónusz kreditet (játszott óra)
[16:27:06] [kredit][42]Horvath_Adrian kapott 1 bónusz kreditet (játszott óra)
[16:29:11] Alvilág: A VLA felvételt hírdet! Érd: SmS | Hirdetõ: Hugo Toretto | Tel: 3-783-545 [16:29]
[16:31:59] [kredit][28]Krisztofer_Vincenzo kapott 1 bónusz kreditet (játszott óra)
[16:33:38] [kredit][56]Stefan_Berger kapott 1 bónusz kreditet (játszott óra)
[16:34:11] [kredit][62]Dukai_Roland kapott 1 bónusz kreditet (játszott óra)
[16:35:25] [jármu átalakítás]Eredeti: 91 új 475 Tulaj: Jimmy_Doherty, Rendszám: 559
[16:35:51] Hirdetés: Értékpapírt vennék! | Hirdetõ: Cseszka R Davidson | Tel: 4-564-490 [16:35]
[16:37:28] [kredit][24]Yamato_Bosco kapott 1 bónusz kreditet (játszott óra)
[16:37:28] [kredit][63]Matt_Creed kapott 1 bónusz kreditet (játszott óra)
[16:39:17] Stefan_Berger kórház jail ideje: 270 mp
[16:40:50] Natalia_Inferno kórház jail ideje: 89 mp
[16:40:58] [/ram] Patrick_Zecchin - 319-s ház
[16:40:59] [/ram] Nelson_Washington - 319-s ház
[16:42:27] Stefan_Berger LOGINkórház jail ideje: 157 mp
[16:42:53] [kredit][23]Henrik_T_Scaletta kapott 1 bónusz kreditet (játszott óra)
[16:43:33] Robert_Scaletta LOGINkórház jail ideje: 82 mp
[16:44:31] [kredit][37]Victor_Jr_Zecchin kapott 1 bónusz kreditet (játszott óra)
[16:45:13] Dave_Stone kórház jail ideje: 90 mp
[16:45:35] [kredit][18]John_Kelin kapott 1 bónusz kreditet (játszott óra)
[16:46:08] [kredit][44]Vito_D_Brasco kapott 1 bónusz kreditet (játszott óra)
[16:46:22] Dave_Stinson LOGINkórház jail ideje: 90 mp
[16:47:21] Hirdetés: Jármûvet veszek | Hirdetõ: Antonn Fedorov | Tel: 5-141-402 [16:47]
[16:47:57] Hirdetés: Pálma utca 49 eladó | Hirdetõ: Robert Scaletta | Tel: 2-030-729 [16:47]
[16:48:19] [kredit][36]Tyler_Wish kapott 1 bónusz kreditet (játszott óra)
[16:48:19] [kredit][55]Robert_Scaletta kapott 1 bónusz kreditet (játszott óra)
[16:49:27] [/ram] Elwood_JR_Sorrentino - 516-s ház
[16:49:30] [/ram] Edie_Morra - 516-s ház
[16:50:31] [/csere kocsi1] - Henrik_T_Scaletta(596 - Stratum) cserélt Jin_Sorrentino(60 - Sentinel) -el kocsit.
[16:51:33] [/alair kocsi] - Jin_Sorrentino vett Henrik_T_Scaletta -tõl egy Comet típusú jármûvet. 60 v-s rendszám, 500,000 Ft-ért
[16:51:35] [kredit][52]Betty_O_Neill kapott 1 bónusz kreditet (játszott óra)
[16:52:07] [kredit][19]Darius_N_Ortega kapott 1 bónusz kreditet (játszott óra)
[16:52:07] [kredit][40]Tom_Camorra kapott 1 bónusz kreditet (játszott óra)
[16:52:44] Raul_Butler kórház jail ideje: 90 mp
[16:53:45] [kredit][24]Mark_Bishop kapott 1 bónusz kreditet (játszott óra)
[16:54:18] [kredit][20]Dave_Stone kapott 1 bónusz kreditet (játszott óra)
[16:54:51] [kredit][46]Atsuya_D_Freeman kapott 1 bónusz kreditet (játszott óra)
[16:54:51] [kredit][49]Bryan_B_Hollywood kapott 1 bónusz kreditet (játszott óra)
[16:55:56] [kredit][26]Nelson_Washington kapott 1 bónusz kreditet (játszott óra)
[16:56:29] [kredit][39]James_Creed kapott 1 bónusz kreditet (játszott óra)
[16:57:01] [kredit][21]Ray_Washington kapott 1 bónusz kreditet (játszott óra)
[16:57:34] [kredit][0]Natalia_Inferno kapott 1 bónusz kreditet (játszott óra)
[16:59:43] [kredit][66]Kiraly_Viktor kapott 1 bónusz kreditet (játszott óra)
[17:02:58] [kredit][44]Dave_Stinson kapott 1 bónusz kreditet (játszott óra)
[17:04:03] [kredit][0]Pekano_S_Barett kapott 1 bónusz kreditet (játszott óra)
[17:04:10] Hirdetés: Comet eladó! | Hirdetõ: Jin Sorrentino | Tel: 9-223-971 [17:04]
[17:06:14] [kredit][32]Gyorgy_Boyka kapott 1 bónusz kreditet (játszott óra)
[17:06:46] [kredit][73]Lucio_Zecchin kapott 1 bónusz kreditet (játszott óra)
[17:07:19] [kredit][41]Strong_D_Black kapott 1 bónusz kreditet (játszott óra)
[17:07:19] [kredit][64]Oberth_Andras kapott 1 bónusz kreditet (játszott óra)
[17:08:25] [kredit][17]Jin_Sorrentino kapott 1 bónusz kreditet (játszott óra)
[17:08:58] [kredit][54]Don_Sorrentino kapott 1 bónusz kreditet (játszott óra)
[17:10:03] [kredit][72]Torres_Butler kapott 1 bónusz kreditet (játszott óra)
[17:10:36] [kredit][31]Joe_Surenos kapott 1 bónusz kreditet (játszott óra)
[17:12:48] [/ram] Patrick_Zecchin - 9-s ház
[17:12:48] [kredit][29]Dan_B_Hollywood kapott 1 bónusz kreditet (játszott óra)
[17:13:21] [kredit][22]Ryan_Lennox kapott 1 bónusz kreditet (játszott óra)
[17:14:59] [kredit][33]Daniel_Sedin kapott 1 bónusz kreditet (játszott óra)
[17:15:32] Hirdetés: ad Kocs/rb A KURVA ISTENFASZÁÉRT MEGY EL A NET RACE KÖZBE | Hirdetõ: Lucio Zecchin | Tel: 2-233-962 [17:15]
[17:16:04] [kredit][30]Edie_Morra kapott 1 bónusz kreditet (játszott óra)
[17:16:27] Hirdetés: SF-i házat vennék! | Hirdetõ: Cody Aciano | Tel: 5-778-174 [17:16]
[17:16:37] [kredit][61]Krist_Roscoe kapott 1 bónusz kreditet (játszott óra)
[17:17:09] Hirdetés: Comet eladó | Hirdetõ: Jin Sorrentino | Tel: 9-223-971 [17:17]
[17:17:42] [kredit][48]Joker_Creed kapott 1 bónusz kreditet (játszott óra)
[17:19:18] [kredit][25]Raul_Butler kapott 9 bónusz kreditet (verseny)
[17:19:20] [kredit][57]Antonn_Fedorov kapott 6 bónusz kreditet (verseny)
[17:19:23] [kredit][67]Bent_Washington kapott 3 bónusz kreditet (verseny)
[17:20:21] Hirdetés: Jármûvet veszek | Hirdetõ: Antonn Fedorov | Tel: 5-141-402 [17:20]
[17:20:25] [kredit][27]Patrick_Zecchin kapott 1 bónusz kreditet (játszott óra)
[17:20:25] [kredit][64]Mate_Richard kapott 1 bónusz kreditet (játszott óra)
[17:20:58] [kredit][45]Elwood_JR_Sorrentino kapott 1 bónusz kreditet (játszott óra)
[17:21:31] [kredit][21]Earl_Fooster kapott 1 bónusz kreditet (játszott óra)
[17:22:03] [kredit][73]Kevin_S_Tomasso kapott 1 bónusz kreditet (játszott óra)
[17:22:36] [kredit][47]Jimmy_Doherty kapott 1 bónusz kreditet (játszott óra)
[17:23:08] [kredit][65]Thomas_Berzerk kapott 1 bónusz kreditet (játszott óra)
[17:23:41] [kredit][19]John_Salivan kapott 1 bónusz kreditet (játszott óra)
[17:26:18] [jármu átalakítás]Eredeti: 19 új 579 Tulaj: Joker_Creed, Rendszám: 869
[17:27:28] [kredit][41]Dave_R_Vincenzo kapott 1 bónusz kreditet (játszott óra)
[17:29:06] [kredit][34]Cseszka_R_Davidson kapott 1 bónusz kreditet (játszott óra)
[17:29:06] [kredit][56]Valor_Colin kapott 1 bónusz kreditet (játszott óra)
[17:30:11] [kredit][59]Cody_Aciano kapott 1 bónusz kreditet (játszott óra)
[17:31:18] [kredit][53]Leone_Thomasino kapott 1 bónusz kreditet (játszott óra)
[17:31:51] [kredit][69]Denny_Toretto kapott 1 bónusz kreditet (játszott óra)
[17:32:21] Johnny_Wheeler LOGINkórház jail ideje: 89 mp
[17:33:42] [BOLTRABLÁS] Fekete_Erik boltot rabol, összesen 1-n vannak
[17:34:00] [/v vásárol] - Bryan_B_Hollywood vett egy Kain_Zecchin -tõl egy Slamvan típusú jármûvet. 381 v-s rendszám.
[17:34:00] [/v vásárol] - UID: 8176820 nem kapta meg az utalást, mentve az összeg: 15,840,000 Ft. Kocsi Slamvan
[17:34:27] Hirdetés: Comet eladó, remek állapotban! | Hirdetõ: Jason Toretto | Tel: 3-012-853 [17:34]
[17:34:54] Johnny_Wheeler LOGINkórház jail ideje: 18 mp
[17:35:07] [kredit][60]Radovan_S_Barett kapott 1 bónusz kreditet (játszott óra)
[17:35:52] [BOLTRABLÁS] Fekete_Erik befejezte a boltrablást, 1-n maradtak, 1-n kezdték
[17:35:52] Fekete_Erik rabolt 1 emberrel, összeg: 37406Ft
[17:36:31] Fekete_Erik kórház jail ideje: 90 mp
[17:36:32] Earl_Fooster kórház jail ideje: 90 mp
[17:36:34] Blake_Browns kórház jail ideje: 210 mp
[17:37:51] [kredit][58]Jason_Toretto kapott 1 bónusz kreditet (játszott óra)
[17:38:24] Cody_Aciano kórház jail ideje: 90 mp
[17:38:56] [kredit][17]Dominic_Vincenzo kapott 1 bónusz kreditet (játszott óra)
[17:38:56] [kredit][50]Krisztofer_Vincenzo kapott 1 bónusz kreditet (játszott óra)
[17:39:29] [kredit][24]Nick_R_Wilson kapott 1 bónusz kreditet (játszott óra)
[17:40:23] =====[ Játékos bejelentés érkezett ]=====
[17:40:23] Elkövetõ: [28]Lucio_Zecchin | Bejelentõ: [54]Don_Sorrentino
[17:40:23] Tett: {FFFF00}/me /va hanyagolás és kérok kifizetése
[17:42:13] [kredit][32]Akos_B_Gates kapott 1 bónusz kreditet (játszott óra)
[17:42:46] [kredit][63]Matt_Creed kapott 1 bónusz kreditet (játszott óra)
[17:44:23] [kredit][57]Antonn_Fedorov kapott 1 bónusz kreditet (játszott óra)
[17:44:51] Hirdetés: Bullet,maverick,sultan érdekel | Hirdetõ: Lucio Zecchin | Tel: 2-233-962 [17:44]
[17:44:56] [kredit][31]Steve_J_Sorrentino kapott 1 bónusz kreditet (játszott óra)
[17:45:30] Hirdetés: Bullet,maverick,sultan érdekel | Hirdetõ: Lucio Zecchin | Tel: 2-233-962 [17:45]
[17:46:02] [kredit][39]Steve_Aoki kapott 1 bónusz kreditet (játszott óra)
[17:46:02] [kredit][46]Joshue_White kapott 1 bónusz kreditet (játszott óra)
[17:49:49] [kredit][37]Victor_Jr_Zecchin kapott 1 bónusz kreditet (játszott óra)
[17:50:25] Edie_Morra kórház jail ideje: 90 mp
[17:50:53] [kredit][18]John_Kelin kapott 1 bónusz kreditet (játszott óra)
[17:53:01] [kredit][62]Dukai_Roland kapott 1 bónusz kreditet (játszott óra)
[17:54:38] [kredit][59]Fekete_Erik kapott 1 bónusz kreditet (játszott óra)
[17:54:52] [/buyhazgarazs] - John_Kelin vett egy garázst 76, 25,000,000 Ft-ért
[17:56:46] [kredit][17]Horvath_Adrian kapott 1 bónusz kreditet (játszott óra)
[17:56:46] [kredit][52]Betty_O_Neill kapott 1 bónusz kreditet (játszott óra)
[17:57:19] [kredit][40]Tom_Camorra kapott 1 bónusz kreditet (játszott óra)
[17:57:19] [kredit][56]Paul_D_Cortez kapott 1 bónusz kreditet (játszott óra)
[18:00:32] [kredit][68]Mark_Bishop kapott 1 bónusz kreditet (játszott óra)
[18:01:51] Radovan_S_Barett kórház jail ideje: 90 mp
[18:02:09] [kredit][28]Tom_Zecchin kapott 1 bónusz kreditet (játszott óra)
[18:02:09] [kredit][51]Hugo_Toretto kapott 1 bónusz kreditet (játszott óra)
[18:03:13] [kredit][31]Milinte_Brasco kapott 1 bónusz kreditet (játszott óra)
[18:04:18] [kredit][23]James_Creed kapott 1 bónusz kreditet (játszott óra)
[18:04:21] [/ram] Don_Sorrentino - 78-s ház
[18:08:36] [kredit][0]Tyler_Wish kapott 1 bónusz kreditet (játszott óra)
[18:08:36] [kredit][29]Atsuya_D_Freeman kapott 1 bónusz kreditet (játszott óra)
[18:09:08] [kredit][39]Costa_Miles kapott 1 bónusz kreditet (játszott óra)
[18:10:13] [kredit][20]Stefan_Berger kapott 1 bónusz kreditet (játszott óra)
[18:10:45] [kredit][26]Nelson_Washington kapott 1 bónusz kreditet (játszott óra)
[18:13:29] [kredit][49]Bryan_B_Hollywood kapott 1 bónusz kreditet (játszott óra)
[18:14:01] [kredit][54]Don_Sorrentino kapott 1 bónusz kreditet (játszott óra)
[18:15:02] Hirdetés: Házaz veszek!! | Hirdetõ: Norbert N Ortega | Tel: 8-058-468 [18:15]
[18:15:06] [kredit][72]Torres_Butler kapott 1 bónusz kreditet (játszott óra)
[18:16:11] [kredit][30]Tom_Torres kapott 1 bónusz kreditet (játszott óra)
[18:16:47] [/buyhouse] - Don_Sorrentino vett egy házat 222, 1 Ft-ért
[18:17:48] Hirdetés: Házat veszek!! | Hirdetõ: Norbert N Ortega | Tel: 8-058-468 [18:17]
[18:22:09] [kredit][38]Edie_Morra kapott 1 bónusz kreditet (játszott óra)
[18:22:25] [Frakció jármû ellopása]Név: Dave_R_Vincenzo Kocsi: 43
[18:23:14] [kredit][25]Joker_Creed kapott 1 bónusz kreditet (játszott óra)
[18:23:46] [kredit][55]Johnie_Drake kapott 1 bónusz kreditet (játszott óra)
[18:25:24] [kredit][64]Mate_Richard kapott 1 bónusz kreditet (játszott óra)
[18:25:57] [kredit][32]Krist_Roscoe kapott 1 bónusz kreditet (játszott óra)
[18:26:02] [/ram] Don_Sorrentino - 520-s ház
[18:27:34] [kredit][47]Jimmy_Doherty kapott 1 bónusz kreditet (játszott óra)
[18:28:07] [kredit][43]Daniel_Scaletta kapott 1 bónusz kreditet (játszott óra)
[18:28:07] [kredit][65]Thomas_Berzerk kapott 1 bónusz kreditet (játszott óra)
[18:28:39] [kredit][50]Mario_Drake kapott 1 bónusz kreditet (játszott óra)
[18:28:50] [Frakció jármû ellopása]Név: Dave_R_Vincenzo Kocsi: 33
[18:29:02] [Frakció jármû ellopása]Név: Dave_R_Vincenzo Kocsi: 81
[18:29:12] [kredit][19]John_Salivan kapott 1 bónusz kreditet (játszott óra)
[18:31:59] [kredit][66]Blake_Browns kapott 1 bónusz kreditet (játszott óra)
[18:32:49] Hirdetés: Ház eladó olcsón! | Hirdetõ: Steve J Sorrentino | Tel: 6-989-458 [18:32]
[18:34:58] Hirdetés: Házat veszek!! | Hirdetõ: Norbert N Ortega | Tel: 8-058-468 [18:34]
[18:35:04] [BOLTRABLÁS] Fekete_Erik boltot rabol, összesen 1-n vannak
[18:36:06] Leone_S_Tomasso kórház jail ideje: 90 mp
[18:36:10] [BOLTRABLÁS] Fekete_Erik befejezte a boltrablást, 1-n maradtak, 1-n kezdték
[18:36:10] Fekete_Erik rabolt 1 emberrel, összeg: 37406Ft
[18:36:52] [kredit][69]Denny_Toretto kapott 1 bónusz kreditet (játszott óra)
[18:37:06] Blake_Browns kórház jail ideje: 90 mp
[18:37:15] Earl_Fooster kórház jail ideje: 270 mp
[18:37:25] [kredit][61]Rick_Aciano kapott 1 bónusz kreditet (játszott óra)
[18:37:35] [/ram] Don_Sorrentino - 225-s ház
[18:41:09] Dukai_Roland kórház jail ideje: 90 mp
[18:41:55] Hirdetés: A BATF Felvételt hírdet a kapitányság elõtt! ((RP, LVL 5)) | Hirdetõ: John Salivan | Tel: 6-828-189 [18:41]
[18:42:19] [kredit][74]Dom_Aciano kapott 1 bónusz kreditet (játszott óra)
[18:42:52] [kredit][44]Norbert_N_Ortega kapott 1 bónusz kreditet (játszott óra)
[18:43:04] Earl_Fooster LOGINkórház jail ideje: 10 mp
[18:43:25] [kredit][42]Patrick_Zecchin kapott 1 bónusz kreditet (játszott óra)
[18:43:25] [kredit][58]Jason_Toretto kapott 1 bónusz kreditet (játszott óra)
[18:44:30] [kredit][63]Dave_R_Vincenzo kapott 1 bónusz kreditet (játszott óra)
[18:45:03] [kredit][32]Krisztofer_Vincenzo kapott 1 bónusz kreditet (játszott óra)
[18:45:04] [/ram] Don_Sorrentino - 376-s ház
[18:45:36] Hirdetés: A BATF Felvételt hírdet a kapitányság elõtt! ((RP, LVL5)) | Hirdetõ: John Salivan | Tel: 6-828-189 [18:45]
[18:46:09] [kredit][30]Jason_Aciano kapott 1 bónusz kreditet (játszott óra)
[18:48:20] [kredit][21]Dominic_Vincenzo kapott 1 bónusz kreditet (játszott óra)
[18:48:20] [kredit][48]Frank_Smatt kapott 1 bónusz kreditet (játszott óra)
[18:48:53] [kredit][27]Charlie_Leanders kapott 1 bónusz kreditet (játszott óra)
[18:51:25] [/ram] Leone_S_Tomasso - 232-s ház
[18:52:09] Hirdetés: Mananát veszek 3 milloig | Hirdetõ: Kiraly Viktor | Tel: 9-946-675 [18:52]
[18:52:12] [kredit][18]Nico_Butler kapott 1 bónusz kreditet (játszott óra)
[18:54:25] Hirdetés: Boxville, ház eladó! | Hirdetõ: Steve J Sorrentino | Tel: 6-989-458 [18:54]
[18:54:57] [kredit][35]Steve_J_Sorrentino kapott 1 bónusz kreditet (játszott óra)
[18:54:57] [kredit][37]Victor_Jr_Zecchin kapott 1 bónusz kreditet (játszott óra)
[18:55:29] Hirdetés: jármûvet veszek. | Hirdetõ: James Creed | Tel: 1-196-248 [18:55]
[18:56:03] [kredit][0]Banyanszki_Martin kapott 1 bónusz kreditet (játszott óra)
[18:56:10] [/ram] Don_Sorrentino - 313-s ház
[18:56:36] [kredit][70]Nick_R_Wilson kapott 1 bónusz kreditet (játszott óra)
[18:56:36] [kredit][75]Earl_Fooster kapott 1 bónusz kreditet (játszott óra)
[18:57:09] [kredit][42]Diaz_Freeman kapott 1 bónusz kreditet (játszott óra)
[18:57:09] [kredit][49]Henrik_T_Scaletta kapott 1 bónusz kreditet (játszott óra)
[18:58:53] Hirdetés: A BATF Felvételt hírdet a kapitányság elõtt! ((RP, LVL5)) | Hirdetõ: John Salivan | Tel: 6-828-189 [18:58]
[18:59:53] [kredit][57]Kevin_L_Saltzman kapott 1 bónusz kreditet (játszott óra)
[19:01:00] Hirdetés: A BATF Felvételt hírdet a kapitányság elõtt! ((RP, LVL5)) | Hirdetõ: John Salivan | Tel: 6-828-189 [19:01]
[19:01:36] << Oliver_Aciano megváltoztatta a mûsornevet erre: Szólirakó >>
[19:02:05] [kredit][52]Betty_O_Neill kapott 1 bónusz kreditet (játszott óra)
[19:02:05] [kredit][53]Ryder_T_Zecchin kapott 1 bónusz kreditet (játszott óra)
[19:02:24] << Oliver_Aciano megváltoztatta a mûsornevet erre: Szókirakó >>
[19:02:26] Hirdetés: A BATF Felvételt hírdet a kapitányság elõtt! ((RP, LVL5)) | Hirdetõ: John Salivan | Tel: 6-828-189 [19:02]
[19:02:37] [kredit][40]Tom_Camorra kapott 1 bónusz kreditet (játszott óra)
[19:02:37] [kredit][56]Paul_D_Cortez kapott 1 bónusz kreditet (játszott óra)
[19:03:52] Hirdetés: A BATF Felvételt hírdet a kapitányság elõtt! ((RP, LVL5)) | Hirdetõ: John Salivan | Tel: 6-828-189 [19:03]
[19:04:15] [kredit][50]Horvath_Adrian kapott 1 bónusz kreditet (játszott óra)
[19:04:15] [kredit][73]Dukai_Roland kapott 1 bónusz kreditet (játszott óra)
[19:04:41] Hirdetés: A BATF Felvételt hírdet a kapitányság elõtt! ((RP, LVL5)) | Hirdetõ: John Salivan | Tel: 6-828-189 [19:04]
[19:05:54] Hirdetés: Házat vennék | Hirdetõ: Chris S Black | Tel: 9-241-726 [19:05]
[19:06:04] [kredit][59]Kiraly_Viktor kapott 1 bónusz kreditet (játszott óra)
[19:06:04] [kredit][68]Mark_Bishop kapott 1 bónusz kreditet (játszott óra)
[19:07:09] [kredit][38]Gaspar_David kapott 1 bónusz kreditet (játszott óra)
[19:07:58] Hirdetés: A BATF Felvételt hírdet a kapitányság elõtt! ((RP, LVL5)) | Hirdetõ: John Salivan | Tel: 6-828-189 [19:07]
[19:09:53] [kredit][23]James_Creed kapott 1 bónusz kreditet (játszott óra)
[19:09:56] Hirdetés: A BATF Felvételt hírdet a kapitányság elõtt! ((RP, LVL5)) | Hirdetõ: John Salivan | Tel: 6-828-189 [19:09]
[19:10:26] [kredit][34]Joe_Surenos kapott 1 bónusz kreditet (játszott óra)
[19:11:39] [/ram] Don_Sorrentino - 358-s ház
[19:11:56] Cody_Aciano LOGINkórház jail ideje: 78 mp
[19:12:36] [kredit][28]Natalia_Inferno kapott 1 bónusz kreditet (játszott óra)
[19:12:36] [kredit][31]Raul_Butler kapott 1 bónusz kreditet (játszott óra)
[19:13:09] [kredit][58]Peter_O_Martinez kapott 1 bónusz kreditet (játszott óra)
[19:13:44] [kredit][67]Marcel_B_Hollywood kapott 1 bónusz kreditet (játszott óra)
[19:13:44] [kredit][72]Mark_B_Hollywood kapott 1 bónusz kreditet (játszott óra)
[19:14:49] [kredit][62]Atsuya_D_Freeman kapott 1 bónusz kreditet (játszott óra)
[19:15:17] [/alair ház] - Chris_S_Black vett Steve_J_Sorrentino -tõl egy házat 516, 8,250,000 Ft-ért
[19:15:22] [kredit][41]Costa_Miles kapott 1 bónusz kreditet (játszott óra)
[19:15:55] [kredit][20]Stefan_Berger kapott 1 bónusz kreditet (játszott óra)
[19:17:33] [kredit][39]Leone_S_Tomasso kapott 1 bónusz kreditet (játszott óra)
[19:17:50] Hirdetés: Boxville eladó olcsón! | Hirdetõ: Steve J Sorrentino | Tel: 6-989-458 [19:17]
[19:19:02] [/ram] Don_Sorrentino - 435-s ház
[19:19:11] [kredit][36]Jin_Sorrentino kapott 1 bónusz kreditet (játszott óra)
[19:20:16] [kredit][24]Pekano_S_Barett kapott 1 bónusz kreditet (játszott óra)
[19:21:03] [/ram] Don_Sorrentino - 219-s ház
[19:21:49] Victor_Jr_Zecchin kórház jail ideje: 90 mp
[19:21:55] [kredit][57]Nelson_Washington kapott 1 bónusz kreditet (játszott óra)
[19:22:27] [kredit][27]Don_Sorrentino kapott 1 bónusz kreditet (játszott óra)
[19:22:44] Thomas_Berzerk kórház jail ideje: 89 mp
[19:23:00] [kredit][22]Oliver_Aciano kapott 1 bónusz kreditet (játszott óra)
[19:23:00] [kredit][39]Darius_N_Ortega kapott 1 bónusz kreditet (játszott óra)
[19:23:00] [kredit][45]Ryan_Lennox kapott 1 bónusz kreditet (játszott óra)
[19:25:45] << Oliver_Aciano megváltoztatta a mûsornevet erre: Cross >>
[19:27:21] [kredit][51]Fekete_Erik kapott 1 bónusz kreditet (játszott óra)
[19:30:06] [kredit][29]David_Toretto kapott 1 bónusz kreditet (játszott óra)
[19:30:06] [kredit][33]Kevin_S_Tomasso kapott 1 bónusz kreditet (játszott óra)
[19:31:45] [kredit][26]Mate_Richard kapott 1 bónusz kreditet (játszott óra)
[19:32:14] Hirdetés: USAF töbörzást tart a városházán!((RP.LVL5,TS)) | Hirdetõ: Steve J Sorrentino | Tel: 6-989-458 [19:32]
[19:33:37] [/ram] Ryan_Lennox - 219-s ház
[19:33:57] [kredit][43]Daniel_Scaletta kapott 1 bónusz kreditet (játszott óra)
[19:35:03] [kredit][54]Thomas_Berzerk kapott 1 bónusz kreditet (játszott óra)
[19:35:03] [kredit][75]Dave_Stinson kapott 1 bónusz kreditet (játszott óra)
[19:35:42] Hirdetés: USAF toborzást tart a városházán!((RP.LVL5)) | Hirdetõ: Steve J Sorrentino | Tel: 6-989-458 [19:35]
[19:36:40] [kredit][17]Damien_Creed kapott 1 bónusz kreditet (játszott óra)
[19:37:13] [kredit][25]Chris_S_Black kapott 1 bónusz kreditet (játszott óra)
[19:37:45] Hirdetés: A Légierõ toborzást tart a városházán! ((LVL5, RP)) | Hirdetõ: Costa Miles | Tel: 6-864-516 [19:37]
[19:37:46] [kredit][74]John_Salivan kapott 1 bónusz kreditet (játszott óra)
[19:38:39] Marcel_B_Hollywood kórház jail ideje: 90 mp
[19:38:42] Jason_Toretto kórház jail ideje: 4170 mp
[19:39:25] [kredit][48]Cseszka_R_Davidson kapott 1 bónusz kreditet (játszott óra)
[19:39:25] [BOLTRABLÁS] James_Creed boltot rabol, összesen 2-n vannak
[19:39:41] Alvilág: material eladó nagy mennyiségben! | Hirdetõ: Hugo Toretto | Tel: 3-783-545 [19:39]
[19:40:30] [kredit][58]Tyler_Wish kapott 1 bónusz kreditet (játszott óra)
[19:40:30] [BOLTRABLÁS] James_Creed befejezte a boltrablást, 2-n maradtak, 2-n kezdték
[19:40:30] James_Creed rabolt 2 emberrel, összeg: 148515Ft
[19:40:45] James_Creed kórház jail ideje: -1 mp
[19:40:46] John_Salivan kórház jail ideje: 750 mp
[19:40:48] Damien_Creed kórház jail ideje: 630 mp
[19:40:53] Joe_Gates kórház jail ideje: 1230 mp
[19:40:58] David_Toretto kórház jail ideje: 270 mp
[19:41:03] [kredit][70]Freddie_B_Scaletta kapott 1 bónusz kreditet (játszott óra)
[19:41:14] Dominic_Vincenzo kórház jail ideje: 90 mp
[19:41:20] Dave_R_Vincenzo kórház jail ideje: 449 mp
[19:42:20] Dave_R_Vincenzo LOGINkórház jail ideje: 434 mp
[19:43:10] Dave_R_Vincenzo LOGINkórház jail ideje: 405 mp
[19:43:15] [kredit][78]Carlos_D_Surenos kapott 1 bónusz kreditet (játszott óra)
[19:46:30] Hirdetés: Házat veszek!! | Hirdetõ: Norbert N Ortega | Tel: 8-058-468 [19:46]
[19:47:48] [kredit][43]Daniel_Scaletta beváltott 50 kreditet 262g kokainért
[19:50:25] Dave_R_Vincenzo LOGINkórház jail ideje: 390 mp
[19:50:57] [kredit][32]Krisztofer_Vincenzo kapott 1 bónusz kreditet (játszott óra)
[19:50:57] [kredit][50]Markus_D_Zecchin kapott 1 bónusz kreditet (játszott óra)
[19:50:57] [kredit][77]Jason_Toretto kapott 1 bónusz kreditet (játszott óra)
[19:51:31] [kredit][55]Dom_Aciano kapott 1 bónusz kreditet (játszott óra)
[19:52:04] [kredit][82]Jimmy_Doherty kapott 1 bónusz kreditet (játszott óra)
[19:53:25] Hirdetés: Házat veszek! | Hirdetõ: Norbert N Ortega | Tel: 8-058-468 [19:53]
[19:55:00] John_Salivan LOGINkórház jail ideje: 346 mp
[19:55:54] [kredit][65]Norbert_N_Ortega kapott 1 bónusz kreditet (játszott óra)
[19:56:27] [kredit][67]Dominic_Vincenzo kapott 1 bónusz kreditet (játszott óra)
[19:58:21] Hirdetés: Házat veszek!!! | Hirdetõ: Norbert N Ortega | Tel: 8-058-468 [19:58]
[19:58:41] [kredit][55]Aldo_B_Dueno kapott 1 bónusz kreditet (játszott óra)
[19:58:57] Hirdetés: Papot Keressek sürgössen! | Hirdetõ: Paul D Cortez | Tel: 2-919-303 [19:58]
[20:00:21] [kredit][47]Denny_Toretto kapott 1 bónusz kreditet (játszott óra)
[20:00:48] Hirdetés: Papot Keressek sürgössen! | Hirdetõ: Paul D Cortez | Tel: 2-919-303 [20:00]
[20:00:54] [kredit][37]Victor_Jr_Zecchin kapott 1 bónusz kreditet (játszott óra)
[20:01:16] [jármu átalakítás]Eredeti: 4 új 487 Tulaj: Victor_Jr_Zecchin, Rendszám: 516
[20:01:28] [kredit][44]Steve_J_Sorrentino kapott 1 bónusz kreditet (játszott óra)
[20:03:06] [kredit][56]Matt_Creed kapott 1 bónusz kreditet (játszott óra)
[20:03:40] [kredit][0]Yamato_Bosco kapott 1 bónusz kreditet (játszott óra)
[20:05:54] [kredit][21]Dave_R_Vincenzo kapott 1 bónusz kreditet (játszott óra)
[20:05:54] [kredit][22]Shura_Sharma kapott 1 bónusz kreditet (játszott óra)
[20:06:27] [kredit][71]Henrik_T_Scaletta kapott 1 bónusz kreditet (játszott óra)
[20:07:00] [kredit][68]Antonn_Fedorov kapott 1 bónusz kreditet (játszott óra)
[20:07:34] [kredit][42]Diaz_Freeman kapott 1 bónusz kreditet (játszott óra)
[20:08:08] [kredit][53]Ryder_T_Zecchin kapott 1 bónusz kreditet (játszott óra)
[20:08:41] [kredit][40]Tom_Camorra kapott 1 bónusz kreditet (játszott óra)
[20:09:14] [kredit][18]Zero_Hopkins kapott 1 bónusz kreditet (játszott óra)
[20:09:48] [kredit][70]Nadasi_Gyorgy kapott 1 bónusz kreditet (játszott óra)
[20:12:02] [kredit][25]Steve_Aoki kapott 1 bónusz kreditet (játszott óra)
[20:14:21] << Oliver_Aciano kikapcsolta a mûsornevek használatát >>
[20:15:56] [kredit][27]Hugo_Toretto kapott 1 bónusz kreditet (játszott óra)
[20:15:56] [kredit][66]Paul_D_Cortez kapott 1 bónusz kreditet (játszott óra)
[20:16:29] [kredit][34]Joe_Surenos kapott 1 bónusz kreditet (játszott óra)
[20:16:29] [kredit][59]Patrick_Zecchin kapott 1 bónusz kreditet (játszott óra)
[20:17:02] [kredit][23]Bentner_K_White kapott 1 bónusz kreditet (játszott óra)
[20:18:43] [kredit][28]Natalia_Inferno kapott 1 bónusz kreditet (játszott óra)
[20:18:43] [kredit][36]James_Creed kapott 1 bónusz kreditet (játszott óra)
[20:19:16] [kredit][31]Raul_Butler kapott 1 bónusz kreditet (játszott óra)
[20:19:49] [kredit][46]Joe_Gates kapott 1 bónusz kreditet (játszott óra)
[20:19:49] [kredit][72]Mark_B_Hollywood kapott 1 bónusz kreditet (játszott óra)
[20:20:48] Mate_Richard kórház jail ideje: 89 mp
[20:22:35] [kredit][54]Valor_Colin kapott 1 bónusz kreditet (játszott óra)
[20:23:08] [kredit][19]Stefan_Berger kapott 1 bónusz kreditet (játszott óra)
[20:23:08] [kredit][75]Betty_O_Neill kapott 1 bónusz kreditet (játszott óra)
[20:24:14] [kredit][69]Leone_S_Tomasso kapott 1 bónusz kreditet (játszott óra)
[20:26:29] Mate_Richard kórház jail ideje: 90 mp
[20:26:59] [kredit][31]Henrik_Sedin kapott 1 bónusz kreditet (játszott óra)
[20:27:32] [kredit][45]Mark_Bishop kapott 1 bónusz kreditet (játszott óra)
[20:28:05] [kredit][57]Nelson_Washington kapott 1 bónusz kreditet (játszott óra)
[20:28:38] [kredit][21]Usate_Krukenberg kapott 1 bónusz kreditet (játszott óra)
[20:29:11] [kredit][45]Cristofer_Francesko kapott 1 bónusz kreditet (játszott óra)
[20:31:23] [kredit][58]Don_Sorrentino kapott 1 bónusz kreditet (játszott óra)
[20:31:23] [kredit][80]Martin_B_Zecchin kapott 1 bónusz kreditet (játszott óra)
[20:31:56] [kredit][51]Joshue_White kapott 1 bónusz kreditet (játszott óra)
[20:32:29] [kredit][30]Costa_Miles kapott 1 bónusz kreditet (játszott óra)
[20:32:37] Hirdetés: Olcsó Házat veszek! | Hirdetõ: Norbert N Ortega | Tel: 8-058-468 [20:32]
[20:33:02] [kredit][63]Joe_Walker kapott 1 bónusz kreditet (játszott óra)
[20:36:20] [kredit][33]Kevin_S_Tomasso kapott 1 bónusz kreditet (játszott óra)
[20:36:53] [kredit][29]David_Toretto kapott 1 bónusz kreditet (játszott óra)
[20:37:59] [kredit][17]Mate_Richard kapott 1 bónusz kreditet (játszott óra)
[20:37:59] [kredit][47]Bryan_B_Hollywood kapott 1 bónusz kreditet (játszott óra)
[20:39:05] [kredit][43]Gaspar_David kapott 1 bónusz kreditet (játszott óra)
[20:39:05] [kredit][62]Edie_Morra kapott 1 bónusz kreditet (játszott óra)
[20:39:38] [kredit][20]Darius_N_Ortega kapott 1 bónusz kreditet (játszott óra)
[20:40:11] [kredit][27]Marcel_B_Hollywood kapott 1 bónusz kreditet (játszott óra)
[20:41:17] [kredit][61]Tom_Zecchin kapott 1 bónusz kreditet (játszott óra)
[20:42:56] [kredit][60]Horvath_Adrian kapott 1 bónusz kreditet (játszott óra)
[20:43:35] [kredit][71]Henrik_T_Scaletta beváltott 10 kreditet 50g kokainért
[20:44:04] [kredit][43]Harold_G_Freeman kapott 1 bónusz kreditet (játszott óra)
[20:44:49] Edie_Morra kórház jail ideje: 89 mp
[20:45:45] [kredit][48]Cseszka_R_Davidson kapott 1 bónusz kreditet (játszott óra)
[20:46:41] Hirdetés: Comet eladó | Hirdetõ: Kevin R Sorrentino | Tel: 3-073-800 [20:46]
[20:48:05] [ujmodel]Dolph_F_Gates átlakaította 876 rendszámû 533 típusú kocsit 65-é. Tulaj: 
[20:49:00] [/k vásárol] - UID: 0 nem kapta meg az utalást, mentve az összeg: 198,000 Ft. Kocsi Sultan
[20:49:13] Diaz_Freeman kórház jail ideje: 2790 mp
[20:49:23] [ujmodel]Dolph_F_Gates átlakaította 558 rendszámû 579 típusú kocsit 83-é. Tulaj: 
[20:49:40] Diaz_Freeman kórház jail ideje: 2766 mp
[20:51:12] Diaz_Freeman LOGINkórház jail ideje: 2734 mp
[20:51:35] Hirdetés: A BATF Felvételt hírdet a kapitányság elõtt! ((RP, LVL5)) | Hirdetõ: John Salivan | Tel: 6-828-189 [20:51]
[20:52:19] [kredit][75]Preston_R_Wilson kapott 1 bónusz kreditet (játszott óra)
[20:53:46] Hirdetés: Jarmuvet Vennek , cserebe Ertekpappirt adok ' | Hirdetõ: Nico Butler | Tel: 7-488-958 [20:53]
[20:54:46] Hirdetés: Comet eladó | Hirdetõ: Kevin R Sorrentino | Tel: 3-073-800 [20:54]
[20:55:24] Hirdetés: A BATF Felvételt hírdet a kapitányság elõtt! ((RP, LVL5)) | Hirdetõ: John Salivan | Tel: 6-828-189 [20:55]
[20:55:36] [kredit][18]John_Salivan kapott 1 bónusz kreditet (játszott óra)
[20:55:36] [kredit][24]Damien_Creed kapott 1 bónusz kreditet (játszott óra)
[20:56:10] [kredit][76]Max_D_Freeman kapott 1 bónusz kreditet (játszott óra)
[20:56:43] [kredit][65]Krist_Roscoe kapott 1 bónusz kreditet (játszott óra)
[20:57:16] [kredit][50]Markus_D_Zecchin kapott 1 bónusz kreditet (játszott óra)
[20:58:22] [kredit][38]Krisztofer_Vincenzo kapott 1 bónusz kreditet (játszott óra)
[20:59:27] [kredit][77]Jimmy_Doherty kapott 1 bónusz kreditet (játszott óra)
[21:01:55] Jin_Sorrentino kórház jail ideje: 90 mp
[21:02:13] [kredit][22]Nick_R_Wilson kapott 1 bónusz kreditet (játszott óra)
[21:02:13] [kredit][55]Ventura_Zecchin kapott 1 bónusz kreditet (játszott óra)
[21:02:47] [kredit][67]Dominic_Vincenzo kapott 1 bónusz kreditet (játszott óra)
[21:02:47] [kredit][73]Thomas_Berzerk kapott 1 bónusz kreditet (játszott óra)
[21:02:49] Damien_Creed kórház jail ideje: 90 mp
[21:03:18] Dominic_Vincenzo kórház jail ideje: 90 mp
[21:03:53] [kredit][56]Norbert_N_Ortega kapott 1 bónusz kreditet (játszott óra)
[21:04:24] Alvilág: M4 ELADÓ ! | Hirdetõ: Rick Aciano | Tel: 7-118-582 [21:04]
[21:04:58] Ventura_Zecchin kórház jail ideje: 90 mp
[21:04:59] [kredit][26]Charlie_Leanders kapott 1 bónusz kreditet (játszott óra)
[21:04:59] [kredit][64]Chris_S_Black kapott 1 bónusz kreditet (játszott óra)
[21:05:12] Hugo_Toretto kórház jail ideje: 90 mp
[21:05:25] Daniel_Scaletta kórház jail ideje: 90 mp
[21:05:30] Hirdetés: A Groove Kocsma Pultosokat Keres! Erd.SMS | Hirdetõ: Nico Butler | Tel: 7-488-958 [21:05]
[21:07:32] Hirdetés: értékpapírba veszek Mavericket, ha kell ráfizetek | Hirdetõ: Markus D Zecchin | Tel: 6-069-097 [21:07]
[21:07:46] [kredit][72]Victor_Jr_Zecchin kapott 1 bónusz kreditet (játszott óra)
[21:07:46] [kredit][86]Marcell_O_Neill kapott 1 bónusz kreditet (játszott óra)
[21:08:19] [kredit][52]Ralf_S_Tomasso kapott 1 bónusz kreditet (játszott óra)
[21:08:59] Marcel_B_Hollywood kórház jail ideje: 89 mp
[21:09:38] [kredit][57]Nelson_Washington beváltott 10 kreditet 50g kokainért
[21:10:50] Dave_R_Vincenzo kórház jail ideje: 630 mp
[21:11:03] [kredit][44]Yamato_Bosco kapott 1 bónusz kreditet (játszott óra)
[21:11:10] Hirdetés: Jármûvet veszek olcsón! | Hirdetõ: Markus D Zecchin | Tel: 6-069-097 [21:11]
[21:12:10] [kredit][35]Rick_Aciano kapott 1 bónusz kreditet (játszott óra)
[21:12:44] [kredit][70]Dolph_F_Gates kapott 1 bónusz kreditet (játszott óra)
[21:13:17] [kredit][68]Antonn_Fedorov kapott 1 bónusz kreditet (játszott óra)
[21:13:50] [kredit][33]Henrik_T_Scaletta kapott 1 bónusz kreditet (játszott óra)
[21:14:23] [kredit][87]Diaz_Freeman kapott 1 bónusz kreditet (játszott óra)
[21:14:57] [kredit][36]Ryder_T_Zecchin kapott 1 bónusz kreditet (játszott óra)
[21:14:57] Dave_R_Vincenzo LOGINkórház jail ideje: 479 mp
[21:17:45] [kredit][71]Dave_R_Vincenzo kapott 1 bónusz kreditet (játszott óra)
[21:18:39] =====[ Játékos bejelentés érkezett ]=====
[21:18:39] Elkövetõ: [39]James_Creed | Bejelentõ: [28]Natalia_Inferno
[21:18:39] Tett: {FFFF00}DM
[21:18:50] Tom_Torres kórház jail ideje: 90 mp
[21:19:15] Hirdetés: Házat veszek! | Hirdetõ: Norbert N Ortega | Tel: 8-058-468 [21:19]
[21:20:32] [kredit][74]Tyler_Wish kapott 1 bónusz kreditet (játszott óra)
[21:21:15] Raul_Butler kórház jail ideje: 90 mp
[21:21:24] Diaz_Freeman LOGINkórház jail ideje: 1256 mp
[21:22:00] [kredit][33]Henrik_T_Scaletta beváltott 10 kreditet 50g kokainért
[21:22:06] [kredit][33]Henrik_T_Scaletta beváltott 10 kreditet 50g kokainért
[21:22:12] [kredit][66]Paul_D_Cortez kapott 1 bónusz kreditet (játszott óra)
[21:22:45] [kredit][34]Joe_Surenos kapott 1 bónusz kreditet (játszott óra)
[21:23:18] [kredit][23]Bentner_K_White kapott 1 bónusz kreditet (játszott óra)
[21:23:18] [kredit][59]Patrick_Zecchin kapott 1 bónusz kreditet (játszott óra)
[21:24:30] Joe_Gates kórház jail ideje: 210 mp
[21:24:58] [kredit][28]Natalia_Inferno kapott 1 bónusz kreditet (játszott óra)
[21:24:58] [kredit][54]Cody_Aciano kapott 1 bónusz kreditet (játszott óra)
[21:26:34] [/v vásárol] - Marcell_O_Neill vett egy Nincs_Tulaj -tõl egy Sabre típusú jármûvet. 39 v-s rendszám.
[21:26:34] [/v vásárol] - UID: 0 nem kapta meg az utalást, mentve az összeg: 24,750,000 Ft. Kocsi Sabre
[21:27:45] [kredit][27]Zero_Hopkins kapott 1 bónusz kreditet (játszott óra)
[21:28:19] [kredit][0]Shura_Sharma kapott 1 bónusz kreditet (játszott óra)
[21:28:19] [kredit][58]James_D_Freeman kapott 1 bónusz kreditet (játszott óra)
[21:29:25] [kredit][19]Stefan_Berger kapott 1 bónusz kreditet (játszott óra)
[21:29:25] [kredit][62]Freddie_B_Scaletta kapott 1 bónusz kreditet (játszott óra)
[21:29:59] [kredit][45]Betty_O_Neill kapott 1 bónusz kreditet (játszott óra)
[21:29:59] [kredit][81]Joe_Gates kapott 1 bónusz kreditet (játszott óra)
[21:31:39] [kredit][32]Daniel_Scaletta kapott 1 bónusz kreditet (játszott óra)
[21:32:13] [kredit][80]Mark_B_Hollywood kapott 1 bónusz kreditet (játszott óra)
[21:32:46] [kredit][64]Brandon_Toretto kapott 1 bónusz kreditet (játszott óra)
[21:33:53] [kredit][79]Dom_Aciano kapott 1 bónusz kreditet (játszott óra)
[21:34:59] [kredit][21]Usate_Krukenberg kapott 1 bónusz kreditet (játszott óra)
[21:36:06] [kredit][42]Tom_Camorra kapott 1 bónusz kreditet (játszott óra)
[21:36:06] [kredit][83]Matt_Creed kapott 1 bónusz kreditet (játszott óra)
[21:36:52] Cody_Aciano kórház jail ideje: 90 mp
[21:37:45] [kredit][40]Jin_Sorrentino kapott 1 bónusz kreditet (játszott óra)
[21:38:50] [kredit][30]Costa_Miles kapott 1 bónusz kreditet (játszott óra)
[21:39:23] [kredit][29]Joshue_White kapott 1 bónusz kreditet (játszott óra)
[21:39:23] [kredit][49]Gerald_P_Scaletta kapott 1 bónusz kreditet (játszott óra)
[21:41:36] [kredit][37]Don_Sorrentino kapott 1 bónusz kreditet (játszott óra)
[21:41:40] Alvilág: 12k matit vezsek | Hirdetõ: Markus D Zecchin | Tel: 6-069-097 [21:41]
[21:44:23] [kredit][43]Hugo_Toretto kapott 1 bónusz kreditet (játszott óra)
[21:44:53] Alvilág: Kész matit veszek 12 k-t | Hirdetõ: Markus D Zecchin | Tel: 6-069-097 [21:44]
[21:45:20] Marcell_O_Neill kórház jail ideje: 90 mp
[21:45:29] [kredit][55]Mate_Richard kapott 1 bónusz kreditet (játszott óra)
[21:46:02] [kredit][20]Darius_N_Ortega kapott 1 bónusz kreditet (játszott óra)
[21:47:42] [kredit][18]Kiraly_Viktor kapott 1 bónusz kreditet (játszott óra)
[21:50:55] [kredit][51]Sam_Witwicky kapott 1 bónusz kreditet (játszott óra)
[21:51:27] [kredit][22]Harold_G_Freeman kapott 1 bónusz kreditet (játszott óra)
[21:51:59] [kredit][48]Cseszka_R_Davidson kapott 1 bónusz kreditet (játszott óra)
[21:51:59] [kredit][49]Leone_S_Tomasso kapott 1 bónusz kreditet (játszott óra)
[21:52:59] [kredit][61]Nick_Vitale beváltott 10 kreditet -1 perc börtönidõért
[21:53:03] [kredit][66]Tom_Zecchin kapott 1 bónusz kreditet (játszott óra)
[21:54:39] [kredit][30]Jason_Aciano kapott 1 bónusz kreditet (játszott óra)
[21:55:11] [kredit][46]Milinte_Brasco kapott 1 bónusz kreditet (játszott óra)
[21:56:01] [kredit][47]Bryan_B_Hollywood kapott 9 bónusz kreditet (verseny)
[21:56:05] [kredit][46]Milinte_Brasco kapott 6 bónusz kreditet (verseny)
[21:56:09] [kredit][66]Tom_Zecchin kapott 3 bónusz kreditet (verseny)
[21:56:13] Hirdetés: Infernus eladó! | Hirdetõ: Chris D Black | Tel: 5-383-675 [21:56]
[21:56:48] [kredit][33]David_Toretto kapott 1 bónusz kreditet (játszott óra)
[21:57:20] [kredit][31]Chris_D_Black kapott 1 bónusz kreditet (játszott óra)
[21:57:53] [kredit][47]Bryan_B_Hollywood kapott 1 bónusz kreditet (játszott óra)
[21:58:25] Natalia_Inferno kórház jail ideje: 90 mp
[21:58:26] [kredit][75]Preston_R_Wilson kapott 1 bónusz kreditet (játszott óra)
[21:59:58] Hirdetés: Infernus eladó! | Hirdetõ: Chris D Black | Tel: 5-383-675 [21:59]
[22:00:39] [kredit][52]Nelson_Washington kapott 1 bónusz kreditet (játszott óra)
[22:00:57] Hirdetés: Infernus eladó! | Hirdetõ: Chris D Black | Tel: 5-383-675 [22:00]
[22:01:24] Nelson_Washington kórház jail ideje: 690 mp
[22:01:57] Hirdetés: Infernus eladó! | Hirdetõ: Chris D Black | Tel: 5-383-675 [22:01]
[22:02:51] [kredit][65]Krist_Roscoe kapott 1 bónusz kreditet (játszott óra)
[22:03:25] [kredit][39]Damien_Creed kapott 1 bónusz kreditet (játszott óra)
[22:03:25] [kredit][50]Markus_D_Zecchin kapott 1 bónusz kreditet (játszott óra)
[22:04:31] [kredit][38]Krisztofer_Vincenzo kapott 1 bónusz kreditet (játszott óra)
[22:04:56] Hirdetés: infernus eladó! | Hirdetõ: Chris D Black | Tel: 5-383-675 [22:04]
[22:05:04] [kredit][62]Jason_Toretto kapott 1 bónusz kreditet (játszott óra)
[22:05:04] [kredit][69]Dukai_Roland kapott 1 bónusz kreditet (játszott óra)
[22:05:37] [kredit][77]Jimmy_Doherty kapott 1 bónusz kreditet (játszott óra)
[22:05:41] Hirdetés: Házat veszek!!! | Hirdetõ: Norbert N Ortega | Tel: 8-058-468 [22:05]
[22:06:10] [kredit][72]Lily_Miles kapott 1 bónusz kreditet (játszott óra)
[22:06:43] Hirdetés: infernus eladó! | Hirdetõ: Chris D Black | Tel: 5-383-675 [22:06]
[22:07:23] Hirdetés: Infernus eladó! | Hirdetõ: Chris D Black | Tel: 5-383-675 [22:07]
[22:07:49] [kredit][67]Edie_Morra kapott 1 bónusz kreditet (játszott óra)
[22:07:55] Dukai_Roland kórház jail ideje: 90 mp
[22:09:23] Hirdetés: Infernus eladó! | Hirdetõ: Chris D Black | Tel: 5-383-675 [22:09]
[22:09:28] [kredit][59]Thomas_Berzerk kapott 1 bónusz kreditet (játszott óra)
[22:10:01] [kredit][56]Norbert_N_Ortega kapott 1 bónusz kreditet (játszott óra)
[22:12:08] [jármu átalakítás]Eredeti: 401 új 514 Tulaj: Norbert_N_Ortega, Rendszám: 784
[22:16:36] [kredit][89]Kevin_L_Saltzman kapott 1 bónusz kreditet (játszott óra)
[22:18:14] [kredit][24]Sergei_B_Dueno kapott 1 bónusz kreditet (játszott óra)
[22:18:46] [kredit][70]Dolph_F_Gates kapott 1 bónusz kreditet (játszott óra)
[22:19:19] [kredit][68]Antonn_Fedorov kapott 1 bónusz kreditet (játszott óra)
[22:20:57] [kredit][35]Kevin_R_Sorrentino kapott 1 bónusz kreditet (játszott óra)
[22:21:35] Costa_Miles kórház jail ideje: 90 mp
[22:23:34] Hirdetés: Házat veszek!! | Hirdetõ: Norbert N Ortega | Tel: 8-058-468 [22:23]
[22:24:12] Hirdetés: Japán étteren felvételt hírdet! Érd:Honlap, SMS ((Fórum)) | Hirdetõ: Darius N Ortega | Tel: 8-878-070 [22:24]
[22:24:14] [kredit][48]John_Kelin kapott 1 bónusz kreditet (játszott óra)
[22:24:46] [kredit][19]John_Salivan kapott 1 bónusz kreditet (játszott óra)
[22:25:52] [kredit][46]Marcel_B_Hollywood kapott 1 bónusz kreditet (játszott óra)
[22:26:25] [kredit][74]Tyler_Wish kapott 1 bónusz kreditet (játszott óra)
[22:27:30] [kredit][49]Nico_Butler kapott 1 bónusz kreditet (játszott óra)
[22:28:08] Hirdetés: A Grove Kocsma Pultosokat Keres! Erd.SMS | Hirdetõ: Nico Butler | Tel: 7-488-958 [22:28]
[22:30:14] [kredit][23]Bentner_K_White kapott 1 bónusz kreditet (játszott óra)
[22:30:50] David_Toretto kórház jail ideje: 89 mp
[22:32:27] [kredit][25]Akos_B_Gates kapott 1 bónusz kreditet (játszott óra)
[22:32:41] Hirdetés: Jarmuvet vennek , ertekpapprt adok cserebe | Hirdetõ: Nico Butler | Tel: 7-488-958 [22:32]
[22:33:27] Hirdetés: legális Comet eladó | Hirdetõ: Kevin R Sorrentino | Tel: 3-073-800 [22:33]
[22:34:06] [kredit][27]Zero_Hopkins kapott 1 bónusz kreditet (játszott óra)
[22:34:06] [kredit][51]Henrik_T_Scaletta kapott 1 bónusz kreditet (játszott óra)
[22:34:39] [kredit][28]Shura_Sharma kapott 1 bónusz kreditet (játszott óra)
[22:35:45] [kredit][45]Betty_O_Neill kapott 1 bónusz kreditet (játszott óra)
[22:36:01] Hirdetés: Hazat vennek , ertekpapprt adok cserebe | Hirdetõ: Nico Butler | Tel: 7-488-958 [22:36]
[22:36:51] [kredit][26]Dominic_Vincenzo kapott 1 bónusz kreditet (játszott óra)
[22:37:30] =====[ Játékos bejelentés érkezett ]=====
[22:37:30] Elkövetõ: [53]Matt_Creed | Bejelentõ: [37]Yamato_Bosco
[22:37:30] Tett: {FFFF00}DM OK NÉLKÜL BELÕ
[22:37:48] Freddie_B_Scaletta kórház jail ideje: 89 mp
[22:37:58] [kredit][43]Steve_Aoki kapott 1 bónusz kreditet (játszott óra)
[22:38:53] Preston_R_Wilson kórház jail ideje: 90 mp
[22:39:07] Marcel_B_Hollywood kórház jail ideje: 89 mp
[22:40:10] [kredit][60]Torres_Butler kapott 1 bónusz kreditet (játszott óra)
[22:40:43] [kredit][21]Usate_Krukenberg kapott 1 bónusz kreditet (játszott óra)
[22:41:16] [kredit][17]William_Cortez kapott 1 bónusz kreditet (játszott óra)
[22:41:49] [kredit][42]Tom_Camorra kapott 1 bónusz kreditet (játszott óra)
[22:42:22] [kredit][53]Matt_Creed kapott 1 bónusz kreditet (játszott óra)
[22:43:00] Freddie_B_Scaletta LOGINkórház jail ideje: 71 mp
[22:45:10] [kredit][41]Costa_Miles kapott 1 bónusz kreditet (játszott óra)
[22:46:49] [kredit][50]Bent_Washington kapott 1 bónusz kreditet (játszott óra)
[22:47:22] [kredit][65]Freddie_B_Scaletta kapott 1 bónusz kreditet (játszott óra)
[22:48:11] Hirdetés: Kicsit olcsóbb házat vennék! | Hirdetõ: Cseszka R Davidson | Tel: 4-564-490 [22:48]
[22:49:02] [kredit][34]Don_Sorrentino kapott 1 bónusz kreditet (játszott óra)
[22:49:02] [kredit][64]Tom_Torres kapott 1 bónusz kreditet (játszott óra)
[22:49:35] [kredit][44]Daniel_Scaletta kapott 1 bónusz kreditet (játszott óra)
[22:49:45] Hirdetés: Házat vennék reális áron! | Hirdetõ: Cseszka R Davidson | Tel: 4-564-490 [22:49]
[22:52:14] [kredit][37]Yamato_Bosco kapott 1 bónusz kreditet (játszott óra)
[22:52:46] [kredit][55]Mate_Richard kapott 1 bónusz kreditet (játszott óra)
[22:53:18] [kredit][20]Darius_N_Ortega kapott 1 bónusz kreditet (játszott óra)
[22:54:23] [kredit][27]Ryan_Lennox kapott 1 bónusz kreditet (játszott óra)
[22:54:56] [kredit][18]Kiraly_Viktor kapott 1 bónusz kreditet (játszott óra)
[22:55:03] Hirdetés: Házat vennék! | Hirdetõ: Cseszka R Davidson | Tel: 4-564-490 [22:55]
[22:55:58] [kredit][66]Toth_Martin beváltott 10 kreditet 50000Ftért
[22:56:04] [kredit][66]Toth_Martin beváltott 10 kreditet 50000Ftért
[22:57:39] [kredit][66]Toth_Martin kapott 1 bónusz kreditet (játszott óra)
[22:58:44] [kredit][22]Harold_G_Freeman kapott 1 bónusz kreditet (játszott óra)
[22:58:46] Hirdetés: legális Comet eladó | Hirdetõ: Kevin R Sorrentino | Tel: 3-073-800 [22:58]
[22:59:16] [kredit][17]Natalia_Inferno kapott 1 bónusz kreditet (játszott óra)
[22:59:49] [kredit][63]Aldo_B_Dueno kapott 1 bónusz kreditet (játszott óra)
[23:01:57] [kredit][30]Jason_Aciano kapott 1 bónusz kreditet (játszott óra)
[23:04:06] Hirdetés: legális Comet eladó! | Hirdetõ: Kevin R Sorrentino | Tel: 3-073-800 [23:04]
[23:04:08] [kredit][33]David_Toretto kapott 1 bónusz kreditet (játszott óra)
[23:04:49] Hirdetés: Comet eladó/cserélhetõ | Hirdetõ: Kevin R Sorrentino | Tel: 3-073-800 [23:04]
[23:07:54] [kredit][19]Preston_R_Wilson kapott 1 bónusz kreditet (játszott óra)
[23:10:12] [BOLTRABLÁS] Damien_Creed boltot rabol, összesen 1-n vannak
[23:11:10] =====[ Játékos bejelentés érkezett ]=====
[23:11:10] Elkövetõ: [37]Yamato_Bosco | Bejelentõ: [29]Kevin_R_Sorrentino
[23:11:10] Tett: {FFFF00}belém escel az úton -.-
[23:11:16] [BOLTRABLÁS] Damien_Creed befejezte a boltrablást, 1-n maradtak, 1-n kezdték
[23:11:16] Damien_Creed rabolt 1 emberrel, összeg: 37406Ft
[23:11:42] [kredit][0]Damien_Creed kapott 1 bónusz kreditet (játszott óra)
[23:14:57] [kredit][18]Krisztofer_Vincenzo kapott 1 bónusz kreditet (játszott óra)
[23:16:35] [kredit][57]Edie_Morra kapott 1 bónusz kreditet (játszott óra)
[23:17:08] [kredit][56]Norbert_N_Ortega kapott 1 bónusz kreditet (játszott óra)
[23:18:13] [kredit][27]Ray_Washington kapott 1 bónusz kreditet (játszott óra)
[23:19:44] Hirdetés: legális Comet eladó | Hirdetõ: Kevin R Sorrentino | Tel: 3-073-800 [23:19]
[23:21:27] [kredit][32]Connor_O_Neill kapott 1 bónusz kreditet (játszott óra)
[23:21:29] Radovan_S_Barett LOGINkórház jail ideje: 88 mp
[23:21:50] Hirdetés: Infernus eladó! | Hirdetõ: Chris D Black | Tel: 5-383-675 [23:21]
[23:23:38] [kredit][53]Jason_Toretto kapott 1 bónusz kreditet (játszott óra)
[23:24:06] Hirdetés: Comet eladó | Hirdetõ: Kevin R Sorrentino | Tel: 3-073-800 [23:24]
[23:27:10] Hirdetés: Infernus eladó! | Hirdetõ: Chris D Black | Tel: 5-383-675 [23:27]
[23:30:18] Antonn_Fedorov kórház jail ideje: 90 mp
[23:30:34] Hirdetés: Comet, Flash eladó | Hirdetõ: Jason Toretto | Tel: 3-012-853 [23:30]
[23:30:42] [kredit][59]Patrik_O_Neill kapott 1 bónusz kreditet (játszott óra)
[23:31:15] [kredit][47]Antonn_Fedorov kapott 1 bónusz kreditet (játszott óra)
[23:36:04] Hirdetés: Elegy eladó  | Hirdetõ: Preston R Wilson | Tel: 1-751-163 [23:36]
[23:37:28] [kredit][24]John_Salivan kapott 1 bónusz kreditet (játszott óra)
[23:38:32] Hirdetés: COMMET eladó | Hirdetõ: Kevin R Sorrentino | Tel: 3-073-800 [23:38]
[23:39:06] [kredit][43]Tyler_Wish kapott 1 bónusz kreditet (játszott óra)
[23:39:52] Hirdetés: Elegy Eladó | Hirdetõ: Preston R Wilson | Tel: 1-751-163 [23:39]
[23:41:51] Tom_Torres LOGINkórház jail ideje: 90 mp
[23:43:23] [kredit][25]Marcel_B_Hollywood kapott 1 bónusz kreditet (játszott óra)
[23:43:55] [kredit][40]Kevin_R_Sorrentino kapott 1 bónusz kreditet (játszott óra)
[23:45:32] [kredit][32]Sam_Witwicky kapott 1 bónusz kreditet (játszott óra)
[23:46:28] Hirdetés: Jármûvet veszek | Hirdetõ: Antonn Fedorov | Tel: 5-141-402 [23:46]
[23:47:37] Marcel_B_Hollywood kórház jail ideje: 210 mp
[23:48:12] [kredit][38]Dominic_Vincenzo kapott 1 bónusz kreditet (játszott óra)
[23:48:12] [kredit][51]Shura_Sharma kapott 1 bónusz kreditet (játszott óra)
[23:51:25] [kredit][33]Sam_Vinewood kapott 1 bónusz kreditet (játszott óra)
[23:51:25] Hirdetés: Sultanom eladó! | Hirdetõ: Cseszka R Davidson | Tel: 4-564-490 [23:51]
[23:53:01] [kredit][42]Tom_Camorra kapott 1 bónusz kreditet (játszott óra)
[23:54:31] Hirdetés: Comet eladó | Hirdetõ: Kevin R Sorrentino | Tel: 3-073-800 [23:54]
[23:55:06] [/v vesz] - Henrik_T_Scaletta vett Jason_Toretto -tõl egy Infernus típusú jármûvet. 54 v-s rendszám.
[23:55:10] [kredit][35]Johan_B_Black kapott 1 bónusz kreditet (játszott óra)
[23:55:42] [kredit][32]Zero_Hopkins kapott 1 bónusz kreditet (játszott óra)
[23:55:46] [/csere kocsi1] - Jason_Toretto(170 - Trailer4) cserélt Henrik_T_Scaletta(54 - Maverick) -el kocsit.
