[00:01:53] Hirdetés: Taxist keresek! | Hirdetõ: David Toretto | Tel: 1-710-986 [00:01]
[00:02:05] Dominic_Vincenzo kórház jail ideje: 90 mp
[00:03:40] [kredit][17]Steve_Aoki kapott 1 bónusz kreditet (játszott óra)
[00:07:37] Jefferson_B_Black kórház jail ideje: 330 mp
[00:08:58] [kredit][35]Zero_Hopkins kapott 1 bónusz kreditet (játszott óra)
[00:10:35] [kredit][48]Tyler_Wish kapott 1 bónusz kreditet (játszott óra)
[00:11:38] [kredit][40]Sam_Witwicky kapott 1 bónusz kreditet (játszott óra)
[00:12:10] [kredit][42]Valor_Colin kapott 1 bónusz kreditet (játszott óra)
[00:13:45] [kredit][33]Connor_O_Neill kapott 1 bónusz kreditet (játszott óra)
[00:16:57] [kredit][27]Henrik_T_Scaletta kapott 1 bónusz kreditet (játszott óra)
[00:18:57] Steve_Aoki kórház jail ideje: 450 mp
[00:19:13] Felix_Wheeler kórház jail ideje: 1890 mp
[00:20:08] [kredit][25]Kevin_L_Saltzman kapott 1 bónusz kreditet (játszott óra)
[00:29:09] James_D_Freeman kórház jail ideje: 210 mp
[00:29:09] Tyler_Wish kórház jail ideje: 389 mp
[00:35:27] [kredit][28]Philip_Skipper kapott 1 bónusz kreditet (játszott óra)
[00:39:06] Alvilág: M4 csipa eladó | Hirdetõ: Sidney Tribiani | Tel: 3-711-327 [00:39]
[00:40:11] [kredit][18]Tom_Cook kapott 1 bónusz kreditet (játszott óra)
[00:42:19] [kredit][25]Costa_Miles beváltott 10 kreditet 50000Ftért
[00:43:20] [kredit][25]Costa_Miles kapott 1 bónusz kreditet (játszott óra)
[00:43:52] [kredit][0]Sidney_Tribiani kapott 1 bónusz kreditet (játszott óra)
[00:47:54] [/ram] Don_Sorrentino - 219-s ház
[00:47:55] [/ram] Daniel_Scaletta - 219-s ház
[00:52:17] [/ram] Don_Sorrentino - 508-s ház
[00:52:17] [kredit][19]Daniel_Scaletta kapott 1 bónusz kreditet (játszott óra)
[00:53:20] [kredit][21]David_Toretto kapott 1 bónusz kreditet (játszott óra)
[00:53:21] [BOLTRABLÁS] Sidney_Tribiani boltot rabol, összesen 1-n vannak
[00:54:24] [BOLTRABLÁS] Sidney_Tribiani befejezte a boltrablást, 1-n maradtak, 1-n kezdték
[00:54:24] Sidney_Tribiani rabolt 1 emberrel, összeg: 37406Ft
[01:11:44] [kredit][20]Don_Sorrentino kapott 3 bónusz kreditet (kincs)
[01:20:59] [kredit][17]Henrik_T_Scaletta kapott 1 bónusz kreditet (játszott óra)
[01:22:55] [/v vásárol] - Henrik_T_Scaletta megkapta az utalást 247,500 Ft.
[01:34:32] [kredit][20]Don_Sorrentino kapott 1 bónusz kreditet (játszott óra)
[02:02:07] [kredit][17]Torres_Butler kapott 1 bónusz kreditet (játszott óra)
[02:13:10] [/buyhouse] - Patrik_O_Neill vett egy házat 95, 0 Ft-ért
[02:23:39] [kredit][22]Elwood_JR_Sorrentino kapott 1 bónusz kreditet (játszott óra)
[02:28:51] [kredit][0]Tom_Torres kapott 1 bónusz kreditet (játszott óra)
[02:32:31] [kredit][19]Pablo_Scaletta kapott 1 bónusz kreditet (játszott óra)
[02:40:23] [kredit][18]Patrik_O_Neill kapott 1 bónusz kreditet (játszott óra)
[02:56:02] [kredit][20]Marcell_O_Neill kapott 1 bónusz kreditet (játszott óra)
[03:02:16] [kredit][21]Henrik_T_Scaletta kapott 1 bónusz kreditet (játszott óra)
[03:22:37] [kredit][20]Don_Sorrentino kapott 1 bónusz kreditet (játszott óra)
[03:25:02] [/buyhouse] - Mike_S_Surenos vett egy házat 40, 0 Ft-ért
[03:28:12] [ujmodel]Marcell_O_Neill átlakaította 1045 rendszámû 580 típusú kocsit 78-é. Tulaj: 
[03:28:34] [/v vesz] - Mike_S_Surenos vett Marcell_O_Neill -tõl egy Elegant típusú jármûvet. 76 v-s rendszám.
[03:28:54] [kredit][22]Elwood_JR_Sorrentino kapott 1 bónusz kreditet (játszott óra)
[03:33:04] [kredit][0]Tom_Torres kapott 1 bónusz kreditet (játszott óra)
[03:36:11] [kredit][22]Elwood_JR_Sorrentino vett 1150 kreditet 100000000Ftért
[03:36:16] [kredit][22]Elwood_JR_Sorrentino vett 1150 kreditet 100000000Ftért
[03:36:20] [kredit][22]Elwood_JR_Sorrentino vett 1150 kreditet 100000000Ftért
[03:36:25] [kredit][22]Elwood_JR_Sorrentino vett 563 kreditet 50000000Ftért
[03:36:37] [kredit][22]Elwood_JR_Sorrentino vett 110 kreditet 10000000Ftért
[03:36:40] [kredit][22]Elwood_JR_Sorrentino vett 11 kreditet 1000000Ftért
[03:36:43] [kredit][22]Elwood_JR_Sorrentino vett 11 kreditet 1000000Ftért
[03:36:47] [kredit][22]Elwood_JR_Sorrentino vett 11 kreditet 1000000Ftért
[03:36:50] [kredit][22]Elwood_JR_Sorrentino vett 11 kreditet 1000000Ftért
[03:37:00] [kredit][22]Elwood_JR_Sorrentino vett 1 kreditet 100000Ftért
[03:37:02] [kredit][22]Elwood_JR_Sorrentino vett 1 kreditet 100000Ftért
[03:37:04] [kredit][22]Elwood_JR_Sorrentino vett 1 kreditet 100000Ftért
[03:37:06] [kredit][22]Elwood_JR_Sorrentino vett 1 kreditet 100000Ftért
[03:37:56] [kredit][22]Elwood_JR_Sorrentino beváltott 1580 kreditet 2db prémiumpontért
[03:38:06] [kredit][22]Elwood_JR_Sorrentino beváltott 2500 kreditet 8125g marihuanaért
[03:38:10] [kredit][22]Elwood_JR_Sorrentino beváltott 500 kreditet 1438g marihuanaért
[04:00:45] [kredit][17]Mike_S_Surenos kapott 1 bónusz kreditet (játszott óra)
[04:04:55] [kredit][21]Henrik_T_Scaletta kapott 1 bónusz kreditet (játszott óra)
[07:25:39] [kredit][0]James_D_Ryan kapott 1 bónusz kreditet (játszott óra)
[07:56:20] [kredit][19]Edie_Morra kapott 1 bónusz kreditet (játszott óra)
[08:00:29] [kredit][18]Thomas_Berzerk kapott 1 bónusz kreditet (játszott óra)
[08:14:42] Edie_Morra kórház jail ideje: 90 mp
[08:20:19] [kredit][20]Kazuyoshi_Akira kapott 1 bónusz kreditet (játszott óra)
[08:26:08] [kredit][26]Stefan_Berger kapott 1 bónusz kreditet (játszott óra)
[08:28:16] [kredit][0]James_D_Ryan kapott 1 bónusz kreditet (játszott óra)
[08:31:26] [kredit][23]Frank_Cobain kapott 1 bónusz kreditet (játszott óra)
[08:36:44] [kredit][28]Toth_Martin kapott 1 bónusz kreditet (játszott óra)
[08:44:06] [kredit][22]Mark_Bishop kapott 1 bónusz kreditet (játszott óra)
[08:44:37] [kredit][30]Mate_Richard kapott 1 bónusz kreditet (játszott óra)
[08:46:12] [kredit][21]Ryan_B_Mike kapott 1 bónusz kreditet (játszott óra)
[08:46:13] Hirdetés: Vidéki házam eladó és cserélhetõ! Elõnyben az LS-i ház! | Hirdetõ: Joker Creed | Tel: 5-769-753 [08:46]
[08:48:04] Doboska_Endre kórház jail ideje: 89 mp
[08:51:03] Hirdetés: Védiki házamat cserélném Los Santosira!Házszám: Tölgy utca 122. | Hirdetõ: Joker Creed | Tel: 5-769-753 [08:51]
[08:56:13] Toth_Martin kórház jail ideje: 90 mp
[08:59:21] [kredit][19]Edie_Morra kapott 1 bónusz kreditet (játszott óra)
[09:01:59] [kredit][29]Kiraly_Viktor kapott 1 bónusz kreditet (játszott óra)
[09:02:12] Thomas_Berzerk kórház jail ideje: 510 mp
[09:03:33] [kredit][18]Thomas_Berzerk kapott 1 bónusz kreditet (játszott óra)
[09:03:33] [kredit][20]Joker_Creed kapott 1 bónusz kreditet (játszott óra)
[09:03:37] Thomas_Berzerk kórház jail ideje: 430 mp
[09:08:49] [kredit][25]Doboska_Endre kapott 1 bónusz kreditet (játszott óra)
[09:16:01] [kredit][20]Joker_Creed beváltott 10 kreditet -1 perc börtönidõért
[09:16:05] [kredit][20]Joker_Creed beváltott 10 kreditet -1 perc börtönidõért
[09:16:07] [kredit][20]Joker_Creed beváltott 10 kreditet -1 perc börtönidõért
[09:20:54] [kredit][24]Max_D_Freeman kapott 1 bónusz kreditet (játszott óra)
[09:21:19] [/buyhouse] - Max_D_Freeman vett egy házat 132, 1 Ft-ért
[09:22:29] [kredit][31]Banyanszki_Martin kapott 1 bónusz kreditet (játszott óra)
[09:31:27] [kredit][0]James_D_Ryan kapott 1 bónusz kreditet (játszott óra)
[09:34:07] [kredit][31]Dave_R_Vincenzo kapott 1 bónusz kreditet (játszott óra)
[09:34:24] Hanzon_Soprano LOGINkórház jail ideje: 1692 mp
[09:34:38] [kredit][22]Stefan_Berger kapott 1 bónusz kreditet (játszott óra)
[09:34:38] [kredit][23]Frank_Cobain kapott 1 bónusz kreditet (játszott óra)
[09:36:56] Christopher_H_Gates kórház jail ideje: 90 mp
[09:37:18] [kredit][33]Kazuyoshi_Akira kapott 1 bónusz kreditet (játszott óra)
[09:39:55] [kredit][28]Toth_Martin kapott 1 bónusz kreditet (játszott óra)
[09:42:39] Thomas_Berzerk LOGINkórház jail ideje: 334 mp
[09:43:10] Hanzon_Soprano LOGINkórház jail ideje: 1667 mp
[09:46:15] [kredit][35]Jin_Sorrentino kapott 1 bónusz kreditet (játszott óra)
[09:47:19] [kredit][18]Norbert_N_Ortega kapott 1 bónusz kreditet (játszott óra)
[09:48:22] [kredit][34]Jerry_Hooward kapott 1 bónusz kreditet (játszott óra)
[09:48:54] [kredit][17]Shaun_Butler kapott 1 bónusz kreditet (játszott óra)
[09:48:54] [kredit][24]Darius_N_Ortega kapott 1 bónusz kreditet (játszott óra)
[09:51:07] Hanzon_Soprano LOGINkórház jail ideje: 1314 mp
[09:52:06] [kredit][31]Steve_J_Sorrentino kapott 1 bónusz kreditet (játszott óra)
[09:53:43] [kredit][39]Mate_Richard kapott 1 bónusz kreditet (játszott óra)
[09:54:33] Victor_Jr_Zecchin LOGINkórház jail ideje: 254 mp
[09:54:47] [/csere kocsi1] - Kiraly_Viktor(256 - Bike) cserélt Mate_Richard(154 - Trailer4) -el kocsit.
[09:55:19] [kredit][20]Kevin_S_Tomasso kapott 1 bónusz kreditet (játszott óra)
[09:57:07] Hirdetés: Infernus eladó | Hirdetõ: Darius N Ortega | Tel: 8-878-070 [09:57]
[10:00:40] [kredit][0]Patrick_Zecchin kapott 1 bónusz kreditet (játszott óra)
[10:00:40] [kredit][27]Leone_S_Tomasso kapott 1 bónusz kreditet (játszott óra)
[10:01:29] [/alair ház] - Jin_Sorrentino vett Max_D_Freeman -tõl egy házat 132, 15,000,000 Ft-ért
[10:01:57] Hanzon_Soprano LOGINkórház jail ideje: 979 mp
[10:02:47] Hirdetés: Infernus eladó | Hirdetõ: Darius N Ortega | Tel: 8-878-070 [10:02]
[10:02:48] [kredit][19]Edie_Morra kapott 1 bónusz kreditet (játszott óra)
[10:04:24] [kredit][43]Joshue_White kapott 1 bónusz kreditet (játszott óra)
[10:06:17] Don_Sorrentino kórház jail ideje: 90 mp
[10:06:33] [kredit][29]Kiraly_Viktor kapott 1 bónusz kreditet (játszott óra)
[10:08:41] [kredit][23]Tyler_Wish kapott 1 bónusz kreditet (játszott óra)
[10:10:50] [kredit][38]Ralf_S_Tomasso kapott 1 bónusz kreditet (játszott óra)
[10:12:27] [kredit][45]Martin_Stone kapott 1 bónusz kreditet (játszott óra)
[10:12:27] [kredit][48]Mester_Csaba kapott 1 bónusz kreditet (játszott óra)
[10:14:37] [kredit][37]Nick_R_Wilson kapott 1 bónusz kreditet (játszott óra)
[10:18:56] [kredit][44]Hanzon_Soprano kapott 1 bónusz kreditet (játszott óra)
[10:20:01] [kredit][41]Don_Sorrentino kapott 1 bónusz kreditet (játszott óra)
[10:20:42] Hanzon_Soprano LOGINkórház jail ideje: 70 mp
[10:22:11] [kredit][25]Nelson_Washington kapott 1 bónusz kreditet (játszott óra)
[10:23:14] Jin_Sorrentino kórház jail ideje: 90 mp
[10:23:48] [kredit][47]Joker_Creed kapott 1 bónusz kreditet (játszott óra)
[10:28:06] [/ram] Leone_S_Tomasso - 232-s ház
[10:28:39] [kredit][26]James_D_Freeman kapott 1 bónusz kreditet (játszott óra)
[10:28:55] [kredit][25]Nelson_Washington beváltott 10 kreditet 50g kokainért
[10:28:57] [kredit][25]Nelson_Washington beváltott 10 kreditet 50g kokainért
[10:33:56] Kevin_S_Tomasso kórház jail ideje: 85 mp
[10:34:26] Hirdetés: Hívja a szerelõket!((/service mechanic)) | Hirdetõ: Kazuyoshi Akira | Tel: 5-031-040 [10:34]
[10:35:17] Hirdetés: Infernus eladó | Hirdetõ: Darius N Ortega | Tel: 8-878-070 [10:35]
[10:36:45] [kredit][52]Matt_Creed kapott 1 bónusz kreditet (játszott óra)
[10:37:39] Hirdetés: A Groove kocsma felvételt hirdet  | Hirdetõ: Joe Surenos | Tel: 3-198-545 [10:37]
[10:37:50] [kredit][49]Earl_Fooster kapott 1 bónusz kreditet (játszott óra)
[10:38:22] [kredit][24]Victor_Jr_Zecchin kapott 1 bónusz kreditet (játszott óra)
[10:38:55] [kredit][22]Stefan_Berger kapott 1 bónusz kreditet (játszott óra)
[10:41:39] [kredit][33]Kazuyoshi_Akira kapott 1 bónusz kreditet (játszott óra)
[10:42:17] Darius_N_Ortega kórház jail ideje: 90 mp
[10:44:55] [kredit][21]Chris_S_Black kapott 1 bónusz kreditet (játszott óra)
[10:44:55] [kredit][53]Keny_L_Brasco kapott 1 bónusz kreditet (játszott óra)
[10:46:57] Hirdetés: Autókereskedõ fõnököt keresem! | Hirdetõ: Natalia Inferno | Tel: 2-803-880 [10:46]
[10:48:10] [kredit][28]Betty_O_Neill kapott 1 bónusz kreditet (játszott óra)
[10:49:01] [kredit][31]Nelson_Washington beváltott 10 kreditet 50g kokainért
[10:50:02] Antonn_Fedorov LOGINkórház jail ideje: 799 mp
[10:51:59] [kredit][60]Akos_White kapott 1 bónusz kreditet (játszott óra)
[10:53:37] [kredit][18]Norbert_N_Ortega kapott 1 bónusz kreditet (játszott óra)
[10:54:09] [kredit][21]Dave_R_Vincenzo kapott 1 bónusz kreditet (játszott óra)
[10:55:14] [kredit][57]Darius_N_Ortega kapott 1 bónusz kreditet (játszott óra)
[10:55:42] Hirdetés: Hívja a szerelõket!((/service mechanic)) | Hirdetõ: Kazuyoshi Akira | Tel: 5-031-040 [10:55]
[10:58:59] [kredit][32]Steve_J_Sorrentino kapott 1 bónusz kreditet (játszott óra)
[10:59:27] Felix_Wheeler LOGINkórház jail ideje: 1717 mp
[11:00:04] [kredit][20]Kevin_S_Tomasso kapott 1 bónusz kreditet (játszott óra)
[11:00:04] [kredit][37]Mate_Richard kapott 1 bónusz kreditet (játszott óra)
[11:00:04] Tyler_Wish kórház jail ideje: 90 mp
[11:00:05] James_D_Freeman kórház jail ideje: 90 mp
[11:02:13] [kredit][34]Natalia_Inferno kapott 1 bónusz kreditet (játszott óra)
[11:03:51] [kredit][44]Blake_Browns kapott 1 bónusz kreditet (játszott óra)
[11:04:56] [kredit][36]Zero_Hopkins kapott 1 bónusz kreditet (játszott óra)
[11:06:02] [kredit][59]Daniel_Sedin kapott 1 bónusz kreditet (játszott óra)
[11:06:30] Darthy_M_Stillenacht LOGINkórház jail ideje: 90 mp
[11:07:07] [kredit][27]Leone_S_Tomasso kapott 1 bónusz kreditet (játszott óra)
[11:07:40] [kredit][19]Edie_Morra kapott 1 bónusz kreditet (játszott óra)
[11:08:12] [kredit][60]Carlos_D_Surenos kapott 1 bónusz kreditet (játszott óra)
[11:08:47] Hirdetés: RoadTrainem bérbe adom! | Hirdetõ: Miroslav Kroos | Tel: 2-990-670 [11:08]
[11:09:17] [kredit][43]Joshue_White kapott 1 bónusz kreditet (játszott óra)
[11:09:17] [kredit][62]Tom_Zecchin kapott 1 bónusz kreditet (játszott óra)
[11:09:51] [kredit][56]Pekano_S_Barett kapott 1 bónusz kreditet (játszott óra)
[11:10:23] [kredit][41]Frank_Cobain kapott 1 bónusz kreditet (játszott óra)
[11:10:55] [kredit][45]Thomas_Berzerk kapott 1 bónusz kreditet (játszott óra)
[11:11:59] [kredit][29]Kiraly_Viktor kapott 1 bónusz kreditet (játszott óra)
[11:11:59] [kredit][38]James_D_Ryan kapott 1 bónusz kreditet (játszott óra)
[11:12:51] Hirdetés: akinek az gépjármûvel van gond hívja a szerelõket! | Hirdetõ: Kazuyoshi Akira | Tel: 5-031-040 [11:12]
[11:14:09] [kredit][30]Hugo_Toretto kapott 1 bónusz kreditet (játszott óra)
[11:17:25] [kredit][23]Doboska_Endre kapott 1 bónusz kreditet (játszott óra)
[11:17:25] [kredit][48]Mester_Csaba kapott 1 bónusz kreditet (játszott óra)
[11:17:57] [kredit][25]George_B_Hollywood kapott 1 bónusz kreditet (játszott óra)
[11:17:57] [kredit][58]Drew_B_Dueno kapott 1 bónusz kreditet (játszott óra)
[11:18:27] Mate_Richard kórház jail ideje: 90 mp
[11:19:36] [kredit][52]Valor_Colin kapott 1 bónusz kreditet (játszott óra)
[11:20:42] [kredit][36]Nick_R_Wilson kapott 1 bónusz kreditet (játszott óra)
[11:21:14] [kredit][51]Max_D_Freeman kapott 1 bónusz kreditet (játszott óra)
[11:21:47] [kredit][42]Richard_N_Ortega kapott 1 bónusz kreditet (játszott óra)
[11:22:46] Hirdetés: Faggiot veszek sürgösen | Hirdetõ: Kiraly Viktor | Tel: 9-946-675 [11:22]
[11:22:56] [kredit][42]Richard_N_Ortega beváltott 10 kreditet 50000Ftért
[11:23:02] [kredit][42]Richard_N_Ortega beváltott 10 kreditet 50000Ftért
[11:23:06] [kredit][42]Richard_N_Ortega beváltott 10 kreditet 50000Ftért
[11:23:10] [kredit][42]Richard_N_Ortega beváltott 10 kreditet 50000Ftért
[11:25:03] [kredit][22]Gaspar_David kapott 1 bónusz kreditet (játszott óra)
[11:25:36] [kredit][39]Patrick_Zecchin kapott 1 bónusz kreditet (játszott óra)
[11:25:55] Pekano_S_Barett LOGINkórház jail ideje: 90 mp
[11:26:08] [kredit][17]Tyler_Wish kapott 1 bónusz kreditet (játszott óra)
[11:26:40] [kredit][46]John_Kelin kapott 1 bónusz kreditet (játszott óra)
[11:28:18] [kredit][34]Dave_Stone kapott 1 bónusz kreditet (játszott óra)
[11:29:24] [kredit][31]Nelson_Washington kapott 1 bónusz kreditet (játszott óra)
[11:29:24] [kredit][47]Joker_Creed kapott 1 bónusz kreditet (játszott óra)
[11:30:30] [kredit][65]Ernesto_Surenos kapott 1 bónusz kreditet (játszott óra)
[11:31:35] [kredit][55]Fekete_Erik kapott 1 bónusz kreditet (játszott óra)
[11:34:01] Darthy_M_Stillenacht LOGINkórház jail ideje: 90 mp
[11:34:18] [kredit][26]James_D_Freeman kapott 1 bónusz kreditet (játszott óra)
[11:35:23] [kredit][0]Oliver_Aciano kapott 1 bónusz kreditet (játszott óra)
[11:35:56] [kredit][40]Markus_D_Zecchin kapott 1 bónusz kreditet (játszott óra)
[11:36:29] [kredit][46]Cody_Aciano kapott 1 bónusz kreditet (játszott óra)
[11:37:34] [kredit][57]Daniel_Davis kapott 1 bónusz kreditet (játszott óra)
[11:38:36] Marcel_B_Hollywood LOGINkórház jail ideje: 90 mp
[11:38:40] [kredit][63]Antonn_Fedorov kapott 1 bónusz kreditet (játszott óra)
[11:38:44] Nelson_Washington LOGINkórház jail ideje: 90 mp
[11:40:17] [kredit][27]Felix_Wheeler kapott 1 bónusz kreditet (játszott óra)
[11:40:49] [kredit][68]Joe_Surenos kapott 1 bónusz kreditet (játszott óra)
[11:44:37] [kredit][24]Victor_Jr_Zecchin kapott 1 bónusz kreditet (játszott óra)
[11:44:37] [kredit][62]Henrik_Sedin kapott 1 bónusz kreditet (játszott óra)
[11:45:48] [kredit][67]Ralf_S_Tomasso kapott 9 bónusz kreditet (verseny)
[11:47:07] [kredit][38]Natalia_Inferno kapott 6 bónusz kreditet (verseny)
[11:49:24] Hirdetés: Oktatót keresek | Hirdetõ: Natalia Inferno | Tel: 2-803-880 [11:49]
[11:49:32] [kredit][54]Toth_Martin kapott 1 bónusz kreditet (játszott óra)
[11:50:04] [kredit][53]Keny_L_Brasco kapott 1 bónusz kreditet (játszott óra)
[11:53:20] [kredit][18]Jimmy_Doherty kapott 1 bónusz kreditet (játszott óra)
[11:53:52] [kredit][28]Betty_O_Neill kapott 1 bónusz kreditet (játszott óra)
[11:55:29] [kredit][67]Ralf_S_Tomasso kapott 1 bónusz kreditet (játszott óra)
[11:56:34] [kredit][24]Marcel_B_Hollywood kapott 1 bónusz kreditet (játszott óra)
[11:57:38] [kredit][56]Usate_Krukenberg kapott 1 bónusz kreditet (játszott óra)
[12:00:53] [kredit][22]Don_Sorrentino kapott 1 bónusz kreditet (játszott óra)
[12:01:25] [kredit][41]Dave_R_Vincenzo kapott 1 bónusz kreditet (játszott óra)
[12:07:20] [kredit][45]Denny_Toretto kapott 1 bónusz kreditet (játszott óra)
[12:08:10] [kredit][67]Ralf_S_Tomasso kapott 9 bónusz kreditet (verseny)
[12:08:25] [kredit][63]Antonn_Fedorov kapott 6 bónusz kreditet (verseny)
[12:08:35] [kredit][24]Marcel_B_Hollywood kapott 3 bónusz kreditet (verseny)
[12:08:58] [kredit][44]Blake_Browns kapott 1 bónusz kreditet (játszott óra)
[12:10:03] [kredit][26]Norbert_N_Ortega kapott 1 bónusz kreditet (játszott óra)
[12:10:36] [kredit][37]Mate_Richard kapott 1 bónusz kreditet (játszott óra)
[12:13:20] [kredit][50]Daniel_Sedin kapott 1 bónusz kreditet (játszott óra)
[12:13:20] [kredit][60]Carlos_D_Surenos kapott 1 bónusz kreditet (játszott óra)
[12:14:25] [kredit][17]Paul_D_Cortez kapott 1 bónusz kreditet (játszott óra)
[12:15:31] [kredit][56]Leone_S_Tomasso kapott 1 bónusz kreditet (játszott óra)
[12:16:36] [kredit][32]Edie_Morra kapott 1 bónusz kreditet (játszott óra)
[12:17:09] [kredit][34]Jin_Sorrentino kapott 1 bónusz kreditet (játszott óra)
[12:17:27] [kredit][49]Cody_Aciano beváltott 100 kreditet -11 perc börtönidõért
[12:17:32] [kredit][49]Cody_Aciano beváltott 50 kreditet -5 perc börtönidõért
[12:17:41] [kredit][49]Cody_Aciano beváltott 10 kreditet -1 perc börtönidõért
[12:17:43] [kredit][49]Cody_Aciano beváltott 10 kreditet -1 perc börtönidõért
[12:17:45] [kredit][49]Cody_Aciano beváltott 10 kreditet -1 perc börtönidõért
[12:18:15] [kredit][33]Kiraly_Viktor kapott 1 bónusz kreditet (játszott óra)
[12:18:48] [kredit][42]Joshue_White kapott 1 bónusz kreditet (játszott óra)
[12:18:48] [kredit][53]Nadasi_Gyorgy kapott 1 bónusz kreditet (játszott óra)
[12:21:31] [kredit][38]Natalia_Inferno kapott 1 bónusz kreditet (játszott óra)
[12:24:14] [kredit][58]Harold_G_Freeman kapott 1 bónusz kreditet (játszott óra)
[12:25:19] [kredit][19]James_D_Ryan kapott 1 bónusz kreditet (játszott óra)
[12:25:19] [kredit][65]Martin_Stone kapott 1 bónusz kreditet (játszott óra)
[12:25:32] Cody_Aciano kórház jail ideje: 89 mp
[12:25:51] [kredit][52]Valor_Colin kapott 1 bónusz kreditet (játszott óra)
[12:25:51] [kredit][69]Mark_Bishop kapott 1 bónusz kreditet (játszott óra)
[12:30:12] [kredit][43]Costa_Miles kapott 1 bónusz kreditet (játszott óra)
[12:30:45] [kredit][61]Jason_O_Neill kapott 1 bónusz kreditet (játszott óra)
[12:31:18] [kredit][23]Krist_Roscoe kapott 1 bónusz kreditet (játszott óra)
[12:33:51] Kevin_R_Sorrentino LOGINkórház jail ideje: 939 mp
[12:33:51] Philip_Skipper kórház jail ideje: 89 mp
[12:34:35] [kredit][20]David_Toretto kapott 1 bónusz kreditet (játszott óra)
[12:39:59] [kredit][18]David_Statham kapott 1 bónusz kreditet (játszott óra)
[12:39:59] [kredit][46]Dominic_Vincenzo kapott 1 bónusz kreditet (játszott óra)
[12:41:03] [kredit][29]Nico_Butler kapott 1 bónusz kreditet (játszott óra)
[12:42:40] [kredit][39]Philip_Skipper kapott 1 bónusz kreditet (játszott óra)
[12:43:45] [kredit][0]Darius_N_Ortega kapott 1 bónusz kreditet (játszott óra)
[12:43:45] [kredit][26]Dukai_Roland kapott 1 bónusz kreditet (játszott óra)
[12:44:17] [kredit][37]Joe_Gates kapott 1 bónusz kreditet (játszott óra)
[12:44:17] [kredit][49]Antonn_Fedorov kapott 1 bónusz kreditet (játszott óra)
[12:46:59] [kredit][45]Markus_D_Zecchin kapott 1 bónusz kreditet (játszott óra)
[12:48:00] Steve_Aoki LOGINkórház jail ideje: 256 mp
[12:49:09] [kredit][37]Carl_Jackson kapott 1 bónusz kreditet (játszott óra)
[12:49:41] [kredit][27]Cristofer_Francesko kapott 1 bónusz kreditet (játszott óra)
[12:50:13] [kredit][21]Victor_Jr_Zecchin kapott 1 bónusz kreditet (játszott óra)
[12:55:37] [kredit][32]Gaspar_David kapott 1 bónusz kreditet (játszott óra)
[12:56:08] [kredit][53]Doboska_Endre kapott 1 bónusz kreditet (játszott óra)
[12:57:10] Kevin_R_Sorrentino LOGINkórház jail ideje: 28 mp
[12:57:12] [kredit][44]Tom_D_Wayne kapott 1 bónusz kreditet (játszott óra)
[12:58:44] Hirdetés: Az autókereskedés várja kedves vásárlóit! | Hirdetõ: Natalia Inferno | Tel: 2-803-880 [12:58]
[13:00:30] [kredit][61]Toth_Imre kapott 1 bónusz kreditet (játszott óra)
[13:03:47] [kredit][64]Ralf_S_Tomasso kapott 1 bónusz kreditet (játszott óra)
[13:04:20] [kredit][60]Rick_Aciano kapott 1 bónusz kreditet (játszott óra)
[13:04:53] [kredit][58]Horvath_Adrian kapott 1 bónusz kreditet (játszott óra)
[13:06:32] [kredit][35]Daniel_Davis kapott 1 bónusz kreditet (játszott óra)
[13:07:37] [kredit][24]Thomas_Davis kapott 1 bónusz kreditet (játszott óra)
[13:09:47] [kredit][52]Akos_White kapott 1 bónusz kreditet (játszott óra)
[13:11:23] [kredit][59]Jason_Toretto kapott 1 bónusz kreditet (játszott óra)
[13:13:31] << Oliver_Aciano megváltoztatta a mûsornevet erre: Zenekérõ show >>
[13:13:32] [kredit][42]Oliver_Aciano kapott 1 bónusz kreditet (játszott óra)
[13:14:38] [kredit][23]Denny_Toretto kapott 1 bónusz kreditet (játszott óra)
[13:14:38] [kredit][33]Joe_Walker kapott 1 bónusz kreditet (játszott óra)
[13:15:39] Paul_D_Cortez kórház jail ideje: 210 mp
[13:18:27] [kredit][30]Nelson_Washington kapott 1 bónusz kreditet (játszott óra)
[13:19:32] [kredit][17]Paul_D_Cortez kapott 1 bónusz kreditet (játszott óra)
[13:19:32] [kredit][63]Dave_R_Vincenzo kapott 1 bónusz kreditet (játszott óra)
[13:21:42] [kredit][55]Thomas_Berzerk kapott 1 bónusz kreditet (játszott óra)
[13:22:03] Hirdetés: Infernus eladó | Hirdetõ: Darius N Ortega | Tel: 8-878-070 [13:22]
[13:23:53] [BOLTRABLÁS] Earl_Fooster boltot rabol, összesen 1-n vannak
[13:24:26] [kredit][23]Kiraly_Viktor kapott 1 bónusz kreditet (játszott óra)
[13:24:58] [kredit][57]Richard_N_Ortega kapott 1 bónusz kreditet (játszott óra)
[13:26:03] [BOLTRABLÁS] Earl_Fooster befejezte a boltrablást, 1-n maradtak, 1-n kezdték
[13:26:03] Earl_Fooster rabolt 1 emberrel, összeg: 37406Ft
[13:26:03] [kredit][61]Cody_Aciano kapott 1 bónusz kreditet (játszott óra)
[13:26:03] [kredit][70]Nadasi_Gyorgy kapott 1 bónusz kreditet (játszott óra)
[13:27:40] [kredit][25]Tom_Zecchin kapott 1 bónusz kreditet (játszott óra)
[13:28:13] [kredit][52]Hugo_Toretto kapott 1 bónusz kreditet (játszott óra)
[13:29:18] [kredit][37]Cody_White kapott 1 bónusz kreditet (játszott óra)
[13:31:28] [kredit][67]Kevin_R_Sorrentino kapott 1 bónusz kreditet (játszott óra)
[13:32:00] [kredit][62]Mark_Bishop kapott 1 bónusz kreditet (játszott óra)
[13:32:22] Hirdetés: Faggiot veszek sürgösen | Hirdetõ: Kiraly Viktor | Tel: 9-946-675 [13:32]
[13:32:33] [kredit][58]Fekete_Erik kapott 1 bónusz kreditet (játszott óra)
[13:33:51] Hirdetés: Faggiot veszek sürgösen | Hirdetõ: Kiraly Viktor | Tel: 9-946-675 [13:33]
[13:36:59] [kredit][23]Alex_Nobel kapott 1 bónusz kreditet (játszott óra)
[13:36:59] [kredit][41]Jason_O_Neill kapott 1 bónusz kreditet (játszott óra)
[13:38:06] [kredit][53]Torres_Butler kapott 1 bónusz kreditet (játszott óra)
[13:38:33] Hirdetés: Faggiot veszek sürgõsen | Hirdetõ: Kiraly Viktor | Tel: 9-946-675 [13:38]
[13:39:44] [kredit][20]David_Toretto kapott 1 bónusz kreditet (játszott óra)
[13:40:32] Hirdetés: Faggiot veszek sürgõsen | Hirdetõ: Kiraly Viktor | Tel: 9-946-675 [13:40]
[13:40:49] [kredit][34]Tyler_Wish kapott 1 bónusz kreditet (játszott óra)
[13:40:49] [kredit][56]Joker_Creed kapott 1 bónusz kreditet (játszott óra)
[13:41:05] Darthy_M_Stillenacht LOGINkórház jail ideje: 74 mp
[13:42:28] [kredit][51]Carl_J_Creed kapott 1 bónusz kreditet (játszott óra)
[13:42:54] Alvilág: M4 Csipa eladó occsóba | Hirdetõ: Sidney Tribiani | Tel: 3-711-327 [13:42]
[13:43:01] [kredit][45]Valor_Colin kapott 1 bónusz kreditet (játszott óra)
[13:43:11] Fekete_Erik kórház jail ideje: 90 mp
[13:43:13] Hirdetés: Faggiot veszek sürgõsen! | Hirdetõ: Kiraly Viktor | Tel: 9-946-675 [13:43]
[13:44:47] Denny_Toretto kórház jail ideje: 90 mp
[13:45:14] [kredit][26]Sam_Witwicky kapott 1 bónusz kreditet (játszott óra)
[13:45:14] [kredit][50]Costa_Miles kapott 1 bónusz kreditet (játszott óra)
[13:45:36] Hirdetés: Házat vennék | Hirdetõ: Daniel Sedin | Tel: 6-655-272 [13:45]
[13:46:21] [kredit][49]Jake_Achard kapott 1 bónusz kreditet (játszott óra)
[13:48:33] [kredit][56]Kyosuke_Kawasaki kapott 1 bónusz kreditet (játszott óra)
[13:48:33] [kredit][75]Darthy_M_Stillenacht kapott 1 bónusz kreditet (játszott óra)
[13:49:06] [kredit][65]Natalia_Inferno kapott 1 bónusz kreditet (játszott óra)
[13:49:39] [kredit][38]Dukai_Roland kapott 1 bónusz kreditet (játszott óra)
[13:50:27] Hirdetés: legális Bullet eladó | Hirdetõ: Carl J Creed | Tel: 4-667-915 [13:50]
[13:50:45] [kredit][22]Joe_Gates kapott 1 bónusz kreditet (játszott óra)
[13:50:45] [kredit][68]Darius_N_Ortega kapott 1 bónusz kreditet (játszott óra)
[13:51:51] [kredit][31]Elwood_JR_Sorrentino kapott 1 bónusz kreditet (játszott óra)
[13:52:57] [kredit][33]Max_Navarro kapott 1 bónusz kreditet (játszott óra)
[13:53:51] Jake_Achard kórház jail ideje: 89 mp
[13:54:03] [kredit][58]Earl_Fooster kapott 1 bónusz kreditet (játszott óra)
[13:55:42] [kredit][21]Victor_Jr_Zecchin kapott 1 bónusz kreditet (játszott óra)
[13:56:06] Rick_Aciano LOGINkórház jail ideje: 90 mp
[13:56:15] [kredit][73]Cristofer_Francesko kapott 1 bónusz kreditet (játszott óra)
[14:01:09] [kredit][24]Ernesto_Surenos kapott 1 bónusz kreditet (játszott óra)
[14:01:41] [kredit][29]Strong_D_Black kapott 1 bónusz kreditet (játszott óra)
[14:02:46] [kredit][47]Carl_Wilson kapott 1 bónusz kreditet (játszott óra)
[14:02:46] [kredit][60]Joshue_White kapott 1 bónusz kreditet (játszott óra)
[14:04:57] [kredit][19]Philip_Skipper kapott 1 bónusz kreditet (játszott óra)
[14:06:35] [kredit][45]Kelin_Carry kapott 1 bónusz kreditet (játszott óra)
[14:09:19] [kredit][59]Daniel_Sedin kapott 1 bónusz kreditet (játszott óra)
[14:09:52] [kredit][51]Betty_O_Neill kapott 1 bónusz kreditet (játszott óra)
[14:10:25] [kredit][54]Rick_Aciano kapott 1 bónusz kreditet (játszott óra)
[14:12:04] [kredit][35]Daniel_Davis kapott 1 bónusz kreditet (játszott óra)
[14:12:41] << Oliver_Aciano kikapcsolta a mûsornevek használatát >>
[14:13:06] [jármu átalakítás]Eredeti: 334 új 525 Tulaj: Kelin_Carry, Rendszám: 670
[14:13:10] [kredit][42]Akos_Vincenzo kapott 1 bónusz kreditet (játszott óra)
[14:13:10] [kredit][49]Horvath_Adrian kapott 1 bónusz kreditet (játszott óra)
[14:14:17] [kredit][55]Sidney_Tribiani kapott 1 bónusz kreditet (játszott óra)
[14:15:56] [kredit][53]Marcell_O_Neill kapott 1 bónusz kreditet (játszott óra)
[14:15:56] [kredit][68]Freddie_B_Scaletta kapott 1 bónusz kreditet (játszott óra)
[14:17:01] [kredit][78]Greg_S_Sureyya kapott 1 bónusz kreditet (játszott óra)
[14:20:17] [kredit][0]Oliver_Aciano kapott 1 bónusz kreditet (játszott óra)
[14:22:28] [kredit][48]Martin_B_Zecchin kapott 1 bónusz kreditet (játszott óra)
[14:23:22] Sidney_Tribiani LOGINkórház jail ideje: 90 mp
[14:23:33] [kredit][18]Connor_O_Neill kapott 1 bónusz kreditet (játszott óra)
[14:24:39] [kredit][37]Carlos_D_Surenos kapott 1 bónusz kreditet (játszott óra)
[14:25:12] [kredit][63]Dave_R_Vincenzo kapott 1 bónusz kreditet (játszott óra)
[14:26:17] [kredit][17]Paul_D_Cortez kapott 1 bónusz kreditet (játszott óra)
[14:26:50] [kredit][26]Dominic_Vincenzo kapott 1 bónusz kreditet (játszott óra)
[14:26:50] [kredit][52]Tom_D_Wayne kapott 1 bónusz kreditet (játszott óra)
[14:27:55] [kredit][23]Jimmy_Doherty kapott 1 bónusz kreditet (játszott óra)
[14:28:27] [kredit][65]Thomas_Berzerk kapott 1 bónusz kreditet (játszott óra)
[14:29:27] Mark_Bishop kórház jail ideje: 90 mp
[14:29:46] Mate_Richard kórház jail ideje: 90 mp
[14:30:06] Hirdetés: Az Autokereskedés várja kedves vásárlóit ! | Hirdetõ: Natalia Inferno | Tel: 2-803-880 [14:30]
[14:33:20] [kredit][52]Nadasi_Gyorgy kapott 1 bónusz kreditet (játszott óra)
[14:33:40] Hirdetés: Ha igen, milyen árban? | Hirdetõ: Natalia Inferno | Tel: 2-803-880 [14:33]
[14:34:26] [kredit][55]James_Creed kapott 1 bónusz kreditet (játszott óra)
[14:34:59] [kredit][18]Patrik_O_Neill kapott 1 bónusz kreditet (játszott óra)
[14:34:59] [kredit][61]Tom_Strike kapott 1 bónusz kreditet (játszott óra)
[14:34:59] [kredit][69]Justin_Camorra kapott 1 bónusz kreditet (játszott óra)
[14:35:23] [/v vesz] - Freddie_B_Scaletta vett Marcell_O_Neill -tõl egy Sultan típusú jármûvet. 77 v-s rendszám.
[14:36:38] [kredit][32]Tom_Zecchin kapott 1 bónusz kreditet (játszott óra)
[14:37:44] [kredit][35]Hugo_Toretto kapott 1 bónusz kreditet (játszott óra)
[14:37:56] Torres_Butler kórház jail ideje: 449 mp
[14:38:17] [kredit][40]Zero_Hopkins kapott 1 bónusz kreditet (játszott óra)
[14:38:17] [kredit][60]Mark_Bishop kapott 1 bónusz kreditet (játszott óra)
[14:38:39] Hirdetés: Szerelõt keresek az LS-i szerelõtelepre | Hirdetõ: Akos White | Tel: 6-084-062 [14:38]
[14:39:22] [kredit][28]Kiraly_Viktor kapott 1 bónusz kreditet (játszott óra)
[14:39:25] Sam_Witwicky kórház jail ideje: 330 mp
[14:39:55] [kredit][66]Marcel_B_Hollywood kapott 1 bónusz kreditet (játszott óra)
[14:41:55] Greg_S_Sureyya kórház jail ideje: 90 mp
[14:42:04] [/v vesz] - Henrik_T_Scaletta vett Marcell_O_Neill -tõl egy Jester típusú jármûvet. 85 v-s rendszám.
[14:42:42] [kredit][19]Akos_White kapott 1 bónusz kreditet (játszott óra)
[14:43:39] Hirdetés: Házat vennék, eladó Huntley. | Hirdetõ: Daniel Sedin | Tel: 6-655-272 [14:43]
[14:43:47] [kredit][57]Fekete_Erik kapott 1 bónusz kreditet (játszott óra)
[14:44:20] [kredit][58]Mate_Richard kapott 1 bónusz kreditet (játszott óra)
[14:44:39] [/v vesz] - Henrik_T_Scaletta vett Marcell_O_Neill -tõl egy Huntley típusú jármûvet. 92 v-s rendszám.
[14:46:33] [kredit][30]David_Toretto kapott 1 bónusz kreditet (játszott óra)
[14:47:55] Sidney_Tribiani kórház jail ideje: 90 mp
[14:48:03] Strong_D_Black kórház jail ideje: 90 mp
[14:49:53] Sidney_Tribiani LOGINkórház jail ideje: 34 mp
[14:50:23] [kredit][21]Tyler_Wish kapott 1 bónusz kreditet (játszott óra)
[14:50:23] [kredit][24]Antonn_Fedorov kapott 1 bónusz kreditet (játszott óra)
[14:50:56] [kredit][31]Valor_Colin kapott 1 bónusz kreditet (játszott óra)
[14:52:02] [kredit][38]Costa_Miles kapott 1 bónusz kreditet (játszott óra)
[14:52:02] [kredit][70]Stevy_Camorra kapott 1 bónusz kreditet (játszott óra)
[14:53:00] Hirdetés: Faggiot veszek | Hirdetõ: Kiraly Viktor | Tel: 9-946-675 [14:53]
[14:53:39] [kredit][0]Sam_Witwicky kapott 1 bónusz kreditet (játszott óra)
[14:54:43] Zero_Hopkins kórház jail ideje: 90 mp
[14:54:51] Robert_Scaletta LOGINkórház jail ideje: 90 mp
[14:55:11] =====[ Játékos bejelentés érkezett ]=====
[14:55:11] Elkövetõ: [70]Stevy_Camorra | Bejelentõ: [44]Robert_Scaletta
[14:55:11] Tett: {FFFF00}Stevy_C DM
[14:55:18] [kredit][41]Darthy_M_Stillenacht kapott 1 bónusz kreditet (játszott óra)
[14:56:42] Freddie_B_Scaletta kórház jail ideje: 89 mp
[14:57:30] [kredit][22]Joe_Gates kapott 1 bónusz kreditet (játszott óra)
[14:57:43] Freddie_B_Scaletta LOGINkórház jail ideje: 81 mp
[14:58:56] Alvilág: Elado 2 M4 es 2 Sniper ! | Hirdetõ: Nico Butler | Tel: 7-488-958 [14:58]
[14:59:41] [kredit][46]Akos_B_Gates kapott 1 bónusz kreditet (játszott óra)
[15:00:15] Dominic_Vincenzo kórház jail ideje: 90 mp
[15:01:00] Natalia_Inferno kórház jail ideje: 90 mp
[15:01:30] Rick_Aciano kórház jail ideje: 89 mp
[15:03:30] [kredit][40]Archie_B_Hollywood kapott 1 bónusz kreditet (játszott óra)
[15:04:35] [kredit][29]Cristofer_Francesko kapott 1 bónusz kreditet (játszott óra)
[15:04:35] [kredit][30]Robert_Scaletta kapott 1 bónusz kreditet (játszott óra)
[15:07:49] Torres_Butler LOGINkórház jail ideje: 206 mp
[15:08:27] Rock_P_DImitriev kórház jail ideje: 90 mp
[15:08:31] Cristofer_Francesko kórház jail ideje: 85 mp
[15:08:41] Zero_Hopkins kórház jail ideje: 90 mp
[15:10:00] [kredit][23]Joshue_White kapott 1 bónusz kreditet (játszott óra)
[15:10:34] Freddie_B_Scaletta kórház jail ideje: 89 mp
[15:11:06] [kredit][34]Philip_Skipper kapott 1 bónusz kreditet (játszott óra)
[15:11:47] Stefan_D_Zecchin LOGINkórház jail ideje: 279 mp
[15:11:57] [kredit][18]Henrik_T_Scaletta beváltott 50 kreditet 262g kokainért
[15:13:21] Carlos_D_Surenos kórház jail ideje: 690 mp
[15:13:29] Tom_Zecchin kórház jail ideje: 4287 mp
[15:14:23] [kredit][36]Natalia_Inferno kapott 1 bónusz kreditet (játszott óra)
[15:14:25] Marcel_B_Hollywood kórház jail ideje: 210 mp
[15:14:56] [kredit][59]Stefan_D_Zecchin kapott 1 bónusz kreditet (játszott óra)
[15:16:27] Mark_Bishop kórház jail ideje: 90 mp
[15:16:50] Torres_Butler LOGINkórház jail ideje: 99 mp
[15:17:01] Elwood_JR_Sorrentino kórház jail ideje: 90 mp
[15:17:07] [kredit][18]Henrik_T_Scaletta kapott 1 bónusz kreditet (játszott óra)
[15:17:07] [kredit][64]Kevin_S_Tomasso kapott 1 bónusz kreditet (játszott óra)
[15:18:47] [kredit][42]Akos_Vincenzo kapott 1 bónusz kreditet (játszott óra)
[15:18:50] Valor_Colin kórház jail ideje: 1346 mp
[15:19:20] [kredit][51]Horvath_Adrian kapott 1 bónusz kreditet (játszott óra)
[15:20:25] [kredit][56]Betty_O_Neill kapott 1 bónusz kreditet (játszott óra)
[15:21:36] Ryan_Lennox kórház jail ideje: 89 mp
[15:22:36] [kredit][78]Greg_S_Sureyya kapott 1 bónusz kreditet (játszott óra)
[15:25:20] [kredit][27]Krisztofer_Vincenzo kapott 1 bónusz kreditet (játszott óra)
[15:26:05] Darthy_M_Stillenacht kórház jail ideje: 90 mp
[15:26:26] [kredit][33]Freddie_B_Scaletta kapott 1 bónusz kreditet (játszott óra)
[15:26:58] [kredit][23]Elwood_JR_Sorrentino kapott 1 bónusz kreditet (játszott óra)
[15:26:58] [kredit][32]Stefan_Berger kapott 1 bónusz kreditet (játszott óra)
[15:31:20] Carlos_D_Surenos LOGINkórház jail ideje: 249 mp
[15:31:22] [kredit][21]Dave_R_Vincenzo kapott 1 bónusz kreditet (játszott óra)
[15:31:55] [kredit][52]Blake_B_Salvatore kapott 1 bónusz kreditet (játszott óra)
[15:31:55] [kredit][57]Dan_B_Hollywood kapott 1 bónusz kreditet (játszott óra)
[15:32:21] Tom_Zecchin LOGINkórház jail ideje: 4186 mp
[15:32:28] [kredit][26]Dominic_Vincenzo kapott 1 bónusz kreditet (játszott óra)
[15:33:01] [kredit][67]John_Kelin kapott 1 bónusz kreditet (játszott óra)
[15:34:39] [kredit][36]Jason_Aciano kapott 1 bónusz kreditet (játszott óra)
[15:34:39] [kredit][55]Jimmy_Doherty kapott 1 bónusz kreditet (játszott óra)
[15:35:45] [kredit][60]Paul_D_Cortez kapott 1 bónusz kreditet (játszott óra)
[15:35:58] Henry_Tomasino kórház jail ideje: 330 mp
[15:36:18] [kredit][50]Vito_D_Brasco kapott 1 bónusz kreditet (játszott óra)
[15:39:00] [kredit][18]Blake_Browns kapott 1 bónusz kreditet (játszott óra)
[15:39:00] [kredit][74]Carlos_D_Surenos kapott 1 bónusz kreditet (játszott óra)
[15:40:35] Connor_O_Neill LOGINkórház jail ideje: 90 mp
[15:40:41] [kredit][54]James_Creed kapott 1 bónusz kreditet (játszott óra)
[15:41:12] [kredit][0]Rock_P_DImitriev kapott 1 bónusz kreditet (játszott óra)
[15:43:08] [kredit][63]Darius_N_Ortega kapott 1 bónusz kreditet (játszott óra)
[15:44:45] [kredit][44]Mark_Bishop kapott 1 bónusz kreditet (játszott óra)
[15:45:18] [kredit][49]Joker_Creed kapott 1 bónusz kreditet (játszott óra)
[15:45:18] Valor_Colin LOGINkórház jail ideje: 150 mp
[15:46:58] [kredit][42]Zero_Hopkins kapott 1 bónusz kreditet (játszott óra)
[15:48:04] [kredit][28]Christopher_H_Gates kapott 1 bónusz kreditet (játszott óra)
[15:48:36] [kredit][69]Ryan_Lennox kapott 1 bónusz kreditet (játszott óra)
[15:48:57] Rock_P_DImitriev LOGINkórház jail ideje: 90 mp
[15:49:00] Don_Sorrentino kórház jail ideje: 870 mp
[15:49:36] Elwood_JR_Sorrentino LOGINkórház jail ideje: 89 mp
[15:49:37] Elwood_JR_Sorrentino LOGINkórház jail ideje: 89 mp
[15:50:15] [kredit][45]Nagato_Brasco kapott 1 bónusz kreditet (játszott óra)
[15:50:15] [kredit][66]Brandon_Toretto kapott 1 bónusz kreditet (játszott óra)
[15:50:37] Robert_Scaletta kórház jail ideje: 390 mp
[15:51:20] [kredit][18]Jason_Toretto kapott 1 bónusz kreditet (játszott óra)
[15:52:58] [kredit][24]Sidney_Tribiani kapott 1 bónusz kreditet (játszott óra)
[15:53:31] [kredit][30]Mate_Richard kapott 1 bónusz kreditet (játszott óra)
[15:54:37] [kredit][62]Don_Sorrentino kapott 1 bónusz kreditet (játszott óra)
[15:56:03] Tom_Torres LOGINkórház jail ideje: 85 mp
[15:56:23] Elwood_JR_Sorrentino LOGINkórház jail ideje: 46 mp
[15:57:00] Hirdetés: Infernus eladó v csere | Hirdetõ: Darius N Ortega | Tel: 8-878-070 [15:57]
[15:57:13] Tom_Torres LOGINkórház jail ideje: 54 mp
[15:57:31] [Frakció jármû feltörése]Név: Lorand_Vincenzo Kocsi: 977
[15:57:58] Robert_Scaletta LOGINkórház jail ideje: 195 mp
[15:58:11] Elwood_JR_Sorrentino LOGINkórház jail ideje: 8 mp
[15:58:22] [kredit][25]Tom_D_Wayne kapott 1 bónusz kreditet (játszott óra)
[15:59:35] Hirdetés: Shamal bérelhetõ | Hirdetõ: Dukai Roland | Tel: 4-046-666 [15:59]
[15:59:59] [kredit][28]Max_Navarro kapott 1 bónusz kreditet (játszott óra)
[16:08:00] [kredit][26]Doboska_Endre kapott 1 bónusz kreditet (játszott óra)
[16:08:23] Blake_Browns kórház jail ideje: 90 mp
[16:09:05] [kredit][41]Rick_Aciano kapott 1 bónusz kreditet (játszott óra)
[16:10:50] Connor_O_Neill LOGINkórház jail ideje: 66 mp
[16:12:19] [kredit][28]Kiraly_Viktor kapott 1 bónusz kreditet (játszott óra)
[16:15:32] [kredit][42]Denny_Toretto kapott 1 bónusz kreditet (játszott óra)
[16:18:11] Hirdetés: Hatalmas paintball party gyertek | Hirdetõ: Pekano S Barett | Tel: 2-908-796 [16:18]
[16:18:13] [kredit][22]Robert_Scaletta kapott 1 bónusz kreditet (játszott óra)
[16:18:13] [kredit][25]Cristofer_Francesko kapott 1 bónusz kreditet (játszott óra)
[16:18:13] [kredit][45]Henry_Tomasino kapott 1 bónusz kreditet (játszott óra)
[16:18:46] [kredit][38]Nick_R_Wilson kapott 1 bónusz kreditet (játszott óra)
[16:20:57] [kredit][53]Valor_Colin kapott 1 bónusz kreditet (játszott óra)
[16:21:01] [kredit][41]Blake_B_Salvatore beváltott 50 kreditet 262500Ftért
[16:21:29] [kredit][43]Marcel_B_Hollywood kapott 1 bónusz kreditet (játszott óra)
[16:22:08] Tom_Zecchin LOGINkórház jail ideje: 3943 mp
[16:24:39] Dr_Bartos_Krisztian LOGINkórház jail ideje: 2553 mp
[16:24:47] Hirdetés: Munkat keresek! | Hirdetõ: Dr Bartos Krisztian | Tel: 8-230-164 [16:24]
[16:25:37] Dr_Bartos_Krisztian LOGINkórház jail ideje: 2539 mp
[16:27:02] Strong_D_Black kórház jail ideje: 90 mp
[16:27:04] Thomas_Berzerk kórház jail ideje: 510 mp
[16:27:10] Paul_D_Cortez kórház jail ideje: 270 mp
[16:27:11] Jason_Aciano kórház jail ideje: 90 mp
[16:27:23] [kredit][20]Pekano_S_Barett kapott 1 bónusz kreditet (játszott óra)
[16:29:01] [kredit][56]Thomas_Berzerk kapott 1 bónusz kreditet (játszott óra)
[16:29:34] [kredit][55]Hugo_Toretto kapott 1 bónusz kreditet (játszott óra)
[16:30:07] [kredit][31]Nelson_Washington kapott 1 bónusz kreditet (játszott óra)
[16:31:45] [kredit][63]Tom_Torres kapott 1 bónusz kreditet (játszott óra)
[16:32:51] [kredit][32]Stefan_Berger kapott 1 bónusz kreditet (játszott óra)
[16:32:51] [kredit][35]Krisztofer_Vincenzo kapott 1 bónusz kreditet (játszott óra)
[16:33:25] [kredit][17]Greg_S_Sureyya kapott 1 bónusz kreditet (játszott óra)
[16:33:25] [kredit][57]Jin_Sorrentino kapott 1 bónusz kreditet (játszott óra)
[16:35:36] [kredit][18]Horvath_Adrian kapott 1 bónusz kreditet (játszott óra)
[16:38:27] [kredit][36]Dave_R_Vincenzo kapott 1 bónusz kreditet (játszott óra)
[16:43:57] [kredit][37]Jason_Aciano kapott 1 bónusz kreditet (játszott óra)
[16:43:57] [kredit][66]Elwood_JR_Sorrentino kapott 1 bónusz kreditet (játszott óra)
[16:45:01] [kredit][27]Tom_Zecchin kapott 1 bónusz kreditet (játszott óra)
[16:45:23] Hirdetés: Elado fullos jester | Hirdetõ: Henrik Sedin | Tel: 9-359-147 [16:45]
[16:45:59] Hirdetés: Értékpapír eladó. | Hirdetõ: Matt Creed | Tel: 4-859-887 [16:45]
[16:47:11] [kredit][58]Strong_D_Black kapott 1 bónusz kreditet (játszott óra)
[16:47:44] [kredit][43]Joe_Gates kapott 1 bónusz kreditet (játszott óra)
[16:48:10] Hirdetés: A kormány felvételt tart! Érd.:SMS | Hirdetõ: Mirajane Strauss | Tel: 3-615-956 [16:48]
[16:49:22] [kredit][61]Dukai_Roland kapott 1 bónusz kreditet (játszott óra)
[16:49:55] Alvilág: Elado 200k Materials ! | Hirdetõ: Nico Butler | Tel: 7-488-958 [16:49]
[16:50:08] Hirdetés: Értékpapír eladó. | Hirdetõ: Matt Creed | Tel: 4-859-887 [16:50]
[16:50:59] [kredit][45]Darius_N_Ortega kapott 1 bónusz kreditet (játszott óra)
[16:52:25] Hirdetés: Tûzoltóság felvételt hirdet!Érd:Tel, honlap | Hirdetõ: Connor O Neill | Tel: 2-713-649 [16:52]
[16:52:37] [kredit][33]Matt_Creed kapott 1 bónusz kreditet (játszott óra)
[16:53:42] [kredit][24]Henrik_T_Scaletta kapott 1 bónusz kreditet (játszott óra)
[16:54:08] Hirdetés: Tûzoltóság felvételt hirdet!Érd:Tel, honlap | Hirdetõ: Connor O Neill | Tel: 2-713-649 [16:54]
[16:54:53] Patrik_O_Neill LOGINkórház jail ideje: 90 mp
[16:55:02] Hirdetés: A kormány felvételt hirdet!Érd.:SMS | Hirdetõ: Mirajane Strauss | Tel: 3-615-956 [16:55]
[16:56:56] Hirdetés: Tûzoltóság munkaerõt keres!Jelentkezni:Tel, weboldal | Hirdetõ: Connor O Neill | Tel: 2-713-649 [16:56]
[16:58:02] [kredit][27]Dr_Bartos_Krisztian kapott 1 bónusz kreditet (játszott óra)
[16:58:21] Hirdetés: A kormány felvételt hirdet!Érd.:SMS | Hirdetõ: Mirajane Strauss | Tel: 3-615-956 [16:58]
[16:59:00] Hirdetés: Hamutiprók felvételt hírdetnek!Érd:tel | Hirdetõ: Connor O Neill | Tel: 2-713-649 [16:59]
[16:59:07] [kredit][59]Bryan_B_Hollywood kapott 1 bónusz kreditet (játszott óra)
[16:59:25] Henry_Tomasino kórház jail ideje: 390 mp
[16:59:25] Henry_Tomasino kórház jail ideje: 390 mp
[17:00:12] [kredit][47]Tyler_Wish kapott 1 bónusz kreditet (játszott óra)
[17:00:45] [kredit][19]Sidney_Tribiani kapott 1 bónusz kreditet (játszott óra)
[17:00:45] [kredit][34]Zero_Hopkins kapott 1 bónusz kreditet (játszott óra)
[17:01:17] [kredit][22]Mirajane_Strauss kapott 1 bónusz kreditet (játszott óra)
[17:01:50] [kredit][44]Jason_Toretto kapott 1 bónusz kreditet (játszott óra)
[17:02:22] [kredit][0]Mate_Richard kapott 1 bónusz kreditet (játszott óra)
[17:02:22] [kredit][30]Don_Sorrentino kapott 1 bónusz kreditet (játszott óra)
[17:02:55] [kredit][53]Leone_S_Tomasso kapott 1 bónusz kreditet (játszott óra)
[17:02:55] [kredit][22]Mirajane_Strauss beváltott 100 kreditet 550000Ftért
[17:03:00] [kredit][22]Mirajane_Strauss beváltott 100 kreditet 550000Ftért
[17:03:01] Hirdetés: Hamucsõszök felvételt hirdetnek!Érd:központ, tel | Hirdetõ: Connor O Neill | Tel: 2-713-649 [17:03]
[17:03:05] [kredit][22]Mirajane_Strauss beváltott 50 kreditet 262500Ftért
[17:03:10] [kredit][22]Mirajane_Strauss beváltott 10 kreditet 50000Ftért
[17:03:11] [kredit][22]Mirajane_Strauss beváltott 10 kreditet 50000Ftért
[17:04:32] [kredit][49]Patrik_O_Neill kapott 1 bónusz kreditet (játszott óra)
[17:05:05] [kredit][52]Freddie_B_Scaletta kapott 1 bónusz kreditet (játszott óra)
[17:05:05] [kredit][62]Betty_O_Neill kapott 1 bónusz kreditet (játszott óra)
[17:06:09] [kredit][19]Sidney_Tribiani beváltott 100 kreditet -11 perc börtönidõért
[17:06:17] [kredit][19]Sidney_Tribiani beváltott 100 kreditet -11 perc börtönidõért
[17:06:24] [kredit][19]Sidney_Tribiani beváltott 50 kreditet -5 perc börtönidõért
[17:07:21] Hirdetés: Tûzoltóság tagokat keres!Érd:Központ, Tel | Hirdetõ: Connor O Neill | Tel: 2-713-649 [17:07]
[17:07:21] Joe_Gates kórház jail ideje: 269 mp
[17:07:33] Leone_S_Tomasso kórház jail ideje: 1110 mp
[17:08:22] [kredit][23]Max_Navarro kapott 1 bónusz kreditet (játszott óra)
[17:08:56] [kredit][40]Brandon_Toretto kapott 1 bónusz kreditet (játszott óra)
[17:08:56] [kredit][54]Dominic_Vincenzo kapott 1 bónusz kreditet (játszott óra)
[17:09:00] [/alair ppont] - Gyorgy_Boyka vett Matt_Creed -tõl egy ppontott, 24,000,000 Ft-ért
[17:10:01] [kredit][29]Daniel_Sedin kapott 1 bónusz kreditet (játszott óra)
[17:10:01] [kredit][41]Blake_B_Salvatore kapott 1 bónusz kreditet (játszott óra)
[17:11:14] Cristofer_Francesko kórház jail ideje: 90 mp
[17:15:36] =====[ Játékos bejelentés érkezett ]=====
[17:15:36] Elkövetõ: [71]Valor_Colin | Bejelentõ: [42]Lorand_Vincenzo
[17:15:36] Tett: {FFFF00}NonRP-s vezetés,helikopterrel
[17:16:00] [kredit][38]Connor_O_Neill kapott 1 bónusz kreditet (játszott óra)
[17:18:42] [kredit][48]James_Creed kapott 1 bónusz kreditet (játszott óra)
[17:19:49] Hirdetés: Tûzoltóság felvételt hirdet a bázisán!Érdeklõdni telefonon is lehet | Hirdetõ: Connor O Neill | Tel: 2-713-649 [17:19]
[17:21:24] Hirdetés: Ház eladó! | Hirdetõ: Joker Creed | Tel: 5-769-753 [17:21]
[17:21:57] [kredit][64]Ryan_Lennox kapott 1 bónusz kreditet (játszott óra)
[17:23:47] James_D_Ryan kórház jail ideje: 89 mp
[17:24:38] [kredit][49]Robert_Scaletta kapott 1 bónusz kreditet (játszott óra)
[17:25:11] [kredit][34]Henry_Tomasino kapott 1 bónusz kreditet (játszott óra)
[17:25:59] Max_Navarro kórház jail ideje: 90 mp
[17:25:59] Hirdetés: Ingatlant vásárolnék | Hirdetõ: Connor O Neill | Tel: 2-713-649 [17:25]
[17:26:17] [kredit][60]Joe_Walker kapott 1 bónusz kreditet (játszott óra)
[17:27:23] [kredit][42]Lorand_Vincenzo kapott 1 bónusz kreditet (játszott óra)
[17:27:55] [kredit][53]Steve_J_Sorrentino kapott 1 bónusz kreditet (játszott óra)
[17:29:00] [kredit][27]Marcel_B_Hollywood kapott 1 bónusz kreditet (játszott óra)
[17:29:32] [kredit][21]Daniel_Scaletta kapott 1 bónusz kreditet (játszott óra)
[17:30:05] [kredit][0]Kiraly_Viktor kapott 1 bónusz kreditet (játszott óra)
[17:30:05] [kredit][71]Valor_Colin kapott 1 bónusz kreditet (játszott óra)
[17:32:29] [VLA]Hugo_Toretto átadta a Ballas sikátor területet nekik: Yakuza
[17:32:48] [kredit][51]Mark_Bishop kapott 1 bónusz kreditet (játszott óra)
[17:35:29] [kredit][36]Pekano_S_Barett kapott 1 bónusz kreditet (játszott óra)
[17:35:29] [kredit][56]James_D_Ryan kapott 1 bónusz kreditet (játszott óra)
[17:36:59] [kredit][28]Denny_Toretto kapott 1 bónusz kreditet (játszott óra)
[17:36:59] [kredit][31]Nelson_Washington kapott 1 bónusz kreditet (játszott óra)
[17:38:37] [kredit][55]Hanzon_Soprano kapott 1 bónusz kreditet (játszott óra)
[17:38:37] [kredit][69]Markus_D_Zecchin kapott 1 bónusz kreditet (játszott óra)
[17:39:10] [kredit][35]Krisztofer_Vincenzo kapott 1 bónusz kreditet (játszott óra)
[17:40:15] [kredit][17]Max_D_Freeman kapott 1 bónusz kreditet (játszott óra)
[17:40:15] [kredit][26]Stefan_Berger kapott 1 bónusz kreditet (játszott óra)
[17:40:15] [kredit][52]Steve_Aoki kapott 1 bónusz kreditet (játszott óra)
[17:40:15] [kredit][57]Jin_Sorrentino kapott 1 bónusz kreditet (játszott óra)
[17:40:15] [kredit][61]Tom_Torres kapott 1 bónusz kreditet (játszott óra)
[17:40:15] [kredit][83]Hugo_Toretto kapott 1 bónusz kreditet (játszott óra)
[17:41:40] Hirdetés: Tölgy Utca 122 eladó!! | Hirdetõ: Joker Creed | Tel: 5-769-753 [17:41]
[17:41:54] [kredit][87]Carlos_D_Surenos kapott 1 bónusz kreditet (játszott óra)
[17:42:27] [kredit][18]Horvath_Adrian kapott 1 bónusz kreditet (játszott óra)
[17:42:27] [kredit][84]Costa_Miles kapott 1 bónusz kreditet (játszott óra)
[17:45:11] [/buyhouse] - Connor_O_Neill vett egy házat 51, 1 Ft-ért
[17:45:11] [kredit][20]Dave_R_Vincenzo kapott 1 bónusz kreditet (játszott óra)
[17:46:19] [kredit][86]Nick_R_Wilson kapott 1 bónusz kreditet (játszott óra)
[17:46:53] [kredit][72]George_B_Hollywood kapott 1 bónusz kreditet (játszott óra)
[17:47:25] [kredit][58]Oliver_Hizrics kapott 1 bónusz kreditet (játszott óra)
[17:48:01] Freddie_B_Scaletta kórház jail ideje: 90 mp
[17:48:30] [kredit][36]Philip_Skipper kapott 1 bónusz kreditet (játszott óra)
[17:49:07] Hirdetés: Shamal érdekel!  | Hirdetõ: Bryan B Hollywood | Tel: 9-199-157 [17:49]
[17:49:26] [/v vásárol] - James_Creed megkapta az utalást 247,500 Ft.
[17:50:40] [kredit][66]Elwood_JR_Sorrentino kapott 1 bónusz kreditet (játszott óra)
[17:51:45] [kredit][43]Joker_Creed kapott 1 bónusz kreditet (játszott óra)
[17:51:45] [kredit][76]Ryder_T_Zecchin kapott 1 bónusz kreditet (játszott óra)
[17:52:18] [kredit][96]Ralf_S_Tomasso kapott 1 bónusz kreditet (játszott óra)
[17:53:23] [kredit][80]Shura_Sharma kapott 1 bónusz kreditet (játszott óra)
[17:55:00] [kredit][22]Krist_Roscoe kapott 1 bónusz kreditet (játszott óra)
[17:55:33] [kredit][70]Thomas_Berzerk kapott 1 bónusz kreditet (játszott óra)
[17:57:10] Hirdetés: buggos minden senki nem segít | Hirdetõ: Jerry Hooward | Tel: 7-197-683 [17:57]
[17:57:13] [kredit][50]Jerry_Hooward kapott 1 bónusz kreditet (játszott óra)
[17:57:13] [kredit][82]Jimmy_Doherty kapott 1 bónusz kreditet (játszott óra)
[17:57:47] [kredit][59]Dukai_Roland kapott 1 bónusz kreditet (játszott óra)
[17:58:52] [kredit][33]Matt_Creed kapott 1 bónusz kreditet (játszott óra)
[17:59:59] [kredit][24]Henrik_T_Scaletta kapott 1 bónusz kreditet (játszott óra)
[17:59:59] [kredit][29]Gaspar_David kapott 1 bónusz kreditet (játszott óra)
[17:59:59] [kredit][68]Patrick_Zecchin kapott 1 bónusz kreditet (játszott óra)
[18:00:08] Nagato_Brasco kórház jail ideje: 390 mp
[18:00:20] Shura_Sharma kórház jail ideje: 90 mp
[18:01:03] [kredit][19]Akos_White kapott 1 bónusz kreditet (játszott óra)
[18:01:08] Nagato_Brasco LOGINkórház jail ideje: 381 mp
[18:01:30] Hirdetés: Faggiot veszek | Hirdetõ: Kiraly Viktor | Tel: 9-946-675 [18:01]
[18:02:42] [kredit][78]Freddy_Walker kapott 1 bónusz kreditet (játszott óra)
[18:02:42] [kredit][94]Kevin_S_Tomasso kapott 1 bónusz kreditet (játszott óra)
[18:03:14] [kredit][58]Strong_D_Black kapott 1 bónusz kreditet (játszott óra)
[18:03:25] Hirdetés: Házat vennék! | Hirdetõ: Daniel Sedin | Tel: 6-655-272 [18:03]
[18:04:54] [kredit][88]Blake_Browns kapott 1 bónusz kreditet (játszott óra)
[18:06:08] Hirdetés: Toretto Clothes Shop leárazást tart! Jöjjenek bártan boltjainkba, csak ma! | Hirdetõ: Jason Toretto | Tel: 3-012-853 [18:06]
[18:07:53] Valor_Colin LOGINkórház jail ideje: 90 mp
[18:08:12] [kredit][48]Sidney_Tribiani kapott 1 bónusz kreditet (játszott óra)
[18:08:12] [kredit][55]Antonn_Fedorov kapott 1 bónusz kreditet (játszott óra)
[18:09:18] [kredit][30]Don_Sorrentino kapott 1 bónusz kreditet (játszott óra)
[18:09:18] [kredit][35]Joshue_White kapott 1 bónusz kreditet (játszott óra)
[18:10:25] [kredit][25]Zero_Hopkins kapott 1 bónusz kreditet (játszott óra)
[18:10:57] [kredit][77]Nagato_Brasco kapott 1 bónusz kreditet (játszott óra)
[18:11:31] [kredit][62]Betty_O_Neill kapott 1 bónusz kreditet (játszott óra)
[18:12:04] [kredit][45]Freddie_B_Scaletta kapott 1 bónusz kreditet (játszott óra)
[18:12:54] [kredit][30]Don_Sorrentino beváltott 10 kreditet 25g marihuanaért
[18:13:11] [kredit][41]Mester_Csaba kapott 1 bónusz kreditet (játszott óra)
[18:14:19] [kredit][75]Sergei_B_Dueno kapott 1 bónusz kreditet (játszott óra)
[18:14:51] [kredit][23]Max_Navarro kapott 1 bónusz kreditet (játszott óra)
[18:14:51] [kredit][81]Jason_Toretto kapott 1 bónusz kreditet (játszott óra)
[18:15:57] [kredit][57]Brandon_Toretto kapott 1 bónusz kreditet (játszott óra)
[18:15:57] [kredit][90]Akos_Vincenzo kapott 1 bónusz kreditet (játszott óra)
[18:17:56] Krist_Roscoe kórház jail ideje: 90 mp
[18:18:10] [kredit][74]Leone_S_Tomasso kapott 1 bónusz kreditet (játszott óra)
[18:18:42] [kredit][65]Mate_Richard kapott 1 bónusz kreditet (játszott óra)
[18:20:53] [kredit][44]Dave_Stone kapott 1 bónusz kreditet (játszott óra)
[18:20:59] James_Creed kórház jail ideje: 1710 mp
[18:21:25] [kredit][34]Daniel_Sedin kapott 1 bónusz kreditet (játszott óra)
[18:22:06] [BOLTRABLÁS] Thomas_Berzerk boltot rabol, összesen 4-n vannak
[18:22:55] Alvilág: M4 lõszer eladó! | Hirdetõ: Tom Torres | Tel: 9-085-418 [18:22]
[18:23:03] [kredit][53]Doboska_Endre kapott 1 bónusz kreditet (játszott óra)
[18:23:11] [BOLTRABLÁS] Thomas_Berzerk befejezte a boltrablást, 4-n maradtak, 4-n kezdték
[18:23:11] Thomas_Berzerk rabolt 4 emberrel, összeg: 576923Ft
[18:23:36] [kredit][22]Kiraly_Hunor kapott 1 bónusz kreditet (játszott óra)
[18:24:42] [kredit][18]Connor_O_Neill kapott 1 bónusz kreditet (játszott óra)
[18:25:14] Hirdetés: Az autókereskedés várja szíves vásárlóit ! | Hirdetõ: Natalia Inferno | Tel: 2-803-880 [18:25]
[18:25:48] [kredit][54]James_Creed kapott 1 bónusz kreditet (játszott óra)
[18:27:15] [Frakció jármû ellopása]Név: Sergei_B_Dueno Kocsi: 1029
[18:27:26] [kredit][39]Gyongyosi_Lajos kapott 1 bónusz kreditet (játszott óra)
[18:28:51] Hirdetés: Jármüvet veszek 1 milloig | Hirdetõ: Kiraly Viktor | Tel: 9-946-675 [18:28]
[18:29:36] [kredit][51]Ryan_Lennox kapott 1 bónusz kreditet (játszott óra)
[18:32:21] [BOLTRABLÁS] Horvath_Adrian boltot rabol, összesen 4-n vannak
[18:33:26] [BOLTRABLÁS] Horvath_Adrian befejezte a boltrablást, 4-n maradtak, 4-n kezdték
[18:33:26] Horvath_Adrian rabolt 4 emberrel, összeg: 576923Ft
[18:34:28] [kredit][17]Henry_Tomasino kapott 1 bónusz kreditet (játszott óra)
[18:34:28] [kredit][28]Kazuyoshi_Akira kapott 1 bónusz kreditet (játszott óra)
[18:35:01] [kredit][37]Joe_Gates kapott 1 bónusz kreditet (játszott óra)
[18:35:01] [kredit][67]Steve_J_Sorrentino kapott 1 bónusz kreditet (játszott óra)
[18:35:33] [kredit][46]Lorand_Vincenzo kapott 1 bónusz kreditet (játszott óra)
[18:36:06] [kredit][36]Marcel_B_Hollywood kapott 1 bónusz kreditet (játszott óra)
[18:36:38] [kredit][20]Daniel_Scaletta kapott 1 bónusz kreditet (játszott óra)
[18:37:19] Hirdetés: Ház eladó! | Hirdetõ: Joker Creed | Tel: 5-769-753 [18:37]
[18:37:44] [kredit][63]Valor_Colin kapott 1 bónusz kreditet (játszott óra)
[18:38:37] Zero_Hopkins kórház jail ideje: 90 mp
[18:38:45] Sidney_Tribiani kórház jail ideje: 1770 mp
[18:39:15] [BOLTRABLÁS] Thomas_Berzerk boltot rabol, összesen 4-n vannak
[18:40:20] [BOLTRABLÁS] Thomas_Berzerk befejezte a boltrablást, 4-n maradtak, 4-n kezdték
[18:40:20] Thomas_Berzerk rabolt 4 emberrel, összeg: 576923Ft
[18:40:27] [kredit][47]Mark_Bishop kapott 1 bónusz kreditet (játszott óra)
[18:40:35] Patrick_Zecchin kórház jail ideje: 90 mp
[18:41:00] [kredit][48]Natalia_Inferno kapott 1 bónusz kreditet (játszott óra)
[18:42:06] [kredit][38]Kiraly_Viktor kapott 1 bónusz kreditet (játszott óra)
[18:42:06] [kredit][58]Tyler_Wish kapott 1 bónusz kreditet (játszott óra)
[18:43:11] [kredit][22]Denny_Toretto kapott 1 bónusz kreditet (játszott óra)
[18:45:05] Leone_S_Tomasso kórház jail ideje: 90 mp
[18:45:29] [kredit][32]Krisztofer_Vincenzo kapott 1 bónusz kreditet (játszott óra)
[18:45:29] [kredit][40]Hanzon_Soprano kapott 1 bónusz kreditet (játszott óra)
[18:45:29] [kredit][49]Markus_D_Zecchin kapott 1 bónusz kreditet (játszott óra)
[18:46:35] [kredit][62]Stefan_Berger kapott 1 bónusz kreditet (játszott óra)
[18:48:47] [kredit][21]Costa_Miles kapott 1 bónusz kreditet (játszott óra)
[18:49:53] [kredit][30]Greg_S_Sureyya kapott 1 bónusz kreditet (játszott óra)
[18:49:53] [kredit][43]Dominic_Vincenzo kapott 1 bónusz kreditet (játszott óra)
[18:50:20] [kredit][21]Costa_Miles beváltott 10 kreditet 50g kokainért
[18:50:58] Cristofer_Francesko LOGINkórház jail ideje: 74 mp
[18:52:36] [kredit][97]Vito_D_Brasco kapott 1 bónusz kreditet (játszott óra)
[18:53:41] [kredit][41]Horvath_Adrian kapott 1 bónusz kreditet (játszott óra)
[18:54:47] [kredit][27]Philip_Skipper kapott 1 bónusz kreditet (játszott óra)
[18:55:19] [kredit][69]Richard_N_Ortega kapott 1 bónusz kreditet (játszott óra)
[18:58:05] [kredit][96]Ralf_S_Tomasso kapott 1 bónusz kreditet (játszott óra)
[18:59:47] [kredit][59]Ryder_T_Zecchin kapott 1 bónusz kreditet (játszott óra)
[18:59:47] [kredit][66]Shura_Sharma kapott 1 bónusz kreditet (játszott óra)
[18:59:47] [kredit][73]Dave_R_Vincenzo kapott 1 bónusz kreditet (játszott óra)
[19:01:27] [kredit][49]Carlos_D_Surenos kapott 1 bónusz kreditet (játszott óra)
[19:03:06] [kredit][82]Jimmy_Doherty kapott 1 bónusz kreditet (játszott óra)
[19:03:39] [kredit][99]Joker_Surenos kapott 1 bónusz kreditet (játszott óra)
[19:04:11] [kredit][83]Hugo_Toretto kapott 1 bónusz kreditet (játszott óra)
[19:05:17] [kredit][0]Thomas_Berzerk kapott 1 bónusz kreditet (játszott óra)
[19:05:17] [kredit][33]Matt_Creed kapott 1 bónusz kreditet (játszott óra)
[19:05:17] [kredit][59]Ryder_T_Zecchin beváltott 50 kreditet -5 perc börtönidõért
[19:05:49] [kredit][24]Henrik_T_Scaletta kapott 1 bónusz kreditet (játszott óra)
[19:05:49] [kredit][29]Gaspar_David kapott 1 bónusz kreditet (játszott óra)
[19:05:49] [kredit][68]Patrick_Zecchin kapott 1 bónusz kreditet (játszott óra)
[19:06:18] [Frakció jármû ellopása]Név: John_Kelin Kocsi: 40
[19:06:23] [kredit][38]Cristofer_Francesko kapott 1 bónusz kreditet (játszott óra)
[19:06:48] Hirdetés: Fullos elegy eladó sultánért!!! | Hirdetõ: Dave Stone | Tel: 5-264-999 [19:06]
[19:07:28] [kredit][100]Akos_White kapott 1 bónusz kreditet (játszott óra)
[19:08:01] [kredit][58]Charlie_Harper kapott 1 bónusz kreditet (játszott óra)
[19:08:04] Alvilág: 4 Csipa 2 Db M4 eladó | Hirdetõ: Sidney Tribiani | Tel: 3-711-327 [19:08]
[19:08:34] [kredit][94]Kevin_S_Tomasso kapott 1 bónusz kreditet (játszott óra)
[19:09:41] [kredit][61]Joker_Creed kapott 1 bónusz kreditet (játszott óra)
[19:09:54] Hirdetés: Fullos elegy eladó!!! | Hirdetõ: Dave Stone | Tel: 5-264-999 [19:09]
[19:10:27] Alvilág: M4 Sniper eladó olcsóba | Hirdetõ: Sidney Tribiani | Tel: 3-711-327 [19:10]
[19:10:40] Hirdetés: Vidéki ház eladó! | Hirdetõ: Joker Creed | Tel: 5-769-753 [19:10]
[19:11:21] [kredit][35]Victor_Gonzales kapott 1 bónusz kreditet (játszott óra)
[19:11:26] Alvilág: M4 Sniper ingyen elvihetõ | Hirdetõ: Sidney Tribiani | Tel: 3-711-327 [19:11]
[19:13:41] Alvilág: M4 sniper eladó olcsón | Hirdetõ: Sidney Tribiani | Tel: 3-711-327 [19:13]
[19:14:06] [kredit][55]Antonn_Fedorov kapott 1 bónusz kreditet (játszott óra)
[19:14:09] Tom_Zecchin LOGINkórház jail ideje: 2768 mp
[19:15:17] Hirdetés: Fullos elegy eladó!!! | Hirdetõ: Dave Stone | Tel: 5-264-999 [19:15]
[19:15:50] James_D_Freeman kórház jail ideje: 90 mp
[19:15:59] James_D_Freeman kórház jail ideje: 82 mp
[19:16:51] [kredit][33]Tom_Torres kapott 1 bónusz kreditet (játszott óra)
[19:16:51] [kredit][39]Ryan_B_Mike kapott 1 bónusz kreditet (játszott óra)
[19:17:57] [kredit][51]Steve_Aoki kapott 1 bónusz kreditet (játszott óra)
[19:18:31] [kredit][64]Sidney_Tribiani kapott 1 bónusz kreditet (játszott óra)
[19:18:50] Hirdetés: Vidéki otthonos ház eladó! Érd.: Telefonon | Hirdetõ: Joker Creed | Tel: 5-769-753 [19:18]
[19:18:57] [kredit][56]Blake_B_Salvatore beváltott 10 kreditet 50000Ftért
[19:19:04] [kredit][48]Zero_Hopkins kapott 1 bónusz kreditet (játszott óra)
[19:19:28] Hirdetés: Virág utca 5 Eladó! Érd.: Légipostán | Hirdetõ: Lily Miles | Tel: 9-763-763 [19:19]
[19:19:37] [kredit][60]Betty_O_Neill kapott 1 bónusz kreditet (játszott óra)
[19:20:18] Hirdetés: Vidéki otthonos ház eladó!Cím: Tölgy Utca 122 Érd.: A Háznál | Hirdetõ: Joker Creed | Tel: 5-769-753 [19:20]
[19:21:07] Alvilág: M4 sniper eladó olcsóba | Hirdetõ: Sidney Tribiani | Tel: 3-711-327 [19:21]
[19:21:48] [kredit][65]Jason_Toretto kapott 1 bónusz kreditet (játszott óra)
[19:23:58] [kredit][74]Leone_S_Tomasso kapott 1 bónusz kreditet (játszott óra)
[19:24:12] Hirdetés: Fullos elegy eladó!!! | Hirdetõ: Dave Stone | Tel: 5-264-999 [19:24]
[19:24:57] Alvilág: M4 sniper eladó | Hirdetõ: Sidney Tribiani | Tel: 3-711-327 [19:24]
[19:26:38] Hirdetés: Tölgy utca 122 eladó! Érd.: a háznál | Hirdetõ: Joker Creed | Tel: 5-769-753 [19:26]
[19:27:12] [kredit][29]Dave_Stone kapott 1 bónusz kreditet (játszott óra)
[19:27:49] Hirdetés: BATF felvételt tart!(/Gps NAV) | Hirdetõ: Sam Witwicky | Tel: 1-817-672 [19:27]
[19:29:07] Hirdetés: BATF felvételt hírdet a portán!(/gps NAV) | Hirdetõ: Sam Witwicky | Tel: 1-817-672 [19:29]
[19:29:23] [kredit][56]Blake_B_Salvatore kapott 1 bónusz kreditet (játszott óra)
[19:30:45] Hirdetés: Tölgy utca 122 eladó! Érd.: a háznál | Hirdetõ: Joker Creed | Tel: 5-769-753 [19:30]
[19:31:09] [kredit][56]Blake_B_Salvatore beváltott 10 kreditet 50g kokainért
[19:31:11] [kredit][56]Blake_B_Salvatore beváltott 10 kreditet 50g kokainért
[19:31:32] [kredit][54]James_Creed kapott 1 bónusz kreditet (játszott óra)
[19:31:34] Hirdetés: BATF felvételt hírdet!(/gps nav) | Hirdetõ: Sam Witwicky | Tel: 1-817-672 [19:31]
[19:31:36] [kredit][56]Blake_B_Salvatore beváltott 10 kreditet 50000Ftért
[19:32:04] [kredit][81]Krist_Roscoe kapott 1 bónusz kreditet (játszott óra)
[19:33:26] Hirdetés: Fullos elegy eladó!!! | Hirdetõ: Dave Stone | Tel: 5-264-999 [19:33]
[19:33:42] [kredit][30]Marcell_O_Neill kapott 1 bónusz kreditet (játszott óra)
[19:35:20] [kredit][64]Tom_Strike kapott 1 bónusz kreditet (játszott óra)
[19:38:37] [kredit][51]Doboska_Endre kapott 1 bónusz kreditet (játszott óra)
[19:39:10] [kredit][31]Darius_N_Ortega kapott 1 bónusz kreditet (játszott óra)
[19:40:47] [kredit][37]Joe_Gates kapott 1 bónusz kreditet (játszott óra)
[19:40:47] [kredit][45]Mate_Richard kapott 1 bónusz kreditet (játszott óra)
[19:40:47] [kredit][67]Steve_J_Sorrentino kapott 1 bónusz kreditet (játszott óra)
[19:41:20] [kredit][53]Archie_B_Hollywood kapott 1 bónusz kreditet (játszott óra)
[19:42:26] [kredit][23]Marcel_B_Hollywood kapott 1 bónusz kreditet (játszott óra)
[19:42:26] Joe_Gates kórház jail ideje: 90 mp
[19:44:04] [kredit][42]Valor_Colin kapott 1 bónusz kreditet (játszott óra)
[19:45:14] Hirdetés: Fullos Elegy 4-es riasztóval eladó!!! | Hirdetõ: Dave Stone | Tel: 5-264-999 [19:45]
[19:46:15] [kredit][47]Mark_Bishop kapott 1 bónusz kreditet (játszott óra)
[19:46:40] Cristofer_Francesko kórház jail ideje: 90 mp
[19:46:48] [kredit][89]Daniel_Scaletta kapott 1 bónusz kreditet (játszott óra)
[19:49:00] [kredit][22]Denny_Toretto kapott 1 bónusz kreditet (játszott óra)
[19:49:29] Tom_Zecchin LOGINkórház jail ideje: 1040 mp
[19:50:23] Markus_D_Zecchin kórház jail ideje: 210 mp
[19:50:23] Steve_Aoki kórház jail ideje: 90 mp
[19:51:05] Valor_Colin kórház jail ideje: 450 mp
[19:51:13] [kredit][32]Krisztofer_Vincenzo kapott 1 bónusz kreditet (játszott óra)
[19:51:13] [kredit][40]Hanzon_Soprano kapott 1 bónusz kreditet (játszott óra)
[19:51:33] Edie_Morra LOGINkórház jail ideje: 86 mp
[19:51:34] Antonn_Fedorov kórház jail ideje: 450 mp
[19:53:16] [kredit][46]John_Salivan kapott 1 bónusz kreditet (játszott óra)
[19:54:21] [/v vásárol] - Levy_B_Hollywood megkapta az utalást utolag nem volt online 31,680,000 Ft. Kocsi: Sultan
[19:54:21] [/v vásárol] - Levy_B_Hollywood megkapta az utalást utolag nem volt online 9,900,000 Ft. Kocsi: Majestic
[19:54:22] [kredit][35]Stefan_Berger kapott 1 bónusz kreditet (játszott óra)
[19:55:28] [kredit][21]Costa_Miles kapott 1 bónusz kreditet (játszott óra)
[19:55:28] [kredit][28]Elwood_JR_Sorrentino kapott 1 bónusz kreditet (játszott óra)
[19:55:28] [kredit][71]Levy_B_Hollywood kapott 1 bónusz kreditet (játszott óra)
[19:56:34] [kredit][30]Kiraly_Viktor kapott 1 bónusz kreditet (játszott óra)
[19:57:07] [kredit][18]Dominic_Vincenzo kapott 1 bónusz kreditet (játszott óra)
[19:57:07] [kredit][77]Sergei_B_Dueno kapott 1 bónusz kreditet (játszott óra)
[19:57:40] [kredit][25]Greg_S_Sureyya kapott 1 bónusz kreditet (játszott óra)
[19:58:46] [kredit][76]Joe_Surenos kapott 1 bónusz kreditet (játszott óra)
[19:59:19] [kredit][17]Daniel_Davis kapott 1 bónusz kreditet (játszott óra)
[19:59:51] [kredit][73]James_D_Freeman kapott 1 bónusz kreditet (játszott óra)
[20:00:24] [kredit][41]Horvath_Adrian kapott 1 bónusz kreditet (játszott óra)
[20:00:24] [kredit][65]Henry_Tomasino kapott 1 bónusz kreditet (játszott óra)
[20:00:56] Edie_Morra LOGINkórház jail ideje: 84 mp
[20:00:58] << Oliver_Aciano megváltoztatta a mûsornevet erre: Zenekérõ Time >>
[20:01:31] [kredit][27]Philip_Skipper kapott 1 bónusz kreditet (játszott óra)
[20:01:55] Hirdetés: Értékpapírt vennék! | Hirdetõ: Markus D Zecchin | Tel: 6-069-097 [20:01]
[20:01:57] Hugo_Toretto kórház jail ideje: 330 mp
[20:02:25] [/ram] Kevin_S_Tomasso - 78-s ház
[20:02:53] Hirdetés: Infernus eladó | Hirdetõ: Darius N Ortega | Tel: 8-878-070 [20:02]
[20:04:14] [kredit][20]Brandon_Toretto kapott 1 bónusz kreditet (játszott óra)
[20:05:12] Hugo_Toretto LOGINkórház jail ideje: 206 mp
[20:05:21] [kredit][26]Sam_Witwicky kapott 1 bónusz kreditet (játszott óra)
[20:05:52] [kredit][37]Freddie_B_Scaletta kapott 1 bónusz kreditet (játszott óra)
[20:06:10] [kredit][85]Ventura_Zecchin kapott 9 bónusz kreditet (verseny)
[20:06:12] [kredit][84]Sam_Vinewood kapott 6 bónusz kreditet (verseny)
[20:06:15] [kredit][32]Marcel_B_Hollywood kapott 3 bónusz kreditet (verseny)
[20:06:58] [kredit][62]Ralf_S_Tomasso kapott 1 bónusz kreditet (játszott óra)
[20:07:08] Patrick_Zecchin kórház jail ideje: 809 mp
[20:07:10] Kevin_S_Tomasso kórház jail ideje: 689 mp
[20:08:20] Kevin_S_Tomasso LOGINkórház jail ideje: 666 mp
[20:08:50] Patrick_Zecchin LOGINkórház jail ideje: 775 mp
[20:09:42] [kredit][82]Jimmy_Doherty kapott 1 bónusz kreditet (játszott óra)
[20:11:42] Dave_R_Vincenzo LOGINkórház jail ideje: 89 mp
[20:12:31] [kredit][75]Thomas_Berzerk kapott 1 bónusz kreditet (játszott óra)
[20:13:04] [kredit][24]Henrik_T_Scaletta kapott 1 bónusz kreditet (játszott óra)
[20:13:04] [kredit][38]Cristofer_Francesko kapott 1 bónusz kreditet (játszott óra)
[20:13:04] [kredit][53]Shura_Sharma kapott 1 bónusz kreditet (játszott óra)
[20:14:43] [kredit][37]Patrick_Zecchin kapott 1 bónusz kreditet (játszott óra)
[20:15:49] [kredit][61]Edie_Morra kapott 1 bónusz kreditet (játszott óra)
[20:26:44] [kredit][26]Charlie_Harper kapott 1 bónusz kreditet (játszott óra)
[20:27:58] Hirdetés: Házat vennék! | Hirdetõ: Steve Aoki | Tel: 1-036-930 [20:27]
[20:28:55] [kredit][56]Dave_R_Vincenzo kapott 1 bónusz kreditet (játszott óra)
[20:29:28] [kredit][27]Victor_Jr_Zecchin kapott 1 bónusz kreditet (játszott óra)
[20:31:06] [kredit][39]George_B_Hollywood kapott 1 bónusz kreditet (játszott óra)
[20:31:06] [kredit][53]Kevin_S_Tomasso kapott 1 bónusz kreditet (játszott óra)
[20:32:51] Valor_Colin kórház jail ideje: 89 mp
[20:34:33] [kredit][51]Bryan_B_Hollywood kapott 1 bónusz kreditet (játszott óra)
[20:35:38] << Cody_White megváltoztatta a mûsornevet erre: Mindenes adás >>
[20:35:40] [kredit][53]Henrik_Sedin kapott 1 bónusz kreditet (játszott óra)
[20:36:05] [kredit][31]Freddie_B_Scaletta beváltott 10 kreditet 50g kokainért
[20:36:12] [kredit][32]Tom_Torres kapott 1 bónusz kreditet (játszott óra)
[20:36:20] Steve_Aoki kórház jail ideje: 90 mp
[20:36:20] [kredit][31]Freddie_B_Scaletta beváltott 50 kreditet 262g kokainért
[20:37:04] Johny_Morales kórház jail ideje: 90 mp
[20:37:13] Stefan_Berger kórház jail ideje: 210 mp
[20:38:58] << Cody_White megváltoztatta a mûsornevet erre: Kívánságmûsor >>
[20:39:29] [kredit][43]Cody_White kapott 1 bónusz kreditet (játszott óra)
[20:41:08] [kredit][55]Lorand_Vincenzo kapott 1 bónusz kreditet (játszott óra)
[20:43:50] [kredit][68]Oliver_Aciano kapott 1 bónusz kreditet (játszott óra)
[20:48:05] Hirdetés: Házat vennék! | Hirdetõ: Steve Aoki | Tel: 1-036-930 [20:48]
[20:48:12] [kredit][52]Markus_D_Zecchin kapott 1 bónusz kreditet (játszott óra)
[20:50:53] [kredit][45]James_Creed kapott 1 bónusz kreditet (játszott óra)
[20:50:53] [kredit][53]Akos_White kapott 1 bónusz kreditet (játszott óra)
[20:51:37] Henry_Tomasino kórház jail ideje: 210 mp
[20:52:01] Rock_P_DImitriev kórház jail ideje: 89 mp
[20:52:30] Bryan_B_Hollywood kórház jail ideje: 270 mp
[20:52:32] [kredit][58]James_D_Ryan kapott 1 bónusz kreditet (játszott óra)
[20:52:55] [kredit][31]Freddie_B_Scaletta beváltott 10 kreditet 25g marihuanaért
[20:53:10] [kredit][31]Freddie_B_Scaletta beváltott 10 kreditet 25g marihuanaért
[20:54:10] [kredit][42]Natalia_Inferno kapott 1 bónusz kreditet (játszott óra)
[20:54:42] [kredit][21]Doboska_Endre kapott 1 bónusz kreditet (játszott óra)
[20:54:42] [kredit][28]Tom_Strike kapott 1 bónusz kreditet (játszott óra)
[20:54:48] [kredit][31]Freddie_B_Scaletta beváltott 50 kreditet 131g marihuanaért
[20:55:14] [kredit][1]Joshue_White kapott 1 bónusz kreditet (játszott óra)
[20:55:14] [kredit][40]David_Toretto kapott 1 bónusz kreditet (játszott óra)
[20:55:14] [kredit][50]Steve_Aoki kapott 1 bónusz kreditet (játszott óra)
[20:55:47] [kredit][47]Jason_Aciano kapott 1 bónusz kreditet (játszott óra)
[20:57:24] [kredit][67]Pekano_S_Barett kapott 1 bónusz kreditet (játszott óra)
[20:58:30] [kredit][9]Mate_Richard kapott 1 bónusz kreditet (játszott óra)
[20:59:35] [kredit][35]Nagato_Brasco kapott 1 bónusz kreditet (játszott óra)
[20:59:35] [kredit][73]Edie_Morra kapott 1 bónusz kreditet (játszott óra)
[21:00:39] [kredit][26]Joker_Creed kapott 1 bónusz kreditet (játszott óra)
[21:01:13] [kredit][69]Gaspar_David kapott 1 bónusz kreditet (játszott óra)
[21:02:44] Kevin_S_Tomasso kórház jail ideje: 90 mp
[21:02:46] Leone_S_Tomasso kórház jail ideje: 446 mp
[21:02:48] Valor_Colin kórház jail ideje: 90 mp
[21:02:49] Patrick_Zecchin kórház jail ideje: 810 mp
[21:02:50] [kredit][37]Valor_Colin kapott 1 bónusz kreditet (játszott óra)
[21:04:15] Freddie_B_Scaletta kórház jail ideje: 90 mp
[21:05:32] [kredit][64]Leone_S_Tomasso kapott 1 bónusz kreditet (játszott óra)
[21:06:04] [kredit][25]Krist_Roscoe kapott 1 bónusz kreditet (játszott óra)
[21:06:04] [kredit][29]Mark_Bishop kapott 1 bónusz kreditet (játszott óra)
[21:06:42] [kredit][53]Edie_Morra kapott 3 bónusz kreditet (kincs)
[21:09:23] [kredit][41]Krisztofer_Vincenzo kapott 1 bónusz kreditet (játszott óra)
[21:09:56] [kredit][24]Stefan_Berger kapott 1 bónusz kreditet (játszott óra)
[21:10:28] [kredit][49]Damien_Creed kapott 1 bónusz kreditet (játszott óra)
[21:12:41] [kredit][0]Greg_S_Sureyya kapott 1 bónusz kreditet (játszott óra)
[21:14:18] [kredit][22]Daniel_Davis kapott 1 bónusz kreditet (játszott óra)
[21:14:35] [kredit][25]Krist_Roscoe kapott 3 bónusz kreditet (kincs)
[21:14:51] [kredit][60]John_Salivan kapott 1 bónusz kreditet (játszott óra)
[21:14:51] [kredit][75]Nelson_Washington kapott 1 bónusz kreditet (játszott óra)
[21:15:35] Leone_S_Tomasso LOGINkórház jail ideje: 102 mp
[21:15:40] Patrick_Zecchin LOGINkórház jail ideje: 417 mp
[21:16:29] [kredit][56]Kiraly_Viktor kapott 1 bónusz kreditet (játszott óra)
[21:17:02] [kredit][34]Sergei_B_Dueno kapott 1 bónusz kreditet (játszott óra)
[21:17:02] [kredit][59]Dominic_Vincenzo kapott 1 bónusz kreditet (játszott óra)
[21:18:08] [kredit][23]Horvath_Adrian kapott 1 bónusz kreditet (játszott óra)
[21:18:41] [kredit][30]Matt_Creed kapott 1 bónusz kreditet (játszott óra)
[21:18:41] [kredit][33]Joe_Gates kapott 1 bónusz kreditet (játszott óra)
[21:18:41] [kredit][80]Atsuya_D_Freeman kapott 1 bónusz kreditet (játszott óra)
[21:19:47] [kredit][78]Stefan_D_Zecchin kapott 1 bónusz kreditet (játszott óra)
[21:20:20] [kredit][12]Johny_Morales kapott 1 bónusz kreditet (játszott óra)
[21:21:07] Alvilág: 200g marihuánát veszek! | Hirdetõ: Dominic Vincenzo | Tel: 6-622-555 [21:21]
[21:23:30] Alvilág: 200g marihuánát veszek | Hirdetõ: Dominic Vincenzo | Tel: 6-622-555 [21:23]
[21:25:15] [kredit][62]Strong_D_Black kapott 1 bónusz kreditet (játszott óra)
[21:25:25] << Oliver_Aciano kikapcsolta a mûsornevek használatát >>
[21:25:48] [kredit][25]Krist_Roscoe kapott 3 bónusz kreditet (kincs)
[21:26:20] [kredit][43]Dukai_Roland kapott 1 bónusz kreditet (játszott óra)
[21:27:39] Tom_Zecchin LOGINkórház jail ideje: 929 mp
[21:28:31] [kredit][65]Costa_Miles kapott 1 bónusz kreditet (játszott óra)
[21:28:31] [kredit][77]Sam_Witwicky kapott 1 bónusz kreditet (játszott óra)
[21:30:42] [kredit][11]Cristofer_Francesko kapott 1 bónusz kreditet (játszott óra)
[21:30:42] [kredit][54]Philip_Skipper kapott 1 bónusz kreditet (játszott óra)
[21:31:56] Pekano_S_Barett kórház jail ideje: 810 mp
[21:32:43] Ryder_T_Zecchin kórház jail ideje: 90 mp
[21:32:52] [BOLTRABLÁS] Akos_White boltot rabol, összesen 1-n vannak
[21:32:54] [kredit][64]Thomas_Berzerk kapott 1 bónusz kreditet (játszott óra)
[21:32:59] William_Cortez LOGINkórház jail ideje: 738 mp
[21:33:27] [kredit][31]Freddie_B_Scaletta kapott 1 bónusz kreditet (játszott óra)
[21:33:57] [BOLTRABLÁS] Akos_White befejezte a boltrablást, 1-n maradtak, 1-n kezdték
[21:33:57] Akos_White rabolt 1 emberrel, összeg: 37406Ft
[21:35:05] [kredit][61]Patrick_Zecchin kapott 1 bónusz kreditet (játszott óra)
[21:35:38] [kredit][48]Victor_Jr_Zecchin kapott 1 bónusz kreditet (játszott óra)
[21:36:44] [kredit][39]George_B_Hollywood kapott 1 bónusz kreditet (játszott óra)
[21:37:24] Natalia_Inferno kórház jail ideje: 90 mp
[21:39:03] Matt_Creed kórház jail ideje: 89 mp
[21:40:03] [kredit][51]Bryan_B_Hollywood kapott 1 bónusz kreditet (játszott óra)
[21:41:37] Sam_Witwicky kórház jail ideje: 87 mp
[21:41:43] [kredit][32]Tom_Torres kapott 1 bónusz kreditet (játszott óra)
[21:41:51] [kredit][9]Henrik_T_Scaletta beváltott 10 kreditet 50g kokainért
[21:41:54] [kredit][9]Henrik_T_Scaletta beváltott 10 kreditet 50g kokainért
[21:42:16] [kredit][84]Henry_Tomasino kapott 1 bónusz kreditet (játszott óra)
[21:42:44] [BOLTRABLÁS] Akos_White boltot rabol, összesen 1-n vannak
[21:42:49] [kredit][9]Henrik_T_Scaletta kapott 1 bónusz kreditet (játszott óra)
[21:42:58] Dom_Wheeler LOGINkórház jail ideje: 73 mp
[21:42:59] Ryder_T_Zecchin kórház jail ideje: 90 mp
[21:43:22] [kredit][29]Nick_Vitale kapott 1 bónusz kreditet (játszott óra)
[21:43:50] [BOLTRABLÁS] Akos_White befejezte a boltrablást, 1-n maradtak, 1-n kezdték
[21:43:50] Akos_White rabolt 1 emberrel, összeg: 37406Ft
[21:44:28] [kredit][56]Joe_Walker kapott 1 bónusz kreditet (játszott óra)
[21:45:01] [kredit][36]David_P_Taylor kapott 1 bónusz kreditet (játszott óra)
[21:46:07] [kredit][28]Nadasi_Gyorgy kapott 1 bónusz kreditet (játszott óra)
[21:46:40] [kredit][55]Lorand_Vincenzo kapott 1 bónusz kreditet (játszott óra)
[21:47:13] [kredit][57]Max_Navarro kapott 1 bónusz kreditet (játszott óra)
[21:47:13] [kredit][72]Jin_Sorrentino kapott 1 bónusz kreditet (játszott óra)
[21:47:45] [kredit][63]Don_Sorrentino kapott 1 bónusz kreditet (játszott óra)
[21:47:57] Markus_D_Zecchin kórház jail ideje: 270 mp
[21:48:01] Ralf_S_Tomasso kórház jail ideje: 1770 mp
[21:48:59] James_D_Freeman kórház jail ideje: 270 mp
[21:49:36] [kredit][61]Costa_Miles beváltott 10 kreditet 50g kokainért
[21:50:29] [kredit][11]Tyler_Wish kapott 1 bónusz kreditet (játszott óra)
[21:51:16] [/ram] Kevin_S_Tomasso - 477-s ház
[21:53:14] [kredit][76]Wyler_S_Tomasso kapott 1 bónusz kreditet (játszott óra)
[21:53:47] [kredit][52]Markus_D_Zecchin kapott 1 bónusz kreditet (játszott óra)
[21:54:20] [kredit][1]Tom_Zecchin kapott 1 bónusz kreditet (játszott óra)
[21:58:08] Philip_Skipper kórház jail ideje: 89 mp
[21:58:10] [kredit][27]James_D_Freeman kapott 1 bónusz kreditet (játszott óra)
[21:58:10] [kredit][58]James_D_Ryan kapott 1 bónusz kreditet (játszott óra)
[21:58:11] Lily_Miles kórház jail ideje: 90 mp
[22:00:20] [kredit][21]Doboska_Endre kapott 1 bónusz kreditet (játszott óra)
[22:00:29] Hirdetés: Házat vennék | Hirdetõ: Daniel Sedin | Tel: 6-655-272 [22:00]
[22:00:31] John_Salivan kórház jail ideje: 1170 mp
[22:00:53] [kredit][40]David_Toretto kapott 1 bónusz kreditet (játszott óra)
[22:02:31] [kredit][76]Georg_B_Hollywood kapott 1 bónusz kreditet (játszott óra)
[22:03:36] [kredit][46]Jasen_T_Asad kapott 1 bónusz kreditet (játszott óra)
[22:03:36] [kredit][73]Patrik_O_Neill kapott 1 bónusz kreditet (játszott óra)
[22:03:36] [kredit][74]Charlie_Harper kapott 1 bónusz kreditet (játszott óra)
[22:05:46] [kredit][37]James_Creed kapott 1 bónusz kreditet (játszott óra)
[22:05:46] [kredit][53]Edie_Morra kapott 1 bónusz kreditet (játszott óra)
[22:06:27] Hirdetés: Jogosítványra van szüksége? Hívjon! | Hirdetõ: Dukai Roland | Tel: 4-046-666 [22:06]
[22:07:25] [kredit][35]Frank_Cobain kapott 1 bónusz kreditet (játszott óra)
[22:07:57] [kredit][27]Joker_Creed kapott 1 bónusz kreditet (játszott óra)
[22:07:57] [kredit][69]Akos_White kapott 1 bónusz kreditet (játszott óra)
[22:08:23] Hirdetés: Jogosítványra van szüksége? Hívjon! | Hirdetõ: Dukai Roland | Tel: 4-046-666 [22:08]
[22:08:53] Elwood_JR_Sorrentino kórház jail ideje: 90 mp
[22:08:54] Patrick_Zecchin kórház jail ideje: 90 mp
[22:08:56] Victor_Jr_Zecchin kórház jail ideje: 1050 mp
[22:08:56] Tyler_Wish kórház jail ideje: 270 mp
[22:09:00] Kevin_S_Tomasso kórház jail ideje: 85 mp
[22:09:01] Victor_Jr_Zecchin kórház jail ideje: 1046 mp
[22:09:04] Atsuya_D_Freeman kórház jail ideje: 810 mp
[22:09:09] Atsuya_D_Freeman kórház jail ideje: 805 mp
[22:09:35] [kredit][77]Joshue_White kapott 1 bónusz kreditet (játszott óra)
[22:12:22] [kredit][12]Krist_Roscoe kapott 1 bónusz kreditet (játszott óra)
[22:15:09] [kredit][41]Krisztofer_Vincenzo kapott 1 bónusz kreditet (játszott óra)
[22:15:09] [kredit][45]Kevin_S_Tomasso kapott 1 bónusz kreditet (játszott óra)
[22:15:43] [kredit][68]Archie_B_Hollywood kapott 1 bónusz kreditet (játszott óra)
[22:16:16] [kredit][49]Damien_Creed kapott 1 bónusz kreditet (játszott óra)
[22:16:52] [kredit][82]Gaspar_David kapott 1 bónusz kreditet (játszott óra)
[22:17:25] [kredit][26]Stefan_Berger kapott 1 bónusz kreditet (játszott óra)
[22:19:41] [kredit][78]Akos_B_Gates kapott 1 bónusz kreditet (játszott óra)
[22:20:13] [kredit][9]Carlos_D_Surenos kapott 1 bónusz kreditet (játszott óra)
[22:20:13] [kredit][62]Greg_S_Sureyya kapott 1 bónusz kreditet (játszott óra)
[22:20:13] [kredit][71]Steve_Aoki kapott 1 bónusz kreditet (játszott óra)
[22:20:47] [kredit][60]John_Salivan kapott 1 bónusz kreditet (játszott óra)
[22:20:47] [kredit][75]Nelson_Washington kapott 1 bónusz kreditet (játszott óra)
[22:21:52] [kredit][50]Ralf_S_Tomasso kapott 1 bónusz kreditet (játszott óra)
[22:22:56] [kredit][34]Sergei_B_Dueno kapott 1 bónusz kreditet (játszott óra)
[22:25:57] [kredit][29]Horvath_Adrian kapott 1 bónusz kreditet (játszott óra)
[22:25:57] [kredit][33]Mark_Bishop kapott 1 bónusz kreditet (játszott óra)
[22:25:57] [kredit][47]Atsuya_D_Freeman kapott 1 bónusz kreditet (játszott óra)
[22:27:19] Carlos_D_Surenos kórház jail ideje: 90 mp
[22:27:19] Sergei_B_Dueno kórház jail ideje: 90 mp
[22:27:19] Steve_Aoki kórház jail ideje: 90 mp
[22:27:26] Tom_Zecchin kórház jail ideje: 84 mp
[22:29:15] [kredit][42]Raymond_Johnson kapott 1 bónusz kreditet (játszott óra)
[22:29:15] [kredit][76]Leon_Toretto kapott 1 bónusz kreditet (játszott óra)
[22:30:05] James_Harris kórház jail ideje: 90 mp
[22:30:14] Atsuya_D_Freeman LOGINkórház jail ideje: 30 mp
[22:33:40] [kredit][43]Dukai_Roland kapott 1 bónusz kreditet (játszott óra)
[22:33:53] Joker_Creed kórház jail ideje: 270 mp
[22:34:13] [kredit][36]Harold_G_Freeman kapott 1 bónusz kreditet (játszott óra)
[22:34:46] [kredit][57]Max_Navarro beváltott 10 kreditet 25g marihuanaért
[22:34:48] Joe_Gates kórház jail ideje: 1170 mp
[22:35:15] Freddie_B_Scaletta kórház jail ideje: 90 mp
[22:35:51] [kredit][47]Joe_Gates kapott 1 bónusz kreditet (játszott óra)
[22:36:24] [kredit][32]Charlie_Leanders kapott 1 bónusz kreditet (játszott óra)
[22:38:51] William_Cortez kórház jail ideje: 210 mp
[22:39:41] Hirdetés: Házat / autót veszek. | Hirdetõ: Nadasi Gyorgy | Tel: 7-564-447 [22:39]
[22:39:41] [kredit][22]Gyongyosi_Lajos kapott 1 bónusz kreditet (játszott óra)
[22:39:41] [kredit][66]Usate_Krukenberg kapott 1 bónusz kreditet (játszott óra)
[22:40:47] [kredit][36]Nagy_Richard kapott 1 bónusz kreditet (játszott óra)
[22:42:26] [kredit][25]Marcell_O_Neill kapott 1 bónusz kreditet (játszott óra)
[22:42:26] [kredit][48]Victor_Jr_Zecchin kapott 1 bónusz kreditet (játszott óra)
[22:43:00] [kredit][38]Johny_Morales kapott 1 bónusz kreditet (játszott óra)
[22:43:00] [kredit][67]Kelin_Carry kapott 1 bónusz kreditet (játszott óra)
[22:43:07] Joe_Gates LOGINkórház jail ideje: 771 mp
[22:44:06] [kredit][42]Valor_Colin kapott 1 bónusz kreditet (játszott óra)
[22:44:06] [kredit][44]Tom_Strike kapott 1 bónusz kreditet (játszott óra)
[22:44:06] [kredit][70]William_Cortez kapott 1 bónusz kreditet (játszott óra)
[22:45:45] [kredit][81]Elwood_JR_Sorrentino kapott 1 bónusz kreditet (játszott óra)
[22:46:51] [kredit][45]Matt_Creed kapott 1 bónusz kreditet (játszott óra)
[22:46:51] [kredit][51]Bryan_B_Hollywood kapott 1 bónusz kreditet (játszott óra)
[22:48:25] Marcell_O_Neill LOGINkórház jail ideje: 90 mp
[22:52:18] Joe_Gates LOGINkórház jail ideje: 453 mp
[22:52:20] [kredit][36]Dom_Wheeler kapott 1 bónusz kreditet (játszott óra)
[22:52:20] [kredit][61]Dominic_Vincenzo kapott 1 bónusz kreditet (játszott óra)
[22:54:37] Joe_Gates LOGINkórház jail ideje: 370 mp
[22:59:22] [kredit][9]Nico_Butler kapott 1 bónusz kreditet (játszott óra)
[23:00:27] [kredit][24]Don_Sorrentino kapott 1 bónusz kreditet (játszott óra)
[23:00:41] Joe_Gates LOGINkórház jail ideje: 114 mp
[23:01:34] Hirdetés: Jármûvet veszek 1 milióig! | Hirdetõ: James Harris | Tel: 7-773-063 [23:01]
[23:02:52] Damien_Creed kórház jail ideje: 390 mp
[23:03:58] Joshue_White LOGINkórház jail ideje: 89 mp
[23:04:46] [kredit][56]Jason_O_Neill kapott 1 bónusz kreditet (játszott óra)
[23:06:44] Hirdetés: Nyalis gyerekek Usate és harold | Hirdetõ: David Toretto | Tel: 1-710-986 [23:06]
[23:08:13] Marcell_O_Neill LOGINkórház jail ideje: 90 mp
[23:09:25] [/k vásárol] - UID: 0 nem kapta meg az utalást, mentve az összeg: 198,000 Ft. Kocsi Jester
[23:11:47] [kredit][31]Freddie_B_Scaletta kapott 1 bónusz kreditet (játszott óra)
[23:11:48] Joe_Gates LOGINkórház jail ideje: 1 mp
[23:12:20] [kredit][23]Jasen_T_Asad kapott 1 bónusz kreditet (játszott óra)
[23:12:20] [kredit][24]Charlie_Harper kapott 1 bónusz kreditet (játszott óra)
[23:13:24] [/k vásárol] - UID: 0 nem kapta meg az utalást, mentve az összeg: 198,000 Ft. Kocsi Huntley
[23:13:25] [kredit][0]Jason_Aciano kapott 1 bónusz kreditet (játszott óra)
[23:13:58] [kredit][37]James_Creed kapott 1 bónusz kreditet (játszott óra)
[23:14:31] [kredit][48]James_Harris kapott 1 bónusz kreditet (játszott óra)
[23:14:53] [/k vásárol] - UID: 0 nem kapta meg az utalást, mentve az összeg: 198,000 Ft. Kocsi NRG500
[23:17:14] [kredit][32]Patrik_O_Neill kapott 1 bónusz kreditet (játszott óra)
[23:19:24] [kredit][30]Keny_Eastwood kapott 1 bónusz kreditet (játszott óra)
[23:20:29] [kredit][31]Joshue_White kapott 1 bónusz kreditet (játszott óra)
[23:20:29] [kredit][37]Nick_Vitale kapott 1 bónusz kreditet (játszott óra)
[23:21:01] [kredit][12]Krist_Roscoe kapott 1 bónusz kreditet (játszott óra)
[23:22:39] [kredit][41]Krisztofer_Vincenzo kapott 1 bónusz kreditet (játszott óra)
[23:25:22] [kredit][50]Gaspar_David kapott 1 bónusz kreditet (játszott óra)
[23:26:02] [/buyhouse] - Steve_Aoki vett egy házat 27, 0 Ft-ért
[23:26:27] [kredit][21]Damien_Creed kapott 1 bónusz kreditet (játszott óra)
[23:26:27] [kredit][47]Thomas_Berzerk kapott 1 bónusz kreditet (játszott óra)
[23:26:51] [ujmodel]Keny_Eastwood átlakaította 1008 rendszámû 522 típusú kocsit 78-é. Tulaj: 
[23:31:53] [/buyhouse] - Georg_B_Hollywood vett egy házat 108, 0 Ft-ért
[23:33:27] [kredit][25]Mark_Bishop kapott 1 bónusz kreditet (játszott óra)
[23:35:49] Hirdetés: Jármûvet vennék! | Hirdetõ: Levy B Hollywood | Tel: 6-686-412 [23:35]
[23:36:07] [kredit][42]Sidney_Tribiani kapott 1 bónusz kreditet (játszott óra)
[23:36:36] [/v vásárol] - Nico_Butler vett egy Terno_Tommys -tõl egy ZR350 típusú jármûvet. 27 v-s rendszám.
[23:36:36] [/v vásárol] - UID: 234 nem kapta meg az utalást, mentve az összeg: 21,780,000 Ft. Kocsi ZR350
[23:41:52] Hirdetés: Hazat  Vennek ! | Hirdetõ: Nico Butler | Tel: 7-488-958 [23:41]
[23:42:02] [kredit][51]Georg_B_Hollywood kapott 1 bónusz kreditet (játszott óra)
[23:43:32] [kredit][29]James_Harris beváltott 10 kreditet 50000Ftért
[23:44:42] [kredit][26]Bentner_K_White kapott 1 bónusz kreditet (játszott óra)
[23:44:42] [kredit][39]Raymond_Johnson kapott 1 bónusz kreditet (játszott óra)
[23:47:38] [kredit][27]Freddie_B_Scaletta beváltott 10 kreditet 50g kokainért
[23:47:51] [/v vesz] - Don_Sorrentino vett Marcell_O_Neill -tõl egy BlistaCompact típusú jármûvet. 96 v-s rendszám.
[23:50:02] [kredit][44]Kelin_Carry kapott 1 bónusz kreditet (játszott óra)
[23:50:15] Krist_Roscoe LOGINkórház jail ideje: 90 mp
[23:51:04] Kelin_Carry kórház jail ideje: 88 mp
[23:51:39] [kredit][35]Nagy_Richard kapott 1 bónusz kreditet (játszott óra)
[23:52:19] Alvilág: Pénz eladó | Hirdetõ: Sidney Tribiani | Tel: 3-711-327 [23:52]
[23:53:17] [kredit][34]Usate_Krukenberg kapott 1 bónusz kreditet (játszott óra)
[23:53:49] [kredit][41]Guillermo_Butler kapott 1 bónusz kreditet (játszott óra)
[23:55:55] Bentner_K_White kórház jail ideje: 90 mp
[23:57:03] [kredit][28]Johny_Morales kapott 1 bónusz kreditet (játszott óra)
[23:58:08] [kredit][31]Max_Navarro kapott 1 bónusz kreditet (játszott óra)
