[04:36:48] [kredit][16]Edie_Morra kapott 1 bónusz kreditet (játszott óra)
[06:57:40] [kredit][16]William_W_Andrews kapott 1 bónusz kreditet (játszott óra)
[07:59:41] [kredit][16]William_W_Andrews kapott 1 bónusz kreditet (játszott óra)
[09:01:46] [kredit][16]William_W_Andrews kapott 1 bónusz kreditet (játszott óra)
[10:24:07] [/k vásárol] - UID: 0 nem kapta meg az utalást, mentve az összeg: 247,500 Ft. Kocsi Faggio
[10:27:27] [/v vásárol] - William_W_Andrews megkapta az utalást 247,500 Ft.
[10:27:48] [jármu átalakítás]Eredeti: 13 új 437 Tulaj: William_W_Andrews, Rendszám: 447
[10:30:39] [/v vesz] - James_Ryan vett William_W_Andrews -tõl egy Coach típusú jármûvet. 13 v-s rendszám.
[10:31:31] [/v vesz] - James_Ryan vett William_W_Andrews -tõl egy Coach típusú jármûvet. 13 v-s rendszám.
[10:32:22] [ujmodel]William_W_Andrews átlakaította 447 rendszámû 437 típusú kocsit 74-é. Tulaj: 
[10:33:52] [ujmodel]William_W_Andrews átlakaította 447 rendszámû 579 típusú kocsit 74-é. Tulaj: 
[10:45:09] [kredit][17]Krist_Roscoe kapott 1 bónusz kreditet (játszott óra)
[10:47:52] William_W_Andrews kórház jail ideje: 90 mp
[11:00:09] [kredit][19]Dolph_F_Gates kapott 1 bónusz kreditet (játszott óra)
[11:14:07] [kredit][16]William_W_Andrews kapott 1 bónusz kreditet (játszott óra)
[11:50:31] [ujmodel]William_W_Andrews átlakaította 453 rendszámû 560 típusú kocsit 82-é. Tulaj: 
[12:01:09] [kredit][20]Ralf_S_Tomasso kapott 1 bónusz kreditet (játszott óra)
[12:02:11] [kredit][19]Dolph_F_Gates kapott 1 bónusz kreditet (játszott óra)
[12:03:44] [kredit][18]Mike_O_Neill kapott 1 bónusz kreditet (játszott óra)
[12:03:44] [kredit][21]Marcell_O_Neill kapott 1 bónusz kreditet (játszott óra)
[12:16:13] [kredit][16]William_W_Andrews kapott 1 bónusz kreditet (játszott óra)
[13:05:59] [kredit][18]Mike_O_Neill kapott 1 bónusz kreditet (játszott óra)
[14:08:10] [kredit][18]Mike_O_Neill kapott 1 bónusz kreditet (játszott óra)
[14:10:14] [kredit][16]Patrik_O_Neill kapott 1 bónusz kreditet (játszott óra)
