[00:01:20] Hirdetés: Bureau of Alcohol and Tobacco(NAV) felvételt tart! Info: SMS ((Level4)) | Hirdetõ: Travis Dominguez | Tel: 2-100-893 [00:01]
[00:07:27] [kredit][24]Daniel_Scaletta kapott 1 bónusz kreditet (játszott óra)
[00:07:58] Max_Sorrentino LOGINkórház jail ideje: 168 mp
[00:07:59] [kredit][30]Ekaterina_Kurae kapott 1 bónusz kreditet (játszott óra)
[00:08:31] Hirdetés: Bureau of Alcohol and Tobacco(NAV) felvételt tart! Info: SMS ((Level4)) | Hirdetõ: Travis Dominguez | Tel: 2-100-893 [00:08]
[00:09:35] [kredit][27]Marcell_O_Neill kapott 1 bónusz kreditet (játszott óra)
[00:10:06] [kredit][19]Marcel_B_Hollywood kapott 1 bónusz kreditet (játszott óra)
[00:12:46] [kredit][9]Travis_Dominguez kapott 1 bónusz kreditet (játszott óra)
[00:13:49] [kredit][18]Steve_Aoki kapott 1 bónusz kreditet (játszott óra)
[00:18:05] [kredit][32]Ryan_Lennox kapott 1 bónusz kreditet (játszott óra)
[00:18:58] Hirdetés: Bureau of Alcohol and Tobacco(NAV) felvételt tart! Info: SMS ((Level4)) | Hirdetõ: Travis Dominguez | Tel: 2-100-893 [00:18]
[00:19:09] [kredit][21]Connor_O_Neill kapott 1 bónusz kreditet (játszott óra)
[00:28:12] [kredit][29]Torres_Butler kapott 1 bónusz kreditet (játszott óra)
[00:31:41] [kredit][22]Don_Sorrentino beváltott 10 kreditet 300db materialért
[00:37:12] [kredit][31]Diego_Aciano kapott 1 bónusz kreditet (játszott óra)
[00:37:12] [kredit][35]Tyler_Gregory kapott 1 bónusz kreditet (játszott óra)
[00:39:07] [BOLTRABLÁS] Rick_Aciano boltot rabol, összesen 2-n vannak
[00:41:59] [kredit][23]Adele_Scaletta kapott 1 bónusz kreditet (játszott óra)
[00:41:59] [kredit][25]Henrik_T_Scaletta kapott 1 bónusz kreditet (játszott óra)
[00:42:31] [kredit][36]Matt_Creed kapott 1 bónusz kreditet (játszott óra)
[00:44:27] [BOLTRABLÁS] Rick_Aciano befejezte a boltrablást, 1-n maradtak, 2-n kezdték
[00:44:27] Rick_Aciano rabolt 1 emberrel, összeg: 37406Ft
[00:46:14] [kredit][17]Phil_Stinson kapott 1 bónusz kreditet (játszott óra)
[00:47:30] Marcel_B_Hollywood kórház jail ideje: 570 mp
[00:48:21] [kredit][26]Rick_Aciano kapott 1 bónusz kreditet (játszott óra)
[00:53:34] Freddie_B_Scaletta kórház jail ideje: 510 mp
[00:53:38] [kredit][19]Johny_Morales kapott 1 bónusz kreditet (játszott óra)
[00:54:13] Freddie_B_Scaletta LOGINkórház jail ideje: 498 mp
[00:55:12] [kredit][20]Freddie_B_Scaletta kapott 1 bónusz kreditet (játszott óra)
[01:01:00] [kredit][33]Patrik_O_Neill kapott 1 bónusz kreditet (játszott óra)
[01:03:07] [kredit][24]Levy_B_Hollywood kapott 1 bónusz kreditet (játszott óra)
[01:03:13] Freddie_B_Scaletta LOGINkórház jail ideje: 169 mp
[01:04:42] [kredit][22]Don_Sorrentino kapott 1 bónusz kreditet (játszott óra)
[01:04:42] [kredit][34]Yamato_Bosco kapott 1 bónusz kreditet (játszott óra)
[01:18:23] [kredit][9]Travis_Dominguez kapott 1 bónusz kreditet (játszott óra)
[01:22:03] [kredit][28]Ryan_Lennox kapott 1 bónusz kreditet (játszott óra)
[01:25:11] [kredit][21]Connor_O_Neill kapott 1 bónusz kreditet (játszott óra)
[01:32:09] [kredit][29]Torres_Butler kapott 1 bónusz kreditet (játszott óra)
[01:46:19] [kredit][17]Hizusu_Zisiku kapott 1 bónusz kreditet (játszott óra)
[01:46:50] [kredit][28]Costa_Miles kapott 1 bónusz kreditet (játszott óra)
[01:52:03] [kredit][19]Tyler_Gregory kapott 1 bónusz kreditet (játszott óra)
[01:56:46] [kredit][18]Rick_Aciano kapott 1 bónusz kreditet (játszott óra)
[02:04:07] [kredit][25]Henrik_T_Scaletta kapott 1 bónusz kreditet (játszott óra)
[02:09:51] [kredit][23]Yamato_Bosco kapott 1 bónusz kreditet (játszott óra)
[02:12:38] Don_Sorrentino kórház jail ideje: 90 mp
[02:12:59] [kredit][27]Don_Sorrentino kapott 1 bónusz kreditet (játszott óra)
[06:27:20] [kredit][9]Paul_D_Cortez kapott 1 bónusz kreditet (játszott óra)
[06:31:34] Paul_D_Cortez kórház jail ideje: 210 mp
[06:54:16] [kredit][9]Frank_Cobain kapott 1 bónusz kreditet (játszott óra)
[07:01:32] [kredit][17]Jimmy_Doherty kapott 1 bónusz kreditet (játszott óra)
[07:54:09] [kredit][9]Akos_B_Gates kapott 1 bónusz kreditet (játszott óra)
[07:59:22] [kredit][19]Norbert_N_Ortega kapott 1 bónusz kreditet (játszott óra)
[08:00:24] [kredit][17]Stefan_Berger kapott 1 bónusz kreditet (játszott óra)
[08:00:55] [kredit][20]Terno_Tommys kapott 1 bónusz kreditet (játszott óra)
[08:08:42] [kredit][18]Atsuya_D_Freeman kapott 1 bónusz kreditet (játszott óra)
[08:23:57] Atsuya_D_Freeman LOGINkórház jail ideje: 90 mp
[08:36:54] [kredit][21]Matthew_Carter kapott 1 bónusz kreditet (játszott óra)
[08:44:41] [/v vesz] - Hanzon_Soprano vett Marcell_O_Neill -tõl egy Infernus típusú jármûvet. 103 v-s rendszám.
[08:46:53] [kredit][25]Marcell_O_Neill kapott 1 bónusz kreditet (játszott óra)
[08:47:05] [kredit][25]Marcell_O_Neill beváltott 10 kreditet 50000Ftért
[08:47:10] [kredit][25]Marcell_O_Neill beváltott 10 kreditet 50000Ftért
[08:47:13] [kredit][25]Marcell_O_Neill beváltott 10 kreditet 50000Ftért
[08:49:30] [kredit][17]Leone_S_Tomasso kapott 1 bónusz kreditet (játszott óra)
[08:53:36] [Saját jármû feltörése]Név: John_Kelin Kocsi: 835
[08:56:02] Hanzon_Soprano kórház jail ideje: 90 mp
[08:56:28] [/v vesz] - Akos_B_Gates vett Marcell_O_Neill -tõl egy Infernus típusú jármûvet. 105 v-s rendszám.
[08:58:47] Atsuya_D_Freeman kórház jail ideje: 90 mp
[09:00:31] [kredit][28]William_Leroy kapott 1 bónusz kreditet (játszott óra)
[09:03:39] [kredit][19]Norbert_N_Ortega kapott 1 bónusz kreditet (játszott óra)
[09:04:11] [kredit][9]Joshue_White kapott 1 bónusz kreditet (játszott óra)
[09:07:05] Charlie_Leanders kórház jail ideje: 90 mp
[09:11:01] [kredit][20]Akos_B_Gates kapott 1 bónusz kreditet (játszott óra)
[09:12:05] [kredit][18]Atsuya_D_Freeman kapott 1 bónusz kreditet (játszott óra)
[09:13:40] [kredit][23]John_Kelin kapott 1 bónusz kreditet (játszott óra)
[09:16:51] [kredit][22]Charlie_Leanders kapott 1 bónusz kreditet (játszott óra)
[09:17:23] [kredit][30]Pekano_S_Barett kapott 1 bónusz kreditet (játszott óra)
[09:17:54] [kredit][27]Terno_Tommys kapott 1 bónusz kreditet (játszott óra)
[09:18:44] Hirdetés: Buerau of Alcohol and Tobacco(NAV) felvételt tart! Info:SMS ! ((Level4)) | Hirdetõ: Travis Dominguez | Tel: 2-100-893 [09:18]
[09:19:30] [kredit][37]Stefan_Berger kapott 1 bónusz kreditet (játszott óra)
[09:21:55] Nick_R_Wilson kórház jail ideje: 210 mp
[09:22:08] [kredit][28]Nico_Butler kapott 1 bónusz kreditet (játszott óra)
[09:24:16] [kredit][9]Tom_Camorra kapott 1 bónusz kreditet (játszott óra)
[09:24:48] [kredit][33]Johan_B_Black kapott 1 bónusz kreditet (játszott óra)
[09:25:44] [/ram] Hanzon_Soprano - 313-s ház
[09:25:55] Nick_R_Wilson LOGINkórház jail ideje: 22 mp
[09:29:35] [kredit][36]Elena_Moon kapott 1 bónusz kreditet (játszott óra)
[09:32:15] [kredit][26]Hanzon_Soprano kapott 1 bónusz kreditet (játszott óra)
[09:32:15] [kredit][42]Harold_G_Freeman kapott 1 bónusz kreditet (játszott óra)
[09:33:04] Hirdetés: Buerau of Alcohol and Tobacco(NAV) felvételt tart! Info:SMS ! ((Level4)) | Hirdetõ: Travis Dominguez | Tel: 2-100-893 [09:33]
[09:41:16] [kredit][32]Ryan_B_Mike kapott 1 bónusz kreditet (játszott óra)
[09:42:52] [kredit][40]Tom_Strike kapott 1 bónusz kreditet (játszott óra)
[09:44:28] [kredit][22]Toth_Martin kapott 1 bónusz kreditet (játszott óra)
[09:44:28] [kredit][43]Hugo_Toretto kapott 1 bónusz kreditet (játszott óra)
[09:44:47] [/ram] Hanzon_Soprano - 127-s ház
[09:46:04] [kredit][17]Paul_Escobar kapott 1 bónusz kreditet (játszott óra)
[09:47:24] Kevin_S_Tomasso LOGINkórház jail ideje: 208 mp
[09:49:18] [kredit][19]Kevin_S_Tomasso kapott 1 bónusz kreditet (játszott óra)
[09:55:08] [kredit][23]Shura_Sharma kapott 1 bónusz kreditet (játszott óra)
[09:55:40] [kredit][18]Nick_R_Wilson kapott 1 bónusz kreditet (játszott óra)
[09:57:49] [kredit][36]Tyler_Wish kapott 1 bónusz kreditet (játszott óra)
[10:01:36] [kredit][39]Jason_Aciano kapott 1 bónusz kreditet (játszott óra)
[10:02:40] [kredit][30]Leone_S_Tomasso kapott 1 bónusz kreditet (játszott óra)
[10:05:53] [kredit][38]Travis_Dominguez kapott 1 bónusz kreditet (játszott óra)
[10:09:05] [kredit][34]Joshue_White kapott 1 bónusz kreditet (játszott óra)
[10:13:21] [kredit][21]Wyler_S_Tomasso kapott 1 bónusz kreditet (játszott óra)
[10:15:47] [kredit][41]Dave_R_Vincenzo beváltott 40 kreditet -1 perc börtönidõért
[10:18:42] [kredit][22]John_Kelin kapott 1 bónusz kreditet (játszott óra)
[10:20:50] [kredit][32]Akos_B_Gates kapott 1 bónusz kreditet (játszott óra)
[10:22:27] [kredit][27]Terno_Tommys kapott 1 bónusz kreditet (játszott óra)
[10:23:32] [kredit][33]Thomas_Blackwell kapott 1 bónusz kreditet (játszott óra)
[10:25:08] [kredit][26]Niki_Freeman kapott 1 bónusz kreditet (játszott óra)
[10:26:07] [Yakuza]Tyler_Wish átadta a San Fierro Reptér területet nekik: GSF
[10:27:49] [kredit][28]Dave_R_Vincenzo kapott 1 bónusz kreditet (játszott óra)
[10:27:58] [Yakuza]Tyler_Wish átadta a Santa Maria Beach területet nekik: GSF
[10:28:37] Leone_S_Tomasso kórház jail ideje: 270 mp
[10:29:49] [Yakuza]Tyler_Wish átadta a Ballas sikátor területet nekik: GSF
[10:30:07] Tom_Zecchin LOGINkórház jail ideje: 1438 mp
[10:31:30] Jason_Aciano kórház jail ideje: 90 mp
[10:34:15] [kredit][25]Hizusu_Zisiku kapott 1 bónusz kreditet (játszott óra)
[10:34:48] [kredit][41]Nico_Butler kapott 1 bónusz kreditet (játszott óra)
[10:38:00] [kredit][19]Tom_Mulex kapott 1 bónusz kreditet (játszott óra)
[10:38:32] [kredit][27]Joe_Wheeler kapott 1 bónusz kreditet (játszott óra)
[10:40:34] [GSF]Mark_B_Hollywood átadta a Ballas sikátor területet nekik: Yakuza
[10:42:49] [kredit][34]Dominic_Vincenzo kapott 1 bónusz kreditet (játszott óra)
[10:46:00] [kredit][37]Kitty_Soprano kapott 1 bónusz kreditet (játszott óra)
[10:47:16] Tom_Zecchin LOGINkórház jail ideje: 694 mp
[10:48:39] [kredit][43]Hugo_Toretto kapott 1 bónusz kreditet (játszott óra)
[10:49:11] [kredit][35]Elena_Moon kapott 1 bónusz kreditet (játszott óra)
[10:50:47] [kredit][31]George_B_Hollywood kapott 1 bónusz kreditet (játszott óra)
[10:51:52] [kredit][49]Stefan_Berger kapott 1 bónusz kreditet (játszott óra)
[10:52:16] Hirdetés: Roadtrain eladó! | Hirdetõ: Miroslav Klose | Tel: 2-990-670 [10:52]
[10:53:29] [kredit][24]Fekete_Erik kapott 1 bónusz kreditet (játszott óra)
[10:54:34] [kredit][36]Kevin_S_Tomasso kapott 1 bónusz kreditet (játszott óra)
[10:55:38] [kredit][38]Csaki_Gergo kapott 1 bónusz kreditet (játszott óra)
[11:00:07] Lucio_Zecchin LOGINkórház jail ideje: 387 mp
[11:00:27] [kredit][18]Shura_Sharma kapott 1 bónusz kreditet (játszott óra)
[11:00:40] [/ram] Denny_Toretto - 115-s ház
[11:00:42] [/ram] Leone_S_Tomasso - 115-s ház
[11:00:46] [/ram] Kevin_S_Tomasso - 115-s ház
[11:01:32] [kredit][51]Norbert_N_Ortega kapott 1 bónusz kreditet (játszott óra)
[11:02:36] [kredit][22]Johny_Morales kapott 1 bónusz kreditet (játszott óra)
[11:02:36] [kredit][45]Mark_B_Hollywood kapott 1 bónusz kreditet (játszott óra)
[11:04:01] Hirdetés: Fullos bulletem cserélem Sultanra/Turismora. | Hirdetõ: Levy B Hollywood | Tel: 1-755-115 [11:04]
[11:06:02] Hirdetés: Fullos bulletem cserélem Sultanra/Turismora. | Hirdetõ: Levy B Hollywood | Tel: 1-755-115 [11:06]
[11:06:22] [kredit][33]Johan_B_Black kapott 1 bónusz kreditet (játszott óra)
[11:06:22] [kredit][40]Joker_Creed kapott 1 bónusz kreditet (játszott óra)
[11:06:55] [kredit][30]Leone_S_Tomasso kapott 1 bónusz kreditet (játszott óra)
[11:08:00] [kredit][42]David_Sorrentino kapott 1 bónusz kreditet (játszott óra)
[11:08:02] Hirdetés: Házat vennék! | Hirdetõ: Johny Morales | Tel: 9-521-720 [11:08]
[11:09:05] [kredit][32]James_D_Ryan kapott 1 bónusz kreditet (játszott óra)
[11:09:29] [/v vásárol] - Kevin_L_Saltzman vett egy Don_Sorrentino -tõl egy BlistaCompact típusú jármûvet. 6 v-s rendszám.
[11:09:29] [/v vásárol] - Don_Sorrentino megkapta az utalást 12,870,000 Ft.
[11:10:45] [kredit][46]Cristofer_Francesko kapott 1 bónusz kreditet (játszott óra)
[11:10:45] [kredit][48]Kevin_L_Saltzman kapott 1 bónusz kreditet (játszott óra)
[11:13:29] [kredit][27]Paul_Escobar kapott 1 bónusz kreditet (játszott óra)
[11:13:50] [BOLTRABLÁS] Nico_Butler boltot rabol, összesen 6-n vannak
[11:14:54] [BOLTRABLÁS] Nico_Butler befejezte a boltrablást, 6-n maradtak, 6-n kezdték
[11:14:54] Nico_Butler rabolt 6 emberrel, összeg: 1238532Ft
[11:15:07] [kredit][23]Lesley_Antony kapott 1 bónusz kreditet (játszott óra)
[11:15:19] Earl_Fooster kórház jail ideje: 630 mp
[11:15:20] James_D_Ryan kórház jail ideje: 90 mp
[11:15:21] George_B_Hollywood kórház jail ideje: 2730 mp
[11:15:25] Ryan_B_Mike kórház jail ideje: 90 mp
[11:17:19] [kredit][20]Lucio_Zecchin kapott 1 bónusz kreditet (játszott óra)
[11:18:26] [kredit][29]Earl_Fooster kapott 1 bónusz kreditet (játszott óra)
[11:20:38] [kredit][35]Ryan_B_Mike kapott 1 bónusz kreditet (játszott óra)
[11:22:18] Mark_B_Hollywood kórház jail ideje: 90 mp
[11:24:40] Sergei_B_Dueno LOGINkórház jail ideje: 90 mp
[11:27:52] [kredit][21]John_Volger kapott 1 bónusz kreditet (játszott óra)
[11:27:52] [kredit][66]Stefan_D_Zecchin kapott 1 bónusz kreditet (játszott óra)
[11:30:34] Marcel_B_Hollywood LOGINkórház jail ideje: 415 mp
[11:30:39] [kredit][65]Don_Sorrentino kapott 1 bónusz kreditet (játszott óra)
[11:31:45] [kredit][64]Max_Sorrentino kapott 1 bónusz kreditet (játszott óra)
[11:32:19] [kredit][61]Phil_Stinson kapott 1 bónusz kreditet (játszott óra)
[11:32:52] [kredit][9]Gabor_Johnson kapott 1 bónusz kreditet (játszott óra)
[11:32:52] [kredit][19]Cody_Aciano kapott 1 bónusz kreditet (játszott óra)
[11:32:52] [kredit][20]Jason_Aciano kapott 1 bónusz kreditet (játszott óra)
[11:33:25] [kredit][58]Markus_D_Zecchin kapott 1 bónusz kreditet (játszott óra)
[11:35:35] [kredit][44]Levy_B_Hollywood kapott 1 bónusz kreditet (játszott óra)
[11:36:01] George_B_Hollywood LOGINkórház jail ideje: 1845 mp
[11:39:27] [kredit][25]Hizusu_Zisiku kapott 1 bónusz kreditet (játszott óra)
[11:40:33] [kredit][67]Nagy_Richard kapott 1 bónusz kreditet (játszott óra)
[11:41:39] [kredit][56]Rick_Aciano kapott 1 bónusz kreditet (játszott óra)
[11:43:26] [Frakció jármû ellopása]Név: Johny_Morales Kocsi: 181
[11:43:37] [Frakció jármû ellopása]Név: Johny_Morales Kocsi: 106
[11:43:43] Hirdetés: Fullos bulletem cserélem Sultanra/Turismora. | Hirdetõ: Levy B Hollywood | Tel: 1-755-115 [11:43]
[11:43:51] [kredit][41]Denny_Toretto kapott 1 bónusz kreditet (játszott óra)
[11:44:47] Hirdetés: Taxi ZRT felvételt hirdet! Jelentkezni weblapunkon lehet!((Fórum)) | Hirdetõ: Terno Tommys | Tel: 444-555 [11:44]
[11:46:01] Lesley_Antony kórház jail ideje: 89 mp
[11:47:42] [kredit][29]Patrik_O_Neill kapott 1 bónusz kreditet (játszott óra)
[11:48:50] [kredit][38]Joe_Wheeler kapott 1 bónusz kreditet (játszott óra)
[11:50:02] Hirdetés: San Fierroi szerelõ várja vendégeit! | Hirdetõ: Tom Mulex | Tel: 6-786-267 [11:50]
[11:51:02] [kredit][50]Jin_Sorrentino kapott 1 bónusz kreditet (játszott óra)
[11:51:02] [kredit][55]Tom_Mulex kapott 1 bónusz kreditet (játszott óra)
[11:51:02] [kredit][75]Tom_Zecchin kapott 1 bónusz kreditet (játszott óra)
[11:51:35] [kredit][17]Ryan_Lennox kapott 1 bónusz kreditet (játszott óra)
[11:51:35] [kredit][37]Kitty_Soprano kapott 1 bónusz kreditet (játszott óra)
[11:51:35] [kredit][42]Ralf_S_Tomasso kapott 1 bónusz kreditet (játszott óra)
[11:51:46] Hirdetés: Fullos bulletem cserélem Sultanra/Turismora. | Hirdetõ: Levy B Hollywood | Tel: 1-755-115 [11:51]
[11:52:09] [kredit][45]Tyler_Wish kapott 1 bónusz kreditet (játszott óra)
[11:52:11] Cody_Aciano kórház jail ideje: 89 mp
[11:53:26] Hirdetés: Towtruckot, és Házat vennék! | Hirdetõ: Johny Morales | Tel: 9-521-720 [11:53]
[11:54:21] [kredit][43]Hugo_Toretto kapott 1 bónusz kreditet (játszott óra)
[11:55:27] [kredit][74]Matt_Creed kapott 1 bónusz kreditet (játszott óra)
[11:56:33] [kredit][54]Nico_Butler kapott 1 bónusz kreditet (játszott óra)
[11:57:39] [kredit][49]Stefan_Berger kapott 1 bónusz kreditet (játszott óra)
[11:57:39] [kredit][70]Steve_Sanchez kapott 1 bónusz kreditet (játszott óra)
[11:57:46] George_B_Hollywood LOGINkórház jail ideje: 766 mp
[11:58:45] [kredit][31]Akos_B_Gates kapott 1 bónusz kreditet (játszott óra)
[11:58:45] [kredit][57]John_Kelin kapott 1 bónusz kreditet (játszott óra)
[11:58:45] [kredit][80]Travis_Dominguez kapott 1 bónusz kreditet (játszott óra)
[11:58:45] [kredit][84]Marcel_B_Hollywood kapott 1 bónusz kreditet (játszott óra)
[11:59:51] John_Salivan LOGINkórház jail ideje: 73 mp
[11:59:58] Lesley_Antony kórház jail ideje: 90 mp
[12:00:35] Markus_D_Zecchin kórház jail ideje: 82 mp
[12:01:20] Wolczyk_T_Sorrentino kórház jail ideje: 90 mp
[12:03:09] [kredit][82]Ryder_B_Dueno kapott 1 bónusz kreditet (játszott óra)
[12:04:48] [kredit][48]Csaki_Gergo kapott 1 bónusz kreditet (játszott óra)
[12:05:21] [kredit][59]George_B_Hollywood kapott 1 bónusz kreditet (játszott óra)
[12:07:00] [kredit][21]Fekete_Erik kapott 1 bónusz kreditet (játszott óra)
[12:07:00] [kredit][35]Sergei_B_Dueno kapott 1 bónusz kreditet (játszott óra)
[12:07:09] Kitty_Soprano kórház jail ideje: 88 mp
[12:07:19] Kevin_L_Saltzman kórház jail ideje: 570 mp
[12:07:32] [kredit][26]Joker_Surenos kapott 1 bónusz kreditet (játszott óra)
[12:07:32] [kredit][47]Antonn_Fedorov kapott 1 bónusz kreditet (játszott óra)
[12:08:05] [kredit][18]Shura_Sharma kapott 1 bónusz kreditet (játszott óra)
[12:08:38] [kredit][22]John_Salivan kapott 1 bónusz kreditet (játszott óra)
[12:09:11] [kredit][51]Dr_Faust_Lucius kapott 1 bónusz kreditet (játszott óra)
[12:10:00] George_B_Hollywood LOGINkórház jail ideje: 208 mp
[12:11:22] [kredit][29]Norbert_N_Ortega kapott 1 bónusz kreditet (játszott óra)
[12:12:08] Hirdetés: A Kormány felvételt tart a Városháza földszintjén | Hirdetõ: Dr Faust Lucius | Tel: 3-007-783 [12:12]
[12:12:27] [kredit][33]Mark_B_Hollywood kapott 1 bónusz kreditet (játszott óra)
[12:12:27] [kredit][40]Joker_Creed kapott 1 bónusz kreditet (játszott óra)
[12:13:32] [kredit][73]Mike_O_Neill kapott 1 bónusz kreditet (játszott óra)
[12:14:38] [kredit][39]David_Sorrentino kapott 1 bónusz kreditet (játszott óra)
[12:15:10] Hirdetés: Class utca 376 os házam eladóvá vált! | Hirdetõ: Kevin L Saltzman | Tel: 5-653-506 [12:15]
[12:15:20] [kredit][57]John_Kelin beváltott 100 kreditet -11 perc börtönidõért
[12:15:30] [kredit][57]John_Kelin beváltott 10 kreditet -1 perc börtönidõért
[12:15:35] [kredit][57]John_Kelin beváltott 10 kreditet -1 perc börtönidõért
[12:15:37] [kredit][57]John_Kelin beváltott 10 kreditet -1 perc börtönidõért
[12:16:49] [kredit][46]Cristofer_Francesko kapott 1 bónusz kreditet (játszott óra)
[12:18:27] [kredit][28]Bryan_B_Hollywood kapott 1 bónusz kreditet (játszott óra)
[12:18:27] [kredit][42]Marcell_O_Neill kapott 1 bónusz kreditet (játszott óra)
[12:19:00] [kredit][60]Horvath_Adrian kapott 1 bónusz kreditet (játszott óra)
[12:19:33] [kredit][27]Paul_Escobar kapott 1 bónusz kreditet (játszott óra)
[12:20:15] Hirdetés: Az U.S.A.F (Katonaság) Felvételt tart. Jelentkezni telefonon, vagy a bázison! | Hirdetõ: Hizusu Zisiku | Tel: 1-838-413 [12:20]
[12:21:08] Hirdetés: A Grove Kocsma Pultosokat Keres! Erd.SMS | Hirdetõ: Nico Butler | Tel: 7-488-958 [12:21]
[12:21:29] Lucio_Zecchin kórház jail ideje: 90 mp
[12:22:16] [kredit][36]Betty_O_Neill kapott 1 bónusz kreditet (játszott óra)
[12:25:32] [kredit][24]Lucio_Zecchin kapott 1 bónusz kreditet (játszott óra)
[12:26:05] [kredit][37]Jimmy_Doherty kapott 1 bónusz kreditet (játszott óra)
[12:26:05] [kredit][62]Dominic_Vincenzo kapott 1 bónusz kreditet (játszott óra)
[12:26:27] Marcell_O_Neill kórház jail ideje: 90 mp
[12:27:11] [kredit][23]Zack_B_Zecchin kapott 1 bónusz kreditet (játszott óra)
[12:28:16] [kredit][34]Thomas_Berzerk kapott 1 bónusz kreditet (játszott óra)
[12:29:33] [ujmodel]Mike_O_Neill átlakaította 658 rendszámû 609 típusú kocsit 78-é. Tulaj: 
[12:30:59] [kredit][44]Mark_Bishop kapott 1 bónusz kreditet (játszott óra)
[12:31:31] [kredit][53]Wolczyk_T_Sorrentino kapott 1 bónusz kreditet (játszott óra)
[12:31:31] [kredit][61]Tom_Strike kapott 1 bónusz kreditet (játszott óra)
[12:32:36] [kredit][30]Ryan_B_Mike kapott 1 bónusz kreditet (játszott óra)
[12:33:41] [kredit][66]Stefan_D_Zecchin kapott 1 bónusz kreditet (játszott óra)
[12:33:45] Hirdetés: A katonaság azaz a U.S.A.F felvételt tart a bázison. Jelentkezni személyesen, és SMS | Hirdetõ: Hizusu Zisiku | Tel: 1-838-413 [12:33]
[12:37:18] Hirdetés: United States Army Forces (katonaság) felvételt tart a bázisán. Érd : SMS | Hirdetõ: Hizusu Zisiku | Tel: 1-838-413 [12:37]
[12:37:29] [kredit][57]Dave_R_Vincenzo kapott 1 bónusz kreditet (játszott óra)
[12:37:50] Hirdetés: San Fierroi szerelõ várja vendégeit! | Hirdetõ: Tom Mulex | Tel: 6-786-267 [12:37]
[12:38:02] [kredit][68]Don_Sorrentino kapott 1 bónusz kreditet (játszott óra)
[12:38:35] [kredit][19]Cody_Aciano kapott 1 bónusz kreditet (játszott óra)
[12:38:35] [kredit][20]Jason_Aciano kapott 1 bónusz kreditet (játszott óra)
[12:38:52] [kredit][19]Cody_Aciano beváltott 10 kreditet 50000Ftért
[12:38:54] [kredit][19]Cody_Aciano beváltott 10 kreditet 50000Ftért
[12:39:07] Hirdetés: United States Army Forces (katonaság) felvételt tart a bázisán. Érd : SMS | Hirdetõ: Hizusu Zisiku | Tel: 1-838-413 [12:39]
[12:40:14] [kredit][23]Markus_D_Zecchin kapott 1 bónusz kreditet (játszott óra)
[12:41:20] [kredit][79]Diego_Aciano kapott 1 bónusz kreditet (játszott óra)
[12:42:33] Tom_Strike kórház jail ideje: 90 mp
[12:44:04] [kredit][54]Victor_Gonzales kapott 1 bónusz kreditet (játszott óra)
[12:45:10] [kredit][25]Hizusu_Zisiku kapott 1 bónusz kreditet (játszott óra)
[12:48:25] [kredit][28]Rick_Aciano kapott 1 bónusz kreditet (játszott óra)
[12:53:56] [kredit][52]Danno_Derossi kapott 1 bónusz kreditet (játszott óra)
[12:54:19] Hirdetés: Ház eladó ! | Hirdetõ: Kitty Soprano | Tel: 2-803-880 [12:54]
[12:58:52] Hirdetés: Virág utca 11. eladó 14 Millió | Hirdetõ: Ryan B Mike | Tel: 2-455-296 [12:58]
[12:58:53] [kredit][85]Ventura_Zecchin kapott 1 bónusz kreditet (játszott óra)
[13:00:11] Hirdetés: Virág utca 11. eladó 14 Millió | Hirdetõ: Ryan B Mike | Tel: 2-455-296 [13:00]
[13:05:22] Hirdetés: Házat vásárolnék maximum 7 milliói | Hirdetõ: Toth Martin | Tel: 2-877-703 [13:05]
[13:07:12] Hirdetés: Infernus eladó ! | Hirdetõ: Kitty Soprano | Tel: 2-803-880 [13:07]
[13:07:24] [kredit][25]Blake_B_Salvatore kapott 1 bónusz kreditet (játszott óra)
[13:07:24] [kredit][70]Steve_Sanchez kapott 1 bónusz kreditet (játszott óra)
[13:07:24] [kredit][72]Lorand_Vincenzo kapott 1 bónusz kreditet (játszott óra)
[13:09:03] [kredit][38]Akos_B_Gates kapott 1 bónusz kreditet (játszott óra)
[13:10:09] [kredit][39]Kitty_Soprano kapott 1 bónusz kreditet (játszott óra)
[13:10:19] Hirdetés: Infernus sürgõsen eladó ! | Hirdetõ: Kitty Soprano | Tel: 2-803-880 [13:10]
[13:11:48] [kredit][22]John_Kelin kapott 1 bónusz kreditet (játszott óra)
[13:12:19] [kredit][67]Steve_Aoki kapott 1 bónusz kreditet (játszott óra)
[13:12:19] [kredit][69]Kazuyoshi_Akira kapott 1 bónusz kreditet (játszott óra)
[13:12:52] [kredit][18]Akos_White kapott 1 bónusz kreditet (játszott óra)
[13:13:25] [kredit][46]Toth_Martin kapott 1 bónusz kreditet (játszott óra)
[13:13:56] [kredit][41]Gyorgy_Boyka kapott 1 bónusz kreditet (játszott óra)
[13:13:58] Toth_Martin kórház jail ideje: 90 mp
[13:14:30] [kredit][58]Leone_S_Tomasso kapott 1 bónusz kreditet (játszott óra)
[13:14:46] Darthy_M_Stillenacht LOGINkórház jail ideje: 58 mp
[13:16:39] [kredit][30]Nadasi_Gyorgy kapott 1 bónusz kreditet (játszott óra)
[13:16:39] [kredit][43]George_B_Hollywood kapott 1 bónusz kreditet (játszott óra)
[13:17:44] Hirdetés: Infernus eladó ! | Hirdetõ: Kitty Soprano | Tel: 2-803-880 [13:17]
[13:19:43] Hirdetés: Ház eladó 8 millió | Hirdetõ: Kitty Soprano | Tel: 2-803-880 [13:19]
[13:21:01] [kredit][26]Norbert_N_Ortega kapott 1 bónusz kreditet (játszott óra)
[13:21:11] [jármu átalakítás]Eredeti: 78 új 609 Tulaj: Jason_Aciano, Rendszám: 619
[13:22:39] [kredit][33]Sergei_B_Dueno kapott 1 bónusz kreditet (játszott óra)
[13:22:39] [kredit][40]Vito_D_Brasco kapott 1 bónusz kreditet (játszott óra)
[13:22:39] [kredit][64]Joker_Creed kapott 1 bónusz kreditet (játszott óra)
[13:23:11] [kredit][73]Mike_O_Neill kapott 1 bónusz kreditet (játszott óra)
[13:23:31] Hirdetés: Értékpapírt vennék! | Hirdetõ: Guillermo Butler | Tel: 4-499-461 [13:23]
[13:24:14] Gyorgy_Boyka kórház jail ideje: 90 mp
[13:24:48] [kredit][59]Earl_Fooster kapott 1 bónusz kreditet (játszott óra)
[13:26:57] [kredit][42]Matt_Creed kapott 1 bónusz kreditet (játszott óra)
[13:26:57] [kredit][51]John_Salivan kapott 1 bónusz kreditet (játszott óra)
[13:26:58] Jimmy_Doherty kórház jail ideje: 90 mp
[13:27:13] Lesley_Antony kórház jail ideje: 90 mp
[13:28:07] [/alair ház] - Akos_White vett Kitty_Soprano -tõl egy házat 47, 5,600,000 Ft-ért
[13:28:17] Hirdetés: Olcsó kocsit veszek | Hirdetõ: Kitty Soprano | Tel: 2-803-880 [13:28]
[13:28:34] [kredit][44]Lesley_Antony kapott 1 bónusz kreditet (játszott óra)
[13:29:05] [kredit][44]Lesley_Antony beváltott 10 kreditet 50g kokainért
[13:29:32] Hirdetés: Értékpapír eladó | Hirdetõ: Leone S Tomasso | Tel: 7-992-113 [13:29]
[13:29:39] [kredit][34]Nelson_Washington kapott 1 bónusz kreditet (játszott óra)
[13:34:35] Hirdetés: Legális Érték papírt veszek | Hirdetõ: Don Sorrentino | Tel: 3-370-851 [13:34]
[13:37:05] [kredit][53]Bob_Kleiner kapott 1 bónusz kreditet (játszott óra)
[13:37:25] Hirdetés: Értékpapírt vennék | Hirdetõ: Matt Creed | Tel: 4-859-887 [13:37]
[13:37:38] [kredit][48]Alex_Hill kapott 1 bónusz kreditet (játszott óra)
[13:39:17] [kredit][36]Stefan_Berger kapott 1 bónusz kreditet (játszott óra)
[13:39:48] [/alair ppont] - Matt_Creed vett Leone_S_Tomasso -tõl egy ppontott, 27,000,000 Ft-ért
[13:39:50] [kredit][56]Tyler_Gregory kapott 1 bónusz kreditet (játszott óra)
[13:40:23] [kredit][51]Connor_O_Neill kapott 1 bónusz kreditet (játszott óra)
[13:42:04] Hirdetés: Házat vennék 10Milló alatt!! | Hirdetõ: Johan B Black | Tel: 7-234-314 [13:42]
[13:42:34] [kredit][31]Paul_Escobar kapott 1 bónusz kreditet (játszott óra)
[13:43:07] [kredit][55]Johny_Morales kapott 1 bónusz kreditet (játszott óra)
[13:44:43] [kredit][29]Ryan_B_Mike kapott 1 bónusz kreditet (játszott óra)
[13:45:17] [kredit][19]Tom_Mulex kapott 1 bónusz kreditet (játszott óra)
[13:47:59] [kredit][50]Carl_J_Creed kapott 1 bónusz kreditet (játszott óra)
[13:48:20] Hirdetés: Értépapir eladó | Hirdetõ: Matt Creed | Tel: 4-859-887 [13:48]
[13:48:52] Hirdetés: Garázs eladó. | Hirdetõ: Santos O Neill | Tel: 3-564-552 [13:48]
[13:49:04] [kredit][20]Jason_Aciano kapott 1 bónusz kreditet (játszott óra)
[13:49:37] [kredit][27]Don_Sorrentino kapott 1 bónusz kreditet (játszott óra)
[13:49:42] [/alair ppont] - Bryan_B_Hollywood vett Matt_Creed -tõl egy ppontott, 26,000,000 Ft-ért
[13:50:40] [kredit][54]Cody_Aciano kapott 1 bónusz kreditet (játszott óra)
[13:51:44] [kredit][30]Diaz_Freeman kapott 1 bónusz kreditet (játszott óra)
[13:52:16] [kredit][9]Atsuya_D_Freeman kapott 1 bónusz kreditet (játszott óra)
[13:52:33] Hirdetés: Tönkre ment a motor? Hívja a szerelõket!((/service mechanic)) | Hirdetõ: Kazuyoshi Akira | Tel: 5-031-040 [13:52]
[13:53:21] [kredit][32]Tom_Zecchin kapott 1 bónusz kreditet (játszott óra)
[13:53:53] [kredit][53]Tom_Strike kapott 1 bónusz kreditet (játszott óra)
[13:54:40] [/alair ház] - Johan_B_Black vett Akos_White -tõl egy házat 47, 8,000,000 Ft-ért
[13:54:42] [jármu átalakítás]Eredeti: 90 új 487 Tulaj: John_Kelin, Rendszám: 660
[13:54:49] Cody_Aciano kórház jail ideje: 90 mp
[13:54:57] Jason_Aciano kórház jail ideje: 90 mp
[13:54:58] [kredit][28]Mark_Bishop kapott 1 bónusz kreditet (játszott óra)
[13:54:58] [kredit][45]Charlie_Leanders kapott 1 bónusz kreditet (játszott óra)
[13:54:58] Rick_Aciano kórház jail ideje: 90 mp
[13:55:29] [kredit][46]Santos_O_Neill kapott 1 bónusz kreditet (játszott óra)
[13:55:36] Cody_Aciano kórház jail ideje: 51 mp
[13:56:23] Zack_B_Zecchin LOGINkórház jail ideje: 90 mp
[13:57:27] [kredit][27]Don_Sorrentino beváltott 10 kreditet 25g marihuanaért
[13:57:39] [kredit][57]Thomas_Blackwell kapott 1 bónusz kreditet (játszott óra)
[13:59:09] Atsuya_D_Freeman kórház jail ideje: 89 mp
[13:59:19] [kredit][42]Nick_R_Wilson kapott 1 bónusz kreditet (játszott óra)
[13:59:46] Atsuya_D_Freeman LOGINkórház jail ideje: 78 mp
[14:00:57] [kredit][25]Zack_B_Zecchin kapott 1 bónusz kreditet (játszott óra)
[14:00:57] [kredit][56]Dave_Stinson kapott 1 bónusz kreditet (játszott óra)
[14:01:07] [/alair garázs] - Dukai_Roland vett Santos_O_Neill -tõl egy garázst 93, 10,700,000 Ft-ért
[14:01:35] Steve_Aoki LOGINkórház jail ideje: 90 mp
[14:01:40] Hirdetés: Garázs eladó | Hirdetõ: Dukai Roland | Tel: 4-046-666 [14:01]
[14:02:06] [kredit][26]Rick_Aciano kapott 1 bónusz kreditet (játszott óra)
[14:03:04] Hirdetés: Jármûvet veszek!! | Hirdetõ: Charlie Leanders | Tel: 4-822-782 [14:03]
[14:03:56] Hirdetés: Los Santos belvárosában garázs eladó! | Hirdetõ: Dukai Roland | Tel: 4-046-666 [14:03]
[14:05:44] Hirdetés: Los Santos belvárosában garázs eladó! | Hirdetõ: Dukai Roland | Tel: 4-046-666 [14:05]
[14:05:55] [kredit][36]Ventura_Zecchin kapott 1 bónusz kreditet (játszott óra)
[14:06:28] [kredit][17]Dom_Wheeler kapott 1 bónusz kreditet (játszott óra)
[14:08:07] [kredit][24]Chris_S_Black kapott 1 bónusz kreditet (játszott óra)
[14:08:37] Hirdetés: Los Santos belvárosában garázs eladó. Irányár 14 millió FT ((2es felszereltség)) | Hirdetõ: Dukai Roland | Tel: 4-046-666 [14:08]
[14:08:40] [kredit][46]Ryder_B_Dueno kapott 1 bónusz kreditet (játszott óra)
[14:09:13] [kredit][61]Fekete_Erik kapott 1 bónusz kreditet (játszott óra)
[14:10:19] [kredit][49]Diego_Aciano kapott 1 bónusz kreditet (játszott óra)
[14:11:25] [kredit][30]Markus_D_Zecchin kapott 1 bónusz kreditet (játszott óra)
[14:13:05] [kredit][64]Nagy_Richard kapott 1 bónusz kreditet (játszott óra)
[14:13:38] [kredit][39]Stefan_D_Zecchin kapott 1 bónusz kreditet (játszott óra)
[14:17:07] Envy_Corleone LOGINkórház jail ideje: 79 mp
[14:18:36] [kredit][69]Kazuyoshi_Akira kapott 1 bónusz kreditet (játszott óra)
[14:19:42] [kredit][18]Akos_White kapott 1 bónusz kreditet (játszott óra)
[14:20:15] [kredit][25]Bryan_B_Hollywood kapott 1 bónusz kreditet (játszott óra)
[14:20:25] Hirdetés: Eladó ház. | Hirdetõ: Daniel Sedin | Tel: 6-655-272 [14:20]
[14:20:48] [kredit][58]Leone_S_Tomasso kapott 1 bónusz kreditet (játszott óra)
[14:21:07] Alvilág: M4 Eladó!!! | Hirdetõ: Rick Aciano | Tel: 7-118-582 [14:21]
[14:21:17] Diaz_Freeman kórház jail ideje: 990 mp
[14:22:59] [kredit][37]Dukai_Roland kapott 1 bónusz kreditet (játszott óra)
[14:25:33] Hirdetés: Garázs eladó | Hirdetõ: Dukai Roland | Tel: 4-046-666 [14:25]
[14:26:38] Hirdetés: Jármûvet veszek olcsón!! | Hirdetõ: Charlie Leanders | Tel: 4-822-782 [14:26]
[14:27:58] [/alair kocsi] - Johan_B_Black vett Chris_S_Black -tõl egy Sultan típusú jármûvet. 38 v-s rendszám, 500,000 Ft-ért
[14:32:47] [kredit][25]Archie_B_Hollywood kapott 1 bónusz kreditet (játszott óra)
[14:34:29] [kredit][33]John_Salivan kapott 1 bónusz kreditet (játszott óra)
[14:34:29] [kredit][41]Matt_Creed kapott 1 bónusz kreditet (játszott óra)
[14:34:56] Hirdetés: Házat vennék! | Hirdetõ: Johny Morales | Tel: 9-521-720 [14:34]
[14:35:36] [kredit][42]Joe_Gates kapott 1 bónusz kreditet (játszott óra)
[14:37:46] [kredit][35]Dan_B_Hollywood kapott 1 bónusz kreditet (játszott óra)
[14:38:18] [kredit][62]Paul_D_Cortez kapott 1 bónusz kreditet (játszott óra)
[14:39:20] Hirdetés: Házat vennék! | Hirdetõ: Johny Morales | Tel: 9-521-720 [14:39]
[14:40:23] << Daniel_Davis megváltoztatta a mûsornevet erre: Kívánság mûsor >>
[14:42:39] [kredit][34]George_B_Hollywood kapott 1 bónusz kreditet (játszott óra)
[14:43:44] [kredit][23]Bob_Kleiner kapott 1 bónusz kreditet (játszott óra)
[14:44:49] [kredit][52]Johan_B_Black kapott 1 bónusz kreditet (játszott óra)
[14:48:38] [kredit][48]Kevin_S_Tomasso kapott 1 bónusz kreditet (játszott óra)
[14:49:06] Hirdetés: Falusi házam eladó! | Hirdetõ: Chris S Black | Tel: 9-241-726 [14:49]
[14:49:37] Thomas_Berzerk kórház jail ideje: 90 mp
[14:49:43] [kredit][9]Paul_Escobar kapott 1 bónusz kreditet (játszott óra)
[14:50:49] [kredit][43]Victor_Gonzales kapott 1 bónusz kreditet (játszott óra)
[14:52:28] [kredit][22]Nelson_Washington kapott 1 bónusz kreditet (játszott óra)
[14:52:42] Hirdetés: Házam eladó | Hirdetõ: Chris S Black | Tel: 9-241-726 [14:52]
[14:53:21] Hirdetés: Japán étterem felvételt hirdett[LVL5, RP, TS] | Hirdetõ: Paul D Cortez | Tel: 9-519-711 [14:53]
[14:54:37] Hirdetés: Japán étterem felvételt hirdett[LVL5, RP, TS] | Hirdetõ: Paul D Cortez | Tel: 9-519-711 [14:54]
[14:55:12] [kredit][27]Don_Sorrentino kapott 1 bónusz kreditet (játszott óra)
[14:55:44] [kredit][20]Jason_Aciano kapott 1 bónusz kreditet (játszott óra)
[14:56:17] [kredit][32]Stefan_Berger kapott 1 bónusz kreditet (játszott óra)
[14:56:17] [kredit][54]Cody_Aciano kapott 1 bónusz kreditet (játszott óra)
[14:56:29] [Frakció jármû ellopása]Név: Charlie_Leanders Kocsi: 182
[14:57:03] Hirdetés: Japán étterem felvételt hirdett[LVL5, RP, TS] | Hirdetõ: Paul D Cortez | Tel: 9-519-711 [14:57]
[14:57:23] [kredit][40]Steve_Aoki kapott 1 bónusz kreditet (játszott óra)
[14:59:04] [/alair ház] - Matt_Creed vett Chris_S_Black -tõl egy házat 516, 9,000,000 Ft-ért
[14:59:33] [kredit][49]Atsuya_D_Freeman kapott 1 bónusz kreditet (játszott óra)
[15:00:39] [kredit][28]Mark_Bishop kapott 1 bónusz kreditet (játszott óra)
[15:00:39] [kredit][44]Thomas_Berzerk kapott 1 bónusz kreditet (játszott óra)
[15:01:08] Hirdetés: Japán étterem felvételt hirdett[LVL5, RP, TS] | Hirdetõ: Paul D Cortez | Tel: 9-519-711 [15:01]
[15:01:12] [kredit][47]Denny_Toretto kapott 1 bónusz kreditet (játszott óra)
[15:02:48] [kredit][19]Lesley_Antony kapott 1 bónusz kreditet (játszott óra)
[15:03:20] [kredit][57]Thomas_Blackwell kapott 1 bónusz kreditet (játszott óra)
[15:04:31] [kredit][39]Mark_B_Hollywood kapott 1 bónusz kreditet (játszott óra)
[15:06:09] Max_Sorrentino kórház jail ideje: 330 mp
[15:06:10] Markus_D_Zecchin kórház jail ideje: 510 mp
[15:06:42] [kredit][36]Max_Sorrentino kapott 1 bónusz kreditet (játszott óra)
[15:07:47] [kredit][60]Daniel_Davis kapott 1 bónusz kreditet (játszott óra)
[15:08:19] [kredit][58]Krist_Roscoe kapott 1 bónusz kreditet (játszott óra)
[15:09:14] Thomas_Berzerk kórház jail ideje: 90 mp
[15:09:25] [kredit][31]Matthew_Carter kapott 1 bónusz kreditet (játszott óra)
[15:10:30] [kredit][53]Horvath_Adrian kapott 1 bónusz kreditet (játszott óra)
[15:11:33] Kiraly_Hunor kórház jail ideje: 90 mp
[15:12:29] Max_Sorrentino LOGINkórház jail ideje: 182 mp
[15:13:16] Lesley_Antony kórház jail ideje: 90 mp
[15:14:19] [kredit][46]Ryder_B_Dueno kapott 1 bónusz kreditet (játszott óra)
[15:14:51] [kredit][38]Costa_Miles kapott 1 bónusz kreditet (játszott óra)
[15:17:03] [kredit][30]Markus_D_Zecchin kapott 1 bónusz kreditet (játszott óra)
[15:18:40] [kredit][51]Hanzon_Soprano kapott 1 bónusz kreditet (játszott óra)
[15:19:47] [kredit][45]Max_D_Freeman kapott 1 bónusz kreditet (játszott óra)
[15:20:52] [kredit][55]Grew_Brasco kapott 1 bónusz kreditet (játszott óra)
[15:22:30] [kredit][21]Chris_S_Black kapott 1 bónusz kreditet (játszott óra)
[15:24:39] [kredit][61]Kazuyoshi_Akira kapott 1 bónusz kreditet (játszott óra)
[15:25:12] [kredit][18]Akos_White kapott 1 bónusz kreditet (játszott óra)
[15:25:45] [kredit][31]Vito_D_Brasco kapott 1 bónusz kreditet (játszott óra)
[15:26:04] Hirdetés: Érték papírt veszek | Hirdetõ: Don Sorrentino | Tel: 3-370-851 [15:26]
[15:26:49] [kredit][50]Leone_S_Tomasso kapott 1 bónusz kreditet (játszott óra)
[15:28:25] Hirdetés: Gazdagnegyedi házom, garázsos házra cserélném! | Hirdetõ: Travis Dominguez | Tel: 2-100-893 [15:28]
[15:28:27] [kredit][25]Jin_Sorrentino kapott 1 bónusz kreditet (játszott óra)
[15:28:27] [kredit][37]Dukai_Roland kapott 1 bónusz kreditet (játszott óra)
[15:28:54] [GSF]Mark_B_Hollywood átadta a San Fierro Reptér területet nekik: LCN
[15:29:00] [kredit][29]Zero_Hopkins kapott 1 bónusz kreditet (játszott óra)
[15:29:23] [GSF]Mark_B_Hollywood átadta a Építkezés területet nekik: LCN
[15:30:00] [GSF]Mark_B_Hollywood átadta a Triad Tér területet nekik: LCN
[15:30:18] [GSF]Mark_B_Hollywood átadta a Vendégl? területet nekik: LCN
[15:30:30] [LCN]Max_Sorrentino átadta a Lövészeti Sikátor területet nekik: GSF
[15:30:49] Hirdetés: Fullos Bulletem cserélem Sultanra/Turismora. | Hirdetõ: Levy B Hollywood | Tel: 1-755-115 [15:30]
[15:30:50] [LCN]Max_Sorrentino átadta a Csatorna területet nekik: GSF
[15:31:01] [LCN]Max_Sorrentino átadta a Lakópark területet nekik: GSF
[15:31:11] [LCN]Max_Sorrentino átadta a Stadion területet nekik: GSF
[15:33:54] [kredit][69]Lorand_Vincenzo kapott 1 bónusz kreditet (játszott óra)
[15:34:23] Robert_Scaletta LOGINkórház jail ideje: 84 mp
[15:34:26] [kredit][59]Adele_Scaletta kapott 1 bónusz kreditet (játszott óra)
[15:34:41] Lesley_Antony kórház jail ideje: 89 mp
[15:34:59] [kredit][17]Nagy_Richard kapott 1 bónusz kreditet (játszott óra)
[15:36:37] [kredit][64]Norbert_N_Ortega kapott 1 bónusz kreditet (játszott óra)
[15:37:11] [kredit][9]Niki_Freeman kapott 1 bónusz kreditet (játszott óra)
[15:42:39] [kredit][22]Joe_Gates kapott 1 bónusz kreditet (játszott óra)
[15:43:12] [kredit][33]John_Salivan kapott 1 bónusz kreditet (játszott óra)
[15:43:44] [kredit][23]Jason_B_Hollywood kapott 1 bónusz kreditet (játszott óra)
[15:45:22] [kredit][29]Freddie_B_Scaletta kapott 1 bónusz kreditet (játszott óra)
[15:45:22] [kredit][62]Paul_D_Cortez kapott 1 bónusz kreditet (játszott óra)
[15:45:54] [kredit][68]Teus_Fontaine kapott 1 bónusz kreditet (játszott óra)
[15:46:37] =====[ Játékos bejelentés érkezett ]=====
[15:46:37] Elkövetõ: [17]Nagy_Richard | Bejelentõ: [59]Adele_Scaletta
[15:46:37] Tett: {FFFF00}fûnyíró magáncélra használása
[15:46:59] [kredit][56]Wolczyk_T_Sorrentino kapott 1 bónusz kreditet (játszott óra)
[15:48:05] [kredit][34]George_B_Hollywood kapott 1 bónusz kreditet (játszott óra)
[15:50:03] Hirdetés: Eladó ház. | Hirdetõ: Daniel Sedin | Tel: 6-655-272 [15:50]
[15:50:17] [kredit][41]Bob_Kleiner kapott 1 bónusz kreditet (játszott óra)
[15:52:29] [kredit][67]Ryan_B_Mike kapott 1 bónusz kreditet (játszott óra)
[15:54:09] [kredit][48]Kevin_S_Tomasso kapott 1 bónusz kreditet (játszott óra)
[15:54:42] [kredit][42]Georg_B_Hollywood kapott 1 bónusz kreditet (játszott óra)
[15:55:22] [kredit][27]Nelson_Washington beváltott 10 kreditet 50g kokainért
[15:55:48] [kredit][69]Henrik_T_Scaletta kapott 1 bónusz kreditet (játszott óra)
[15:56:21] [kredit][18]Mester_Csaba kapott 1 bónusz kreditet (játszott óra)
[15:56:53] Max_D_Freeman LOGINkórház jail ideje: 27 mp
[15:56:54] [kredit][35]Victor_Gonzales kapott 1 bónusz kreditet (játszott óra)
[15:56:56] Hirdetés: Bureau of Alcohol and Tobacco(NAV) felvételt tart! Info:SMS ((Level4)) | Hirdetõ: Travis Dominguez | Tel: 2-100-893 [15:56]
[15:57:27] [kredit][66]Emma_Stone kapott 1 bónusz kreditet (játszott óra)
[15:57:34] =====[ Játékos bejelentés érkezett ]=====
[15:57:34] Elkövetõ: [30]Markus_D_Zecchin | Bejelentõ: [38]Bryan_B_Hollywood
[15:57:34] Tett: {FFFF00}Lövöldözik trafizó rendõrre
[15:58:00] [kredit][54]Toth_Imre kapott 1 bónusz kreditet (játszott óra)
[15:59:40] [kredit][51]Paul_Escobar kapott 1 bónusz kreditet (játszott óra)
[16:00:23] Levy_B_Hollywood kórház jail ideje: 90 mp
[16:00:49] [kredit][75]Kiraly_Viktor kapott 1 bónusz kreditet (játszott óra)
[16:01:54] [kredit][20]Jason_Aciano kapott 1 bónusz kreditet (játszott óra)
[16:01:54] [kredit][32]Stefan_Berger kapott 1 bónusz kreditet (játszott óra)
[16:02:27] [kredit][22]Nelson_Washington kapott 1 bónusz kreditet (játszott óra)
[16:03:01] [kredit][30]Ryan_Lennox kapott 1 bónusz kreditet (játszott óra)
[16:04:40] [kredit][55]Robert_Scaletta kapott 1 bónusz kreditet (játszott óra)
[16:05:12] [kredit][21]Johan_B_Black kapott 1 bónusz kreditet (játszott óra)
[16:06:19] [kredit][28]Mark_Bishop kapott 1 bónusz kreditet (játszott óra)
[16:06:53] [kredit][17]Atsuya_D_Freeman kapott 1 bónusz kreditet (játszott óra)
[16:06:53] [kredit][26]Thomas_Berzerk kapott 1 bónusz kreditet (játszott óra)
[16:08:32] [kredit][19]Lesley_Antony kapott 1 bónusz kreditet (játszott óra)
[16:08:32] [kredit][71]Don_Sorrentino kapott 1 bónusz kreditet (játszott óra)
[16:10:10] [kredit][39]Mark_B_Hollywood kapott 1 bónusz kreditet (játszott óra)
[16:10:10] [kredit][40]Johny_Morales kapott 1 bónusz kreditet (játszott óra)
[16:11:05] Johan_B_Black kórház jail ideje: 90 mp
[16:11:16] Johan_B_Black kórház jail ideje: 81 mp
[16:11:57] [BOLTRABLÁS] Paul_Escobar boltot rabol, összesen 5-n vannak
[16:12:13] Thomas_Berzerk kórház jail ideje: 90 mp
[16:12:42] Paul_D_Cortez kórház jail ideje: 90 mp
[16:12:45] Mark_Bishop kórház jail ideje: 268 mp
[16:12:52] [kredit][47]Denny_Toretto kapott 1 bónusz kreditet (játszott óra)
[16:13:01] [BOLTRABLÁS] Paul_Escobar befejezte a boltrablást, 4-n maradtak, 5-n kezdték
[16:13:01] Paul_Escobar rabolt 4 emberrel, összeg: 576923Ft
[16:13:06] Hirdetés: Házat vennék! | Hirdetõ: Johny Morales | Tel: 9-521-720 [16:13]
[16:14:29] [kredit][44]Lewis_Alonso kapott 1 bónusz kreditet (játszott óra)
[16:15:34] [kredit][58]Travis_Dominguez kapott 1 bónusz kreditet (játszott óra)
[16:16:07] [kredit][45]Nico_Butler kapott 1 bónusz kreditet (játszott óra)
[16:16:07] [kredit][76]Daniel_Scaletta kapott 1 bónusz kreditet (játszott óra)
[16:16:48] Costa_Miles kórház jail ideje: 90 mp
[16:19:55] [kredit][46]Ryder_B_Dueno kapott 1 bónusz kreditet (játszott óra)
[16:19:55] [kredit][58]Stefan_D_Zecchin kapott 1 bónusz kreditet (játszott óra)
[16:23:47] [kredit][40]Lucio_Zecchin kapott 1 bónusz kreditet (játszott óra)
[16:24:19] [kredit][50]Brandon_Toretto kapott 1 bónusz kreditet (játszott óra)
[16:25:25] [kredit][79]Jason_O_Neill kapott 1 bónusz kreditet (játszott óra)
[16:27:03] [kredit][65]Max_Sorrentino kapott 1 bónusz kreditet (játszott óra)
[16:30:22] [kredit][70]Joker_Surenos kapott 1 bónusz kreditet (játszott óra)
[16:33:20] Alvilág: Fegyverek, lõszerek, ruhák eladók | Hirdetõ: Mester Csaba | Tel: 5-749-173 [16:33]
[16:38:06] Hirdetés: Bullet, Sultan cserélhetõ!Elõnyben:Shamal | Hirdetõ: Mester Csaba | Tel: 5-749-173 [16:38]
[16:38:29] Lesley_Antony kórház jail ideje: 90 mp
[16:38:46] [kredit][58]Henry_Tomasino kapott 1 bónusz kreditet (játszott óra)
[16:41:31] [kredit][37]Lorand_Vincenzo kapott 1 bónusz kreditet (játszott óra)
[16:41:40] Hirdetés: Bullet, Sultan cserélhetõ!Elõnyben:Shamal | Hirdetõ: Mester Csaba | Tel: 5-749-173 [16:41]
[16:42:04] [kredit][48]Bryan_B_Hollywood kapott 1 bónusz kreditet (játszott óra)
[16:42:04] [kredit][61]Kazuyoshi_Akira kapott 1 bónusz kreditet (játszott óra)
[16:42:10] =====[ Játékos bejelentés érkezett ]=====
[16:42:10] Elkövetõ: [41]Robert_Scaletta | Bejelentõ: [52]Chris_S_Black
[16:42:10] Tett: {FFFF00}Benzinkúton benzinszállító kamionra rálõtt 1et
[16:43:01] =====[ Játékos bejelentés érkezett ]=====
[16:43:01] Elkövetõ: [29]Freddie_B_Scaletta | Bejelentõ: [52]Chris_S_Black
[16:43:01] Tett: {FFFF00}NonRP-s vezetés + random elkezd lövöldözni a rendõrökre a benzinkúton
[16:43:43] [kredit][64]Norbert_N_Ortega kapott 1 bónusz kreditet (játszott óra)
[16:44:51] [kredit][72]Zero_Hopkins kapott 1 bónusz kreditet (játszott óra)
[16:44:52] [/csere kocsi1] - Darius_N_Ortega(491 - Enforcer) cserélt Norbert_N_Ortega(43 - FBITruck) -el kocsit.
[16:45:23] [kredit][33]Betty_O_Neill kapott 1 bónusz kreditet (játszott óra)
[16:45:23] [kredit][55]Valor_Colin kapott 1 bónusz kreditet (játszott óra)
[16:46:26] Hirdetés: Ház eladó  | Hirdetõ: Darius N Ortega | Tel: 8-878-070 [16:46]
[16:47:03] [kredit][43]Costa_Miles kapott 1 bónusz kreditet (játszott óra)
[16:47:55] [/csere kocsi1] - Darius_N_Ortega(43 - FBITruck) cserélt Norbert_N_Ortega(401 - Tractor) -el kocsit.
[16:48:18] [/alair kocsi] - Lucio_Zecchin vett Dave_R_Vincenzo -tõl egy NRG500 típusú jármûvet. 121 v-s rendszám, 7,999,999 Ft-ért
[16:48:42] [kredit][60]Dukai_Roland kapott 1 bónusz kreditet (játszott óra)
[16:50:22] [kredit][44]Blake_B_Salvatore kapott 1 bónusz kreditet (játszott óra)
[16:50:45] Hirdetés: Ház eladó garázzsal együtt | Hirdetõ: Matt Creed | Tel: 4-859-887 [16:50]
[16:50:55] [kredit][23]Jason_B_Hollywood kapott 1 bónusz kreditet (játszott óra)
[16:51:05] [/csere kocsi1] - Darius_N_Ortega(401 - Tractor) cserélt Norbert_N_Ortega(43 - FBITruck) -el kocsit.
[16:51:25] [/csere kocsi1] - Darius_N_Ortega(43 - FBITruck) cserélt Norbert_N_Ortega(401 - Tractor) -el kocsit.
[16:52:01] [kredit][32]John_Salivan kapott 1 bónusz kreditet (játszott óra)
[16:52:12] [/csere kocsi1] - Darius_N_Ortega(401 - Tractor) cserélt Norbert_N_Ortega(43 - FBITruck) -el kocsit.
[16:52:13] Hirdetés: Bureau of Alcohol and Tobacco(NAV) felvételt tart! Info:SMS ((Level 4)) | Hirdetõ: Travis Dominguez | Tel: 2-100-893 [16:52]
[16:52:34] [kredit][29]Freddie_B_Scaletta kapott 1 bónusz kreditet (játszott óra)
[16:52:34] [kredit][62]Paul_D_Cortez kapott 1 bónusz kreditet (játszott óra)
[16:52:48] [/csere kocsi1] - Darius_N_Ortega(43 - FBITruck) cserélt Norbert_N_Ortega(491 - Enforcer) -el kocsit.
[16:53:17] Adele_Scaletta kórház jail ideje: 210 mp
[16:53:22] Don_Sorrentino kórház jail ideje: 385 mp
[16:53:39] [kredit][36]Krist_Roscoe kapott 1 bónusz kreditet (játszott óra)
[16:54:45] [kredit][24]Joe_Wheeler kapott 1 bónusz kreditet (játszott óra)
[16:55:17] [kredit][49]Nagy_Richard kapott 1 bónusz kreditet (játszott óra)
[16:55:20] Mester_Csaba kórház jail ideje: 90 mp
[17:00:11] [kredit][53]Adele_Scaletta kapott 1 bónusz kreditet (játszott óra)
[17:00:38] Lesley_Antony kórház jail ideje: 90 mp
[17:01:16] [kredit][20]Doboska_Endre kapott 1 bónusz kreditet (játszott óra)
[17:01:48] [kredit][21]Bob_Kleiner kapott 1 bónusz kreditet (játszott óra)
[17:02:47] Hirdetés: Buerau of Alcohol and Tobacco(NAV) felvételt tart! Info:SMS ! ((Level4)) | Hirdetõ: Travis Dominguez | Tel: 2-100-893 [17:02]
[17:03:27] [kredit][59]Darius_N_Ortega kapott 1 bónusz kreditet (játszott óra)
[17:04:24] Alvilág: Material eladõ! | Hirdetõ: Joshue White | Tel: 4-989-824 [17:04]
[17:05:08] Alvilág: AK47 tipusú fegyver eladó 200 tölténnyel | Hirdetõ: Cristofer Francesko | Tel: 8-568-569 [17:05]
[17:07:16] [kredit][48]Connor_O_Neill kapott 1 bónusz kreditet (játszott óra)
[17:08:21] [kredit][31]Kiraly_Viktor kapott 1 bónusz kreditet (játszott óra)
[17:09:13] Alvilág: Material eladó! | Hirdetõ: Joshue White | Tel: 4-989-824 [17:09]
[17:09:26] [kredit][18]Mate_Richard kapott 1 bónusz kreditet (játszott óra)
[17:09:26] [kredit][45]Henrik_T_Scaletta kapott 1 bónusz kreditet (játszott óra)
[17:09:59] [kredit][22]Ryan_Lennox kapott 1 bónusz kreditet (játszott óra)
[17:12:44] [kredit][52]Bentner_K_White kapott 1 bónusz kreditet (játszott óra)
[17:13:17] [kredit][41]Robert_Scaletta kapott 1 bónusz kreditet (játszott óra)
[17:14:32] Alvilág: Material eladó! | Hirdetõ: Joshue White | Tel: 4-989-824 [17:14]
[17:15:28] [kredit][28]Tom_Mulex kapott 1 bónusz kreditet (játszott óra)
[17:15:28] [kredit][55]Matt_Creed kapott 1 bónusz kreditet (játszott óra)
[17:16:08] Alvilág: Drog eladó. | Hirdetõ: Usate Krukenberg | Tel: 6-027-510 [17:16]
[17:16:28] Hirdetés: Buerau of Alcohol and Tobacco(NAV) felvételt tart! Info:SMS ! ((Level4)) | Hirdetõ: Travis Dominguez | Tel: 2-100-893 [17:16]
[17:17:29] Denny_Toretto kórház jail ideje: 1228 mp
[17:18:14] [kredit][35]Nick_R_Wilson kapott 1 bónusz kreditet (játszott óra)
[17:18:47] [kredit][65]Shura_Sharma kapott 1 bónusz kreditet (játszott óra)
[17:19:10] [kredit][47]Diego_Aciano beváltott 10 kreditet -1 perc börtönidõért
[17:19:12] [kredit][47]Diego_Aciano beváltott 10 kreditet -1 perc börtönidõért
[17:19:14] [kredit][47]Diego_Aciano beváltott 10 kreditet -1 perc börtönidõért
[17:19:19] [kredit][30]Jimmy_Doherty kapott 1 bónusz kreditet (játszott óra)
[17:19:19] [kredit][47]Diego_Aciano kapott 1 bónusz kreditet (játszott óra)
[17:19:52] [kredit][25]Johny_Morales kapott 1 bónusz kreditet (játszott óra)
[17:20:19] [kredit][24]Joe_Wheeler beváltott 10 kreditet 50000Ftért
[17:20:23] [kredit][24]Joe_Wheeler beváltott 10 kreditet 50000Ftért
[17:20:25] [kredit][71]Nelson_Washington kapott 1 bónusz kreditet (játszott óra)
[17:21:31] [kredit][9]Dom_Aciano kapott 1 bónusz kreditet (játszott óra)
[17:22:47] Ekaterina_Kurae kórház jail ideje: 210 mp
[17:24:25] Hirdetés: Ház eladó!! | Hirdetõ: Darius N Ortega | Tel: 8-878-070 [17:24]
[17:24:49] [kredit][50]Markus_D_Zecchin kapott 1 bónusz kreditet (játszott óra)
[17:25:23] Ekaterina_Kurae LOGINkórház jail ideje: 173 mp
[17:25:24] Dave_R_Vincenzo kórház jail ideje: 630 mp
[17:26:37] Alvilág: mati és drog eladó | Hirdetõ: Bentner K White | Tel: 6-399-381 [17:26]
[17:26:51] Hirdetés: A kormány felvételt hirdet!Érd.:SMS | Hirdetõ: Ekaterina Kurae | Tel: 3-615-956 [17:26]
[17:27:55] Don_Sorrentino LOGINkórház jail ideje: 366 mp
[17:28:16] Hirdetés: Ház eladó!! | Hirdetõ: Darius N Ortega | Tel: 8-878-070 [17:28]
[17:28:18] Diaz_Freeman LOGINkórház jail ideje: 553 mp
[17:28:18] [kredit][58]Thomas_Berzerk kapott 1 bónusz kreditet (játszott óra)
[17:28:52] [kredit][20]Wolczyk_T_Sorrentino kapott 1 bónusz kreditet (játszott óra)
[17:29:05] Ventura_Zecchin kórház jail ideje: 210 mp
[17:29:35] Ekaterina_Kurae LOGINkórház jail ideje: 93 mp
[17:30:00] [kredit][72]Dave_R_Vincenzo kapott 1 bónusz kreditet (játszott óra)
[17:30:30] Alvilág: M4 et veszek' | Hirdetõ: Max D Freeman | Tel: 8-247-270 [17:30]
[17:32:13] [kredit][57]Mark_Bishop kapott 1 bónusz kreditet (játszott óra)
[17:33:21] [kredit][69]Lesley_Antony kapott 1 bónusz kreditet (játszott óra)
[17:33:35] Hirdetés: Eladó ház! | Hirdetõ: Daniel Sedin | Tel: 6-655-272 [17:33]
[17:33:54] [kredit][42]Brandon_Toretto kapott 1 bónusz kreditet (játszott óra)
[17:34:09] Hirdetés: Ház eladó! | Hirdetõ: Darius N Ortega | Tel: 8-878-070 [17:34]
[17:35:00] [kredit][70]Ryan_B_Mike kapott 1 bónusz kreditet (játszott óra)
[17:36:06] [kredit][63]Hajdu_Ubul kapott 1 bónusz kreditet (játszott óra)
[17:37:11] [kredit][46]Wyler_S_Tomasso kapott 1 bónusz kreditet (játszott óra)
[17:38:04] Krist_Roscoe kórház jail ideje: 90 mp
[17:38:51] [kredit][66]Joker_Creed kapott 1 bónusz kreditet (játszott óra)
[17:41:08] Hirdetés: Jarmuvet vennek! | Hirdetõ: Max D Freeman | Tel: 8-247-270 [17:41]
[17:42:08] Hirdetés: Sf-i GN-i Ház eladó! | Hirdetõ: Ryan B Mike | Tel: 2-455-296 [17:42]
[17:42:10] [kredit][49]Gyorgy_Boyka kapott 1 bónusz kreditet (játszott óra)
[17:42:10] [kredit][74]Denny_Toretto kapott 1 bónusz kreditet (játszott óra)
[17:42:42] [kredit][35]Max_D_Freeman kapott 1 bónusz kreditet (játszott óra)
[17:42:42] [kredit][84]Ekaterina_Kurae kapott 1 bónusz kreditet (játszott óra)
[17:43:05] [DEBUG] LSBANK vw állítás Volt vw 0| 
[17:43:07] Hirdetés: Sf-i GN-i Ház eladó! | Hirdetõ: Ryan B Mike | Tel: 2-455-296 [17:43]
[17:43:14] [kredit][37]Usate_Krukenberg kapott 1 bónusz kreditet (játszott óra)
[17:43:58] Hirdetés: Sf-i GN-i Ház eladó! | Hirdetõ: Ryan B Mike | Tel: 2-455-296 [17:43]
[17:45:01] Hirdetés: Sf-i GN-i Ház eladó! | Hirdetõ: Ryan B Mike | Tel: 2-455-296 [17:45]
[17:45:36] Hirdetés: Sf-i GN-i Ház eladó! | Hirdetõ: Ryan B Mike | Tel: 2-455-296 [17:45]
[17:46:07] [kredit][72]Steve_J_Sorrentino kapott 1 bónusz kreditet (játszott óra)
[17:46:11] Brandon_Toretto kórház jail ideje: 90 mp
[17:46:31] Hirdetés: A kormány felvételt tart!Érd.:SMS | Hirdetõ: Ekaterina Kurae | Tel: 3-615-956 [17:46]
[17:47:11] [kredit][41]Ryder_B_Dueno kapott 1 bónusz kreditet (játszott óra)
[17:48:53] [kredit][61]Kazuyoshi_Akira kapott 1 bónusz kreditet (játszott óra)
[17:49:55] Stefan_D_Zecchin kórház jail ideje: 119 mp
[17:50:14] [kredit][27]Freddie_B_Scaletta beváltott 10 kreditet 25g marihuanaért
[17:50:16] Henrik_T_Scaletta kórház jail ideje: 810 mp
[17:50:34] [kredit][64]Lucio_Zecchin kapott 1 bónusz kreditet (játszott óra)
[17:51:33] Hirdetés: Ház eladó! | Hirdetõ: Darius N Ortega | Tel: 8-878-070 [17:51]
[17:51:40] [kredit][18]Don_Sorrentino kapott 1 bónusz kreditet (játszott óra)
[17:52:39] Hirdetés: A kormány felvételt tart a városházán! | Hirdetõ: Ekaterina Kurae | Tel: 3-615-956 [17:52]
[17:52:45] [kredit][9]Max_Sorrentino kapott 1 bónusz kreditet (játszott óra)
[17:52:45] [kredit][51]James_Creed kapott 1 bónusz kreditet (játszott óra)
[17:54:25] [kredit][29]Kitty_Soprano kapott 1 bónusz kreditet (játszott óra)
[17:54:58] [kredit][39]Costa_Miles kapott 1 bónusz kreditet (játszott óra)
[17:54:58] [kredit][60]Zero_Hopkins kapott 1 bónusz kreditet (játszott óra)
[17:55:33] Max_Sorrentino kórház jail ideje: 90 mp
[17:56:36] Hirdetés: Ház eladó! | Hirdetõ: Darius N Ortega | Tel: 8-878-070 [17:56]
[17:57:44] [kredit][47]David_Sorrentino kapott 1 bónusz kreditet (játszott óra)
[17:58:24] Frank_Smatt LOGINkórház jail ideje: 1386 mp
[17:59:16] Hirdetés: Taxist Keresek! | Hirdetõ: David Toretto | Tel: 1-710-986 [17:59]
[18:00:31] [kredit][25]John_Salivan kapott 1 bónusz kreditet (játszott óra)
[18:01:37] [kredit][24]Joe_Wheeler kapott 1 bónusz kreditet (játszott óra)
[18:01:37] [kredit][27]Krist_Roscoe kapott 1 bónusz kreditet (játszott óra)
[18:02:10] [kredit][68]Kevin_S_Tomasso kapott 1 bónusz kreditet (játszott óra)
[18:02:14] [kredit][80]Nelson_Washington beváltott 10 kreditet 50g kokainért
[18:02:43] [kredit][19]Tom_Torres kapott 1 bónusz kreditet (játszott óra)
[18:04:46] Hirdetés: Taxist keresek! | Hirdetõ: David Toretto | Tel: 1-710-986 [18:04]
[18:04:55] [kredit][40]Dominic_Vincenzo kapott 1 bónusz kreditet (játszott óra)
[18:05:28] [kredit][46]Szekely_Klara kapott 1 bónusz kreditet (játszott óra)
[18:06:00] [kredit][28]Betty_O_Neill kapott 1 bónusz kreditet (játszott óra)
[18:06:33] [kredit][33]Freddie_B_Scaletta kapott 1 bónusz kreditet (játszott óra)
[18:06:33] [kredit][50]Stefan_Berger kapott 1 bónusz kreditet (játszott óra)
[18:07:07] [kredit][34]Horvath_Adrian kapott 1 bónusz kreditet (játszott óra)
[18:07:07] [kredit][49]Pekano_S_Barett kapott 1 bónusz kreditet (játszott óra)
[18:08:12] [kredit][55]Steven_B_Freeman kapott 1 bónusz kreditet (játszott óra)
[18:08:45] [kredit][78]Adele_Scaletta kapott 1 bónusz kreditet (játszott óra)
[18:09:18] [kredit][21]Bob_Kleiner kapott 1 bónusz kreditet (játszott óra)
[18:12:03] [kredit][57]George_B_Hollywood kapott 1 bónusz kreditet (játszott óra)
[18:13:10] [kredit][67]Joshue_White kapott 1 bónusz kreditet (játszott óra)
[18:13:52] [kredit][80]Nelson_Washington beváltott 10 kreditet 50g kokainért
[18:13:54] [kredit][80]Nelson_Washington beváltott 10 kreditet 50g kokainért
[18:15:23] [kredit][62]Daniel_Scaletta kapott 1 bónusz kreditet (játszott óra)
[18:15:23] [kredit][71]Edie_Morra kapott 1 bónusz kreditet (játszott óra)
[18:15:56] [kredit][31]Kiraly_Viktor kapott 1 bónusz kreditet (játszott óra)
[18:15:56] [kredit][70]Steve_Aoki kapott 1 bónusz kreditet (játszott óra)
[18:16:29] [kredit][53]Valor_Colin kapott 1 bónusz kreditet (játszott óra)
[18:17:03] [kredit][59]Ernesto_Surenos kapott 1 bónusz kreditet (játszott óra)
[18:18:47] Daniel_Sedin kórház jail ideje: 390 mp
[18:18:51] Freddie_B_Scaletta kórház jail ideje: 270 mp
[18:19:15] [kredit][56]Henrik_T_Scaletta kapott 1 bónusz kreditet (játszott óra)
[18:19:40] Don_Sorrentino LOGINkórház jail ideje: 90 mp
[18:19:42] [kredit][42]Matt_Creed kapott 3 bónusz kreditet (kincs)
[18:20:16] Hirdetés: Házat vennék | Hirdetõ: Edie Morra | Tel: 4-121-295 [18:20]
[18:20:22] [kredit][17]Peter_O_Martinez kapott 1 bónusz kreditet (játszott óra)
[18:20:22] [kredit][76]Mateusz_M_Walker kapott 1 bónusz kreditet (játszott óra)
[18:20:55] [kredit][63]Nagy_Richard kapott 1 bónusz kreditet (játszott óra)
[18:22:01] [kredit][85]Mate_Richard kapott 1 bónusz kreditet (játszott óra)
[18:22:16] Nico_Butler kórház jail ideje: 119 mp
[18:22:34] [kredit][26]Sergei_B_Dueno kapott 1 bónusz kreditet (játszott óra)
[18:22:34] [kredit][84]Stefan_D_Zecchin kapott 1 bónusz kreditet (játszott óra)
[18:23:40] [kredit][73]Darius_N_Ortega kapott 1 bónusz kreditet (játszott óra)
[18:26:26] [kredit][82]Nick_R_Wilson kapott 1 bónusz kreditet (játszott óra)
[18:28:06] [kredit][80]Nelson_Washington kapott 1 bónusz kreditet (játszott óra)
[18:28:39] [kredit][43]James_Aciano kapott 1 bónusz kreditet (játszott óra)
[18:29:44] [kredit][54]Harold_G_Freeman kapott 1 bónusz kreditet (játszott óra)
[18:30:17] [kredit][69]Levy_B_Hollywood kapott 1 bónusz kreditet (játszott óra)
[18:30:50] [kredit][18]Akos_Vincenzo kapott 1 bónusz kreditet (játszott óra)
[18:31:22] [kredit][20]Henrik_Sedin kapott 1 bónusz kreditet (játszott óra)
[18:34:05] [kredit][45]Fekete_Erik kapott 1 bónusz kreditet (játszott óra)
[18:34:39] [kredit][58]Thomas_Berzerk kapott 1 bónusz kreditet (játszott óra)
[18:34:39] [kredit][87]Shura_Sharma kapott 1 bónusz kreditet (játszott óra)
[18:36:14] [kredit][42]Matt_Creed kapott 3 bónusz kreditet (kincs)
[18:36:17] [kredit][67]Charlie_Leanders kapott 1 bónusz kreditet (játszott óra)
[18:37:23] [kredit][42]Matt_Creed kapott 1 bónusz kreditet (játszott óra)
[18:37:38] Tom_Torres kórház jail ideje: 930 mp
[18:37:55] [kredit][49]Raul_Butler kapott 1 bónusz kreditet (játszott óra)
[18:38:36] Hirdetés: 306-os ház eladó NAV mellett. | Hirdetõ: Krist Roscoe | Tel: 5-400-542 [18:38]
[18:39:52] =====[ Játékos bejelentés érkezett ]=====
[18:39:52] Elkövetõ: [52]Frank_Smatt | Bejelentõ: [64]Ekaterina_Kurae
[18:39:52] Tett: {FFFF00}/me /va hanyagolása
[18:40:41] [kredit][32]Thomas_Blackwell kapott 1 bónusz kreditet (játszott óra)
[18:41:17] Hirdetés: 306-os ház eladó 5 millióért Maddog's belsõvel! Elsõ SMSezõ kapja a házat! | Hirdetõ: Krist Roscoe | Tel: 5-400-542 [18:41]
[18:43:22] [/alair ház] - Henry_Tomasino vett Krist_Roscoe -tõl egy házat 306, 5,000,000 Ft-ért
[18:43:59] [kredit][93]Blake_B_Salvatore kapott 1 bónusz kreditet (játszott óra)
[18:45:04] [kredit][66]Joker_Creed kapott 1 bónusz kreditet (játszott óra)
[18:45:25] [/buyhouse] - Edie_Morra vett egy házat 164, 1 Ft-ért
[18:46:10] [kredit][30]Mark_Bishop kapott 1 bónusz kreditet (játszott óra)
[18:46:10] [kredit][89]Lesley_Antony kapott 1 bónusz kreditet (játszott óra)
[18:47:17] [kredit][23]Mark_B_Hollywood kapott 1 bónusz kreditet (játszott óra)
[18:47:17] [kredit][40]Nick_F_Gates kapott 1 bónusz kreditet (játszott óra)
[18:47:50] [kredit][51]Nico_Butler kapott 1 bónusz kreditet (játszott óra)
[18:48:16] [kredit][49]Raul_Butler beváltott 800 kreditet 1db prémiumpontért
[18:48:23] [kredit][28]Leon_Toretto kapott 1 bónusz kreditet (játszott óra)
[18:48:31] [ujmodel]Edie_Morra átlakaította 108 rendszámû 468 típusú kocsit 75-é. Tulaj: 
[18:48:55] [kredit][35]Max_D_Freeman kapott 1 bónusz kreditet (játszott óra)
[18:48:55] [kredit][38]Henry_Tomasino kapott 1 bónusz kreditet (játszott óra)
[18:49:20] [/buyhouse] - Krist_Roscoe vett egy házat 372, 1 Ft-ért
[18:49:28] [kredit][88]Cseh_Adam kapott 1 bónusz kreditet (játszott óra)
[18:50:34] [kredit][22]Keny_Eastwood kapott 1 bónusz kreditet (játszott óra)
[18:51:54] [/alair ppont] - Stefan_D_Zecchin vett Raul_Butler -tõl egy ppontott, 500,000 Ft-ért
[18:53:22] [kredit][65]Steve_J_Sorrentino kapott 1 bónusz kreditet (játszott óra)
[18:54:10] [kredit][25]Ryder_B_Dueno kapott 1 bónusz kreditet (játszott óra)
[18:54:10] [kredit][64]Ekaterina_Kurae kapott 1 bónusz kreditet (játszott óra)
[18:54:43] [kredit][18]Chris_S_Black kapott 1 bónusz kreditet (játszott óra)
[18:55:16] [kredit][61]Kazuyoshi_Akira kapott 1 bónusz kreditet (játszott óra)
[18:55:16] [kredit][86]Bentner_K_White kapott 1 bónusz kreditet (játszott óra)
[18:55:17] =====[ Játékos bejelentés érkezett ]=====
[18:55:17] Elkövetõ: [52]Frank_Smatt | Bejelentõ: [36]Brittney_Miles
[18:55:17] Tett: {FFFF00}elütöget
[18:55:49] [kredit][83]Diaz_Freeman kapott 1 bónusz kreditet (játszott óra)
[18:56:22] [kredit][72]Dave_R_Vincenzo kapott 1 bónusz kreditet (játszott óra)
[18:56:51] [ujmodel]Archie_B_Hollywood átlakaította 636 rendszámû 568 típusú kocsit 68-é. Tulaj: 
[18:56:58] [ujmodel]Archie_B_Hollywood átlakaította 771 rendszámû 549 típusú kocsit 75-é. Tulaj: 
[18:57:27] [kredit][7]Lucio_Zecchin kapott 1 bónusz kreditet (játszott óra)
[18:57:27] [kredit][36]Brittney_Miles kapott 1 bónusz kreditet (játszott óra)
[18:58:18] [ujmodel]Archie_B_Hollywood átlakaította 882 rendszámû 411 típusú kocsit 90-é. Tulaj: 
[18:58:33] [kredit][49]Norbert_N_Ortega kapott 1 bónusz kreditet (játszott óra)
[18:59:06] [kredit][78]Don_Sorrentino kapott 1 bónusz kreditet (játszott óra)
[18:59:29] [ujmodel]Archie_B_Hollywood átlakaította 667 rendszámû 542 típusú kocsit 65-é. Tulaj: 
[18:59:39] [kredit][73]Max_Sorrentino kapott 1 bónusz kreditet (játszott óra)
[18:59:46] [kredit][82]Krist_Roscoe kapott 3 bónusz kreditet (kincs)
[19:01:17] [kredit][39]Costa_Miles kapott 1 bónusz kreditet (játszott óra)
[19:01:59] Ventura_Zecchin LOGINkórház jail ideje: 149 mp
[19:04:00] [kredit][56]Zero_Hopkins kapott 1 bónusz kreditet (játszott óra)
[19:05:05] [/alair ppont] - Markus_D_Zecchin vett Stefan_D_Zecchin -tõl egy ppontott, 1,000,000 Ft-ért
[19:05:40] [kredit][44]David_Sorrentino kapott 1 bónusz kreditet (játszott óra)
[19:06:35] Hirdetés: United States Army Forces (Katonaság) toborzást tart a bázison! Érdeklõdés : SMS | Hirdetõ: Hizusu Zisiku | Tel: 1-838-413 [19:06]
[19:07:19] Hirdetés: Értékpapírt vennék!!! | Hirdetõ: Tom Torres | Tel: 6-454-363 [19:07]
[19:07:23] [kredit][79]Lorand_Vincenzo kapott 1 bónusz kreditet (játszott óra)
[19:09:02] [kredit][19]Tom_Torres kapott 1 bónusz kreditet (játszott óra)
[19:09:13] Hirdetés: Értékpapírt vennék!!! | Hirdetõ: Tom Torres | Tel: 6-454-363 [19:09]
[19:09:37] =====[ Játékos bejelentés érkezett ]=====
[19:09:37] Elkövetõ: [41]Lily_Miles | Bejelentõ: [40]Nick_F_Gates
[19:09:37] Tett: {FFFF00}CSak ugy ideteleportált (lehet lagg)
[19:10:48] [kredit][56]Zero_Hopkins beváltott 10 kreditet 50g kokainért
[19:11:24] Denaro_Brasco kórház jail ideje: 89 mp
[19:11:48] [kredit][46]Szekely_Klara kapott 1 bónusz kreditet (játszott óra)
[19:11:48] [kredit][82]Krist_Roscoe kapott 1 bónusz kreditet (játszott óra)
[19:11:56] [/v vesz] - James_Creed vett Tom_Torres -tõl egy Infernus típusú jármûvet. 553 v-s rendszám.
[19:12:08] Hirdetés: Infernus eladó | Hirdetõ: Kitty Soprano | Tel: 2-803-880 [19:12]
[19:12:27] [/v vásárol] - Tom_Torres megkapta az utalást 990,000 Ft.
[19:12:54] [kredit][50]Stefan_Berger kapott 1 bónusz kreditet (játszott óra)
[19:12:58] Nick_F_Gates kórház jail ideje: 626 mp
[19:13:27] [kredit][34]Horvath_Adrian kapott 1 bónusz kreditet (játszott óra)
[19:13:38] Hirdetés: Infernus eladó ! | Hirdetõ: Kitty Soprano | Tel: 2-803-880 [19:13]
[19:14:01] [kredit][31]Freddie_B_Scaletta kapott 1 bónusz kreditet (játszott óra)
[19:15:07] [kredit][85]Jimmy_Doherty kapott 1 bónusz kreditet (játszott óra)
[19:15:40] [kredit][70]James_Creed kapott 1 bónusz kreditet (játszott óra)
[19:16:47] [kredit][55]Adele_Scaletta kapott 1 bónusz kreditet (játszott óra)
[19:17:20] [kredit][24]Bryan_B_Hollywood kapott 1 bónusz kreditet (játszott óra)
[19:18:26] [kredit][57]George_B_Hollywood kapott 1 bónusz kreditet (játszott óra)
[19:19:31] Hirdetés: Comet eladó! | Hirdetõ: Johny Morales | Tel: 9-521-720 [19:19]
[19:21:13] [kredit][57]Tom_D_Wayne kapott 1 bónusz kreditet (játszott óra)
[19:21:46] [kredit][47]Markus_D_Zecchin kapott 1 bónusz kreditet (játszott óra)
[19:22:53] [kredit][41]Lily_Miles kapott 1 bónusz kreditet (játszott óra)
[19:23:26] [kredit][71]Usate_Krukenberg kapott 1 bónusz kreditet (játszott óra)
[19:23:30] [jármu átalakítás]Eredeti: 62 új 411 Tulaj: Kitty_Soprano, Rendszám: 861
[19:24:00] [kredit][77]Joshue_White kapott 1 bónusz kreditet (játszott óra)
[19:25:06] [kredit][31]Ernesto_Surenos kapott 1 bónusz kreditet (játszott óra)
[19:25:40] [kredit][42]Connor_O_Neill kapott 1 bónusz kreditet (játszott óra)
[19:26:13] [kredit][90]Ventura_Zecchin kapott 1 bónusz kreditet (játszott óra)
[19:26:46] [kredit][20]Kevin_S_Tomasso kapott 1 bónusz kreditet (játszott óra)
[19:27:57] [jármu átalakítás]Eredeti: 80 új 411 Tulaj: Ventura_Zecchin, Rendszám: 648
[19:30:04] [kredit][26]Sergei_B_Dueno kapott 1 bónusz kreditet (játszott óra)
[19:30:37] [kredit][32]David_Toretto kapott 1 bónusz kreditet (játszott óra)
[19:30:37] [kredit][76]Leone_S_Tomasso kapott 1 bónusz kreditet (játszott óra)
[19:32:13] Mester_Csaba LOGINkórház jail ideje: 81 mp
[19:32:17] [kredit][75]Darius_N_Ortega kapott 1 bónusz kreditet (játszott óra)
[19:33:27] [/csere biznisz] - Dolph_F_Gates(0) cserélt Nick_F_Gates(17) -el bizniszt.
[19:35:06] [kredit][43]James_Aciano kapott 1 bónusz kreditet (játszott óra)
[19:35:21] Hirdetés: 10-es számú benzinkút eladó 40 millióért! | Hirdetõ: Denny Toretto | Tel: 5-798-111 [19:35]
[19:35:38] [kredit][7]Nelson_Washington kapott 1 bónusz kreditet (játszott óra)
[19:35:38] [kredit][84]Oze_Roland kapott 1 bónusz kreditet (játszott óra)
[19:35:38] [kredit][89]Johny_Morales kapott 1 bónusz kreditet (játszott óra)
[19:36:13] Tom_D_Wayne kórház jail ideje: 90 mp
[19:36:25] Tom_D_Wayne kórház jail ideje: 81 mp
[19:37:17] [kredit][74]Archie_B_Hollywood kapott 1 bónusz kreditet (játszott óra)
[19:37:25] Hirdetés: A Grove Kocsma Pultosokat Keres! Erd.SMS | Hirdetõ: Nico Butler | Tel: 7-488-958 [19:37]
[19:37:45] Alvilág: Fegyver, lõszer, ruha eladó | Hirdetõ: Mester Csaba | Tel: 5-749-173 [19:37]
[19:37:50] [kredit][66]Dan_B_Hollywood kapott 1 bónusz kreditet (játszott óra)
[19:38:40] Hirdetés: A Grove Kocsma Pultosokat Keres! Erd.SMS | Hirdetõ: Nico Butler | Tel: 7-488-958 [19:38]
[19:40:03] [kredit][48]Brandon_Toretto kapott 1 bónusz kreditet (játszott óra)
[19:41:10] [kredit][35]Dominic_Vincenzo kapott 1 bónusz kreditet (játszott óra)
[19:41:43] [kredit][31]Daniel_Scaletta kapott 1 bónusz kreditet (játszott óra)
[19:42:16] [kredit][45]Thomas_Berzerk kapott 1 bónusz kreditet (játszott óra)
[19:42:49] [kredit][67]Charlie_Leanders kapott 1 bónusz kreditet (játszott óra)
[19:44:28] [kredit][27]Ryan_B_Mike kapott 1 bónusz kreditet (játszott óra)
[19:44:28] [kredit][38]Dukai_Roland kapott 1 bónusz kreditet (játszott óra)
[19:45:35] [kredit][42]Strong_D_Black kapott 1 bónusz kreditet (játszott óra)
[19:45:35] [kredit][59]Mester_Csaba kapott 1 bónusz kreditet (játszott óra)
[19:45:46] Alvilág: m4 lõszereket vennék | Hirdetõ: Steve Aoki | Tel: 4-906-401 [19:45]
[19:46:45] [kredit][7]Nelson_Washington kapott 9 bónusz kreditet (verseny)
[19:46:51] [kredit][32]Bent_Washington kapott 6 bónusz kreditet (verseny)
[19:46:52] [kredit][60]Martin_Washington kapott 3 bónusz kreditet (verseny)
[19:47:15] [kredit][21]Steve_Aoki kapott 1 bónusz kreditet (játszott óra)
[19:47:15] [kredit][58]Shura_Sharma kapott 1 bónusz kreditet (játszott óra)
[19:47:25] Denny_Toretto kórház jail ideje: 210 mp
[19:47:27] Brandon_Toretto kórház jail ideje: 90 mp
[19:47:48] [kredit][37]Denny_Toretto kapott 1 bónusz kreditet (játszott óra)
[19:47:48] [kredit][44]Damien_Creed kapott 1 bónusz kreditet (játszott óra)
[19:48:16] [/alair biznisz] - Ralf_S_Tomasso vett Nick_F_Gates -tõl egy ~r~Csirkes - A legjobb hely bizniszt, 500,000 Ft-ért
[19:48:22] [kredit][47]Darthy_M_Stillenacht kapott 1 bónusz kreditet (játszott óra)
[19:48:22] [kredit][85]Daniel_Sedin kapott 1 bónusz kreditet (játszott óra)
[19:50:34] [kredit][41]Krisztofer_Vincenzo kapott 1 bónusz kreditet (játszott óra)
[19:51:07] [kredit][87]Henrik_T_Scaletta kapott 1 bónusz kreditet (játszott óra)
[19:53:21] Hirdetés: A katonaság toborzást hirdet a városháza földszintjén 5 perc múlva | Hirdetõ: Kevin L Saltzman | Tel: 5-653-506 [19:53]
[19:53:53] [kredit][23]Mark_B_Hollywood kapott 1 bónusz kreditet (játszott óra)
[19:55:00] [kredit][57]Mark_Bishop kapott 1 bónusz kreditet (játszott óra)
[19:59:24] [kredit][37]Matt_Creed kapott 1 bónusz kreditet (játszott óra)
[19:59:58] [kredit][18]Wyler_S_Tomasso kapott 1 bónusz kreditet (játszott óra)
[20:02:28] Dave_R_Vincenzo kórház jail ideje: 90 mp
[20:02:44] [kredit][72]Dave_R_Vincenzo kapott 1 bónusz kreditet (játszott óra)
[20:02:44] [kredit][81]Cody_Aciano kapott 1 bónusz kreditet (játszott óra)
[20:03:51] [kredit][32]Kazuyoshi_Akira kapott 1 bónusz kreditet (játszott óra)
[20:03:52] Costa_Miles kórház jail ideje: 689 mp
[20:04:04] Hirdetés: Gn-i házamat cserélem egy másik Gn-ire+ráfizetek(minõségi külsõ érdekel). | Hirdetõ: Akos B Gates | Tel: 4-127-523 [20:04]
[20:04:24] [kredit][34]Kevin_L_Saltzman kapott 1 bónusz kreditet (játszott óra)
[20:04:57] [kredit][41]Ryder_B_Dueno kapott 1 bónusz kreditet (játszott óra)
[20:05:28] [Frakció jármû ellopása]Név: Ryder_B_Dueno Kocsi: 228
[20:05:30] [kredit][78]Don_Sorrentino kapott 1 bónusz kreditet (játszott óra)
[20:05:30] [kredit][80]Lucio_Zecchin kapott 1 bónusz kreditet (játszott óra)
[20:06:02] Lesley_Antony kórház jail ideje: 90 mp
[20:06:04] [kredit][42]Henry_Tomasino kapott 1 bónusz kreditet (játszott óra)
[20:06:04] [kredit][64]Rick_Aciano kapott 1 bónusz kreditet (játszott óra)
[20:06:37] [kredit][19]Bentner_K_White kapott 1 bónusz kreditet (játszott óra)
[20:06:37] [kredit][73]Max_Sorrentino kapott 1 bónusz kreditet (játszott óra)
[20:06:39] Yamato_Bosco kórház jail ideje: 89 mp
[20:07:10] [kredit][68]Alan_Black kapott 1 bónusz kreditet (játszott óra)
[20:08:49] [kredit][62]Akos_Vincenzo kapott 1 bónusz kreditet (játszott óra)
[20:09:23] [kredit][50]Mike_Scaletta kapott 1 bónusz kreditet (játszott óra)
[20:09:55] [kredit][35]Akos_B_Gates kapott 1 bónusz kreditet (játszott óra)
[20:10:28] [kredit][56]Zero_Hopkins kapott 1 bónusz kreditet (játszott óra)
[20:12:40] [kredit][92]Philip_Skipper kapott 1 bónusz kreditet (játszott óra)
[20:13:58] Hirdetés: VLA Baseball csapat felvételt tart!! | Hirdetõ: Tom Torres | Tel: 6-454-363 [20:13]
[20:14:11] Alvilág: Az Aztecas felvételt tart! | Hirdetõ: Tom Torres | Tel: 6-454-363 [20:14]
[20:14:18] [kredit][73]Joker_Creed kapott 1 bónusz kreditet (játszott óra)
[20:14:51] [kredit][9]Tom_Zecchin kapott 1 bónusz kreditet (játszott óra)
[20:16:33] Hirdetés: Házat, kocsit vennék! | Hirdetõ: Johny Morales | Tel: 9-521-720 [20:16]
[20:20:56] [kredit][63]Stefan_Berger kapott 1 bónusz kreditet (játszott óra)
[20:21:16] Hirdetés: A katonaság befejezte a felvételt | Hirdetõ: Kevin L Saltzman | Tel: 5-653-506 [20:21]
[20:21:30] [kredit][26]Freddie_B_Scaletta kapott 1 bónusz kreditet (játszott óra)
[20:21:30] [kredit][86]Horvath_Adrian kapott 1 bónusz kreditet (játszott óra)
[20:21:59] Hirdetés: Tûzoltóság felvételt hirdet!Érd.:SMS | Hirdetõ: Connor O Neill | Tel: 2-713-649 [20:21]
[20:22:03] [kredit][22]John_Kelin kapott 1 bónusz kreditet (játszott óra)
[20:23:42] [kredit][82]Norbert_N_Ortega kapott 1 bónusz kreditet (játszott óra)
[20:24:15] [kredit][27]Krist_Roscoe kapott 1 bónusz kreditet (játszott óra)
[20:25:41] [kredit][35]Akos_B_Gates beváltott 100 kreditet -11 perc börtönidõért
[20:26:36] Hirdetés: Eladó Fullos Premier , cserélem is ! | Hirdetõ: Henry Tomasino | Tel: 3-313-245 [20:26]
[20:29:27] Lucio_Zecchin kórház jail ideje: 1229 mp
[20:32:00] [kredit][33]Stefan_D_Zecchin kapott 1 bónusz kreditet (játszott óra)
[20:32:00] [kredit][44]Jin_Sorrentino kapott 1 bónusz kreditet (játszott óra)
[20:32:00] [kredit][46]Costa_Miles kapott 1 bónusz kreditet (játszott óra)
[20:32:06] Max_D_Freeman LOGINkórház jail ideje: 90 mp
[20:32:37] Hirdetés: Infernus eladó ! | Hirdetõ: Kitty Soprano | Tel: 2-803-880 [20:32]
[20:33:07] [kredit][20]Kevin_S_Tomasso kapott 1 bónusz kreditet (játszott óra)
[20:33:07] [kredit][39]Connor_O_Neill kapott 1 bónusz kreditet (játszott óra)
[20:34:14] [kredit][32]Tyler_Wish kapott 1 bónusz kreditet (játszott óra)
[20:35:20] [kredit][49]Georg_B_Hollywood kapott 1 bónusz kreditet (játszott óra)
[20:36:17] Hirdetés: Infernus eladó 53 millió | Hirdetõ: Kitty Soprano | Tel: 2-803-880 [20:36]
[20:36:56] Hirdetés: Jármûvet veszek!! | Hirdetõ: Charlie Leanders | Tel: 4-822-782 [20:36]
[20:37:00] [kredit][51]Mate_Richard kapott 1 bónusz kreditet (játszott óra)
[20:37:33] Hirdetés: Infi csere bullet ráfizetéssel | Hirdetõ: Kitty Soprano | Tel: 2-803-880 [20:37]
[20:38:08] [kredit][45]Lesley_Antony kapott 1 bónusz kreditet (játszott óra)
[20:38:37] Hirdetés: Jármûvet veszek olcsón!! | Hirdetõ: Charlie Leanders | Tel: 4-822-782 [20:38]
[20:38:41] [kredit][88]Tom_Torres kapott 1 bónusz kreditet (játszott óra)
[20:39:40] Lucio_Zecchin LOGINkórház jail ideje: 759 mp
[20:40:20] [kredit][70]Darius_N_Ortega kapott 1 bónusz kreditet (játszott óra)
[20:40:54] [kredit][47]Lorand_Vincenzo kapott 1 bónusz kreditet (játszott óra)
[20:41:27] [kredit][74]Kiraly_Viktor kapott 1 bónusz kreditet (játszott óra)
[20:42:00] [kredit][66]Wolczyk_T_Sorrentino kapott 1 bónusz kreditet (játszott óra)
[20:43:07] [kredit][37]Nelson_Washington kapott 1 bónusz kreditet (játszott óra)
[20:43:07] [kredit][38]James_D_Freeman kapott 1 bónusz kreditet (játszott óra)
[20:43:41] [kredit][52]Frank_Bianchi kapott 1 bónusz kreditet (játszott óra)
[20:44:14] [kredit][78]Frank_Cobain kapott 1 bónusz kreditet (játszott óra)
[20:45:13] Hirdetés: San Fierro Fire Department felvételt hirdet!Érd.:SMS | Hirdetõ: Connor O Neill | Tel: 2-713-649 [20:45]
[20:46:28] [kredit][17]Dan_B_Hollywood kapott 1 bónusz kreditet (játszott óra)
[20:46:28] [kredit][22]James_Aciano kapott 1 bónusz kreditet (játszott óra)
[20:48:40] [kredit][23]Tom_Mulex kapott 1 bónusz kreditet (játszott óra)
[20:49:13] [kredit][67]Charlie_Leanders kapott 1 bónusz kreditet (játszott óra)
[20:49:46] [kredit][25]Thomas_Berzerk kapott 1 bónusz kreditet (játszott óra)
[20:49:46] [kredit][72]Sergei_B_Dueno kapott 1 bónusz kreditet (játszott óra)
[20:50:20] [kredit][40]Johny_Morales kapott 1 bónusz kreditet (játszott óra)
[20:51:27] [BOLTRABLÁS] Nico_Butler boltot rabol, összesen 6-n vannak
[20:52:33] [BOLTRABLÁS] Nico_Butler befejezte a boltrablást, 5-n maradtak, 6-n kezdték
[20:52:33] Nico_Butler rabolt 5 emberrel, összeg: 882353Ft
[20:54:11] [kredit][44]Markus_D_Zecchin kapott 1 bónusz kreditet (játszott óra)
[20:54:16] Hirdetés: Ház eladó! | Hirdetõ: Darius N Ortega | Tel: 8-878-070 [20:54]
[20:54:55] Hirdetés: GN-i Ház eladó | Hirdetõ: Matt Creed | Tel: 4-859-887 [20:54]
[20:55:17] [kredit][21]Darthy_M_Stillenacht kapott 1 bónusz kreditet (játszott óra)
[20:55:23] =====[ Játékos bejelentés érkezett ]=====
[20:55:23] Elkövetõ: [45]Lesley_Antony | Bejelentõ: [9]Matthew_Carter
[20:55:23] Tett: {FFFF00}Non, autóval más autó ok nélküli zúzása
[20:56:24] [kredit][59]Leon_Toretto kapott 1 bónusz kreditet (játszott óra)
[20:58:03] [kredit][21]Dom_Wheeler kapott 1 bónusz kreditet (játszott óra)
[20:58:17] [BOLTRABLÁS] Nico_Butler boltot rabol, összesen 5-n vannak
[20:59:10] [kredit][46]David_Toretto kapott 1 bónusz kreditet (játszott óra)
[20:59:23] [BOLTRABLÁS] Nico_Butler befejezte a boltrablást, 5-n maradtak, 5-n kezdték
[20:59:23] Nico_Butler rabolt 5 emberrel, összeg: 882353Ft
[20:59:43] [kredit][19]Oze_Roland kapott 1 bónusz kreditet (játszott óra)
[20:59:49] Sergei_B_Dueno kórház jail ideje: 89 mp
[21:01:23] [kredit][57]Mark_Bishop kapott 1 bónusz kreditet (játszott óra)
[21:02:29] [kredit][36]Bob_Kleiner kapott 1 bónusz kreditet (játszott óra)
[21:02:29] [kredit][39]Paul_Escobar kapott 1 bónusz kreditet (játszott óra)
[21:03:02] [kredit][31]John_Salivan kapott 1 bónusz kreditet (játszott óra)
[21:03:10] Ryder_B_Dueno kórház jail ideje: 210 mp
[21:03:21] Tom_Mulex kórház jail ideje: 86 mp
[21:03:34] [/alair ház] - Rayle_Q_Dueno vett Dennis_Scaletta -tõl egy házat 185, 1,000,000 Ft-ért
[21:04:28] Tom_Mulex LOGINkórház jail ideje: 58 mp
[21:04:49] [/alair ppont] - Rayle_Q_Dueno vett Dennis_Scaletta -tõl egy ppontott, 1,000,000 Ft-ért
[21:05:06] [/alair ppont] - Rayle_Q_Dueno vett Dennis_Scaletta -tõl egy ppontott, 1,000,000 Ft-ért
[21:05:17] [/alair ppont] - Rayle_Q_Dueno vett Dennis_Scaletta -tõl egy ppontott, 1,000,000 Ft-ért
[21:05:25] [/alair ppont] - Rayle_Q_Dueno vett Dennis_Scaletta -tõl egy ppontott, 1,000,000 Ft-ért
[21:06:53] [/alair ház] - Dennis_Scaletta vett Rayle_Q_Dueno -tõl egy házat 185, 5,000,000 Ft-ért
[21:08:26] Hirdetés: FUllos ELegy cserélhetõ! | Hirdetõ: Mike Scaletta | Tel: 7-527-399 [21:08]
[21:08:31] [kredit][35]Ernesto_Surenos kapott 1 bónusz kreditet (játszott óra)
[21:09:04] [kredit][81]Cody_Aciano kapott 1 bónusz kreditet (játszott óra)
[21:12:21] [kredit][41]Ryder_B_Dueno kapott 1 bónusz kreditet (játszott óra)
[21:12:21] [kredit][42]Henry_Tomasino kapott 1 bónusz kreditet (játszott óra)
[21:12:21] [kredit][64]Rick_Aciano kapott 1 bónusz kreditet (játszott óra)
[21:14:32] [kredit][21]Pekano_S_Barett kapott 1 bónusz kreditet (játszott óra)
[21:15:06] [kredit][33]Gyorgy_Boyka kapott 1 bónusz kreditet (játszott óra)
[21:15:39] Steve_Aoki kórház jail ideje: 89 mp
[21:17:17] [kredit][45]Travis_Dominguez kapott 1 bónusz kreditet (játszott óra)
[21:17:17] [kredit][55]James_Creed kapott 1 bónusz kreditet (játszott óra)
[21:17:17] [kredit][56]Zero_Hopkins kapott 1 bónusz kreditet (játszott óra)
[21:18:56] [kredit][92]Philip_Skipper kapott 1 bónusz kreditet (játszott óra)
[21:20:13] Steve_Aoki LOGINkórház jail ideje: 52 mp
[21:21:06] [kredit][24]Dominic_Vincenzo kapott 1 bónusz kreditet (játszott óra)
[21:21:23] Hirdetés: Montgomery benzinkut eladó! (( 10-es kút )) | Hirdetõ: Levy B Hollywood | Tel: 1-755-115 [21:21]
[21:21:38] [kredit][58]Don_Sorrentino kapott 1 bónusz kreditet (játszott óra)
[21:23:43] Michael_Bradley LOGINkórház jail ideje: 90 mp
[21:24:21] [kredit][41]Edie_Morra kapott 1 bónusz kreditet (játszott óra)
[21:24:54] [kredit][40]Johan_B_Black kapott 1 bónusz kreditet (játszott óra)
[21:25:07] [BOLTRABLÁS] Paul_Escobar boltot rabol, összesen 5-n vannak
[21:25:37] Lucio_Zecchin LOGINkórház jail ideje: 349 mp
[21:27:04] [kredit][30]Akos_B_Gates kapott 1 bónusz kreditet (játszott óra)
[21:27:04] [kredit][63]Stefan_Berger kapott 1 bónusz kreditet (játszott óra)
[21:27:36] [kredit][64]Tom_Zecchin kapott 1 bónusz kreditet (játszott óra)
[21:27:36] [kredit][86]Horvath_Adrian kapott 1 bónusz kreditet (játszott óra)
[21:30:19] [kredit][54]John_B_Hollywood kapott 1 bónusz kreditet (játszott óra)
[21:30:29] [BOLTRABLÁS] Paul_Escobar befejezte a boltrablást, 5-n maradtak, 5-n kezdték
[21:30:29] Paul_Escobar rabolt 5 emberrel, összeg: 882353Ft
[21:30:37] Philip_Skipper kórház jail ideje: 90 mp
[21:31:04] Thomas_Berzerk kórház jail ideje: 330 mp
[21:31:07] Zero_Hopkins kórház jail ideje: 270 mp
[21:31:47] Tyler_Wish kórház jail ideje: 269 mp
[21:32:39] Stefan_Berger kórház jail ideje: 90 mp
[21:32:46] Tyler_Wish LOGINkórház jail ideje: 246 mp
[21:33:57] Stefan_Berger kórház jail ideje: 19 mp
[21:34:05] [kredit][28]Ryan_Lennox kapott 1 bónusz kreditet (játszott óra)
[21:34:17] Dan_B_Hollywood kórház jail ideje: 90 mp
[22:04:13] [kredit][16]Leone_S_Tomasso kapott 1 bónusz kreditet (játszott óra)
[22:12:33] [kredit][17]Damien_Creed kapott 1 bónusz kreditet (játszott óra)
[22:18:18] [kredit][0]Damien_Creed kapott 1 bónusz kreditet (játszott óra)
[22:19:20] [kredit][17]Ryan_Brasco kapott 1 bónusz kreditet (játszott óra)
[23:07:45] Ryan_Brasco LOGINkórház jail ideje: 90 mp
[23:34:52] Hirdetés: BUZI BUZI BUZI BUZI | Hirdetõ: Hitman
[23:41:57] Tyler_Wish LOGINkórház jail ideje: 171 mp
[23:46:32] Yamato_Bosco LOGINkórház jail ideje: 75 mp
[23:47:20] [kredit][27]Max_Sorrentino kapott 1 bónusz kreditet (játszott óra)
[23:47:52] [kredit][23]Tyler_Wish kapott 1 bónusz kreditet (játszott óra)
[23:48:55] [kredit][21]Amos_Toretto kapott 1 bónusz kreditet (játszott óra)
[23:49:27] [kredit][28]Zack_B_Zecchin kapott 1 bónusz kreditet (játszott óra)
[23:50:51] Dominic_Vincenzo kórház jail ideje: 90 mp
[23:52:41] [kredit][24]Costa_Miles kapott 1 bónusz kreditet (játszott óra)
[23:53:45] [kredit][37]Torres_Butler kapott 1 bónusz kreditet (játszott óra)
[23:53:46] Dominic_Vincenzo kórház jail ideje: 90 mp
[23:54:17] [kredit][25]Matt_Creed kapott 1 bónusz kreditet (játszott óra)
[23:56:55] Dominic_Vincenzo kórház jail ideje: 90 mp
[23:59:06] [kredit][16]Hizusu_Zisiku kapott 1 bónusz kreditet (játszott óra)
