[00:16:39] Marcell_O_Neill LOGINkórház jail ideje: 90 mp
[00:25:16] [kredit][19]Connor_O_Neill kapott 1 bónusz kreditet (játszott óra)
[00:28:53] [kredit][18]Patrik_O_Neill kapott 1 bónusz kreditet (játszott óra)
[00:36:25] Hirdetés: asdfjkléáe | Hirdetõ: Mike O Neill | Tel: 1-799 [00:36]
[00:36:55] Alvilág: asdfjkléáe | Hirdetõ: Mike O Neill | Tel: 1-799 [00:36]
[00:38:14] [kredit][17]Marcell_O_Neill kapott 1 bónusz kreditet (játszott óra)
[00:48:06] Dolph_F_Gates kórház jail ideje: 90 mp
[00:49:07] [kredit][20]Dolph_F_Gates kapott 1 bónusz kreditet (játszott óra)
[01:00:25] Marcell_O_Neill kórház jail ideje: 90 mp
[01:04:40] [kredit][0]Mike_O_Neill kapott 1 bónusz kreditet (játszott óra)
[01:07:00] Hirdetés: Tûzmeghajtású bojler papucsmaradékokkal kiadó. | Hirdetõ: Connor O Neill | Tel: 2-713-649 [01:07]
[01:08:15] Dolph_F_Gates kórház jail ideje: 270 mp
[01:09:19] [kredit][21]Michael_Franzese kapott 1 bónusz kreditet (játszott óra)
[01:27:27] [kredit][19]Connor_O_Neill kapott 1 bónusz kreditet (játszott óra)
[01:31:04] [kredit][18]Patrik_O_Neill kapott 1 bónusz kreditet (játszott óra)
[02:11:21] [kredit][21]Michael_Franzese kapott 1 bónusz kreditet (játszott óra)
[02:33:01] [kredit][18]Patrik_O_Neill kapott 1 bónusz kreditet (játszott óra)
[03:37:42] [kredit][0]Michael_Franzese kapott 1 bónusz kreditet (játszott óra)
[04:09:37] [kredit][17]Marcell_O_Neill kapott 1 bónusz kreditet (játszott óra)
[04:39:24] [kredit][0]Michael_Franzese kapott 1 bónusz kreditet (játszott óra)
[15:27:00] Marcell_O_Neill LOGINkórház jail ideje: 6 mp
[15:29:00] Jim_Cortez LOGINkórház jail ideje: 0 mp
[19:13:36] [kredit][18]Michael_Franzese kapott 1 bónusz kreditet (játszott óra)
[19:35:23] [kredit][16]Marcell_O_Neill kapott 1 bónusz kreditet (játszott óra)
[20:52:27] [kredit][18]Dolph_F_Gates kapott 1 bónusz kreditet (játszott óra)
[22:03:30] [kredit][21]Nelson_Washington kapott 1 bónusz kreditet (játszott óra)
[22:03:44] [kredit][26]Krisztofer_Vincenzo beváltott 500 kreditet 2875000Ftért
[22:03:50] [kredit][26]Krisztofer_Vincenzo beváltott 10 kreditet 50000Ftért
[22:03:52] [kredit][26]Krisztofer_Vincenzo beváltott 10 kreditet 50000Ftért
[22:03:56] [kredit][17]Henrik_T_Scaletta beváltott 100 kreditet 550000Ftért
[22:03:59] [kredit][17]Henrik_T_Scaletta beváltott 100 kreditet 550000Ftért
[22:04:03] [kredit][17]Henrik_T_Scaletta beváltott 100 kreditet 550000Ftért
[22:04:07] [kredit][17]Henrik_T_Scaletta beváltott 50 kreditet 262500Ftért
[22:04:20] [kredit][17]Henrik_T_Scaletta beváltott 10 kreditet 50000Ftért
[22:09:32] [kredit][33]Vito_Dawson kapott 1 bónusz kreditet (játszott óra)
[22:12:20] [ujmodel]Marcell_O_Neill átlakaította 518 rendszámû 557 típusú kocsit 78-é. Tulaj: 
[22:12:40] [ujmodel]Marcell_O_Neill átlakaította 518 rendszámû 556 típusú kocsit 78-é. Tulaj: 
[22:12:51] [kredit][27]Ralf_S_Tomasso kapott 1 bónusz kreditet (játszott óra)
[22:13:37] Mark_B_Hollywood LOGINkórház jail ideje: 67 mp
[22:14:31] [kredit][26]Krisztofer_Vincenzo kapott 1 bónusz kreditet (játszott óra)
[22:15:06] Kiraly_Viktor LOGINkórház jail ideje: 153 mp
[22:18:26] [kredit][36]Torres_Butler kapott 1 bónusz kreditet (játszott óra)
[22:19:39] Martin_B_Zecchin LOGINkórház jail ideje: 0 mp
[22:19:49] [kredit][49]Damien_Creed beváltott 500 kreditet 2875000Ftért
[22:27:45] [kredit][25]Michael_Franzese kapott 1 bónusz kreditet (játszott óra)
[22:28:18] [kredit][17]Henrik_T_Scaletta kapott 1 bónusz kreditet (játszott óra)
[22:29:09] [kredit][38]Stefan_D_Zecchin beváltott 100 kreditet 550000Ftért
[22:29:12] [kredit][38]Stefan_D_Zecchin beváltott 10 kreditet 40g heroinért
[22:29:19] [kredit][38]Stefan_D_Zecchin beváltott 100 kreditet 550000Ftért
[22:29:27] [kredit][38]Stefan_D_Zecchin beváltott 100 kreditet 550000Ftért
[22:29:31] [kredit][38]Stefan_D_Zecchin beváltott 50 kreditet 262500Ftért
[22:29:33] [kredit][38]Stefan_D_Zecchin beváltott 10 kreditet 50000Ftért
[22:29:34] [kredit][38]Stefan_D_Zecchin beváltott 10 kreditet 50000Ftért
[22:29:35] [BOLTRABLÁS] Damien_Creed boltot rabol, összesen 4-n vannak
[22:29:36] [kredit][38]Stefan_D_Zecchin beváltott 10 kreditet 50000Ftért
[22:29:59] [kredit][33]Martin_Washington kapott 1 bónusz kreditet (játszott óra)
[22:30:42] [BOLTRABLÁS] Damien_Creed befejezte a boltrablást, 2-n maradtak, 4-n kezdték
[22:30:42] Damien_Creed rabolt 2 emberrel, összeg: 148515$
[22:31:05] [kredit][28]Tom_Torres kapott 1 bónusz kreditet (játszott óra)
[22:32:12] [kredit][40]Damien_Creed kapott 1 bónusz kreditet (játszott óra)
[22:34:44] Damien_Creed kórház jail ideje: 90 mp
[22:36:38] [kredit][39]Matt_Creed kapott 1 bónusz kreditet (játszott óra)
[22:37:12] [kredit][16]Milinte_Brasco kapott 1 bónusz kreditet (játszott óra)
[22:37:12] [kredit][30]KrisT_Roscoe kapott 1 bónusz kreditet (játszott óra)
[22:38:37] [/v vesz] - Patrik_O_Neill vett Marcell_O_Neill -tõl egy MonsterB típusú jármûvet. 37 v-s rendszám.
[22:38:42] Aldo_B_Dueno kórház jail ideje: 90 mp
[22:39:58] [kredit][23]Marcell_O_Neill kapott 1 bónusz kreditet (játszott óra)
[22:44:11] [kredit][19]Mike_O_Neill kapott 1 bónusz kreditet (játszott óra)
[22:44:11] [kredit][31]Patrik_O_Neill kapott 1 bónusz kreditet (játszott óra)
[22:44:44] [kredit][32]Oliver_Ward kapott 1 bónusz kreditet (játszott óra)
[23:37:56] [kredit][21]Diego_Aciano kapott 1 bónusz kreditet (játszott óra)
[23:37:56] [kredit][24]Tyler_Wish kapott 1 bónusz kreditet (játszott óra)
[23:38:36] [/v vásárol] - Gyorgy_Boyka vett egy Nincs_Tulaj -tõl egy BlistaCompact típusú jármûvet. 22 v-s rendszám.
[23:38:36] [/v vásárol] - UID: 0 nem kapta meg az utalást, mentve az összeg: 6,930,000 Ft. Kocsi BlistaCompact
[23:42:20] [/buyhouse] - Marcell_O_Neill vett egy házat 3, 1 Ft-ért
[23:42:45] [kredit][22]Algernon_Youngmay kapott 1 bónusz kreditet (játszott óra)
[23:43:17] [kredit][20]Kevin_R_Sorrentino kapott 1 bónusz kreditet (játszott óra)
[23:44:21] [/buyhazgarazs] - Marcell_O_Neill vett egy garázst 1, 1 Ft-ért
[23:44:22] [kredit][37]Patrik_O_Neill kapott 1 bónusz kreditet (játszott óra)
[23:44:26] [/buyhazgarazs] - Marcell_O_Neill vett egy garázst 0, 1 Ft-ért
[23:45:58] [kredit][32]Steve_Aoki kapott 1 bónusz kreditet (játszott óra)
[23:46:43] [/v vásárol] - Michael_Faraday vett egy Nincs_Tulaj -tõl egy BlistaCompact típusú jármûvet. 23 v-s rendszám.
[23:46:43] [/v vásárol] - UID: 0 nem kapta meg az utalást, mentve az összeg: 6,930,000 Ft. Kocsi BlistaCompact
[23:47:35] [kredit][34]Connor_O_Neill kapott 1 bónusz kreditet (játszott óra)
[23:47:35] [kredit][39]Mike_O_Neill kapott 1 bónusz kreditet (játszott óra)
[23:50:18] [kredit][19]John_Rob kapott 1 bónusz kreditet (játszott óra)
[23:52:30] [kredit][31]Oberth_Andras kapott 1 bónusz kreditet (játszott óra)
[23:52:30] [kredit][33]Michael_Faraday kapott 1 bónusz kreditet (játszott óra)
[23:53:36] [/buyhouse] - Ralf_S_Tomasso vett egy házat 59, 900,000,000 Ft-ért
[23:57:28] [/buyhouse] - Patrik_O_Neill vett egy házat 21, 1 Ft-ért
[23:57:59] [/v vásárol] - Levy_B_Hollywood megkapta az utalást utolag nem volt online 8,910,000 Ft. Kocsi: Freeway
[23:57:59] [/v vásárol] - Levy_B_Hollywood megkapta az utalást utolag nem volt online 11,880,000 Ft. Kocsi: Boxvillde
[23:57:59] [/v vásárol] - Levy_B_Hollywood megkapta az utalást utolag nem volt online 13,860,000 Ft. Kocsi: NRG500
[23:58:11] [kredit][31]Oberth_Andras kapott 3 bónusz kreditet (kincs)
