[08:25:08] [kredit][17]Barney_Stinson kapott 1 bónusz kreditet (játszott óra)
[08:32:36] [ujmodel]William_W_Andrews átlakaította 758 rendszámû 410 típusú kocsit 78-é. Tulaj: 
[08:32:55] [/v vásárol] - Barney_Stinson vett egy Nincs_Tulaj -tõl egy Sanchez típusú jármûvet. 0 v-s rendszám.
[08:32:55] [/v vásárol] - UID: 0 nem kapta meg az utalást, mentve az összeg: 8,910,000 Ft. Kocsi Sanchez
[08:33:40] [/k vásárol] - UID: 0 nem kapta meg az utalást, mentve az összeg: 1,980,000 Ft. Kocsi Premier
[08:37:51] [/k vásárol] - UID: 0 nem kapta meg az utalást, mentve az összeg: 1,980,000 Ft. Kocsi Manana
[08:39:26] [/v vásárol] - Edie_Morra megkapta az utalást 1,980,000 Ft.
[08:40:09] [ujmodel]Barney_Stinson átlakaította 758 rendszámû 410 típusú kocsit 69-é. Tulaj: 
[08:43:21] [/v vásárol] - Barney_Stinson vett egy Nincs_Tulaj -tõl egy Sabre típusú jármûvet. 3 v-s rendszám.
[08:43:21] [/v vásárol] - UID: 0 nem kapta meg az utalást, mentve az összeg: 24,750,000 Ft. Kocsi Sabre
[08:58:26] Edie_Morra kórház jail ideje: 90 mp
[08:59:31] [kredit][18]Edie_Morra kapott 1 bónusz kreditet (játszott óra)
[09:09:24] Edie_Morra kórház jail ideje: 90 mp
[09:13:07] [kredit][16]William_W_Andrews kapott 1 bónusz kreditet (játszott óra)
[09:13:39] [kredit][19]Ralf_S_Tomasso kapott 1 bónusz kreditet (játszott óra)
[09:14:05] [/v vásárol] - Barney_Stinson vett egy Nincs_Tulaj -tõl egy Raindance típusú jármûvet. 27 v-s rendszám.
[09:14:05] [/v vásárol] - UID: 0 nem kapta meg az utalást, mentve az összeg: 138,600,000 Ft. Kocsi Raindance
[09:43:06] Milinte_Brasco kórház jail ideje: 270 mp
[09:49:00] [kredit][20]Barney_Stinson kapott 1 bónusz kreditet (játszott óra)
[09:52:47] [/k vásárol] - UID: 0 nem kapta meg az utalást, mentve az összeg: 59,400,000 Ft. Kocsi Sultan
[09:54:13] [/v vásárol] - Randy_Brasco vett egy Edie_Morra -tõl egy Sultan típusú jármûvet. 19 v-s rendszám.
[09:54:13] [/v vásárol] - Edie_Morra megkapta az utalást 59,400,000 Ft.
[09:54:16] [kredit][17]Milinte_Brasco kapott 1 bónusz kreditet (játszott óra)
[09:56:56] [/v vásárol] - Ralf_S_Tomasso vett egy Nincs_Tulaj -tõl egy Infernus típusú jármûvet. 23 v-s rendszám.
[09:56:56] [/v vásárol] - UID: 0 nem kapta meg az utalást, mentve az összeg: 79,200,000 Ft. Kocsi Infernus
[09:57:16] [/v vásárol] - Edie_Morra vett egy Nincs_Tulaj -tõl egy Freeway típusú jármûvet. 8 v-s rendszám.
[09:57:16] [/v vásárol] - UID: 0 nem kapta meg az utalást, mentve az összeg: 3,960,000 Ft. Kocsi Freeway
[10:02:06] [kredit][18]Edie_Morra kapott 1 bónusz kreditet (játszott óra)
[10:10:57] [kredit][19]Ralf_S_Tomasso kapott 9 bónusz kreditet (verseny)
[10:10:59] [kredit][17]Milinte_Brasco kapott 6 bónusz kreditet (verseny)
[10:12:20] [kredit][16]William_W_Andrews kapott 3 bónusz kreditet (verseny)
[10:13:43] [kredit][21]Randy_Brasco vett 5875 kreditet 500000000Ftért
[10:14:11] [kredit][21]Randy_Brasco beváltott 5480 kreditet 7db prémiumpontért
[10:16:07] [kredit][16]William_W_Andrews kapott 1 bónusz kreditet (játszott óra)
[10:16:07] [kredit][21]Randy_Brasco kapott 1 bónusz kreditet (játszott óra)
[10:23:54] Milinte_Brasco kórház jail ideje: 90 mp
[10:27:55] [/v vásárol] - Milinte_Brasco vett egy Nincs_Tulaj -tõl egy Infernus típusú jármûvet. 30 v-s rendszám.
[10:27:55] [/v vásárol] - UID: 0 nem kapta meg az utalást, mentve az összeg: 79,200,000 Ft. Kocsi Infernus
[10:34:01] Milinte_Brasco kórház jail ideje: 90 mp
[10:34:34] Randy_Brasco kórház jail ideje: 90 mp
[10:34:34] Edie_Morra kórház jail ideje: 270 mp
[10:44:45] Edie_Morra LOGINkórház jail ideje: 240 mp
[11:14:16] [kredit][18]Edie_Morra kapott 1 bónusz kreditet (játszott óra)
[11:21:06] [kredit][20]Tyler_Wish kapott 1 bónusz kreditet (játszott óra)
[11:30:34] [kredit][19]Dolph_F_Gates kapott 1 bónusz kreditet (játszott óra)
[11:36:19] [kredit][17]Mike_O_Neill kapott 1 bónusz kreditet (játszott óra)
[11:46:47] [kredit][16]Patrik_O_Neill kapott 1 bónusz kreditet (játszott óra)
[11:58:13] [kredit][21]William_W_Andrews kapott 1 bónusz kreditet (játszott óra)
[12:01:54] [kredit][22]Milinte_Brasco kapott 1 bónusz kreditet (játszott óra)
[12:17:00] [kredit][18]Edie_Morra kapott 1 bónusz kreditet (játszott óra)
[12:23:16] [kredit][17]Barney_Stinson kapott 1 bónusz kreditet (játszott óra)
[12:23:48] [kredit][20]Tyler_Wish kapott 1 bónusz kreditet (játszott óra)
[12:33:16] [kredit][19]Dolph_F_Gates kapott 1 bónusz kreditet (játszott óra)
[12:40:04] [kredit][16]Mike_O_Neill kapott 1 bónusz kreditet (játszott óra)
[13:00:59] [kredit][21]William_W_Andrews kapott 1 bónusz kreditet (játszott óra)
[13:19:44] [kredit][17]Patrik_O_Neill kapott 1 bónusz kreditet (játszott óra)
[13:19:44] [kredit][18]Edie_Morra kapott 1 bónusz kreditet (játszott óra)
[13:20:46] [kredit][22]Connor_O_Neill kapott 1 bónusz kreditet (játszott óra)
[13:26:32] [kredit][20]Tyler_Wish kapott 1 bónusz kreditet (játszott óra)
[13:42:47] [kredit][16]Mike_O_Neill kapott 1 bónusz kreditet (játszott óra)
[14:02:29] Hirdetés: asdasdasd-teszt | Hirdetõ: Mike O Neill | Tel: 1-799 [14:02]
[14:04:17] [kredit][19]Dolph_F_Gates kapott 1 bónusz kreditet (játszott óra)
[14:23:35] [kredit][18]Edie_Morra kapott 1 bónusz kreditet (játszott óra)
[14:29:23] [kredit][20]Tyler_Wish kapott 1 bónusz kreditet (játszott óra)
[14:45:31] [kredit][16]Mike_O_Neill kapott 1 bónusz kreditet (játszott óra)
[14:55:27] [kredit][20]Patrik_O_Neill kapott 1 bónusz kreditet (játszott óra)
[14:58:15] Dolph_F_Gates kórház jail ideje: 86 mp
[15:07:01] [kredit][19]Dolph_F_Gates kapott 1 bónusz kreditet (játszott óra)
[15:14:24] Barney_Stinson LOGINkórház jail ideje: 86 mp
[15:27:54] [/buyhouse] - William_W_Andrews vett egy házat 372, 1 Ft-ért
[15:30:53] Barney_Stinson kórház jail ideje: 90 mp
[15:45:59] [/v vásárol] - Edie_Morra vett egy Nincs_Tulaj -tõl egy Infernus típusú jármûvet. 31 v-s rendszám.
[15:45:59] [/v vásárol] - UID: 0 nem kapta meg az utalást, mentve az összeg: 79,200,000 Ft. Kocsi Infernus
[15:48:03] [kredit][19]Edie_Morra kapott 1 bónusz kreditet (játszott óra)
[15:56:04] Barney_Stinson LOGINkórház jail ideje: 82 mp
[15:57:51] Edie_Morra kórház jail ideje: 90 mp
[16:04:13] [kredit][16]Mike_O_Neill kapott 1 bónusz kreditet (játszott óra)
[16:08:23] [kredit][18]Patrik_O_Neill kapott 1 bónusz kreditet (játszott óra)
[16:28:53] Patrik_O_Neill kórház jail ideje: 690 mp
[16:29:02] Mike_O_Neill kórház jail ideje: 270 mp
[16:29:09] Edie_Morra kórház jail ideje: 90 mp
[16:29:12] Patrik_O_Neill kórház jail ideje: 672 mp
[16:29:25] Patrik_O_Neill kórház jail ideje: 660 mp
[16:33:18] Mike_O_Neill kórház jail ideje: 90 mp
[16:33:23] Patrik_O_Neill kórház jail ideje: 90 mp
[16:33:23] Edie_Morra kórház jail ideje: 90 mp
[16:33:26] Mike_O_Neill kórház jail ideje: 82 mp
[16:49:26] Mike_O_Neill kórház jail ideje: 90 mp
[19:25:48] Barney_Stinson LOGINkórház jail ideje: 90 mp
[19:36:51] [kredit][16]Barney_Stinson kapott 1 bónusz kreditet (játszott óra)
[20:38:38] [kredit][16]Barney_Stinson kapott 1 bónusz kreditet (játszott óra)
