[00:00:31] [kredit][34]Don_Sorrentino kapott 1 bónusz kreditet (játszott óra)
[00:01:03] [kredit][17]Bent_Washington kapott 1 bónusz kreditet (játszott óra)
[00:01:03] [kredit][44]Henrik_T_Scaletta kapott 1 bónusz kreditet (játszott óra)
[00:02:39] [kredit][20]Darius_N_Ortega kapott 1 bónusz kreditet (játszott óra)
[00:02:57] Hirdetés: Hosszantartó komoly, kapcsolatra keres nõ nemü személyt! | Hirdetõ: Ryan Lennox | Tel: 1-031-651 [00:02]
[00:03:12] [kredit][33]Nelson_Washington kapott 1 bónusz kreditet (játszott óra)
[00:03:12] [kredit][37]Daniel_Scaletta kapott 1 bónusz kreditet (játszott óra)
[00:05:52] [kredit][31]Ryan_Lennox kapott 1 bónusz kreditet (játszott óra)
[00:06:01] Hirdetés: Hosszantartó komoly kapcsolatra keresek nõ nemü személyt! | Hirdetõ: Ryan Lennox | Tel: 1-031-651 [00:06]
[00:09:04] [kredit][26]Aldo_B_Dueno kapott 1 bónusz kreditet (játszott óra)
[00:09:04] [kredit][39]Yamato_Bosco kapott 1 bónusz kreditet (játszott óra)
[00:10:09] Hirdetés: Hosszantartó komoly kapcsolatra keresek értelmes, inteligens hölgyet! | Hirdetõ: Ryan Lennox | Tel: 1-031-651 [00:10]
[00:10:40] [kredit][29]Harold_G_Freeman kapott 1 bónusz kreditet (játszott óra)
[00:10:51] Hirdetés: Hosszantartó komoly kapcsolatra keresek inteligens hölgyet! | Hirdetõ: Ryan Lennox | Tel: 1-031-651 [00:10]
[00:11:45] [kredit][30]Jason_Aciano kapott 1 bónusz kreditet (játszott óra)
[00:13:20] [kredit][27]Cseszka_R_Davidson kapott 1 bónusz kreditet (játszott óra)
[00:14:06] Cseszka_R_Davidson kórház jail ideje: 90 mp
[00:17:36] [kredit][19]Preston_R_Wilson kapott 1 bónusz kreditet (játszott óra)
[00:21:20] [kredit][21]Costa_Miles kapott 1 bónusz kreditet (játszott óra)
[00:23:59] [kredit][18]Krisztofer_Vincenzo kapott 1 bónusz kreditet (játszott óra)
[00:25:03] [kredit][22]Torres_Butler kapott 1 bónusz kreditet (játszott óra)
[00:26:07] [kredit][56]Norbert_N_Ortega kapott 1 bónusz kreditet (játszott óra)
[00:28:33] [BOLTRABLÁS] Dominic_Vincenzo boltot rabol, összesen 1-n vannak
[00:29:36] [BOLTRABLÁS] Dominic_Vincenzo befejezte a boltrablást, 1-n maradtak, 1-n kezdték
[00:29:36] Dominic_Vincenzo rabolt 1 emberrel, összeg: 37406Ft
[00:31:12] Alvilág: M4-eladõ!! | Hirdetõ: Tom Torres | Tel: 9-085-418 [00:31]
[00:32:58] [kredit][36]Jason_Toretto kapott 1 bónusz kreditet (játszott óra)
[00:33:20] Hirdetés: Comet eladó | Hirdetõ: Kevin R Sorrentino | Tel: 3-073-800 [00:33]
[00:34:24] Hirdetés: Comet eladó | Hirdetõ: Kevin R Sorrentino | Tel: 3-073-800 [00:34]
[00:35:00] [BOLTRABLÁS] Dominic_Vincenzo boltot rabol, összesen 2-n vannak
[00:35:04] [kredit][59]Patrik_O_Neill kapott 1 bónusz kreditet (játszott óra)
[00:36:03] [BOLTRABLÁS] Dominic_Vincenzo befejezte a boltrablást, 2-n maradtak, 2-n kezdték
[00:36:03] Dominic_Vincenzo rabolt 2 emberrel, összeg: 148515Ft
[00:39:07] Krisztofer_Vincenzo kórház jail ideje: 450 mp
[00:41:57] Yamato_Bosco kórház jail ideje: 450 mp
[00:42:00] Dominic_Vincenzo kórház jail ideje: 90 mp
[00:42:14] Marcell_O_Neill LOGINkórház jail ideje: 71 mp
[00:44:27] [ujmodel]Marcell_O_Neill átlakaította 987 rendszámû 557 típusú kocsit 78-é. Tulaj: 
[00:45:35] [kredit][24]Antonn_Fedorov kapott 1 bónusz kreditet (játszott óra)
[00:45:54] [ujmodel]Marcell_O_Neill átlakaította 643 rendszámû 411 típusú kocsit 80-é. Tulaj: 
[00:57:42] [/buyhouse] - Marcell_O_Neill vett egy házat 28, 0 Ft-ért
[00:59:45] [kredit][17]Tom_Torres kapott 1 bónusz kreditet (játszott óra)
[01:00:48] [kredit][19]Tyler_Wish kapott 1 bónusz kreditet (játszott óra)
[01:06:34] [kredit][20]Darius_N_Ortega kapott 1 bónusz kreditet (játszott óra)
[01:08:31] [/buyhouse] - Darius_N_Ortega vett egy házat 37, 0 Ft-ért
[01:12:20] [kredit][24]Elwood_JR_Sorrentino kapott 1 bónusz kreditet (játszott óra)
[01:12:20] [kredit][39]Yamato_Bosco kapott 1 bónusz kreditet (játszott óra)
[01:12:51] [kredit][22]Marcell_O_Neill kapott 1 bónusz kreditet (játszott óra)
[01:19:10] [kredit][27]David_Toretto kapott 1 bónusz kreditet (játszott óra)
[01:29:10] [kredit][56]Norbert_N_Ortega kapott 1 bónusz kreditet (játszott óra)
[01:29:45] [kredit][56]Norbert_N_Ortega beváltott 10 kreditet 300db materialért
[01:29:48] [kredit][56]Norbert_N_Ortega beváltott 10 kreditet 300db materialért
[01:31:49] Darius_N_Ortega kórház jail ideje: 90 mp
[01:32:14] Elwood_JR_Sorrentino LOGINkórház jail ideje: 90 mp
[01:40:44] [kredit][0]Patrik_O_Neill kapott 1 bónusz kreditet (játszott óra)
[01:40:44] [kredit][18]Milinte_Brasco kapott 1 bónusz kreditet (játszott óra)
[01:57:32] [kredit][23]Torres_Butler kapott 1 bónusz kreditet (játszott óra)
[01:58:32] [/csere kocsi1] - Tyler_Wish(258 - Tanker) cserélt Darius_N_Ortega(218 - TowTruck) -el kocsit.
[01:59:38] [kredit][17]Thomas_Davis kapott 1 bónusz kreditet (játszott óra)
[02:01:09] Darius_N_Ortega kórház jail ideje: 450 mp
[02:04:23] [kredit][19]Tyler_Wish kapott 1 bónusz kreditet (játszott óra)
[02:09:37] [kredit][20]Darius_N_Ortega kapott 1 bónusz kreditet (játszott óra)
[02:09:52] Elwood_JR_Sorrentino kórház jail ideje: 90 mp
[02:11:42] Torres_Butler LOGINkórház jail ideje: 90 mp
[02:15:56] [kredit][0]Yamato_Bosco kapott 1 bónusz kreditet (játszott óra)
[02:15:56] [kredit][22]Marcell_O_Neill kapott 1 bónusz kreditet (játszott óra)
[02:16:59] [kredit][21]Elwood_JR_Sorrentino kapott 1 bónusz kreditet (játszott óra)
[02:24:50] [kredit][25]Anthony_S_Carter kapott 1 bónusz kreditet (játszott óra)
[02:32:10] [kredit][56]Norbert_N_Ortega kapott 1 bónusz kreditet (játszott óra)
[02:32:12] [BOLTRABLÁS] Torres_Butler boltot rabol, összesen 1-n vannak
[02:33:15] [BOLTRABLÁS] Torres_Butler befejezte a boltrablást, 1-n maradtak, 1-n kezdték
[02:33:15] Torres_Butler rabolt 1 emberrel, összeg: 37406Ft
[02:39:36] [BOLTRABLÁS] Torres_Butler boltot rabol, összesen 2-n vannak
[02:40:39] [BOLTRABLÁS] Torres_Butler befejezte a boltrablást, 2-n maradtak, 2-n kezdték
[02:40:39] Torres_Butler rabolt 2 emberrel, összeg: 148515Ft
[02:45:59] [BOLTRABLÁS] Torres_Butler boltot rabol, összesen 2-n vannak
[02:47:01] [BOLTRABLÁS] Torres_Butler befejezte a boltrablást, 2-n maradtak, 2-n kezdték
[02:47:01] Torres_Butler rabolt 2 emberrel, összeg: 148515Ft
[02:50:22] Marcell_O_Neill kórház jail ideje: 389 mp
[02:50:58] Milinte_Brasco kórház jail ideje: 90 mp
[02:51:08] Torres_Butler kórház jail ideje: 90 mp
[02:52:21] Marcell_O_Neill LOGINkórház jail ideje: 360 mp
[02:54:33] [kredit][0]Milinte_Brasco kapott 1 bónusz kreditet (játszott óra)
[02:58:12] Marcell_O_Neill kórház jail ideje: 90 mp
[03:01:18] [kredit][23]Torres_Butler kapott 1 bónusz kreditet (játszott óra)
[03:34:30] [kredit][56]Norbert_N_Ortega kapott 1 bónusz kreditet (játszott óra)
[03:37:05] [kredit][0]Darius_N_Ortega kapott 1 bónusz kreditet (játszott óra)
[03:37:55] Marcell_O_Neill LOGINkórház jail ideje: 87 mp
[04:36:46] [kredit][56]Norbert_N_Ortega kapott 1 bónusz kreditet (játszott óra)
[04:39:22] [kredit][0]Darius_N_Ortega kapott 1 bónusz kreditet (játszott óra)
[06:45:05] [kredit][0]Peter_O_Martinez kapott 1 bónusz kreditet (játszott óra)
[08:19:50] [kredit][17]Aldo_B_Dueno kapott 1 bónusz kreditet (játszott óra)
[08:20:53] [kredit][18]Atsuya_D_Freeman kapott 1 bónusz kreditet (játszott óra)
[08:25:33] [kredit][22]Travis_Dominguez kapott 1 bónusz kreditet (játszott óra)
[08:40:14] [kredit][21]Taylor_Bence kapott 1 bónusz kreditet (játszott óra)
[08:40:14] [kredit][25]Toth_Martin kapott 1 bónusz kreditet (játszott óra)
[08:42:51] [kredit][0]Max_D_Freeman kapott 1 bónusz kreditet (játszott óra)
[08:42:51] [kredit][24]Blake_Browns kapott 1 bónusz kreditet (játszott óra)
[08:46:31] [kredit][26]Jerry_Hooward kapott 1 bónusz kreditet (játszott óra)
[08:52:14] [kredit][19]Norbert_N_Ortega kapott 1 bónusz kreditet (játszott óra)
[08:53:17] [kredit][20]Betty_O_Neill kapott 1 bónusz kreditet (játszott óra)
[08:53:39] [kredit][21]Stefan_Berger beváltott 10 kreditet 300db materialért
[08:56:57] [kredit][22]Darius_N_Ortega kapott 1 bónusz kreditet (játszott óra)
[09:03:22] [kredit][26]Jimmy_Doherty kapott 1 bónusz kreditet (játszott óra)
[09:08:35] [/buyhouse] - Max_D_Freeman vett egy házat 34, 0 Ft-ért
[09:10:13] [kredit][32]Richard_N_Ortega kapott 1 bónusz kreditet (játszott óra)
[09:17:03] [kredit][31]Mate_Richard kapott 1 bónusz kreditet (játszott óra)
[09:19:59] [Saját jármû feltörése]Név: Stefan_Berger Kocsi: 625
[09:24:49] Atsuya_D_Freeman kórház jail ideje: 90 mp
[09:28:34] [kredit][17]Stefan_Berger kapott 1 bónusz kreditet (játszott óra)
[09:30:40] [kredit][0]Travis_Dominguez kapott 1 bónusz kreditet (játszott óra)
[09:36:28] [kredit][31]Daniel_Sedin kapott 1 bónusz kreditet (játszott óra)
[09:40:10] Hirdetés: Házat vennék! | Hirdetõ: Daniel Sedin | Tel: 4-123-820 [09:40]
[09:43:21] [kredit][21]Patrick_Zecchin kapott 1 bónusz kreditet (játszott óra)
[09:53:14] Michael_Faraday kórház jail ideje: 90 mp
[09:54:24] [kredit][24]Victor_Jr_Zecchin kapott 1 bónusz kreditet (játszott óra)
[09:55:28] [kredit][19]Norbert_N_Ortega kapott 1 bónusz kreditet (játszott óra)
[09:55:28] [kredit][37]Kevin_R_Sorrentino kapott 1 bónusz kreditet (játszott óra)
[09:58:29] Atsuya_D_Freeman kórház jail ideje: 90 mp
[09:58:31] Jason_Aciano kórház jail ideje: 90 mp
[10:01:16] [kredit][22]Darius_N_Ortega kapott 1 bónusz kreditet (játszott óra)
[10:03:22] [kredit][18]Atsuya_D_Freeman kapott 1 bónusz kreditet (játszott óra)
[10:03:54] [kredit][23]Leone_S_Tomasso kapott 1 bónusz kreditet (játszott óra)
[10:06:31] [kredit][25]Valor_Colin kapott 1 bónusz kreditet (játszott óra)
[10:06:31] [kredit][26]Jimmy_Doherty kapott 1 bónusz kreditet (játszott óra)
[10:07:03] [kredit][24]Nick_R_Wilson kapott 1 bónusz kreditet (játszott óra)
[10:11:44] Dwight_Teedog kórház jail ideje: 89 mp
[10:13:22] [kredit][22]Kazuyoshi_Akira kapott 1 bónusz kreditet (játszott óra)
[10:14:49] Hirdetés: Comet eladó | Hirdetõ: Kevin R Sorrentino | Tel: 3-073-800 [10:14]
[10:16:31] [kredit][17]Toth_Martin kapott 1 bónusz kreditet (játszott óra)
[10:20:46] [kredit][27]Bryan_B_Hollywood kapott 1 bónusz kreditet (játszott óra)
[10:23:24] [kredit][35]Jason_Aciano kapott 1 bónusz kreditet (játszott óra)
[10:31:04] Hirdetés: Comet eladó | Hirdetõ: Kevin R Sorrentino | Tel: 3-073-800 [10:31]
[10:31:43] Henrik_Sedin kórház jail ideje: 90 mp
[10:32:23] [kredit][34]Krist_Roscoe kapott 1 bónusz kreditet (játszott óra)
[10:35:05] Matt_Creed kórház jail ideje: 90 mp
[10:37:39] [kredit][38]John_Salivan kapott 1 bónusz kreditet (játszott óra)
[10:39:46] [kredit][27]Max_D_Freeman kapott 1 bónusz kreditet (játszott óra)
[10:45:06] [kredit][33]Daniel_Sedin kapott 1 bónusz kreditet (játszott óra)
[10:46:10] [kredit][28]Mate_Richard kapott 1 bónusz kreditet (játszott óra)
[10:47:46] [kredit][19]Stefan_Berger kapott 1 bónusz kreditet (játszott óra)
[10:47:46] [kredit][30]Henrik_Sedin kapott 1 bónusz kreditet (játszott óra)
[10:52:34] [kredit][43]Blake_Browns kapott 1 bónusz kreditet (játszott óra)
[10:54:42] [kredit][20]Patrick_Zecchin kapott 1 bónusz kreditet (játszott óra)
[10:58:27] [kredit][50]Dominic_Vincenzo kapott 1 bónusz kreditet (játszott óra)
[11:00:53] Hirdetés: Saviem elado | Hirdetõ: Henrik Sedin | Tel: 9-359-147 [11:00]
[11:03:48] [kredit][31]Chris_S_Black kapott 1 bónusz kreditet (játszott óra)
[11:06:29] [kredit][36]Matt_Creed kapott 1 bónusz kreditet (játszott óra)
[11:07:01] [kredit][18]Atsuya_D_Freeman kapott 1 bónusz kreditet (játszott óra)
[11:08:37] [kredit][33]Kevin_S_Tomasso kapott 1 bónusz kreditet (játszott óra)
[11:08:57] Hirdetés: legális Értékapír eladó. | Hirdetõ: Matt Creed | Tel: 4-859-887 [11:08]
[11:10:13] [kredit][25]Valor_Colin kapott 1 bónusz kreditet (játszott óra)
[11:10:23] Hirdetés: A szerelõk Zrt. felvételt tart a központi irodában! | Hirdetõ: Denny Toretto | Tel: 7-823-164 [11:10]
[11:11:50] [kredit][49]Alex_Nobel kapott 1 bónusz kreditet (játszott óra)
[11:14:31] [kredit][24]Victor_Jr_Zecchin kapott 1 bónusz kreditet (játszott óra)
[11:14:31] [kredit][26]Paul_D_Cortez kapott 1 bónusz kreditet (játszott óra)
[11:15:36] [kredit][41]Aldo_B_Dueno kapott 1 bónusz kreditet (játszott óra)
[11:16:41] [kredit][0]Ralf_S_Tomasso kapott 1 bónusz kreditet (játszott óra)
[11:17:14] [kredit][22]Kazuyoshi_Akira kapott 1 bónusz kreditet (játszott óra)
[11:17:14] [kredit][40]Kiraly_Viktor kapott 1 bónusz kreditet (játszott óra)
[11:19:23] [kredit][42]Kevin_Whers kapott 1 bónusz kreditet (játszott óra)
[11:19:55] [kredit][19]Bentner_K_White kapott 1 bónusz kreditet (játszott óra)
[11:20:28] [kredit][17]Toth_Martin kapott 1 bónusz kreditet (játszott óra)
[11:24:15] [kredit][37]Sergei_B_Dueno kapott 1 bónusz kreditet (játszott óra)
[11:24:27] [Frakció jármû ellopása]Név: Valor_Colin Kocsi: 996
[11:24:48] [kredit][39]Leone_S_Tomasso kapott 1 bónusz kreditet (játszott óra)
[11:26:46] Leone_S_Tomasso kórház jail ideje: 450 mp
[11:27:07] Leone_S_Tomasso kórház jail ideje: 434 mp
[11:27:14] Leone_S_Tomasso kórház jail ideje: 429 mp
[11:28:04] [kredit][35]Jason_Aciano kapott 1 bónusz kreditet (játszott óra)
[11:28:04] [kredit][48]Tom_D_Wayne kapott 1 bónusz kreditet (játszott óra)
[11:30:42] [kredit][55]Gaspar_David kapott 1 bónusz kreditet (játszott óra)
[11:31:46] [kredit][31]Thomas_Davis kapott 1 bónusz kreditet (játszott óra)
[11:32:42] Hirdetés: Robogót vennék | Hirdetõ: Rock P DImitriev | Tel: 9-024-147 [11:32]
[11:32:51] [kredit][59]Dave_Stone kapott 1 bónusz kreditet (játszott óra)
[11:33:11] [kredit][59]Dave_Stone beváltott 50 kreditet 262500Ftért
[11:35:01] [kredit][42]Cristofer_Francesko kapott 1 bónusz kreditet (játszott óra)
[11:35:33] [kredit][21]Vito_D_Brasco kapott 1 bónusz kreditet (játszott óra)
[11:35:33] [kredit][44]Tyler_Wish kapott 1 bónusz kreditet (játszott óra)
[11:37:11] [kredit][22]Taylor_Bence kapott 1 bónusz kreditet (játszott óra)
[11:37:11] [kredit][31]Ryan_Lennox kapott 1 bónusz kreditet (játszott óra)
[11:37:11] [kredit][57]Don_Sorrentino kapott 1 bónusz kreditet (játszott óra)
[11:38:16] [kredit][32]Krist_Roscoe kapott 1 bónusz kreditet (játszott óra)
[11:39:20] [kredit][20]Shura_Sharma kapott 1 bónusz kreditet (játszott óra)
[11:39:52] [kredit][45]Fekete_Erik kapott 1 bónusz kreditet (játszott óra)
[11:42:01] [kredit][53]Earl_Fooster kapott 1 bónusz kreditet (játszott óra)
[11:43:38] [kredit][46]Marcel_B_Hollywood kapott 1 bónusz kreditet (játszott óra)
[11:43:46] Taylor_Bence kórház jail ideje: 90 mp
[11:44:04] Hirdetés: Boxville eladó! | Hirdetõ: Steve J Sorrentino | Tel: 6-989-458 [11:44]
[11:44:11] [kredit][27]Max_D_Freeman kapott 1 bónusz kreditet (játszott óra)
[11:44:17] Jerry_Hooward LOGINkórház jail ideje: 90 mp
[11:44:28] Atsuya_D_Freeman kórház jail ideje: 89 mp
[11:49:04] [kredit][47]Cody_Aciano kapott 1 bónusz kreditet (játszott óra)
[11:49:36] [kredit][67]Kevin_R_Sorrentino kapott 1 bónusz kreditet (játszott óra)
[11:50:41] [kredit][65]Usate_Krukenberg kapott 1 bónusz kreditet (játszott óra)
[11:51:47] [kredit][39]Mate_Richard kapott 1 bónusz kreditet (játszott óra)
[11:52:36] =====[ Játékos bejelentés érkezett ]=====
[11:52:36] Elkövetõ: [39]Mate_Richard | Bejelentõ: [69]Toth_Martin
[11:52:36] Tett: {FFFF00}szerelõ dutyba almát szedeget?:D
[11:52:52] Hirdetés: Egy finom pizzára vágynak? Látogassanak el a PizzaHut-ba!((/gps pizzahut)) | Hirdetõ: Emma Stone | Tel: 5-853-812 [11:52]
[11:53:24] [kredit][66]Emma_Stone kapott 1 bónusz kreditet (játszott óra)
[11:54:30] [kredit][35]James_Creed kapott 1 bónusz kreditet (játszott óra)
[11:56:39] [kredit][59]Nick_Vitale kapott 1 bónusz kreditet (játszott óra)
[11:58:15] [kredit][51]Doboska_Endre kapott 1 bónusz kreditet (játszott óra)
[11:59:55] [kredit][71]Joe_Walker kapott 1 bónusz kreditet (játszott óra)
[12:00:28] [kredit][52]Patrick_Zecchin kapott 1 bónusz kreditet (játszott óra)
[12:04:04] =====[ Játékos bejelentés érkezett ]=====
[12:04:04] Elkövetõ: [39]Lucio_Zecchin | Bejelentõ: [67]Kevin_R_Sorrentino
[12:04:04] Tett: {FFFF00}belém escel..
[12:05:40] Kevin_R_Sorrentino kórház jail ideje: 630 mp
[12:05:48] Rock_P_DImitriev kórház jail ideje: 90 mp
[12:08:35] [kredit][49]Tom_Camorra kapott 1 bónusz kreditet (játszott óra)
[12:09:40] [kredit][73]Jin_Sorrentino kapott 1 bónusz kreditet (játszott óra)
[12:10:46] [kredit][36]Robert_Scaletta kapott 1 bónusz kreditet (játszott óra)
[12:12:24] [kredit][37]Horvath_Adrian kapott 1 bónusz kreditet (játszott óra)
[12:12:24] [kredit][60]Nelson_Washington kapott 1 bónusz kreditet (játszott óra)
[12:12:56] [kredit][17]Matt_Creed kapott 1 bónusz kreditet (játszott óra)
[12:12:56] [kredit][18]Atsuya_D_Freeman kapott 1 bónusz kreditet (játszott óra)
[12:12:57] Nelson_Washington kórház jail ideje: 270 mp
[12:14:01] [kredit][33]Kevin_S_Tomasso kapott 1 bónusz kreditet (játszott óra)
[12:15:07] [kredit][50]Rick_Aciano kapott 1 bónusz kreditet (játszott óra)
[12:15:07] [kredit][62]Rock_P_DImitriev kapott 1 bónusz kreditet (játszott óra)
[12:15:40] [kredit][25]Valor_Colin kapott 1 bónusz kreditet (játszott óra)
[12:15:40] [kredit][59]Costa_Miles kapott 1 bónusz kreditet (játszott óra)
[12:17:17] [kredit][29]Thomas_Berzerk kapott 1 bónusz kreditet (játszott óra)
[12:17:49] [kredit][41]Dave_R_Vincenzo kapott 1 bónusz kreditet (játszott óra)
[12:19:29] Jin_Sorrentino kórház jail ideje: 90 mp
[12:19:30] Jin_Sorrentino kórház jail ideje: 89 mp
[12:19:59] [kredit][24]Victor_Jr_Zecchin kapott 1 bónusz kreditet (játszott óra)
[12:20:08] Patrick_Zecchin kórház jail ideje: 1530 mp
[12:20:16] Krisztofer_Vincenzo kórház jail ideje: 869 mp
[12:20:31] [kredit][22]Mark_Bishop kapott 1 bónusz kreditet (játszott óra)
[12:22:07] [kredit][0]Ralf_S_Tomasso kapott 1 bónusz kreditet (játszott óra)
[12:22:40] Dominic_Vincenzo kórház jail ideje: 90 mp
[12:22:40] [kredit][56]Dominic_Vincenzo kapott 1 bónusz kreditet (játszott óra)
[12:23:55] Nelson_Washington kórház jail ideje: 90 mp
[12:24:18] [kredit][63]Kazuyoshi_Akira kapott 1 bónusz kreditet (játszott óra)
[12:26:27] [kredit][23]Henrik_T_Scaletta kapott 1 bónusz kreditet (játszott óra)
[12:26:27] [kredit][55]Bryan_B_Hollywood kapott 1 bónusz kreditet (játszott óra)
[12:26:43] [Saját jármû feltörése]Név: Cody_Aciano Kocsi: 709
[12:27:50] Alvilág: Snipert,M4-t és hozzá tölit veszek!!! | Hirdetõ: Victor Jr Zecchin | Tel: 9-734-194 [12:27]
[12:29:07] [kredit][27]Akos_White kapott 1 bónusz kreditet (játszott óra)
[12:29:07] [kredit][43]Ryder_T_Zecchin kapott 1 bónusz kreditet (játszott óra)
[12:30:44] [kredit][20]James_D_Ryan kapott 1 bónusz kreditet (játszott óra)
[12:30:44] [kredit][48]Sergei_B_Dueno kapott 1 bónusz kreditet (játszott óra)
[12:32:38] [kredit][58]Foley_J_Creed kapott 1 bónusz kreditet (játszott óra)
[12:34:16] [kredit][37]Lucio_Zecchin kapott 1 bónusz kreditet (játszott óra)
[12:34:48] [kredit][64]Krisztofer_Vincenzo kapott 1 bónusz kreditet (játszott óra)
[12:35:20] [kredit][68]Mark_B_Hollywood kapott 1 bónusz kreditet (játszott óra)
[12:36:08] Hirdetés: Házat veszek | Hirdetõ: Rock P DImitriev | Tel: 9-024-147 [12:36]
[12:37:30] [kredit][62]Steve_Aoki kapott 1 bónusz kreditet (játszott óra)
[12:37:36] [kredit][45]Tom_Camorra beváltott 10 kreditet 50g kokainért
[12:38:02] [kredit][26]Gaspar_David kapott 1 bónusz kreditet (játszott óra)
[12:39:07] [kredit][32]Dave_Stone kapott 1 bónusz kreditet (játszott óra)
[12:39:40] [kredit][51]Banyanszki_Martin kapott 1 bónusz kreditet (játszott óra)
[12:40:37] Hirdetés: Házat vennék olcsón | Hirdetõ: Rock P DImitriev | Tel: 9-024-147 [12:40]
[12:41:50] [kredit][46]Jerry_Hooward kapott 1 bónusz kreditet (játszott óra)
[12:42:22] [kredit][18]Tyler_Wish kapott 1 bónusz kreditet (játszott óra)
[12:44:31] [kredit][67]Harold_G_Freeman kapott 1 bónusz kreditet (játszott óra)
[12:45:04] [kredit][54]Krist_Roscoe kapott 1 bónusz kreditet (játszott óra)
[12:45:28] Michael_Faraday LOGINkórház jail ideje: 72 mp
[12:47:16] [kredit][49]Dave_Stinson kapott 1 bónusz kreditet (játszott óra)
[12:47:32] [/ram] Krist_Roscoe - 222-s ház
[12:47:49] [kredit][47]Aldo_B_Dueno kapott 1 bónusz kreditet (játszott óra)
[12:49:24] Hirdetés: Elado saviem | Hirdetõ: Henrik Sedin | Tel: 9-359-147 [12:49]
[12:50:01] Hirdetés: Értékpapir eladó | Hirdetõ: Matt Creed | Tel: 4-859-887 [12:50]
[12:50:28] Krisztofer_Vincenzo kórház jail ideje: 90 mp
[12:51:04] [kredit][37]Tom_D_Wayne kapott 1 bónusz kreditet (játszott óra)
[12:53:24] [BOLTRABLÁS] Daniel_Sedin boltot rabol, összesen 1-n vannak
[12:54:18] [kredit][41]Bentner_K_White kapott 1 bónusz kreditet (játszott óra)
[12:54:29] [/ram] Krist_Roscoe - 219-s ház
[12:57:00] [kredit][31]Markus_D_Zecchin kapott 1 bónusz kreditet (játszott óra)
[12:57:00] [kredit][55]Marcell_O_Neill kapott 1 bónusz kreditet (játszott óra)
[12:57:00] [kredit][65]Archie_B_Hollywood kapott 1 bónusz kreditet (játszott óra)
[12:57:32] [kredit][36]Emanuel_Garcia kapott 1 bónusz kreditet (játszott óra)
[12:57:59] [/ram] Krist_Roscoe - 26-s ház
[12:58:37] [kredit][17]Tom_Cook kapott 1 bónusz kreditet (játszott óra)
[12:58:43] [BOLTRABLÁS] John_Salivan befejezte a boltrablást, 1-n maradtak, 1-n kezdték
[12:58:43] John_Salivan rabolt 1 emberrel, összeg: 37406Ft
[13:01:06] Alvilág: Sniper-t, M4-t És Hozzájuk Lõszert Veszek! | Hirdetõ: Victor Jr Zecchin | Tel: 9-734-194 [13:01]
[13:01:18] [kredit][19]James_Creed kapott 1 bónusz kreditet (játszott óra)
[13:01:51] [kredit][69]Gyongyosi_Lajos kapott 1 bónusz kreditet (játszott óra)
[13:04:10] Rock_P_DImitriev kórház jail ideje: 86 mp
[13:04:33] [kredit][53]Mate_Richard kapott 1 bónusz kreditet (játszott óra)
[13:04:59] [/ram] Krist_Roscoe - 450-s ház
[13:05:06] [kredit][51]Cody_Aciano kapott 1 bónusz kreditet (játszott óra)
[13:06:44] [kredit][45]Michael_Faraday kapott 1 bónusz kreditet (játszott óra)
[13:07:17] [kredit][33]William_Washington kapott 1 bónusz kreditet (játszott óra)
[13:07:17] [kredit][62]Diego_Aciano kapott 1 bónusz kreditet (játszott óra)
[13:07:50] [kredit][27]Daniel_Sedin kapott 1 bónusz kreditet (játszott óra)
[13:07:59] Rock_P_DImitriev LOGINkórház jail ideje: 9 mp
[13:10:33] [kredit][42]James_D_Freeman kapott 1 bónusz kreditet (játszott óra)
[13:15:13] Hirdetés: Kocsit vennék 6 milláig  | Hirdetõ: Mate Richard | Tel: 5-292-994 [13:15]
[13:16:13] Hirdetés: Kocsit vennék 6 milláig  | Hirdetõ: Mate Richard | Tel: 5-292-994 [13:16]
[13:16:55] Hirdetés: Comet eladó | Hirdetõ: Kevin R Sorrentino | Tel: 3-073-800 [13:16]
[13:17:38] [kredit][60]Nelson_Washington kapott 1 bónusz kreditet (játszott óra)
[13:18:43] [kredit][34]Matt_Creed kapott 1 bónusz kreditet (játszott óra)
[13:19:48] [kredit][21]Usate_Krukenberg kapott 1 bónusz kreditet (játszott óra)
[13:20:53] [kredit][71]Chris_S_Black kapott 1 bónusz kreditet (játszott óra)
[13:22:15] Hirdetés: Kocsit vennék 6 milláig  | Hirdetõ: Mate Richard | Tel: 5-292-994 [13:22]
[13:22:32] [kredit][63]Nick_Vitale kapott 1 bónusz kreditet (játszott óra)
[13:23:04] [kredit][75]Dom_Aciano kapott 1 bónusz kreditet (játszott óra)
[13:23:13] Hirdetés: Kocsit vennék 6 milláig  | Hirdetõ: Mate Richard | Tel: 5-292-994 [13:23]
[13:23:37] [kredit][50]William_Cortez kapott 1 bónusz kreditet (játszott óra)
[13:25:16] [kredit][23]Don_Sorrentino kapott 1 bónusz kreditet (játszott óra)
[13:25:16] [kredit][24]Victor_Jr_Zecchin kapott 1 bónusz kreditet (játszott óra)
[13:25:49] [kredit][22]Mark_Bishop kapott 1 bónusz kreditet (játszott óra)
[13:27:26] [kredit][39]Betty_O_Neill kapott 1 bónusz kreditet (játszott óra)
[13:29:01] [kredit][40]Thomas_Berzerk kapott 1 bónusz kreditet (játszott óra)
[13:29:01] [kredit][56]Dominic_Vincenzo kapott 1 bónusz kreditet (játszott óra)
[13:29:34] David_Toretto LOGINkórház jail ideje: 90 mp
[13:30:15] [BOLTRABLÁS] Daniel_Sedin boltot rabol, összesen 1-n vannak
[13:30:26] [/v vesz] - Leon_Toretto vett Marcell_O_Neill -tõl egy Infernus típusú jármûvet. 53 v-s rendszám.
[13:30:38] [kredit][17]Miroslav_Kroos kapott 1 bónusz kreditet (játszott óra)
[13:31:23] William_Cortez kórház jail ideje: 750 mp
[13:32:40] Alvilág: material eladõ! | Hirdetõ: Joshue White | Tel: 4-989-824 [13:32]
[13:33:35] =====[ Játékos bejelentés érkezett ]=====
[13:33:35] Elkövetõ: [55]Joshue_White | Bejelentõ: [74]Toth_Martin
[13:33:35] Tett: {FFFF00}waltonal megy lvl3 (gonodlom farm munka)
[13:33:56] [kredit][42]Henrik_T_Scaletta kapott 1 bónusz kreditet (játszott óra)
[13:35:01] [kredit][74]Toth_Martin kapott 1 bónusz kreditet (játszott óra)
[13:35:33] [kredit][43]Ryder_T_Zecchin kapott 1 bónusz kreditet (játszott óra)
[13:35:33] [kredit][80]Henrik_Sedin kapott 1 bónusz kreditet (játszott óra)
[13:35:37] [BOLTRABLÁS] Daniel_Sedin befejezte a boltrablást, 0-n maradtak, 1-n kezdték
[13:35:37] Daniel_Sedin rabolt 0 emberrel, összeg: 0Ft
[13:37:11] [kredit][20]James_D_Ryan kapott 1 bónusz kreditet (játszott óra)
[13:39:40] Nick_Ramos kórház jail ideje: 89 mp
[13:40:27] [kredit][48]Sergei_B_Dueno kapott 1 bónusz kreditet (játszott óra)
[13:40:38] Diaz_Freeman LOGINkórház jail ideje: 90 mp
[13:41:00] [kredit][49]John_Salivan kapott 1 bónusz kreditet (játszott óra)
[13:41:00] [kredit][64]Krisztofer_Vincenzo kapott 1 bónusz kreditet (játszott óra)
[13:41:00] [kredit][78]Kazuyoshi_Akira kapott 1 bónusz kreditet (játszott óra)
[13:42:05] [kredit][58]Tom_Camorra kapott 1 bónusz kreditet (játszott óra)
[13:42:33] Horvath_Adrian kórház jail ideje: 741 mp
[13:42:38] [kredit][35]Mark_B_Hollywood kapott 1 bónusz kreditet (játszott óra)
[13:42:38] [kredit][57]Kevin_R_Sorrentino kapott 1 bónusz kreditet (játszott óra)
[13:42:42] Chris_S_Black kórház jail ideje: 90 mp
[13:43:32] Steve_Aoki kórház jail ideje: 89 mp
[13:44:14] Sergei_B_Dueno kórház jail ideje: 205 mp
[13:44:16] [kredit][68]Steve_Aoki kapott 1 bónusz kreditet (játszott óra)
[13:44:49] [kredit][28]Gaspar_David kapott 1 bónusz kreditet (játszott óra)
[13:44:49] [kredit][33]Ray_Washington kapott 1 bónusz kreditet (játszott óra)
[13:45:55] [kredit][79]Sifu_D_Sorrentino kapott 1 bónusz kreditet (játszott óra)
[13:46:27] [kredit][50]David_Toretto kapott 1 bónusz kreditet (játszott óra)
[13:46:58] Don_Sorrentino kórház jail ideje: 810 mp
[13:47:00] [kredit][24]Dave_Stone kapott 1 bónusz kreditet (játszott óra)
[13:47:43] Henrik_Sedin kórház jail ideje: 86 mp
[13:47:56] [kredit][36]Antonn_Fedorov beváltott 100 kreditet -11 perc börtönidõért
[13:48:05] [kredit][46]Jerry_Hooward kapott 1 bónusz kreditet (játszott óra)
[13:48:05] [kredit][68]Banyanszki_Martin kapott 1 bónusz kreditet (játszott óra)
[13:48:12] [kredit][36]Antonn_Fedorov beváltott 50 kreditet -5 perc börtönidõért
[13:48:37] [kredit][18]Tyler_Wish kapott 1 bónusz kreditet (játszott óra)
[13:50:49] [kredit][67]Harold_G_Freeman kapott 1 bónusz kreditet (játszott óra)
[13:51:54] [kredit][76]Dave_R_Vincenzo kapott 1 bónusz kreditet (játszott óra)
[13:51:54] [kredit][77]Krist_Roscoe kapott 1 bónusz kreditet (játszott óra)
[13:52:36] [/buyhouse] - Markus_D_Zecchin vett egy házat 34, 0 Ft-ért
[13:52:59] [kredit][73]Jimmy_Doherty kapott 1 bónusz kreditet (játszott óra)
[13:54:21] Don_Sorrentino LOGINkórház jail ideje: 519 mp
[13:55:10] [kredit][19]Dave_Stinson kapott 1 bónusz kreditet (játszott óra)
[13:56:35] Ventura_Zecchin LOGINkórház jail ideje: 78 mp
[13:56:50] [kredit][41]Diaz_Freeman kapott 1 bónusz kreditet (játszott óra)
[13:56:50] [kredit][72]Bent_Washington kapott 1 bónusz kreditet (játszott óra)
[13:57:05] Hirdetés: Jármûvet veszek! | Hirdetõ: Markus D Zecchin | Tel: 6-069-097 [13:57]
[13:57:23] [kredit][37]Tom_D_Wayne kapott 1 bónusz kreditet (játszott óra)
[13:57:23] [kredit][79]Kiraly_Viktor kapott 1 bónusz kreditet (játszott óra)
[13:58:28] [kredit][71]Drew_B_Dueno kapott 1 bónusz kreditet (játszott óra)
[13:58:28] [kredit][84]Vito_D_Brasco kapott 1 bónusz kreditet (játszott óra)
[14:00:41] [kredit][29]Stefan_Berger kapott 1 bónusz kreditet (játszott óra)
[14:01:13] [kredit][35]Bentner_K_White kapott 1 bónusz kreditet (játszott óra)
[14:01:13] [kredit][55]Joshue_White kapott 1 bónusz kreditet (játszott óra)
[14:01:45] Hirdetés: Fullos Comet eladó t/d  Segítség lõnek kérem siessenek! | Hirdetõ: Kevin R Sorrentino | Tel: 3-073-800 [14:01]
[14:02:29] Hirdetés: Jármûvet veszek! | Hirdetõ: Markus D Zecchin | Tel: 6-069-097 [14:02]
[14:02:51] [kredit][42]Cody_White kapott 1 bónusz kreditet (játszott óra)
[14:03:24] [kredit][31]Markus_D_Zecchin kapott 1 bónusz kreditet (játszott óra)
[14:04:06] Hirdetés: legális Fullos Comet eladó 15M | Hirdetõ: Kevin R Sorrentino | Tel: 3-073-800 [14:04]
[14:05:03] Oliver_Hizrics kórház jail ideje: 89 mp
[14:05:03] [kredit][54]Emanuel_Garcia kapott 1 bónusz kreditet (játszott óra)
[14:08:54] [kredit][47]James_Creed kapott 1 bónusz kreditet (játszott óra)
[14:09:21] Hirdetés: Jármûvet veszek | Hirdetõ: Markus D Zecchin | Tel: 6-069-097 [14:09]
[14:10:33] [kredit][59]Bryan_B_Hollywood kapott 1 bónusz kreditet (játszott óra)
[14:10:43] Krist_Roscoe kórház jail ideje: 90 mp
[14:11:40] [kredit][51]Cody_Aciano kapott 1 bónusz kreditet (játszott óra)
[14:12:47] [kredit][66]Thomas_Davis kapott 1 bónusz kreditet (játszott óra)
[14:13:36] [/alair kocsi] - Markus_D_Zecchin vett Kevin_R_Sorrentino -tõl egy Comet típusú jármûvet. 448 v-s rendszám, 13,000,000 Ft-ért
[14:13:54] [kredit][62]Diego_Aciano kapott 1 bónusz kreditet (játszott óra)
[14:14:15] Thomas_Berzerk kórház jail ideje: 90 mp
[14:18:18] [kredit][67]Valor_Colin kapott 1 bónusz kreditet (játszott óra)
[14:18:51] [kredit][32]Mate_Richard kapott 1 bónusz kreditet (játszott óra)
[14:19:25] [kredit][45]Milinte_Brasco kapott 1 bónusz kreditet (játszott óra)
[14:19:49] Patrick_Zecchin LOGINkórház jail ideje: 220 mp
[14:20:55] [ujmodel]Marcell_O_Neill átlakaította 691 rendszámû 480 típusú kocsit 77-é. Tulaj: 
[14:21:04] [kredit][58]Joker_Creed kapott 1 bónusz kreditet (játszott óra)
[14:21:30] John_Kelin kórház jail ideje: 510 mp
[14:21:30] Jason_O_Neill kórház jail ideje: 90 mp
[14:21:38] [kredit][23]Ryan_Lennox kapott 1 bónusz kreditet (játszott óra)
[14:22:12] [kredit][17]John_Kelin kapott 1 bónusz kreditet (játszott óra)
[14:23:17] [kredit][53]Dukai_Roland kapott 1 bónusz kreditet (játszott óra)
[14:24:22] [kredit][60]Nelson_Washington kapott 1 bónusz kreditet (játszott óra)
[14:25:29] David_Toretto kórház jail ideje: 90 mp
[14:25:30] John_Salivan kórház jail ideje: 90 mp
[14:26:26] Don_Sorrentino kórház jail ideje: 90 mp
[14:26:32] [kredit][21]Usate_Krukenberg kapott 1 bónusz kreditet (játszott óra)
[14:28:01] Henrik_T_Scaletta kórház jail ideje: 1590 mp
[14:29:32] [/v vesz] - Mester_Csaba vett Marcell_O_Neill -tõl egy Sultan típusú jármûvet. 61 v-s rendszám.
[14:29:49] [kredit][0]Oliver_Hizrics kapott 1 bónusz kreditet (játszott óra)
[14:29:49] [kredit][25]Peter_H_Freeman kapott 1 bónusz kreditet (játszott óra)
[14:29:49] [kredit][54]Doboska_Endre kapott 1 bónusz kreditet (játszott óra)
[14:32:01] [kredit][36]Antonn_Fedorov kapott 1 bónusz kreditet (játszott óra)
[14:32:01] [kredit][44]Marcell_O_Neill kapott 1 bónusz kreditet (játszott óra)
[14:32:04] Diego_Aciano kórház jail ideje: 90 mp
[14:32:10] Diego_Aciano kórház jail ideje: 84 mp
[14:33:39] [kredit][24]Don_Sorrentino kapott 1 bónusz kreditet (játszott óra)
[14:33:39] [kredit][70]Oberth_Andras kapott 1 bónusz kreditet (játszott óra)
[14:33:51] Milinte_Brasco kórház jail ideje: 90 mp
[14:34:12] [kredit][39]Betty_O_Neill kapott 1 bónusz kreditet (játszott óra)
[14:34:36] Antonn_Fedorov kórház jail ideje: 90 mp
[14:34:45] [kredit][33]Connor_O_Neill kapott 1 bónusz kreditet (játszott óra)
[14:35:04] =====[ Játékos bejelentés érkezett ]=====
[14:35:04] Elkövetõ: [62]Diego_Aciano | Bejelentõ: [57]Kevin_R_Sorrentino
[14:35:04] Tett: {FFFF00}ki ütöte az oszlopot
[14:35:18] [kredit][31]Dom_Aciano kapott 1 bónusz kreditet (játszott óra)
[14:35:27] Thomas_Berzerk LOGINkórház jail ideje: 62 mp
[14:37:29] [kredit][83]Mester_Csaba kapott 1 bónusz kreditet (játszott óra)
[14:38:10] [kredit][27]Jimmy_Doherty beváltott 100 kreditet 3300db materialért
[14:38:17] [kredit][27]Jimmy_Doherty beváltott 100 kreditet 3300db materialért
[14:38:22] Alvilág: M4 Sniper eladó | Hirdetõ: Antonn Fedorov | Tel: 5-141-402 [14:38]
[14:39:42] [kredit][69]Keny_L_Brasco kapott 1 bónusz kreditet (játszott óra)
[14:40:47] [kredit][30]Johan_B_Black kapott 1 bónusz kreditet (játszott óra)
[14:40:47] [kredit][38]Patrick_Zecchin kapott 1 bónusz kreditet (játszott óra)
[14:40:47] [kredit][46]Henrik_T_Scaletta kapott 1 bónusz kreditet (játszott óra)
[14:42:24] [kredit][62]Santos_O_Neill kapott 1 bónusz kreditet (játszott óra)
[14:42:30] Alvilág: m4 lõszert veszek | Hirdetõ: Markus D Zecchin | Tel: 6-069-097 [14:42]
[14:42:56] [kredit][68]Akos_B_Gates kapott 1 bónusz kreditet (játszott óra)
[14:45:20] Alvilág: Snipert veszek | Hirdetõ: Diego Aciano | Tel: 2-568-724 [14:45]
[14:46:14] [kredit][22]Mark_Bishop kapott 1 bónusz kreditet (játszott óra)
[14:46:46] [kredit][64]Krisztofer_Vincenzo kapott 1 bónusz kreditet (játszott óra)
[14:47:51] Alvilág: M4 sniper eladó | Hirdetõ: Antonn Fedorov | Tel: 5-141-402 [14:47]
[14:50:04] [kredit][56]James_D_Ryan kapott 1 bónusz kreditet (játszott óra)
[14:50:37] [kredit][28]Gaspar_David kapott 1 bónusz kreditet (játszott óra)
[14:51:42] [kredit][53]Paul_D_Cortez kapott 1 bónusz kreditet (játszott óra)
[14:53:20] [kredit][19]Kevin_R_Sorrentino kapott 1 bónusz kreditet (játszott óra)
[14:53:53] [kredit][18]Dominic_Vincenzo kapott 1 bónusz kreditet (játszott óra)
[14:54:52] Torres_Butler kórház jail ideje: 270 mp
[14:54:57] [kredit][25]David_Toretto kapott 1 bónusz kreditet (játszott óra)
[14:55:45] Hirdetés: Gyémántot vennék. | Hirdetõ: Raul Butler | Tel: 5-011-390 [14:55]
[14:56:02] [kredit][71]Thomas_Berzerk kapott 1 bónusz kreditet (játszott óra)
[14:56:58] Alvilág: Mati és drog eladó! érd: SMS | Hirdetõ: Joshue White | Tel: 4-989-824 [14:56]
[14:57:07] Natalia_Inferno LOGINkórház jail ideje: 90 mp
[14:58:28] [kredit][76]Dave_R_Vincenzo kapott 1 bónusz kreditet (játszott óra)
[14:58:57] Alvilág: Mati és drog eladó! érd: SMS | Hirdetõ: Joshue White | Tel: 4-989-824 [14:58]
[14:59:33] [kredit][73]Radovan_S_Barett kapott 1 bónusz kreditet (játszott óra)
[15:00:05] [kredit][27]Jimmy_Doherty kapott 1 bónusz kreditet (játszott óra)
[15:00:05] [kredit][59]Kevin_S_Tomasso kapott 1 bónusz kreditet (játszott óra)
[15:00:05] [kredit][63]Daniel_Sedin kapott 1 bónusz kreditet (játszott óra)
[15:00:52] Hirdetés: RTM Pulcsit veszek! | Hirdetõ: Henrik Sedin | Tel: 9-359-147 [15:00]
[15:01:12] [kredit][26]Mark_B_Hollywood kapott 1 bónusz kreditet (játszott óra)
[15:02:11] [kredit][51]Krist_Roscoe kapott 1 bónusz kreditet (játszott óra)
[15:02:11] [kredit][65]Kazuyoshi_Akira kapott 1 bónusz kreditet (játszott óra)
[15:02:11] [kredit][72]Alex_Nobel kapott 1 bónusz kreditet (játszott óra)
[15:03:11] [/ram] Krist_Roscoe - 303-s ház
[15:04:13] Alvilág: Mati és drog eladó! érd: SMS | Hirdetõ: Joshue White | Tel: 4-989-824 [15:04]
[15:04:26] [kredit][20]Matteo_Zecchin kapott 1 bónusz kreditet (játszott óra)
[15:05:32] [kredit][37]Tom_D_Wayne kapott 1 bónusz kreditet (játszott óra)
[15:07:43] [kredit][34]Ventura_Zecchin kapott 1 bónusz kreditet (játszott óra)
[15:07:43] [kredit][73]Hanzon_Soprano kapott 1 bónusz kreditet (játszott óra)
[15:09:20] [kredit][52]Stefan_Berger kapott 1 bónusz kreditet (játszott óra)
[15:09:20] [kredit][55]Joshue_White kapott 1 bónusz kreditet (játszott óra)
[15:09:53] [kredit][35]Bentner_K_White kapott 1 bónusz kreditet (játszott óra)
[15:11:05] [/ram] Krist_Roscoe - 86-s ház
[15:11:31] [kredit][24]Steve_Aoki kapott 1 bónusz kreditet (játszott óra)
[15:13:09] [kredit][73]Markus_D_Zecchin kapott 1 bónusz kreditet (játszott óra)
[15:13:41] [kredit][45]Kiraly_Viktor kapott 1 bónusz kreditet (játszott óra)
[15:14:45] [/buyhouse] - Natalia_Inferno vett egy házat 108, 0 Ft-ért
[15:14:47] [kredit][53]Tom_Torres kapott 1 bónusz kreditet (játszott óra)
[15:16:55] Hirdetés: A Los Santosi szerelõ és tuningmûhely várja vendégeit! | Hirdetõ: Joker Creed | Tel: 5-769-753 [15:16]
[15:17:29] [kredit][42]Ralf_S_Tomasso kapott 1 bónusz kreditet (játszott óra)
[15:18:34] [kredit][36]Joe_Surenos kapott 1 bónusz kreditet (játszott óra)
[15:18:35] [/v vesz] - Natalia_Inferno vett Marcell_O_Neill -tõl egy Infernus típusú jármûvet. 62 v-s rendszám.
[15:19:27] [ujmodel]Marcell_O_Neill átlakaította 1005 rendszámû 541 típusú kocsit 78-é. Tulaj: 
[15:20:28] [/v vesz] - Natalia_Inferno vett Marcell_O_Neill -tõl egy Bullet típusú jármûvet. 66 v-s rendszám.
[15:20:44] [kredit][58]Ryder_T_Zecchin kapott 1 bónusz kreditet (játszott óra)
[15:20:44] [kredit][66]Thomas_Davis kapott 1 bónusz kreditet (játszott óra)
[15:23:59] [kredit][57]Diego_Aciano kapott 1 bónusz kreditet (játszott óra)
[15:24:27] Alvilág: M4-et veszek | Hirdetõ: Diego Aciano | Tel: 2-568-724 [15:24]
[15:24:32] [kredit][50]Richard_N_Ortega kapott 1 bónusz kreditet (játszott óra)
[15:24:32] [kredit][56]James_Creed kapott 1 bónusz kreditet (játszott óra)
[15:24:42] [/ram] Patrick_Zecchin - 55-s ház
[15:24:46] Dave_S_Tomasso LOGINkórház jail ideje: 90 mp
[15:25:19] Torres_Butler LOGINkórház jail ideje: 241 mp
[15:26:36] Krisztofer_Vincenzo kórház jail ideje: 450 mp
[15:27:16] [kredit][64]Valor_Colin kapott 1 bónusz kreditet (játszott óra)
[15:27:32] Hirdetés: Munkát adok | Hirdetõ: Diego Aciano | Tel: 2-568-724 [15:27]
[15:29:59] [kredit][19]John_Kelin kapott 1 bónusz kreditet (játszott óra)
[15:31:23] Hirdetés: Tuning Stratum eladó! | Hirdetõ: Mirajane Strauss | Tel: 3-615-956 [15:31]
[15:31:43] Alvilág: Sniper,M4-t veszek! | Hirdetõ: Victor Jr Zecchin | Tel: 9-734-194 [15:31]
[15:34:42] Hirdetés: Tuning stratum eladó! | Hirdetõ: Mirajane Strauss | Tel: 3-615-956 [15:34]
[15:34:52] [kredit][21]Usate_Krukenberg kapott 1 bónusz kreditet (játszott óra)
[15:35:24] [kredit][49]Victor_Jr_Zecchin kapott 1 bónusz kreditet (játszott óra)
[15:37:34] [kredit][0]Oliver_Hizrics kapott 1 bónusz kreditet (játszott óra)
[15:38:39] [kredit][29]Natalia_Inferno kapott 1 bónusz kreditet (játszott óra)
[15:40:17] [kredit][44]Marcell_O_Neill kapott 1 bónusz kreditet (játszott óra)
[15:41:56] [kredit][39]Betty_O_Neill kapott 1 bónusz kreditet (játszott óra)
[15:42:29] [kredit][33]Antonn_Fedorov kapott 1 bónusz kreditet (játszott óra)
[15:42:29] [kredit][38]Tom_Camorra kapott 1 bónusz kreditet (játszott óra)
[15:42:29] [kredit][46]Don_Sorrentino kapott 1 bónusz kreditet (játszott óra)
[15:45:47] [Frakció jármû ellopása]Név: Cody_Aciano Kocsi: 31
[15:46:17] [kredit][32]Connor_O_Neill kapott 1 bónusz kreditet (játszott óra)
[15:46:17] [kredit][47]Cody_White kapott 1 bónusz kreditet (játszott óra)
[15:49:01] [kredit][23]Patrick_Zecchin kapott 1 bónusz kreditet (játszott óra)
[15:49:01] [kredit][42]Henrik_T_Scaletta kapott 1 bónusz kreditet (játszott óra)
[15:50:07] [kredit][34]Henrik_Sedin kapott 1 bónusz kreditet (játszott óra)
[15:50:44] [kredit][28]Emma_Stone kapott 1 bónusz kreditet (játszott óra)
[15:50:44] [kredit][68]Akos_B_Gates kapott 1 bónusz kreditet (játszott óra)
[15:51:17] [kredit][19]Johnie_Drake kapott 1 bónusz kreditet (játszott óra)
[15:51:50] [kredit][66]Dave_S_Tomasso kapott 1 bónusz kreditet (játszott óra)
[15:54:02] [kredit][22]Mark_Bishop kapott 1 bónusz kreditet (játszott óra)
[15:54:34] [kredit][18]Torres_Butler kapott 1 bónusz kreditet (játszott óra)
[15:54:34] [kredit][61]Joker_Creed kapott 1 bónusz kreditet (játszott óra)
[15:54:55] Hirdetés: A kormány felvételt tart a városházán! | Hirdetõ: Mirajane Strauss | Tel: 3-615-956 [15:54]
[15:57:01] Hirdetés: A kormány felvételt tart a városházán! | Hirdetõ: Mirajane Strauss | Tel: 3-615-956 [15:57]
[15:57:16] [kredit][17]Jason_Toretto kapott 1 bónusz kreditet (játszott óra)
[15:57:47] [kredit][40]Krisztofer_Vincenzo kapott 1 bónusz kreditet (játszott óra)
[15:58:19] [kredit][0]Byron_T_Zecchin kapott 1 bónusz kreditet (játszott óra)
[15:59:24] [kredit][74]Ryan_B_Mike kapott 1 bónusz kreditet (játszott óra)
[15:59:54] [kredit][74]Ryan_B_Mike beváltott 10 kreditet 50000Ftért
[16:00:04] Daniel_Davis kórház jail ideje: 89 mp
[16:01:19] Connor_O_Neill kórház jail ideje: 90 mp
[16:01:32] [kredit][56]Mirajane_Strauss kapott 1 bónusz kreditet (játszott óra)
[16:01:39] Hirdetés: A kormány felvételt tart a városhházán! | Hirdetõ: Mirajane Strauss | Tel: 3-615-956 [16:01]
[16:02:35] [kredit][25]David_Toretto kapott 1 bónusz kreditet (játszott óra)
[16:05:01] Hirdetés: A kormány felvételt tart! Érd.: SMS | Hirdetõ: Mirajane Strauss | Tel: 3-615-956 [16:05]
[16:06:53] [kredit][59]Kevin_S_Tomasso kapott 1 bónusz kreditet (játszott óra)
[16:07:57] [kredit][34]Thomas_Berzerk kapott 1 bónusz kreditet (játszott óra)
[16:10:06] [kredit][24]Kazuyoshi_Akira kapott 1 bónusz kreditet (játszott óra)
[16:11:42] [kredit][0]Toth_Martin kapott 1 bónusz kreditet (játszott óra)
[16:14:22] [kredit][55]Joshue_White kapott 1 bónusz kreditet (játszott óra)
[16:15:59] [kredit][29]Cristofer_Francesko kapott 1 bónusz kreditet (játszott óra)
[16:18:39] [kredit][45]Kiraly_Viktor kapott 1 bónusz kreditet (játszott óra)
[16:21:20] [kredit][21]Jimmy_Doherty kapott 1 bónusz kreditet (játszott óra)
[16:21:20] [kredit][35]Tom_Torres kapott 1 bónusz kreditet (játszott óra)
[16:21:40] Hirdetés: Flash, Comet eladó, Érd.:Autókereskedés | Hirdetõ: Jason Toretto | Tel: 3-012-853 [16:21]
[16:23:38] [kredit][36]Joe_Surenos kapott 1 bónusz kreditet (játszott óra)
[16:25:25] [kredit][20]Nelson_Washington kapott 1 bónusz kreditet (játszott óra)
[16:26:20] [kredit][35]Valor_Colin beváltott 10 kreditet 50g kokainért
[16:28:08] Hirdetés: Értékpapírt vennék! | Hirdetõ: Gyorgy Boyka | Tel: 8-585-147 [16:28]
[16:28:46] Hirdetés: A kormány felvételt hirdet! Érd.:SMS | Hirdetõ: Mirajane Strauss | Tel: 3-615-956 [16:28]
[16:29:28] Steve_Aoki kórház jail ideje: 90 mp
[16:30:16] [kredit][50]Milinte_Brasco kapott 1 bónusz kreditet (játszott óra)
[16:32:01] Hirdetés: Értékpapírt vennék! | Hirdetõ: Gyorgy Boyka | Tel: 8-585-147 [16:32]
[16:33:30] [kredit][35]Valor_Colin kapott 1 bónusz kreditet (játszott óra)
[16:35:39] [kredit][26]Lorand_Vincenzo kapott 1 bónusz kreditet (játszott óra)
[16:36:43] [kredit][23]Bentner_K_White kapott 1 bónusz kreditet (játszott óra)
[16:37:15] [kredit][30]Erno_S_Tomasso kapott 1 bónusz kreditet (játszott óra)
[16:37:44] Hirdetés: Hazat veszek | Hirdetõ: Henrik Sedin | Tel: 9-359-147 [16:37]
[16:39:24] [kredit][18]Krist_Roscoe kapott 1 bónusz kreditet (játszott óra)
[16:39:53] Hirdetés: Munkat adok | Hirdetõ: Henrik Sedin | Tel: 9-359-147 [16:39]
[16:44:19] [kredit][52]Dominic_Vincenzo kapott 1 bónusz kreditet (játszott óra)
[16:47:01] [kredit][22]Marcel_B_Hollywood kapott 1 bónusz kreditet (játszott óra)
[16:47:12] Hirdetés: Értékpapírt vennék! | Hirdetõ: Gyorgy Boyka | Tel: 8-585-147 [16:47]
[16:48:06] [kredit][38]Tom_Camorra kapott 1 bónusz kreditet (játszott óra)
[16:48:06] [kredit][66]James_D_Freeman kapott 1 bónusz kreditet (játszott óra)
[16:48:38] [kredit][27]Betty_O_Neill kapott 1 bónusz kreditet (játszott óra)
[16:49:11] [kredit][33]Don_Sorrentino kapott 1 bónusz kreditet (játszott óra)
[16:49:43] [kredit][0]Steve_Aoki kapott 1 bónusz kreditet (játszott óra)
[16:49:43] [kredit][42]Chris_S_Black kapott 1 bónusz kreditet (játszott óra)
[16:49:43] [kredit][67]Ralf_S_Tomasso kapott 1 bónusz kreditet (játszott óra)
[16:50:20] Henrik_Sedin kórház jail ideje: 90 mp
[16:52:58] [kredit][54]Johan_B_Black kapott 1 bónusz kreditet (játszott óra)
[16:53:28] Victor_Jr_Zecchin kórház jail ideje: 510 mp
[16:53:30] [kredit][32]Dave_R_Vincenzo kapott 1 bónusz kreditet (játszott óra)
[16:54:36] [kredit][17]Patrick_Zecchin kapott 1 bónusz kreditet (játszott óra)
[16:54:36] [kredit][37]Daniel_Sedin kapott 1 bónusz kreditet (játszott óra)
[16:54:51] Hirdetés: Értékpapírt vennék! | Hirdetõ: Gyorgy Boyka | Tel: 8-585-147 [16:54]
[16:55:10] Johan_B_Black kórház jail ideje: 450 mp
[16:55:40] [kredit][43]Gyorgy_Boyka kapott 1 bónusz kreditet (játszott óra)
[16:56:12] [kredit][44]Henrik_T_Scaletta kapott 1 bónusz kreditet (játszott óra)
[16:56:45] [kredit][29]Ryan_Lennox kapott 1 bónusz kreditet (játszott óra)
[17:00:32] [kredit][58]Fekete_Erik kapott 1 bónusz kreditet (játszott óra)
[17:00:52] Victor_Jr_Zecchin LOGINkórház jail ideje: 157 mp
[17:01:04] [kredit][64]Doboska_Endre kapott 1 bónusz kreditet (játszott óra)
[17:01:29] Hirdetés: Taxist keresek! | Hirdetõ: David Toretto | Tel: 1-710-986 [17:01]
[17:01:56] Emanuel_Garcia kórház jail ideje: 270 mp
[17:02:18] Emanuel_Garcia kórház jail ideje: 251 mp
[17:03:47] [kredit][28]Jason_Toretto kapott 1 bónusz kreditet (játszott óra)
[17:04:19] [kredit][25]Krisztofer_Vincenzo kapott 1 bónusz kreditet (játszott óra)
[17:04:52] [kredit][40]Victor_Jr_Zecchin kapott 1 bónusz kreditet (játszott óra)
[17:06:30] [kredit][41]Mate_Richard kapott 1 bónusz kreditet (játszott óra)
[17:07:03] [kredit][56]Mirajane_Strauss kapott 1 bónusz kreditet (játszott óra)
[17:07:35] Hirdetés: Értékpapaírt vennék | Hirdetõ: Gyorgy Boyka | Tel: 8-585-147 [17:07]
[17:08:08] [kredit][48]Torres_Butler kapott 1 bónusz kreditet (játszott óra)
[17:10:20] [kredit][39]Mark_Bishop kapott 1 bónusz kreditet (játszott óra)
[17:10:20] [kredit][60]Natalia_Inferno kapott 1 bónusz kreditet (játszott óra)
[17:10:52] [kredit][47]Usate_Krukenberg kapott 1 bónusz kreditet (játszott óra)
[17:11:58] [kredit][23]Tom_Zecchin kapott 1 bónusz kreditet (játszott óra)
[17:12:31] [kredit][59]Kevin_S_Tomasso kapott 1 bónusz kreditet (játszott óra)
[17:12:53] [kredit][33]Don_Sorrentino beváltott 10 kreditet 25g marihuanaért
[17:13:36] [kredit][61]David_P_Taylor kapott 1 bónusz kreditet (játszott óra)
[17:14:09] [kredit][31]John_Salivan kapott 1 bónusz kreditet (játszott óra)
[17:15:48] [kredit][24]Kazuyoshi_Akira kapott 1 bónusz kreditet (játszott óra)
[17:18:08] [Frakció jármû ellopása]Név: Lorand_Vincenzo Kocsi: 982
[17:18:33] Hirdetés: Jármûvet veszek! | Hirdetõ: Tom Torres | Tel: 9-085-418 [17:18]
[17:19:04] [kredit][19]Tyler_Wish kapott 1 bónusz kreditet (játszott óra)
[17:19:37] [kredit][46]Jasen_T_Asad kapott 1 bónusz kreditet (játszott óra)
[17:20:10] [kredit][72]Ryder_T_Zecchin kapott 1 bónusz kreditet (játszott óra)
[17:21:15] [kredit][58]Connor_O_Neill kapott 1 bónusz kreditet (játszott óra)
[17:21:20] =====[ Játékos bejelentés érkezett ]=====
[17:21:20] Elkövetõ: [27]Oliver_Hizrics | Bejelentõ: [57]Toth_Martin
[17:21:20] Tett: {FFFF00}kiviszi az oszlopokat és semmi /me /do!
[17:23:40] Connor_O_Neill kórház jail ideje: 89 mp
[17:24:31] Sergei_B_Dueno LOGINkórház jail ideje: 87 mp
[17:25:02] [kredit][42]James_Creed kapott 1 bónusz kreditet (játszott óra)
[17:25:02] [kredit][62]Kiraly_Viktor kapott 1 bónusz kreditet (játszott óra)
[17:25:34] [kredit][65]Richard_N_Ortega kapott 1 bónusz kreditet (játszott óra)
[17:26:39] [kredit][63]Thomas_Berzerk kapott 1 bónusz kreditet (játszott óra)
[17:28:09] =====[ Játékos bejelentés érkezett ]=====
[17:28:09] Elkövetõ: [55]Henrik_Sedin | Bejelentõ: [0]Toth_Martin
[17:28:09] Tett: {FFFF00}rp szzitu közben nem /me /do zott (ütközés)
[17:28:18] Hirdetés: Házat vennék! | Hirdetõ: Daniel Sedin | Tel: 6-655-272 [17:28]
[17:28:18] [kredit][34]Tom_Torres kapott 1 bónusz kreditet (játszott óra)
[17:29:01] Hirdetés: /do koccan | Hirdetõ: Henrik Sedin | Tel: 9-359-147 [17:29]
[17:29:24] [kredit][44]Carlos_D_Surenos kapott 1 bónusz kreditet (játszott óra)
[17:29:56] [kredit][22]Edie_Morra kapott 1 bónusz kreditet (játszott óra)
[17:30:29] [kredit][36]Joe_Surenos kapott 1 bónusz kreditet (játszott óra)
[17:30:29] [kredit][76]Adele_Scaletta kapott 1 bónusz kreditet (játszott óra)
[17:31:01] [kredit][20]Nelson_Washington kapott 1 bónusz kreditet (játszott óra)
[17:31:33] [kredit][75]Stefan_Berger kapott 1 bónusz kreditet (játszott óra)
[17:34:18] [kredit][53]David_Toretto kapott 1 bónusz kreditet (játszott óra)
[17:35:23] [kredit][50]Milinte_Brasco kapott 1 bónusz kreditet (játszott óra)
[17:35:56] [kredit][70]Joker_Creed kapott 1 bónusz kreditet (játszott óra)
[17:35:56] [kredit][74]Zero_Hopkins kapott 1 bónusz kreditet (játszott óra)
[17:36:28] [kredit][68]Bent_Washington kapott 1 bónusz kreditet (játszott óra)
[17:36:28] [kredit][82]Oliver_Hizrics kapott 1 bónusz kreditet (játszott óra)
[17:37:01] [kredit][73]Cristofer_Francesko kapott 1 bónusz kreditet (játszott óra)
[17:38:08] [kredit][37]Akos_White kapott 1 bónusz kreditet (játszott óra)
[17:39:47] [kredit][35]Valor_Colin kapott 1 bónusz kreditet (játszott óra)
[17:40:27] William_Washington kórház jail ideje: 89 mp
[17:40:52] [kredit][61]Steve_J_Sorrentino kapott 1 bónusz kreditet (játszott óra)
[17:40:52] [kredit][69]Lucio_Zecchin kapott 1 bónusz kreditet (játszott óra)
[17:41:58] [kredit][33]Martin_B_Zecchin kapott 1 bónusz kreditet (játszott óra)
[17:41:58] [kredit][77]Lorand_Vincenzo kapott 1 bónusz kreditet (játszott óra)
[17:44:42] [kredit][18]Krist_Roscoe kapott 1 bónusz kreditet (játszott óra)
[17:44:42] [kredit][54]Markus_D_Zecchin kapott 1 bónusz kreditet (játszott óra)
[17:48:00] [kredit][50]Martin_Stone kapott 1 bónusz kreditet (játszott óra)
[17:49:34] Akos_White kórház jail ideje: 90 mp
[17:49:38] [kredit][79]Miroslav_Kroos kapott 1 bónusz kreditet (játszott óra)
[17:50:27] Akos_White kórház jail ideje: 43 mp
[17:50:31] Hirdetés: Elado macska a neve Dani | Hirdetõ: Henrik Sedin | Tel: 9-359-147 [17:50]
[17:52:30] Horvath_Adrian LOGINkórház jail ideje: 526 mp
[17:52:57] Joker_Creed kórház jail ideje: 330 mp
[17:53:30] [kredit][66]James_D_Freeman kapott 1 bónusz kreditet (játszott óra)
[17:54:36] [kredit][26]Tom_Camorra kapott 1 bónusz kreditet (játszott óra)
[17:55:33] Joker_Creed kórház jail ideje: 193 mp
[17:55:38] Edie_Morra kórház jail ideje: 209 mp
[17:59:03] [kredit][32]Dave_R_Vincenzo kapott 1 bónusz kreditet (játszott óra)
[18:00:11] [kredit][17]Patrick_Zecchin kapott 1 bónusz kreditet (játszott óra)
[18:02:09] [/csere kocsi1] - Darius_N_Ortega(258 - Tanker) cserélt Tyler_Wish(218 - TowTruck) -el kocsit.
[18:02:57] [kredit][53]Steve_Aoki kapott 1 bónusz kreditet (játszott óra)
[18:03:16] Patrick_Zecchin LOGINkórház jail ideje: 90 mp
[18:03:30] [kredit][74]Jin_Sorrentino kapott 1 bónusz kreditet (játszott óra)
[18:04:03] [kredit][33]Horvath_Adrian kapott 1 bónusz kreditet (játszott óra)
[18:04:03] [kredit][35]Gyorgy_Boyka kapott 1 bónusz kreditet (játszott óra)
[18:04:36] [kredit][49]Elwood_JR_Sorrentino kapott 1 bónusz kreditet (játszott óra)
[18:05:42] [kredit][32]Henrik_Sedin kapott 1 bónusz kreditet (játszott óra)
[18:06:15] [kredit][51]Don_Sorrentino kapott 1 bónusz kreditet (játszott óra)
[18:08:26] [kredit][37]Daniel_Sedin kapott 1 bónusz kreditet (játszott óra)
[18:10:28] Victor_Jr_Zecchin kórház jail ideje: 450 mp
[18:10:37] [kredit][40]Victor_Jr_Zecchin kapott 1 bónusz kreditet (játszott óra)
[18:10:57] Hirdetés: Infernus eladó | Hirdetõ: Darius N Ortega | Tel: 8-878-070 [18:10]
[18:11:04] David_Toretto kórház jail ideje: 90 mp
[18:11:09] [kredit][25]Krisztofer_Vincenzo kapott 1 bónusz kreditet (játszott óra)
[18:12:01] Kevin_R_Sorrentino kórház jail ideje: 270 mp
[18:12:19] Hirdetés: Infernus eladó | Hirdetõ: Darius N Ortega | Tel: 8-878-070 [18:12]
[18:12:48] [kredit][57]Mate_Richard kapott 1 bónusz kreditet (játszott óra)
[18:13:53] John_Salivan LOGINkórház jail ideje: 90 mp
[18:13:54] [kredit][38]Patrik_O_Neill kapott 1 bónusz kreditet (játszott óra)
[18:14:14] Tyler_Wish kórház jail ideje: 210 mp
[18:14:16] Natalia_Inferno LOGINkórház jail ideje: 90 mp
[18:14:26] Hirdetés: Infernus eladó | Hirdetõ: Darius N Ortega | Tel: 8-878-070 [18:14]
[18:15:50] Hirdetés: Infernus eladó | Hirdetõ: Darius N Ortega | Tel: 8-878-070 [18:15]
[18:16:05] [kredit][39]Mark_Bishop kapott 1 bónusz kreditet (játszott óra)
[18:17:10] Mark_Bishop kórház jail ideje: 90 mp
[18:18:18] [kredit][59]Kevin_S_Tomasso kapott 1 bónusz kreditet (játszott óra)
[18:18:51] [kredit][37]Natalia_Inferno kapott 1 bónusz kreditet (játszott óra)
[18:19:25] [kredit][30]Kevin_R_Sorrentino kapott 1 bónusz kreditet (játszott óra)
[18:20:43] [/ram] Jin_Sorrentino - 70-s ház
[18:20:49] [/ram] Don_Sorrentino - 70-s ház
[18:20:53] Hirdetés: Infernus eladó | Hirdetõ: Darius N Ortega | Tel: 8-878-070 [18:20]
[18:21:36] [kredit][45]Kazuyoshi_Akira kapott 1 bónusz kreditet (játszott óra)
[18:21:36] [kredit][50]John_Salivan kapott 1 bónusz kreditet (játszott óra)
[18:21:36] [kredit][60]Charlie_Harper kapott 1 bónusz kreditet (játszott óra)
[18:24:53] [kredit][19]Tyler_Wish kapott 1 bónusz kreditet (játszott óra)
[18:25:30] Daniel_Sedin kórház jail ideje: 90 mp
[18:25:58] [kredit][0]Jasen_T_Asad kapott 1 bónusz kreditet (játszott óra)
[18:25:58] [kredit][20]Greg_S_Sureyya kapott 1 bónusz kreditet (játszott óra)
[18:26:31] [kredit][76]Costa_Miles kapott 1 bónusz kreditet (játszott óra)
[18:26:49] Joe_Gates kórház jail ideje: 270 mp
[18:28:37] Steve_Aoki kórház jail ideje: 90 mp
[18:29:11] =====[ Játékos bejelentés érkezett ]=====
[18:29:11] Elkövetõ: [33]Krist_Roscoe | Bejelentõ: [18]Steve_Aoki
[18:29:11] Tett: {FFFF00}ok nélküli lövés
[18:29:47] [kredit][36]Joe_Gates kapott 1 bónusz kreditet (játszott óra)
[18:30:54] [kredit][60]Shura_Sharma kapott 1 bónusz kreditet (játszott óra)
[18:32:14] Alvilág: A Gsf  felvételt hirdet  | Hirdetõ: Joe Surenos | Tel: 3-198-545 [18:32]
[18:32:21] Kevin_R_Sorrentino kórház jail ideje: 990 mp
[18:32:32] [kredit][61]Henrik_T_Scaletta kapott 1 bónusz kreditet (játszott óra)
[18:32:32] [kredit][63]Thomas_Berzerk kapott 1 bónusz kreditet (játszott óra)
[18:32:34] Edie_Morra kórház jail ideje: 450 mp
[18:32:38] Rock_P_DImitriev kórház jail ideje: 86 mp
[18:33:20] Daniel_Sedin kórház jail ideje: 90 mp
[18:33:21] Henrik_Sedin kórház jail ideje: 810 mp
[18:35:16] [kredit][31]Tom_Torres kapott 1 bónusz kreditet (játszott óra)
[18:35:16] [kredit][44]Antonn_Fedorov kapott 1 bónusz kreditet (játszott óra)
[18:35:48] [kredit][22]Edie_Morra kapott 1 bónusz kreditet (játszott óra)
[18:36:55] [kredit][27]Norbert_N_Ortega kapott 1 bónusz kreditet (játszott óra)
[18:39:03] Sidney_Tribiani kórház jail ideje: 390 mp
[18:39:03] Kevin_S_Tomasso kórház jail ideje: 750 mp
[18:39:03] Krisztofer_Vincenzo kórház jail ideje: 90 mp
[18:39:03] Don_Sorrentino kórház jail ideje: 270 mp
[18:39:39] [kredit][21]Rock_P_DImitriev kapott 1 bónusz kreditet (játszott óra)
[18:39:55] Mate_Richard kórház jail ideje: 89 mp
[18:39:55] Kiraly_Viktor kórház jail ideje: 90 mp
[18:41:33] =====[ Játékos bejelentés érkezett ]=====
[18:41:33] Elkövetõ: [22]Edie_Morra | Bejelentõ: [55]Kiraly_Viktor
[18:41:33] Tett: {FFFF00}Szépen megyek a haverral kocsival és a FBI os fejbelõt a 3 as haverral eggyütt akinek 2 millája volt
[18:42:22] [kredit][56]Stefan_Berger kapott 1 bónusz kreditet (játszott óra)
[18:43:27] [kredit][55]Kiraly_Viktor kapott 1 bónusz kreditet (játszott óra)
[18:44:00] [kredit][46]Zero_Hopkins kapott 1 bónusz kreditet (játszott óra)
[18:44:00] [kredit][51]Oliver_Hizrics kapott 1 bónusz kreditet (játszott óra)
[18:44:33] [kredit][24]Sidney_Tribiani kapott 1 bónusz kreditet (játszott óra)
[18:46:31] [Frakció jármû ellopása]Név: Kiraly_Viktor Kocsi: 74
[18:46:45] [kredit][48]Valor_Colin kapott 1 bónusz kreditet (játszott óra)
[18:48:48] Hirdetés: A Katonság, USAF felvételt tart a városházán!((RPG,LVL6)) | Hirdetõ: Steve J Sorrentino | Tel: 6-989-458 [18:48]
[18:49:08] Henrik_Sedin LOGINkórház jail ideje: 3 mp
[18:50:02] [kredit][42]Simon_Derossi kapott 1 bónusz kreditet (játszott óra)
[18:50:35] [kredit][78]Darius_N_Ortega kapott 1 bónusz kreditet (játszott óra)
[18:50:40] Hirdetés: A Katonaság, USAF felvételt tart a városházán!((RP,LVL6)) | Hirdetõ: Steve J Sorrentino | Tel: 6-989-458 [18:50]
[18:51:27] Simon_Derossi kórház jail ideje: 90 mp
[18:51:52] Hirdetés: A Katonság, USAF felvételt tart a városházán!((RPG,LVL6)) | Hirdetõ: Steve J Sorrentino | Tel: 6-989-458 [18:51]
[18:52:47] [kredit][19]Krist_Roscoe kapott 1 bónusz kreditet (játszott óra)
[18:53:29] Hirdetés: A Katonaság, USAF felvételt tart a városházán!((RP,LVL6)) | Hirdetõ: Steve J Sorrentino | Tel: 6-989-458 [18:53]
[18:54:07] Hirdetés: Robogot veszek | Hirdetõ: Rock P DImitriev | Tel: 9-024-147 [18:54]
[18:55:09] Hirdetés: A Katonaság, USAF felvételt tart a városházán!((RP,LVL6)) | Hirdetõ: Steve J Sorrentino | Tel: 6-989-458 [18:55]
[18:55:22] [kredit][58]Steve_J_Sorrentino beváltott 10 kreditet 50g kokainért
[18:55:25] [kredit][58]Steve_J_Sorrentino beváltott 10 kreditet 50g kokainért
[18:56:37] [kredit][58]Steve_J_Sorrentino kapott 1 bónusz kreditet (játszott óra)
[18:58:48] [kredit][43]Ryan_Lennox kapott 1 bónusz kreditet (játszott óra)
[19:00:07] Hirdetés: A Katonaság, USAF felvételt tart a városházán!((RP,LVL6)) | Hirdetõ: Steve J Sorrentino | Tel: 6-989-458 [19:00]
[19:00:51] =====[ Játékos bejelentés érkezett ]=====
[19:00:51] Elkövetõ: [67]Doboska_Endre | Bejelentõ: [33]Natalia_Inferno
[19:00:51] Tett: {FFFF00}munkajármû magáncélra h.
[19:00:59] [kredit][23]Danno_Derossi kapott 1 bónusz kreditet (játszott óra)
[19:03:00] Hirdetés: A Katonaság, USAF felvételt tart a városházán!((RP,LVL6)) | Hirdetõ: Steve J Sorrentino | Tel: 6-989-458 [19:03]
[19:04:16] [kredit][51]James_D_Ryan kapott 1 bónusz kreditet (játszott óra)
[19:06:26] Hirdetés: A Katonaság, USAF felvételt tart a városházán!((RP,LVL6)) | Hirdetõ: Steve J Sorrentino | Tel: 6-989-458 [19:06]
[19:08:06] [kredit][29]James_Creed kapott 1 bónusz kreditet (játszott óra)
[19:08:49] Hirdetés: A Katonaság, USAF felvételt tart a városházán!((RP,LVL6)) | Hirdetõ: Steve J Sorrentino | Tel: 6-989-458 [19:08]
[19:09:11] [kredit][21]Patrick_Zecchin kapott 1 bónusz kreditet (játszott óra)
[19:09:11] [kredit][31]Joe_Surenos kapott 1 bónusz kreditet (játszott óra)
[19:10:50] [kredit][49]Elwood_JR_Sorrentino kapott 1 bónusz kreditet (játszott óra)
[19:11:23] [kredit][38]Tom_Zecchin kapott 1 bónusz kreditet (játszott óra)
[19:11:56] [kredit][35]Tom_Camorra kapott 1 bónusz kreditet (játszott óra)
[19:12:11] Henrik_Sedin kórház jail ideje: 90 mp
[19:12:29] [kredit][32]Henrik_Sedin kapott 1 bónusz kreditet (játszott óra)
[19:12:37] Daniel_Sedin kórház jail ideje: 210 mp
[19:15:48] [kredit][28]Cristofer_Francesko kapott 1 bónusz kreditet (játszott óra)
[19:15:58] James_Creed kórház jail ideje: 239 mp
[19:16:23] Sidney_Tribiani kórház jail ideje: 90 mp
[19:16:53] [kredit][41]Victor_Jr_Zecchin kapott 1 bónusz kreditet (játszott óra)
[19:17:58] [kredit][52]Krisztofer_Vincenzo kapott 1 bónusz kreditet (játszott óra)
[19:19:04] [kredit][36]Dave_S_Tomasso kapott 1 bónusz kreditet (játszott óra)
[19:19:04] [kredit][62]Raylyel_Isver kapott 1 bónusz kreditet (játszott óra)
[19:19:37] [kredit][40]Mate_Richard kapott 1 bónusz kreditet (játszott óra)
[19:20:42] [kredit][46]Patrik_O_Neill kapott 1 bónusz kreditet (játszott óra)
[19:20:42] [kredit][61]Joker_Creed kapott 1 bónusz kreditet (játszott óra)
[19:21:25] Thomas_Berzerk kórház jail ideje: 270 mp
[19:24:00] [kredit][59]Kevin_S_Tomasso kapott 1 bónusz kreditet (játszott óra)
[19:25:10] Pablo_S_Carcassone kórház jail ideje: 270 mp
[19:27:22] [kredit][25]Henrik_T_Scaletta beváltott 10 kreditet 50g kokainért
[19:27:26] [kredit][25]Henrik_T_Scaletta beváltott 10 kreditet 50g kokainért
[19:28:55] [kredit][43]Don_Sorrentino kapott 1 bónusz kreditet (játszott óra)
[19:30:00] [kredit][19]Jin_Sorrentino kapott 1 bónusz kreditet (játszott óra)
[19:31:06] [kredit][53]Tyler_Wish kapott 1 bónusz kreditet (játszott óra)
[19:31:39] [kredit][20]Greg_S_Sureyya kapott 1 bónusz kreditet (játszott óra)
[19:32:12] [kredit][46]Jasen_T_Asad kapott 1 bónusz kreditet (játszott óra)
[19:32:12] [kredit][76]Costa_Miles kapott 1 bónusz kreditet (játszott óra)
[19:32:45] [kredit][26]Nick_R_Wilson kapott 1 bónusz kreditet (játszott óra)
[19:33:26] Ryan_Lennox kórház jail ideje: 210 mp
[19:34:55] Leone_S_Tomasso LOGINkórház jail ideje: 408 mp
[19:35:28] [kredit][57]Max_Navarro kapott 1 bónusz kreditet (játszott óra)
[19:36:01] [kredit][70]Dave_Stinson kapott 1 bónusz kreditet (játszott óra)
[19:36:33] [kredit][60]Shura_Sharma kapott 1 bónusz kreditet (játszott óra)
[19:37:32] Leone_S_Tomasso kórház jail ideje: 269 mp
[19:37:32] Leone_S_Tomasso kórház jail ideje: 269 mp
[19:37:33] Leone_S_Tomasso kórház jail ideje: 268 mp
[19:38:44] [kredit][62]Mark_Bishop kapott 1 bónusz kreditet (játszott óra)
[19:39:17] [kredit][55]Thomas_Berzerk kapott 1 bónusz kreditet (játszott óra)
[19:40:05] [Frakció jármû feltörése]Név: Stefan_Berger Kocsi: 43
[19:40:57] [kredit][44]Antonn_Fedorov kapott 1 bónusz kreditet (játszott óra)
[19:41:14] Tom_Camorra kórház jail ideje: 89 mp
[19:41:30] [kredit][22]Edie_Morra kapott 1 bónusz kreditet (játszott óra)
[19:41:30] [kredit][25]Henrik_T_Scaletta kapott 1 bónusz kreditet (játszott óra)
[19:42:35] [kredit][51]James_D_Freeman kapott 1 bónusz kreditet (játszott óra)
[19:42:35] [kredit][71]John_Salivan kapott 1 bónusz kreditet (játszott óra)
[19:43:40] [kredit][42]Emanuel_Garcia kapott 1 bónusz kreditet (játszott óra)
[19:44:07] Jin_Sorrentino kórház jail ideje: 1110 mp
[19:47:30] [kredit][65]Rock_P_DImitriev kapott 1 bónusz kreditet (játszott óra)
[19:49:10] [kredit][30]Akos_White kapott 1 bónusz kreditet (játszott óra)
[19:49:19] Harold_G_Freeman kórház jail ideje: 270 mp
[19:50:58] Dave_R_Vincenzo kórház jail ideje: 990 mp
[19:52:28] [kredit][48]Valor_Colin kapott 1 bónusz kreditet (játszott óra)
[19:52:28] [kredit][49]Dave_Stone kapott 1 bónusz kreditet (játszott óra)
[19:54:07] [kredit][47]Dave_R_Vincenzo kapott 1 bónusz kreditet (játszott óra)
[19:54:39] [kredit][67]Doboska_Endre kapott 1 bónusz kreditet (játszott óra)
[19:55:12] [kredit][24]George_B_Hollywood kapott 1 bónusz kreditet (játszott óra)
[19:55:12] [kredit][69]Joe_Gates kapott 1 bónusz kreditet (játszott óra)
[19:56:17] [kredit][46]Joe_Walker kapott 1 bónusz kreditet (játszott óra)
[19:56:35] Patrick_Zecchin kórház jail ideje: 330 mp
[19:57:23] [kredit][53]Joshue_White kapott 1 bónusz kreditet (játszott óra)
[19:57:23] [kredit][64]Atsuya_D_Freeman kapott 1 bónusz kreditet (játszott óra)
[19:57:41] Alvilág: Területi jog eladó ((S M Beachh Ballas Sikátor)) | Hirdetõ: Darius N Ortega | Tel: 8-878-070 [19:57]
[19:59:49] Krist_Roscoe kórház jail ideje: 629 mp
[20:00:08] [kredit][77]Nelson_Washington kapott 1 bónusz kreditet (játszott óra)
[20:00:28] Jasen_T_Asad kórház jail ideje: 90 mp
[20:00:41] Alvilág: Területi jog eladó ((S M Beach, Ballas Sikátor)) | Hirdetõ: Darius N Ortega | Tel: 8-878-070 [20:00]
[20:02:53] [kredit][70]Carlos_D_Surenos kapott 1 bónusz kreditet (játszott óra)
[20:03:00] Antonn_Fedorov kórház jail ideje: 270 mp
[20:03:26] [kredit][26]Matt_Creed kapott 1 bónusz kreditet (játszott óra)
[20:03:59] [kredit][32]Stefan_Berger kapott 1 bónusz kreditet (játszott óra)
[20:04:32] [kredit][39]Tom_Torres kapott 1 bónusz kreditet (játszott óra)
[20:05:05] [kredit][49]Steve_J_Sorrentino kapott 1 bónusz kreditet (játszott óra)
[20:05:05] [kredit][61]Krist_Roscoe kapott 1 bónusz kreditet (játszott óra)
[20:06:45] [kredit][51]Ryan_Lennox kapott 1 bónusz kreditet (játszott óra)
[20:07:52] [kredit][56]Toth_Martin kapott 1 bónusz kreditet (játszott óra)
[20:07:52] [kredit][66]Pablo_S_Carcassone kapott 1 bónusz kreditet (játszott óra)
[20:08:25] [kredit][72]Oliver_Aciano kapott 1 bónusz kreditet (játszott óra)
[20:08:26] [kredit][57]Max_Navarro beváltott 10 kreditet 25g marihuanaért
[20:09:36] Valor_Colin kórház jail ideje: 90 mp
[20:09:40] [kredit][25]Henrik_T_Scaletta beváltott 10 kreditet 50g kokainért
[20:09:44] Patrick_Zecchin kórház jail ideje: 210 mp
[20:10:05] [kredit][75]Norbert_N_Ortega kapott 1 bónusz kreditet (játszott óra)
[20:11:43] Rock_P_DImitriev kórház jail ideje: 90 mp
[20:13:24] [kredit][64]Natalia_Inferno kapott 1 bónusz kreditet (játszott óra)
[20:13:57] [kredit][23]Charlie_Harper kapott 1 bónusz kreditet (játszott óra)
[20:14:31] [kredit][34]James_Creed kapott 1 bónusz kreditet (játszott óra)
[20:15:04] [kredit][21]Patrick_Zecchin kapott 1 bónusz kreditet (játszott óra)
[20:15:04] [kredit][31]Joe_Surenos kapott 1 bónusz kreditet (játszott óra)
[20:16:45] Dave_R_Vincenzo kórház jail ideje: 90 mp
[20:16:48] Tom_Torres kórház jail ideje: 330 mp
[20:17:17] [kredit][38]Tom_Zecchin kapott 1 bónusz kreditet (játszott óra)
[20:17:26] Leone_S_Tomasso kórház jail ideje: 270 mp
[20:17:30] Kevin_S_Tomasso kórház jail ideje: 90 mp
[20:17:34] Jin_Sorrentino kórház jail ideje: 90 mp
[20:17:38] Don_Sorrentino kórház jail ideje: 90 mp
[20:17:47] Carlos_D_Surenos kórház jail ideje: 627 mp
[20:18:03] Hirdetés: Infernus eladó | Hirdetõ: Darius N Ortega | Tel: 8-878-070 [20:18]
[20:19:21] Cristofer_Francesko kórház jail ideje: 90 mp
[20:19:40] Henrik_T_Scaletta kórház jail ideje: 270 mp
[20:20:16] Hirdetés: Infernus eladó | Hirdetõ: Darius N Ortega | Tel: 8-878-070 [20:20]
[20:20:38] [kredit][73]Nelson_Washington beváltott 10 kreditet 50g kokainért
[20:20:40] [kredit][73]Nelson_Washington beváltott 10 kreditet 50g kokainért
[20:21:08] [kredit][77]Daniel_Scaletta kapott 1 bónusz kreditet (játszott óra)
[20:21:38] [Frakció jármû ellopása]Név: Victor_Jr_Zecchin Kocsi: 133
[20:21:41] [kredit][28]Cristofer_Francesko kapott 1 bónusz kreditet (játszott óra)
[20:21:41] [kredit][58]Ralf_S_Tomasso kapott 1 bónusz kreditet (játszott óra)
[20:22:46] [kredit][41]Victor_Jr_Zecchin kapott 1 bónusz kreditet (játszott óra)
[20:22:58] Horvath_Adrian kórház jail ideje: 90 mp
[20:23:52] [kredit][52]Krisztofer_Vincenzo kapott 1 bónusz kreditet (játszott óra)
[20:24:11] Nick_R_Wilson kórház jail ideje: 90 mp
[20:25:27] Nelson_Washington kórház jail ideje: 390 mp
[20:27:42] [kredit][29]Drew_B_Dueno kapott 1 bónusz kreditet (játszott óra)
[20:27:42] [kredit][45]Horvath_Adrian kapott 1 bónusz kreditet (játszott óra)
[20:28:03] Alvilág: Sniper lõszer eladó | Hirdetõ: Antonn Fedorov | Tel: 5-141-402 [20:28]
[20:28:15] [kredit][27]Torres_Butler kapott 1 bónusz kreditet (játszott óra)
[20:29:21] [kredit][47]Sergei_B_Dueno kapott 1 bónusz kreditet (játszott óra)
[20:30:22] Krist_Roscoe kórház jail ideje: 90 mp
[20:30:27] [kredit][40]Mate_Richard kapott 1 bónusz kreditet (játszott óra)
[20:31:02] [kredit][37]Damien_Creed kapott 1 bónusz kreditet (játszott óra)
[20:31:35] [kredit][50]Elwood_JR_Sorrentino kapott 1 bónusz kreditet (játszott óra)
[20:32:07] [kredit][82]Ryder_T_Zecchin kapott 1 bónusz kreditet (játszott óra)
[20:34:16] Edie_Morra kórház jail ideje: 450 mp
[20:35:57] [kredit][18]Joker_Creed kapott 1 bónusz kreditet (játszott óra)
[20:35:57] [kredit][19]Jin_Sorrentino kapott 1 bónusz kreditet (játszott óra)
[20:35:57] [kredit][74]Cody_Aciano kapott 1 bónusz kreditet (játszott óra)
[20:37:03] [kredit][80]Frank_Cobain kapott 1 bónusz kreditet (játszott óra)
[20:37:23] [/v vásárol] - Jerry_Hooward vett egy Levy_B_Hollywood -tõl egy Majestic típusú jármûvet. 590 v-s rendszám.
[20:37:23] [/v vásárol] - UID: 8177165 nem kapta meg az utalást, mentve az összeg: 9,900,000 Ft. Kocsi Majestic
[20:37:36] [kredit][17]Leone_S_Tomasso kapott 1 bónusz kreditet (játszott óra)
[20:37:36] [kredit][20]Greg_S_Sureyya kapott 1 bónusz kreditet (játszott óra)
[20:38:42] [kredit][66]Don_Sorrentino kapott 1 bónusz kreditet (játszott óra)
[20:39:30] [/ram] Krist_Roscoe - 98-s ház
[20:39:48] [kredit][54]Jerry_Hooward kapott 1 bónusz kreditet (játszott óra)
[20:39:48] [kredit][58]Jasen_T_Asad kapott 1 bónusz kreditet (játszott óra)
[20:40:09] Emanuel_Garcia kórház jail ideje: 90 mp
[20:40:30] Damien_Creed kórház jail ideje: 1830 mp
[20:41:26] [kredit][57]Max_Navarro kapott 1 bónusz kreditet (játszott óra)
[20:41:26] [kredit][76]Santos_O_Neill kapott 1 bónusz kreditet (játszott óra)
[20:43:05] [kredit][81]Charlie_Leanders kapott 1 bónusz kreditet (játszott óra)
[20:44:14] [kredit][68]Nick_R_Wilson kapott 1 bónusz kreditet (játszott óra)
[20:45:53] [kredit][78]Mark_Bishop kapott 1 bónusz kreditet (játszott óra)
[20:46:53] Joker_Creed kórház jail ideje: 90 mp
[20:48:17] Hirdetés: Kocsit vennék 8-10 milláér  | Hirdetõ: Mate Richard | Tel: 5-292-994 [20:48]
[20:48:54] Akos_White LOGINkórház jail ideje: 90 mp
[20:49:10] [kredit][46]Max_D_Freeman kapott 1 bónusz kreditet (játszott óra)
[20:49:10] [kredit][51]Cody_White kapott 1 bónusz kreditet (játszott óra)
[20:49:10] [kredit][65]Edie_Morra kapott 1 bónusz kreditet (játszott óra)
[20:49:43] [kredit][42]Emanuel_Garcia kapott 1 bónusz kreditet (játszott óra)
[20:50:16] [kredit][43]John_Salivan kapott 1 bónusz kreditet (játszott óra)
[20:50:16] [kredit][86]Henrik_T_Scaletta kapott 1 bónusz kreditet (játszott óra)
[20:50:49] [kredit][44]James_D_Freeman kapott 1 bónusz kreditet (játszott óra)
[20:50:49] [kredit][60]Steve_Aoki kapott 1 bónusz kreditet (játszott óra)
[20:52:28] [kredit][39]Thomas_Berzerk kapott 1 bónusz kreditet (játszott óra)
[20:53:34] [kredit][24]Markus_D_Zecchin kapott 1 bónusz kreditet (játszott óra)
[20:54:50] [Frakció jármû ellopása]Név: Nadasi_Gyorgy Kocsi: 1021
[20:54:54] Daniel_Sedin LOGINkórház jail ideje: 85 mp
[20:55:13] [kredit][37]Daniel_Sedin kapott 1 bónusz kreditet (játszott óra)
[20:57:14] Damien_Creed LOGINkórház jail ideje: 1103 mp
[20:59:37] [kredit][61]John_Kelin kapott 1 bónusz kreditet (játszott óra)
[21:00:40] Edie_Morra kórház jail ideje: 210 mp
[21:00:43] [kredit][30]Akos_White kapott 1 bónusz kreditet (játszott óra)
[21:01:48] [kredit][28]Doboska_Endre kapott 1 bónusz kreditet (játszott óra)
[21:01:48] [kredit][32]Dave_R_Vincenzo kapott 1 bónusz kreditet (játszott óra)
[21:01:48] [kredit][69]Kevin_L_Saltzman kapott 1 bónusz kreditet (játszott óra)
[21:02:21] [kredit][59]Dave_Stone kapott 1 bónusz kreditet (játszott óra)
[21:03:27] [kredit][62]Rock_P_DImitriev kapott 1 bónusz kreditet (játszott óra)
[21:03:27] [kredit][81]George_B_Hollywood kapott 1 bónusz kreditet (játszott óra)
[21:03:29] Steve_J_Sorrentino kórház jail ideje: 630 mp
[21:03:32] Hirdetés: Házat vennék! | Hirdetõ: Daniel Sedin | Tel: 6-655-272 [21:03]
[21:04:10] Mate_Richard kórház jail ideje: 90 mp
[21:04:16] Santos_O_Neill kórház jail ideje: 330 mp
[21:04:33] [kredit][0]Joshue_White kapott 1 bónusz kreditet (játszott óra)
[21:05:10] Jin_Sorrentino kórház jail ideje: 86 mp
[21:06:11] [kredit][21]Costa_Miles kapott 1 bónusz kreditet (játszott óra)
[21:06:47] Damien_Creed LOGINkórház jail ideje: 633 mp
[21:07:18] [kredit][73]Nelson_Washington kapott 1 bónusz kreditet (játszott óra)
[21:07:51] [kredit][56]Zero_Hopkins kapott 1 bónusz kreditet (játszott óra)
[21:07:51] [kredit][64]Dukai_Roland kapott 1 bónusz kreditet (játszott óra)
[21:08:24] [kredit][60]Thomas_Davis kapott 1 bónusz kreditet (játszott óra)
[21:11:41] [kredit][49]Szabina_S_White kapott 1 bónusz kreditet (játszott óra)
[21:12:14] [kredit][17]Carlos_D_Surenos kapott 1 bónusz kreditet (játszott óra)
[21:12:14] [kredit][18]Tom_Torres kapott 1 bónusz kreditet (játszott óra)
[21:14:26] [kredit][72]Stefan_Berger kapott 1 bónusz kreditet (játszott óra)
[21:14:28] Steve_J_Sorrentino LOGINkórház jail ideje: 443 mp
[21:16:38] [kredit][70]Krist_Roscoe kapott 1 bónusz kreditet (játszott óra)
[21:16:40] Kevin_L_Saltzman kórház jail ideje: 450 mp
[21:17:11] [kredit][33]Oliver_Aciano kapott 1 bónusz kreditet (játszott óra)
[21:18:03] Zero_Hopkins kórház jail ideje: 90 mp
[21:18:18] [kredit][88]Matt_Creed kapott 1 bónusz kreditet (játszott óra)
[21:18:49] John_Salivan LOGINkórház jail ideje: 90 mp
[21:18:51] Rock_P_DImitriev LOGINkórház jail ideje: 90 mp
[21:19:58] [kredit][23]Charlie_Harper kapott 1 bónusz kreditet (játszott óra)
[21:19:58] [kredit][42]Steve_J_Sorrentino kapott 1 bónusz kreditet (játszott óra)
[21:20:31] [kredit][34]James_Creed kapott 1 bónusz kreditet (játszott óra)
[21:21:04] [kredit][31]Joe_Surenos kapott 1 bónusz kreditet (játszott óra)
[21:22:35] Elwood_JR_Sorrentino LOGINkórház jail ideje: 90 mp
[21:24:23] [kredit][30]Tom_Zecchin kapott 1 bónusz kreditet (játszott óra)
[21:24:23] [kredit][62]Jimmy_Doherty kapott 1 bónusz kreditet (játszott óra)
[21:24:56] [kredit][44]Usate_Krukenberg kapott 1 bónusz kreditet (játszott óra)
[21:27:09] [kredit][46]Pablo_Scaletta kapott 1 bónusz kreditet (játszott óra)
[21:27:09] [kredit][76]Shura_Sharma kapott 1 bónusz kreditet (játszott óra)
[21:28:15] [kredit][24]Patrik_O_Neill kapott 1 bónusz kreditet (játszott óra)
[21:28:15] [kredit][55]Darius_N_Ortega kapott 1 bónusz kreditet (játszott óra)
[21:28:48] [kredit][41]Victor_Jr_Zecchin kapott 1 bónusz kreditet (játszott óra)
[21:31:32] [kredit][64]Denny_Toretto kapott 1 bónusz kreditet (játszott óra)
[21:33:10] [kredit][42]Brandon_Toretto kapott 1 bónusz kreditet (játszott óra)
[21:33:42] [kredit][29]Daniel_Scaletta kapott 1 bónusz kreditet (játszott óra)
[21:34:48] [kredit][68]Kazuyoshi_Akira kapott 1 bónusz kreditet (játszott óra)
[21:34:58] Hirdetés: Házat veszek!! | Hirdetõ: Norbert N Ortega | Tel: 8-058-468 [21:34]
[21:35:20] [kredit][47]Sergei_B_Dueno kapott 1 bónusz kreditet (játszott óra)
[21:36:00] Johan_B_Black LOGINkórház jail ideje: 410 mp
[21:36:17] Shura_Sharma kórház jail ideje: 89 mp
[21:36:26] [kredit][41]Krisztofer_Vincenzo kapott 1 bónusz kreditet (játszott óra)
[21:37:31] [kredit][38]Mester_Csaba kapott 1 bónusz kreditet (játszott óra)
[21:38:37] [kredit][48]Mate_Richard kapott 1 bónusz kreditet (játszott óra)
[21:39:10] [kredit][51]Elwood_JR_Sorrentino kapott 1 bónusz kreditet (játszott óra)
[21:39:43] [kredit][21]Norbert_N_Ortega kapott 1 bónusz kreditet (játszott óra)
[21:40:15] [kredit][53]Damien_Creed kapott 1 bónusz kreditet (játszott óra)
[21:41:20] [kredit][22]Dave_Stinson kapott 1 bónusz kreditet (játszott óra)
[21:42:25] [kredit][34]Henrik_Sedin kapott 1 bónusz kreditet (játszott óra)
[21:43:08] Kevin_L_Saltzman LOGINkórház jail ideje: 273 mp
[21:45:39] [kredit][39]Toth_Martin kapott 1 bónusz kreditet (játszott óra)
[21:46:12] [kredit][19]Jasen_T_Asad kapott 1 bónusz kreditet (játszott óra)
[21:47:49] [kredit][26]Lucio_Zecchin kapott 1 bónusz kreditet (játszott óra)
[21:50:32] [kredit][70]Leone_S_Tomasso kapott 1 bónusz kreditet (játszott óra)
[21:51:17] Hirdetés: szerelés kell? hívják a szerelõket! ((/service mechanic)) | Hirdetõ: Kazuyoshi Akira | Tel: 5-031-040 [21:51]
[21:52:06] Hirdetés: Boxville eladó! | Hirdetõ: Steve J Sorrentino | Tel: 6-989-458 [21:52]
[21:52:10] [kredit][69]Mike_O_Neill kapott 1 bónusz kreditet (játszott óra)
[21:53:47] [kredit][63]Valor_Colin kapott 1 bónusz kreditet (játszott óra)
[21:54:15] [kredit][63]Valor_Colin beváltott 10 kreditet 50g kokainért
[21:54:38] Santos_O_Neill LOGINkórház jail ideje: 296 mp
[21:54:53] [kredit][28]Drew_B_Dueno kapott 1 bónusz kreditet (játszott óra)
[21:55:34] Nelson_Washington kórház jail ideje: 90 mp
[21:55:57] [kredit][50]Jefferson_B_Black kapott 1 bónusz kreditet (játszott óra)
[21:56:29] [kredit][37]Bentner_K_White kapott 1 bónusz kreditet (játszott óra)
[21:56:29] [kredit][67]Emanuel_Garcia kapott 1 bónusz kreditet (játszott óra)
[21:57:03] Dukai_Roland kórház jail ideje: 90 mp
[21:57:33] [kredit][54]John_Salivan kapott 1 bónusz kreditet (játszott óra)
[21:58:39] [kredit][51]Johny_Morales kapott 1 bónusz kreditet (játszott óra)
[21:59:45] [kredit][72]Tyler_Wish kapott 1 bónusz kreditet (játszott óra)
[22:01:23] [kredit][22]David_Toretto kapott 1 bónusz kreditet (játszott óra)
[22:01:23] [kredit][64]Henrik_T_Scaletta kapott 1 bónusz kreditet (játszott óra)
[22:01:55] [kredit][57]Connor_O_Neill kapott 1 bónusz kreditet (játszott óra)
[22:02:28] [kredit][43]Betty_O_Neill kapott 1 bónusz kreditet (játszott óra)
[22:02:51] [jármu átalakítás]Eredeti: 364 új 483 Tulaj: Betty_O_Neill, Rendszám: 854
[22:02:56] Zero_Hopkins LOGINkórház jail ideje: 90 mp
[22:03:25] [kredit][75]Nelson_Washington beváltott 10 kreditet 50g kokainért
[22:03:26] [kredit][75]Nelson_Washington beváltott 10 kreditet 50g kokainért
[22:05:29] William_Washington kórház jail ideje: 87 mp
[22:07:30] Jason_O_Neill LOGINkórház jail ideje: 80 mp
[22:08:28] [kredit][73]William_Washington kapott 1 bónusz kreditet (játszott óra)
[22:09:02] [BOLTRABLÁS] Steve_Connor boltot rabol, összesen 1-n vannak
[22:10:05] [kredit][0]Joshue_White kapott 1 bónusz kreditet (játszott óra)
[22:10:06] [BOLTRABLÁS] Steve_Connor befejezte a boltrablást, 1-n maradtak, 1-n kezdték
[22:10:06] Steve_Connor rabolt 1 emberrel, összeg: 37406Ft
[22:11:42] [kredit][29]Mark_Bishop kapott 1 bónusz kreditet (játszott óra)
[22:12:47] [kredit][17]Thomas_Berzerk kapott 1 bónusz kreditet (játszott óra)
[22:14:02] Chris_S_Black kórház jail ideje: 90 mp
[22:14:05] Johan_B_Black kórház jail ideje: 90 mp
[22:14:26] [kredit][50]Thomas_Davis kapott 1 bónusz kreditet (játszott óra)
[22:14:26] [kredit][75]Nelson_Washington kapott 1 bónusz kreditet (játszott óra)
[22:14:59] [kredit][18]Dukai_Roland kapott 1 bónusz kreditet (játszott óra)
[22:15:50] Christopher_H_Gates kórház jail ideje: 89 mp
[22:19:19] [kredit][20]Szabina_S_White kapott 1 bónusz kreditet (játszott óra)
[22:19:52] [kredit][23]Don_Sorrentino kapott 1 bónusz kreditet (játszott óra)
[22:19:52] [kredit][28]Ryder_T_Zecchin kapott 1 bónusz kreditet (játszott óra)
[22:20:25] [kredit][42]Stefan_Berger kapott 1 bónusz kreditet (játszott óra)
[22:23:12] [kredit][25]Jason_O_Neill kapott 1 bónusz kreditet (játszott óra)
[22:23:45] [kredit][56]Philip_Skipper kapott 1 bónusz kreditet (játszott óra)
[22:24:19] [kredit][78]Harold_G_Freeman kapott 1 bónusz kreditet (játszott óra)
[22:24:30] [/ram] Nelson_Washington - 149-s ház
[22:24:33] [/ram] John_Salivan - 149-s ház
[22:25:04] [/ram] Don_Sorrentino - 149-s ház
[22:26:30] [kredit][32]James_Creed kapott 1 bónusz kreditet (játszott óra)
[22:26:30] [kredit][59]John_Kelin kapott 1 bónusz kreditet (játszott óra)
[22:26:59] Santos_O_Neill kórház jail ideje: 90 mp
[22:27:36] [kredit][58]Antonn_Fedorov kapott 1 bónusz kreditet (játszott óra)
[22:28:42] [kredit][65]Krist_Roscoe kapott 1 bónusz kreditet (játszott óra)
[22:29:15] [kredit][35]Doboska_Endre kapott 1 bónusz kreditet (játszott óra)
[22:29:29] Mark_Bishop kórház jail ideje: 90 mp
[22:30:22] Santos_O_Neill LOGINkórház jail ideje: 80 mp
[22:30:29] [BOLTRABLÁS] Steve_Connor boltot rabol, összesen 1-n vannak
[22:31:26] [kredit][70]Costa_Miles kapott 1 bónusz kreditet (játszott óra)
[22:31:35] [BOLTRABLÁS] Steve_Connor befejezte a boltrablást, 1-n maradtak, 1-n kezdték
[22:31:35] Steve_Connor rabolt 1 emberrel, összeg: 37406Ft
[22:31:44] Valor_Colin kórház jail ideje: 270 mp
[22:32:32] [kredit][68]Jimmy_Doherty kapott 1 bónusz kreditet (játszott óra)
[22:32:41] Tyler_Wish kórház jail ideje: 570 mp
[22:32:42] Victor_Jr_Zecchin kórház jail ideje: 270 mp
[22:33:37] [kredit][55]Darius_N_Ortega kapott 1 bónusz kreditet (játszott óra)
[22:34:42] [kredit][49]James_D_Ryan kapott 1 bónusz kreditet (játszott óra)
[22:34:42] [kredit][51]Dominic_Vincenzo kapott 1 bónusz kreditet (játszott óra)
[22:35:14] [kredit][33]Akos_B_Gates kapott 1 bónusz kreditet (játszott óra)
[22:36:25] Hirdetés: Hívja a szerelõket!((/service mechanic)) | Hirdetõ: Kazuyoshi Akira | Tel: 5-031-040 [22:36]
[22:37:24] [kredit][24]Patrik_O_Neill kapott 1 bónusz kreditet (játszott óra)
[22:39:04] Akos_B_Gates kórház jail ideje: 90 mp
[22:39:34] [kredit][46]Robert_Scaletta kapott 1 bónusz kreditet (játszott óra)
[22:39:34] [kredit][74]Steve_Connor kapott 1 bónusz kreditet (játszott óra)
[22:40:35] =====[ Játékos bejelentés érkezett ]=====
[22:40:35] Elkövetõ: [19]Usate_Krukenberg | Bejelentõ: [34]Toth_Martin
[22:40:35] Tett: {FFFF00}vadász kocsit lop mikor az õzet ellátom....
[22:40:40] [kredit][38]Daniel_Scaletta kapott 1 bónusz kreditet (játszott óra)
[22:41:46] [kredit][20]Kazuyoshi_Akira kapott 1 bónusz kreditet (játszott óra)
[22:41:46] [kredit][40]Sergei_B_Dueno kapott 1 bónusz kreditet (játszott óra)
[22:42:18] [kredit][26]Krisztofer_Vincenzo kapott 1 bónusz kreditet (játszott óra)
[22:42:51] [kredit][19]Usate_Krukenberg kapott 1 bónusz kreditet (játszott óra)
[22:43:24] [kredit][62]Santos_O_Neill kapott 1 bónusz kreditet (játszott óra)
[22:43:24] [kredit][71]Matt_Creed kapott 1 bónusz kreditet (játszott óra)
[22:45:48] Nelson_Washington kórház jail ideje: 90 mp
[22:46:08] [kredit][30]Elwood_JR_Sorrentino kapott 1 bónusz kreditet (játszott óra)
[22:46:08] [kredit][53]Damien_Creed kapott 1 bónusz kreditet (játszott óra)
[22:46:08] [kredit][77]Norbert_N_Ortega kapott 1 bónusz kreditet (játszott óra)
[22:47:04] Krisztofer_Vincenzo kórház jail ideje: 930 mp
[22:47:13] [kredit][63]Darthy_M_Stillenacht kapott 1 bónusz kreditet (játszott óra)
[22:47:36] Robert_Scaletta kórház jail ideje: 90 mp
[22:47:50] Dominic_Vincenzo kórház jail ideje: 90 mp
[22:47:54] [BOLTRABLÁS] Steve_Connor boltot rabol, összesen 1-n vannak
[22:48:58] [BOLTRABLÁS] Steve_Connor befejezte a boltrablást, 1-n maradtak, 1-n kezdték
[22:48:58] Steve_Connor rabolt 1 emberrel, összeg: 37406Ft
[22:51:03] [kredit][0]James_D_Freeman kapott 1 bónusz kreditet (játszott óra)
[22:52:08] [kredit][34]Toth_Martin kapott 1 bónusz kreditet (játszott óra)
[22:53:17] [/v vásárol] - Mate_Richard vett egy Steve_J_Sorrentino -tõl egy Boxvillde típusú jármûvet. 154 v-s rendszám.
[22:53:17] [/v vásárol] - UID: 8185031 nem kapta meg az utalást, mentve az összeg: 9,900,000 Ft. Kocsi Boxvillde
[22:54:57] [BOLTRABLÁS] Steve_Connor boltot rabol, összesen 1-n vannak
[22:55:21] Alvilág: munkat keresek! | Hirdetõ: Dr Bartos Krisztian | Tel: 8-230-164 [22:55]
[22:55:48] [kredit][29]Don_Sorrentino beváltott 10 kreditet 25g marihuanaért
[22:56:02] [BOLTRABLÁS] Steve_Connor befejezte a boltrablást, 1-n maradtak, 1-n kezdték
[22:56:02] Steve_Connor rabolt 1 emberrel, összeg: 37406Ft
[22:57:02] [kredit][47]Zero_Hopkins kapott 1 bónusz kreditet (játszott óra)
[22:57:34] [kredit][21]Steve_Aoki kapott 1 bónusz kreditet (játszott óra)
[22:57:34] [kredit][69]Mike_O_Neill kapott 1 bónusz kreditet (játszott óra)
[22:57:54] Krisztofer_Vincenzo LOGINkórház jail ideje: 434 mp
[22:58:29] Don_Sorrentino kórház jail ideje: 90 mp
[22:59:14] Henrik_T_Scaletta LOGINkórház jail ideje: 90 mp
[22:59:20] Zero_Hopkins LOGINkórház jail ideje: 90 mp
[23:00:12] Hirdetés: Securicar erdekel! | Hirdetõ: Dr Bartos Krisztian | Tel: 8-230-164 [23:00]
[23:03:01] [kredit][54]John_Salivan kapott 1 bónusz kreditet (játszott óra)
[23:03:33] [kredit][27]Akos_Vincenzo kapott 1 bónusz kreditet (játszott óra)
[23:03:57] [BOLTRABLÁS] Steve_Connor boltot rabol, összesen 1-n vannak
[23:04:06] [kredit][41]Daniel_Davis kapott 1 bónusz kreditet (játszott óra)
[23:05:02] [BOLTRABLÁS] Steve_Connor befejezte a boltrablást, 1-n maradtak, 1-n kezdték
[23:05:02] Steve_Connor rabolt 1 emberrel, összeg: 37406Ft
[23:05:11] [kredit][57]Daniel_Sedin kapott 1 bónusz kreditet (játszott óra)
[23:06:16] [kredit][48]Tyler_Wish kapott 1 bónusz kreditet (játszott óra)
[23:06:16] [kredit][52]Sam_Witwicky kapott 1 bónusz kreditet (játszott óra)
[23:06:46] Hanzon_Soprano kórház jail ideje: 1708 mp
[23:07:02] Hirdetés: Hívja a szerelõket!((/service mechanic)) | Hirdetõ: Kazuyoshi Akira | Tel: 5-031-040 [23:07]
[23:07:54] [kredit][36]Henrik_T_Scaletta kapott 1 bónusz kreditet (játszott óra)
[23:07:54] [kredit][42]Valor_Colin kapott 1 bónusz kreditet (játszott óra)
[23:07:54] [kredit][43]Betty_O_Neill kapott 1 bónusz kreditet (játszott óra)
[23:09:32] [kredit][33]Connor_O_Neill kapott 1 bónusz kreditet (játszott óra)
[23:10:04] [kredit][38]Leone_S_Tomasso kapott 1 bónusz kreditet (játszott óra)
[23:11:45] Valor_Colin kórház jail ideje: 90 mp
[23:12:01] Dr_Bartos_Krisztian kórház jail ideje: 2670 mp
[23:12:14] [kredit][37]Dave_Stone kapott 1 bónusz kreditet (játszott óra)
[23:12:31] Marcell_O_Neill kórház jail ideje: 270 mp
[23:12:34] Elwood_JR_Sorrentino kórház jail ideje: 390 mp
[23:12:47] [kredit][47]Christopher_H_Gates kapott 1 bónusz kreditet (játszott óra)
[23:13:53] Don_Sorrentino kórház jail ideje: 90 mp
[23:18:46] Don_Sorrentino kórház jail ideje: 89 mp
[23:18:55] Zero_Hopkins kórház jail ideje: 90 mp
[23:20:21] [kredit][31]Thomas_Davis kapott 1 bónusz kreditet (játszott óra)
[23:27:21] [kredit][29]Don_Sorrentino kapott 1 bónusz kreditet (játszott óra)
[23:28:58] [kredit][25]Jason_O_Neill kapott 1 bónusz kreditet (játszott óra)
[23:29:30] [kredit][0]Philip_Skipper kapott 1 bónusz kreditet (játszott óra)
[23:29:30] [kredit][78]Harold_G_Freeman kapott 1 bónusz kreditet (játszott óra)
[23:31:38] [/v vesz] - Connor_O_Neill vett Marcell_O_Neill -tõl egy Freeway típusú jármûvet. 68 v-s rendszám.
[23:32:44] [kredit][25]Nelson_Washington kapott 1 bónusz kreditet (játszott óra)
[23:32:44] [kredit][34]Torres_Butler kapott 1 bónusz kreditet (játszott óra)
[23:33:16] [kredit][20]Antonn_Fedorov kapott 1 bónusz kreditet (játszott óra)
[23:36:05] [/v vásárol] - Steve_J_Sorrentino megkapta az utalást utolag nem volt online 9,900,000 Ft. Kocsi: Boxvillde
[23:37:01] [kredit][26]Costa_Miles kapott 1 bónusz kreditet (játszott óra)
[23:37:33] [kredit][40]Marcell_O_Neill kapott 1 bónusz kreditet (játszott óra)
[23:38:04] [kredit][27]Henrik_T_Scaletta beváltott 10 kreditet 50g kokainért
[23:38:08] [kredit][27]Henrik_T_Scaletta beváltott 10 kreditet 50g kokainért
[23:38:57] Daniel_Sedin kórház jail ideje: 90 mp
[23:39:10] [kredit][32]Darius_N_Ortega kapott 1 bónusz kreditet (játszott óra)
[23:39:36] Daniel_Sedin kórház jail ideje: 55 mp
[23:40:14] [kredit][36]Dominic_Vincenzo kapott 1 bónusz kreditet (játszott óra)
[23:45:35] [kredit][38]Patrik_O_Neill kapott 1 bónusz kreditet (játszott óra)
[23:47:11] [kredit][43]Daniel_Scaletta kapott 1 bónusz kreditet (játszott óra)
[23:47:43] [kredit][19]Usate_Krukenberg kapott 1 bónusz kreditet (játszott óra)
[23:48:47] [kredit][44]Krisztofer_Vincenzo kapott 1 bónusz kreditet (játszott óra)
[23:49:52] [kredit][30]David_Toretto kapott 1 bónusz kreditet (játszott óra)
[23:49:52] [kredit][56]Shura_Sharma kapott 1 bónusz kreditet (játszott óra)
[23:50:24] [kredit][39]Jefferson_B_Black kapott 1 bónusz kreditet (játszott óra)
[23:51:27] [kredit][24]Norbert_N_Ortega kapott 1 bónusz kreditet (játszott óra)
[23:53:35] [kredit][20]Elwood_JR_Sorrentino kapott 1 bónusz kreditet (játszott óra)
[23:53:35] [kredit][22]Felix_Wheeler kapott 1 bónusz kreditet (játszott óra)
[23:54:07] [kredit][21]Ashley_W_Taylor kapott 1 bónusz kreditet (játszott óra)
[23:55:43] [kredit][18]Damien_Creed kapott 1 bónusz kreditet (játszott óra)
[23:56:18] Antonn_Fedorov kórház jail ideje: 810 mp
[23:56:47] [kredit][23]James_D_Freeman kapott 1 bónusz kreditet (játszott óra)
