[00:03:10] [biznisz TILL1: 25] Eredeti összeg: 1,000, Adott: 0, HetiAktivsag: 26, Szorzó 0 oka: nem lépet be 24 órája
[00:03:50] [biznisz TILL1: 13] Eredeti összeg: 1,950, Adott: 0, HetiAktivsag: 14, Szorzó 0 oka: nem lépet be 24 órája
[00:03:50] [biznisz TILL2: 13] Eredeti összeg: 1,950, Adott:0, HetiAktivsag: 0, Szorzó: 0.000000 Oka: FÕTulaj nem lépett be 24 órája
[00:03:51] [biznisz TILL1: 25] Eredeti összeg: 450, Adott: 0, HetiAktivsag: 26, Szorzó 0 oka: nem lépet be 24 órája
[00:04:04] [biznisz TILL1: 25] Eredeti összeg: 775, Adott: 0, HetiAktivsag: 26, Szorzó 0 oka: nem lépet be 24 órája
[00:04:11] [biznisz TILL1: 13] Eredeti összeg: 1,950, Adott: 0, HetiAktivsag: 14, Szorzó 0 oka: nem lépet be 24 órája
[00:04:11] [biznisz TILL2: 13] Eredeti összeg: 1,950, Adott:0, HetiAktivsag: 0, Szorzó: 0.000000 Oka: FÕTulaj nem lépett be 24 órája
[00:04:18] [biznisz TILL1: 6] Eredeti összeg: 12,750, Adott: 0, HetiAktivsag: 3, Szorzó 0 oka: nem lépet be 24 órája
[00:04:21] [biznisz TILL1: 25] Eredeti összeg: 450, Adott: 0, HetiAktivsag: 26, Szorzó 0 oka: nem lépet be 24 órája
[00:04:28] [biznisz TILL1: 25] Eredeti összeg: 450, Adott: 0, HetiAktivsag: 26, Szorzó 0 oka: nem lépet be 24 órája
[00:07:23] [biznisz TILL1: 5] Eredeti összeg: 30,000, Adott: 0, HetiAktivsag: 0, Szorzó 0.000000
[00:14:37] [biznisz TILL1: 27] Eredeti összeg: 5,000, Adott: 5,000, HetiAktivsag: 20, Szorzó 1.000000
[00:15:01] [biznisz TILL1: 27] Eredeti összeg: 17,172, Adott: 17,172, HetiAktivsag: 20, Szorzó 1.000000
[00:15:28] [biznisz TILL1: 3] Eredeti összeg: 800,000, Adott: 0, HetiAktivsag: 36, Szorzó 0 oka: nem lépet be 24 órája
[00:15:28] [biznisz TILL2: 3] Eredeti összeg: 200,000, Adott:0, HetiAktivsag: 22, Szorzó: 1.000000 Oka: FÕTulaj nem lépett be 24 órája
[00:15:38] [biznisz TILL1: 6] Eredeti összeg: 170, Adott: 0, HetiAktivsag: 3, Szorzó 0 oka: nem lépet be 24 órája
[00:15:50] [biznisz TILL1: 6] Eredeti összeg: 170, Adott: 0, HetiAktivsag: 3, Szorzó 0 oka: nem lépet be 24 órája
[00:16:11] [biznisz TILL1: 3] Eredeti összeg: 800,000, Adott: 0, HetiAktivsag: 36, Szorzó 0 oka: nem lépet be 24 órája
[00:16:11] [biznisz TILL2: 3] Eredeti összeg: 200,000, Adott:0, HetiAktivsag: 22, Szorzó: 1.000000 Oka: FÕTulaj nem lépett be 24 órája
[00:16:15] [biznisz TILL1: 6] Eredeti összeg: 170, Adott: 0, HetiAktivsag: 3, Szorzó 0 oka: nem lépet be 24 órája
[00:16:25] [biznisz TILL1: 6] Eredeti összeg: 170, Adott: 0, HetiAktivsag: 3, Szorzó 0 oka: nem lépet be 24 órája
[00:16:33] [biznisz TILL1: 6] Eredeti összeg: 170, Adott: 0, HetiAktivsag: 3, Szorzó 0 oka: nem lépet be 24 órája
[00:16:38] [biznisz TILL1: 6] Eredeti összeg: 170, Adott: 0, HetiAktivsag: 3, Szorzó 0 oka: nem lépet be 24 órája
[00:24:04] [biznisz TILL1: 5] Eredeti összeg: 30,000, Adott: 0, HetiAktivsag: 0, Szorzó 0.000000
[00:28:41] [biznisz TILL1: 6] Eredeti összeg: 170, Adott: 0, HetiAktivsag: 3, Szorzó 0 oka: nem lépet be 24 órája
[00:28:52] [biznisz TILL1: 6] Eredeti összeg: 170, Adott: 0, HetiAktivsag: 3, Szorzó 0 oka: nem lépet be 24 órája
[00:29:07] [biznisz TILL1: 6] Eredeti összeg: 170, Adott: 0, HetiAktivsag: 3, Szorzó 0 oka: nem lépet be 24 órája
[00:29:31] [biznisz TILL1: 13] Eredeti összeg: 1,950, Adott: 0, HetiAktivsag: 14, Szorzó 0 oka: nem lépet be 24 órája
[00:29:31] [biznisz TILL2: 13] Eredeti összeg: 1,950, Adott:0, HetiAktivsag: 0, Szorzó: 0.000000 Oka: FÕTulaj nem lépett be 24 órája
[00:29:34] [biznisz TILL1: 13] Eredeti összeg: 1,950, Adott: 0, HetiAktivsag: 14, Szorzó 0 oka: nem lépet be 24 órája
[00:29:34] [biznisz TILL2: 13] Eredeti összeg: 1,950, Adott:0, HetiAktivsag: 0, Szorzó: 0.000000 Oka: FÕTulaj nem lépett be 24 órája
[00:29:34] [biznisz TILL1: 13] Eredeti összeg: 1,950, Adott: 0, HetiAktivsag: 14, Szorzó 0 oka: nem lépet be 24 órája
[00:29:34] [biznisz TILL2: 13] Eredeti összeg: 1,950, Adott:0, HetiAktivsag: 0, Szorzó: 0.000000 Oka: FÕTulaj nem lépett be 24 órája
[00:29:37] [biznisz TILL1: 13] Eredeti összeg: 1,950, Adott: 0, HetiAktivsag: 14, Szorzó 0 oka: nem lépet be 24 órája
[00:29:37] [biznisz TILL2: 13] Eredeti összeg: 1,950, Adott:0, HetiAktivsag: 0, Szorzó: 0.000000 Oka: FÕTulaj nem lépett be 24 órája
[00:29:40] [biznisz TILL1: 13] Eredeti összeg: 240, Adott: 0, HetiAktivsag: 14, Szorzó 0 oka: nem lépet be 24 órája
[00:29:40] [biznisz TILL2: 13] Eredeti összeg: 240, Adott:0, HetiAktivsag: 0, Szorzó: 0.000000 Oka: FÕTulaj nem lépett be 24 órája
[00:32:22] [biznisz TILL1: 27] Eredeti összeg: 5,000, Adott: 5,000, HetiAktivsag: 20, Szorzó 1.000000
[00:35:06] [biznisz TILL1: 13] Eredeti összeg: 240, Adott: 0, HetiAktivsag: 14, Szorzó 0 oka: nem lépet be 24 órája
[00:35:06] [biznisz TILL2: 13] Eredeti összeg: 240, Adott:0, HetiAktivsag: 0, Szorzó: 0.000000 Oka: FÕTulaj nem lépett be 24 órája
[00:35:09] [biznisz TILL1: 13] Eredeti összeg: 240, Adott: 0, HetiAktivsag: 14, Szorzó 0 oka: nem lépet be 24 órája
[00:35:09] [biznisz TILL2: 13] Eredeti összeg: 240, Adott:0, HetiAktivsag: 0, Szorzó: 0.000000 Oka: FÕTulaj nem lépett be 24 órája
[00:35:13] [biznisz TILL1: 13] Eredeti összeg: 240, Adott: 0, HetiAktivsag: 14, Szorzó 0 oka: nem lépet be 24 órája
[00:35:13] [biznisz TILL2: 13] Eredeti összeg: 240, Adott:0, HetiAktivsag: 0, Szorzó: 0.000000 Oka: FÕTulaj nem lépett be 24 órája
[00:35:17] [biznisz TILL1: 13] Eredeti összeg: 240, Adott: 0, HetiAktivsag: 14, Szorzó 0 oka: nem lépet be 24 órája
[00:35:17] [biznisz TILL2: 13] Eredeti összeg: 240, Adott:0, HetiAktivsag: 0, Szorzó: 0.000000 Oka: FÕTulaj nem lépett be 24 órája
[00:35:27] [biznisz TILL1: 13] Eredeti összeg: 150, Adott: 0, HetiAktivsag: 14, Szorzó 0 oka: nem lépet be 24 órája
[00:35:27] [biznisz TILL2: 13] Eredeti összeg: 150, Adott:0, HetiAktivsag: 0, Szorzó: 0.000000 Oka: FÕTulaj nem lépett be 24 órája
[00:35:27] [biznisz TILL1: 13] Eredeti összeg: 529, Adott: 0, HetiAktivsag: 14, Szorzó 0 oka: nem lépet be 24 órája
[00:35:27] [biznisz TILL2: 13] Eredeti összeg: 529, Adott:0, HetiAktivsag: 0, Szorzó: 0.000000 Oka: FÕTulaj nem lépett be 24 órája
[00:35:33] [biznisz TILL1: 13] Eredeti összeg: 240, Adott: 0, HetiAktivsag: 14, Szorzó 0 oka: nem lépet be 24 órája
[00:35:33] [biznisz TILL2: 13] Eredeti összeg: 240, Adott:0, HetiAktivsag: 0, Szorzó: 0.000000 Oka: FÕTulaj nem lépett be 24 órája
[00:35:41] [biznisz TILL1: 13] Eredeti összeg: 210, Adott: 0, HetiAktivsag: 14, Szorzó 0 oka: nem lépet be 24 órája
[00:35:41] [biznisz TILL2: 13] Eredeti összeg: 210, Adott:0, HetiAktivsag: 0, Szorzó: 0.000000 Oka: FÕTulaj nem lépett be 24 órája
[00:40:05] [biznisz TILL1: 12] Eredeti összeg: 50,000, Adott: 0, HetiAktivsag: 3, Szorzó 0.000000
[00:41:32] [biznisz TILL1: 27] Eredeti összeg: 5,000, Adott: 5,000, HetiAktivsag: 20, Szorzó 1.000000
[00:56:27] [biznisz TILL1: 8] Eredeti összeg: 2,800, Adott: 0, HetiAktivsag: 14, Szorzó 0 oka: nem lépet be 24 órája
[00:56:27] [biznisz TILL2: 8] Eredeti összeg: 1,200, Adott:0, HetiAktivsag: 11, Szorzó: 1.000000 Oka: FÕTulaj nem lépett be 24 órája
[00:58:17] [biznisz TILL1: 6] Eredeti összeg: 170, Adott: 0, HetiAktivsag: 3, Szorzó 0 oka: nem lépet be 24 órája
[00:58:36] [biznisz TILL1: 6] Eredeti összeg: 170, Adott: 0, HetiAktivsag: 3, Szorzó 0 oka: nem lépet be 24 órája
[00:58:46] [biznisz TILL1: 6] Eredeti összeg: 170, Adott: 0, HetiAktivsag: 3, Szorzó 0 oka: nem lépet be 24 órája
[00:59:18] [biznisz TILL1: 6] Eredeti összeg: 170, Adott: 0, HetiAktivsag: 3, Szorzó 0 oka: nem lépet be 24 órája
[01:09:05] [biznisz TILL1: 5] Eredeti összeg: 30,000, Adott: 0, HetiAktivsag: 0, Szorzó 0 oka: heti átlag kisebb mint 7
[02:22:46] [biznisz TILL1: 8] Eredeti összeg: 1,860, Adott: 0, HetiAktivsag: 14, Szorzó 0 oka: nem lépet be 24 órája
[02:22:46] [biznisz TILL2: 8] Eredeti összeg: 780, Adott:0, HetiAktivsag: 11, Szorzó: 1.000000 Oka: FÕTulaj nem lépett be 24 órája
[02:36:15] [biznisz TILL1: 5] Eredeti összeg: 30,000, Adott: 0, HetiAktivsag: 0, Szorzó 0 oka: heti átlag kisebb mint 7
[02:45:34] [biznisz TILL1: 12] Eredeti összeg: 50,000, Adott: 0, HetiAktivsag: 3, Szorzó 0 oka: heti átlag kisebb mint 7
[02:46:04] [biznisz TILL1: 12] Eredeti összeg: 50,000, Adott: 0, HetiAktivsag: 3, Szorzó 0 oka: heti átlag kisebb mint 7
[02:46:34] [biznisz TILL1: 12] Eredeti összeg: 50,000, Adott: 0, HetiAktivsag: 3, Szorzó 0 oka: heti átlag kisebb mint 7
[02:46:43] [biznisz TILL1: 12] Eredeti összeg: 50,000, Adott: 0, HetiAktivsag: 3, Szorzó 0 oka: heti átlag kisebb mint 7
[02:47:37] [biznisz TILL1: 12] Eredeti összeg: 50,000, Adott: 0, HetiAktivsag: 3, Szorzó 0 oka: heti átlag kisebb mint 7
[02:48:32] [biznisz TILL1: 12] Eredeti összeg: 50,000, Adott: 0, HetiAktivsag: 3, Szorzó 0 oka: heti átlag kisebb mint 7
[02:48:42] [biznisz TILL1: 12] Eredeti összeg: 50,000, Adott: 0, HetiAktivsag: 3, Szorzó 0 oka: heti átlag kisebb mint 7
[02:48:49] [biznisz TILL1: 12] Eredeti összeg: 50,000, Adott: 0, HetiAktivsag: 3, Szorzó 0 oka: heti átlag kisebb mint 7
[02:49:15] [biznisz TILL1: 12] Eredeti összeg: 50,000, Adott: 0, HetiAktivsag: 3, Szorzó 0 oka: heti átlag kisebb mint 7
[02:49:41] [biznisz TILL1: 12] Eredeti összeg: 50,000, Adott: 0, HetiAktivsag: 3, Szorzó 0 oka: heti átlag kisebb mint 7
[02:49:45] [biznisz TILL1: 12] Eredeti összeg: 50,000, Adott: 0, HetiAktivsag: 3, Szorzó 0 oka: heti átlag kisebb mint 7
[02:49:51] [biznisz TILL1: 12] Eredeti összeg: 50,000, Adott: 0, HetiAktivsag: 3, Szorzó 0 oka: heti átlag kisebb mint 7
[02:50:11] [biznisz TILL1: 12] Eredeti összeg: 50,000, Adott: 0, HetiAktivsag: 3, Szorzó 0 oka: heti átlag kisebb mint 7
[02:50:25] [biznisz TILL1: 12] Eredeti összeg: 50,000, Adott: 0, HetiAktivsag: 3, Szorzó 0 oka: heti átlag kisebb mint 7
[02:50:52] [biznisz TILL1: 12] Eredeti összeg: 50,000, Adott: 0, HetiAktivsag: 3, Szorzó 0 oka: heti átlag kisebb mint 7
[02:51:59] [biznisz TILL1: 27] Eredeti összeg: 5,000, Adott: 5,000, HetiAktivsag: 20, Szorzó 1.000000
[02:52:07] [biznisz TILL1: 12] Eredeti összeg: 50,000, Adott: 0, HetiAktivsag: 3, Szorzó 0 oka: heti átlag kisebb mint 7
[02:52:25] [biznisz TILL1: 12] Eredeti összeg: 50,000, Adott: 0, HetiAktivsag: 3, Szorzó 0 oka: heti átlag kisebb mint 7
[02:52:52] [biznisz TILL1: 12] Eredeti összeg: 50,000, Adott: 0, HetiAktivsag: 3, Szorzó 0 oka: heti átlag kisebb mint 7
[02:53:07] [biznisz TILL1: 12] Eredeti összeg: 50,000, Adott: 0, HetiAktivsag: 3, Szorzó 0 oka: heti átlag kisebb mint 7
[02:53:25] [biznisz TILL1: 12] Eredeti összeg: 50,000, Adott: 0, HetiAktivsag: 3, Szorzó 0 oka: heti átlag kisebb mint 7
[02:53:27] [biznisz TILL1: 12] Eredeti összeg: 50,000, Adott: 0, HetiAktivsag: 3, Szorzó 0 oka: heti átlag kisebb mint 7
[02:53:41] [biznisz TILL1: 12] Eredeti összeg: 50,000, Adott: 0, HetiAktivsag: 3, Szorzó 0 oka: heti átlag kisebb mint 7
[02:54:26] [biznisz TILL1: 12] Eredeti összeg: 50,000, Adott: 0, HetiAktivsag: 3, Szorzó 0 oka: heti átlag kisebb mint 7
[02:55:04] [biznisz TILL1: 12] Eredeti összeg: 50,000, Adott: 0, HetiAktivsag: 3, Szorzó 0 oka: heti átlag kisebb mint 7
[02:55:10] [biznisz TILL1: 12] Eredeti összeg: 50,000, Adott: 0, HetiAktivsag: 3, Szorzó 0 oka: heti átlag kisebb mint 7
[02:55:27] [biznisz TILL1: 12] Eredeti összeg: 50,000, Adott: 0, HetiAktivsag: 3, Szorzó 0 oka: heti átlag kisebb mint 7
[02:55:46] [biznisz TILL1: 12] Eredeti összeg: 50,000, Adott: 0, HetiAktivsag: 3, Szorzó 0 oka: heti átlag kisebb mint 7
[02:56:00] [biznisz TILL1: 12] Eredeti összeg: 50,000, Adott: 0, HetiAktivsag: 3, Szorzó 0 oka: heti átlag kisebb mint 7
[02:56:15] [biznisz TILL1: 12] Eredeti összeg: 50,000, Adott: 0, HetiAktivsag: 3, Szorzó 0 oka: heti átlag kisebb mint 7
[02:56:48] [biznisz TILL1: 12] Eredeti összeg: 50,000, Adott: 0, HetiAktivsag: 3, Szorzó 0 oka: heti átlag kisebb mint 7
[02:57:03] [biznisz TILL1: 12] Eredeti összeg: 50,000, Adott: 0, HetiAktivsag: 3, Szorzó 0 oka: heti átlag kisebb mint 7
[02:57:10] [biznisz TILL1: 12] Eredeti összeg: 50,000, Adott: 0, HetiAktivsag: 3, Szorzó 0 oka: heti átlag kisebb mint 7
[02:57:19] [biznisz TILL1: 12] Eredeti összeg: 50,000, Adott: 0, HetiAktivsag: 3, Szorzó 0 oka: heti átlag kisebb mint 7
[02:57:30] [biznisz TILL1: 12] Eredeti összeg: 50,000, Adott: 0, HetiAktivsag: 3, Szorzó 0 oka: heti átlag kisebb mint 7
[02:57:34] [biznisz TILL1: 12] Eredeti összeg: 50,000, Adott: 0, HetiAktivsag: 3, Szorzó 0 oka: heti átlag kisebb mint 7
[02:57:45] [biznisz TILL1: 12] Eredeti összeg: 50,000, Adott: 0, HetiAktivsag: 3, Szorzó 0 oka: heti átlag kisebb mint 7
[02:58:16] [biznisz TILL1: 12] Eredeti összeg: 50,000, Adott: 0, HetiAktivsag: 3, Szorzó 0 oka: heti átlag kisebb mint 7
[03:00:28] [biznisz TILL1: 27] Eredeti összeg: 5,000, Adott: 5,000, HetiAktivsag: 20, Szorzó 1.000000
[03:48:58] [biznisz TILL1: 27] Eredeti összeg: 5,000, Adott: 5,000, HetiAktivsag: 20, Szorzó 1.000000
[03:53:27] [biznisz TILL1: 26] Eredeti összeg: 7,500, Adott: 0, HetiAktivsag: 1, Szorzó 0 oka: nem lépet be 24 órája
[03:53:27] [biznisz TILL2: 26] Eredeti összeg: 7,500, Adott:0, HetiAktivsag: 22, Szorzó: 0.000000 Oka: FÕTulaj nem lépett be 24 órája
[03:54:11] [biznisz TILL1: 5] Eredeti összeg: 30,000, Adott: 0, HetiAktivsag: 0, Szorzó 0 oka: heti átlag kisebb mint 7
[04:07:24] [biznisz TILL1: 27] Eredeti összeg: 5,000, Adott: 5,000, HetiAktivsag: 20, Szorzó 1.000000
[04:09:02] [biznisz TILL1: 6] Eredeti összeg: 850, Adott: 0, HetiAktivsag: 3, Szorzó 0 oka: nem lépet be 24 órája
[04:26:38] [biznisz TILL1: 8] Eredeti összeg: 1,860, Adott: 0, HetiAktivsag: 14, Szorzó 0 oka: nem lépet be 24 órája
[04:26:38] [biznisz TILL2: 8] Eredeti összeg: 780, Adott:0, HetiAktivsag: 11, Szorzó: 1.000000 Oka: FÕTulaj nem lépett be 24 órája
[05:30:27] [biznisz TILL1: 26] Eredeti összeg: 7,500, Adott: 0, HetiAktivsag: 1, Szorzó 0 oka: nem lépet be 24 órája
[05:30:27] [biznisz TILL2: 26] Eredeti összeg: 7,500, Adott:0, HetiAktivsag: 22, Szorzó: 0.000000 Oka: FÕTulaj nem lépett be 24 órája
[05:31:55] [biznisz TILL1: 1] Eredeti összeg: 150,000, Adott: 0, HetiAktivsag: 2, Szorzó 0 oka: nem lépet be 24 órája
[09:14:17] [biznisz TILL1: 13] Eredeti összeg: 12,000, Adott: 0, HetiAktivsag: 14, Szorzó 0 oka: nem lépet be 24 órája
[09:14:17] [biznisz TILL2: 13] Eredeti összeg: 12,000, Adott:0, HetiAktivsag: 0, Szorzó: 0.000000 Oka: FÕTulaj nem lépett be 24 órája
