[13:50:52] [biznisz TILL1: 8] Eredeti összeg: 1,760, Adott: 0, HetiAktivsag: 0, Szorzó 0.000000
[13:50:52] [biznisz TILL2: 8] Eredeti összeg: 720, Adott:0, HetiAktivsag: 0, Szorzó: 0.000000 Oka: FÕTulaj nem lépett be 24 órája
[13:53:28] [biznisz TILL1: 1] Eredeti összeg: 58,500, Adott: 0, HetiAktivsag: 3, Szorzó 0.000000
[13:53:36] [biznisz TILL1: 1] Eredeti összeg: 22,500, Adott: 0, HetiAktivsag: 3, Szorzó 0.000000
[13:53:42] [biznisz TILL1: 1] Eredeti összeg: 72,000, Adott: 0, HetiAktivsag: 3, Szorzó 0.000000
[13:53:48] [biznisz TILL1: 1] Eredeti összeg: 90,000, Adott: 0, HetiAktivsag: 3, Szorzó 0.000000
[13:54:19] [biznisz TILL1: 11] Eredeti összeg: 2,625, Adott: 0, HetiAktivsag: 13, Szorzó 0 oka: nem lépet be 24 órája
[13:55:27] [biznisz TILL1: 4] Eredeti összeg: 29,700, Adott: 0, HetiAktivsag: 8, Szorzó 0 oka: nem lépet be 24 órája
[13:55:27] [biznisz TILL2: 4] Eredeti összeg: 300, Adott:0, HetiAktivsag: 10, Szorzó: 1.000000 Oka: FÕTulaj nem lépett be 24 órája
[13:56:13] [biznisz TILL1: 31] Eredeti összeg: 1,500, Adott: 0, HetiAktivsag: 7, Szorzó 0 oka: nem lépet be 24 órája
[13:56:49] [biznisz TILL1: 11] Eredeti összeg: 3,325, Adott: 0, HetiAktivsag: 13, Szorzó 0 oka: nem lépet be 24 órája
[13:57:48] [biznisz TILL1: 5] Eredeti összeg: 30,000, Adott: 0, HetiAktivsag: 2, Szorzó 0 oka: nem lépet be 24 órája
[13:58:04] [biznisz TILL1: 13] Eredeti összeg: 1,950, Adott: 1,950, HetiAktivsag: 14, Szorzó 1.000000
[13:58:04] [biznisz TILL2: 13] Eredeti összeg: 1,950, Adott:0, HetiAktivsag: 0, Szorzó: 0.000000 Oka: FÕTulaj nem lépett be 24 órája
[13:58:06] [biznisz TILL1: 13] Eredeti összeg: 1,950, Adott: 1,950, HetiAktivsag: 14, Szorzó 1.000000
[13:58:06] [biznisz TILL2: 13] Eredeti összeg: 1,950, Adott:0, HetiAktivsag: 0, Szorzó: 0.000000 Oka: FÕTulaj nem lépett be 24 órája
[13:58:28] [biznisz TILL1: 6] Eredeti összeg: 1,530, Adott: 0, HetiAktivsag: 4, Szorzó 0 oka: nem lépet be 24 órája
[13:59:53] [biznisz TILL1: 4] Eredeti összeg: 29,700, Adott: 0, HetiAktivsag: 8, Szorzó 0 oka: nem lépet be 24 órája
[13:59:53] [biznisz TILL2: 4] Eredeti összeg: 300, Adott:0, HetiAktivsag: 10, Szorzó: 1.000000 Oka: FÕTulaj nem lépett be 24 órája
[14:01:31] [biznisz TILL1: 11] Eredeti összeg: 2,450, Adott: 0, HetiAktivsag: 13, Szorzó 0 oka: nem lépet be 24 órája
[14:04:01] [biznisz TILL1: 6] Eredeti összeg: 176, Adott: 0, HetiAktivsag: 4, Szorzó 0 oka: nem lépet be 24 órája
[14:05:35] [biznisz TILL1: 25] Eredeti összeg: 800, Adott: 0, HetiAktivsag: 0, Szorzó 0 oka: nem lépet be 24 órája
[14:06:26] [biznisz TILL1: 4] Eredeti összeg: 29,700, Adott: 0, HetiAktivsag: 8, Szorzó 0 oka: nem lépet be 24 órája
[14:06:26] [biznisz TILL2: 4] Eredeti összeg: 300, Adott:0, HetiAktivsag: 10, Szorzó: 1.000000 Oka: FÕTulaj nem lépett be 24 órája
[14:06:39] [biznisz TILL1: 6] Eredeti összeg: 482, Adott: 0, HetiAktivsag: 4, Szorzó 0 oka: nem lépet be 24 órája
[14:06:39] [biznisz TILL1: 8] Eredeti összeg: 1,580, Adott: 0, HetiAktivsag: 0, Szorzó 0 oka: heti átlag kisebb mint 7
[14:06:39] [biznisz TILL2: 8] Eredeti összeg: 660, Adott:0, HetiAktivsag: 0, Szorzó: 0.000000 Oka: FÕTulaj heti átlaga kisebb mint 0.5
[14:06:53] [biznisz TILL1: 13] Eredeti összeg: 1,950, Adott: 1,950, HetiAktivsag: 14, Szorzó 1.000000
[14:06:53] [biznisz TILL2: 13] Eredeti összeg: 1,950, Adott:0, HetiAktivsag: 0, Szorzó: 0.000000 Oka: FÕTulaj nem lépett be 24 órája
[14:07:06] [biznisz TILL1: 13] Eredeti összeg: 1,950, Adott: 1,950, HetiAktivsag: 14, Szorzó 1.000000
[14:07:06] [biznisz TILL2: 13] Eredeti összeg: 1,950, Adott:0, HetiAktivsag: 0, Szorzó: 0.000000 Oka: FÕTulaj nem lépett be 24 órája
[14:07:37] [biznisz TILL1: 11] Eredeti összeg: 3,150, Adott: 0, HetiAktivsag: 13, Szorzó 0 oka: nem lépet be 24 órája
[14:08:07] [biznisz TILL1: 26] Eredeti összeg: 7,500, Adott: 0, HetiAktivsag: 2, Szorzó 0.000000
[14:08:07] [biznisz TILL2: 26] Eredeti összeg: 7,500, Adott:0, HetiAktivsag: 1, Szorzó: 0.000000 Oka: ALTulaj nem lépett be 24 órája
[14:10:53] [biznisz TILL1: 6] Eredeti összeg: 544, Adott: 0, HetiAktivsag: 4, Szorzó 0 oka: nem lépet be 24 órája
[14:10:53] [biznisz TILL1: 8] Eredeti összeg: 1,350, Adott: 0, HetiAktivsag: 0, Szorzó 0 oka: heti átlag kisebb mint 7
[14:10:53] [biznisz TILL2: 8] Eredeti összeg: 570, Adott:0, HetiAktivsag: 0, Szorzó: 0.000000 Oka: FÕTulaj heti átlaga kisebb mint 0.5
[14:10:56] [biznisz TILL1: 11] Eredeti összeg: 6,300, Adott: 0, HetiAktivsag: 13, Szorzó 0 oka: nem lépet be 24 órája
[14:11:10] [biznisz TILL1: 5] Eredeti összeg: 30,000, Adott: 0, HetiAktivsag: 2, Szorzó 0 oka: nem lépet be 24 órája
[14:11:13] [biznisz TILL1: 6] Eredeti összeg: 153, Adott: 0, HetiAktivsag: 4, Szorzó 0 oka: nem lépet be 24 órája
[14:11:37] [biznisz TILL1: 6] Eredeti összeg: 153, Adott: 0, HetiAktivsag: 4, Szorzó 0 oka: nem lépet be 24 órája
[14:14:06] [biznisz TILL1: 27] Eredeti összeg: 3,750, Adott: 0, HetiAktivsag: 11, Szorzó 0 oka: nem lépet be 24 órája
[14:14:11] [biznisz TILL1: 26] Eredeti összeg: 7,500, Adott: 0, HetiAktivsag: 2, Szorzó 0.000000
[14:14:11] [biznisz TILL2: 26] Eredeti összeg: 7,500, Adott:0, HetiAktivsag: 1, Szorzó: 0.000000 Oka: ALTulaj nem lépett be 24 órája
[14:14:23] [biznisz TILL1: 26] Eredeti összeg: 7,500, Adott: 0, HetiAktivsag: 2, Szorzó 0.000000
[14:14:23] [biznisz TILL2: 26] Eredeti összeg: 7,500, Adott:0, HetiAktivsag: 1, Szorzó: 0.000000 Oka: ALTulaj nem lépett be 24 órája
[14:14:40] [biznisz TILL1: 9] Eredeti összeg: 12,500, Adott: 6,250, HetiAktivsag: 4, Szorzó 0.500000
[14:14:40] [biznisz TILL1: 9] Eredeti összeg: 12,500, Adott: 6,250, HetiAktivsag: 4, Szorzó 0.500000
[14:15:08] [biznisz TILL1: 6] Eredeti összeg: 54, Adott: 0, HetiAktivsag: 4, Szorzó 0 oka: nem lépet be 24 órája
[14:15:08] [biznisz TILL1: 8] Eredeti összeg: 1,300, Adott: 0, HetiAktivsag: 0, Szorzó 0 oka: heti átlag kisebb mint 7
[14:15:08] [biznisz TILL2: 8] Eredeti összeg: 540, Adott:0, HetiAktivsag: 0, Szorzó: 0.000000 Oka: FÕTulaj heti átlaga kisebb mint 0.5
[14:15:25] [biznisz TILL1: 13] Eredeti összeg: 15,000, Adott: 15,000, HetiAktivsag: 14, Szorzó 1.000000
[14:15:25] [biznisz TILL2: 13] Eredeti összeg: 15,000, Adott:0, HetiAktivsag: 0, Szorzó: 0.000000 Oka: FÕTulaj nem lépett be 24 órája
[14:15:40] [biznisz TILL1: 13] Eredeti összeg: 1,950, Adott: 1,950, HetiAktivsag: 14, Szorzó 1.000000
[14:15:40] [biznisz TILL2: 13] Eredeti összeg: 1,950, Adott:0, HetiAktivsag: 0, Szorzó: 0.000000 Oka: FÕTulaj nem lépett be 24 órája
[14:15:54] [biznisz TILL1: 13] Eredeti összeg: 1,950, Adott: 1,950, HetiAktivsag: 14, Szorzó 1.000000
[14:15:54] [biznisz TILL2: 13] Eredeti összeg: 1,950, Adott:0, HetiAktivsag: 0, Szorzó: 0.000000 Oka: FÕTulaj nem lépett be 24 órája
[14:16:07] [biznisz TILL1: 13] Eredeti összeg: 240, Adott: 240, HetiAktivsag: 14, Szorzó 1.000000
[14:16:07] [biznisz TILL2: 13] Eredeti összeg: 240, Adott:0, HetiAktivsag: 0, Szorzó: 0.000000 Oka: FÕTulaj nem lépett be 24 órája
[14:16:10] [biznisz TILL1: 13] Eredeti összeg: 240, Adott: 240, HetiAktivsag: 14, Szorzó 1.000000
[14:16:10] [biznisz TILL2: 13] Eredeti összeg: 240, Adott:0, HetiAktivsag: 0, Szorzó: 0.000000 Oka: FÕTulaj nem lépett be 24 órája
[14:16:11] [biznisz TILL1: 8] Eredeti összeg: 460, Adott: 0, HetiAktivsag: 0, Szorzó 0 oka: heti átlag kisebb mint 7
[14:16:11] [biznisz TILL2: 8] Eredeti összeg: 180, Adott:0, HetiAktivsag: 0, Szorzó: 0.000000 Oka: FÕTulaj heti átlaga kisebb mint 0.5
[14:16:24] [biznisz TILL1: 26] Eredeti összeg: 7,500, Adott: 0, HetiAktivsag: 2, Szorzó 0.000000
[14:16:24] [biznisz TILL2: 26] Eredeti összeg: 7,500, Adott:0, HetiAktivsag: 1, Szorzó: 0.000000 Oka: ALTulaj nem lépett be 24 órája
[14:16:34] [biznisz TILL1: 11] Eredeti összeg: 4,550, Adott: 0, HetiAktivsag: 13, Szorzó 0 oka: nem lépet be 24 órája
[14:16:50] [biznisz TILL1: 13] Eredeti összeg: 15,000, Adott: 15,000, HetiAktivsag: 14, Szorzó 1.000000
[14:16:50] [biznisz TILL2: 13] Eredeti összeg: 15,000, Adott:0, HetiAktivsag: 0, Szorzó: 0.000000 Oka: FÕTulaj nem lépett be 24 órája
[14:16:52] [biznisz TILL1: 6] Eredeti összeg: 153, Adott: 0, HetiAktivsag: 4, Szorzó 0 oka: nem lépet be 24 órája
[14:16:52] [biznisz TILL1: 6] Eredeti összeg: 153, Adott: 0, HetiAktivsag: 4, Szorzó 0 oka: nem lépet be 24 órája
[14:17:08] [biznisz TILL1: 11] Eredeti összeg: 10,675, Adott: 0, HetiAktivsag: 13, Szorzó 0 oka: nem lépet be 24 órája
[14:17:08] [biznisz TILL1: 5] Eredeti összeg: 30,000, Adott: 0, HetiAktivsag: 2, Szorzó 0 oka: nem lépet be 24 órája
[14:17:45] [biznisz TILL1: 13] Eredeti összeg: 12,000, Adott: 12,000, HetiAktivsag: 14, Szorzó 1.000000
[14:17:45] [biznisz TILL2: 13] Eredeti összeg: 12,000, Adott:0, HetiAktivsag: 0, Szorzó: 0.000000 Oka: FÕTulaj nem lépett be 24 órája
[14:17:51] [biznisz TILL1: 6] Eredeti összeg: 153, Adott: 0, HetiAktivsag: 4, Szorzó 0 oka: nem lépet be 24 órája
[14:18:06] [biznisz TILL1: 11] Eredeti összeg: 3,325, Adott: 0, HetiAktivsag: 13, Szorzó 0 oka: nem lépet be 24 órája
[14:18:18] [biznisz TILL1: 8] Eredeti összeg: 1,530, Adott: 0, HetiAktivsag: 0, Szorzó 0 oka: heti átlag kisebb mint 7
[14:18:18] [biznisz TILL2: 8] Eredeti összeg: 630, Adott:0, HetiAktivsag: 0, Szorzó: 0.000000 Oka: FÕTulaj heti átlaga kisebb mint 0.5
[14:18:24] [biznisz TILL1: 6] Eredeti összeg: 153, Adott: 0, HetiAktivsag: 4, Szorzó 0 oka: nem lépet be 24 órája
[14:18:33] [biznisz TILL1: 13] Eredeti összeg: 1,950, Adott: 1,950, HetiAktivsag: 14, Szorzó 1.000000
[14:18:33] [biznisz TILL2: 13] Eredeti összeg: 1,950, Adott:0, HetiAktivsag: 0, Szorzó: 0.000000 Oka: FÕTulaj nem lépett be 24 órája
[14:18:41] [biznisz TILL1: 13] Eredeti összeg: 360, Adott: 360, HetiAktivsag: 14, Szorzó 1.000000
[14:18:41] [biznisz TILL2: 13] Eredeti összeg: 360, Adott:0, HetiAktivsag: 0, Szorzó: 0.000000 Oka: FÕTulaj nem lépett be 24 órája
[14:18:41] [biznisz TILL1: 11] Eredeti összeg: 2,450, Adott: 0, HetiAktivsag: 13, Szorzó 0 oka: nem lépet be 24 órája
[14:18:42] [biznisz TILL1: 6] Eredeti összeg: 153, Adott: 0, HetiAktivsag: 4, Szorzó 0 oka: nem lépet be 24 órája
[14:19:05] [biznisz TILL1: 6] Eredeti összeg: 1,530, Adott: 0, HetiAktivsag: 4, Szorzó 0 oka: nem lépet be 24 órája
[14:19:13] [biznisz TILL1: 11] Eredeti összeg: 5,950, Adott: 0, HetiAktivsag: 13, Szorzó 0 oka: nem lépet be 24 órája
[14:19:19] [biznisz TILL1: 11] Eredeti összeg: 2,975, Adott: 0, HetiAktivsag: 13, Szorzó 0 oka: nem lépet be 24 órája
[14:19:26] [biznisz TILL1: 6] Eredeti összeg: 153, Adott: 0, HetiAktivsag: 4, Szorzó 0 oka: nem lépet be 24 órája
[14:19:28] [biznisz TILL1: 6] Eredeti összeg: 153, Adott: 0, HetiAktivsag: 4, Szorzó 0 oka: nem lépet be 24 órája
[14:19:32] [biznisz TILL1: 6] Eredeti összeg: 153, Adott: 0, HetiAktivsag: 4, Szorzó 0 oka: nem lépet be 24 órája
[14:19:44] [biznisz TILL1: 6] Eredeti összeg: 153, Adott: 0, HetiAktivsag: 4, Szorzó 0 oka: nem lépet be 24 órája
[14:19:50] [biznisz TILL1: 6] Eredeti összeg: 153, Adott: 0, HetiAktivsag: 4, Szorzó 0 oka: nem lépet be 24 órája
[14:19:53] [biznisz TILL1: 6] Eredeti összeg: 383, Adott: 0, HetiAktivsag: 4, Szorzó 0 oka: nem lépet be 24 órája
[14:19:53] [biznisz TILL1: 8] Eredeti összeg: 1,530, Adott: 0, HetiAktivsag: 0, Szorzó 0 oka: heti átlag kisebb mint 7
[14:19:53] [biznisz TILL2: 8] Eredeti összeg: 630, Adott:0, HetiAktivsag: 0, Szorzó: 0.000000 Oka: FÕTulaj heti átlaga kisebb mint 0.5
[14:19:56] [biznisz TILL1: 6] Eredeti összeg: 153, Adott: 0, HetiAktivsag: 4, Szorzó 0 oka: nem lépet be 24 órája
[14:19:57] [biznisz TILL1: 5] Eredeti összeg: 30,000, Adott: 0, HetiAktivsag: 2, Szorzó 0 oka: nem lépet be 24 órája
[14:20:05] [biznisz TILL1: 6] Eredeti összeg: 153, Adott: 0, HetiAktivsag: 4, Szorzó 0 oka: nem lépet be 24 órája
[14:20:06] [biznisz TILL1: 13] Eredeti összeg: 1,950, Adott: 1,950, HetiAktivsag: 14, Szorzó 1.000000
[14:20:06] [biznisz TILL2: 13] Eredeti összeg: 1,950, Adott:0, HetiAktivsag: 0, Szorzó: 0.000000 Oka: FÕTulaj nem lépett be 24 órája
[14:20:07] [biznisz TILL1: 11] Eredeti összeg: 3,150, Adott: 0, HetiAktivsag: 13, Szorzó 0 oka: nem lépet be 24 órája
[14:20:08] [biznisz TILL1: 6] Eredeti összeg: 153, Adott: 0, HetiAktivsag: 4, Szorzó 0 oka: nem lépet be 24 órája
[14:20:08] [biznisz TILL1: 13] Eredeti összeg: 1,950, Adott: 1,950, HetiAktivsag: 14, Szorzó 1.000000
[14:20:08] [biznisz TILL2: 13] Eredeti összeg: 1,950, Adott:0, HetiAktivsag: 0, Szorzó: 0.000000 Oka: FÕTulaj nem lépett be 24 órája
[14:20:09] [biznisz TILL1: 6] Eredeti összeg: 153, Adott: 0, HetiAktivsag: 4, Szorzó 0 oka: nem lépet be 24 órája
[14:20:18] [biznisz TILL1: 6] Eredeti összeg: 153, Adott: 0, HetiAktivsag: 4, Szorzó 0 oka: nem lépet be 24 órája
[14:20:19] [biznisz TILL1: 6] Eredeti összeg: 153, Adott: 0, HetiAktivsag: 4, Szorzó 0 oka: nem lépet be 24 órája
[14:20:21] [biznisz TILL1: 6] Eredeti összeg: 153, Adott: 0, HetiAktivsag: 4, Szorzó 0 oka: nem lépet be 24 órája
[14:20:22] [biznisz TILL1: 6] Eredeti összeg: 153, Adott: 0, HetiAktivsag: 4, Szorzó 0 oka: nem lépet be 24 órája
[14:20:26] [biznisz TILL1: 6] Eredeti összeg: 153, Adott: 0, HetiAktivsag: 4, Szorzó 0 oka: nem lépet be 24 órája
[14:20:34] [biznisz TILL1: 6] Eredeti összeg: 153, Adott: 0, HetiAktivsag: 4, Szorzó 0 oka: nem lépet be 24 órája
[14:20:34] [biznisz TILL1: 13] Eredeti összeg: 1,950, Adott: 1,950, HetiAktivsag: 14, Szorzó 1.000000
[14:20:34] [biznisz TILL2: 13] Eredeti összeg: 1,950, Adott:0, HetiAktivsag: 0, Szorzó: 0.000000 Oka: FÕTulaj nem lépett be 24 órája
[14:20:36] [biznisz TILL1: 6] Eredeti összeg: 153, Adott: 0, HetiAktivsag: 4, Szorzó 0 oka: nem lépet be 24 órája
[14:20:37] [biznisz TILL1: 13] Eredeti összeg: 1,950, Adott: 1,950, HetiAktivsag: 14, Szorzó 1.000000
[14:20:37] [biznisz TILL2: 13] Eredeti összeg: 1,950, Adott:0, HetiAktivsag: 0, Szorzó: 0.000000 Oka: FÕTulaj nem lépett be 24 órája
[14:20:39] [biznisz TILL1: 6] Eredeti összeg: 153, Adott: 0, HetiAktivsag: 4, Szorzó 0 oka: nem lépet be 24 órája
[14:20:49] [biznisz TILL1: 6] Eredeti összeg: 153, Adott: 0, HetiAktivsag: 4, Szorzó 0 oka: nem lépet be 24 órája
[14:20:49] [biznisz TILL1: 13] Eredeti összeg: 1,950, Adott: 1,950, HetiAktivsag: 14, Szorzó 1.000000
[14:20:49] [biznisz TILL2: 13] Eredeti összeg: 1,950, Adott:0, HetiAktivsag: 0, Szorzó: 0.000000 Oka: FÕTulaj nem lépett be 24 órája
[14:20:49] [biznisz TILL1: 6] Eredeti összeg: 153, Adott: 0, HetiAktivsag: 4, Szorzó 0 oka: nem lépet be 24 órája
[14:20:52] [biznisz TILL1: 13] Eredeti összeg: 1,950, Adott: 1,950, HetiAktivsag: 14, Szorzó 1.000000
[14:20:52] [biznisz TILL2: 13] Eredeti összeg: 1,950, Adott:0, HetiAktivsag: 0, Szorzó: 0.000000 Oka: FÕTulaj nem lépett be 24 órája
[14:20:55] [biznisz TILL1: 4] Eredeti összeg: 29,700, Adott: 0, HetiAktivsag: 8, Szorzó 0 oka: nem lépet be 24 órája
[14:20:55] [biznisz TILL2: 4] Eredeti összeg: 300, Adott:0, HetiAktivsag: 10, Szorzó: 1.000000 Oka: FÕTulaj nem lépett be 24 órája
[14:20:55] [biznisz TILL1: 6] Eredeti összeg: 153, Adott: 0, HetiAktivsag: 4, Szorzó 0 oka: nem lépet be 24 órája
[14:20:59] [biznisz TILL1: 6] Eredeti összeg: 153, Adott: 0, HetiAktivsag: 4, Szorzó 0 oka: nem lépet be 24 órája
[14:21:02] [biznisz TILL1: 6] Eredeti összeg: 153, Adott: 0, HetiAktivsag: 4, Szorzó 0 oka: nem lépet be 24 órája
[14:21:04] [biznisz TILL1: 13] Eredeti összeg: 1,950, Adott: 1,950, HetiAktivsag: 14, Szorzó 1.000000
[14:21:04] [biznisz TILL2: 13] Eredeti összeg: 1,950, Adott:0, HetiAktivsag: 0, Szorzó: 0.000000 Oka: FÕTulaj nem lépett be 24 órája
[14:21:04] [biznisz TILL1: 6] Eredeti összeg: 153, Adott: 0, HetiAktivsag: 4, Szorzó 0 oka: nem lépet be 24 órája
[14:21:06] [biznisz TILL1: 13] Eredeti összeg: 1,950, Adott: 1,950, HetiAktivsag: 14, Szorzó 1.000000
[14:21:06] [biznisz TILL2: 13] Eredeti összeg: 1,950, Adott:0, HetiAktivsag: 0, Szorzó: 0.000000 Oka: FÕTulaj nem lépett be 24 órája
[14:21:11] [biznisz TILL1: 6] Eredeti összeg: 153, Adott: 0, HetiAktivsag: 4, Szorzó 0 oka: nem lépet be 24 órája
[14:21:22] [biznisz TILL1: 6] Eredeti összeg: 153, Adott: 0, HetiAktivsag: 4, Szorzó 0 oka: nem lépet be 24 órája
[14:21:35] [biznisz TILL1: 31] Eredeti összeg: 30,000, Adott: 0, HetiAktivsag: 7, Szorzó 0 oka: nem lépet be 24 órája
[14:21:42] [biznisz TILL1: 26] Eredeti összeg: 7,500, Adott: 0, HetiAktivsag: 2, Szorzó 0.000000
[14:21:42] [biznisz TILL2: 26] Eredeti összeg: 7,500, Adott:0, HetiAktivsag: 1, Szorzó: 0.000000 Oka: ALTulaj nem lépett be 24 órája
[14:21:44] [biznisz TILL1: 27] Eredeti összeg: 3,750, Adott: 0, HetiAktivsag: 11, Szorzó 0 oka: nem lépet be 24 órája
[14:22:23] [biznisz TILL1: 6] Eredeti összeg: 765, Adott: 0, HetiAktivsag: 4, Szorzó 0 oka: nem lépet be 24 órája
[14:23:41] [biznisz TILL1: 31] Eredeti összeg: 30,000, Adott: 0, HetiAktivsag: 7, Szorzó 0 oka: nem lépet be 24 órája
[14:23:43] [biznisz TILL1: 11] Eredeti összeg: 2,275, Adott: 0, HetiAktivsag: 13, Szorzó 0 oka: nem lépet be 24 órája
[14:23:45] [biznisz TILL1: 31] Eredeti összeg: 30,000, Adott: 0, HetiAktivsag: 7, Szorzó 0 oka: nem lépet be 24 órája
[14:23:48] [biznisz TILL1: 31] Eredeti összeg: 30,000, Adott: 0, HetiAktivsag: 7, Szorzó 0 oka: nem lépet be 24 órája
[14:24:19] [biznisz TILL1: 6] Eredeti összeg: 153, Adott: 0, HetiAktivsag: 4, Szorzó 0 oka: nem lépet be 24 órája
[14:24:27] [biznisz TILL1: 6] Eredeti összeg: 153, Adott: 0, HetiAktivsag: 4, Szorzó 0 oka: nem lépet be 24 órája
[14:24:37] [biznisz TILL1: 6] Eredeti összeg: 153, Adott: 0, HetiAktivsag: 4, Szorzó 0 oka: nem lépet be 24 órája
[14:25:29] [biznisz TILL1: 11] Eredeti összeg: 3,325, Adott: 0, HetiAktivsag: 13, Szorzó 0 oka: nem lépet be 24 órája
[14:25:45] [biznisz TILL1: 31] Eredeti összeg: 24,000, Adott: 0, HetiAktivsag: 7, Szorzó 0 oka: nem lépet be 24 órája
[14:26:30] [biznisz TILL1: 13] Eredeti összeg: 30,000, Adott: 30,000, HetiAktivsag: 14, Szorzó 1.000000
[14:26:30] [biznisz TILL2: 13] Eredeti összeg: 30,000, Adott:0, HetiAktivsag: 0, Szorzó: 0.000000 Oka: FÕTulaj nem lépett be 24 órája
[14:26:41] [biznisz TILL1: 11] Eredeti összeg: 2,975, Adott: 0, HetiAktivsag: 13, Szorzó 0 oka: nem lépet be 24 órája
[14:26:56] [biznisz TILL1: 1] Eredeti összeg: 58,500, Adott: 0, HetiAktivsag: 3, Szorzó 0.000000
[14:27:06] [biznisz TILL1: 1] Eredeti összeg: 4,500, Adott: 0, HetiAktivsag: 3, Szorzó 0.000000
[14:27:16] [biznisz TILL1: 11] Eredeti összeg: 5,600, Adott: 0, HetiAktivsag: 13, Szorzó 0 oka: nem lépet be 24 órája
[14:27:54] [biznisz TILL1: 11] Eredeti összeg: 2,975, Adott: 0, HetiAktivsag: 13, Szorzó 0 oka: nem lépet be 24 órája
[14:28:26] [biznisz TILL1: 11] Eredeti összeg: 3,500, Adott: 0, HetiAktivsag: 13, Szorzó 0 oka: nem lépet be 24 órája
[14:28:35] [biznisz TILL1: 6] Eredeti összeg: 765, Adott: 0, HetiAktivsag: 4, Szorzó 0 oka: nem lépet be 24 órája
[14:28:45] [biznisz TILL1: 26] Eredeti összeg: 7,500, Adott: 0, HetiAktivsag: 2, Szorzó 0.000000
[14:28:45] [biznisz TILL2: 26] Eredeti összeg: 7,500, Adott:0, HetiAktivsag: 1, Szorzó: 0.000000 Oka: ALTulaj nem lépett be 24 órája
[14:28:48] [biznisz TILL1: 6] Eredeti összeg: 153, Adott: 0, HetiAktivsag: 4, Szorzó 0 oka: nem lépet be 24 órája
[14:28:57] [biznisz TILL1: 6] Eredeti összeg: 153, Adott: 0, HetiAktivsag: 4, Szorzó 0 oka: nem lépet be 24 órája
[14:29:00] [biznisz TILL1: 4] Eredeti összeg: 29,700, Adott: 0, HetiAktivsag: 8, Szorzó 0 oka: nem lépet be 24 órája
[14:29:00] [biznisz TILL2: 4] Eredeti összeg: 300, Adott:0, HetiAktivsag: 10, Szorzó: 1.000000 Oka: FÕTulaj nem lépett be 24 órája
[14:29:16] [biznisz TILL1: 6] Eredeti összeg: 153, Adott: 0, HetiAktivsag: 4, Szorzó 0 oka: nem lépet be 24 órája
[14:29:26] [biznisz TILL1: 6] Eredeti összeg: 153, Adott: 0, HetiAktivsag: 4, Szorzó 0 oka: nem lépet be 24 órája
[14:29:38] [biznisz TILL1: 6] Eredeti összeg: 153, Adott: 0, HetiAktivsag: 4, Szorzó 0 oka: nem lépet be 24 órája
[14:29:44] [biznisz TILL1: 6] Eredeti összeg: 153, Adott: 0, HetiAktivsag: 4, Szorzó 0 oka: nem lépet be 24 órája
[14:29:58] [biznisz TILL1: 13] Eredeti összeg: 15,000, Adott: 15,000, HetiAktivsag: 14, Szorzó 1.000000
[14:29:58] [biznisz TILL2: 13] Eredeti összeg: 15,000, Adott:0, HetiAktivsag: 0, Szorzó: 0.000000 Oka: FÕTulaj nem lépett be 24 órája
[14:30:08] [biznisz TILL1: 11] Eredeti összeg: 2,975, Adott: 0, HetiAktivsag: 13, Szorzó 0 oka: nem lépet be 24 órája
[14:30:09] [biznisz TILL1: 6] Eredeti összeg: 1,530, Adott: 0, HetiAktivsag: 4, Szorzó 0 oka: nem lépet be 24 órája
[14:30:10] [biznisz TILL1: 6] Eredeti összeg: 153, Adott: 0, HetiAktivsag: 4, Szorzó 0 oka: nem lépet be 24 órája
[14:30:26] [biznisz TILL1: 6] Eredeti összeg: 153, Adott: 0, HetiAktivsag: 4, Szorzó 0 oka: nem lépet be 24 órája
[14:30:39] [biznisz TILL1: 6] Eredeti összeg: 153, Adott: 0, HetiAktivsag: 4, Szorzó 0 oka: nem lépet be 24 órája
[14:30:44] [biznisz TILL1: 11] Eredeti összeg: 4,550, Adott: 0, HetiAktivsag: 13, Szorzó 0 oka: nem lépet be 24 órája
[14:30:49] [biznisz TILL1: 31] Eredeti összeg: 33,000, Adott: 0, HetiAktivsag: 7, Szorzó 0 oka: nem lépet be 24 órája
[14:30:57] [biznisz TILL1: 6] Eredeti összeg: 153, Adott: 0, HetiAktivsag: 4, Szorzó 0 oka: nem lépet be 24 órája
[14:31:20] [biznisz TILL1: 6] Eredeti összeg: 153, Adott: 0, HetiAktivsag: 4, Szorzó 0 oka: nem lépet be 24 órája
[14:31:25] [biznisz TILL1: 31] Eredeti összeg: 60,000, Adott: 0, HetiAktivsag: 7, Szorzó 0 oka: nem lépet be 24 órája
[14:31:35] [biznisz TILL1: 6] Eredeti összeg: 153, Adott: 0, HetiAktivsag: 4, Szorzó 0 oka: nem lépet be 24 órája
[14:31:47] [biznisz TILL1: 6] Eredeti összeg: 765, Adott: 0, HetiAktivsag: 4, Szorzó 0 oka: nem lépet be 24 órája
[14:31:51] [biznisz TILL1: 13] Eredeti összeg: 15,000, Adott: 15,000, HetiAktivsag: 14, Szorzó 1.000000
[14:31:51] [biznisz TILL2: 13] Eredeti összeg: 15,000, Adott:0, HetiAktivsag: 0, Szorzó: 0.000000 Oka: FÕTulaj nem lépett be 24 órája
[14:31:51] [biznisz TILL1: 11] Eredeti összeg: 2,975, Adott: 0, HetiAktivsag: 13, Szorzó 0 oka: nem lépet be 24 órája
[14:31:58] [biznisz TILL1: 5] Eredeti összeg: 30,000, Adott: 0, HetiAktivsag: 2, Szorzó 0 oka: nem lépet be 24 órája
[14:32:02] [biznisz TILL1: 13] Eredeti összeg: 1,950, Adott: 1,950, HetiAktivsag: 14, Szorzó 1.000000
[14:32:02] [biznisz TILL2: 13] Eredeti összeg: 1,950, Adott:0, HetiAktivsag: 0, Szorzó: 0.000000 Oka: FÕTulaj nem lépett be 24 órája
[14:32:05] [biznisz TILL1: 6] Eredeti összeg: 153, Adott: 0, HetiAktivsag: 4, Szorzó 0 oka: nem lépet be 24 órája
[14:32:06] [biznisz TILL1: 13] Eredeti összeg: 1,950, Adott: 1,950, HetiAktivsag: 14, Szorzó 1.000000
[14:32:06] [biznisz TILL2: 13] Eredeti összeg: 1,950, Adott:0, HetiAktivsag: 0, Szorzó: 0.000000 Oka: FÕTulaj nem lépett be 24 órája
[14:32:15] [biznisz TILL1: 6] Eredeti összeg: 153, Adott: 0, HetiAktivsag: 4, Szorzó 0 oka: nem lépet be 24 órája
[14:32:16] [biznisz TILL1: 6] Eredeti összeg: 153, Adott: 0, HetiAktivsag: 4, Szorzó 0 oka: nem lépet be 24 órája
[14:32:35] [biznisz TILL1: 11] Eredeti összeg: 7,000, Adott: 0, HetiAktivsag: 13, Szorzó 0 oka: nem lépet be 24 órája
[14:32:42] [biznisz TILL1: 6] Eredeti összeg: 153, Adott: 0, HetiAktivsag: 4, Szorzó 0 oka: nem lépet be 24 órája
[14:32:43] [biznisz TILL1: 6] Eredeti összeg: 765, Adott: 0, HetiAktivsag: 4, Szorzó 0 oka: nem lépet be 24 órája
[14:32:46] [biznisz TILL1: 8] Eredeti összeg: 1,860, Adott: 0, HetiAktivsag: 0, Szorzó 0.000000
[14:32:46] [biznisz TILL2: 8] Eredeti összeg: 780, Adott:0, HetiAktivsag: 0, Szorzó: 0.000000 Oka: FÕTulaj heti átlaga kisebb mint 0.5
[14:32:48] [biznisz TILL1: 4] Eredeti összeg: 29,700, Adott: 0, HetiAktivsag: 8, Szorzó 0 oka: nem lépet be 24 órája
[14:32:48] [biznisz TILL2: 4] Eredeti összeg: 300, Adott:0, HetiAktivsag: 10, Szorzó: 1.000000 Oka: FÕTulaj nem lépett be 24 órája
[14:33:06] [biznisz TILL1: 6] Eredeti összeg: 153, Adott: 0, HetiAktivsag: 4, Szorzó 0 oka: nem lépet be 24 órája
[14:33:24] [biznisz TILL1: 11] Eredeti összeg: 2,975, Adott: 0, HetiAktivsag: 13, Szorzó 0 oka: nem lépet be 24 órája
[14:33:35] [biznisz TILL1: 6] Eredeti összeg: 153, Adott: 0, HetiAktivsag: 4, Szorzó 0 oka: nem lépet be 24 órája
[14:33:40] [biznisz TILL1: 6] Eredeti összeg: 153, Adott: 0, HetiAktivsag: 4, Szorzó 0 oka: nem lépet be 24 órája
[14:33:55] [biznisz TILL1: 6] Eredeti összeg: 153, Adott: 0, HetiAktivsag: 4, Szorzó 0 oka: nem lépet be 24 órája
[14:33:57] [biznisz TILL1: 6] Eredeti összeg: 765, Adott: 0, HetiAktivsag: 4, Szorzó 0 oka: nem lépet be 24 órája
[14:34:07] [biznisz TILL1: 6] Eredeti összeg: 54, Adott: 0, HetiAktivsag: 4, Szorzó 0 oka: nem lépet be 24 órája
[14:34:21] [biznisz TILL1: 13] Eredeti összeg: 360, Adott: 360, HetiAktivsag: 14, Szorzó 1.000000
[14:34:21] [biznisz TILL2: 13] Eredeti összeg: 360, Adott:0, HetiAktivsag: 0, Szorzó: 0.000000 Oka: FÕTulaj nem lépett be 24 órája
[14:34:23] [biznisz TILL1: 13] Eredeti összeg: 360, Adott: 360, HetiAktivsag: 14, Szorzó 1.000000
[14:34:23] [biznisz TILL2: 13] Eredeti összeg: 360, Adott:0, HetiAktivsag: 0, Szorzó: 0.000000 Oka: FÕTulaj nem lépett be 24 órája
[14:34:23] [biznisz TILL1: 6] Eredeti összeg: 153, Adott: 0, HetiAktivsag: 4, Szorzó 0 oka: nem lépet be 24 órája
[14:34:35] [biznisz TILL1: 13] Eredeti összeg: 15,000, Adott: 15,000, HetiAktivsag: 14, Szorzó 1.000000
[14:34:35] [biznisz TILL2: 13] Eredeti összeg: 15,000, Adott:0, HetiAktivsag: 0, Szorzó: 0.000000 Oka: FÕTulaj nem lépett be 24 órája
[14:35:38] [biznisz TILL1: 11] Eredeti összeg: 4,725, Adott: 0, HetiAktivsag: 13, Szorzó 0 oka: nem lépet be 24 órája
[14:35:45] [biznisz TILL1: 13] Eredeti összeg: 150, Adott: 150, HetiAktivsag: 14, Szorzó 1.000000
[14:35:45] [biznisz TILL2: 13] Eredeti összeg: 150, Adott:0, HetiAktivsag: 0, Szorzó: 0.000000 Oka: FÕTulaj nem lépett be 24 órája
[14:35:45] [biznisz TILL1: 13] Eredeti összeg: 320, Adott: 320, HetiAktivsag: 14, Szorzó 1.000000
[14:35:45] [biznisz TILL2: 13] Eredeti összeg: 320, Adott:0, HetiAktivsag: 0, Szorzó: 0.000000 Oka: FÕTulaj nem lépett be 24 órája
[14:35:48] [biznisz TILL1: 6] Eredeti összeg: 765, Adott: 0, HetiAktivsag: 4, Szorzó 0 oka: nem lépet be 24 órája
[14:35:53] [biznisz TILL1: 13] Eredeti összeg: 1,950, Adott: 1,950, HetiAktivsag: 14, Szorzó 1.000000
[14:35:53] [biznisz TILL2: 13] Eredeti összeg: 1,950, Adott:0, HetiAktivsag: 0, Szorzó: 0.000000 Oka: FÕTulaj nem lépett be 24 órája
[14:36:02] [biznisz TILL1: 6] Eredeti összeg: 765, Adott: 0, HetiAktivsag: 4, Szorzó 0 oka: nem lépet be 24 órája
[14:36:04] [biznisz TILL1: 13] Eredeti összeg: 15,000, Adott: 15,000, HetiAktivsag: 14, Szorzó 1.000000
[14:36:04] [biznisz TILL2: 13] Eredeti összeg: 15,000, Adott:0, HetiAktivsag: 0, Szorzó: 0.000000 Oka: FÕTulaj nem lépett be 24 órája
[14:36:21] [biznisz TILL1: 14] Eredeti összeg: 18,750, Adott: 18,750, HetiAktivsag: 14, Szorzó 1.000000
[14:36:21] [biznisz TILL1: 14] Eredeti összeg: 18,750, Adott: 18,750, HetiAktivsag: 14, Szorzó 1.000000
[14:36:21] [biznisz TILL1: 14] Eredeti összeg: 18,750, Adott: 18,750, HetiAktivsag: 14, Szorzó 1.000000
[14:36:30] [biznisz TILL1: 1] Eredeti összeg: 40,500, Adott: 0, HetiAktivsag: 3, Szorzó 0.000000
[14:36:37] [biznisz TILL1: 11] Eredeti összeg: 3,675, Adott: 0, HetiAktivsag: 13, Szorzó 0 oka: nem lépet be 24 órája
[14:36:42] [biznisz TILL1: 1] Eredeti összeg: 11,250, Adott: 0, HetiAktivsag: 3, Szorzó 0.000000
[14:37:27] [biznisz TILL1: 6] Eredeti összeg: 153, Adott: 0, HetiAktivsag: 4, Szorzó 0 oka: nem lépet be 24 órája
[14:37:35] [biznisz TILL1: 5] Eredeti összeg: 30,000, Adott: 0, HetiAktivsag: 2, Szorzó 0 oka: nem lépet be 24 órája
[14:37:37] [biznisz TILL1: 4] Eredeti összeg: 29,700, Adott: 0, HetiAktivsag: 8, Szorzó 0 oka: nem lépet be 24 órája
[14:37:37] [biznisz TILL2: 4] Eredeti összeg: 300, Adott:0, HetiAktivsag: 10, Szorzó: 1.000000 Oka: FÕTulaj nem lépett be 24 órája
[14:37:43] [biznisz TILL1: 6] Eredeti összeg: 153, Adott: 0, HetiAktivsag: 4, Szorzó 0 oka: nem lépet be 24 órája
[14:38:10] [biznisz TILL1: 6] Eredeti összeg: 153, Adott: 0, HetiAktivsag: 4, Szorzó 0 oka: nem lépet be 24 órája
[14:38:13] [biznisz TILL1: 4] Eredeti összeg: 29,700, Adott: 0, HetiAktivsag: 8, Szorzó 0 oka: nem lépet be 24 órája
[14:38:13] [biznisz TILL2: 4] Eredeti összeg: 300, Adott:0, HetiAktivsag: 10, Szorzó: 1.000000 Oka: FÕTulaj nem lépett be 24 órája
[14:38:25] [biznisz TILL1: 6] Eredeti összeg: 214, Adott: 0, HetiAktivsag: 4, Szorzó 0 oka: nem lépet be 24 órája
[14:38:25] [biznisz TILL1: 8] Eredeti összeg: 1,530, Adott: 0, HetiAktivsag: 0, Szorzó 0.000000
[14:38:25] [biznisz TILL2: 8] Eredeti összeg: 630, Adott:0, HetiAktivsag: 0, Szorzó: 0.000000 Oka: FÕTulaj heti átlaga kisebb mint 0.5
[14:38:27] [biznisz TILL1: 6] Eredeti összeg: 153, Adott: 0, HetiAktivsag: 4, Szorzó 0 oka: nem lépet be 24 órája
[14:38:58] [biznisz TILL1: 31] Eredeti összeg: 3,600, Adott: 0, HetiAktivsag: 7, Szorzó 0 oka: nem lépet be 24 órája
[14:39:02] [biznisz TILL1: 6] Eredeti összeg: 153, Adott: 0, HetiAktivsag: 4, Szorzó 0 oka: nem lépet be 24 órája
[14:39:22] [biznisz TILL1: 11] Eredeti összeg: 2,625, Adott: 0, HetiAktivsag: 13, Szorzó 0 oka: nem lépet be 24 órája
[14:39:26] [biznisz TILL1: 6] Eredeti összeg: 153, Adott: 0, HetiAktivsag: 4, Szorzó 0 oka: nem lépet be 24 órája
[14:40:13] [biznisz TILL1: 11] Eredeti összeg: 9,275, Adott: 0, HetiAktivsag: 13, Szorzó 0 oka: nem lépet be 24 órája
[14:40:29] [biznisz TILL1: 6] Eredeti összeg: 765, Adott: 0, HetiAktivsag: 4, Szorzó 0 oka: nem lépet be 24 órája
[14:42:45] [biznisz TILL1: 11] Eredeti összeg: 3,150, Adott: 0, HetiAktivsag: 13, Szorzó 0 oka: nem lépet be 24 órája
[14:42:53] [biznisz TILL1: 1] Eredeti összeg: 58,500, Adott: 0, HetiAktivsag: 3, Szorzó 0.000000
[14:43:00] [biznisz TILL1: 1] Eredeti összeg: 8,100, Adott: 0, HetiAktivsag: 3, Szorzó 0.000000
[14:43:42] [biznisz TILL1: 6] Eredeti összeg: 153, Adott: 0, HetiAktivsag: 4, Szorzó 0 oka: nem lépet be 24 órája
[14:43:58] [biznisz TILL1: 6] Eredeti összeg: 153, Adott: 0, HetiAktivsag: 4, Szorzó 0 oka: nem lépet be 24 órája
[14:44:15] [biznisz TILL1: 6] Eredeti összeg: 153, Adott: 0, HetiAktivsag: 4, Szorzó 0 oka: nem lépet be 24 órája
[14:44:17] [biznisz TILL1: 11] Eredeti összeg: 2,625, Adott: 0, HetiAktivsag: 13, Szorzó 0 oka: nem lépet be 24 órája
[14:45:59] [biznisz TILL1: 14] Eredeti összeg: 18,750, Adott: 18,750, HetiAktivsag: 14, Szorzó 1.000000
[14:45:59] [biznisz TILL1: 14] Eredeti összeg: 18,750, Adott: 18,750, HetiAktivsag: 14, Szorzó 1.000000
[14:45:59] [biznisz TILL1: 14] Eredeti összeg: 18,750, Adott: 18,750, HetiAktivsag: 14, Szorzó 1.000000
[14:47:05] [biznisz TILL1: 13] Eredeti összeg: 1,950, Adott: 1,950, HetiAktivsag: 14, Szorzó 1.000000
[14:47:05] [biznisz TILL2: 13] Eredeti összeg: 1,950, Adott:0, HetiAktivsag: 0, Szorzó: 0.000000 Oka: FÕTulaj nem lépett be 24 órája
[14:47:08] [biznisz TILL1: 13] Eredeti összeg: 240, Adott: 240, HetiAktivsag: 14, Szorzó 1.000000
[14:47:08] [biznisz TILL2: 13] Eredeti összeg: 240, Adott:0, HetiAktivsag: 0, Szorzó: 0.000000 Oka: FÕTulaj nem lépett be 24 órája
[14:47:10] [biznisz TILL1: 13] Eredeti összeg: 240, Adott: 240, HetiAktivsag: 14, Szorzó 1.000000
[14:47:10] [biznisz TILL2: 13] Eredeti összeg: 240, Adott:0, HetiAktivsag: 0, Szorzó: 0.000000 Oka: FÕTulaj nem lépett be 24 órája
[14:47:16] [biznisz TILL1: 13] Eredeti összeg: 360, Adott: 360, HetiAktivsag: 14, Szorzó 1.000000
[14:47:16] [biznisz TILL2: 13] Eredeti összeg: 360, Adott:0, HetiAktivsag: 0, Szorzó: 0.000000 Oka: FÕTulaj nem lépett be 24 órája
[14:47:19] [biznisz TILL1: 13] Eredeti összeg: 360, Adott: 360, HetiAktivsag: 14, Szorzó 1.000000
[14:47:19] [biznisz TILL2: 13] Eredeti összeg: 360, Adott:0, HetiAktivsag: 0, Szorzó: 0.000000 Oka: FÕTulaj nem lépett be 24 órája
[14:47:21] [biznisz TILL1: 13] Eredeti összeg: 360, Adott: 360, HetiAktivsag: 14, Szorzó 1.000000
[14:47:21] [biznisz TILL2: 13] Eredeti összeg: 360, Adott:0, HetiAktivsag: 0, Szorzó: 0.000000 Oka: FÕTulaj nem lépett be 24 órája
[14:47:23] [biznisz TILL1: 13] Eredeti összeg: 360, Adott: 360, HetiAktivsag: 14, Szorzó 1.000000
[14:47:23] [biznisz TILL2: 13] Eredeti összeg: 360, Adott:0, HetiAktivsag: 0, Szorzó: 0.000000 Oka: FÕTulaj nem lépett be 24 órája
[14:47:25] [biznisz TILL1: 13] Eredeti összeg: 360, Adott: 360, HetiAktivsag: 14, Szorzó 1.000000
[14:47:25] [biznisz TILL2: 13] Eredeti összeg: 360, Adott:0, HetiAktivsag: 0, Szorzó: 0.000000 Oka: FÕTulaj nem lépett be 24 órája
[14:47:27] [biznisz TILL1: 13] Eredeti összeg: 360, Adott: 360, HetiAktivsag: 14, Szorzó 1.000000
[14:47:27] [biznisz TILL2: 13] Eredeti összeg: 360, Adott:0, HetiAktivsag: 0, Szorzó: 0.000000 Oka: FÕTulaj nem lépett be 24 órája
[14:47:29] [biznisz TILL1: 13] Eredeti összeg: 360, Adott: 360, HetiAktivsag: 14, Szorzó 1.000000
[14:47:29] [biznisz TILL2: 13] Eredeti összeg: 360, Adott:0, HetiAktivsag: 0, Szorzó: 0.000000 Oka: FÕTulaj nem lépett be 24 órája
[14:47:59] [biznisz TILL1: 11] Eredeti összeg: 2,800, Adott: 0, HetiAktivsag: 13, Szorzó 0 oka: nem lépet be 24 órája
[14:48:31] [biznisz TILL1: 8] Eredeti összeg: 130, Adott: 0, HetiAktivsag: 0, Szorzó 0.000000
[14:48:31] [biznisz TILL2: 8] Eredeti összeg: 30, Adott:0, HetiAktivsag: 0, Szorzó: 0.000000 Oka: FÕTulaj heti átlaga kisebb mint 0.5
[14:48:53] [biznisz TILL1: 13] Eredeti összeg: 1,950, Adott: 1,950, HetiAktivsag: 14, Szorzó 1.000000
[14:48:53] [biznisz TILL2: 13] Eredeti összeg: 1,950, Adott:0, HetiAktivsag: 0, Szorzó: 0.000000 Oka: FÕTulaj nem lépett be 24 órája
[14:48:56] [biznisz TILL1: 13] Eredeti összeg: 1,950, Adott: 1,950, HetiAktivsag: 14, Szorzó 1.000000
[14:48:56] [biznisz TILL2: 13] Eredeti összeg: 1,950, Adott:0, HetiAktivsag: 0, Szorzó: 0.000000 Oka: FÕTulaj nem lépett be 24 órája
[14:48:58] [biznisz TILL1: 11] Eredeti összeg: 8,050, Adott: 0, HetiAktivsag: 13, Szorzó 0 oka: nem lépet be 24 órája
[14:49:01] [biznisz TILL1: 13] Eredeti összeg: 240, Adott: 240, HetiAktivsag: 14, Szorzó 1.000000
[14:49:01] [biznisz TILL2: 13] Eredeti összeg: 240, Adott:0, HetiAktivsag: 0, Szorzó: 0.000000 Oka: FÕTulaj nem lépett be 24 órája
[14:49:04] [biznisz TILL1: 13] Eredeti összeg: 240, Adott: 240, HetiAktivsag: 14, Szorzó 1.000000
[14:49:04] [biznisz TILL2: 13] Eredeti összeg: 240, Adott:0, HetiAktivsag: 0, Szorzó: 0.000000 Oka: FÕTulaj nem lépett be 24 órája
[14:49:40] [biznisz TILL1: 11] Eredeti összeg: 8,050, Adott: 0, HetiAktivsag: 13, Szorzó 0 oka: nem lépet be 24 órája
[14:49:51] [biznisz TILL1: 26] Eredeti összeg: 7,500, Adott: 0, HetiAktivsag: 2, Szorzó 0.000000
[14:49:51] [biznisz TILL2: 26] Eredeti összeg: 7,500, Adott:0, HetiAktivsag: 1, Szorzó: 0.000000 Oka: ALTulaj nem lépett be 24 órája
[14:52:11] [biznisz TILL1: 6] Eredeti összeg: 765, Adott: 0, HetiAktivsag: 4, Szorzó 0 oka: nem lépet be 24 órája
[14:52:50] [biznisz TILL1: 13] Eredeti összeg: 1,950, Adott: 1,950, HetiAktivsag: 14, Szorzó 1.000000
[14:52:50] [biznisz TILL2: 13] Eredeti összeg: 1,950, Adott:0, HetiAktivsag: 0, Szorzó: 0.000000 Oka: FÕTulaj nem lépett be 24 órája
[14:52:52] [biznisz TILL1: 13] Eredeti összeg: 1,950, Adott: 1,950, HetiAktivsag: 14, Szorzó 1.000000
[14:52:52] [biznisz TILL2: 13] Eredeti összeg: 1,950, Adott:0, HetiAktivsag: 0, Szorzó: 0.000000 Oka: FÕTulaj nem lépett be 24 órája
[14:52:54] [biznisz TILL1: 13] Eredeti összeg: 360, Adott: 360, HetiAktivsag: 14, Szorzó 1.000000
[14:52:54] [biznisz TILL2: 13] Eredeti összeg: 360, Adott:0, HetiAktivsag: 0, Szorzó: 0.000000 Oka: FÕTulaj nem lépett be 24 órája
[14:52:56] [biznisz TILL1: 13] Eredeti összeg: 360, Adott: 360, HetiAktivsag: 14, Szorzó 1.000000
[14:52:56] [biznisz TILL2: 13] Eredeti összeg: 360, Adott:0, HetiAktivsag: 0, Szorzó: 0.000000 Oka: FÕTulaj nem lépett be 24 órája
[14:52:58] [biznisz TILL1: 13] Eredeti összeg: 360, Adott: 360, HetiAktivsag: 14, Szorzó 1.000000
[14:52:58] [biznisz TILL2: 13] Eredeti összeg: 360, Adott:0, HetiAktivsag: 0, Szorzó: 0.000000 Oka: FÕTulaj nem lépett be 24 órája
[14:52:59] [biznisz TILL1: 13] Eredeti összeg: 360, Adott: 360, HetiAktivsag: 14, Szorzó 1.000000
[14:52:59] [biznisz TILL2: 13] Eredeti összeg: 360, Adott:0, HetiAktivsag: 0, Szorzó: 0.000000 Oka: FÕTulaj nem lépett be 24 órája
[14:53:38] [biznisz TILL1: 1] Eredeti összeg: 13,500, Adott: 0, HetiAktivsag: 3, Szorzó 0.000000
[14:54:40] [biznisz TILL1: 13] Eredeti összeg: 1,950, Adott: 1,950, HetiAktivsag: 14, Szorzó 1.000000
[14:54:40] [biznisz TILL2: 13] Eredeti összeg: 1,950, Adott:0, HetiAktivsag: 0, Szorzó: 0.000000 Oka: FÕTulaj nem lépett be 24 órája
[14:55:37] [biznisz TILL1: 26] Eredeti összeg: 7,500, Adott: 0, HetiAktivsag: 2, Szorzó 0.000000
[14:55:37] [biznisz TILL2: 26] Eredeti összeg: 7,500, Adott:0, HetiAktivsag: 1, Szorzó: 0.000000 Oka: ALTulaj nem lépett be 24 órája
[14:57:03] [biznisz TILL1: 13] Eredeti összeg: 150, Adott: 150, HetiAktivsag: 14, Szorzó 1.000000
[14:57:03] [biznisz TILL2: 13] Eredeti összeg: 150, Adott:0, HetiAktivsag: 0, Szorzó: 0.000000 Oka: FÕTulaj nem lépett be 24 órája
[14:57:03] [biznisz TILL1: 13] Eredeti összeg: 514, Adott: 514, HetiAktivsag: 14, Szorzó 1.000000
[14:57:03] [biznisz TILL2: 13] Eredeti összeg: 514, Adott:0, HetiAktivsag: 0, Szorzó: 0.000000 Oka: FÕTulaj nem lépett be 24 órája
[14:57:10] [biznisz TILL1: 13] Eredeti összeg: 150, Adott: 150, HetiAktivsag: 14, Szorzó 1.000000
[14:57:10] [biznisz TILL2: 13] Eredeti összeg: 150, Adott:0, HetiAktivsag: 0, Szorzó: 0.000000 Oka: FÕTulaj nem lépett be 24 órája
[14:57:16] [biznisz TILL1: 13] Eredeti összeg: 150, Adott: 150, HetiAktivsag: 14, Szorzó 1.000000
[14:57:16] [biznisz TILL2: 13] Eredeti összeg: 150, Adott:0, HetiAktivsag: 0, Szorzó: 0.000000 Oka: FÕTulaj nem lépett be 24 órája
[14:57:25] [biznisz TILL1: 13] Eredeti összeg: 150, Adott: 150, HetiAktivsag: 14, Szorzó 1.000000
[14:57:25] [biznisz TILL2: 13] Eredeti összeg: 150, Adott:0, HetiAktivsag: 0, Szorzó: 0.000000 Oka: FÕTulaj nem lépett be 24 órája
[14:57:25] [biznisz TILL1: 13] Eredeti összeg: 325, Adott: 325, HetiAktivsag: 14, Szorzó 1.000000
[14:57:25] [biznisz TILL2: 13] Eredeti összeg: 325, Adott:0, HetiAktivsag: 0, Szorzó: 0.000000 Oka: FÕTulaj nem lépett be 24 órája
[14:57:32] [biznisz TILL1: 13] Eredeti összeg: 150, Adott: 150, HetiAktivsag: 14, Szorzó 1.000000
[14:57:32] [biznisz TILL2: 13] Eredeti összeg: 150, Adott:0, HetiAktivsag: 0, Szorzó: 0.000000 Oka: FÕTulaj nem lépett be 24 órája
[14:57:38] [biznisz TILL1: 13] Eredeti összeg: 150, Adott: 150, HetiAktivsag: 14, Szorzó 1.000000
[14:57:38] [biznisz TILL2: 13] Eredeti összeg: 150, Adott:0, HetiAktivsag: 0, Szorzó: 0.000000 Oka: FÕTulaj nem lépett be 24 órája
[14:57:44] [biznisz TILL1: 13] Eredeti összeg: 150, Adott: 150, HetiAktivsag: 14, Szorzó 1.000000
[14:57:44] [biznisz TILL2: 13] Eredeti összeg: 150, Adott:0, HetiAktivsag: 0, Szorzó: 0.000000 Oka: FÕTulaj nem lépett be 24 órája
[14:57:49] [biznisz TILL1: 13] Eredeti összeg: 150, Adott: 150, HetiAktivsag: 14, Szorzó 1.000000
[14:57:49] [biznisz TILL2: 13] Eredeti összeg: 150, Adott:0, HetiAktivsag: 0, Szorzó: 0.000000 Oka: FÕTulaj nem lépett be 24 órája
[14:58:39] [biznisz TILL1: 6] Eredeti összeg: 437, Adott: 0, HetiAktivsag: 4, Szorzó 0 oka: nem lépet be 24 órája
[14:58:39] [biznisz TILL1: 8] Eredeti összeg: 2,800, Adott: 0, HetiAktivsag: 0, Szorzó 0.000000
[14:58:39] [biznisz TILL2: 8] Eredeti összeg: 1,200, Adott:0, HetiAktivsag: 0, Szorzó: 0.000000 Oka: FÕTulaj heti átlaga kisebb mint 0.5
[15:00:46] [biznisz TILL1: 6] Eredeti összeg: 826, Adott: 0, HetiAktivsag: 4, Szorzó 0 oka: nem lépet be 24 órája
[15:00:46] [biznisz TILL1: 8] Eredeti összeg: 1,910, Adott: 0, HetiAktivsag: 0, Szorzó 0.000000
[15:00:46] [biznisz TILL2: 8] Eredeti összeg: 810, Adott:0, HetiAktivsag: 0, Szorzó: 0.000000 Oka: FÕTulaj heti átlaga kisebb mint 0.5
[15:01:02] [biznisz TILL1: 4] Eredeti összeg: 29,700, Adott: 0, HetiAktivsag: 8, Szorzó 0 oka: nem lépet be 24 órája
[15:01:02] [biznisz TILL2: 4] Eredeti összeg: 300, Adott:0, HetiAktivsag: 10, Szorzó: 1.000000 Oka: FÕTulaj nem lépett be 24 órája
[15:01:17] [biznisz TILL1: 27] Eredeti összeg: 3,750, Adott: 0, HetiAktivsag: 11, Szorzó 0 oka: nem lépet be 24 órája
[15:02:57] [biznisz TILL1: 1] Eredeti összeg: 13,500, Adott: 0, HetiAktivsag: 3, Szorzó 0.000000
[15:03:32] [biznisz TILL1: 13] Eredeti összeg: 1,950, Adott: 1,950, HetiAktivsag: 14, Szorzó 1.000000
[15:03:32] [biznisz TILL2: 13] Eredeti összeg: 1,950, Adott:0, HetiAktivsag: 0, Szorzó: 0.000000 Oka: FÕTulaj nem lépett be 24 órája
[15:03:45] [biznisz TILL1: 13] Eredeti összeg: 1,950, Adott: 1,950, HetiAktivsag: 14, Szorzó 1.000000
[15:03:45] [biznisz TILL2: 13] Eredeti összeg: 1,950, Adott:0, HetiAktivsag: 0, Szorzó: 0.000000 Oka: FÕTulaj nem lépett be 24 órája
[15:04:40] [biznisz TILL1: 13] Eredeti összeg: 360, Adott: 360, HetiAktivsag: 14, Szorzó 1.000000
[15:04:40] [biznisz TILL2: 13] Eredeti összeg: 360, Adott:0, HetiAktivsag: 0, Szorzó: 0.000000 Oka: FÕTulaj nem lépett be 24 órája
[15:04:48] [biznisz TILL1: 27] Eredeti összeg: 18,750, Adott: 0, HetiAktivsag: 11, Szorzó 0 oka: nem lépet be 24 órája
[15:04:52] [biznisz TILL1: 27] Eredeti összeg: 7,500, Adott: 0, HetiAktivsag: 11, Szorzó 0 oka: nem lépet be 24 órája
[15:04:58] [biznisz TILL1: 27] Eredeti összeg: 15,000, Adott: 0, HetiAktivsag: 11, Szorzó 0 oka: nem lépet be 24 órája
[15:05:04] [biznisz TILL1: 27] Eredeti összeg: 7,500, Adott: 0, HetiAktivsag: 11, Szorzó 0 oka: nem lépet be 24 órája
[15:05:06] [biznisz TILL1: 13] Eredeti összeg: 240, Adott: 240, HetiAktivsag: 14, Szorzó 1.000000
[15:05:06] [biznisz TILL2: 13] Eredeti összeg: 240, Adott:0, HetiAktivsag: 0, Szorzó: 0.000000 Oka: FÕTulaj nem lépett be 24 órája
[15:05:46] [biznisz TILL1: 13] Eredeti összeg: 240, Adott: 240, HetiAktivsag: 14, Szorzó 1.000000
[15:05:46] [biznisz TILL2: 13] Eredeti összeg: 240, Adott:0, HetiAktivsag: 0, Szorzó: 0.000000 Oka: FÕTulaj nem lépett be 24 órája
[15:05:53] [biznisz TILL1: 12] Eredeti összeg: 75,000, Adott: 0, HetiAktivsag: 3, Szorzó 0 oka: nem lépet be 24 órája
[15:05:58] [biznisz TILL1: 26] Eredeti összeg: 7,500, Adott: 0, HetiAktivsag: 2, Szorzó 0.000000
[15:05:58] [biznisz TILL2: 26] Eredeti összeg: 7,500, Adott:0, HetiAktivsag: 1, Szorzó: 0.000000 Oka: ALTulaj nem lépett be 24 órája
[15:06:03] [biznisz TILL1: 13] Eredeti összeg: 240, Adott: 240, HetiAktivsag: 14, Szorzó 1.000000
[15:06:03] [biznisz TILL2: 13] Eredeti összeg: 240, Adott:0, HetiAktivsag: 0, Szorzó: 0.000000 Oka: FÕTulaj nem lépett be 24 órája
[15:06:03] [biznisz TILL1: 6] Eredeti összeg: 1,454, Adott: 0, HetiAktivsag: 4, Szorzó 0 oka: nem lépet be 24 órája
[15:06:03] [biznisz TILL1: 8] Eredeti összeg: 2,800, Adott: 0, HetiAktivsag: 0, Szorzó 0.000000
[15:06:03] [biznisz TILL2: 8] Eredeti összeg: 1,200, Adott:0, HetiAktivsag: 0, Szorzó: 0.000000 Oka: FÕTulaj heti átlaga kisebb mint 0.5
[15:06:25] [biznisz TILL1: 6] Eredeti összeg: 765, Adott: 0, HetiAktivsag: 4, Szorzó 0 oka: nem lépet be 24 órája
[15:06:39] [biznisz TILL1: 12] Eredeti összeg: 75,000, Adott: 0, HetiAktivsag: 3, Szorzó 0 oka: nem lépet be 24 órája
[15:08:18] [biznisz TILL1: 12] Eredeti összeg: 75,000, Adott: 0, HetiAktivsag: 3, Szorzó 0 oka: nem lépet be 24 órája
[15:08:42] [biznisz TILL1: 25] Eredeti összeg: 900, Adott: 0, HetiAktivsag: 0, Szorzó 0 oka: nem lépet be 24 órája
[15:08:42] [biznisz TILL1: 6] Eredeti összeg: 697, Adott: 0, HetiAktivsag: 4, Szorzó 0 oka: nem lépet be 24 órája
[15:09:14] [biznisz TILL1: 26] Eredeti összeg: 7,500, Adott: 0, HetiAktivsag: 2, Szorzó 0.000000
[15:09:14] [biznisz TILL2: 26] Eredeti összeg: 7,500, Adott:0, HetiAktivsag: 1, Szorzó: 0.000000 Oka: ALTulaj nem lépett be 24 órája
[15:09:38] [biznisz TILL1: 11] Eredeti összeg: 4,025, Adott: 0, HetiAktivsag: 13, Szorzó 0 oka: nem lépet be 24 órája
[15:11:12] [biznisz TILL1: 4] Eredeti összeg: 29,700, Adott: 0, HetiAktivsag: 8, Szorzó 0 oka: nem lépet be 24 órája
[15:11:12] [biznisz TILL2: 4] Eredeti összeg: 300, Adott:0, HetiAktivsag: 10, Szorzó: 1.000000 Oka: FÕTulaj nem lépett be 24 órája
[15:11:22] [biznisz TILL1: 6] Eredeti összeg: 673, Adott: 0, HetiAktivsag: 4, Szorzó 0 oka: nem lépet be 24 órája
[15:12:26] [biznisz TILL1: 8] Eredeti összeg: 80, Adott: 0, HetiAktivsag: 0, Szorzó 0.000000
[15:12:26] [biznisz TILL2: 8] Eredeti összeg: 0, Adott:0, HetiAktivsag: 0, Szorzó: 0.000000 Oka: FÕTulaj heti átlaga kisebb mint 0.5
[15:13:04] [biznisz TILL1: 27] Eredeti összeg: 15,000, Adott: 0, HetiAktivsag: 11, Szorzó 0 oka: nem lépet be 24 órája
[15:13:06] [biznisz TILL1: 27] Eredeti összeg: 18,750, Adott: 0, HetiAktivsag: 11, Szorzó 0 oka: nem lépet be 24 órája
[15:13:30] [biznisz TILL1: 6] Eredeti összeg: 238, Adott: 0, HetiAktivsag: 4, Szorzó 0 oka: nem lépet be 24 órája
[15:13:30] [biznisz TILL1: 8] Eredeti összeg: 410, Adott: 0, HetiAktivsag: 0, Szorzó 0.000000
[15:13:30] [biznisz TILL2: 8] Eredeti összeg: 150, Adott:0, HetiAktivsag: 0, Szorzó: 0.000000 Oka: FÕTulaj heti átlaga kisebb mint 0.5
[15:13:43] [biznisz TILL1: 13] Eredeti összeg: 1,950, Adott: 1,950, HetiAktivsag: 14, Szorzó 1.000000
[15:13:43] [biznisz TILL2: 13] Eredeti összeg: 1,950, Adott:0, HetiAktivsag: 0, Szorzó: 0.000000 Oka: FÕTulaj nem lépett be 24 órája
[15:14:32] [biznisz TILL1: 11] Eredeti összeg: 2,975, Adott: 0, HetiAktivsag: 13, Szorzó 0 oka: nem lépet be 24 órája
[15:14:51] [biznisz TILL1: 26] Eredeti összeg: 7,500, Adott: 0, HetiAktivsag: 2, Szorzó 0.000000
[15:14:51] [biznisz TILL2: 26] Eredeti összeg: 7,500, Adott:0, HetiAktivsag: 1, Szorzó: 0.000000 Oka: ALTulaj nem lépett be 24 órája
[15:16:04] [biznisz TILL1: 1] Eredeti összeg: 58,500, Adott: 0, HetiAktivsag: 3, Szorzó 0.000000
[15:16:13] [biznisz TILL1: 1] Eredeti összeg: 6,750, Adott: 0, HetiAktivsag: 3, Szorzó 0.000000
[15:16:16] [biznisz TILL1: 27] Eredeti összeg: 3,750, Adott: 0, HetiAktivsag: 11, Szorzó 0 oka: nem lépet be 24 órája
[15:16:20] [biznisz TILL1: 6] Eredeti összeg: 153, Adott: 0, HetiAktivsag: 4, Szorzó 0 oka: nem lépet be 24 órája
[15:16:41] [biznisz TILL1: 5] Eredeti összeg: 30,000, Adott: 0, HetiAktivsag: 2, Szorzó 0 oka: nem lépet be 24 órája
[15:17:24] [biznisz TILL1: 1] Eredeti összeg: 4,500, Adott: 0, HetiAktivsag: 3, Szorzó 0.000000
[15:17:27] [biznisz TILL1: 6] Eredeti összeg: 153, Adott: 0, HetiAktivsag: 4, Szorzó 0 oka: nem lépet be 24 órája
[15:17:39] [biznisz TILL1: 13] Eredeti összeg: 1,950, Adott: 1,950, HetiAktivsag: 14, Szorzó 1.000000
[15:17:39] [biznisz TILL2: 13] Eredeti összeg: 1,950, Adott:0, HetiAktivsag: 0, Szorzó: 0.000000 Oka: FÕTulaj nem lépett be 24 órája
[15:17:39] [biznisz TILL1: 1] Eredeti összeg: 13,500, Adott: 0, HetiAktivsag: 3, Szorzó 0.000000
[15:17:44] [biznisz TILL1: 6] Eredeti összeg: 122, Adott: 0, HetiAktivsag: 4, Szorzó 0 oka: nem lépet be 24 órája
[15:17:44] [biznisz TILL1: 8] Eredeti összeg: 2,800, Adott: 0, HetiAktivsag: 0, Szorzó 0.000000
[15:17:44] [biznisz TILL2: 8] Eredeti összeg: 1,200, Adott:0, HetiAktivsag: 0, Szorzó: 0.000000 Oka: FÕTulaj heti átlaga kisebb mint 0.5
[15:17:45] [biznisz TILL1: 13] Eredeti összeg: 1,950, Adott: 1,950, HetiAktivsag: 14, Szorzó 1.000000
[15:17:45] [biznisz TILL2: 13] Eredeti összeg: 1,950, Adott:0, HetiAktivsag: 0, Szorzó: 0.000000 Oka: FÕTulaj nem lépett be 24 órája
[15:20:31] [biznisz TILL1: 11] Eredeti összeg: 2,800, Adott: 0, HetiAktivsag: 13, Szorzó 0 oka: nem lépet be 24 órája
[15:21:20] [biznisz TILL1: 11] Eredeti összeg: 3,150, Adott: 0, HetiAktivsag: 13, Szorzó 0 oka: nem lépet be 24 órája
[15:21:36] [biznisz TILL1: 6] Eredeti összeg: 153, Adott: 0, HetiAktivsag: 4, Szorzó 0 oka: nem lépet be 24 órája
[15:22:17] [biznisz TILL1: 25] Eredeti összeg: 775, Adott: 0, HetiAktivsag: 0, Szorzó 0 oka: nem lépet be 24 órája
[15:23:08] [biznisz TILL1: 6] Eredeti összeg: 2,295, Adott: 0, HetiAktivsag: 4, Szorzó 0 oka: nem lépet be 24 órája
[15:23:33] [biznisz TILL1: 6] Eredeti összeg: 115, Adott: 0, HetiAktivsag: 4, Szorzó 0 oka: nem lépet be 24 órája
[15:23:33] [biznisz TILL1: 8] Eredeti összeg: 1,480, Adott: 0, HetiAktivsag: 0, Szorzó 0.000000
[15:23:33] [biznisz TILL2: 8] Eredeti összeg: 600, Adott:0, HetiAktivsag: 0, Szorzó: 0.000000 Oka: FÕTulaj heti átlaga kisebb mint 0.5
[15:23:44] [biznisz TILL1: 27] Eredeti összeg: 3,750, Adott: 0, HetiAktivsag: 11, Szorzó 0 oka: nem lépet be 24 órája
[15:23:45] [biznisz TILL1: 11] Eredeti összeg: 3,150, Adott: 0, HetiAktivsag: 13, Szorzó 0 oka: nem lépet be 24 órája
[15:24:38] [biznisz TILL1: 27] Eredeti összeg: 3,750, Adott: 0, HetiAktivsag: 11, Szorzó 0 oka: nem lépet be 24 órája
[15:25:02] [biznisz TILL1: 5] Eredeti összeg: 30,000, Adott: 0, HetiAktivsag: 2, Szorzó 0 oka: nem lépet be 24 órája
[15:25:20] [biznisz TILL1: 27] Eredeti összeg: 3,750, Adott: 0, HetiAktivsag: 11, Szorzó 0 oka: nem lépet be 24 órája
[15:25:34] [biznisz TILL1: 17] Eredeti összeg: 375, Adott: 375, HetiAktivsag: 14, Szorzó 1.000000
[15:25:37] [biznisz TILL1: 17] Eredeti összeg: 375, Adott: 375, HetiAktivsag: 14, Szorzó 1.000000
[15:25:40] [biznisz TILL1: 8] Eredeti összeg: 1,860, Adott: 0, HetiAktivsag: 0, Szorzó 0.000000
[15:25:40] [biznisz TILL2: 8] Eredeti összeg: 780, Adott:0, HetiAktivsag: 0, Szorzó: 0.000000 Oka: FÕTulaj heti átlaga kisebb mint 0.5
[15:27:15] [biznisz TILL1: 6] Eredeti összeg: 321, Adott: 0, HetiAktivsag: 4, Szorzó 0 oka: nem lépet be 24 órája
[15:29:44] [biznisz TILL1: 13] Eredeti összeg: 1,950, Adott: 1,950, HetiAktivsag: 14, Szorzó 1.000000
[15:29:44] [biznisz TILL2: 13] Eredeti összeg: 1,950, Adott:0, HetiAktivsag: 0, Szorzó: 0.000000 Oka: FÕTulaj nem lépett be 24 órája
[15:29:47] [biznisz TILL1: 13] Eredeti összeg: 1,950, Adott: 1,950, HetiAktivsag: 14, Szorzó 1.000000
[15:29:47] [biznisz TILL2: 13] Eredeti összeg: 1,950, Adott:0, HetiAktivsag: 0, Szorzó: 0.000000 Oka: FÕTulaj nem lépett be 24 órája
[15:29:54] [biznisz TILL1: 13] Eredeti összeg: 240, Adott: 240, HetiAktivsag: 14, Szorzó 1.000000
[15:29:54] [biznisz TILL2: 13] Eredeti összeg: 240, Adott:0, HetiAktivsag: 0, Szorzó: 0.000000 Oka: FÕTulaj nem lépett be 24 órája
[15:29:57] [biznisz TILL1: 13] Eredeti összeg: 240, Adott: 240, HetiAktivsag: 14, Szorzó 1.000000
[15:29:57] [biznisz TILL2: 13] Eredeti összeg: 240, Adott:0, HetiAktivsag: 0, Szorzó: 0.000000 Oka: FÕTulaj nem lépett be 24 órája
[15:29:58] [biznisz TILL1: 6] Eredeti összeg: 765, Adott: 0, HetiAktivsag: 4, Szorzó 0 oka: nem lépet be 24 órája
[15:30:57] [biznisz TILL1: 11] Eredeti összeg: 7,000, Adott: 0, HetiAktivsag: 13, Szorzó 0 oka: nem lépet be 24 órája
[15:31:01] [biznisz TILL1: 3] Eredeti összeg: 1,250,000, Adott: 625,000, HetiAktivsag: 6, Szorzó 0.500000
[15:31:01] [biznisz TILL2: 3] Eredeti összeg: 1,250,000, Adott: 625,000, HetiAktivsag: 4, Szorzó: 0.500000
[15:31:05] [biznisz TILL1: 27] Eredeti összeg: 19,589, Adott: 0, HetiAktivsag: 11, Szorzó 0 oka: nem lépet be 24 órája
[15:31:06] [biznisz TILL1: 27] Eredeti összeg: 3,750, Adott: 0, HetiAktivsag: 11, Szorzó 0 oka: nem lépet be 24 órája
[15:35:22] [biznisz TILL1: 13] Eredeti összeg: 15,000, Adott: 15,000, HetiAktivsag: 14, Szorzó 1.000000
[15:35:22] [biznisz TILL2: 13] Eredeti összeg: 15,000, Adott:0, HetiAktivsag: 0, Szorzó: 0.000000 Oka: FÕTulaj nem lépett be 24 órája
[15:35:27] [biznisz TILL1: 13] Eredeti összeg: 240, Adott: 240, HetiAktivsag: 14, Szorzó 1.000000
[15:35:27] [biznisz TILL2: 13] Eredeti összeg: 240, Adott:0, HetiAktivsag: 0, Szorzó: 0.000000 Oka: FÕTulaj nem lépett be 24 órája
[15:35:37] [biznisz TILL1: 13] Eredeti összeg: 240, Adott: 240, HetiAktivsag: 14, Szorzó 1.000000
[15:35:37] [biznisz TILL2: 13] Eredeti összeg: 240, Adott:0, HetiAktivsag: 0, Szorzó: 0.000000 Oka: FÕTulaj nem lépett be 24 órája
[15:45:33] [biznisz TILL1: 25] Eredeti összeg: 775, Adott: 0, HetiAktivsag: 0, Szorzó 0 oka: nem lépet be 24 órája
[15:47:42] [biznisz TILL1: 30] Eredeti összeg: 50,000, Adott: 0, HetiAktivsag: 14, Szorzó 0 oka: nem lépet be 24 órája
[15:49:30] [biznisz TILL1: 8] Eredeti összeg: 1,860, Adott: 0, HetiAktivsag: 0, Szorzó 0 oka: heti átlag kisebb mint 7
[15:49:30] [biznisz TILL2: 8] Eredeti összeg: 780, Adott:0, HetiAktivsag: 0, Szorzó: 0.000000 Oka: FÕTulaj heti átlaga kisebb mint 0.5
[15:50:15] [biznisz TILL1: 3] Eredeti összeg: 250,000, Adott: 0, HetiAktivsag: 6, Szorzó 0 oka: heti átlag kisebb mint 7
[15:50:15] [biznisz TILL2: 3] Eredeti összeg: 250,000, Adott:0, HetiAktivsag: 4, Szorzó: 0.500000 Oka: FÕTulaj heti átlaga kisebb mint 0.5
[15:50:28] [biznisz TILL1: 13] Eredeti összeg: 1,950, Adott: 1,950, HetiAktivsag: 14, Szorzó 1.000000
[15:50:28] [biznisz TILL2: 13] Eredeti összeg: 1,950, Adott:0, HetiAktivsag: 0, Szorzó: 0.000000 Oka: FÕTulaj nem lépett be 24 órája
[15:50:28] [biznisz TILL1: 13] Eredeti összeg: 1,950, Adott: 1,950, HetiAktivsag: 14, Szorzó 1.000000
[15:50:28] [biznisz TILL2: 13] Eredeti összeg: 1,950, Adott:0, HetiAktivsag: 0, Szorzó: 0.000000 Oka: FÕTulaj nem lépett be 24 órája
[15:50:31] [biznisz TILL1: 13] Eredeti összeg: 1,950, Adott: 1,950, HetiAktivsag: 14, Szorzó 1.000000
[15:50:31] [biznisz TILL2: 13] Eredeti összeg: 1,950, Adott:0, HetiAktivsag: 0, Szorzó: 0.000000 Oka: FÕTulaj nem lépett be 24 órája
[15:50:32] [biznisz TILL1: 13] Eredeti összeg: 1,950, Adott: 1,950, HetiAktivsag: 14, Szorzó 1.000000
[15:50:32] [biznisz TILL2: 13] Eredeti összeg: 1,950, Adott:0, HetiAktivsag: 0, Szorzó: 0.000000 Oka: FÕTulaj nem lépett be 24 órája
[15:50:37] [biznisz TILL1: 13] Eredeti összeg: 240, Adott: 240, HetiAktivsag: 14, Szorzó 1.000000
[15:50:37] [biznisz TILL2: 13] Eredeti összeg: 240, Adott:0, HetiAktivsag: 0, Szorzó: 0.000000 Oka: FÕTulaj nem lépett be 24 órája
[15:50:37] [biznisz TILL1: 13] Eredeti összeg: 240, Adott: 240, HetiAktivsag: 14, Szorzó 1.000000
[15:50:37] [biznisz TILL2: 13] Eredeti összeg: 240, Adott:0, HetiAktivsag: 0, Szorzó: 0.000000 Oka: FÕTulaj nem lépett be 24 órája
[15:51:45] [biznisz TILL1: 13] Eredeti összeg: 240, Adott: 240, HetiAktivsag: 14, Szorzó 1.000000
[15:51:45] [biznisz TILL2: 13] Eredeti összeg: 240, Adott:0, HetiAktivsag: 0, Szorzó: 0.000000 Oka: FÕTulaj nem lépett be 24 órája
[15:51:49] [biznisz TILL1: 13] Eredeti összeg: 240, Adott: 240, HetiAktivsag: 14, Szorzó 1.000000
[15:51:49] [biznisz TILL2: 13] Eredeti összeg: 240, Adott:0, HetiAktivsag: 0, Szorzó: 0.000000 Oka: FÕTulaj nem lépett be 24 órája
[15:51:53] [biznisz TILL1: 13] Eredeti összeg: 240, Adott: 240, HetiAktivsag: 14, Szorzó 1.000000
[15:51:53] [biznisz TILL2: 13] Eredeti összeg: 240, Adott:0, HetiAktivsag: 0, Szorzó: 0.000000 Oka: FÕTulaj nem lépett be 24 órája
[15:51:59] [biznisz TILL1: 13] Eredeti összeg: 240, Adott: 240, HetiAktivsag: 14, Szorzó 1.000000
[15:51:59] [biznisz TILL2: 13] Eredeti összeg: 240, Adott:0, HetiAktivsag: 0, Szorzó: 0.000000 Oka: FÕTulaj nem lépett be 24 órája
[15:52:48] [biznisz TILL1: 30] Eredeti összeg: 20,000, Adott: 0, HetiAktivsag: 14, Szorzó 0 oka: nem lépet be 24 órája
[15:54:44] [biznisz TILL1: 6] Eredeti összeg: 153, Adott: 0, HetiAktivsag: 4, Szorzó 0 oka: nem lépet be 24 órája
[15:54:52] [biznisz TILL1: 30] Eredeti összeg: 10,000, Adott: 0, HetiAktivsag: 14, Szorzó 0 oka: nem lépet be 24 órája
[15:54:59] [biznisz TILL1: 26] Eredeti összeg: 7,500, Adott: 0, HetiAktivsag: 2, Szorzó 0 oka: heti átlag kisebb mint 7
[15:54:59] [biznisz TILL2: 26] Eredeti összeg: 7,500, Adott:0, HetiAktivsag: 1, Szorzó: 0.000000 Oka: ALTulaj nem lépett be 24 órája
[15:55:57] [biznisz TILL1: 8] Eredeti összeg: 1,400, Adott: 0, HetiAktivsag: 0, Szorzó 0.000000
[15:55:57] [biznisz TILL2: 8] Eredeti összeg: 600, Adott:0, HetiAktivsag: 0, Szorzó: 0.000000 Oka: FÕTulaj heti átlaga kisebb mint 0.5
[15:56:31] [biznisz TILL1: 13] Eredeti összeg: 1,950, Adott: 1,950, HetiAktivsag: 14, Szorzó 1.000000
[15:56:31] [biznisz TILL2: 13] Eredeti összeg: 1,950, Adott:0, HetiAktivsag: 0, Szorzó: 0.000000 Oka: FÕTulaj nem lépett be 24 órája
[15:58:20] [biznisz TILL1: 12] Eredeti összeg: 75,000, Adott: 0, HetiAktivsag: 3, Szorzó 0 oka: nem lépet be 24 órája
[15:58:29] [biznisz TILL1: 3] Eredeti összeg: 1,750, Adott: 0, HetiAktivsag: 6, Szorzó 0 oka: heti átlag kisebb mint 7
[15:58:29] [biznisz TILL2: 3] Eredeti összeg: 1,750, Adott: 875, HetiAktivsag: 4, Szorzó: 0.500000
[15:59:26] [biznisz TILL1: 25] Eredeti összeg: 450, Adott: 0, HetiAktivsag: 0, Szorzó 0 oka: nem lépet be 24 órája
[15:59:30] [biznisz TILL1: 3] Eredeti összeg: 1,250, Adott: 0, HetiAktivsag: 6, Szorzó 0 oka: heti átlag kisebb mint 7
[15:59:30] [biznisz TILL2: 3] Eredeti összeg: 1,250, Adott: 625, HetiAktivsag: 4, Szorzó: 0.500000
[15:59:55] [biznisz TILL1: 4] Eredeti összeg: 29,700, Adott: 0, HetiAktivsag: 8, Szorzó 0 oka: nem lépet be 24 órája
[15:59:55] [biznisz TILL2: 4] Eredeti összeg: 300, Adott:0, HetiAktivsag: 10, Szorzó: 1.000000 Oka: FÕTulaj nem lépett be 24 órája
[16:00:20] [biznisz TILL1: 8] Eredeti összeg: 1,860, Adott: 0, HetiAktivsag: 0, Szorzó 0.000000
[16:00:20] [biznisz TILL2: 8] Eredeti összeg: 780, Adott:0, HetiAktivsag: 0, Szorzó: 0.000000 Oka: FÕTulaj heti átlaga kisebb mint 0.5
[16:01:57] [biznisz TILL1: 25] Eredeti összeg: 775, Adott: 0, HetiAktivsag: 0, Szorzó 0 oka: nem lépet be 24 órája
[16:05:03] [biznisz TILL1: 27] Eredeti összeg: 3,750, Adott: 0, HetiAktivsag: 11, Szorzó 0 oka: nem lépet be 24 órája
[16:05:29] [biznisz TILL1: 9] Eredeti összeg: 12,500, Adott: 6,250, HetiAktivsag: 4, Szorzó 0.500000
[16:05:29] [biznisz TILL1: 9] Eredeti összeg: 12,500, Adott: 6,250, HetiAktivsag: 4, Szorzó 0.500000
[16:06:06] [biznisz TILL1: 9] Eredeti összeg: 12,500, Adott: 6,250, HetiAktivsag: 4, Szorzó 0.500000
[16:06:06] [biznisz TILL1: 9] Eredeti összeg: 12,500, Adott: 6,250, HetiAktivsag: 4, Szorzó 0.500000
[16:06:37] [biznisz TILL1: 14] Eredeti összeg: 18,750, Adott: 18,750, HetiAktivsag: 14, Szorzó 1.000000
[16:06:37] [biznisz TILL1: 14] Eredeti összeg: 18,750, Adott: 18,750, HetiAktivsag: 14, Szorzó 1.000000
[16:07:04] [biznisz TILL1: 19] Eredeti összeg: 75, Adott: 0, HetiAktivsag: 0, Szorzó 0 oka: heti átlag kisebb mint 7
[16:07:12] [biznisz TILL1: 19] Eredeti összeg: 75, Adott: 0, HetiAktivsag: 0, Szorzó 0 oka: heti átlag kisebb mint 7
[16:07:14] [biznisz TILL1: 19] Eredeti összeg: 75, Adott: 0, HetiAktivsag: 0, Szorzó 0 oka: heti átlag kisebb mint 7
[16:07:18] [biznisz TILL1: 19] Eredeti összeg: 75, Adott: 0, HetiAktivsag: 0, Szorzó 0 oka: heti átlag kisebb mint 7
[16:07:30] [biznisz TILL1: 8] Eredeti összeg: 1,530, Adott: 0, HetiAktivsag: 0, Szorzó 0.000000
[16:07:30] [biznisz TILL2: 8] Eredeti összeg: 630, Adott:0, HetiAktivsag: 0, Szorzó: 0.000000 Oka: FÕTulaj heti átlaga kisebb mint 0.5
[16:09:59] [biznisz TILL1: 13] Eredeti összeg: 1,950, Adott: 1,950, HetiAktivsag: 14, Szorzó 1.000000
[16:09:59] [biznisz TILL2: 13] Eredeti összeg: 1,950, Adott:0, HetiAktivsag: 0, Szorzó: 0.000000 Oka: FÕTulaj nem lépett be 24 órája
[16:10:10] [biznisz TILL1: 13] Eredeti összeg: 1,950, Adott: 1,950, HetiAktivsag: 14, Szorzó 1.000000
[16:10:10] [biznisz TILL2: 13] Eredeti összeg: 1,950, Adott:0, HetiAktivsag: 0, Szorzó: 0.000000 Oka: FÕTulaj nem lépett be 24 órája
[16:10:14] [biznisz TILL1: 13] Eredeti összeg: 240, Adott: 240, HetiAktivsag: 14, Szorzó 1.000000
[16:10:14] [biznisz TILL2: 13] Eredeti összeg: 240, Adott:0, HetiAktivsag: 0, Szorzó: 0.000000 Oka: FÕTulaj nem lépett be 24 órája
[16:10:16] [biznisz TILL1: 8] Eredeti összeg: 2,800, Adott: 0, HetiAktivsag: 0, Szorzó 0.000000
[16:10:16] [biznisz TILL2: 8] Eredeti összeg: 1,200, Adott:0, HetiAktivsag: 0, Szorzó: 0.000000 Oka: FÕTulaj heti átlaga kisebb mint 0.5
[16:11:18] [biznisz TILL1: 12] Eredeti összeg: 75,000, Adott: 0, HetiAktivsag: 3, Szorzó 0.000000
[16:12:34] [biznisz TILL1: 11] Eredeti összeg: 3,325, Adott: 3,325, HetiAktivsag: 13, Szorzó 1.000000
[16:13:11] [biznisz TILL1: 6] Eredeti összeg: 153, Adott: 0, HetiAktivsag: 4, Szorzó 0 oka: nem lépet be 24 órája
[16:13:24] [biznisz TILL1: 6] Eredeti összeg: 153, Adott: 0, HetiAktivsag: 4, Szorzó 0 oka: nem lépet be 24 órája
[16:13:34] [biznisz TILL1: 6] Eredeti összeg: 153, Adott: 0, HetiAktivsag: 4, Szorzó 0 oka: nem lépet be 24 órája
[16:14:09] [biznisz TILL1: 6] Eredeti összeg: 153, Adott: 0, HetiAktivsag: 4, Szorzó 0 oka: nem lépet be 24 órája
[16:14:21] [biznisz TILL1: 6] Eredeti összeg: 153, Adott: 0, HetiAktivsag: 4, Szorzó 0 oka: nem lépet be 24 órája
[16:14:31] [biznisz TILL1: 6] Eredeti összeg: 153, Adott: 0, HetiAktivsag: 4, Szorzó 0 oka: nem lépet be 24 órája
[16:14:38] [biznisz TILL1: 6] Eredeti összeg: 153, Adott: 0, HetiAktivsag: 4, Szorzó 0 oka: nem lépet be 24 órája
[16:15:08] [biznisz TILL1: 5] Eredeti összeg: 30,000, Adott: 0, HetiAktivsag: 2, Szorzó 0 oka: nem lépet be 24 órája
[16:15:25] [biznisz TILL1: 11] Eredeti összeg: 3,325, Adott: 3,325, HetiAktivsag: 13, Szorzó 1.000000
[16:15:47] [biznisz TILL1: 8] Eredeti összeg: 1,250, Adott: 0, HetiAktivsag: 0, Szorzó 0.000000
[16:15:47] [biznisz TILL2: 8] Eredeti összeg: 510, Adott:0, HetiAktivsag: 0, Szorzó: 0.000000 Oka: FÕTulaj heti átlaga kisebb mint 0.5
[16:16:03] [biznisz TILL1: 13] Eredeti összeg: 1,950, Adott: 1,950, HetiAktivsag: 14, Szorzó 1.000000
[16:16:03] [biznisz TILL2: 13] Eredeti összeg: 1,950, Adott:0, HetiAktivsag: 0, Szorzó: 0.000000 Oka: FÕTulaj nem lépett be 24 órája
[16:16:06] [biznisz TILL1: 13] Eredeti összeg: 1,950, Adott: 1,950, HetiAktivsag: 14, Szorzó 1.000000
[16:16:06] [biznisz TILL2: 13] Eredeti összeg: 1,950, Adott:0, HetiAktivsag: 0, Szorzó: 0.000000 Oka: FÕTulaj nem lépett be 24 órája
[16:16:14] [biznisz TILL1: 13] Eredeti összeg: 240, Adott: 240, HetiAktivsag: 14, Szorzó 1.000000
[16:16:14] [biznisz TILL2: 13] Eredeti összeg: 240, Adott:0, HetiAktivsag: 0, Szorzó: 0.000000 Oka: FÕTulaj nem lépett be 24 órája
[16:16:18] [biznisz TILL1: 13] Eredeti összeg: 240, Adott: 240, HetiAktivsag: 14, Szorzó 1.000000
[16:16:18] [biznisz TILL2: 13] Eredeti összeg: 240, Adott:0, HetiAktivsag: 0, Szorzó: 0.000000 Oka: FÕTulaj nem lépett be 24 órája
[16:18:31] [biznisz TILL1: 3] Eredeti összeg: 1,750, Adott: 875, HetiAktivsag: 6, Szorzó 0.500000
[16:18:31] [biznisz TILL2: 3] Eredeti összeg: 1,750, Adott: 875, HetiAktivsag: 4, Szorzó: 0.500000
[16:19:21] [biznisz TILL1: 4] Eredeti összeg: 59,400, Adott: 0, HetiAktivsag: 8, Szorzó 0 oka: nem lépet be 24 órája
[16:19:21] [biznisz TILL2: 4] Eredeti összeg: 600, Adott:0, HetiAktivsag: 10, Szorzó: 1.000000 Oka: FÕTulaj nem lépett be 24 órája
[16:19:57] [biznisz TILL1: 13] Eredeti összeg: 1,950, Adott: 1,950, HetiAktivsag: 14, Szorzó 1.000000
[16:19:57] [biznisz TILL2: 13] Eredeti összeg: 1,950, Adott:0, HetiAktivsag: 0, Szorzó: 0.000000 Oka: FÕTulaj nem lépett be 24 órája
[16:20:00] [biznisz TILL1: 13] Eredeti összeg: 240, Adott: 240, HetiAktivsag: 14, Szorzó 1.000000
[16:20:00] [biznisz TILL2: 13] Eredeti összeg: 240, Adott:0, HetiAktivsag: 0, Szorzó: 0.000000 Oka: FÕTulaj nem lépett be 24 órája
[16:20:03] [biznisz TILL1: 13] Eredeti összeg: 240, Adott: 240, HetiAktivsag: 14, Szorzó 1.000000
[16:20:03] [biznisz TILL2: 13] Eredeti összeg: 240, Adott:0, HetiAktivsag: 0, Szorzó: 0.000000 Oka: FÕTulaj nem lépett be 24 órája
[16:20:05] [biznisz TILL1: 13] Eredeti összeg: 240, Adott: 240, HetiAktivsag: 14, Szorzó 1.000000
[16:20:05] [biznisz TILL2: 13] Eredeti összeg: 240, Adott:0, HetiAktivsag: 0, Szorzó: 0.000000 Oka: FÕTulaj nem lépett be 24 órája
[16:20:16] [biznisz TILL1: 25] Eredeti összeg: 775, Adott: 0, HetiAktivsag: 0, Szorzó 0 oka: nem lépet be 24 órája
[16:22:29] [biznisz TILL1: 4] Eredeti összeg: 29,700, Adott: 0, HetiAktivsag: 8, Szorzó 0 oka: nem lépet be 24 órája
[16:22:29] [biznisz TILL2: 4] Eredeti összeg: 300, Adott:0, HetiAktivsag: 10, Szorzó: 1.000000 Oka: FÕTulaj nem lépett be 24 órája
[16:22:39] [biznisz TILL1: 31] Eredeti összeg: 1,500, Adott: 0, HetiAktivsag: 7, Szorzó 0 oka: nem lépet be 24 órája
[16:22:41] [biznisz TILL1: 11] Eredeti összeg: 3,325, Adott: 3,325, HetiAktivsag: 13, Szorzó 1.000000
[16:23:30] [biznisz TILL1: 8] Eredeti összeg: 1,250, Adott: 0, HetiAktivsag: 0, Szorzó 0.000000
[16:23:30] [biznisz TILL2: 8] Eredeti összeg: 510, Adott:0, HetiAktivsag: 0, Szorzó: 0.000000 Oka: FÕTulaj heti átlaga kisebb mint 0.5
[16:23:45] [biznisz TILL1: 13] Eredeti összeg: 1,950, Adott: 1,950, HetiAktivsag: 14, Szorzó 1.000000
[16:23:45] [biznisz TILL2: 13] Eredeti összeg: 1,950, Adott:0, HetiAktivsag: 0, Szorzó: 0.000000 Oka: FÕTulaj nem lépett be 24 órája
[16:23:48] [biznisz TILL1: 13] Eredeti összeg: 1,950, Adott: 1,950, HetiAktivsag: 14, Szorzó 1.000000
[16:23:48] [biznisz TILL2: 13] Eredeti összeg: 1,950, Adott:0, HetiAktivsag: 0, Szorzó: 0.000000 Oka: FÕTulaj nem lépett be 24 órája
[16:24:09] [biznisz TILL1: 4] Eredeti összeg: 29,700, Adott: 0, HetiAktivsag: 8, Szorzó 0 oka: nem lépet be 24 órája
[16:24:09] [biznisz TILL2: 4] Eredeti összeg: 300, Adott:0, HetiAktivsag: 10, Szorzó: 1.000000 Oka: FÕTulaj nem lépett be 24 órája
[16:25:19] [biznisz TILL1: 1] Eredeti összeg: 58,500, Adott: 0, HetiAktivsag: 3, Szorzó 0 oka: heti átlag kisebb mint 7
[16:25:23] [biznisz TILL1: 1] Eredeti összeg: 69,300, Adott: 0, HetiAktivsag: 3, Szorzó 0 oka: heti átlag kisebb mint 7
[16:25:44] [biznisz TILL1: 8] Eredeti összeg: 1,860, Adott: 0, HetiAktivsag: 0, Szorzó 0.000000
[16:25:44] [biznisz TILL2: 8] Eredeti összeg: 780, Adott:0, HetiAktivsag: 0, Szorzó: 0.000000 Oka: FÕTulaj heti átlaga kisebb mint 0.5
[16:25:51] [biznisz TILL1: 13] Eredeti összeg: 1,950, Adott: 1,950, HetiAktivsag: 14, Szorzó 1.000000
[16:25:51] [biznisz TILL2: 13] Eredeti összeg: 1,950, Adott:0, HetiAktivsag: 0, Szorzó: 0.000000 Oka: FÕTulaj nem lépett be 24 órája
[16:25:52] [biznisz TILL1: 13] Eredeti összeg: 1,950, Adott: 1,950, HetiAktivsag: 14, Szorzó 1.000000
[16:25:52] [biznisz TILL2: 13] Eredeti összeg: 1,950, Adott:0, HetiAktivsag: 0, Szorzó: 0.000000 Oka: FÕTulaj nem lépett be 24 órája
[16:26:17] [biznisz TILL1: 6] Eredeti összeg: 520, Adott: 0, HetiAktivsag: 4, Szorzó 0 oka: nem lépet be 24 órája
[16:26:17] [biznisz TILL1: 8] Eredeti összeg: 460, Adott: 0, HetiAktivsag: 0, Szorzó 0.000000
[16:26:17] [biznisz TILL2: 8] Eredeti összeg: 180, Adott:0, HetiAktivsag: 0, Szorzó: 0.000000 Oka: FÕTulaj heti átlaga kisebb mint 0.5
[16:26:20] [biznisz TILL1: 27] Eredeti összeg: 3,750, Adott: 3,750, HetiAktivsag: 11, Szorzó 1.000000
[16:26:34] [biznisz TILL1: 27] Eredeti összeg: 3,750, Adott: 3,750, HetiAktivsag: 11, Szorzó 1.000000
[16:26:50] [biznisz TILL1: 5] Eredeti összeg: 30,000, Adott: 0, HetiAktivsag: 2, Szorzó 0 oka: nem lépet be 24 órája
[16:27:11] [biznisz TILL1: 13] Eredeti összeg: 150, Adott: 150, HetiAktivsag: 14, Szorzó 1.000000
[16:27:11] [biznisz TILL2: 13] Eredeti összeg: 150, Adott:0, HetiAktivsag: 0, Szorzó: 0.000000 Oka: FÕTulaj nem lépett be 24 órája
[16:27:15] [biznisz TILL1: 13] Eredeti összeg: 150, Adott: 150, HetiAktivsag: 14, Szorzó 1.000000
[16:27:15] [biznisz TILL2: 13] Eredeti összeg: 150, Adott:0, HetiAktivsag: 0, Szorzó: 0.000000 Oka: FÕTulaj nem lépett be 24 órája
[16:27:15] [biznisz TILL1: 13] Eredeti összeg: 415, Adott: 415, HetiAktivsag: 14, Szorzó 1.000000
[16:27:15] [biznisz TILL2: 13] Eredeti összeg: 415, Adott:0, HetiAktivsag: 0, Szorzó: 0.000000 Oka: FÕTulaj nem lépett be 24 órája
[16:27:24] [biznisz TILL1: 8] Eredeti összeg: 1,480, Adott: 0, HetiAktivsag: 0, Szorzó 0.000000
[16:27:24] [biznisz TILL2: 8] Eredeti összeg: 600, Adott:0, HetiAktivsag: 0, Szorzó: 0.000000 Oka: FÕTulaj heti átlaga kisebb mint 0.5
[16:27:26] [biznisz TILL1: 13] Eredeti összeg: 150, Adott: 150, HetiAktivsag: 14, Szorzó 1.000000
[16:27:26] [biznisz TILL2: 13] Eredeti összeg: 150, Adott:0, HetiAktivsag: 0, Szorzó: 0.000000 Oka: FÕTulaj nem lépett be 24 órája
[16:27:26] [biznisz TILL1: 13] Eredeti összeg: 451, Adott: 451, HetiAktivsag: 14, Szorzó 1.000000
[16:27:26] [biznisz TILL2: 13] Eredeti összeg: 451, Adott:0, HetiAktivsag: 0, Szorzó: 0.000000 Oka: FÕTulaj nem lépett be 24 órája
[16:27:36] [biznisz TILL1: 11] Eredeti összeg: 2,100, Adott: 2,100, HetiAktivsag: 13, Szorzó 1.000000
[16:27:54] [biznisz TILL1: 13] Eredeti összeg: 225, Adott: 225, HetiAktivsag: 14, Szorzó 1.000000
[16:27:54] [biznisz TILL2: 13] Eredeti összeg: 225, Adott:0, HetiAktivsag: 0, Szorzó: 0.000000 Oka: FÕTulaj nem lépett be 24 órája
[16:27:58] [biznisz TILL1: 13] Eredeti összeg: 150, Adott: 150, HetiAktivsag: 14, Szorzó 1.000000
[16:27:58] [biznisz TILL2: 13] Eredeti összeg: 150, Adott:0, HetiAktivsag: 0, Szorzó: 0.000000 Oka: FÕTulaj nem lépett be 24 órája
[16:28:00] [biznisz TILL1: 13] Eredeti összeg: 150, Adott: 150, HetiAktivsag: 14, Szorzó 1.000000
[16:28:00] [biznisz TILL2: 13] Eredeti összeg: 150, Adott:0, HetiAktivsag: 0, Szorzó: 0.000000 Oka: FÕTulaj nem lépett be 24 órája
[16:28:04] [biznisz TILL1: 13] Eredeti összeg: 150, Adott: 150, HetiAktivsag: 14, Szorzó 1.000000
[16:28:04] [biznisz TILL2: 13] Eredeti összeg: 150, Adott:0, HetiAktivsag: 0, Szorzó: 0.000000 Oka: FÕTulaj nem lépett be 24 órája
[16:28:05] [biznisz TILL1: 13] Eredeti összeg: 150, Adott: 150, HetiAktivsag: 14, Szorzó 1.000000
[16:28:05] [biznisz TILL2: 13] Eredeti összeg: 150, Adott:0, HetiAktivsag: 0, Szorzó: 0.000000 Oka: FÕTulaj nem lépett be 24 órája
[16:28:08] [biznisz TILL1: 13] Eredeti összeg: 150, Adott: 150, HetiAktivsag: 14, Szorzó 1.000000
[16:28:08] [biznisz TILL2: 13] Eredeti összeg: 150, Adott:0, HetiAktivsag: 0, Szorzó: 0.000000 Oka: FÕTulaj nem lépett be 24 órája
[16:28:08] [biznisz TILL1: 13] Eredeti összeg: 488, Adott: 488, HetiAktivsag: 14, Szorzó 1.000000
[16:28:08] [biznisz TILL2: 13] Eredeti összeg: 488, Adott:0, HetiAktivsag: 0, Szorzó: 0.000000 Oka: FÕTulaj nem lépett be 24 órája
[16:28:36] [biznisz TILL1: 11] Eredeti összeg: 2,100, Adott: 2,100, HetiAktivsag: 13, Szorzó 1.000000
[16:29:26] [biznisz TILL1: 3] Eredeti összeg: 25,000, Adott: 12,500, HetiAktivsag: 6, Szorzó 0.500000
[16:29:26] [biznisz TILL2: 3] Eredeti összeg: 25,000, Adott: 12,500, HetiAktivsag: 4, Szorzó: 0.500000
[16:29:43] [biznisz TILL1: 11] Eredeti összeg: 4,725, Adott: 4,725, HetiAktivsag: 13, Szorzó 1.000000
[16:30:25] [biznisz TILL1: 11] Eredeti összeg: 2,100, Adott: 2,100, HetiAktivsag: 13, Szorzó 1.000000
[16:30:43] [biznisz TILL1: 6] Eredeti összeg: 6,105, Adott: 0, HetiAktivsag: 4, Szorzó 0 oka: nem lépet be 24 órája
[16:30:43] [biznisz TILL1: 8] Eredeti összeg: 1,020, Adott: 0, HetiAktivsag: 0, Szorzó 0.000000
[16:30:43] [biznisz TILL2: 8] Eredeti összeg: 420, Adott:0, HetiAktivsag: 0, Szorzó: 0.000000 Oka: FÕTulaj heti átlaga kisebb mint 0.5
[16:31:44] [biznisz TILL1: 26] Eredeti összeg: 7,500, Adott: 0, HetiAktivsag: 2, Szorzó 0 oka: heti átlag kisebb mint 7
[16:31:44] [biznisz TILL2: 26] Eredeti összeg: 7,500, Adott:0, HetiAktivsag: 1, Szorzó: 0.000000 Oka: ALTulaj nem lépett be 24 órája
[16:32:33] [biznisz TILL1: 26] Eredeti összeg: 7,500, Adott: 0, HetiAktivsag: 2, Szorzó 0 oka: heti átlag kisebb mint 7
[16:32:33] [biznisz TILL2: 26] Eredeti összeg: 7,500, Adott:0, HetiAktivsag: 1, Szorzó: 0.000000 Oka: ALTulaj nem lépett be 24 órája
[16:32:44] [biznisz TILL1: 11] Eredeti összeg: 4,725, Adott: 4,725, HetiAktivsag: 13, Szorzó 1.000000
[16:32:44] [biznisz TILL1: 6] Eredeti összeg: 765, Adott: 0, HetiAktivsag: 4, Szorzó 0 oka: nem lépet be 24 órája
[16:33:29] [biznisz TILL1: 8] Eredeti összeg: 920, Adott: 0, HetiAktivsag: 0, Szorzó 0.000000
[16:33:29] [biznisz TILL2: 8] Eredeti összeg: 360, Adott:0, HetiAktivsag: 0, Szorzó: 0.000000 Oka: FÕTulaj heti átlaga kisebb mint 0.5
[16:33:48] [biznisz TILL1: 12] Eredeti összeg: 75,000, Adott: 0, HetiAktivsag: 3, Szorzó 0.000000
[16:33:57] [biznisz TILL1: 13] Eredeti összeg: 240, Adott: 240, HetiAktivsag: 14, Szorzó 1.000000
[16:33:57] [biznisz TILL2: 13] Eredeti összeg: 240, Adott:0, HetiAktivsag: 0, Szorzó: 0.000000 Oka: FÕTulaj nem lépett be 24 órája
[16:34:01] [biznisz TILL1: 8] Eredeti összeg: 1,530, Adott: 0, HetiAktivsag: 0, Szorzó 0.000000
[16:34:01] [biznisz TILL2: 8] Eredeti összeg: 630, Adott:0, HetiAktivsag: 0, Szorzó: 0.000000 Oka: FÕTulaj heti átlaga kisebb mint 0.5
[16:34:32] [biznisz TILL1: 13] Eredeti összeg: 1,950, Adott: 1,950, HetiAktivsag: 14, Szorzó 1.000000
[16:34:32] [biznisz TILL2: 13] Eredeti összeg: 1,950, Adott:0, HetiAktivsag: 0, Szorzó: 0.000000 Oka: FÕTulaj nem lépett be 24 órája
[16:34:35] [biznisz TILL1: 13] Eredeti összeg: 1,950, Adott: 1,950, HetiAktivsag: 14, Szorzó 1.000000
[16:34:35] [biznisz TILL2: 13] Eredeti összeg: 1,950, Adott:0, HetiAktivsag: 0, Szorzó: 0.000000 Oka: FÕTulaj nem lépett be 24 órája
[16:36:46] [biznisz TILL1: 30] Eredeti összeg: 150,000, Adott: 0, HetiAktivsag: 14, Szorzó 0 oka: nem lépet be 24 órája
[16:36:46] [biznisz TILL1: 11] Eredeti összeg: 13,300, Adott: 13,300, HetiAktivsag: 13, Szorzó 1.000000
[16:37:14] [biznisz TILL1: 6] Eredeti összeg: 153, Adott: 0, HetiAktivsag: 4, Szorzó 0 oka: nem lépet be 24 órája
[16:37:30] [biznisz TILL1: 6] Eredeti összeg: 153, Adott: 0, HetiAktivsag: 4, Szorzó 0 oka: nem lépet be 24 órája
[16:37:53] [biznisz TILL1: 30] Eredeti összeg: 50,000, Adott: 0, HetiAktivsag: 14, Szorzó 0 oka: nem lépet be 24 órája
[16:38:25] [biznisz TILL1: 13] Eredeti összeg: 240, Adott: 240, HetiAktivsag: 14, Szorzó 1.000000
[16:38:25] [biznisz TILL2: 13] Eredeti összeg: 240, Adott:0, HetiAktivsag: 0, Szorzó: 0.000000 Oka: FÕTulaj nem lépett be 24 órája
[16:38:30] [biznisz TILL1: 6] Eredeti összeg: 153, Adott: 0, HetiAktivsag: 4, Szorzó 0 oka: nem lépet be 24 órája
[16:38:54] [biznisz TILL1: 5] Eredeti összeg: 30,000, Adott: 0, HetiAktivsag: 2, Szorzó 0 oka: nem lépet be 24 órája
[16:38:56] [biznisz TILL1: 8] Eredeti összeg: 1,400, Adott: 0, HetiAktivsag: 0, Szorzó 0.000000
[16:38:56] [biznisz TILL2: 8] Eredeti összeg: 600, Adott:0, HetiAktivsag: 0, Szorzó: 0.000000 Oka: FÕTulaj heti átlaga kisebb mint 0.5
[16:39:09] [biznisz TILL1: 13] Eredeti összeg: 1,950, Adott: 1,950, HetiAktivsag: 14, Szorzó 1.000000
[16:39:09] [biznisz TILL2: 13] Eredeti összeg: 1,950, Adott:0, HetiAktivsag: 0, Szorzó: 0.000000 Oka: FÕTulaj nem lépett be 24 órája
[16:39:12] [biznisz TILL1: 13] Eredeti összeg: 1,950, Adott: 1,950, HetiAktivsag: 14, Szorzó 1.000000
[16:39:12] [biznisz TILL2: 13] Eredeti összeg: 1,950, Adott:0, HetiAktivsag: 0, Szorzó: 0.000000 Oka: FÕTulaj nem lépett be 24 órája
[16:39:17] [biznisz TILL1: 6] Eredeti összeg: 153, Adott: 0, HetiAktivsag: 4, Szorzó 0 oka: nem lépet be 24 órája
[16:39:35] [biznisz TILL1: 4] Eredeti összeg: 29,700, Adott: 0, HetiAktivsag: 8, Szorzó 0 oka: nem lépet be 24 órája
[16:39:35] [biznisz TILL2: 4] Eredeti összeg: 300, Adott:0, HetiAktivsag: 10, Szorzó: 1.000000 Oka: FÕTulaj nem lépett be 24 órája
[16:39:43] [biznisz TILL1: 6] Eredeti összeg: 153, Adott: 0, HetiAktivsag: 4, Szorzó 0 oka: nem lépet be 24 órája
[16:41:36] [biznisz TILL1: 1] Eredeti összeg: 58,500, Adott: 0, HetiAktivsag: 3, Szorzó 0 oka: heti átlag kisebb mint 7
[16:41:41] [biznisz TILL1: 8] Eredeti összeg: 1,400, Adott: 0, HetiAktivsag: 0, Szorzó 0.000000
[16:41:41] [biznisz TILL2: 8] Eredeti összeg: 600, Adott:0, HetiAktivsag: 0, Szorzó: 0.000000 Oka: FÕTulaj heti átlaga kisebb mint 0.5
[16:41:48] [biznisz TILL1: 1] Eredeti összeg: 13,500, Adott: 0, HetiAktivsag: 3, Szorzó 0 oka: heti átlag kisebb mint 7
[16:41:52] [biznisz TILL1: 15] Eredeti összeg: 75,000, Adott: 0, HetiAktivsag: 2, Szorzó 0 oka: nem lépet be 24 órája
[16:43:50] [biznisz TILL1: 30] Eredeti összeg: 50,000, Adott: 0, HetiAktivsag: 14, Szorzó 0 oka: nem lépet be 24 órája
[16:44:11] [biznisz TILL1: 13] Eredeti összeg: 1,950, Adott: 1,950, HetiAktivsag: 14, Szorzó 1.000000
[16:44:11] [biznisz TILL2: 13] Eredeti összeg: 1,950, Adott:0, HetiAktivsag: 0, Szorzó: 0.000000 Oka: FÕTulaj nem lépett be 24 órája
[16:44:51] [biznisz TILL1: 13] Eredeti összeg: 1,950, Adott: 1,950, HetiAktivsag: 14, Szorzó 1.000000
[16:44:51] [biznisz TILL2: 13] Eredeti összeg: 1,950, Adott:0, HetiAktivsag: 0, Szorzó: 0.000000 Oka: FÕTulaj nem lépett be 24 órája
[16:44:54] [biznisz TILL1: 13] Eredeti összeg: 1,950, Adott: 1,950, HetiAktivsag: 14, Szorzó 1.000000
[16:44:54] [biznisz TILL2: 13] Eredeti összeg: 1,950, Adott:0, HetiAktivsag: 0, Szorzó: 0.000000 Oka: FÕTulaj nem lépett be 24 órája
[16:45:36] [biznisz TILL1: 4] Eredeti összeg: 29,700, Adott: 0, HetiAktivsag: 8, Szorzó 0 oka: nem lépet be 24 órája
[16:45:36] [biznisz TILL2: 4] Eredeti összeg: 300, Adott:0, HetiAktivsag: 10, Szorzó: 1.000000 Oka: FÕTulaj nem lépett be 24 órája
[16:46:18] [biznisz TILL1: 13] Eredeti összeg: 1,950, Adott: 1,950, HetiAktivsag: 14, Szorzó 1.000000
[16:46:18] [biznisz TILL2: 13] Eredeti összeg: 1,950, Adott:0, HetiAktivsag: 0, Szorzó: 0.000000 Oka: FÕTulaj nem lépett be 24 órája
[16:47:12] [biznisz TILL1: 4] Eredeti összeg: 29,700, Adott: 0, HetiAktivsag: 8, Szorzó 0 oka: nem lépet be 24 órája
[16:47:12] [biznisz TILL2: 4] Eredeti összeg: 300, Adott:0, HetiAktivsag: 10, Szorzó: 1.000000 Oka: FÕTulaj nem lépett be 24 órája
[18:41:07] [biznisz TILL1: 4] Eredeti összeg: 29,700, Adott: 0, HetiAktivsag: 8, Szorzó 0 oka: nem lépet be 24 órája
[18:41:07] [biznisz TILL2: 4] Eredeti összeg: 300, Adott:0, HetiAktivsag: 10, Szorzó: 1.000000 Oka: FÕTulaj nem lépett be 24 órája
[18:41:39] [biznisz TILL1: 11] Eredeti összeg: 13,125, Adott: 0, HetiAktivsag: 1, Szorzó 0.000000
[18:43:47] [biznisz TILL1: 11] Eredeti összeg: 4,025, Adott: 0, HetiAktivsag: 1, Szorzó 0.000000
[18:44:52] [biznisz TILL1: 4] Eredeti összeg: 29,700, Adott: 0, HetiAktivsag: 8, Szorzó 0 oka: nem lépet be 24 órája
[18:44:52] [biznisz TILL2: 4] Eredeti összeg: 300, Adott:0, HetiAktivsag: 10, Szorzó: 1.000000 Oka: FÕTulaj nem lépett be 24 órája
