[00:19:50] [biznisz TILL1: 5] Eredeti összeg: 30,000, Adott: 0, HetiAktivsag: 26, Szorzó 0 oka: nem lépet be 24 órája
[00:27:09] [biznisz TILL1: 4] Eredeti összeg: 59,400, Adott: 59,400, HetiAktivsag: 18, Szorzó 1.000000
[00:27:09] [biznisz TILL2: 4] Eredeti összeg: 600, Adott:0, HetiAktivsag: 10, Szorzó: 1.000000 Oka: FÕTulaj nem lépett be 24 órája
[00:28:17] [biznisz TILL1: 21] Eredeti összeg: 230, Adott: 0, HetiAktivsag: 13, Szorzó 0 oka: nem lépet be 24 órája
[00:28:17] [biznisz TILL2: 21] Eredeti összeg: 20, Adott:0, HetiAktivsag: 1, Szorzó: 0.000000 Oka: FÕTulaj nem lépett be 24 órája
[00:36:25] [biznisz TILL1: 11] Eredeti összeg: 1,750, Adott: 1,750, HetiAktivsag: 14, Szorzó 1.000000
[00:36:55] [biznisz TILL1: 11] Eredeti összeg: 1,750, Adott: 1,750, HetiAktivsag: 14, Szorzó 1.000000
[00:49:07] [biznisz TILL1: 8] Eredeti összeg: 2,800, Adott: 0, HetiAktivsag: 14, Szorzó 0 oka: nem lépet be 24 órája
[00:49:07] [biznisz TILL2: 8] Eredeti összeg: 1,200, Adott:0, HetiAktivsag: 11, Szorzó: 1.000000 Oka: FÕTulaj nem lépett be 24 órája
[01:07:00] [biznisz TILL1: 11] Eredeti összeg: 8,050, Adott: 8,050, HetiAktivsag: 14, Szorzó 1.000000
[01:41:20] [biznisz TILL1: 12] Eredeti összeg: 75,000, Adott: 0, HetiAktivsag: 3, Szorzó 0.000000
[01:41:30] [biznisz TILL1: 12] Eredeti összeg: 75,000, Adott: 0, HetiAktivsag: 3, Szorzó 0.000000
[01:41:51] [biznisz TILL1: 12] Eredeti összeg: 75,000, Adott: 0, HetiAktivsag: 3, Szorzó 0.000000
[01:41:55] [biznisz TILL1: 12] Eredeti összeg: 75,000, Adott: 0, HetiAktivsag: 3, Szorzó 0.000000
[01:41:59] [biznisz TILL1: 12] Eredeti összeg: 75,000, Adott: 0, HetiAktivsag: 3, Szorzó 0.000000
[01:42:09] [biznisz TILL1: 12] Eredeti összeg: 75,000, Adott: 0, HetiAktivsag: 3, Szorzó 0.000000
[01:42:39] [biznisz TILL1: 12] Eredeti összeg: 75,000, Adott: 0, HetiAktivsag: 3, Szorzó 0.000000
[01:42:50] [biznisz TILL1: 12] Eredeti összeg: 75,000, Adott: 0, HetiAktivsag: 3, Szorzó 0.000000
[01:42:56] [biznisz TILL1: 12] Eredeti összeg: 75,000, Adott: 0, HetiAktivsag: 3, Szorzó 0.000000
[01:43:02] [biznisz TILL1: 12] Eredeti összeg: 75,000, Adott: 0, HetiAktivsag: 3, Szorzó 0.000000
[01:43:28] [biznisz TILL1: 12] Eredeti összeg: 75,000, Adott: 0, HetiAktivsag: 3, Szorzó 0.000000
[01:44:01] [biznisz TILL1: 12] Eredeti összeg: 75,000, Adott: 0, HetiAktivsag: 3, Szorzó 0.000000
[01:44:01] [biznisz TILL1: 12] Eredeti összeg: 75,000, Adott: 0, HetiAktivsag: 3, Szorzó 0.000000
[01:44:25] [biznisz TILL1: 12] Eredeti összeg: 75,000, Adott: 0, HetiAktivsag: 3, Szorzó 0.000000
[01:44:37] [biznisz TILL1: 12] Eredeti összeg: 75,000, Adott: 0, HetiAktivsag: 3, Szorzó 0.000000
[01:44:50] [biznisz TILL1: 12] Eredeti összeg: 75,000, Adott: 0, HetiAktivsag: 3, Szorzó 0.000000
[01:45:01] [biznisz TILL1: 12] Eredeti összeg: 75,000, Adott: 0, HetiAktivsag: 3, Szorzó 0.000000
[01:45:14] [biznisz TILL1: 12] Eredeti összeg: 75,000, Adott: 0, HetiAktivsag: 3, Szorzó 0.000000
[01:45:31] [biznisz TILL1: 12] Eredeti összeg: 75,000, Adott: 0, HetiAktivsag: 3, Szorzó 0.000000
[01:45:42] [biznisz TILL1: 12] Eredeti összeg: 75,000, Adott: 0, HetiAktivsag: 3, Szorzó 0.000000
[01:46:01] [biznisz TILL1: 12] Eredeti összeg: 75,000, Adott: 0, HetiAktivsag: 3, Szorzó 0.000000
[01:46:47] [biznisz TILL1: 12] Eredeti összeg: 75,000, Adott: 0, HetiAktivsag: 3, Szorzó 0.000000
[01:47:08] [biznisz TILL1: 12] Eredeti összeg: 75,000, Adott: 0, HetiAktivsag: 3, Szorzó 0.000000
[01:47:32] [biznisz TILL1: 12] Eredeti összeg: 75,000, Adott: 0, HetiAktivsag: 3, Szorzó 0.000000
[01:47:57] [biznisz TILL1: 12] Eredeti összeg: 75,000, Adott: 0, HetiAktivsag: 3, Szorzó 0.000000
[01:48:15] [biznisz TILL1: 12] Eredeti összeg: 75,000, Adott: 0, HetiAktivsag: 3, Szorzó 0.000000
[01:48:17] [biznisz TILL1: 12] Eredeti összeg: 75,000, Adott: 0, HetiAktivsag: 3, Szorzó 0.000000
[01:48:48] [biznisz TILL1: 12] Eredeti összeg: 75,000, Adott: 0, HetiAktivsag: 3, Szorzó 0.000000
[01:49:07] [biznisz TILL1: 12] Eredeti összeg: 75,000, Adott: 0, HetiAktivsag: 3, Szorzó 0.000000
[01:49:37] [biznisz TILL1: 12] Eredeti összeg: 75,000, Adott: 0, HetiAktivsag: 3, Szorzó 0.000000
[01:50:13] [biznisz TILL1: 12] Eredeti összeg: 75,000, Adott: 0, HetiAktivsag: 3, Szorzó 0.000000
[03:23:47] [biznisz TILL1: 4] Eredeti összeg: 39,600, Adott: 39,600, HetiAktivsag: 14, Szorzó 1.000000
[03:23:47] [biznisz TILL2: 4] Eredeti összeg: 400, Adott:0, HetiAktivsag: 10, Szorzó: 1.000000 Oka: ALTulaj nem lépett be 24 órája
[15:39:48] [biznisz TILL1: 13] Eredeti összeg: 1,950, Adott: 0, HetiAktivsag: 14, Szorzó 0 oka: nem lépet be 24 órája
[15:39:48] [biznisz TILL2: 13] Eredeti összeg: 1,950, Adott:0, HetiAktivsag: 0, Szorzó: 0.000000 Oka: FÕTulaj nem lépett be 24 órája
[15:40:05] [biznisz TILL1: 13] Eredeti összeg: 1,950, Adott: 0, HetiAktivsag: 14, Szorzó 0 oka: nem lépet be 24 órája
[15:40:05] [biznisz TILL2: 13] Eredeti összeg: 1,950, Adott:0, HetiAktivsag: 0, Szorzó: 0.000000 Oka: FÕTulaj nem lépett be 24 órája
[19:13:35] [biznisz TILL1: 13] Eredeti összeg: 1,950, Adott: 0, HetiAktivsag: 14, Szorzó 0 oka: nem lépet be 24 órája
[19:13:35] [biznisz TILL2: 13] Eredeti összeg: 1,950, Adott:0, HetiAktivsag: 0, Szorzó: 0.000000 Oka: FÕTulaj nem lépett be 24 órája
[22:08:52] [biznisz TILL1: 13] Eredeti összeg: 1,950, Adott: 0, HetiAktivsag: 14, Szorzó 0 oka: nem lépet be 24 órája
[22:08:52] [biznisz TILL2: 13] Eredeti összeg: 1,950, Adott:0, HetiAktivsag: 0, Szorzó: 0.000000 Oka: FÕTulaj nem lépett be 24 órája
[22:08:56] [biznisz TILL1: 13] Eredeti összeg: 1,950, Adott: 0, HetiAktivsag: 14, Szorzó 0 oka: nem lépet be 24 órája
[22:08:56] [biznisz TILL2: 13] Eredeti összeg: 1,950, Adott:0, HetiAktivsag: 0, Szorzó: 0.000000 Oka: FÕTulaj nem lépett be 24 órája
[22:10:48] [biznisz TILL1: 13] Eredeti összeg: 1,950, Adott: 0, HetiAktivsag: 14, Szorzó 0 oka: nem lépet be 24 órája
[22:10:48] [biznisz TILL2: 13] Eredeti összeg: 1,950, Adott:0, HetiAktivsag: 0, Szorzó: 0.000000 Oka: FÕTulaj nem lépett be 24 órája
[22:11:10] [biznisz TILL1: 13] Eredeti összeg: 1,950, Adott: 0, HetiAktivsag: 14, Szorzó 0 oka: nem lépet be 24 órája
[22:11:10] [biznisz TILL2: 13] Eredeti összeg: 1,950, Adott:0, HetiAktivsag: 0, Szorzó: 0.000000 Oka: FÕTulaj nem lépett be 24 órája
[22:12:52] [biznisz TILL1: 13] Eredeti összeg: 360, Adott: 0, HetiAktivsag: 14, Szorzó 0 oka: nem lépet be 24 órája
[22:12:52] [biznisz TILL2: 13] Eredeti összeg: 360, Adott:0, HetiAktivsag: 0, Szorzó: 0.000000 Oka: FÕTulaj nem lépett be 24 órája
[22:12:55] [biznisz TILL1: 13] Eredeti összeg: 1,950, Adott: 0, HetiAktivsag: 14, Szorzó 0 oka: nem lépet be 24 órája
[22:12:55] [biznisz TILL2: 13] Eredeti összeg: 1,950, Adott:0, HetiAktivsag: 0, Szorzó: 0.000000 Oka: FÕTulaj nem lépett be 24 órája
[22:12:57] [biznisz TILL1: 13] Eredeti összeg: 1,950, Adott: 0, HetiAktivsag: 14, Szorzó 0 oka: nem lépet be 24 órája
[22:12:57] [biznisz TILL2: 13] Eredeti összeg: 1,950, Adott:0, HetiAktivsag: 0, Szorzó: 0.000000 Oka: FÕTulaj nem lépett be 24 órája
[22:13:58] [biznisz TILL1: 13] Eredeti összeg: 240, Adott: 0, HetiAktivsag: 14, Szorzó 0 oka: nem lépet be 24 órája
[22:13:58] [biznisz TILL2: 13] Eredeti összeg: 240, Adott:0, HetiAktivsag: 0, Szorzó: 0.000000 Oka: FÕTulaj nem lépett be 24 órája
[22:14:56] [biznisz TILL1: 26] Eredeti összeg: 7,500, Adott: 0, HetiAktivsag: 1, Szorzó 0 oka: nem lépet be 24 órája
[22:14:56] [biznisz TILL2: 26] Eredeti összeg: 7,500, Adott:0, HetiAktivsag: 22, Szorzó: 0.000000 Oka: FÕTulaj nem lépett be 24 órája
[22:16:02] [biznisz TILL1: 6] Eredeti összeg: 2,550, Adott: 0, HetiAktivsag: 3, Szorzó 0 oka: nem lépet be 24 órája
[22:18:22] [biznisz TILL1: 6] Eredeti összeg: 170, Adott: 0, HetiAktivsag: 3, Szorzó 0 oka: nem lépet be 24 órája
[22:18:26] [biznisz TILL1: 6] Eredeti összeg: 2,414, Adott: 0, HetiAktivsag: 3, Szorzó 0 oka: nem lépet be 24 órája
[22:18:39] [biznisz TILL1: 6] Eredeti összeg: 170, Adott: 0, HetiAktivsag: 3, Szorzó 0 oka: nem lépet be 24 órája
[22:18:48] [biznisz TILL1: 6] Eredeti összeg: 170, Adott: 0, HetiAktivsag: 3, Szorzó 0 oka: nem lépet be 24 órája
[22:18:57] [biznisz TILL1: 6] Eredeti összeg: 170, Adott: 0, HetiAktivsag: 3, Szorzó 0 oka: nem lépet be 24 órája
[22:19:06] [biznisz TILL1: 6] Eredeti összeg: 170, Adott: 0, HetiAktivsag: 3, Szorzó 0 oka: nem lépet be 24 órája
[22:19:12] [biznisz TILL1: 6] Eredeti összeg: 2,550, Adott: 0, HetiAktivsag: 3, Szorzó 0 oka: nem lépet be 24 órája
[22:19:21] [biznisz TILL1: 6] Eredeti összeg: 170, Adott: 0, HetiAktivsag: 3, Szorzó 0 oka: nem lépet be 24 órája
[22:19:47] [biznisz TILL1: 4] Eredeti összeg: 39,600, Adott: 39,600, HetiAktivsag: 14, Szorzó 1.000000
[22:19:47] [biznisz TILL2: 4] Eredeti összeg: 400, Adott:0, HetiAktivsag: 10, Szorzó: 1.000000 Oka: ALTulaj nem lépett be 24 órája
[22:19:54] [biznisz TILL1: 4] Eredeti összeg: 39,600, Adott: 39,600, HetiAktivsag: 14, Szorzó 1.000000
[22:19:54] [biznisz TILL2: 4] Eredeti összeg: 400, Adott:0, HetiAktivsag: 10, Szorzó: 1.000000 Oka: ALTulaj nem lépett be 24 órája
[22:22:13] [biznisz TILL1: 26] Eredeti összeg: 7,500, Adott: 0, HetiAktivsag: 1, Szorzó 0 oka: nem lépet be 24 órája
[22:22:13] [biznisz TILL2: 26] Eredeti összeg: 7,500, Adott:0, HetiAktivsag: 22, Szorzó: 0.000000 Oka: FÕTulaj nem lépett be 24 órája
[22:27:26] [biznisz TILL1: 13] Eredeti összeg: 1,950, Adott: 0, HetiAktivsag: 14, Szorzó 0 oka: nem lépet be 24 órája
[22:27:26] [biznisz TILL2: 13] Eredeti összeg: 1,950, Adott:0, HetiAktivsag: 0, Szorzó: 0.000000 Oka: FÕTulaj nem lépett be 24 órája
[22:27:30] [biznisz TILL1: 13] Eredeti összeg: 1,950, Adott: 0, HetiAktivsag: 14, Szorzó 0 oka: nem lépet be 24 órája
[22:27:30] [biznisz TILL2: 13] Eredeti összeg: 1,950, Adott:0, HetiAktivsag: 0, Szorzó: 0.000000 Oka: FÕTulaj nem lépett be 24 órája
[22:28:18] [biznisz TILL1: 6] Eredeti összeg: 119, Adott: 0, HetiAktivsag: 3, Szorzó 0 oka: nem lépet be 24 órája
[22:31:05] [biznisz TILL1: 6] Eredeti összeg: 383, Adott: 0, HetiAktivsag: 3, Szorzó 0 oka: nem lépet be 24 órája
[22:32:11] [biznisz TILL1: 4] Eredeti összeg: 39,600, Adott: 39,600, HetiAktivsag: 14, Szorzó 1.000000
[22:32:11] [biznisz TILL2: 4] Eredeti összeg: 400, Adott:0, HetiAktivsag: 10, Szorzó: 1.000000 Oka: ALTulaj nem lépett be 24 órája
[22:34:04] [biznisz TILL1: 13] Eredeti összeg: 1,950, Adott: 0, HetiAktivsag: 14, Szorzó 0 oka: nem lépet be 24 órája
[22:34:04] [biznisz TILL2: 13] Eredeti összeg: 1,950, Adott:0, HetiAktivsag: 0, Szorzó: 0.000000 Oka: FÕTulaj nem lépett be 24 órája
[22:35:37] [biznisz TILL1: 14] Eredeti összeg: 5,000, Adott: 5,000, HetiAktivsag: 8, Szorzó 1.000000
[22:35:37] [biznisz TILL1: 14] Eredeti összeg: 5,000, Adott: 5,000, HetiAktivsag: 8, Szorzó 1.000000
[22:35:37] [biznisz TILL1: 14] Eredeti összeg: 5,000, Adott: 5,000, HetiAktivsag: 8, Szorzó 1.000000
[22:38:22] [biznisz TILL1: 26] Eredeti összeg: 7,500, Adott: 0, HetiAktivsag: 1, Szorzó 0 oka: nem lépet be 24 órája
[22:38:22] [biznisz TILL2: 26] Eredeti összeg: 7,500, Adott:0, HetiAktivsag: 22, Szorzó: 0.000000 Oka: FÕTulaj nem lépett be 24 órája
[22:40:23] [biznisz TILL1: 26] Eredeti összeg: 7,500, Adott: 0, HetiAktivsag: 1, Szorzó 0 oka: nem lépet be 24 órája
[22:40:23] [biznisz TILL2: 26] Eredeti összeg: 7,500, Adott:0, HetiAktivsag: 22, Szorzó: 0.000000 Oka: FÕTulaj nem lépett be 24 órája
[22:42:57] [biznisz TILL1: 14] Eredeti összeg: 25,000, Adott: 25,000, HetiAktivsag: 8, Szorzó 1.000000
[22:42:57] [biznisz TILL1: 14] Eredeti összeg: 25,000, Adott: 25,000, HetiAktivsag: 8, Szorzó 1.000000
[23:39:10] [biznisz TILL1: 4] Eredeti összeg: 39,600, Adott: 39,600, HetiAktivsag: 14, Szorzó 1.000000
[23:39:10] [biznisz TILL2: 4] Eredeti összeg: 400, Adott:0, HetiAktivsag: 10, Szorzó: 1.000000 Oka: ALTulaj nem lépett be 24 órája
[23:40:35] [biznisz TILL1: 4] Eredeti összeg: 39,600, Adott: 39,600, HetiAktivsag: 14, Szorzó 1.000000
[23:40:35] [biznisz TILL2: 4] Eredeti összeg: 400, Adott:0, HetiAktivsag: 10, Szorzó: 1.000000 Oka: ALTulaj nem lépett be 24 órája
[23:41:37] [biznisz TILL1: 6] Eredeti összeg: 170, Adott: 0, HetiAktivsag: 3, Szorzó 0 oka: nem lépet be 24 órája
[23:42:41] [biznisz TILL1: 3] Eredeti összeg: 200,000, Adott: 0, HetiAktivsag: 36, Szorzó 0 oka: nem lépet be 24 órája
[23:42:41] [biznisz TILL2: 3] Eredeti összeg: 50,000, Adott:0, HetiAktivsag: 22, Szorzó: 1.000000 Oka: FÕTulaj nem lépett be 24 órája
[23:42:57] [biznisz TILL1: 13] Eredeti összeg: 15,000, Adott: 0, HetiAktivsag: 14, Szorzó 0 oka: nem lépet be 24 órája
[23:42:57] [biznisz TILL2: 13] Eredeti összeg: 15,000, Adott:0, HetiAktivsag: 0, Szorzó: 0.000000 Oka: FÕTulaj nem lépett be 24 órája
[23:43:01] [biznisz TILL1: 26] Eredeti összeg: 7,500, Adott: 0, HetiAktivsag: 1, Szorzó 0 oka: nem lépet be 24 órája
[23:43:01] [biznisz TILL2: 26] Eredeti összeg: 7,500, Adott:0, HetiAktivsag: 22, Szorzó: 0.000000 Oka: FÕTulaj nem lépett be 24 órája
[23:43:09] [biznisz TILL1: 13] Eredeti összeg: 1,950, Adott: 0, HetiAktivsag: 14, Szorzó 0 oka: nem lépet be 24 órája
[23:43:09] [biznisz TILL2: 13] Eredeti összeg: 1,950, Adott:0, HetiAktivsag: 0, Szorzó: 0.000000 Oka: FÕTulaj nem lépett be 24 órája
[23:43:11] [biznisz TILL1: 13] Eredeti összeg: 1,950, Adott: 0, HetiAktivsag: 14, Szorzó 0 oka: nem lépet be 24 órája
[23:43:11] [biznisz TILL2: 13] Eredeti összeg: 1,950, Adott:0, HetiAktivsag: 0, Szorzó: 0.000000 Oka: FÕTulaj nem lépett be 24 órája
[23:43:16] [biznisz TILL1: 3] Eredeti összeg: 40,000, Adott: 0, HetiAktivsag: 36, Szorzó 0 oka: nem lépet be 24 órája
[23:43:16] [biznisz TILL2: 3] Eredeti összeg: 10,000, Adott:0, HetiAktivsag: 22, Szorzó: 1.000000 Oka: FÕTulaj nem lépett be 24 órája
[23:43:58] [biznisz TILL1: 13] Eredeti összeg: 240, Adott: 0, HetiAktivsag: 14, Szorzó 0 oka: nem lépet be 24 órája
[23:43:58] [biznisz TILL2: 13] Eredeti összeg: 240, Adott:0, HetiAktivsag: 0, Szorzó: 0.000000 Oka: FÕTulaj nem lépett be 24 órája
[23:44:00] [biznisz TILL1: 13] Eredeti összeg: 240, Adott: 0, HetiAktivsag: 14, Szorzó 0 oka: nem lépet be 24 órája
[23:44:00] [biznisz TILL2: 13] Eredeti összeg: 240, Adott:0, HetiAktivsag: 0, Szorzó: 0.000000 Oka: FÕTulaj nem lépett be 24 órája
[23:44:20] [biznisz TILL1: 13] Eredeti összeg: 360, Adott: 0, HetiAktivsag: 14, Szorzó 0 oka: nem lépet be 24 órája
[23:44:20] [biznisz TILL2: 13] Eredeti összeg: 360, Adott:0, HetiAktivsag: 0, Szorzó: 0.000000 Oka: FÕTulaj nem lépett be 24 órája
[23:44:23] [biznisz TILL1: 13] Eredeti összeg: 360, Adott: 0, HetiAktivsag: 14, Szorzó 0 oka: nem lépet be 24 órája
[23:44:23] [biznisz TILL2: 13] Eredeti összeg: 360, Adott:0, HetiAktivsag: 0, Szorzó: 0.000000 Oka: FÕTulaj nem lépett be 24 órája
[23:44:25] [biznisz TILL1: 13] Eredeti összeg: 360, Adott: 0, HetiAktivsag: 14, Szorzó 0 oka: nem lépet be 24 órája
[23:44:25] [biznisz TILL2: 13] Eredeti összeg: 360, Adott:0, HetiAktivsag: 0, Szorzó: 0.000000 Oka: FÕTulaj nem lépett be 24 órája
[23:44:28] [biznisz TILL1: 13] Eredeti összeg: 360, Adott: 0, HetiAktivsag: 14, Szorzó 0 oka: nem lépet be 24 órája
[23:44:28] [biznisz TILL2: 13] Eredeti összeg: 360, Adott:0, HetiAktivsag: 0, Szorzó: 0.000000 Oka: FÕTulaj nem lépett be 24 órája
[23:44:36] [biznisz TILL1: 4] Eredeti összeg: 39,600, Adott: 39,600, HetiAktivsag: 14, Szorzó 1.000000
[23:44:36] [biznisz TILL2: 4] Eredeti összeg: 400, Adott:0, HetiAktivsag: 10, Szorzó: 1.000000 Oka: ALTulaj nem lépett be 24 órája
[23:45:06] [biznisz TILL1: 3] Eredeti összeg: 400,000, Adott: 0, HetiAktivsag: 36, Szorzó 0 oka: nem lépet be 24 órája
[23:45:06] [biznisz TILL2: 3] Eredeti összeg: 100,000, Adott:0, HetiAktivsag: 22, Szorzó: 1.000000 Oka: FÕTulaj nem lépett be 24 órája
[23:46:36] [biznisz TILL1: 13] Eredeti összeg: 1,950, Adott: 0, HetiAktivsag: 14, Szorzó 0 oka: nem lépet be 24 órája
[23:46:36] [biznisz TILL2: 13] Eredeti összeg: 1,950, Adott:0, HetiAktivsag: 0, Szorzó: 0.000000 Oka: FÕTulaj nem lépett be 24 órája
[23:46:41] [biznisz TILL1: 13] Eredeti összeg: 1,950, Adott: 0, HetiAktivsag: 14, Szorzó 0 oka: nem lépet be 24 órája
[23:46:41] [biznisz TILL2: 13] Eredeti összeg: 1,950, Adott:0, HetiAktivsag: 0, Szorzó: 0.000000 Oka: FÕTulaj nem lépett be 24 órája
[23:46:45] [biznisz TILL1: 13] Eredeti összeg: 15,000, Adott: 0, HetiAktivsag: 14, Szorzó 0 oka: nem lépet be 24 órája
[23:46:45] [biznisz TILL2: 13] Eredeti összeg: 15,000, Adott:0, HetiAktivsag: 0, Szorzó: 0.000000 Oka: FÕTulaj nem lépett be 24 órája
[23:47:54] [biznisz TILL1: 12] Eredeti összeg: 75,000, Adott: 0, HetiAktivsag: 3, Szorzó 0.000000
[23:49:03] [biznisz TILL1: 4] Eredeti összeg: 39,600, Adott: 39,600, HetiAktivsag: 14, Szorzó 1.000000
[23:49:03] [biznisz TILL2: 4] Eredeti összeg: 400, Adott:0, HetiAktivsag: 10, Szorzó: 1.000000 Oka: ALTulaj nem lépett be 24 órája
[23:50:54] [biznisz TILL1: 14] Eredeti összeg: 15,000, Adott: 15,000, HetiAktivsag: 8, Szorzó 1.000000
[23:50:54] [biznisz TILL1: 14] Eredeti összeg: 15,000, Adott: 15,000, HetiAktivsag: 8, Szorzó 1.000000
[23:51:33] [biznisz TILL1: 13] Eredeti összeg: 240, Adott: 0, HetiAktivsag: 14, Szorzó 0 oka: nem lépet be 24 órája
[23:51:33] [biznisz TILL2: 13] Eredeti összeg: 240, Adott:0, HetiAktivsag: 0, Szorzó: 0.000000 Oka: FÕTulaj nem lépett be 24 órája
[23:51:36] [biznisz TILL1: 13] Eredeti összeg: 240, Adott: 0, HetiAktivsag: 14, Szorzó 0 oka: nem lépet be 24 órája
[23:51:36] [biznisz TILL2: 13] Eredeti összeg: 240, Adott:0, HetiAktivsag: 0, Szorzó: 0.000000 Oka: FÕTulaj nem lépett be 24 órája
[23:52:30] [biznisz TILL1: 6] Eredeti összeg: 162, Adott: 0, HetiAktivsag: 3, Szorzó 0 oka: nem lépet be 24 órája
[23:52:44] [biznisz TILL1: 4] Eredeti összeg: 39,600, Adott: 39,600, HetiAktivsag: 14, Szorzó 1.000000
[23:52:44] [biznisz TILL2: 4] Eredeti összeg: 400, Adott:0, HetiAktivsag: 10, Szorzó: 1.000000 Oka: ALTulaj nem lépett be 24 órája
[23:53:47] [biznisz TILL1: 3] Eredeti összeg: 14,000, Adott: 0, HetiAktivsag: 36, Szorzó 0 oka: nem lépet be 24 órája
[23:53:47] [biznisz TILL2: 3] Eredeti összeg: 3,500, Adott:0, HetiAktivsag: 22, Szorzó: 1.000000 Oka: FÕTulaj nem lépett be 24 órája
[23:54:52] [biznisz TILL1: 6] Eredeti összeg: 170, Adott: 0, HetiAktivsag: 3, Szorzó 0 oka: nem lépet be 24 órája
[23:54:56] [biznisz TILL1: 4] Eredeti összeg: 39,600, Adott: 39,600, HetiAktivsag: 14, Szorzó 1.000000
[23:54:56] [biznisz TILL2: 4] Eredeti összeg: 400, Adott:0, HetiAktivsag: 10, Szorzó: 1.000000 Oka: ALTulaj nem lépett be 24 órája
[23:55:01] [biznisz TILL1: 3] Eredeti összeg: 2,000, Adott: 0, HetiAktivsag: 36, Szorzó 0 oka: nem lépet be 24 órája
[23:55:01] [biznisz TILL2: 3] Eredeti összeg: 500, Adott:0, HetiAktivsag: 22, Szorzó: 1.000000 Oka: FÕTulaj nem lépett be 24 órája
[23:55:30] [biznisz TILL1: 14] Eredeti összeg: 10,000, Adott: 10,000, HetiAktivsag: 8, Szorzó 1.000000
[23:55:30] [biznisz TILL1: 14] Eredeti összeg: 10,000, Adott: 10,000, HetiAktivsag: 8, Szorzó 1.000000
[23:55:30] [biznisz TILL1: 14] Eredeti összeg: 10,000, Adott: 10,000, HetiAktivsag: 8, Szorzó 1.000000
[23:55:30] [biznisz TILL1: 14] Eredeti összeg: 10,000, Adott: 10,000, HetiAktivsag: 8, Szorzó 1.000000
[23:56:22] [biznisz TILL1: 3] Eredeti összeg: 2,800, Adott: 0, HetiAktivsag: 36, Szorzó 0 oka: nem lépet be 24 órája
[23:56:22] [biznisz TILL2: 3] Eredeti összeg: 700, Adott:0, HetiAktivsag: 22, Szorzó: 1.000000 Oka: FÕTulaj nem lépett be 24 órája
[23:59:00] [biznisz TILL1: 3] Eredeti összeg: 26,000, Adott: 0, HetiAktivsag: 36, Szorzó 0 oka: nem lépet be 24 órája
[23:59:00] [biznisz TILL2: 3] Eredeti összeg: 6,500, Adott:0, HetiAktivsag: 22, Szorzó: 1.000000 Oka: FÕTulaj nem lépett be 24 órája
[23:59:49] [biznisz TILL1: 14] Eredeti összeg: 15,000, Adott: 15,000, HetiAktivsag: 8, Szorzó 1.000000
[23:59:49] [biznisz TILL1: 14] Eredeti összeg: 15,000, Adott: 15,000, HetiAktivsag: 8, Szorzó 1.000000
[23:59:49] [biznisz TILL1: 14] Eredeti összeg: 15,000, Adott: 15,000, HetiAktivsag: 8, Szorzó 1.000000
[23:59:49] [biznisz TILL1: 14] Eredeti összeg: 15,000, Adott: 15,000, HetiAktivsag: 8, Szorzó 1.000000
