[00:26:04] [!!FIGYELMEZTETÉS!!]: Jason_Aciano kilett bannolva a rendszer által, oka: Hibás jelszó!
[00:29:10] [!!FIGYELMEZTETÉS!!]: Jack_Bryan kilett bannolva a rendszer által, oka: Hibás jelszó!
[00:36:56] [!!FIGYELMEZTETÉS!!]: Jack_Bryan kilett bannolva a rendszer által, oka: Hibás jelszó!
[01:32:26] ClassRPG: Steve_Aoki ki lett bannolva FiredNox által | Oka: Szerverhírdetés
[06:36:19] [!!FIGYELMEZTETÉS!!]: Gyorgy_Boyka kilett bannolva a rendszer által, oka: Hibás jelszó!
[08:43:23] [!!FIGYELMEZTETÉS!!]: Jax_Teller kilett bannolva a rendszer által, oka: Hibás jelszó!
[09:24:59] [!!FIGYELMEZTETÉS!!]: Ryan_B_Mike kilett bannolva a rendszer által, oka: Hibás jelszó!
[10:28:18] [!!FIGYELMEZTETÉS!!]: Levy_B_Hollywood kilett bannolva a rendszer által, oka: Hibás jelszó!
[10:30:39] [!!FIGYELMEZTETÉS!!]: Patrick_Zecchin kilett bannolva a rendszer által, oka: Hibás jelszó!
[10:35:45] [!!FIGYELMEZTETÉS!!]: Joe_Wheeler kilett bannolva a rendszer által, oka: Hibás jelszó!
[12:29:45] [!!FIGYELMEZTETÉS!!]: Charlie_Harper kilett bannolva a rendszer által, oka: Hibás jelszó!
[12:36:15] [!!FIGYELMEZTETÉS!!]: Freddie_B_Scaletta kilett bannolva a rendszer által, oka: Hibás jelszó!
[15:20:06] [!!FIGYELMEZTETÉS!!]: Bitsch_M_Walker kilett bannolva a rendszer által, oka: Hibás jelszó!
[15:28:24] [!!FIGYELMEZTETÉS!!]: Adam_Brau kilett bannolva a rendszer által, oka: Hibás jelszó!
[15:47:46] [!!FIGYELMEZTETÉS!!]: Adam_Brau kilett bannolva a rendszer által, oka: Hibás jelszó!
[18:10:38] [!!FIGYELMEZTETÉS!!]: Kiraly_Hunor kilett bannolva a rendszer által, oka: Hibás jelszó!
[18:50:44] [!!FIGYELMEZTETÉS!!]: Rick_Ross kilett bannolva a rendszer által, oka: Hibás jelszó!
[18:56:17] [!!FIGYELMEZTETÉS!!]: Lucas_Giovanni kilett bannolva a rendszer által, oka: Hibás jelszó!
[19:31:55] [!!FIGYELMEZTETÉS!!]: Mike_Scaletta kilett bannolva a rendszer által, oka: Hibás jelszó!
[19:48:27] ClassRPG: Sidney_Tribiani ki lett bannolva Mike által 1 hétre
[19:48:27] ClassRPG: Oka: Akkor pihizz kicsit
[20:03:24] [!!FIGYELMEZTETÉS!!]: Jack_Jhonson kilett bannolva a rendszer által, oka: Hibás jelszó!
[21:02:01] ClassRPG: Carlos_D_Garcia ki lett bannolva Krisztofer_Vincenzo által | Oka: Karakter kereskedelem.
[21:12:13] ClassRPG: Markus_D_Zecchin ki lett bannolva Mike által | Oka: Adminszidás (Patrik)
[21:18:35] [!!FIGYELMEZTETÉS!!]: Lundqvist_Sedin kilett bannolva a rendszer által, oka: Hibás jelszó!
[21:34:54] [!!FIGYELMEZTETÉS!!]: Thomas_Davis kilett bannolva a rendszer által, oka: Hibás jelszó!
[21:37:28] [!!FIGYELMEZTETÉS!!]: Gyorgy_Boyka kilett bannolva a rendszer által, oka: Hibás jelszó!
[21:39:51] [!!FIGYELMEZTETÉS!!]: Lundqvist_Sedin kilett bannolva a rendszer által, oka: Hibás jelszó!
[22:00:42] ClassRPG: Kiraly_Viktor ki lett bannolva Mike által 1 hétre
[22:00:42] ClassRPG: Oka: Nonos hírdetés
[22:42:26] [!!FIGYELMEZTETÉS!!]: Carl_Johansen kilett bannolva a rendszer által, oka: Hibás jelszó!
[22:47:23] ClassRPG: Joe_Sakic ki lett bannolva Dolph által | Oka: Henrik_Sedin
[23:11:36] [!!FIGYELMEZTETÉS!!]: Kevin_Whers kilett bannolva a rendszer által, oka: Hibás jelszó!
