[00:48:31] [!!FIGYELMEZTETÉS!!]: Daryl_Aciano kilett bannolva a rendszer által, oka: Hibás jelszó!
[09:02:49] [!!FIGYELMEZTETÉS!!]: Roonie_B_Freeman kilett bannolva a rendszer által, oka: Hibás jelszó!
[09:26:02] [!!FIGYELMEZTETÉS!!]: James_Aciano kilett bannolva a rendszer által, oka: Hibás jelszó!
[09:36:06] [!!FIGYELMEZTETÉS!!]: Bryan_B_Hollywood kilett bannolva a rendszer által, oka: Hibás jelszó!
[09:44:58] [!!FIGYELMEZTETÉS!!]: Henrik_T_Scaletta kilett bannolva a rendszer által, oka: Hibás jelszó!
[10:30:35] [!!FIGYELMEZTETÉS!!]: Bryan_B_Hollywood kilett bannolva a rendszer által, oka: Hibás jelszó!
[12:24:40] ClassRPG: Jack_L_White ki lett bannolva Amos_Toretto által 1 napra
[12:24:40] ClassRPG: Oka: gondol át a "rendes"-t még egyszer...
[13:40:28] ClassRPG: Diaz_Freeman ki lett bannolva Hizusu által 2 napra
[13:40:28] ClassRPG: Oka: Flood
[14:42:30] [!!FIGYELMEZTETÉS!!]: George_Bush kilett bannolva a rendszer által, oka: Hibás jelszó!
[15:49:00] [!!FIGYELMEZTETÉS!!]: Valentin_B_Hall kilett bannolva a rendszer által, oka: Hibás jelszó!
[18:17:41] [!!FIGYELMEZTETÉS!!]: Don_Sorrentino kilett bannolva a rendszer által, oka: Hibás jelszó!
[18:36:22] [!!FIGYELMEZTETÉS!!]: Charlie_Harper kilett bannolva a rendszer által, oka: Hibás jelszó!
[18:41:13] [!!FIGYELMEZTETÉS!!]: Torres_Butler kilett bannolva a rendszer által, oka: Hibás jelszó!
[18:46:31] [!!FIGYELMEZTETÉS!!]: Phil_Stinson kilett bannolva a rendszer által, oka: Hibás jelszó!
[18:57:51] [!!FIGYELMEZTETÉS!!]: Costa_Miles kilett bannolva a rendszer által, oka: Hibás jelszó!
[20:05:29] [!!FIGYELMEZTETÉS!!]: Matthew_Queen kilett bannolva a rendszer által, oka: Hibás jelszó!
[20:34:40] [!!FIGYELMEZTETÉS!!]: Vin_Alpacino kilett bannolva a rendszer által, oka: Hibás jelszó!
[20:47:45] [!!FIGYELMEZTETÉS!!]: Damien_Q_Carcassone kilett bannolva a rendszer által, oka: Hibás jelszó!
[20:48:57] [!!FIGYELMEZTETÉS!!]: Tom_Camorra kilett bannolva a rendszer által, oka: Hibás jelszó!
[21:00:02] [!!FIGYELMEZTETÉS!!]: Kitty_Soprano kilett bannolva a rendszer által, oka: Hibás jelszó!
[21:05:49] [!!FIGYELMEZTETÉS!!]: Jessica_Carter kilett bannolva a rendszer által, oka: Hibás jelszó!
[21:13:44] [!!FIGYELMEZTETÉS!!]: Frank_Smatt kilett bannolva a rendszer által, oka: Hibás jelszó!
[21:14:47] [!!FIGYELMEZTETÉS!!]: Mike_Aitken kilett bannolva a rendszer által, oka: Hibás jelszó!
[23:45:13] [!!FIGYELMEZTETÉS!!]: Nunez_Aveiro kilett bannolva a rendszer által, oka: Hibás jelszó!
