[10:01:32] ClassRPG: Matteo_Zecchin ki lett rúgva Ralf_S_Tomasso által | Oka: relog bugolsz (10-26-2014)
[10:34:59] ClassRPG: Nelson_Washington kirúgva a rendszer által | Oka: Parancs flood
[12:38:24] ClassRPG: James_D_Ryan kirúgva a rendszer által | Oka: Parancs flood
[14:48:57] ClassRPG: Sidney_Tribiani ki lett rúgva Marcell_O_Neill által | Oka: Nyugi!!!! (10-26-2014)
[15:15:18] ClassRPG: Henry_Tomasino ki lett rúgva Nagato_Brasco által | Oka: Relog bugolsz (10-26-2014)
[15:56:05] ClassRPG: Jerry_Hooward kirúgva egy Adminsegéd(Vito_D_Brasco) által | Oka: Moderáld magad (10-26-2014)
[16:10:12] ClassRPG: David_Toretto ki lett rúgva Nagato_Brasco által | Oka: De nem GOV-ba (10-26-2014)
[16:22:46] ClassRPG: Tom_Torres kirúgva a rendszer által | Oka: Parancs flood
[16:24:55] ClassRPG: Dr_Bartos_Krisztian ki lett rúgva Connor_O_Neill által | Oka: Ne hirdesd magad (10-26-2014)
[16:55:33] ClassRPG: Jerry_Hooward ki lett rúgva Connor_O_Neill által | Oka: Normálisan (10-26-2014)
[16:57:35] ClassRPG: Steve_Aoki ki lett rúgva Patrik_O_Neill által | Oka: Fogd vissza magad! (10-26-2014)
[17:07:13] ClassRPG: Robert_Scaletta kirúgva a rendszer által | Oka: Parancs flood
[17:08:51] ClassRPG: Greg_S_Sureyya kirúgva a rendszer által | Oka: Parancs flood
[17:18:51] ClassRPG: Carlos_D_Surenos ki lett rúgva Connor_O_Neill által | Oka: Ott nem (10-26-2014)
[17:31:12] ClassRPG: Lorand_Vincenzo kirúgva a rendszer által | Oka: Parancs flood
[17:36:01] ClassRPG: Mark_Bishop kirúgva a rendszer által | Oka: Parancs flood
[17:54:20] ClassRPG: Hanzon_Soprano kirúgva a rendszer által | Oka: Parancs flood
[17:57:27] ClassRPG: Jerry_Hooward ki lett rúgva Patrik_O_Neill által | Oka: Relog, Buggolsz (10-26-2014)
[18:17:02] ClassRPG: Dave_R_Vincenzo kirúgva a rendszer által | Oka: [WAR]  Drogozás war közben!
[19:03:07] ClassRPG: Mester_Csaba kirúgva a rendszer által | Oka: Parancs flood
[19:48:50] ClassRPG: Norbert_N_Ortega ki lett rúgva Connor_O_Neill által | Oka: Relog, bugolsz (10-26-2014)
[20:04:19] ClassRPG: Hugo_Toretto ki lett rúgva Krisztofer_Vincenzo által | Oka: relog buggolsz (10-26-2014)
[22:24:39] ClassRPG: Jasen_T_Asad kirúgva a rendszer által | Oka: Parancs flood
[22:24:44] ClassRPG: Akos_White kirúgva a rendszer által | Oka: Parancs flood
[22:24:47] ClassRPG: Horvath_Adrian kirúgva a rendszer által | Oka: Parancs flood
[22:39:19] ClassRPG: Joker_Creed ki lett rúgva Krisztofer_Vincenzo által | Oka: relog buggolsz (10-26-2014)
[23:07:14] ClassRPG: David_Toretto ki lett rúgva Archie_B_Hollywood által | Oka: Rpsen hírdess (10-26-2014)
