[00:03:48] ClassRPG: Kevin_R_Sorrentino ki lett rúgva Milinte_Brasco által | Oka: ne hírdesd magad (10-12-2014)
[00:26:21] ClassRPG: Oberth_Andras ki lett rúgva Milinte_Brasco által | Oka: relog bugolsz (10-12-2014)
[00:32:39] ClassRPG: Oberth_Andras ki lett rúgva Milinte_Brasco által | Oka: ne funolj (10-12-2014)
[10:31:17] [23]Sergei_B_Dueno kirúgva, kliens hiánya miatt
[10:34:53] ClassRPG: Jason_Toretto ki lett rúgva Milinte_Brasco által | Oka: IRL se csinálnád meg. (10-12-2014)
[11:00:54] [42]Hugo_Sanchez kirúgva, kliens hiánya miatt
[12:00:31] ClassRPG: Diego_Aciano ki lett rúgva Connor_O_Neill által | Oka: NonRP-s vezetés (10-12-2014)
[12:57:14] ClassRPG: Harry_F_Black kirúgva a rendszer által | Oka: Parancs flood
[13:24:07] ClassRPG: Kevin_R_Sorrentino kirúgva egy Adminsegéd(Connor_O_Neill) által | Oka: /me? (10-12-2014)
[15:46:32] ClassRPG: Vlad_D_Dueno kirúgva a rendszer által | Oka: Parancs flood
[16:07:10] ClassRPG: Krisztofer_Vincenzo kirúgva a rendszer által | Oka: Parancs flood
[16:07:33] ClassRPG: James_Creed kirúgva a rendszer által | Oka: Parancs flood
[18:25:19] ClassRPG: Diego_Aciano ki lett rúgva Milinte_Brasco által | Oka: Ilyen hírdetést ne. (10-12-2014)
[18:35:20] ClassRPG: Thomas_Berzerk ki lett rúgva Connor_O_Neill által | Oka: NonRP-s vezetés (10-12-2014)
[19:15:42] ClassRPG: Jin_Sorrentino ki lett rúgva Nagato_Brasco által | Oka: Szépen is lehet... (10-12-2014)
[19:22:44] ClassRPG: Daniel_Scaletta ki lett rúgva Nagato_Brasco által | Oka: Mennie kellett. (10-12-2014)
[19:33:08] [55]Milinte_Brasco kirúgva, kliens hiánya miatt
[20:35:13] [17]Vin_Alpacino kirúgva, kliens hiánya miatt
[21:25:31] ClassRPG: Algernon_Youngmay kirúgva egy Adminsegéd(Connor_O_Neill) által | Oka: /me? (10-12-2014)
[21:42:40] ClassRPG: Adam_Koperecz ki lett rúgva Connor_O_Neill által | Oka: NonRP-s vezetés (10-12-2014)
[21:50:25] ClassRPG: Hajdu_Ubul ki lett rúgva Patrik_O_Neill által | Oka: Nonos hírdetés (10-12-2014)
[21:59:12] ClassRPG: Hajdu_Ubul ki lett rúgva Milinte_Brasco által | Oka: Ne itt.. Fejezd be ezt! (10-12-2014)
