[00:09:30] ClassRPG: Johny_Morales ki lett rúgva Krisztofer_Vincenzo által | Oka: Relog buggolsz (10-28-2014)
[01:12:43] ClassRPG: Santos_O_Neill ki lett rúgva Marcell_O_Neill által | Oka: hé (10-28-2014)
[01:20:59] ClassRPG: Santos_O_Neill ki lett rúgva Marcell_O_Neill által | Oka: csá (10-28-2014)
[01:22:08] ClassRPG: Costa_Miles ki lett rúgva Nagato_Brasco által | Oka: Kérésre, aludj jól... (Rém álmokat kivánok) (10-28-2014)
[01:25:57] ClassRPG: Johny_Morales kirúgva a rendszer által | Oka: Parancs flood
[10:06:37] ClassRPG: Jimmy_Doherty kirúgva rendszer által | Oka: Cheat [CJ]
[11:24:40] ClassRPG: Denny_Toretto kirúgva a rendszer által | Oka: Parancs flood
[11:37:24] ClassRPG: Patrick_Zecchin kirúgva a rendszer által | Oka: Parancs flood
[11:37:57] ClassRPG: Nick_R_Wilson kirúgva a rendszer által | Oka: Parancs flood
[14:44:13] ClassRPG: Fekete_Erik kirúgva a rendszer által | Oka: Parancs flood
[16:00:00] ClassRPG: Henrik_Sedin kirúgva egy Adminsegéd(Connor_O_Neill) által | Oka: Taxival hanyagold (10-28-2014)
[16:04:55] ClassRPG: James_Harris kirúgva a rendszer által | Oka: AdminJailból szökési kísérlet!
[16:09:36] ClassRPG: Don_Sorrentino ki lett rúgva Nagato_Brasco által | Oka: Figyelj a PM-ekre. (10-28-2014)
[16:50:57] ClassRPG: Keny_Da_Silva kirúgva a rendszer által | Oka: Parancs flood
[17:19:28] ClassRPG: Ryan_Lennox ki lett rúgva Edie_Morra által | Oka: Relog buggolsz (10-28-2014)
[17:21:46] ClassRPG: Cristofer_Francesko ki lett rúgva Connor_O_Neill által | Oka: /d nincs OOC (10-28-2014)
[18:20:41] ClassRPG: Cristofer_Francesko ki lett rúgva Nagato_Brasco által | Oka: Még mindig IC rádió az IRC (10-28-2014)
[19:09:12] ClassRPG: Kazuyoshi_Akira kirúgva a rendszer által | Oka: Parancs flood
[19:09:26] ClassRPG: Ryan_B_Mike kirúgva a rendszer által | Oka: Parancs flood
[19:27:26] ClassRPG: Niki_Freeman ki lett rúgva Archie_B_Hollywood által | Oka: normálisan beszélj reporton (10-28-2014)
[19:50:53] ClassRPG: James_Creed ki lett rúgva Krisztofer_Vincenzo által | Oka: Relog buggolsz (10-28-2014)
[19:54:42] ClassRPG: Lesley_Antony kirúgva a rendszer által | Oka: AdminJailból szökési kísérlet!
[19:56:39] ClassRPG: Sidney_Tribiani kirúgva egy Adminsegéd(Krist_Roscoe) által | Oka: NRT, nem erre való (10-28-2014)
[20:24:55] ClassRPG: Carl_J_Creed kirúgva a rendszer által | Oka: Parancs flood
[20:27:09] ClassRPG: John_Kelin kirúgva a rendszer által | Oka: Parancs flood
[20:53:48] ClassRPG: Freddy_Walker ki lett rúgva Patrik_O_Neill által | Oka: Relog, Buggolsz (10-28-2014)
[20:55:11] ClassRPG: Wolczyk_T_Sorrentino ki lett rúgva Patrik_O_Neill által | Oka: Relog, Buggolsz (10-28-2014)
[21:15:58] ClassRPG: Danno_Derossi ki lett rúgva Connor_O_Neill által | Oka: Nyugi (10-28-2014)
[21:28:57] ClassRPG: Mate_Richard ki lett rúgva Connor_O_Neill által | Oka: Okosan (10-28-2014)
[21:30:39] ClassRPG: Ventura_Zecchin kirúgva a rendszer által | Oka: Parancs flood
[21:44:49] ClassRPG: John_Kelin ki lett rúgva Patrik_O_Neill által | Oka: Relog_Buggolsz (10-28-2014)
[22:06:45] ClassRPG: Javier_B_Hollywood ki lett rúgva Patrik_O_Neill által | Oka: Relog, Buggolsz (10-28-2014)
[22:22:32] ClassRPG: Johny_Morales kirúgva a rendszer által | Oka: Parancs flood
[22:41:54] ClassRPG: Zero_Hopkins ki lett rúgva Keny_Eastwood által | Oka: reloggolj (10-28-2014)
