[00:01:34] ClassRPG: Emanuel_Garcia kirúgva a rendszer által | Oka: AdminJailból szökési kísérlet!
[00:09:00] ClassRPG: Kevin_L_Saltzman kirúgva a rendszer által | Oka: Parancs flood
[00:34:02] ClassRPG: Levy_B_Hollywood ki lett rúgva Connor_O_Neill által | Oka: NonRP-s vezetés.. (11-1-2014)
[00:54:24] ClassRPG: Jim_Handerson ki lett rúgva Connor_O_Neill által | Oka: relog, bugolsz (11-1-2014)
[01:36:25] ClassRPG: Rick_Aciano ki lett rúgva Connor_O_Neill által | Oka: gratulálok (11-1-2014)
[02:08:17] ClassRPG: Jason_Surenos ki lett rúgva Hizusu_Zisiku által | Oka: Töröld le, addig vissza se gyere! (11-1-2014)
[03:13:53] ClassRPG: Tom_Torres ki lett rúgva Patrik_O_Neill által | Oka: Relog, Buggolsz (11-1-2014)
[08:15:09] ClassRPG: Charlie_Leanders kirúgva a rendszer által | Oka: Parancs flood
[08:18:03] ClassRPG: Dave_R_Vincenzo kirúgva a rendszer által | Oka: Parancs flood
[08:36:55] ClassRPG: Tyler_Wish kirúgva a rendszer által | Oka: Parancs flood
[10:14:00] ClassRPG: Bart_S_Tomasso kirúgva a rendszer által | Oka: Parancs flood
[10:29:24] ClassRPG: Donald_Stacks ki lett rúgva Keny_Eastwood által | Oka: Válogasd meg a szavaid (11-1-2014)
[10:36:34] ClassRPG: Donald_Stacks ki lett rúgva Keny_Eastwood által | Oka: Olvass szabályzatot (11-1-2014)
[11:02:20] ClassRPG: Charlie_Leanders ki lett rúgva Keny_Eastwood által | Oka: reloggolj bugolsz (11-1-2014)
[12:36:55] ClassRPG: Jack_Thomson kirúgva a rendszer által | Oka: Parancs flood
[13:45:05] ClassRPG: Szabo_Balazs ki lett rúgva Milinte_Brasco által | Oka: relog bugolsz (11-1-2014)
[15:26:58] ClassRPG: Oliver_Hizrics ki lett rúgva Marcell_O_Neill által | Oka: Almafarmos kocsi nem erre való! (11-1-2014)
[16:45:51] ClassRPG: Jimmy_Doherty ki lett rúgva Keny_Eastwood által | Oka: relogg bugolsz (11-1-2014)
[16:57:04] ClassRPG: John_Salivan kirúgva a rendszer által | Oka: Parancs flood
[17:45:14] ClassRPG: Nick_R_Wilson kirúgva a rendszer által | Oka: Parancs flood
[18:16:41] ClassRPG: Jackob_Shirton ki lett rúgva Connor_O_Neill által | Oka: okosan (11-1-2014)
[18:24:54] ClassRPG: Keny_Da_Silva kirúgva a rendszer által | Oka: Parancs flood
[18:25:23] ClassRPG: Stefan_Aciano kirúgva a rendszer által | Oka: Parancs flood
[18:30:22] ClassRPG: James_Creed kirúgva a rendszer által | Oka: Parancs flood
[18:43:51] ClassRPG: Zack_B_Zecchin kirúgva a rendszer által | Oka: Parancs flood
[19:44:50] ClassRPG: Daniel_Sedin ki lett rúgva Mike_O_Neill által | Oka: ne hírdesd magad (11-1-2014)
[20:24:22] ClassRPG: Natalia_Inferno ki lett rúgva Mike_O_Neill által | Oka: Relog, bugolsz (11-1-2014)
[21:06:10] ClassRPG: Ventura_Zecchin ki lett rúgva Hizusu_Zisiku által | Oka: Bejelentési indok legyen normális (11-1-2014)
[21:10:45] ClassRPG: Markus_D_Zecchin ki lett rúgva Patrik_O_Neill által | Oka: Szépen! (11-1-2014)
[21:34:11] ClassRPG: Joker_Creed ki lett rúgva Connor_O_Neill által | Oka: Okosan beszélj (11-1-2014)
[21:50:04] ClassRPG: Mate_Richard ki lett rúgva Connor_O_Neill által | Oka: Ott nem utazol! (11-1-2014)
[21:53:31] ClassRPG: Matt_Creed ki lett rúgva Dolph_F_Gates által | Oka: jobban fogalmazd meg  ahírdetést (11-1-2014)
[21:57:21] ClassRPG: Oze_Roland ki lett rúgva Connor_O_Neill által | Oka: mi a fenét csinálsz? (11-1-2014)
[22:00:26] ClassRPG: Kiraly_Hunor ki lett rúgva Connor_O_Neill által | Oka: tessék? (11-1-2014)
[22:03:16] ClassRPG: John_Salivan ki lett rúgva Connor_O_Neill által | Oka: Ott nem utazol.. (11-1-2014)
[22:41:16] ClassRPG: Darius_N_Ortega ki lett rúgva Connor_O_Neill által | Oka: Ha visszajössz szépen visszapakolod az összeset (11-1-2014)
[22:53:20] ClassRPG: Stefan_D_Zecchin kirúgva egy Adminsegéd(Connor_O_Neill) által | Oka: Ne cukkold a rendõrt (11-1-2014)
[22:58:22] ClassRPG: Kiraly_Tamas ki lett rúgva Connor_O_Neill által | Oka: Hagyd abba (11-1-2014)
[22:59:01] ClassRPG: Rick_Aciano kirúgva egy Adminsegéd(Tyler_Wish) által | Oka: NoNRPs vezetés (11-1-2014)
[22:59:57] ClassRPG: Jack_Thomson kirúgva egy Adminsegéd(Tyler_Wish) által | Oka: Forgalmas helyen való rablás (11-1-2014)
[23:59:04] ClassRPG: Kevin_Whers ki lett rúgva Connor_O_Neill által | Oka: Ott nem mész fel (11-1-2014)
