[00:29:10] ClassRPG: James_Harris ki lett rúgva Nagato_Brasco által | Oka: Ez itt a ClassRPG (10-27-2014)
[01:50:50] ClassRPG: Valor_Colin ki lett rúgva Nagato_Brasco által | Oka: Kicsit bugolsz. Relog. :) (10-27-2014)
[01:53:49] ClassRPG: Nick_Vitale kirúgva a rendszer által | Oka: Parancs flood
[10:18:20] ClassRPG: Dave_R_Vincenzo kirúgva a rendszer által | Oka: Parancs flood
[10:40:22] ClassRPG: Jason_Aciano kirúgva rendszer által | Oka: Cheat [CJ]
[12:21:40] ClassRPG: James_Creed kirúgva a rendszer által | Oka: Parancs flood
[12:54:53] ClassRPG: Akos_White ki lett rúgva Jason_Toretto által | Oka: /skick
[13:13:44] ClassRPG: Joker_Creed kirúgva a rendszer által | Oka: Parancs flood
[13:23:51] ClassRPG: Ernesto_Surenos ki lett rúgva Krisztofer_Vincenzo által | Oka: relog buggolsz (10-27-2014)
[13:45:35] ClassRPG: Damien_Creed ki lett rúgva Ralf_S_Tomasso által | Oka: relog bugolsz (10-27-2014)
[14:11:23] ClassRPG: Pekano_S_Barett kirúgva egy Adminsegéd(Grew_Brasco) által | Oka: railrpg (10-27-2014)
[14:17:04] ClassRPG: Levy_B_Hollywood ki lett rúgva Jason_Toretto által | Oka: relog (10-27-2014)
[14:55:42] ClassRPG: Mateusz_M_Walker kirúgva a rendszer által | Oka: Parancs flood
[14:57:41] ClassRPG: Victor_Gonzales ki lett rúgva Patrik_O_Neill által | Oka: Relog, Buggolsz (10-27-2014)
[15:34:12] ClassRPG: Dukai_Roland ki lett rúgva Patrik_O_Neill által | Oka: ugy nem közlekedsz (10-27-2014)
[16:14:18] ClassRPG: Oliver_Aciano ki lett rúgva Nagato_Brasco által | Oka: Szépen! (10-27-2014)
[16:17:12] ClassRPG: Greg_S_Sureyya ki lett rúgva Krisztofer_Vincenzo által | Oka: relog buggolsz (10-27-2014)
[16:25:44] ClassRPG: Steve_Aoki ki lett rúgva Nagato_Brasco által | Oka: Tanulj meg beszélni.. (10-27-2014)
[16:38:02] ClassRPG: Antonn_Fedorov ki lett rúgva Krisztofer_Vincenzo által | Oka: Relog buggolsz (10-27-2014)
[16:09:16] ClassRPG: Stefan_Berger ki lett rúgva Krisztofer_Vincenzo által | Oka: moderáld magad OOC! (10-27-2014)
[16:48:27] ClassRPG: Kevin_S_Tomasso ki lett rúgva Jason_Toretto által | Oka: /skick
[16:55:41] ClassRPG: Joe_Gates ki lett rúgva Ralf_S_Tomasso által | Oka: Rp-sen vezess (10-27-2014)
[17:40:50] ClassRPG: Max_Navarro ki lett rúgva Connor_O_Neill által | Oka: Relog, bugolsz (10-27-2014)
[18:25:14] ClassRPG: Drew_B_Dueno ki lett rúgva Nagato_Brasco által | Oka: Menj flegmázz máshol ne itt! (10-27-2014)
[18:58:49] ClassRPG: Mark_Bishop kirúgva a rendszer által | Oka: Parancs flood
[19:41:33] ClassRPG: Diaz_Freeman ki lett rúgva Nagato_Brasco által | Oka: Szépen beszélj már légyszives. (10-27-2014)
[19:52:55] ClassRPG: Lucio_Zecchin ki lett rúgva John_B_Hollywood által | Oka: Nem kell Floodolni. (10-27-2014)
[21:15:56] ClassRPG: Lorand_Vincenzo kirúgva a rendszer által | Oka: Parancs flood
[21:29:55] ClassRPG: Calvin_C_Broadus ki lett rúgva Krisztofer_Vincenzo által | Oka: relog buggolsz (10-27-2014)
[21:33:26] ClassRPG: Sergei_B_Dueno kirúgva a rendszer által | Oka: Parancs flood
[21:50:06] ClassRPG: Johny_Morales ki lett rúgva Krisztofer_Vincenzo által | Oka: Moderáld magad (10-27-2014)
[22:02:51] ClassRPG: Steve_Aoki ki lett rúgva Krisztofer_Vincenzo által | Oka: Moderáld magad, következõ nem kick lesz (10-27-2014)
[23:06:58] ClassRPG: William_Cortez kirúgva egy Adminsegéd(Connor_O_Neill) által | Oka: Capf off (10-27-2014)
[23:19:37] ClassRPG: Phil_Stinson kirúgva egy Adminsegéd(Connor_O_Neill) által | Oka: Ne hirdesd magad (10-27-2014)
[23:52:14] ClassRPG: Gaspar_David ki lett rúgva Krisztofer_Vincenzo által | Oka: relog buggolsz (10-27-2014)
